[2023-08-29T11:01:09.592832-03:00] log.DEBUG: 400 Bad Request Type: Slim\Exception\HttpBadRequestException Code: 400 Message: Invalid post request File: /var/www/Subastas2021/src/PermissionMiddleware.php Line: 115 Trace: #0 /var/www/Subastas2021/vendor/slim/slim/Slim/MiddlewareDispatcher.php(168): PHPMaker2021\Subastas2021\PermissionMiddleware->__invoke() #1 /var/www/Subastas2021/vendor/slim/slim/Slim/MiddlewareDispatcher.php(65): Psr\Http\Server\RequestHandlerInterface@anonymous->handle() #2 /var/www/Subastas2021/vendor/slim/slim/Slim/MiddlewareDispatcher.php(65): Slim\MiddlewareDispatcher->handle() #3 /var/www/Subastas2021/vendor/slim/slim/Slim/Routing/Route.php(315): Slim\MiddlewareDispatcher->handle() #4 /var/www/Subastas2021/vendor/slim/slim/Slim/Routing/RouteRunner.php(68): Slim\Routing\Route->run() #5 /var/www/Subastas2021/vendor/slim/slim/Slim/Middleware/BodyParsingMiddleware.php(64): Slim\Routing\RouteRunner->handle() #6 /var/www/Subastas2021/vendor/slim/slim/Slim/MiddlewareDispatcher.php(121): Slim\Middleware\BodyParsingMiddleware->process() #7 /var/www/Subastas2021/src/CorsMiddleware.php(32): Psr\Http\Server\RequestHandlerInterface@anonymous->handle() #8 /var/www/Subastas2021/vendor/slim/slim/Slim/MiddlewareDispatcher.php(121): PHPMaker2021\Subastas2021\CorsMiddleware->process() #9 /var/www/Subastas2021/vendor/slim/slim/Slim/Middleware/RoutingMiddleware.php(45): Psr\Http\Server\RequestHandlerInterface@anonymous->handle() #10 /var/www/Subastas2021/vendor/slim/slim/Slim/MiddlewareDispatcher.php(121): Slim\Middleware\RoutingMiddleware->process() #11 /var/www/Subastas2021/vendor/selective/samesite-cookie/src/SameSiteCookieMiddleware.php(52): Psr\Http\Server\RequestHandlerInterface@anonymous->handle() #12 /var/www/Subastas2021/vendor/slim/slim/Slim/MiddlewareDispatcher.php(121): Selective\SameSiteCookie\SameSiteCookieMiddleware->process() #13 /var/www/Subastas2021/vendor/selective/samesite-cookie/src/SameSiteSessionMiddleware.php(44): Psr\Http\Server\RequestHandlerInterface@anonymous->handle() #14 /var/www/Subastas2021/vendor/slim/slim/Slim/MiddlewareDispatcher.php(121): Selective\SameSiteCookie\SameSiteSessionMiddleware->process() #15 /var/www/Subastas2021/vendor/slim/slim/Slim/Middleware/ErrorMiddleware.php(76): Psr\Http\Server\RequestHandlerInterface@anonymous->handle() #16 /var/www/Subastas2021/vendor/slim/slim/Slim/MiddlewareDispatcher.php(121): Slim\Middleware\ErrorMiddleware->process() #17 /var/www/Subastas2021/vendor/slim/slim/Slim/MiddlewareDispatcher.php(65): Psr\Http\Server\RequestHandlerInterface@anonymous->handle() #18 /var/www/Subastas2021/vendor/slim/slim/Slim/App.php(199): Slim\MiddlewareDispatcher->handle() #19 /var/www/Subastas2021/vendor/slim/slim/Slim/App.php(183): Slim\App->handle() #20 /var/www/Subastas2021/index.php(116): Slim\App->run() #21 {main} Tips: To display error details in HTTP response set "displayErrorDetails" to true in the ErrorHandler constructor. [] []
[2023-08-29T11:10:32.940385-03:00] log.DEBUG: SELECT * FROM `usuarios` WHERE (`usuario` = 'diegor') {"params":[],"types":[],"executionMS":0.0009458065032958984} []
[2023-08-29T11:10:32.941710-03:00] log.DEBUG: SELECT * FROM `usuarios` WHERE (`usuario` = 'diegor') AND (`activo` = 1) {"params":[],"types":[],"executionMS":0.0005891323089599609} []
[2023-08-29T11:10:32.942699-03:00] log.DEBUG: SELECT * FROM `usuarios` WHERE (`usuario` = 'diegor') {"params":[],"types":[],"executionMS":0.0005018711090087891} []
[2023-08-29T11:10:32.943740-03:00] log.DEBUG: UPDATE `usuarios` SET `perfil` = ? WHERE (`usuario` = 'diegor') {"params":{"1":"a:10:{s:15:\"LoginRetryCount\";i:0;s:20:\"LastBadLoginDateTime\";s:19:\"2023/08/07 14:24:48\";s:23:\"LastPasswordChangedDate\";s:10:\"2023/08/06\";s:6:\"codnum\";i:38;s:7:\"usuario\";s:6:\"diegor\";s:6:\"nombre\";s:13:\"Diego Ranieri\";s:5:\"nivel\";i:-1;s:5:\"email\";s:0:\"\";s:6:\"perfil\";s:0:\"\";s:6:\"activo\";i:1;}"},"types":{"1":2},"executionMS":0.0006270408630371094} []
[2023-08-29T11:10:32.944614-03:00] log.DEBUG: SELECT * FROM `usuarios` WHERE (`usuario` = 'diegor') {"params":[],"types":[],"executionMS":0.0005018711090087891} []
[2023-08-29T11:10:32.945989-03:00] log.DEBUG: SELECT * FROM `usuarios` WHERE (`usuario` = 'diegor') {"params":[],"types":[],"executionMS":0.0005199909210205078} []
[2023-08-29T11:28:30.713427-03:00] log.DEBUG: SELECT COUNT(*) FROM `concafactven` {"params":[],"types":[],"executionMS":0.0012950897216796875} []
[2023-08-29T11:28:30.714602-03:00] log.DEBUG: SELECT * FROM `concafactven` LIMIT 20 {"params":[],"types":[],"executionMS":0.0007750988006591797} []
[2023-08-29T13:29:07.726005-03:00] log.DEBUG: SELECT COUNT(*) FROM `paises` {"params":[],"types":[],"executionMS":0.0012919902801513672} []
[2023-08-29T13:29:07.727129-03:00] log.DEBUG: SELECT `codnum` AS `lf`, `descripcion` AS `df`, '' AS `df2`, '' AS `df3`, '' AS `df4` FROM `paises` ORDER BY `descripcion` ASC {"params":[],"types":[],"executionMS":0.0008299350738525391} []
[2023-08-29T13:29:07.728659-03:00] log.DEBUG: SELECT COUNT(*) FROM `provincias` {"params":[],"types":[],"executionMS":0.001007080078125} []
[2023-08-29T13:29:07.729557-03:00] log.DEBUG: SELECT `codnum` AS `lf`, `descripcion` AS `df`, '' AS `df2`, '' AS `df3`, '' AS `df4`, `codpais` AS `ff` FROM `provincias` ORDER BY `descripcion` ASC {"params":[],"types":[],"executionMS":0.0008261203765869141} []
[2023-08-29T13:29:07.731440-03:00] log.DEBUG: SELECT COUNT(*) FROM `localidades` {"params":[],"types":[],"executionMS":0.001190185546875} []
[2023-08-29T13:29:07.732555-03:00] log.DEBUG: SELECT COUNT(*) FROM `tipoenti` {"params":[],"types":[],"executionMS":0.000762939453125} []
[2023-08-29T13:29:07.733111-03:00] log.DEBUG: SELECT `codnum` AS `lf`, `descripcion` AS `df`, '' AS `df2`, '' AS `df3`, '' AS `df4` FROM `tipoenti` ORDER BY `descripcion` ASC {"params":[],"types":[],"executionMS":0.0004839897155761719} []
[2023-08-29T13:29:07.734200-03:00] log.DEBUG: SELECT COUNT(*) FROM `tipoiva` {"params":[],"types":[],"executionMS":0.0007009506225585938} []
[2023-08-29T13:29:07.734844-03:00] log.DEBUG: SELECT `codnum` AS `lf`, `descrip` AS `df`, '' AS `df2`, '' AS `df3`, '' AS `df4` FROM `tipoiva` ORDER BY `descrip` ASC {"params":[],"types":[],"executionMS":0.0005691051483154297} []
[2023-08-29T13:29:07.736309-03:00] log.DEBUG: SELECT COUNT(*) FROM `calificacion` {"params":[],"types":[],"executionMS":0.001068115234375} []
[2023-08-29T13:29:07.736852-03:00] log.DEBUG: SELECT `codnum` AS `lf`, `descripcion` AS `df`, '' AS `df2`, '' AS `df3`, '' AS `df4` FROM `calificacion` ORDER BY `descripcion` ASC {"params":[],"types":[],"executionMS":0.0004730224609375} []
[2023-08-29T13:29:07.737950-03:00] log.DEBUG: SELECT COUNT(*) FROM `tipoindustria` {"params":[],"types":[],"executionMS":0.0006887912750244141} []
[2023-08-29T13:29:07.739126-03:00] log.DEBUG: SELECT `codnum` AS `lf`, `nomre` AS `df`, '' AS `df2`, '' AS `df3`, '' AS `df4` FROM `tipoindustria` ORDER BY `nomre` ASC {"params":[],"types":[],"executionMS":0.001096963882446289} []
[2023-08-29T13:29:07.744948-03:00] log.DEBUG: SELECT COUNT(*) FROM `entidades` {"params":[],"types":[],"executionMS":0.00308990478515625} []
[2023-08-29T13:29:07.746021-03:00] log.DEBUG: SELECT * FROM `entidades` LIMIT 20 {"params":[],"types":[],"executionMS":0.0007290840148925781} []
[2023-08-29T13:29:07.749163-03:00] log.DEBUG: SELECT `codnum` AS `lf`, `descripcion` AS `df`, '' AS `df2`, '' AS `df3`, '' AS `df4` FROM `localidades` WHERE `codnum` = 413 ORDER BY `descripcion` ASC {"params":[],"types":[],"executionMS":0.0009808540344238281} []
[2023-08-29T13:29:07.750547-03:00] log.DEBUG: SELECT `codnum` AS `lf`, `descripcion` AS `df`, '' AS `df2`, '' AS `df3`, '' AS `df4` FROM `localidades` WHERE `codnum` = 413 ORDER BY `descripcion` ASC {"params":[],"types":[],"executionMS":0.0005478858947753906} []
[2023-08-29T13:29:07.751806-03:00] log.DEBUG: SELECT `codnum` AS `lf`, `descripcion` AS `df`, '' AS `df2`, '' AS `df3`, '' AS `df4` FROM `localidades` WHERE `codnum` = 9 ORDER BY `descripcion` ASC {"params":[],"types":[],"executionMS":0.0005879402160644531} []
[2023-08-29T13:29:07.753185-03:00] log.DEBUG: SELECT `codnum` AS `lf`, `descripcion` AS `df`, '' AS `df2`, '' AS `df3`, '' AS `df4` FROM `localidades` WHERE `codnum` = 9 ORDER BY `descripcion` ASC {"params":[],"types":[],"executionMS":0.00044798851013183594} []
[2023-08-29T13:29:07.754370-03:00] log.DEBUG: SELECT `codnum` AS `lf`, `descripcion` AS `df`, '' AS `df2`, '' AS `df3`, '' AS `df4` FROM `localidades` WHERE `codnum` = 934 ORDER BY `descripcion` ASC {"params":[],"types":[],"executionMS":0.0005309581756591797} []
[2023-08-29T13:29:07.755769-03:00] log.DEBUG: SELECT `codnum` AS `lf`, `descripcion` AS `df`, '' AS `df2`, '' AS `df3`, '' AS `df4` FROM `localidades` WHERE `codnum` = 28 ORDER BY `descripcion` ASC {"params":[],"types":[],"executionMS":0.0007441043853759766} []
[2023-08-29T13:29:07.757416-03:00] log.DEBUG: SELECT `codnum` AS `lf`, `descripcion` AS `df`, '' AS `df2`, '' AS `df3`, '' AS `df4` FROM `localidades` WHERE `codnum` = 380 ORDER BY `descripcion` ASC {"params":[],"types":[],"executionMS":0.0005619525909423828} []
[2023-08-29T13:29:07.758567-03:00] log.DEBUG: SELECT `codnum` AS `lf`, `descripcion` AS `df`, '' AS `df2`, '' AS `df3`, '' AS `df4` FROM `localidades` WHERE `codnum` = 13 ORDER BY `descripcion` ASC {"params":[],"types":[],"executionMS":0.0005199909210205078} []
[2023-08-29T13:29:07.759595-03:00] log.DEBUG: SELECT `codnum` AS `lf`, `descripcion` AS `df`, '' AS `df2`, '' AS `df3`, '' AS `df4` FROM `localidades` WHERE `codnum` = 8 ORDER BY `descripcion` ASC {"params":[],"types":[],"executionMS":0.0004010200500488281} []
[2023-08-29T13:29:07.760621-03:00] log.DEBUG: SELECT `codnum` AS `lf`, `descripcion` AS `df`, '' AS `df2`, '' AS `df3`, '' AS `df4` FROM `localidades` WHERE `codnum` = 413 ORDER BY `descripcion` ASC {"params":[],"types":[],"executionMS":0.0003979206085205078} []
[2023-08-29T13:29:07.761615-03:00] log.DEBUG: SELECT `codnum` AS `lf`, `descripcion` AS `df`, '' AS `df2`, '' AS `df3`, '' AS `df4` FROM `localidades` WHERE `codnum` = 413 ORDER BY `descripcion` ASC {"params":[],"types":[],"executionMS":0.0003750324249267578} []
[2023-08-29T13:29:07.762718-03:00] log.DEBUG: SELECT `codnum` AS `lf`, `descripcion` AS `df`, '' AS `df2`, '' AS `df3`, '' AS `df4` FROM `localidades` WHERE `codnum` = 413 ORDER BY `descripcion` ASC {"params":[],"types":[],"executionMS":0.00047898292541503906} []
[2023-08-29T13:29:07.764084-03:00] log.DEBUG: SELECT `codnum` AS `lf`, `descripcion` AS `df`, '' AS `df2`, '' AS `df3`, '' AS `df4` FROM `localidades` WHERE `codnum` = 413 ORDER BY `descripcion` ASC {"params":[],"types":[],"executionMS":0.0007109642028808594} []
[2023-08-29T13:29:07.765479-03:00] log.DEBUG: SELECT `codnum` AS `lf`, `descripcion` AS `df`, '' AS `df2`, '' AS `df3`, '' AS `df4` FROM `localidades` WHERE `codnum` = 32 ORDER BY `descripcion` ASC {"params":[],"types":[],"executionMS":0.0004980564117431641} []
[2023-08-29T13:29:07.766538-03:00] log.DEBUG: SELECT `codnum` AS `lf`, `descripcion` AS `df`, '' AS `df2`, '' AS `df3`, '' AS `df4` FROM `localidades` WHERE `codnum` = 413 ORDER BY `descripcion` ASC {"params":[],"types":[],"executionMS":0.0004699230194091797} []
[2023-08-29T13:29:07.767608-03:00] log.DEBUG: SELECT `codnum` AS `lf`, `descripcion` AS `df`, '' AS `df2`, '' AS `df3`, '' AS `df4` FROM `localidades` WHERE `codnum` = 29 ORDER BY `descripcion` ASC {"params":[],"types":[],"executionMS":0.0004279613494873047} []
[2023-08-29T13:29:07.769176-03:00] log.DEBUG: SELECT `codnum` AS `lf`, `descripcion` AS `df`, '' AS `df2`, '' AS `df3`, '' AS `df4` FROM `localidades` WHERE `codnum` = 413 ORDER BY `descripcion` ASC {"params":[],"types":[],"executionMS":0.0004620552062988281} []
[2023-08-29T13:29:07.770306-03:00] log.DEBUG: SELECT `codnum` AS `lf`, `descripcion` AS `df`, '' AS `df2`, '' AS `df3`, '' AS `df4` FROM `localidades` WHERE `codnum` = 413 ORDER BY `descripcion` ASC {"params":[],"types":[],"executionMS":0.0004971027374267578} []
[2023-08-29T13:29:07.771388-03:00] log.DEBUG: SELECT `codnum` AS `lf`, `descripcion` AS `df`, '' AS `df2`, '' AS `df3`, '' AS `df4` FROM `localidades` WHERE `codnum` = 48 ORDER BY `descripcion` ASC {"params":[],"types":[],"executionMS":0.00044608116149902344} []
[2023-08-29T13:29:07.772453-03:00] log.DEBUG: SELECT `codnum` AS `lf`, `descripcion` AS `df`, '' AS `df2`, '' AS `df3`, '' AS `df4` FROM `localidades` WHERE `codnum` = 413 ORDER BY `descripcion` ASC {"params":[],"types":[],"executionMS":0.0004088878631591797} []
[2023-08-29T13:29:15.616431-03:00] log.DEBUG: SELECT COUNT(*) FROM `paises` {"params":[],"types":[],"executionMS":0.0012409687042236328} []
[2023-08-29T13:29:15.617507-03:00] log.DEBUG: SELECT `codnum` AS `lf`, `descripcion` AS `df`, '' AS `df2`, '' AS `df3`, '' AS `df4` FROM `paises` ORDER BY `descripcion` ASC {"params":[],"types":[],"executionMS":0.0007998943328857422} []
[2023-08-29T13:29:15.618911-03:00] log.DEBUG: SELECT COUNT(*) FROM `provincias` {"params":[],"types":[],"executionMS":0.0008971691131591797} []
[2023-08-29T13:29:15.619562-03:00] log.DEBUG: SELECT `codnum` AS `lf`, `descripcion` AS `df`, '' AS `df2`, '' AS `df3`, '' AS `df4`, `codpais` AS `ff` FROM `provincias` ORDER BY `descripcion` ASC {"params":[],"types":[],"executionMS":0.0005750656127929688} []
[2023-08-29T13:29:15.621259-03:00] log.DEBUG: SELECT COUNT(*) FROM `localidades` {"params":[],"types":[],"executionMS":0.0010089874267578125} []
[2023-08-29T13:29:15.622416-03:00] log.DEBUG: SELECT COUNT(*) FROM `tipoenti` {"params":[],"types":[],"executionMS":0.0008220672607421875} []
[2023-08-29T13:29:15.622954-03:00] log.DEBUG: SELECT `codnum` AS `lf`, `descripcion` AS `df`, '' AS `df2`, '' AS `df3`, '' AS `df4` FROM `tipoenti` ORDER BY `descripcion` ASC {"params":[],"types":[],"executionMS":0.00046181678771972656} []
[2023-08-29T13:29:15.624006-03:00] log.DEBUG: SELECT COUNT(*) FROM `tipoiva` {"params":[],"types":[],"executionMS":0.000637054443359375} []
[2023-08-29T13:29:15.624520-03:00] log.DEBUG: SELECT `codnum` AS `lf`, `descrip` AS `df`, '' AS `df2`, '' AS `df3`, '' AS `df4` FROM `tipoiva` ORDER BY `descrip` ASC {"params":[],"types":[],"executionMS":0.0004432201385498047} []
[2023-08-29T13:29:15.625603-03:00] log.DEBUG: SELECT COUNT(*) FROM `calificacion` {"params":[],"types":[],"executionMS":0.0006680488586425781} []
[2023-08-29T13:29:15.626165-03:00] log.DEBUG: SELECT `codnum` AS `lf`, `descripcion` AS `df`, '' AS `df2`, '' AS `df3`, '' AS `df4` FROM `calificacion` ORDER BY `descripcion` ASC {"params":[],"types":[],"executionMS":0.0004899501800537109} []
[2023-08-29T13:29:15.627323-03:00] log.DEBUG: SELECT COUNT(*) FROM `tipoindustria` {"params":[],"types":[],"executionMS":0.0007269382476806641} []
[2023-08-29T13:29:15.627850-03:00] log.DEBUG: SELECT `codnum` AS `lf`, `nomre` AS `df`, '' AS `df2`, '' AS `df3`, '' AS `df4` FROM `tipoindustria` ORDER BY `nomre` ASC {"params":[],"types":[],"executionMS":0.000453948974609375} []
[2023-08-29T13:29:15.672664-03:00] log.DEBUG: SELECT COUNT(*) FROM `entidades` WHERE (`razsoc` LIKE '%ETCHEGARAY%') OR (`calle` LIKE '%ETCHEGARAY%') OR (`numero` LIKE '%ETCHEGARAY%') OR (`pisodto` LIKE '%ETCHEGARAY%') OR (`codpost` LIKE '%ETCHEGARAY%') OR (`tellinea` LIKE '%ETCHEGARAY%') OR (`telcelu` LIKE '%ETCHEGARAY%') OR (`cuit` LIKE '%ETCHEGARAY%') OR (`contacto` LIKE '%ETCHEGARAY%') OR (`mailcont` LIKE '%ETCHEGARAY%') OR (`cargo` LIKE '%ETCHEGARAY%') OR (`pagweb` LIKE '%ETCHEGARAY%') {"params":[],"types":[],"executionMS":0.03967404365539551} []
[2023-08-29T13:29:15.720452-03:00] log.DEBUG: SELECT * FROM `entidades` WHERE (`razsoc` LIKE '%ETCHEGARAY%') OR (`calle` LIKE '%ETCHEGARAY%') OR (`numero` LIKE '%ETCHEGARAY%') OR (`pisodto` LIKE '%ETCHEGARAY%') OR (`codpost` LIKE '%ETCHEGARAY%') OR (`tellinea` LIKE '%ETCHEGARAY%') OR (`telcelu` LIKE '%ETCHEGARAY%') OR (`cuit` LIKE '%ETCHEGARAY%') OR (`contacto` LIKE '%ETCHEGARAY%') OR (`mailcont` LIKE '%ETCHEGARAY%') OR (`cargo` LIKE '%ETCHEGARAY%') OR (`pagweb` LIKE '%ETCHEGARAY%') LIMIT 20 {"params":[],"types":[],"executionMS":0.04709315299987793} []
[2023-08-29T13:29:15.724559-03:00] log.DEBUG: SELECT `codnum` AS `lf`, `descripcion` AS `df`, '' AS `df2`, '' AS `df3`, '' AS `df4` FROM `localidades` WHERE `codnum` = 27 ORDER BY `descripcion` ASC {"params":[],"types":[],"executionMS":0.0006899833679199219} []
[2023-08-29T13:29:29.365800-03:00] log.DEBUG: SELECT COUNT(*) FROM `paises` {"params":[],"types":[],"executionMS":0.001233816146850586} []
[2023-08-29T13:29:29.366901-03:00] log.DEBUG: SELECT `codnum` AS `lf`, `descripcion` AS `df`, '' AS `df2`, '' AS `df3`, '' AS `df4` FROM `paises` ORDER BY `descripcion` ASC {"params":[],"types":[],"executionMS":0.0008409023284912109} []
[2023-08-29T13:29:29.368326-03:00] log.DEBUG: SELECT COUNT(*) FROM `provincias` {"params":[],"types":[],"executionMS":0.0009551048278808594} []
[2023-08-29T13:29:29.369114-03:00] log.DEBUG: SELECT `codnum` AS `lf`, `descripcion` AS `df`, '' AS `df2`, '' AS `df3`, '' AS `df4`, `codpais` AS `ff` FROM `provincias` ORDER BY `descripcion` ASC {"params":[],"types":[],"executionMS":0.0007121562957763672} []
[2023-08-29T13:29:29.370843-03:00] log.DEBUG: SELECT COUNT(*) FROM `localidades` {"params":[],"types":[],"executionMS":0.001055002212524414} []
[2023-08-29T13:29:29.371883-03:00] log.DEBUG: SELECT COUNT(*) FROM `tipoenti` {"params":[],"types":[],"executionMS":0.0007200241088867188} []
[2023-08-29T13:29:29.372430-03:00] log.DEBUG: SELECT `codnum` AS `lf`, `descripcion` AS `df`, '' AS `df2`, '' AS `df3`, '' AS `df4` FROM `tipoenti` ORDER BY `descripcion` ASC {"params":[],"types":[],"executionMS":0.00047588348388671875} []
[2023-08-29T13:29:29.373528-03:00] log.DEBUG: SELECT COUNT(*) FROM `tipoiva` {"params":[],"types":[],"executionMS":0.0007090568542480469} []
[2023-08-29T13:29:29.374181-03:00] log.DEBUG: SELECT `codnum` AS `lf`, `descrip` AS `df`, '' AS `df2`, '' AS `df3`, '' AS `df4` FROM `tipoiva` ORDER BY `descrip` ASC {"params":[],"types":[],"executionMS":0.0005810260772705078} []
[2023-08-29T13:29:29.375359-03:00] log.DEBUG: SELECT COUNT(*) FROM `calificacion` {"params":[],"types":[],"executionMS":0.0007719993591308594} []
[2023-08-29T13:29:29.375965-03:00] log.DEBUG: SELECT `codnum` AS `lf`, `descripcion` AS `df`, '' AS `df2`, '' AS `df3`, '' AS `df4` FROM `calificacion` ORDER BY `descripcion` ASC {"params":[],"types":[],"executionMS":0.0005328655242919922} []
[2023-08-29T13:29:29.377036-03:00] log.DEBUG: SELECT COUNT(*) FROM `tipoindustria` {"params":[],"types":[],"executionMS":0.0006778240203857422} []
[2023-08-29T13:29:29.377742-03:00] log.DEBUG: SELECT `codnum` AS `lf`, `nomre` AS `df`, '' AS `df2`, '' AS `df3`, '' AS `df4` FROM `tipoindustria` ORDER BY `nomre` ASC {"params":[],"types":[],"executionMS":0.0006318092346191406} []
[2023-08-29T13:29:29.421545-03:00] log.DEBUG: SELECT COUNT(*) FROM `entidades` WHERE (`razsoc` LIKE '%ECHEGARAY%') OR (`calle` LIKE '%ECHEGARAY%') OR (`numero` LIKE '%ECHEGARAY%') OR (`pisodto` LIKE '%ECHEGARAY%') OR (`codpost` LIKE '%ECHEGARAY%') OR (`tellinea` LIKE '%ECHEGARAY%') OR (`telcelu` LIKE '%ECHEGARAY%') OR (`cuit` LIKE '%ECHEGARAY%') OR (`contacto` LIKE '%ECHEGARAY%') OR (`mailcont` LIKE '%ECHEGARAY%') OR (`cargo` LIKE '%ECHEGARAY%') OR (`pagweb` LIKE '%ECHEGARAY%') {"params":[],"types":[],"executionMS":0.038851022720336914} []
[2023-08-29T13:29:29.467380-03:00] log.DEBUG: SELECT * FROM `entidades` WHERE (`razsoc` LIKE '%ECHEGARAY%') OR (`calle` LIKE '%ECHEGARAY%') OR (`numero` LIKE '%ECHEGARAY%') OR (`pisodto` LIKE '%ECHEGARAY%') OR (`codpost` LIKE '%ECHEGARAY%') OR (`tellinea` LIKE '%ECHEGARAY%') OR (`telcelu` LIKE '%ECHEGARAY%') OR (`cuit` LIKE '%ECHEGARAY%') OR (`contacto` LIKE '%ECHEGARAY%') OR (`mailcont` LIKE '%ECHEGARAY%') OR (`cargo` LIKE '%ECHEGARAY%') OR (`pagweb` LIKE '%ECHEGARAY%') LIMIT 20 {"params":[],"types":[],"executionMS":0.0452878475189209} []
[2023-08-29T13:29:29.471554-03:00] log.DEBUG: SELECT `codnum` AS `lf`, `descripcion` AS `df`, '' AS `df2`, '' AS `df3`, '' AS `df4` FROM `localidades` WHERE `codnum` = 413 ORDER BY `descripcion` ASC {"params":[],"types":[],"executionMS":0.0010218620300292969} []
[2023-08-29T13:29:29.472907-03:00] log.DEBUG: SELECT `codnum` AS `lf`, `descripcion` AS `df`, '' AS `df2`, '' AS `df3`, '' AS `df4` FROM `localidades` WHERE `codnum` = 9 ORDER BY `descripcion` ASC {"params":[],"types":[],"executionMS":0.0005240440368652344} []
[2023-08-29T13:29:29.474146-03:00] log.DEBUG: SELECT `codnum` AS `lf`, `descripcion` AS `df`, '' AS `df2`, '' AS `df3`, '' AS `df4` FROM `localidades` WHERE `codnum` = 1149 ORDER BY `descripcion` ASC {"params":[],"types":[],"executionMS":0.0005791187286376953} []
[2023-08-29T13:38:22.503572-03:00] log.DEBUG: SELECT COUNT(*) FROM `paises` {"params":[],"types":[],"executionMS":0.0010759830474853516} []
[2023-08-29T13:38:22.504491-03:00] log.DEBUG: SELECT `codnum` AS `lf`, `descripcion` AS `df`, '' AS `df2`, '' AS `df3`, '' AS `df4` FROM `paises` ORDER BY `descripcion` ASC {"params":[],"types":[],"executionMS":0.0006539821624755859} []
[2023-08-29T13:38:22.505755-03:00] log.DEBUG: SELECT COUNT(*) FROM `provincias` {"params":[],"types":[],"executionMS":0.0008041858673095703} []
[2023-08-29T13:38:22.506944-03:00] log.DEBUG: SELECT `codnum` AS `lf`, `descripcion` AS `df`, '' AS `df2`, '' AS `df3`, '' AS `df4`, `codpais` AS `ff` FROM `provincias` ORDER BY `descripcion` ASC {"params":[],"types":[],"executionMS":0.0010981559753417969} []
[2023-08-29T13:38:22.509101-03:00] log.DEBUG: SELECT COUNT(*) FROM `localidades` {"params":[],"types":[],"executionMS":0.0014698505401611328} []
[2023-08-29T13:38:22.510155-03:00] log.DEBUG: SELECT COUNT(*) FROM `tipoenti` {"params":[],"types":[],"executionMS":0.0007450580596923828} []
[2023-08-29T13:38:22.510668-03:00] log.DEBUG: SELECT `codnum` AS `lf`, `descripcion` AS `df`, '' AS `df2`, '' AS `df3`, '' AS `df4` FROM `tipoenti` ORDER BY `descripcion` ASC {"params":[],"types":[],"executionMS":0.00043511390686035156} []
[2023-08-29T13:38:22.511883-03:00] log.DEBUG: SELECT COUNT(*) FROM `tipoiva` {"params":[],"types":[],"executionMS":0.0007891654968261719} []
[2023-08-29T13:38:22.512447-03:00] log.DEBUG: SELECT `codnum` AS `lf`, `descrip` AS `df`, '' AS `df2`, '' AS `df3`, '' AS `df4` FROM `tipoiva` ORDER BY `descrip` ASC {"params":[],"types":[],"executionMS":0.00048804283142089844} []
[2023-08-29T13:38:22.513624-03:00] log.DEBUG: SELECT COUNT(*) FROM `calificacion` {"params":[],"types":[],"executionMS":0.0007770061492919922} []
[2023-08-29T13:38:22.514160-03:00] log.DEBUG: SELECT `codnum` AS `lf`, `descripcion` AS `df`, '' AS `df2`, '' AS `df3`, '' AS `df4` FROM `calificacion` ORDER BY `descripcion` ASC {"params":[],"types":[],"executionMS":0.0004589557647705078} []
[2023-08-29T13:38:22.515246-03:00] log.DEBUG: SELECT COUNT(*) FROM `tipoindustria` {"params":[],"types":[],"executionMS":0.0006630420684814453} []
[2023-08-29T13:38:22.515799-03:00] log.DEBUG: SELECT `codnum` AS `lf`, `nomre` AS `df`, '' AS `df2`, '' AS `df3`, '' AS `df4` FROM `tipoindustria` ORDER BY `nomre` ASC {"params":[],"types":[],"executionMS":0.0004818439483642578} []
[2023-08-29T13:38:22.555635-03:00] log.DEBUG: SELECT COUNT(*) FROM `entidades` WHERE (`razsoc` LIKE '%ECHEGARAY%') OR (`calle` LIKE '%ECHEGARAY%') OR (`numero` LIKE '%ECHEGARAY%') OR (`pisodto` LIKE '%ECHEGARAY%') OR (`codpost` LIKE '%ECHEGARAY%') OR (`tellinea` LIKE '%ECHEGARAY%') OR (`telcelu` LIKE '%ECHEGARAY%') OR (`cuit` LIKE '%ECHEGARAY%') OR (`contacto` LIKE '%ECHEGARAY%') OR (`mailcont` LIKE '%ECHEGARAY%') OR (`cargo` LIKE '%ECHEGARAY%') OR (`pagweb` LIKE '%ECHEGARAY%') {"params":[],"types":[],"executionMS":0.03539085388183594} []
[2023-08-29T13:38:22.598448-03:00] log.DEBUG: SELECT * FROM `entidades` WHERE (`razsoc` LIKE '%ECHEGARAY%') OR (`calle` LIKE '%ECHEGARAY%') OR (`numero` LIKE '%ECHEGARAY%') OR (`pisodto` LIKE '%ECHEGARAY%') OR (`codpost` LIKE '%ECHEGARAY%') OR (`tellinea` LIKE '%ECHEGARAY%') OR (`telcelu` LIKE '%ECHEGARAY%') OR (`cuit` LIKE '%ECHEGARAY%') OR (`contacto` LIKE '%ECHEGARAY%') OR (`mailcont` LIKE '%ECHEGARAY%') OR (`cargo` LIKE '%ECHEGARAY%') OR (`pagweb` LIKE '%ECHEGARAY%') LIMIT 20 {"params":[],"types":[],"executionMS":0.04238390922546387} []
[2023-08-29T13:38:22.602969-03:00] log.DEBUG: SELECT `codnum` AS `lf`, `descripcion` AS `df`, '' AS `df2`, '' AS `df3`, '' AS `df4` FROM `localidades` WHERE `codnum` = 413 ORDER BY `descripcion` ASC {"params":[],"types":[],"executionMS":0.0013589859008789062} []
[2023-08-29T13:38:22.605003-03:00] log.DEBUG: SELECT `codnum` AS `lf`, `descripcion` AS `df`, '' AS `df2`, '' AS `df3`, '' AS `df4` FROM `localidades` WHERE `codnum` = 9 ORDER BY `descripcion` ASC {"params":[],"types":[],"executionMS":0.0007510185241699219} []
[2023-08-29T13:38:22.606824-03:00] log.DEBUG: SELECT `codnum` AS `lf`, `descripcion` AS `df`, '' AS `df2`, '' AS `df3`, '' AS `df4` FROM `localidades` WHERE `codnum` = 1149 ORDER BY `descripcion` ASC {"params":[],"types":[],"executionMS":0.0005750656127929688} []
[2023-08-29T15:05:31.064180-03:00] log.DEBUG: 400 Bad Request Type: Slim\Exception\HttpBadRequestException Code: 400 Message: Invalid post request File: /var/www/Subastas2021/src/PermissionMiddleware.php Line: 115 Trace: #0 /var/www/Subastas2021/vendor/slim/slim/Slim/MiddlewareDispatcher.php(168): PHPMaker2021\Subastas2021\PermissionMiddleware->__invoke() #1 /var/www/Subastas2021/vendor/slim/slim/Slim/MiddlewareDispatcher.php(65): Psr\Http\Server\RequestHandlerInterface@anonymous->handle() #2 /var/www/Subastas2021/vendor/slim/slim/Slim/MiddlewareDispatcher.php(65): Slim\MiddlewareDispatcher->handle() #3 /var/www/Subastas2021/vendor/slim/slim/Slim/Routing/Route.php(315): Slim\MiddlewareDispatcher->handle() #4 /var/www/Subastas2021/vendor/slim/slim/Slim/Routing/RouteRunner.php(68): Slim\Routing\Route->run() #5 /var/www/Subastas2021/vendor/slim/slim/Slim/Middleware/BodyParsingMiddleware.php(64): Slim\Routing\RouteRunner->handle() #6 /var/www/Subastas2021/vendor/slim/slim/Slim/MiddlewareDispatcher.php(121): Slim\Middleware\BodyParsingMiddleware->process() #7 /var/www/Subastas2021/src/CorsMiddleware.php(32): Psr\Http\Server\RequestHandlerInterface@anonymous->handle() #8 /var/www/Subastas2021/vendor/slim/slim/Slim/MiddlewareDispatcher.php(121): PHPMaker2021\Subastas2021\CorsMiddleware->process() #9 /var/www/Subastas2021/vendor/slim/slim/Slim/Middleware/RoutingMiddleware.php(45): Psr\Http\Server\RequestHandlerInterface@anonymous->handle() #10 /var/www/Subastas2021/vendor/slim/slim/Slim/MiddlewareDispatcher.php(121): Slim\Middleware\RoutingMiddleware->process() #11 /var/www/Subastas2021/vendor/selective/samesite-cookie/src/SameSiteCookieMiddleware.php(52): Psr\Http\Server\RequestHandlerInterface@anonymous->handle() #12 /var/www/Subastas2021/vendor/slim/slim/Slim/MiddlewareDispatcher.php(121): Selective\SameSiteCookie\SameSiteCookieMiddleware->process() #13 /var/www/Subastas2021/vendor/selective/samesite-cookie/src/SameSiteSessionMiddleware.php(44): Psr\Http\Server\RequestHandlerInterface@anonymous->handle() #14 /var/www/Subastas2021/vendor/slim/slim/Slim/MiddlewareDispatcher.php(121): Selective\SameSiteCookie\SameSiteSessionMiddleware->process() #15 /var/www/Subastas2021/vendor/slim/slim/Slim/Middleware/ErrorMiddleware.php(76): Psr\Http\Server\RequestHandlerInterface@anonymous->handle() #16 /var/www/Subastas2021/vendor/slim/slim/Slim/MiddlewareDispatcher.php(121): Slim\Middleware\ErrorMiddleware->process() #17 /var/www/Subastas2021/vendor/slim/slim/Slim/MiddlewareDispatcher.php(65): Psr\Http\Server\RequestHandlerInterface@anonymous->handle() #18 /var/www/Subastas2021/vendor/slim/slim/Slim/App.php(199): Slim\MiddlewareDispatcher->handle() #19 /var/www/Subastas2021/vendor/slim/slim/Slim/App.php(183): Slim\App->handle() #20 /var/www/Subastas2021/index.php(116): Slim\App->run() #21 {main} Tips: To display error details in HTTP response set "displayErrorDetails" to true in the ErrorHandler constructor. [] []
[2023-08-29T15:05:43.559395-03:00] log.DEBUG: SELECT * FROM `usuarios` WHERE (`usuario` = 'diegor') {"params":[],"types":[],"executionMS":0.0008690357208251953} []
[2023-08-29T15:05:43.560737-03:00] log.DEBUG: SELECT * FROM `usuarios` WHERE (`usuario` = 'diegor') AND (`activo` = 1) {"params":[],"types":[],"executionMS":0.0007250308990478516} []
[2023-08-29T15:05:43.561810-03:00] log.DEBUG: SELECT * FROM `usuarios` WHERE (`usuario` = 'diegor') {"params":[],"types":[],"executionMS":0.0006549358367919922} []
[2023-08-29T15:05:43.562866-03:00] log.DEBUG: UPDATE `usuarios` SET `perfil` = ? WHERE (`usuario` = 'diegor') {"params":{"1":"a:10:{s:15:\"LoginRetryCount\";i:0;s:20:\"LastBadLoginDateTime\";s:19:\"2023/08/07 14:24:48\";s:23:\"LastPasswordChangedDate\";s:10:\"2023/08/06\";s:6:\"codnum\";i:38;s:7:\"usuario\";s:6:\"diegor\";s:6:\"nombre\";s:13:\"Diego Ranieri\";s:5:\"nivel\";i:-1;s:5:\"email\";s:0:\"\";s:6:\"perfil\";s:0:\"\";s:6:\"activo\";i:1;}"},"types":{"1":2},"executionMS":0.0006248950958251953} []
[2023-08-29T15:05:43.563759-03:00] log.DEBUG: SELECT * FROM `usuarios` WHERE (`usuario` = 'diegor') {"params":[],"types":[],"executionMS":0.0005137920379638672} []
[2023-08-29T15:05:43.565078-03:00] log.DEBUG: SELECT * FROM `usuarios` WHERE (`usuario` = 'diegor') {"params":[],"types":[],"executionMS":0.0005290508270263672} []
[2023-08-29T16:06:36.699246-03:00] log.DEBUG: SELECT * FROM `usuarios` WHERE (`usuario` = 'Mauro') {"params":[],"types":[],"executionMS":0.0011591911315917969} []
[2023-08-29T16:06:36.701255-03:00] log.DEBUG: SELECT * FROM `usuarios` WHERE (`usuario` = 'Mauro') AND (`activo` = 1) {"params":[],"types":[],"executionMS":0.0008649826049804688} []
[2023-08-29T16:06:36.702361-03:00] log.DEBUG: SELECT * FROM `usuarios` WHERE (`usuario` = 'Mauro') {"params":[],"types":[],"executionMS":0.0005979537963867188} []
[2023-08-29T16:06:36.703470-03:00] log.DEBUG: UPDATE `usuarios` SET `perfil` = ? WHERE (`usuario` = 'Mauro') {"params":{"1":"a:10:{s:15:\"LoginRetryCount\";i:0;s:20:\"LastBadLoginDateTime\";s:19:\"2023/08/18 14:07:03\";s:23:\"LastPasswordChangedDate\";s:10:\"2023/07/25\";s:6:\"codnum\";i:13;s:7:\"usuario\";s:5:\"mauro\";s:6:\"nombre\";s:10:\"Mauro Sosa\";s:5:\"nivel\";i:-1;s:5:\"email\";s:0:\"\";s:6:\"perfil\";s:0:\"\";s:6:\"activo\";i:1;}"},"types":{"1":2},"executionMS":0.0006740093231201172} []
[2023-08-29T16:06:36.704502-03:00] log.DEBUG: SELECT * FROM `usuarios` WHERE (`usuario` = 'Mauro') {"params":[],"types":[],"executionMS":0.0006039142608642578} []
[2023-08-29T16:06:36.705979-03:00] log.DEBUG: SELECT * FROM `usuarios` WHERE (`usuario` = 'Mauro') {"params":[],"types":[],"executionMS":0.0005979537963867188} []
[2023-08-29T16:06:43.572661-03:00] log.DEBUG: SELECT COUNT(*) FROM `paises` {"params":[],"types":[],"executionMS":0.0013790130615234375} []
[2023-08-29T16:06:43.573929-03:00] log.DEBUG: SELECT `codnum` AS `lf`, `descripcion` AS `df`, '' AS `df2`, '' AS `df3`, '' AS `df4` FROM `paises` ORDER BY `descripcion` ASC {"params":[],"types":[],"executionMS":0.0010018348693847656} []
[2023-08-29T16:06:43.575436-03:00] log.DEBUG: SELECT COUNT(*) FROM `provincias` {"params":[],"types":[],"executionMS":0.0009529590606689453} []
[2023-08-29T16:06:43.576018-03:00] log.DEBUG: SELECT `codnum` AS `lf`, `descripcion` AS `df`, '' AS `df2`, '' AS `df3`, '' AS `df4`, `codpais` AS `ff` FROM `provincias` ORDER BY `descripcion` ASC {"params":[],"types":[],"executionMS":0.0005090236663818359} []
[2023-08-29T16:06:43.577764-03:00] log.DEBUG: SELECT COUNT(*) FROM `localidades` {"params":[],"types":[],"executionMS":0.0010590553283691406} []
[2023-08-29T16:06:43.578858-03:00] log.DEBUG: SELECT COUNT(*) FROM `tipoenti` {"params":[],"types":[],"executionMS":0.0007619857788085938} []
[2023-08-29T16:06:43.579419-03:00] log.DEBUG: SELECT `codnum` AS `lf`, `descripcion` AS `df`, '' AS `df2`, '' AS `df3`, '' AS `df4` FROM `tipoenti` ORDER BY `descripcion` ASC {"params":[],"types":[],"executionMS":0.0004849433898925781} []
[2023-08-29T16:06:43.580701-03:00] log.DEBUG: SELECT COUNT(*) FROM `tipoiva` {"params":[],"types":[],"executionMS":0.0008740425109863281} []
[2023-08-29T16:06:43.581293-03:00] log.DEBUG: SELECT `codnum` AS `lf`, `descrip` AS `df`, '' AS `df2`, '' AS `df3`, '' AS `df4` FROM `tipoiva` ORDER BY `descrip` ASC {"params":[],"types":[],"executionMS":0.0005190372467041016} []
[2023-08-29T16:06:43.582612-03:00] log.DEBUG: SELECT COUNT(*) FROM `calificacion` {"params":[],"types":[],"executionMS":0.0008900165557861328} []
[2023-08-29T16:06:43.583138-03:00] log.DEBUG: SELECT `codnum` AS `lf`, `descripcion` AS `df`, '' AS `df2`, '' AS `df3`, '' AS `df4` FROM `calificacion` ORDER BY `descripcion` ASC {"params":[],"types":[],"executionMS":0.000453948974609375} []
[2023-08-29T16:06:43.584397-03:00] log.DEBUG: SELECT COUNT(*) FROM `tipoindustria` {"params":[],"types":[],"executionMS":0.0008680820465087891} []
[2023-08-29T16:06:43.585053-03:00] log.DEBUG: SELECT `codnum` AS `lf`, `nomre` AS `df`, '' AS `df2`, '' AS `df3`, '' AS `df4` FROM `tipoindustria` ORDER BY `nomre` ASC {"params":[],"types":[],"executionMS":0.0005738735198974609} []
[2023-08-29T16:06:43.590562-03:00] log.DEBUG: SELECT COUNT(*) FROM `entidades` {"params":[],"types":[],"executionMS":0.002817869186401367} []
[2023-08-29T16:06:43.591612-03:00] log.DEBUG: SELECT * FROM `entidades` LIMIT 20 {"params":[],"types":[],"executionMS":0.0007181167602539062} []
[2023-08-29T16:06:43.594448-03:00] log.DEBUG: SELECT `codnum` AS `lf`, `descripcion` AS `df`, '' AS `df2`, '' AS `df3`, '' AS `df4` FROM `localidades` WHERE `codnum` = 413 ORDER BY `descripcion` ASC {"params":[],"types":[],"executionMS":0.0007009506225585938} []
[2023-08-29T16:06:43.595654-03:00] log.DEBUG: SELECT `codnum` AS `lf`, `descripcion` AS `df`, '' AS `df2`, '' AS `df3`, '' AS `df4` FROM `localidades` WHERE `codnum` = 413 ORDER BY `descripcion` ASC {"params":[],"types":[],"executionMS":0.0004470348358154297} []
[2023-08-29T16:06:43.596664-03:00] log.DEBUG: SELECT `codnum` AS `lf`, `descripcion` AS `df`, '' AS `df2`, '' AS `df3`, '' AS `df4` FROM `localidades` WHERE `codnum` = 9 ORDER BY `descripcion` ASC {"params":[],"types":[],"executionMS":0.0004620552062988281} []
[2023-08-29T16:06:43.597706-03:00] log.DEBUG: SELECT `codnum` AS `lf`, `descripcion` AS `df`, '' AS `df2`, '' AS `df3`, '' AS `df4` FROM `localidades` WHERE `codnum` = 9 ORDER BY `descripcion` ASC {"params":[],"types":[],"executionMS":0.00043702125549316406} []
[2023-08-29T16:06:43.598792-03:00] log.DEBUG: SELECT `codnum` AS `lf`, `descripcion` AS `df`, '' AS `df2`, '' AS `df3`, '' AS `df4` FROM `localidades` WHERE `codnum` = 934 ORDER BY `descripcion` ASC {"params":[],"types":[],"executionMS":0.00047707557678222656} []
[2023-08-29T16:06:43.599813-03:00] log.DEBUG: SELECT `codnum` AS `lf`, `descripcion` AS `df`, '' AS `df2`, '' AS `df3`, '' AS `df4` FROM `localidades` WHERE `codnum` = 28 ORDER BY `descripcion` ASC {"params":[],"types":[],"executionMS":0.00042891502380371094} []
[2023-08-29T16:06:43.600911-03:00] log.DEBUG: SELECT `codnum` AS `lf`, `descripcion` AS `df`, '' AS `df2`, '' AS `df3`, '' AS `df4` FROM `localidades` WHERE `codnum` = 380 ORDER BY `descripcion` ASC {"params":[],"types":[],"executionMS":0.0005269050598144531} []
[2023-08-29T16:06:43.601998-03:00] log.DEBUG: SELECT `codnum` AS `lf`, `descripcion` AS `df`, '' AS `df2`, '' AS `df3`, '' AS `df4` FROM `localidades` WHERE `codnum` = 13 ORDER BY `descripcion` ASC {"params":[],"types":[],"executionMS":0.00044083595275878906} []
[2023-08-29T16:06:43.603246-03:00] log.DEBUG: SELECT `codnum` AS `lf`, `descripcion` AS `df`, '' AS `df2`, '' AS `df3`, '' AS `df4` FROM `localidades` WHERE `codnum` = 8 ORDER BY `descripcion` ASC {"params":[],"types":[],"executionMS":0.0005409717559814453} []
[2023-08-29T16:06:43.604369-03:00] log.DEBUG: SELECT `codnum` AS `lf`, `descripcion` AS `df`, '' AS `df2`, '' AS `df3`, '' AS `df4` FROM `localidades` WHERE `codnum` = 413 ORDER BY `descripcion` ASC {"params":[],"types":[],"executionMS":0.0004878044128417969} []
[2023-08-29T16:06:43.605403-03:00] log.DEBUG: SELECT `codnum` AS `lf`, `descripcion` AS `df`, '' AS `df2`, '' AS `df3`, '' AS `df4` FROM `localidades` WHERE `codnum` = 413 ORDER BY `descripcion` ASC {"params":[],"types":[],"executionMS":0.0004398822784423828} []
[2023-08-29T16:06:43.606414-03:00] log.DEBUG: SELECT `codnum` AS `lf`, `descripcion` AS `df`, '' AS `df2`, '' AS `df3`, '' AS `df4` FROM `localidades` WHERE `codnum` = 413 ORDER BY `descripcion` ASC {"params":[],"types":[],"executionMS":0.0004820823669433594} []
[2023-08-29T16:06:43.607473-03:00] log.DEBUG: SELECT `codnum` AS `lf`, `descripcion` AS `df`, '' AS `df2`, '' AS `df3`, '' AS `df4` FROM `localidades` WHERE `codnum` = 413 ORDER BY `descripcion` ASC {"params":[],"types":[],"executionMS":0.00045299530029296875} []
[2023-08-29T16:06:43.608589-03:00] log.DEBUG: SELECT `codnum` AS `lf`, `descripcion` AS `df`, '' AS `df2`, '' AS `df3`, '' AS `df4` FROM `localidades` WHERE `codnum` = 32 ORDER BY `descripcion` ASC {"params":[],"types":[],"executionMS":0.00049591064453125} []
[2023-08-29T16:06:43.609697-03:00] log.DEBUG: SELECT `codnum` AS `lf`, `descripcion` AS `df`, '' AS `df2`, '' AS `df3`, '' AS `df4` FROM `localidades` WHERE `codnum` = 413 ORDER BY `descripcion` ASC {"params":[],"types":[],"executionMS":0.00044608116149902344} []
[2023-08-29T16:06:43.610789-03:00] log.DEBUG: SELECT `codnum` AS `lf`, `descripcion` AS `df`, '' AS `df2`, '' AS `df3`, '' AS `df4` FROM `localidades` WHERE `codnum` = 29 ORDER BY `descripcion` ASC {"params":[],"types":[],"executionMS":0.00047898292541503906} []
[2023-08-29T16:06:43.611903-03:00] log.DEBUG: SELECT `codnum` AS `lf`, `descripcion` AS `df`, '' AS `df2`, '' AS `df3`, '' AS `df4` FROM `localidades` WHERE `codnum` = 413 ORDER BY `descripcion` ASC {"params":[],"types":[],"executionMS":0.000476837158203125} []
[2023-08-29T16:06:43.612912-03:00] log.DEBUG: SELECT `codnum` AS `lf`, `descripcion` AS `df`, '' AS `df2`, '' AS `df3`, '' AS `df4` FROM `localidades` WHERE `codnum` = 413 ORDER BY `descripcion` ASC {"params":[],"types":[],"executionMS":0.00044083595275878906} []
[2023-08-29T16:06:43.613857-03:00] log.DEBUG: SELECT `codnum` AS `lf`, `descripcion` AS `df`, '' AS `df2`, '' AS `df3`, '' AS `df4` FROM `localidades` WHERE `codnum` = 48 ORDER BY `descripcion` ASC {"params":[],"types":[],"executionMS":0.0004150867462158203} []
[2023-08-29T16:06:43.614951-03:00] log.DEBUG: SELECT `codnum` AS `lf`, `descripcion` AS `df`, '' AS `df2`, '' AS `df3`, '' AS `df4` FROM `localidades` WHERE `codnum` = 413 ORDER BY `descripcion` ASC {"params":[],"types":[],"executionMS":0.0004470348358154297} []
[2023-08-29T16:39:34.810380-03:00] log.DEBUG: SELECT * FROM `usuarios` WHERE (`usuario` = 'Mauro') {"params":[],"types":[],"executionMS":0.0009021759033203125} []
[2023-08-29T16:39:34.811836-03:00] log.DEBUG: SELECT * FROM `usuarios` WHERE (`usuario` = 'Mauro') AND (`activo` = 1) {"params":[],"types":[],"executionMS":0.0007989406585693359} []
[2023-08-29T16:39:34.813029-03:00] log.DEBUG: SELECT * FROM `usuarios` WHERE (`usuario` = 'Mauro') {"params":[],"types":[],"executionMS":0.0007429122924804688} []
[2023-08-29T16:39:34.815512-03:00] log.DEBUG: UPDATE `usuarios` SET `perfil` = ? WHERE (`usuario` = 'Mauro') {"params":{"1":"a:10:{s:15:\"LoginRetryCount\";i:0;s:20:\"LastBadLoginDateTime\";s:19:\"2023/08/18 14:07:03\";s:23:\"LastPasswordChangedDate\";s:10:\"2023/07/25\";s:6:\"codnum\";i:13;s:7:\"usuario\";s:5:\"mauro\";s:6:\"nombre\";s:10:\"Mauro Sosa\";s:5:\"nivel\";i:-1;s:5:\"email\";s:0:\"\";s:6:\"perfil\";s:0:\"\";s:6:\"activo\";i:1;}"},"types":{"1":2},"executionMS":0.002020120620727539} []
[2023-08-29T16:39:34.816579-03:00] log.DEBUG: SELECT * FROM `usuarios` WHERE (`usuario` = 'Mauro') {"params":[],"types":[],"executionMS":0.0006818771362304688} []
[2023-08-29T16:39:34.818164-03:00] log.DEBUG: SELECT * FROM `usuarios` WHERE (`usuario` = 'Mauro') {"params":[],"types":[],"executionMS":0.0007560253143310547} []
[2023-08-29T16:39:57.523231-03:00] log.DEBUG: SELECT COUNT(*) FROM `paises` {"params":[],"types":[],"executionMS":0.0012278556823730469} []
[2023-08-29T16:39:57.524486-03:00] log.DEBUG: SELECT `codnum` AS `lf`, `descripcion` AS `df`, '' AS `df2`, '' AS `df3`, '' AS `df4` FROM `paises` ORDER BY `descripcion` ASC {"params":[],"types":[],"executionMS":0.0010211467742919922} []
[2023-08-29T16:39:57.525859-03:00] log.DEBUG: SELECT COUNT(*) FROM `provincias` {"params":[],"types":[],"executionMS":0.0008919239044189453} []
[2023-08-29T16:39:57.526706-03:00] log.DEBUG: SELECT `codnum` AS `lf`, `descripcion` AS `df`, '' AS `df2`, '' AS `df3`, '' AS `df4`, `codpais` AS `ff` FROM `provincias` ORDER BY `descripcion` ASC {"params":[],"types":[],"executionMS":0.0007679462432861328} []
[2023-08-29T16:39:57.528439-03:00] log.DEBUG: SELECT COUNT(*) FROM `localidades` {"params":[],"types":[],"executionMS":0.001035928726196289} []
[2023-08-29T16:39:57.529639-03:00] log.DEBUG: SELECT COUNT(*) FROM `tipoenti` {"params":[],"types":[],"executionMS":0.0008769035339355469} []
[2023-08-29T16:39:57.530323-03:00] log.DEBUG: SELECT `codnum` AS `lf`, `descripcion` AS `df`, '' AS `df2`, '' AS `df3`, '' AS `df4` FROM `tipoenti` ORDER BY `descripcion` ASC {"params":[],"types":[],"executionMS":0.0005970001220703125} []
[2023-08-29T16:39:57.531633-03:00] log.DEBUG: SELECT COUNT(*) FROM `tipoiva` {"params":[],"types":[],"executionMS":0.0009238719940185547} []
[2023-08-29T16:39:57.532340-03:00] log.DEBUG: SELECT `codnum` AS `lf`, `descrip` AS `df`, '' AS `df2`, '' AS `df3`, '' AS `df4` FROM `tipoiva` ORDER BY `descrip` ASC {"params":[],"types":[],"executionMS":0.0006330013275146484} []
[2023-08-29T16:39:57.533798-03:00] log.DEBUG: SELECT COUNT(*) FROM `calificacion` {"params":[],"types":[],"executionMS":0.0010449886322021484} []
[2023-08-29T16:39:57.534746-03:00] log.DEBUG: SELECT `codnum` AS `lf`, `descripcion` AS `df`, '' AS `df2`, '' AS `df3`, '' AS `df4` FROM `calificacion` ORDER BY `descripcion` ASC {"params":[],"types":[],"executionMS":0.0008790493011474609} []
[2023-08-29T16:39:57.535780-03:00] log.DEBUG: SELECT COUNT(*) FROM `tipoindustria` {"params":[],"types":[],"executionMS":0.0006499290466308594} []
[2023-08-29T16:39:57.536332-03:00] log.DEBUG: SELECT `codnum` AS `lf`, `nomre` AS `df`, '' AS `df2`, '' AS `df3`, '' AS `df4` FROM `tipoindustria` ORDER BY `nomre` ASC {"params":[],"types":[],"executionMS":0.0004820823669433594} []
[2023-08-29T16:39:57.542089-03:00] log.DEBUG: SELECT COUNT(*) FROM `entidades` {"params":[],"types":[],"executionMS":0.003091096878051758} []
[2023-08-29T16:39:57.543107-03:00] log.DEBUG: SELECT * FROM `entidades` LIMIT 20 {"params":[],"types":[],"executionMS":0.0007009506225585938} []
[2023-08-29T16:39:57.545859-03:00] log.DEBUG: SELECT `codnum` AS `lf`, `descripcion` AS `df`, '' AS `df2`, '' AS `df3`, '' AS `df4` FROM `localidades` WHERE `codnum` = 413 ORDER BY `descripcion` ASC {"params":[],"types":[],"executionMS":0.0009348392486572266} []
[2023-08-29T16:39:57.547183-03:00] log.DEBUG: SELECT `codnum` AS `lf`, `descripcion` AS `df`, '' AS `df2`, '' AS `df3`, '' AS `df4` FROM `localidades` WHERE `codnum` = 413 ORDER BY `descripcion` ASC {"params":[],"types":[],"executionMS":0.000537872314453125} []
[2023-08-29T16:39:57.548467-03:00] log.DEBUG: SELECT `codnum` AS `lf`, `descripcion` AS `df`, '' AS `df2`, '' AS `df3`, '' AS `df4` FROM `localidades` WHERE `codnum` = 9 ORDER BY `descripcion` ASC {"params":[],"types":[],"executionMS":0.0005278587341308594} []
[2023-08-29T16:39:57.549876-03:00] log.DEBUG: SELECT `codnum` AS `lf`, `descripcion` AS `df`, '' AS `df2`, '' AS `df3`, '' AS `df4` FROM `localidades` WHERE `codnum` = 9 ORDER BY `descripcion` ASC {"params":[],"types":[],"executionMS":0.0005109310150146484} []
[2023-08-29T16:39:57.551320-03:00] log.DEBUG: SELECT `codnum` AS `lf`, `descripcion` AS `df`, '' AS `df2`, '' AS `df3`, '' AS `df4` FROM `localidades` WHERE `codnum` = 934 ORDER BY `descripcion` ASC {"params":[],"types":[],"executionMS":0.0007879734039306641} []
[2023-08-29T16:39:57.552523-03:00] log.DEBUG: SELECT `codnum` AS `lf`, `descripcion` AS `df`, '' AS `df2`, '' AS `df3`, '' AS `df4` FROM `localidades` WHERE `codnum` = 28 ORDER BY `descripcion` ASC {"params":[],"types":[],"executionMS":0.0005679130554199219} []
[2023-08-29T16:39:57.553653-03:00] log.DEBUG: SELECT `codnum` AS `lf`, `descripcion` AS `df`, '' AS `df2`, '' AS `df3`, '' AS `df4` FROM `localidades` WHERE `codnum` = 380 ORDER BY `descripcion` ASC {"params":[],"types":[],"executionMS":0.0004448890686035156} []
[2023-08-29T16:39:57.555109-03:00] log.DEBUG: SELECT `codnum` AS `lf`, `descripcion` AS `df`, '' AS `df2`, '' AS `df3`, '' AS `df4` FROM `localidades` WHERE `codnum` = 13 ORDER BY `descripcion` ASC {"params":[],"types":[],"executionMS":0.0007979869842529297} []
[2023-08-29T16:39:57.556485-03:00] log.DEBUG: SELECT `codnum` AS `lf`, `descripcion` AS `df`, '' AS `df2`, '' AS `df3`, '' AS `df4` FROM `localidades` WHERE `codnum` = 8 ORDER BY `descripcion` ASC {"params":[],"types":[],"executionMS":0.0004391670227050781} []
[2023-08-29T16:39:57.557589-03:00] log.DEBUG: SELECT `codnum` AS `lf`, `descripcion` AS `df`, '' AS `df2`, '' AS `df3`, '' AS `df4` FROM `localidades` WHERE `codnum` = 413 ORDER BY `descripcion` ASC {"params":[],"types":[],"executionMS":0.0004608631134033203} []
[2023-08-29T16:39:57.558863-03:00] log.DEBUG: SELECT `codnum` AS `lf`, `descripcion` AS `df`, '' AS `df2`, '' AS `df3`, '' AS `df4` FROM `localidades` WHERE `codnum` = 413 ORDER BY `descripcion` ASC {"params":[],"types":[],"executionMS":0.0005948543548583984} []
[2023-08-29T16:39:57.560263-03:00] log.DEBUG: SELECT `codnum` AS `lf`, `descripcion` AS `df`, '' AS `df2`, '' AS `df3`, '' AS `df4` FROM `localidades` WHERE `codnum` = 413 ORDER BY `descripcion` ASC {"params":[],"types":[],"executionMS":0.000492095947265625} []
[2023-08-29T16:39:57.561341-03:00] log.DEBUG: SELECT `codnum` AS `lf`, `descripcion` AS `df`, '' AS `df2`, '' AS `df3`, '' AS `df4` FROM `localidades` WHERE `codnum` = 413 ORDER BY `descripcion` ASC {"params":[],"types":[],"executionMS":0.00046896934509277344} []
[2023-08-29T16:39:57.562432-03:00] log.DEBUG: SELECT `codnum` AS `lf`, `descripcion` AS `df`, '' AS `df2`, '' AS `df3`, '' AS `df4` FROM `localidades` WHERE `codnum` = 32 ORDER BY `descripcion` ASC {"params":[],"types":[],"executionMS":0.0004699230194091797} []
[2023-08-29T16:39:57.563677-03:00] log.DEBUG: SELECT `codnum` AS `lf`, `descripcion` AS `df`, '' AS `df2`, '' AS `df3`, '' AS `df4` FROM `localidades` WHERE `codnum` = 413 ORDER BY `descripcion` ASC {"params":[],"types":[],"executionMS":0.0006089210510253906} []
[2023-08-29T16:39:57.564880-03:00] log.DEBUG: SELECT `codnum` AS `lf`, `descripcion` AS `df`, '' AS `df2`, '' AS `df3`, '' AS `df4` FROM `localidades` WHERE `codnum` = 29 ORDER BY `descripcion` ASC {"params":[],"types":[],"executionMS":0.0005459785461425781} []
[2023-08-29T16:39:57.565884-03:00] log.DEBUG: SELECT `codnum` AS `lf`, `descripcion` AS `df`, '' AS `df2`, '' AS `df3`, '' AS `df4` FROM `localidades` WHERE `codnum` = 413 ORDER BY `descripcion` ASC {"params":[],"types":[],"executionMS":0.00041103363037109375} []
[2023-08-29T16:39:57.567462-03:00] log.DEBUG: SELECT `codnum` AS `lf`, `descripcion` AS `df`, '' AS `df2`, '' AS `df3`, '' AS `df4` FROM `localidades` WHERE `codnum` = 413 ORDER BY `descripcion` ASC {"params":[],"types":[],"executionMS":0.0008149147033691406} []
[2023-08-29T16:39:57.568785-03:00] log.DEBUG: SELECT `codnum` AS `lf`, `descripcion` AS `df`, '' AS `df2`, '' AS `df3`, '' AS `df4` FROM `localidades` WHERE `codnum` = 48 ORDER BY `descripcion` ASC {"params":[],"types":[],"executionMS":0.0005049705505371094} []
[2023-08-29T16:39:57.569884-03:00] log.DEBUG: SELECT `codnum` AS `lf`, `descripcion` AS `df`, '' AS `df2`, '' AS `df3`, '' AS `df4` FROM `localidades` WHERE `codnum` = 413 ORDER BY `descripcion` ASC {"params":[],"types":[],"executionMS":0.0004360675811767578} []
[2023-08-29T16:40:14.480635-03:00] log.DEBUG: 400 Bad Request Type: Slim\Exception\HttpBadRequestException Code: 400 Message: Invalid post request File: /var/www/Subastas2021/src/PermissionMiddleware.php Line: 115 Trace: #0 /var/www/Subastas2021/vendor/slim/slim/Slim/MiddlewareDispatcher.php(168): PHPMaker2021\Subastas2021\PermissionMiddleware->__invoke() #1 /var/www/Subastas2021/vendor/slim/slim/Slim/MiddlewareDispatcher.php(65): Psr\Http\Server\RequestHandlerInterface@anonymous->handle() #2 /var/www/Subastas2021/vendor/slim/slim/Slim/MiddlewareDispatcher.php(65): Slim\MiddlewareDispatcher->handle() #3 /var/www/Subastas2021/vendor/slim/slim/Slim/Routing/Route.php(315): Slim\MiddlewareDispatcher->handle() #4 /var/www/Subastas2021/vendor/slim/slim/Slim/Routing/RouteRunner.php(68): Slim\Routing\Route->run() #5 /var/www/Subastas2021/vendor/slim/slim/Slim/Middleware/BodyParsingMiddleware.php(64): Slim\Routing\RouteRunner->handle() #6 /var/www/Subastas2021/vendor/slim/slim/Slim/MiddlewareDispatcher.php(121): Slim\Middleware\BodyParsingMiddleware->process() #7 /var/www/Subastas2021/src/CorsMiddleware.php(32): Psr\Http\Server\RequestHandlerInterface@anonymous->handle() #8 /var/www/Subastas2021/vendor/slim/slim/Slim/MiddlewareDispatcher.php(121): PHPMaker2021\Subastas2021\CorsMiddleware->process() #9 /var/www/Subastas2021/vendor/slim/slim/Slim/Middleware/RoutingMiddleware.php(45): Psr\Http\Server\RequestHandlerInterface@anonymous->handle() #10 /var/www/Subastas2021/vendor/slim/slim/Slim/MiddlewareDispatcher.php(121): Slim\Middleware\RoutingMiddleware->process() #11 /var/www/Subastas2021/vendor/selective/samesite-cookie/src/SameSiteCookieMiddleware.php(52): Psr\Http\Server\RequestHandlerInterface@anonymous->handle() #12 /var/www/Subastas2021/vendor/slim/slim/Slim/MiddlewareDispatcher.php(121): Selective\SameSiteCookie\SameSiteCookieMiddleware->process() #13 /var/www/Subastas2021/vendor/selective/samesite-cookie/src/SameSiteSessionMiddleware.php(44): Psr\Http\Server\RequestHandlerInterface@anonymous->handle() #14 /var/www/Subastas2021/vendor/slim/slim/Slim/MiddlewareDispatcher.php(121): Selective\SameSiteCookie\SameSiteSessionMiddleware->process() #15 /var/www/Subastas2021/vendor/slim/slim/Slim/Middleware/ErrorMiddleware.php(76): Psr\Http\Server\RequestHandlerInterface@anonymous->handle() #16 /var/www/Subastas2021/vendor/slim/slim/Slim/MiddlewareDispatcher.php(121): Slim\Middleware\ErrorMiddleware->process() #17 /var/www/Subastas2021/vendor/slim/slim/Slim/MiddlewareDispatcher.php(65): Psr\Http\Server\RequestHandlerInterface@anonymous->handle() #18 /var/www/Subastas2021/vendor/slim/slim/Slim/App.php(199): Slim\MiddlewareDispatcher->handle() #19 /var/www/Subastas2021/vendor/slim/slim/Slim/App.php(183): Slim\App->handle() #20 /var/www/Subastas2021/index.php(116): Slim\App->run() #21 {main} Tips: To display error details in HTTP response set "displayErrorDetails" to true in the ErrorHandler constructor. [] []
[2023-08-29T16:40:19.393630-03:00] log.DEBUG: SELECT * FROM `usuarios` WHERE (`usuario` = 'diegor') {"params":[],"types":[],"executionMS":0.0008950233459472656} []
[2023-08-29T16:40:19.394934-03:00] log.DEBUG: SELECT * FROM `usuarios` WHERE (`usuario` = 'diegor') AND (`activo` = 1) {"params":[],"types":[],"executionMS":0.0006539821624755859} []
[2023-08-29T16:40:19.395947-03:00] log.DEBUG: SELECT * FROM `usuarios` WHERE (`usuario` = 'diegor') {"params":[],"types":[],"executionMS":0.0005919933319091797} []
[2023-08-29T16:40:19.397325-03:00] log.DEBUG: UPDATE `usuarios` SET `perfil` = ? WHERE (`usuario` = 'diegor') {"params":{"1":"a:10:{s:15:\"LoginRetryCount\";i:0;s:20:\"LastBadLoginDateTime\";s:19:\"2023/08/07 14:24:48\";s:23:\"LastPasswordChangedDate\";s:10:\"2023/08/06\";s:6:\"codnum\";i:38;s:7:\"usuario\";s:6:\"diegor\";s:6:\"nombre\";s:13:\"Diego Ranieri\";s:5:\"nivel\";i:-1;s:5:\"email\";s:0:\"\";s:6:\"perfil\";s:0:\"\";s:6:\"activo\";i:1;}"},"types":{"1":2},"executionMS":0.0009691715240478516} []
[2023-08-29T16:40:19.398331-03:00] log.DEBUG: SELECT * FROM `usuarios` WHERE (`usuario` = 'diegor') {"params":[],"types":[],"executionMS":0.0006458759307861328} []
[2023-08-29T16:40:19.399868-03:00] log.DEBUG: SELECT * FROM `usuarios` WHERE (`usuario` = 'diegor') {"params":[],"types":[],"executionMS":0.0006189346313476562} []
