[2023-09-25T08:51:33.060229-03:00] log.DEBUG: SELECT * FROM `usuarios` WHERE (`usuario` = 'juanc') {"params":[],"types":[],"executionMS":0.0008649826049804688} []
[2023-09-25T08:51:33.061739-03:00] log.DEBUG: SELECT * FROM `usuarios` WHERE (`usuario` = 'juanc') AND (`activo` = 1) {"params":[],"types":[],"executionMS":0.0006809234619140625} []
[2023-09-25T08:51:33.062876-03:00] log.DEBUG: SELECT * FROM `usuarios` WHERE (`usuario` = 'juanc') {"params":[],"types":[],"executionMS":0.0005939006805419922} []
[2023-09-25T08:51:33.063961-03:00] log.DEBUG: UPDATE `usuarios` SET `perfil` = ? WHERE (`usuario` = 'juanc') {"params":{"1":"a:10:{s:15:\"LoginRetryCount\";i:0;s:20:\"LastBadLoginDateTime\";s:0:\"\";s:23:\"LastPasswordChangedDate\";s:10:\"2023/09/14\";s:6:\"codnum\";i:15;s:7:\"usuario\";s:5:\"juanc\";s:6:\"nombre\";s:12:\"Juan Cipolat\";s:5:\"nivel\";i:-1;s:5:\"email\";s:0:\"\";s:6:\"perfil\";s:0:\"\";s:6:\"activo\";i:1;}"},"types":{"1":2},"executionMS":0.0006279945373535156} []
[2023-09-25T08:51:33.064882-03:00] log.DEBUG: SELECT * FROM `usuarios` WHERE (`usuario` = 'juanc') {"params":[],"types":[],"executionMS":0.0005350112915039062} []
[2023-09-25T08:51:33.066280-03:00] log.DEBUG: SELECT * FROM `usuarios` WHERE (`usuario` = 'juanc') {"params":[],"types":[],"executionMS":0.0005469322204589844} []
[2023-09-25T09:58:42.681062-03:00] log.DEBUG: SELECT * FROM `usuarios` WHERE (`usuario` = 'Nahuel') {"params":[],"types":[],"executionMS":0.0010790824890136719} []
[2023-09-25T09:58:42.682570-03:00] log.DEBUG: SELECT * FROM `usuarios` WHERE (`usuario` = 'Nahuel') AND (`activo` = 1) {"params":[],"types":[],"executionMS":0.0006530284881591797} []
[2023-09-25T09:58:42.683489-03:00] log.DEBUG: SELECT * FROM `usuarios` WHERE (`usuario` = 'Nahuel') {"params":[],"types":[],"executionMS":0.0005290508270263672} []
[2023-09-25T09:58:42.684513-03:00] log.DEBUG: UPDATE `usuarios` SET `perfil` = ? WHERE (`usuario` = 'Nahuel') {"params":{"1":"a:10:{s:15:\"LoginRetryCount\";i:0;s:20:\"LastBadLoginDateTime\";s:0:\"\";s:23:\"LastPasswordChangedDate\";s:10:\"2023/07/13\";s:6:\"codnum\";i:16;s:7:\"usuario\";s:6:\"nahuel\";s:6:\"nombre\";s:14:\"Nahuel Esteves\";s:5:\"nivel\";i:2;s:5:\"email\";s:0:\"\";s:6:\"perfil\";s:0:\"\";s:6:\"activo\";i:1;}"},"types":{"1":2},"executionMS":0.0006499290466308594} []
[2023-09-25T09:58:42.685424-03:00] log.DEBUG: SELECT * FROM `usuarios` WHERE (`usuario` = 'Nahuel') {"params":[],"types":[],"executionMS":0.0005428791046142578} []
[2023-09-25T09:58:42.686811-03:00] log.DEBUG: SELECT * FROM `usuarios` WHERE (`usuario` = 'Nahuel') {"params":[],"types":[],"executionMS":0.0005319118499755859} []
[2023-09-25T10:01:16.849728-03:00] log.DEBUG: SELECT * FROM `usuarios` WHERE (`usuario` = 'guido') {"params":[],"types":[],"executionMS":0.0009579658508300781} []
[2023-09-25T10:01:16.851641-03:00] log.DEBUG: SELECT * FROM `usuarios` WHERE (`usuario` = 'guido') AND (`activo` = 1) {"params":[],"types":[],"executionMS":0.0006911754608154297} []
[2023-09-25T10:01:16.852911-03:00] log.DEBUG: SELECT * FROM `usuarios` WHERE (`usuario` = 'guido') {"params":[],"types":[],"executionMS":0.0005750656127929688} []
[2023-09-25T10:01:16.854248-03:00] log.DEBUG: UPDATE `usuarios` SET `perfil` = ? WHERE (`usuario` = 'guido') {"params":{"1":"a:10:{s:15:\"LoginRetryCount\";i:0;s:20:\"LastBadLoginDateTime\";s:0:\"\";s:23:\"LastPasswordChangedDate\";s:10:\"2023/09/13\";s:6:\"codnum\";i:50;s:7:\"usuario\";s:5:\"guido\";s:6:\"nombre\";s:10:\"Guido Osso\";s:5:\"nivel\";i:2;s:5:\"email\";s:0:\"\";s:6:\"perfil\";s:0:\"\";s:6:\"activo\";i:1;}"},"types":{"1":2},"executionMS":0.0007028579711914062} []
[2023-09-25T10:01:16.855378-03:00] log.DEBUG: SELECT * FROM `usuarios` WHERE (`usuario` = 'guido') {"params":[],"types":[],"executionMS":0.0005240440368652344} []
[2023-09-25T10:01:16.856694-03:00] log.DEBUG: SELECT * FROM `usuarios` WHERE (`usuario` = 'guido') {"params":[],"types":[],"executionMS":0.00048089027404785156} []
[2023-09-25T10:33:22.762555-03:00] log.DEBUG: SELECT * FROM `usuarios` WHERE (`usuario` = 'Sebastian') {"params":[],"types":[],"executionMS":0.0010929107666015625} []
[2023-09-25T10:33:22.764326-03:00] log.DEBUG: SELECT * FROM `usuarios` WHERE (`usuario` = 'Sebastian') AND (`activo` = 1) {"params":[],"types":[],"executionMS":0.0008890628814697266} []
[2023-09-25T10:33:22.765310-03:00] log.DEBUG: SELECT * FROM `usuarios` WHERE (`usuario` = 'Sebastian') {"params":[],"types":[],"executionMS":0.0005359649658203125} []
[2023-09-25T10:33:22.766402-03:00] log.DEBUG: UPDATE `usuarios` SET `perfil` = ? WHERE (`usuario` = 'Sebastian') {"params":{"1":"a:10:{s:15:\"LoginRetryCount\";i:0;s:20:\"LastBadLoginDateTime\";s:19:\"2023/08/31 16:27:45\";s:23:\"LastPasswordChangedDate\";s:10:\"2023/08/31\";s:6:\"codnum\";i:41;s:7:\"usuario\";s:9:\"Sebastian\";s:6:\"nombre\";s:22:\"Sebastian Carlos Perez\";s:5:\"nivel\";i:-1;s:5:\"email\";s:0:\"\";s:6:\"perfil\";s:126:\"a:3:{s:15:\"LoginRetryCount\";i:1;s:20:\"LastBadLoginDateTime\";s:19:\"2023/08/31 16:27:45\";s:23:\"LastPasswordChangedDate\";s:0:\"\";}\";s:6:\"activo\";i:1;}"},"types":{"1":2},"executionMS":0.0006868839263916016} []
[2023-09-25T10:33:22.767340-03:00] log.DEBUG: SELECT * FROM `usuarios` WHERE (`usuario` = 'Sebastian') {"params":[],"types":[],"executionMS":0.0005841255187988281} []
[2023-09-25T10:33:22.769444-03:00] log.DEBUG: SELECT * FROM `usuarios` WHERE (`usuario` = 'Sebastian') {"params":[],"types":[],"executionMS":0.0006639957427978516} []
[2023-09-25T11:32:17.815674-03:00] log.DEBUG: SELECT * FROM `usuarios` WHERE (`usuario` = 'Nahuel') {"params":[],"types":[],"executionMS":0.0010619163513183594} []
[2023-09-25T11:32:17.817665-03:00] log.DEBUG: SELECT * FROM `usuarios` WHERE (`usuario` = 'Nahuel') AND (`activo` = 1) {"params":[],"types":[],"executionMS":0.0008339881896972656} []
[2023-09-25T11:32:17.819301-03:00] log.DEBUG: SELECT * FROM `usuarios` WHERE (`usuario` = 'Nahuel') {"params":[],"types":[],"executionMS":0.0006861686706542969} []
[2023-09-25T11:32:17.820321-03:00] log.DEBUG: UPDATE `usuarios` SET `perfil` = ? WHERE (`usuario` = 'Nahuel') {"params":{"1":"a:10:{s:15:\"LoginRetryCount\";i:0;s:20:\"LastBadLoginDateTime\";s:0:\"\";s:23:\"LastPasswordChangedDate\";s:10:\"2023/07/13\";s:6:\"codnum\";i:16;s:7:\"usuario\";s:6:\"nahuel\";s:6:\"nombre\";s:14:\"Nahuel Esteves\";s:5:\"nivel\";i:2;s:5:\"email\";s:0:\"\";s:6:\"perfil\";s:0:\"\";s:6:\"activo\";i:1;}"},"types":{"1":2},"executionMS":0.0006010532379150391} []
[2023-09-25T11:32:17.821158-03:00] log.DEBUG: SELECT * FROM `usuarios` WHERE (`usuario` = 'Nahuel') {"params":[],"types":[],"executionMS":0.0004870891571044922} []
[2023-09-25T11:32:17.822479-03:00] log.DEBUG: SELECT * FROM `usuarios` WHERE (`usuario` = 'Nahuel') {"params":[],"types":[],"executionMS":0.0005099773406982422} []
[2023-09-25T11:36:12.403182-03:00] log.DEBUG: SELECT * FROM `usuarios` WHERE (`usuario` = 'juanc') {"params":[],"types":[],"executionMS":0.0008389949798583984} []
[2023-09-25T11:36:12.404616-03:00] log.DEBUG: SELECT * FROM `usuarios` WHERE (`usuario` = 'juanc') AND (`activo` = 1) {"params":[],"types":[],"executionMS":0.0006949901580810547} []
[2023-09-25T11:36:12.405669-03:00] log.DEBUG: SELECT * FROM `usuarios` WHERE (`usuario` = 'juanc') {"params":[],"types":[],"executionMS":0.0006508827209472656} []
[2023-09-25T11:36:12.406895-03:00] log.DEBUG: UPDATE `usuarios` SET `perfil` = ? WHERE (`usuario` = 'juanc') {"params":{"1":"a:10:{s:15:\"LoginRetryCount\";i:0;s:20:\"LastBadLoginDateTime\";s:0:\"\";s:23:\"LastPasswordChangedDate\";s:10:\"2023/09/14\";s:6:\"codnum\";i:15;s:7:\"usuario\";s:5:\"juanc\";s:6:\"nombre\";s:12:\"Juan Cipolat\";s:5:\"nivel\";i:-1;s:5:\"email\";s:0:\"\";s:6:\"perfil\";s:0:\"\";s:6:\"activo\";i:1;}"},"types":{"1":2},"executionMS":0.0008380413055419922} []
[2023-09-25T11:36:12.409061-03:00] log.DEBUG: SELECT * FROM `usuarios` WHERE (`usuario` = 'juanc') {"params":[],"types":[],"executionMS":0.0018010139465332031} []
[2023-09-25T11:36:12.410512-03:00] log.DEBUG: SELECT * FROM `usuarios` WHERE (`usuario` = 'juanc') {"params":[],"types":[],"executionMS":0.0005679130554199219} []
[2023-09-25T11:43:01.994176-03:00] log.DEBUG: SELECT * FROM `usuarios` WHERE (`usuario` = 'nicole') {"params":[],"types":[],"executionMS":0.0008928775787353516} []
[2023-09-25T11:43:01.995826-03:00] log.DEBUG: SELECT * FROM `usuarios` WHERE (`usuario` = 'nicole') AND (`activo` = 1) {"params":[],"types":[],"executionMS":0.0006389617919921875} []
[2023-09-25T11:43:01.996862-03:00] log.DEBUG: SELECT * FROM `usuarios` WHERE (`usuario` = 'nicole') {"params":[],"types":[],"executionMS":0.0005869865417480469} []
[2023-09-25T11:43:01.997883-03:00] log.DEBUG: UPDATE `usuarios` SET `perfil` = ? WHERE (`usuario` = 'nicole') {"params":{"1":"a:10:{s:15:\"LoginRetryCount\";i:0;s:20:\"LastBadLoginDateTime\";s:0:\"\";s:23:\"LastPasswordChangedDate\";s:10:\"2023/09/21\";s:6:\"codnum\";i:24;s:7:\"usuario\";s:6:\"nicole\";s:6:\"nombre\";s:14:\"Nicole Favilla\";s:5:\"nivel\";i:2;s:5:\"email\";s:0:\"\";s:6:\"perfil\";s:0:\"\";s:6:\"activo\";i:1;}"},"types":{"1":2},"executionMS":0.0006039142608642578} []
[2023-09-25T11:43:01.998852-03:00] log.DEBUG: SELECT * FROM `usuarios` WHERE (`usuario` = 'nicole') {"params":[],"types":[],"executionMS":0.0005559921264648438} []
[2023-09-25T11:43:02.000336-03:00] log.DEBUG: SELECT * FROM `usuarios` WHERE (`usuario` = 'nicole') {"params":[],"types":[],"executionMS":0.0006220340728759766} []
[2023-09-25T13:13:44.526326-03:00] log.DEBUG: SELECT * FROM `usuarios` WHERE (`usuario` = 'juanc') {"params":[],"types":[],"executionMS":0.0011630058288574219} []
[2023-09-25T13:13:44.527979-03:00] log.DEBUG: SELECT * FROM `usuarios` WHERE (`usuario` = 'juanc') AND (`activo` = 1) {"params":[],"types":[],"executionMS":0.0007581710815429688} []
[2023-09-25T13:13:44.529099-03:00] log.DEBUG: SELECT * FROM `usuarios` WHERE (`usuario` = 'juanc') {"params":[],"types":[],"executionMS":0.0005741119384765625} []
[2023-09-25T13:13:44.530258-03:00] log.DEBUG: UPDATE `usuarios` SET `perfil` = ? WHERE (`usuario` = 'juanc') {"params":{"1":"a:10:{s:15:\"LoginRetryCount\";i:0;s:20:\"LastBadLoginDateTime\";s:0:\"\";s:23:\"LastPasswordChangedDate\";s:10:\"2023/09/14\";s:6:\"codnum\";i:15;s:7:\"usuario\";s:5:\"juanc\";s:6:\"nombre\";s:12:\"Juan Cipolat\";s:5:\"nivel\";i:-1;s:5:\"email\";s:0:\"\";s:6:\"perfil\";s:0:\"\";s:6:\"activo\";i:1;}"},"types":{"1":2},"executionMS":0.000659942626953125} []
[2023-09-25T13:13:44.531284-03:00] log.DEBUG: SELECT * FROM `usuarios` WHERE (`usuario` = 'juanc') {"params":[],"types":[],"executionMS":0.0005679130554199219} []
[2023-09-25T13:13:44.532834-03:00] log.DEBUG: SELECT * FROM `usuarios` WHERE (`usuario` = 'juanc') {"params":[],"types":[],"executionMS":0.0006330013275146484} []
[2023-09-25T13:57:54.962838-03:00] log.DEBUG: SELECT * FROM `usuarios` WHERE (`usuario` = 'guido') {"params":[],"types":[],"executionMS":0.0008940696716308594} []
[2023-09-25T13:57:54.964296-03:00] log.DEBUG: SELECT * FROM `usuarios` WHERE (`usuario` = 'guido') AND (`activo` = 1) {"params":[],"types":[],"executionMS":0.0006699562072753906} []
[2023-09-25T13:57:54.965383-03:00] log.DEBUG: SELECT * FROM `usuarios` WHERE (`usuario` = 'guido') {"params":[],"types":[],"executionMS":0.0005729198455810547} []
[2023-09-25T13:57:54.966544-03:00] log.DEBUG: UPDATE `usuarios` SET `perfil` = ? WHERE (`usuario` = 'guido') {"params":{"1":"a:10:{s:15:\"LoginRetryCount\";i:0;s:20:\"LastBadLoginDateTime\";s:0:\"\";s:23:\"LastPasswordChangedDate\";s:10:\"2023/09/13\";s:6:\"codnum\";i:50;s:7:\"usuario\";s:5:\"guido\";s:6:\"nombre\";s:10:\"Guido Osso\";s:5:\"nivel\";i:2;s:5:\"email\";s:0:\"\";s:6:\"perfil\";s:0:\"\";s:6:\"activo\";i:1;}"},"types":{"1":2},"executionMS":0.0006990432739257812} []
[2023-09-25T13:57:54.967528-03:00] log.DEBUG: SELECT * FROM `usuarios` WHERE (`usuario` = 'guido') {"params":[],"types":[],"executionMS":0.0005600452423095703} []
[2023-09-25T13:57:54.969024-03:00] log.DEBUG: SELECT * FROM `usuarios` WHERE (`usuario` = 'guido') {"params":[],"types":[],"executionMS":0.0006020069122314453} []
[2023-09-25T14:18:38.210615-03:00] log.DEBUG: SELECT * FROM `usuarios` WHERE (`usuario` = 'carolina') {"params":[],"types":[],"executionMS":0.0011310577392578125} []
[2023-09-25T14:18:38.212801-03:00] log.DEBUG: SELECT * FROM `usuarios` WHERE (`usuario` = 'carolina') AND (`activo` = 1) {"params":[],"types":[],"executionMS":0.0010349750518798828} []
[2023-09-25T14:18:38.214370-03:00] log.DEBUG: SELECT * FROM `usuarios` WHERE (`usuario` = 'carolina') {"params":[],"types":[],"executionMS":0.0009379386901855469} []
[2023-09-25T14:18:38.226066-03:00] log.DEBUG: UPDATE `usuarios` SET `perfil` = ? WHERE (`usuario` = 'carolina') {"params":{"1":"a:10:{s:15:\"LoginRetryCount\";i:1;s:20:\"LastBadLoginDateTime\";s:19:\"2023/09/25 14:18:38\";s:23:\"LastPasswordChangedDate\";s:10:\"2023/07/13\";s:6:\"codnum\";i:53;s:7:\"usuario\";s:8:\"carolina\";s:6:\"nombre\";s:15:\"Carolina Polito\";s:5:\"nivel\";i:2;s:5:\"email\";s:0:\"\";s:6:\"perfil\";s:0:\"\";s:6:\"activo\";i:1;}"},"types":{"1":2},"executionMS":0.010715961456298828} []
[2023-09-25T14:19:09.506426-03:00] log.DEBUG: SELECT * FROM `usuarios` WHERE (`usuario` = 'carolina') {"params":[],"types":[],"executionMS":0.0008909702301025391} []
[2023-09-25T14:19:09.507799-03:00] log.DEBUG: SELECT * FROM `usuarios` WHERE (`usuario` = 'carolina') AND (`activo` = 1) {"params":[],"types":[],"executionMS":0.0007588863372802734} []
[2023-09-25T14:19:09.508789-03:00] log.DEBUG: SELECT * FROM `usuarios` WHERE (`usuario` = 'carolina') {"params":[],"types":[],"executionMS":0.0006210803985595703} []
[2023-09-25T14:19:09.519523-03:00] log.DEBUG: UPDATE `usuarios` SET `perfil` = ? WHERE (`usuario` = 'carolina') {"params":{"1":"a:10:{s:15:\"LoginRetryCount\";i:0;s:20:\"LastBadLoginDateTime\";s:19:\"2023/09/25 14:18:38\";s:23:\"LastPasswordChangedDate\";s:10:\"2023/07/13\";s:6:\"codnum\";i:53;s:7:\"usuario\";s:8:\"carolina\";s:6:\"nombre\";s:15:\"Carolina Polito\";s:5:\"nivel\";i:2;s:5:\"email\";s:0:\"\";s:6:\"perfil\";s:0:\"\";s:6:\"activo\";i:1;}"},"types":{"1":2},"executionMS":0.010364055633544922} []
[2023-09-25T14:19:09.520513-03:00] log.DEBUG: SELECT * FROM `usuarios` WHERE (`usuario` = 'carolina') {"params":[],"types":[],"executionMS":0.0005948543548583984} []
[2023-09-25T14:19:09.522198-03:00] log.DEBUG: SELECT * FROM `usuarios` WHERE (`usuario` = 'carolina') {"params":[],"types":[],"executionMS":0.0008661746978759766} []
[2023-09-25T14:59:32.863182-03:00] log.DEBUG: SELECT * FROM `usuarios` WHERE (`usuario` = 'nicole') {"params":[],"types":[],"executionMS":0.0010099411010742188} []
[2023-09-25T14:59:32.864833-03:00] log.DEBUG: SELECT * FROM `usuarios` WHERE (`usuario` = 'nicole') AND (`activo` = 1) {"params":[],"types":[],"executionMS":0.0008862018585205078} []
[2023-09-25T14:59:32.865889-03:00] log.DEBUG: SELECT * FROM `usuarios` WHERE (`usuario` = 'nicole') {"params":[],"types":[],"executionMS":0.0005941390991210938} []
[2023-09-25T14:59:32.867025-03:00] log.DEBUG: UPDATE `usuarios` SET `perfil` = ? WHERE (`usuario` = 'nicole') {"params":{"1":"a:10:{s:15:\"LoginRetryCount\";i:0;s:20:\"LastBadLoginDateTime\";s:0:\"\";s:23:\"LastPasswordChangedDate\";s:10:\"2023/09/21\";s:6:\"codnum\";i:24;s:7:\"usuario\";s:6:\"nicole\";s:6:\"nombre\";s:14:\"Nicole Favilla\";s:5:\"nivel\";i:2;s:5:\"email\";s:0:\"\";s:6:\"perfil\";s:0:\"\";s:6:\"activo\";i:1;}"},"types":{"1":2},"executionMS":0.0007028579711914062} []
[2023-09-25T14:59:32.867982-03:00] log.DEBUG: SELECT * FROM `usuarios` WHERE (`usuario` = 'nicole') {"params":[],"types":[],"executionMS":0.0005910396575927734} []
[2023-09-25T14:59:32.869408-03:00] log.DEBUG: SELECT * FROM `usuarios` WHERE (`usuario` = 'nicole') {"params":[],"types":[],"executionMS":0.0006082057952880859} []
[2023-09-25T15:01:02.768046-03:00] log.DEBUG: SELECT * FROM `usuarios` WHERE (`usuario` = 'paola') {"params":[],"types":[],"executionMS":0.0009207725524902344} []
[2023-09-25T15:01:02.769562-03:00] log.DEBUG: SELECT * FROM `usuarios` WHERE (`usuario` = 'paola') AND (`activo` = 1) {"params":[],"types":[],"executionMS":0.0007650852203369141} []
[2023-09-25T15:01:02.771171-03:00] log.DEBUG: SELECT * FROM `usuarios` WHERE (`usuario` = 'paola') {"params":[],"types":[],"executionMS":0.0011360645294189453} []
[2023-09-25T15:01:02.772566-03:00] log.DEBUG: UPDATE `usuarios` SET `perfil` = ? WHERE (`usuario` = 'paola') {"params":{"1":"a:10:{s:15:\"LoginRetryCount\";i:0;s:20:\"LastBadLoginDateTime\";s:0:\"\";s:23:\"LastPasswordChangedDate\";s:10:\"2023/09/08\";s:6:\"codnum\";i:49;s:7:\"usuario\";s:5:\"paola\";s:6:\"nombre\";s:12:\"Paola Pérez\";s:5:\"nivel\";i:-1;s:5:\"email\";s:0:\"\";s:6:\"perfil\";s:0:\"\";s:6:\"activo\";i:1;}"},"types":{"1":2},"executionMS":0.0009560585021972656} []
[2023-09-25T15:01:02.773732-03:00] log.DEBUG: SELECT * FROM `usuarios` WHERE (`usuario` = 'paola') {"params":[],"types":[],"executionMS":0.0006859302520751953} []
[2023-09-25T15:01:02.775393-03:00] log.DEBUG: SELECT * FROM `usuarios` WHERE (`usuario` = 'paola') {"params":[],"types":[],"executionMS":0.0006628036499023438} []
[2023-09-25T15:36:26.925259-03:00] log.DEBUG: SELECT * FROM `usuarios` WHERE (`usuario` = 'jeremias') {"params":[],"types":[],"executionMS":0.0008680820465087891} []
[2023-09-25T15:36:26.927297-03:00] log.DEBUG: SELECT * FROM `usuarios` WHERE (`usuario` = 'jeremias') AND (`activo` = 1) {"params":[],"types":[],"executionMS":0.0007259845733642578} []
[2023-09-25T15:36:26.933216-03:00] log.DEBUG: SELECT * FROM `usuarios` WHERE (`usuario` = 'jeremias') {"params":[],"types":[],"executionMS":0.005185127258300781} []
[2023-09-25T15:36:26.934789-03:00] log.DEBUG: UPDATE `usuarios` SET `perfil` = ? WHERE (`usuario` = 'jeremias') {"params":{"1":"a:10:{s:15:\"LoginRetryCount\";i:0;s:20:\"LastBadLoginDateTime\";s:0:\"\";s:23:\"LastPasswordChangedDate\";s:10:\"2023/09/21\";s:6:\"codnum\";i:17;s:7:\"usuario\";s:8:\"jeremias\";s:6:\"nombre\";s:20:\"Jeremías Barreñada\";s:5:\"nivel\";i:2;s:5:\"email\";s:0:\"\";s:6:\"perfil\";s:0:\"\";s:6:\"activo\";i:1;}"},"types":{"1":2},"executionMS":0.0011179447174072266} []
[2023-09-25T15:36:26.935777-03:00] log.DEBUG: SELECT * FROM `usuarios` WHERE (`usuario` = 'jeremias') {"params":[],"types":[],"executionMS":0.0005888938903808594} []
[2023-09-25T15:36:26.937233-03:00] log.DEBUG: SELECT * FROM `usuarios` WHERE (`usuario` = 'jeremias') {"params":[],"types":[],"executionMS":0.0005240440368652344} []
[2023-09-25T15:50:23.060952-03:00] log.DEBUG: 400 Bad Request Type: Slim\Exception\HttpBadRequestException Code: 400 Message: Invalid post request File: /var/www/Subastas2021/src/PermissionMiddleware.php Line: 115 Trace: #0 /var/www/Subastas2021/vendor/slim/slim/Slim/MiddlewareDispatcher.php(168): PHPMaker2021\Subastas2021\PermissionMiddleware->__invoke() #1 /var/www/Subastas2021/vendor/slim/slim/Slim/MiddlewareDispatcher.php(65): Psr\Http\Server\RequestHandlerInterface@anonymous->handle() #2 /var/www/Subastas2021/vendor/slim/slim/Slim/MiddlewareDispatcher.php(65): Slim\MiddlewareDispatcher->handle() #3 /var/www/Subastas2021/vendor/slim/slim/Slim/Routing/Route.php(315): Slim\MiddlewareDispatcher->handle() #4 /var/www/Subastas2021/vendor/slim/slim/Slim/Routing/RouteRunner.php(68): Slim\Routing\Route->run() #5 /var/www/Subastas2021/vendor/slim/slim/Slim/Middleware/BodyParsingMiddleware.php(64): Slim\Routing\RouteRunner->handle() #6 /var/www/Subastas2021/vendor/slim/slim/Slim/MiddlewareDispatcher.php(121): Slim\Middleware\BodyParsingMiddleware->process() #7 /var/www/Subastas2021/src/CorsMiddleware.php(32): Psr\Http\Server\RequestHandlerInterface@anonymous->handle() #8 /var/www/Subastas2021/vendor/slim/slim/Slim/MiddlewareDispatcher.php(121): PHPMaker2021\Subastas2021\CorsMiddleware->process() #9 /var/www/Subastas2021/vendor/slim/slim/Slim/Middleware/RoutingMiddleware.php(45): Psr\Http\Server\RequestHandlerInterface@anonymous->handle() #10 /var/www/Subastas2021/vendor/slim/slim/Slim/MiddlewareDispatcher.php(121): Slim\Middleware\RoutingMiddleware->process() #11 /var/www/Subastas2021/vendor/selective/samesite-cookie/src/SameSiteCookieMiddleware.php(52): Psr\Http\Server\RequestHandlerInterface@anonymous->handle() #12 /var/www/Subastas2021/vendor/slim/slim/Slim/MiddlewareDispatcher.php(121): Selective\SameSiteCookie\SameSiteCookieMiddleware->process() #13 /var/www/Subastas2021/vendor/selective/samesite-cookie/src/SameSiteSessionMiddleware.php(44): Psr\Http\Server\RequestHandlerInterface@anonymous->handle() #14 /var/www/Subastas2021/vendor/slim/slim/Slim/MiddlewareDispatcher.php(121): Selective\SameSiteCookie\SameSiteSessionMiddleware->process() #15 /var/www/Subastas2021/vendor/slim/slim/Slim/Middleware/ErrorMiddleware.php(76): Psr\Http\Server\RequestHandlerInterface@anonymous->handle() #16 /var/www/Subastas2021/vendor/slim/slim/Slim/MiddlewareDispatcher.php(121): Slim\Middleware\ErrorMiddleware->process() #17 /var/www/Subastas2021/vendor/slim/slim/Slim/MiddlewareDispatcher.php(65): Psr\Http\Server\RequestHandlerInterface@anonymous->handle() #18 /var/www/Subastas2021/vendor/slim/slim/Slim/App.php(199): Slim\MiddlewareDispatcher->handle() #19 /var/www/Subastas2021/vendor/slim/slim/Slim/App.php(183): Slim\App->handle() #20 /var/www/Subastas2021/index.php(116): Slim\App->run() #21 {main} Tips: To display error details in HTTP response set "displayErrorDetails" to true in the ErrorHandler constructor. [] []
[2023-09-25T15:50:35.602592-03:00] log.DEBUG: SELECT * FROM `usuarios` WHERE (`usuario` = 'Nahuel') {"params":[],"types":[],"executionMS":0.0010509490966796875} []
[2023-09-25T15:50:35.604494-03:00] log.DEBUG: SELECT * FROM `usuarios` WHERE (`usuario` = 'Nahuel') AND (`activo` = 1) {"params":[],"types":[],"executionMS":0.0007860660552978516} []
[2023-09-25T15:50:35.605819-03:00] log.DEBUG: SELECT * FROM `usuarios` WHERE (`usuario` = 'Nahuel') {"params":[],"types":[],"executionMS":0.0006279945373535156} []
[2023-09-25T15:50:35.607272-03:00] log.DEBUG: UPDATE `usuarios` SET `perfil` = ? WHERE (`usuario` = 'Nahuel') {"params":{"1":"a:10:{s:15:\"LoginRetryCount\";i:0;s:20:\"LastBadLoginDateTime\";s:0:\"\";s:23:\"LastPasswordChangedDate\";s:10:\"2023/07/13\";s:6:\"codnum\";i:16;s:7:\"usuario\";s:6:\"nahuel\";s:6:\"nombre\";s:14:\"Nahuel Esteves\";s:5:\"nivel\";i:2;s:5:\"email\";s:0:\"\";s:6:\"perfil\";s:0:\"\";s:6:\"activo\";i:1;}"},"types":{"1":2},"executionMS":0.0006818771362304688} []
[2023-09-25T15:50:35.608228-03:00] log.DEBUG: SELECT * FROM `usuarios` WHERE (`usuario` = 'Nahuel') {"params":[],"types":[],"executionMS":0.0005869865417480469} []
[2023-09-25T15:50:35.609752-03:00] log.DEBUG: SELECT * FROM `usuarios` WHERE (`usuario` = 'Nahuel') {"params":[],"types":[],"executionMS":0.0006999969482421875} []
[2023-09-25T15:58:30.042026-03:00] log.DEBUG: SELECT * FROM `usuarios` WHERE (`usuario` = 'guido') {"params":[],"types":[],"executionMS":0.0011241436004638672} []
[2023-09-25T15:58:30.044272-03:00] log.DEBUG: SELECT * FROM `usuarios` WHERE (`usuario` = 'guido') AND (`activo` = 1) {"params":[],"types":[],"executionMS":0.0010221004486083984} []
[2023-09-25T15:58:30.045938-03:00] log.DEBUG: SELECT * FROM `usuarios` WHERE (`usuario` = 'guido') {"params":[],"types":[],"executionMS":0.0008199214935302734} []
[2023-09-25T15:58:30.047587-03:00] log.DEBUG: UPDATE `usuarios` SET `perfil` = ? WHERE (`usuario` = 'guido') {"params":{"1":"a:10:{s:15:\"LoginRetryCount\";i:0;s:20:\"LastBadLoginDateTime\";s:0:\"\";s:23:\"LastPasswordChangedDate\";s:10:\"2023/09/13\";s:6:\"codnum\";i:50;s:7:\"usuario\";s:5:\"guido\";s:6:\"nombre\";s:10:\"Guido Osso\";s:5:\"nivel\";i:2;s:5:\"email\";s:0:\"\";s:6:\"perfil\";s:0:\"\";s:6:\"activo\";i:1;}"},"types":{"1":2},"executionMS":0.0008840560913085938} []
[2023-09-25T15:58:30.049036-03:00] log.DEBUG: SELECT * FROM `usuarios` WHERE (`usuario` = 'guido') {"params":[],"types":[],"executionMS":0.0007870197296142578} []
[2023-09-25T15:58:30.050569-03:00] log.DEBUG: SELECT * FROM `usuarios` WHERE (`usuario` = 'guido') {"params":[],"types":[],"executionMS":0.0005218982696533203} []
[2023-09-25T16:11:13.612940-03:00] log.DEBUG: SELECT * FROM `usuarios` WHERE (`usuario` = 'nicole') {"params":[],"types":[],"executionMS":0.0011091232299804688} []
[2023-09-25T16:11:13.615039-03:00] log.DEBUG: SELECT * FROM `usuarios` WHERE (`usuario` = 'nicole') AND (`activo` = 1) {"params":[],"types":[],"executionMS":0.0009300708770751953} []
[2023-09-25T16:11:13.616608-03:00] log.DEBUG: SELECT * FROM `usuarios` WHERE (`usuario` = 'nicole') {"params":[],"types":[],"executionMS":0.0007929801940917969} []
[2023-09-25T16:11:13.617882-03:00] log.DEBUG: UPDATE `usuarios` SET `perfil` = ? WHERE (`usuario` = 'nicole') {"params":{"1":"a:10:{s:15:\"LoginRetryCount\";i:0;s:20:\"LastBadLoginDateTime\";s:0:\"\";s:23:\"LastPasswordChangedDate\";s:10:\"2023/09/21\";s:6:\"codnum\";i:24;s:7:\"usuario\";s:6:\"nicole\";s:6:\"nombre\";s:14:\"Nicole Favilla\";s:5:\"nivel\";i:2;s:5:\"email\";s:0:\"\";s:6:\"perfil\";s:0:\"\";s:6:\"activo\";i:1;}"},"types":{"1":2},"executionMS":0.0006480216979980469} []
[2023-09-25T16:11:13.618886-03:00] log.DEBUG: SELECT * FROM `usuarios` WHERE (`usuario` = 'nicole') {"params":[],"types":[],"executionMS":0.0005509853363037109} []
[2023-09-25T16:11:13.620397-03:00] log.DEBUG: SELECT * FROM `usuarios` WHERE (`usuario` = 'nicole') {"params":[],"types":[],"executionMS":0.0006301403045654297} []
[2023-09-25T16:36:09.197627-03:00] log.DEBUG: SELECT * FROM `usuarios` WHERE (`usuario` = 'paola') {"params":[],"types":[],"executionMS":0.001004934310913086} []
[2023-09-25T16:36:09.199239-03:00] log.DEBUG: SELECT * FROM `usuarios` WHERE (`usuario` = 'paola') AND (`activo` = 1) {"params":[],"types":[],"executionMS":0.0006630420684814453} []
[2023-09-25T16:36:09.200560-03:00] log.DEBUG: SELECT * FROM `usuarios` WHERE (`usuario` = 'paola') {"params":[],"types":[],"executionMS":0.0007159709930419922} []
[2023-09-25T16:36:09.201781-03:00] log.DEBUG: UPDATE `usuarios` SET `perfil` = ? WHERE (`usuario` = 'paola') {"params":{"1":"a:10:{s:15:\"LoginRetryCount\";i:0;s:20:\"LastBadLoginDateTime\";s:0:\"\";s:23:\"LastPasswordChangedDate\";s:10:\"2023/09/08\";s:6:\"codnum\";i:49;s:7:\"usuario\";s:5:\"paola\";s:6:\"nombre\";s:12:\"Paola Pérez\";s:5:\"nivel\";i:-1;s:5:\"email\";s:0:\"\";s:6:\"perfil\";s:0:\"\";s:6:\"activo\";i:1;}"},"types":{"1":2},"executionMS":0.0006558895111083984} []
[2023-09-25T16:36:09.202864-03:00] log.DEBUG: SELECT * FROM `usuarios` WHERE (`usuario` = 'paola') {"params":[],"types":[],"executionMS":0.0005578994750976562} []
[2023-09-25T16:36:09.205164-03:00] log.DEBUG: SELECT * FROM `usuarios` WHERE (`usuario` = 'paola') {"params":[],"types":[],"executionMS":0.0006809234619140625} []
