[2023-10-11T09:03:25.322338-03:00] log.DEBUG: SELECT * FROM `usuarios` WHERE (`usuario` = 'jeremias') {"params":[],"types":[],"executionMS":0.0010788440704345703} []
[2023-10-11T09:03:25.324546-03:00] log.DEBUG: SELECT * FROM `usuarios` WHERE (`usuario` = 'jeremias') AND (`activo` = 1) {"params":[],"types":[],"executionMS":0.0014278888702392578} []
[2023-10-11T09:03:25.325644-03:00] log.DEBUG: SELECT * FROM `usuarios` WHERE (`usuario` = 'jeremias') {"params":[],"types":[],"executionMS":0.000621795654296875} []
[2023-10-11T09:03:25.326819-03:00] log.DEBUG: UPDATE `usuarios` SET `perfil` = ? WHERE (`usuario` = 'jeremias') {"params":{"1":"a:10:{s:15:\"LoginRetryCount\";i:0;s:20:\"LastBadLoginDateTime\";s:0:\"\";s:23:\"LastPasswordChangedDate\";s:10:\"2023/09/21\";s:6:\"codnum\";i:17;s:7:\"usuario\";s:8:\"jeremias\";s:6:\"nombre\";s:20:\"Jeremías Barreñada\";s:5:\"nivel\";i:2;s:5:\"email\";s:0:\"\";s:6:\"perfil\";s:0:\"\";s:6:\"activo\";i:1;}"},"types":{"1":2},"executionMS":0.0007331371307373047} []
[2023-10-11T09:03:25.327914-03:00] log.DEBUG: SELECT * FROM `usuarios` WHERE (`usuario` = 'jeremias') {"params":[],"types":[],"executionMS":0.0006699562072753906} []
[2023-10-11T09:03:25.329560-03:00] log.DEBUG: SELECT * FROM `usuarios` WHERE (`usuario` = 'jeremias') {"params":[],"types":[],"executionMS":0.0007748603820800781} []
[2023-10-11T09:40:21.280789-03:00] log.DEBUG: SELECT * FROM `usuarios` WHERE (`usuario` = 'diegor') {"params":[],"types":[],"executionMS":0.0008900165557861328} []
[2023-10-11T09:40:21.282222-03:00] log.DEBUG: SELECT * FROM `usuarios` WHERE (`usuario` = 'diegor') AND (`activo` = 1) {"params":[],"types":[],"executionMS":0.0006902217864990234} []
[2023-10-11T09:40:21.283211-03:00] log.DEBUG: SELECT * FROM `usuarios` WHERE (`usuario` = 'diegor') {"params":[],"types":[],"executionMS":0.0005469322204589844} []
[2023-10-11T09:40:21.284296-03:00] log.DEBUG: UPDATE `usuarios` SET `perfil` = ? WHERE (`usuario` = 'diegor') {"params":{"1":"a:10:{s:15:\"LoginRetryCount\";i:0;s:20:\"LastBadLoginDateTime\";s:19:\"2023/08/07 14:24:48\";s:23:\"LastPasswordChangedDate\";s:10:\"2023/08/06\";s:6:\"codnum\";i:38;s:7:\"usuario\";s:6:\"diegor\";s:6:\"nombre\";s:13:\"Diego Ranieri\";s:5:\"nivel\";i:-1;s:5:\"email\";s:0:\"\";s:6:\"perfil\";s:0:\"\";s:6:\"activo\";i:1;}"},"types":{"1":2},"executionMS":0.0006771087646484375} []
[2023-10-11T09:40:21.285268-03:00] log.DEBUG: SELECT * FROM `usuarios` WHERE (`usuario` = 'diegor') {"params":[],"types":[],"executionMS":0.000598907470703125} []
[2023-10-11T09:40:21.286743-03:00] log.DEBUG: SELECT * FROM `usuarios` WHERE (`usuario` = 'diegor') {"params":[],"types":[],"executionMS":0.0005559921264648438} []
[2023-10-11T09:44:35.241467-03:00] log.DEBUG: SELECT * FROM `usuarios` WHERE (`usuario` = 'jeremias') {"params":[],"types":[],"executionMS":0.0008480548858642578} []
[2023-10-11T09:44:35.242957-03:00] log.DEBUG: SELECT * FROM `usuarios` WHERE (`usuario` = 'jeremias') AND (`activo` = 1) {"params":[],"types":[],"executionMS":0.0007750988006591797} []
[2023-10-11T09:44:35.243979-03:00] log.DEBUG: SELECT * FROM `usuarios` WHERE (`usuario` = 'jeremias') {"params":[],"types":[],"executionMS":0.0005950927734375} []
[2023-10-11T09:44:35.245088-03:00] log.DEBUG: UPDATE `usuarios` SET `perfil` = ? WHERE (`usuario` = 'jeremias') {"params":{"1":"a:10:{s:15:\"LoginRetryCount\";i:0;s:20:\"LastBadLoginDateTime\";s:0:\"\";s:23:\"LastPasswordChangedDate\";s:10:\"2023/09/21\";s:6:\"codnum\";i:17;s:7:\"usuario\";s:8:\"jeremias\";s:6:\"nombre\";s:20:\"Jeremías Barreñada\";s:5:\"nivel\";i:2;s:5:\"email\";s:0:\"\";s:6:\"perfil\";s:0:\"\";s:6:\"activo\";i:1;}"},"types":{"1":2},"executionMS":0.0007150173187255859} []
[2023-10-11T09:44:35.246023-03:00] log.DEBUG: SELECT * FROM `usuarios` WHERE (`usuario` = 'jeremias') {"params":[],"types":[],"executionMS":0.0005848407745361328} []
[2023-10-11T09:44:35.247492-03:00] log.DEBUG: SELECT * FROM `usuarios` WHERE (`usuario` = 'jeremias') {"params":[],"types":[],"executionMS":0.0006330013275146484} []
[2023-10-11T09:54:38.254249-03:00] log.DEBUG: SELECT * FROM `usuarios` WHERE (`usuario` = 'Nahuel') {"params":[],"types":[],"executionMS":0.00109100341796875} []
[2023-10-11T09:54:38.255511-03:00] log.DEBUG: SELECT * FROM `usuarios` WHERE (`usuario` = 'Nahuel') AND (`activo` = 1) {"params":[],"types":[],"executionMS":0.0005548000335693359} []
[2023-10-11T09:54:38.256354-03:00] log.DEBUG: SELECT * FROM `usuarios` WHERE (`usuario` = 'Nahuel') {"params":[],"types":[],"executionMS":0.0004520416259765625} []
[2023-10-11T09:54:38.257284-03:00] log.DEBUG: UPDATE `usuarios` SET `perfil` = ? WHERE (`usuario` = 'Nahuel') {"params":{"1":"a:10:{s:15:\"LoginRetryCount\";i:0;s:20:\"LastBadLoginDateTime\";s:19:\"2023/10/09 10:08:36\";s:23:\"LastPasswordChangedDate\";s:10:\"2023/07/13\";s:6:\"codnum\";i:16;s:7:\"usuario\";s:6:\"nahuel\";s:6:\"nombre\";s:14:\"Nahuel Esteves\";s:5:\"nivel\";i:2;s:5:\"email\";s:0:\"\";s:6:\"perfil\";s:0:\"\";s:6:\"activo\";i:1;}"},"types":{"1":2},"executionMS":0.0005400180816650391} []
[2023-10-11T09:54:38.258155-03:00] log.DEBUG: SELECT * FROM `usuarios` WHERE (`usuario` = 'Nahuel') {"params":[],"types":[],"executionMS":0.0004940032958984375} []
[2023-10-11T09:54:59.919064-03:00] log.DEBUG: SELECT * FROM `usuarios` WHERE (`usuario` = 'Nahuel') {"params":[],"types":[],"executionMS":0.0008668899536132812} []
[2023-10-11T09:54:59.920324-03:00] log.DEBUG: SELECT * FROM `usuarios` WHERE (`usuario` = 'Nahuel') AND (`activo` = 1) {"params":[],"types":[],"executionMS":0.0006129741668701172} []
[2023-10-11T09:54:59.921419-03:00] log.DEBUG: SELECT * FROM `usuarios` WHERE (`usuario` = 'Nahuel') {"params":[],"types":[],"executionMS":0.0006148815155029297} []
[2023-10-11T09:54:59.922458-03:00] log.DEBUG: UPDATE `usuarios` SET `perfil` = ? WHERE (`usuario` = 'Nahuel') {"params":{"1":"a:10:{s:15:\"LoginRetryCount\";i:0;s:20:\"LastBadLoginDateTime\";s:19:\"2023/10/09 10:08:36\";s:23:\"LastPasswordChangedDate\";s:10:\"2023/07/13\";s:6:\"codnum\";i:16;s:7:\"usuario\";s:6:\"nahuel\";s:6:\"nombre\";s:14:\"Nahuel Esteves\";s:5:\"nivel\";i:2;s:5:\"email\";s:0:\"\";s:6:\"perfil\";s:0:\"\";s:6:\"activo\";i:1;}"},"types":{"1":2},"executionMS":0.0006389617919921875} []
[2023-10-11T09:54:59.923451-03:00] log.DEBUG: SELECT * FROM `usuarios` WHERE (`usuario` = 'Nahuel') {"params":[],"types":[],"executionMS":0.0005068778991699219} []
[2023-10-11T09:55:58.408399-03:00] log.DEBUG: SELECT * FROM `usuarios` WHERE (`usuario` = 'Nahuel') {"params":[],"types":[],"executionMS":0.0008847713470458984} []
[2023-10-11T09:56:23.494803-03:00] log.DEBUG: SELECT * FROM `usuarios` WHERE (`usuario` = 'Nahuel') {"params":[],"types":[],"executionMS":0.0009739398956298828} []
[2023-10-11T09:57:49.144119-03:00] log.DEBUG: SELECT * FROM `usuarios` WHERE (`usuario` = 'Nahuel') {"params":[],"types":[],"executionMS":0.0012409687042236328} []
[2023-10-11T09:57:49.145394-03:00] log.DEBUG: UPDATE `usuarios` SET `clave` = ? WHERE (`usuario` = 'Nahuel') {"params":{"1":"6019_Nahuel"},"types":{"1":2},"executionMS":0.0008919239044189453} []
[2023-10-11T09:57:49.146403-03:00] log.DEBUG: SELECT * FROM `usuarios` WHERE (`usuario` = 'Nahuel') {"params":[],"types":[],"executionMS":0.0005311965942382812} []
[2023-10-11T09:57:49.163299-03:00] log.DEBUG: UPDATE `usuarios` SET `perfil` = ? WHERE (`usuario` = 'Nahuel') {"params":{"1":"a:10:{s:15:\"LoginRetryCount\";i:0;s:20:\"LastBadLoginDateTime\";s:19:\"2023/10/09 10:08:36\";s:23:\"LastPasswordChangedDate\";s:10:\"2023/10/11\";s:6:\"codnum\";i:16;s:7:\"usuario\";s:6:\"nahuel\";s:6:\"nombre\";s:14:\"Nahuel Esteves\";s:5:\"nivel\";i:2;s:5:\"email\";s:0:\"\";s:6:\"perfil\";s:0:\"\";s:6:\"activo\";i:1;}"},"types":{"1":2},"executionMS":0.016314983367919922} []
[2023-10-11T09:57:49.479040-03:00] log.DEBUG: SELECT * FROM `usuarios` WHERE (`usuario` = 'Nahuel') AND (`activo` = 1) {"params":[],"types":[],"executionMS":0.000782012939453125} []
[2023-10-11T09:57:49.480513-03:00] log.DEBUG: SELECT * FROM `usuarios` WHERE (`usuario` = 'Nahuel') {"params":[],"types":[],"executionMS":0.0008790493011474609} []
[2023-10-11T09:57:49.481452-03:00] log.DEBUG: UPDATE `usuarios` SET `perfil` = ? WHERE (`usuario` = 'Nahuel') {"params":{"1":"a:10:{s:15:\"LoginRetryCount\";i:0;s:20:\"LastBadLoginDateTime\";s:19:\"2023/10/09 10:08:36\";s:23:\"LastPasswordChangedDate\";s:10:\"2023/10/11\";s:6:\"codnum\";i:16;s:7:\"usuario\";s:6:\"nahuel\";s:6:\"nombre\";s:14:\"Nahuel Esteves\";s:5:\"nivel\";i:2;s:5:\"email\";s:0:\"\";s:6:\"perfil\";s:0:\"\";s:6:\"activo\";i:1;}"},"types":{"1":2},"executionMS":0.0005519390106201172} []
[2023-10-11T09:57:49.482326-03:00] log.DEBUG: SELECT * FROM `usuarios` WHERE (`usuario` = 'Nahuel') {"params":[],"types":[],"executionMS":0.0005180835723876953} []
[2023-10-11T10:14:02.985335-03:00] log.DEBUG: SELECT * FROM `usuarios` WHERE (`usuario` = 'Sebastian') {"params":[],"types":[],"executionMS":0.0009069442749023438} []
[2023-10-11T10:14:02.987054-03:00] log.DEBUG: SELECT * FROM `usuarios` WHERE (`usuario` = 'Sebastian') AND (`activo` = 1) {"params":[],"types":[],"executionMS":0.0007319450378417969} []
[2023-10-11T10:14:02.988287-03:00] log.DEBUG: SELECT * FROM `usuarios` WHERE (`usuario` = 'Sebastian') {"params":[],"types":[],"executionMS":0.0006680488586425781} []
[2023-10-11T10:14:02.989613-03:00] log.DEBUG: UPDATE `usuarios` SET `perfil` = ? WHERE (`usuario` = 'Sebastian') {"params":{"1":"a:10:{s:15:\"LoginRetryCount\";i:0;s:20:\"LastBadLoginDateTime\";s:19:\"2023/08/31 16:27:45\";s:23:\"LastPasswordChangedDate\";s:10:\"2023/08/31\";s:6:\"codnum\";i:41;s:7:\"usuario\";s:9:\"Sebastian\";s:6:\"nombre\";s:22:\"Sebastian Carlos Perez\";s:5:\"nivel\";i:-1;s:5:\"email\";s:0:\"\";s:6:\"perfil\";s:126:\"a:3:{s:15:\"LoginRetryCount\";i:1;s:20:\"LastBadLoginDateTime\";s:19:\"2023/08/31 16:27:45\";s:23:\"LastPasswordChangedDate\";s:0:\"\";}\";s:6:\"activo\";i:1;}"},"types":{"1":2},"executionMS":0.0007801055908203125} []
[2023-10-11T10:14:02.990871-03:00] log.DEBUG: SELECT * FROM `usuarios` WHERE (`usuario` = 'Sebastian') {"params":[],"types":[],"executionMS":0.0007228851318359375} []
[2023-10-11T10:14:02.992587-03:00] log.DEBUG: SELECT * FROM `usuarios` WHERE (`usuario` = 'Sebastian') {"params":[],"types":[],"executionMS":0.0006010532379150391} []
[2023-10-11T10:19:57.599652-03:00] log.DEBUG: SELECT * FROM `usuarios` WHERE (`usuario` = 'martina') {"params":[],"types":[],"executionMS":0.0008170604705810547} []
[2023-10-11T10:19:57.600911-03:00] log.DEBUG: SELECT * FROM `usuarios` WHERE (`usuario` = 'martina') AND (`activo` = 1) {"params":[],"types":[],"executionMS":0.0005879402160644531} []
[2023-10-11T10:19:57.601886-03:00] log.DEBUG: SELECT * FROM `usuarios` WHERE (`usuario` = 'martina') {"params":[],"types":[],"executionMS":0.0005118846893310547} []
[2023-10-11T10:19:57.602971-03:00] log.DEBUG: UPDATE `usuarios` SET `perfil` = ? WHERE (`usuario` = 'martina') {"params":{"1":"a:10:{s:15:\"LoginRetryCount\";i:0;s:20:\"LastBadLoginDateTime\";s:19:\"2023/09/11 10:12:42\";s:23:\"LastPasswordChangedDate\";s:10:\"2023/09/11\";s:6:\"codnum\";i:58;s:7:\"usuario\";s:7:\"carlaAM\";s:6:\"nombre\";s:14:\"Carla Coniglio\";s:5:\"nivel\";i:0;s:5:\"email\";s:0:\"\";s:6:\"perfil\";s:0:\"\";s:6:\"activo\";i:1;}"},"types":{"1":2},"executionMS":0.0006229877471923828} []
[2023-10-11T10:19:57.603868-03:00] log.DEBUG: SELECT * FROM `usuarios` WHERE (`usuario` = 'martina') {"params":[],"types":[],"executionMS":0.0005249977111816406} []
[2023-10-11T10:19:57.605187-03:00] log.DEBUG: SELECT * FROM `usuarios` WHERE (`usuario` = 'martina') {"params":[],"types":[],"executionMS":0.000492095947265625} []
[2023-10-11T10:33:41.984868-03:00] log.DEBUG: SELECT * FROM `usuarios` WHERE (`usuario` = 'yamila') {"params":[],"types":[],"executionMS":0.0010099411010742188} []
[2023-10-11T10:33:41.986682-03:00] log.DEBUG: SELECT * FROM `usuarios` WHERE (`usuario` = 'yamila') AND (`activo` = 1) {"params":[],"types":[],"executionMS":0.00086212158203125} []
[2023-10-11T10:33:41.987993-03:00] log.DEBUG: SELECT * FROM `usuarios` WHERE (`usuario` = 'yamila') {"params":[],"types":[],"executionMS":0.0007398128509521484} []
[2023-10-11T10:33:41.989706-03:00] log.DEBUG: UPDATE `usuarios` SET `perfil` = ? WHERE (`usuario` = 'yamila') {"params":{"1":"a:10:{s:15:\"LoginRetryCount\";i:0;s:20:\"LastBadLoginDateTime\";s:0:\"\";s:23:\"LastPasswordChangedDate\";s:10:\"2023/09/15\";s:6:\"codnum\";i:48;s:7:\"usuario\";s:6:\"yamila\";s:6:\"nombre\";s:16:\"Yamila Reschigna\";s:5:\"nivel\";i:2;s:5:\"email\";s:0:\"\";s:6:\"perfil\";s:0:\"\";s:6:\"activo\";i:1;}"},"types":{"1":2},"executionMS":0.0011799335479736328} []
[2023-10-11T10:33:41.991070-03:00] log.DEBUG: SELECT * FROM `usuarios` WHERE (`usuario` = 'yamila') {"params":[],"types":[],"executionMS":0.0007870197296142578} []
[2023-10-11T10:33:41.992877-03:00] log.DEBUG: SELECT * FROM `usuarios` WHERE (`usuario` = 'yamila') {"params":[],"types":[],"executionMS":0.0005879402160644531} []
[2023-10-11T10:36:06.450038-03:00] log.DEBUG: SELECT * FROM `usuarios` WHERE (`usuario` = 'nicole') {"params":[],"types":[],"executionMS":0.000982046127319336} []
[2023-10-11T10:36:06.452002-03:00] log.DEBUG: SELECT * FROM `usuarios` WHERE (`usuario` = 'nicole') AND (`activo` = 1) {"params":[],"types":[],"executionMS":0.0007920265197753906} []
[2023-10-11T10:36:06.453306-03:00] log.DEBUG: SELECT * FROM `usuarios` WHERE (`usuario` = 'nicole') {"params":[],"types":[],"executionMS":0.000621795654296875} []
[2023-10-11T10:36:06.454341-03:00] log.DEBUG: UPDATE `usuarios` SET `perfil` = ? WHERE (`usuario` = 'nicole') {"params":{"1":"a:10:{s:15:\"LoginRetryCount\";i:0;s:20:\"LastBadLoginDateTime\";s:0:\"\";s:23:\"LastPasswordChangedDate\";s:10:\"2023/09/21\";s:6:\"codnum\";i:24;s:7:\"usuario\";s:6:\"nicole\";s:6:\"nombre\";s:14:\"Nicole Favilla\";s:5:\"nivel\";i:2;s:5:\"email\";s:0:\"\";s:6:\"perfil\";s:0:\"\";s:6:\"activo\";i:1;}"},"types":{"1":2},"executionMS":0.0006499290466308594} []
[2023-10-11T10:36:06.455238-03:00] log.DEBUG: SELECT * FROM `usuarios` WHERE (`usuario` = 'nicole') {"params":[],"types":[],"executionMS":0.0005450248718261719} []
[2023-10-11T10:36:06.456622-03:00] log.DEBUG: SELECT * FROM `usuarios` WHERE (`usuario` = 'nicole') {"params":[],"types":[],"executionMS":0.0005590915679931641} []
[2023-10-11T10:55:49.022975-03:00] log.DEBUG: SELECT * FROM `usuarios` WHERE (`usuario` = 'carlaAM') {"params":[],"types":[],"executionMS":0.001051187515258789} []
[2023-10-11T10:55:49.025072-03:00] log.DEBUG: SELECT * FROM `usuarios` WHERE (`usuario` = 'carlaAM') AND (`activo` = 1) {"params":[],"types":[],"executionMS":0.0008981227874755859} []
[2023-10-11T10:55:49.027860-03:00] log.DEBUG: SELECT * FROM `usuarios` WHERE (`usuario` = 'carlaAM') {"params":[],"types":[],"executionMS":0.002001047134399414} []
[2023-10-11T10:55:49.029352-03:00] log.DEBUG: UPDATE `usuarios` SET `perfil` = ? WHERE (`usuario` = 'carlaAM') {"params":{"1":"a:10:{s:15:\"LoginRetryCount\";i:0;s:20:\"LastBadLoginDateTime\";s:19:\"2023/09/11 10:12:42\";s:23:\"LastPasswordChangedDate\";s:10:\"2023/09/11\";s:6:\"codnum\";i:58;s:7:\"usuario\";s:7:\"carlaAM\";s:6:\"nombre\";s:14:\"Carla Coniglio\";s:5:\"nivel\";i:0;s:5:\"email\";s:0:\"\";s:6:\"perfil\";s:0:\"\";s:6:\"activo\";i:1;}"},"types":{"1":2},"executionMS":0.0007679462432861328} []
[2023-10-11T10:55:49.030352-03:00] log.DEBUG: SELECT * FROM `usuarios` WHERE (`usuario` = 'carlaAM') {"params":[],"types":[],"executionMS":0.0005359649658203125} []
[2023-10-11T10:55:49.031693-03:00] log.DEBUG: SELECT * FROM `usuarios` WHERE (`usuario` = 'carlaAM') {"params":[],"types":[],"executionMS":0.0005118846893310547} []
[2023-10-11T11:20:49.885305-03:00] log.DEBUG: SELECT * FROM `usuarios` WHERE (`usuario` = 'jeremias') {"params":[],"types":[],"executionMS":0.0010669231414794922} []
[2023-10-11T11:20:49.887339-03:00] log.DEBUG: SELECT * FROM `usuarios` WHERE (`usuario` = 'jeremias') AND (`activo` = 1) {"params":[],"types":[],"executionMS":0.0008580684661865234} []
[2023-10-11T11:20:49.888401-03:00] log.DEBUG: SELECT * FROM `usuarios` WHERE (`usuario` = 'jeremias') {"params":[],"types":[],"executionMS":0.000637054443359375} []
[2023-10-11T11:20:49.889611-03:00] log.DEBUG: UPDATE `usuarios` SET `perfil` = ? WHERE (`usuario` = 'jeremias') {"params":{"1":"a:10:{s:15:\"LoginRetryCount\";i:0;s:20:\"LastBadLoginDateTime\";s:0:\"\";s:23:\"LastPasswordChangedDate\";s:10:\"2023/09/21\";s:6:\"codnum\";i:17;s:7:\"usuario\";s:8:\"jeremias\";s:6:\"nombre\";s:20:\"Jeremías Barreñada\";s:5:\"nivel\";i:2;s:5:\"email\";s:0:\"\";s:6:\"perfil\";s:0:\"\";s:6:\"activo\";i:1;}"},"types":{"1":2},"executionMS":0.0008080005645751953} []
[2023-10-11T11:20:49.891158-03:00] log.DEBUG: SELECT * FROM `usuarios` WHERE (`usuario` = 'jeremias') {"params":[],"types":[],"executionMS":0.0011620521545410156} []
[2023-10-11T11:20:49.892568-03:00] log.DEBUG: SELECT * FROM `usuarios` WHERE (`usuario` = 'jeremias') {"params":[],"types":[],"executionMS":0.0005581378936767578} []
[2023-10-11T11:38:29.034404-03:00] log.DEBUG: SELECT * FROM `usuarios` WHERE (`usuario` = 'diegor') {"params":[],"types":[],"executionMS":0.0008058547973632812} []
[2023-10-11T11:38:29.035871-03:00] log.DEBUG: SELECT * FROM `usuarios` WHERE (`usuario` = 'diegor') AND (`activo` = 1) {"params":[],"types":[],"executionMS":0.0006020069122314453} []
[2023-10-11T11:38:29.036841-03:00] log.DEBUG: SELECT * FROM `usuarios` WHERE (`usuario` = 'diegor') {"params":[],"types":[],"executionMS":0.0004928112030029297} []
[2023-10-11T11:38:29.037809-03:00] log.DEBUG: UPDATE `usuarios` SET `perfil` = ? WHERE (`usuario` = 'diegor') {"params":{"1":"a:10:{s:15:\"LoginRetryCount\";i:0;s:20:\"LastBadLoginDateTime\";s:19:\"2023/08/07 14:24:48\";s:23:\"LastPasswordChangedDate\";s:10:\"2023/08/06\";s:6:\"codnum\";i:38;s:7:\"usuario\";s:6:\"diegor\";s:6:\"nombre\";s:13:\"Diego Ranieri\";s:5:\"nivel\";i:-1;s:5:\"email\";s:0:\"\";s:6:\"perfil\";s:0:\"\";s:6:\"activo\";i:1;}"},"types":{"1":2},"executionMS":0.0005738735198974609} []
[2023-10-11T11:38:29.038722-03:00] log.DEBUG: SELECT * FROM `usuarios` WHERE (`usuario` = 'diegor') {"params":[],"types":[],"executionMS":0.0005369186401367188} []
[2023-10-11T11:38:29.040155-03:00] log.DEBUG: SELECT * FROM `usuarios` WHERE (`usuario` = 'diegor') {"params":[],"types":[],"executionMS":0.0005960464477539062} []
[2023-10-11T12:11:22.196414-03:00] log.DEBUG: 400 Bad Request Type: Slim\Exception\HttpBadRequestException Code: 400 Message: Invalid post request File: /var/www/Subastas2021/src/PermissionMiddleware.php Line: 115 Trace: #0 /var/www/Subastas2021/vendor/slim/slim/Slim/MiddlewareDispatcher.php(168): PHPMaker2021\Subastas2021\PermissionMiddleware->__invoke() #1 /var/www/Subastas2021/vendor/slim/slim/Slim/MiddlewareDispatcher.php(65): Psr\Http\Server\RequestHandlerInterface@anonymous->handle() #2 /var/www/Subastas2021/vendor/slim/slim/Slim/MiddlewareDispatcher.php(65): Slim\MiddlewareDispatcher->handle() #3 /var/www/Subastas2021/vendor/slim/slim/Slim/Routing/Route.php(315): Slim\MiddlewareDispatcher->handle() #4 /var/www/Subastas2021/vendor/slim/slim/Slim/Routing/RouteRunner.php(68): Slim\Routing\Route->run() #5 /var/www/Subastas2021/vendor/slim/slim/Slim/Middleware/BodyParsingMiddleware.php(64): Slim\Routing\RouteRunner->handle() #6 /var/www/Subastas2021/vendor/slim/slim/Slim/MiddlewareDispatcher.php(121): Slim\Middleware\BodyParsingMiddleware->process() #7 /var/www/Subastas2021/src/CorsMiddleware.php(32): Psr\Http\Server\RequestHandlerInterface@anonymous->handle() #8 /var/www/Subastas2021/vendor/slim/slim/Slim/MiddlewareDispatcher.php(121): PHPMaker2021\Subastas2021\CorsMiddleware->process() #9 /var/www/Subastas2021/vendor/slim/slim/Slim/Middleware/RoutingMiddleware.php(45): Psr\Http\Server\RequestHandlerInterface@anonymous->handle() #10 /var/www/Subastas2021/vendor/slim/slim/Slim/MiddlewareDispatcher.php(121): Slim\Middleware\RoutingMiddleware->process() #11 /var/www/Subastas2021/vendor/selective/samesite-cookie/src/SameSiteCookieMiddleware.php(52): Psr\Http\Server\RequestHandlerInterface@anonymous->handle() #12 /var/www/Subastas2021/vendor/slim/slim/Slim/MiddlewareDispatcher.php(121): Selective\SameSiteCookie\SameSiteCookieMiddleware->process() #13 /var/www/Subastas2021/vendor/selective/samesite-cookie/src/SameSiteSessionMiddleware.php(44): Psr\Http\Server\RequestHandlerInterface@anonymous->handle() #14 /var/www/Subastas2021/vendor/slim/slim/Slim/MiddlewareDispatcher.php(121): Selective\SameSiteCookie\SameSiteSessionMiddleware->process() #15 /var/www/Subastas2021/vendor/slim/slim/Slim/Middleware/ErrorMiddleware.php(76): Psr\Http\Server\RequestHandlerInterface@anonymous->handle() #16 /var/www/Subastas2021/vendor/slim/slim/Slim/MiddlewareDispatcher.php(121): Slim\Middleware\ErrorMiddleware->process() #17 /var/www/Subastas2021/vendor/slim/slim/Slim/MiddlewareDispatcher.php(65): Psr\Http\Server\RequestHandlerInterface@anonymous->handle() #18 /var/www/Subastas2021/vendor/slim/slim/Slim/App.php(199): Slim\MiddlewareDispatcher->handle() #19 /var/www/Subastas2021/vendor/slim/slim/Slim/App.php(183): Slim\App->handle() #20 /var/www/Subastas2021/index.php(116): Slim\App->run() #21 {main} Tips: To display error details in HTTP response set "displayErrorDetails" to true in the ErrorHandler constructor. [] []
[2023-10-11T12:15:51.669437-03:00] log.DEBUG: SELECT * FROM `usuarios` WHERE (`usuario` = 'nicole') {"params":[],"types":[],"executionMS":0.0007688999176025391} []
[2023-10-11T12:15:51.670842-03:00] log.DEBUG: SELECT * FROM `usuarios` WHERE (`usuario` = 'nicole') AND (`activo` = 1) {"params":[],"types":[],"executionMS":0.0006189346313476562} []
[2023-10-11T12:15:51.671762-03:00] log.DEBUG: SELECT * FROM `usuarios` WHERE (`usuario` = 'nicole') {"params":[],"types":[],"executionMS":0.0004978179931640625} []
[2023-10-11T12:15:51.672859-03:00] log.DEBUG: UPDATE `usuarios` SET `perfil` = ? WHERE (`usuario` = 'nicole') {"params":{"1":"a:10:{s:15:\"LoginRetryCount\";i:0;s:20:\"LastBadLoginDateTime\";s:0:\"\";s:23:\"LastPasswordChangedDate\";s:10:\"2023/09/21\";s:6:\"codnum\";i:24;s:7:\"usuario\";s:6:\"nicole\";s:6:\"nombre\";s:14:\"Nicole Favilla\";s:5:\"nivel\";i:2;s:5:\"email\";s:0:\"\";s:6:\"perfil\";s:0:\"\";s:6:\"activo\";i:1;}"},"types":{"1":2},"executionMS":0.0007028579711914062} []
[2023-10-11T12:15:51.673822-03:00] log.DEBUG: SELECT * FROM `usuarios` WHERE (`usuario` = 'nicole') {"params":[],"types":[],"executionMS":0.0006051063537597656} []
[2023-10-11T12:15:51.675280-03:00] log.DEBUG: SELECT * FROM `usuarios` WHERE (`usuario` = 'nicole') {"params":[],"types":[],"executionMS":0.0006380081176757812} []
[2023-10-11T12:30:54.540830-03:00] log.DEBUG: SELECT * FROM `usuarios` WHERE (`usuario` = 'jeremias') {"params":[],"types":[],"executionMS":0.0007920265197753906} []
[2023-10-11T12:30:54.542149-03:00] log.DEBUG: SELECT * FROM `usuarios` WHERE (`usuario` = 'jeremias') AND (`activo` = 1) {"params":[],"types":[],"executionMS":0.0006630420684814453} []
[2023-10-11T12:30:54.543133-03:00] log.DEBUG: SELECT * FROM `usuarios` WHERE (`usuario` = 'jeremias') {"params":[],"types":[],"executionMS":0.0005519390106201172} []
[2023-10-11T12:30:54.544178-03:00] log.DEBUG: UPDATE `usuarios` SET `perfil` = ? WHERE (`usuario` = 'jeremias') {"params":{"1":"a:10:{s:15:\"LoginRetryCount\";i:0;s:20:\"LastBadLoginDateTime\";s:0:\"\";s:23:\"LastPasswordChangedDate\";s:10:\"2023/09/21\";s:6:\"codnum\";i:17;s:7:\"usuario\";s:8:\"jeremias\";s:6:\"nombre\";s:20:\"Jeremías Barreñada\";s:5:\"nivel\";i:2;s:5:\"email\";s:0:\"\";s:6:\"perfil\";s:0:\"\";s:6:\"activo\";i:1;}"},"types":{"1":2},"executionMS":0.0006320476531982422} []
[2023-10-11T12:30:54.545063-03:00] log.DEBUG: SELECT * FROM `usuarios` WHERE (`usuario` = 'jeremias') {"params":[],"types":[],"executionMS":0.0005071163177490234} []
[2023-10-11T12:30:54.546384-03:00] log.DEBUG: SELECT * FROM `usuarios` WHERE (`usuario` = 'jeremias') {"params":[],"types":[],"executionMS":0.0005040168762207031} []
[2023-10-11T13:16:43.761414-03:00] log.DEBUG: SELECT * FROM `usuarios` WHERE (`usuario` = 'jeremias') {"params":[],"types":[],"executionMS":0.0008928775787353516} []
[2023-10-11T13:16:43.762882-03:00] log.DEBUG: SELECT * FROM `usuarios` WHERE (`usuario` = 'jeremias') AND (`activo` = 1) {"params":[],"types":[],"executionMS":0.0006840229034423828} []
[2023-10-11T13:16:43.763919-03:00] log.DEBUG: SELECT * FROM `usuarios` WHERE (`usuario` = 'jeremias') {"params":[],"types":[],"executionMS":0.0006101131439208984} []
[2023-10-11T13:16:43.764937-03:00] log.DEBUG: UPDATE `usuarios` SET `perfil` = ? WHERE (`usuario` = 'jeremias') {"params":{"1":"a:10:{s:15:\"LoginRetryCount\";i:0;s:20:\"LastBadLoginDateTime\";s:0:\"\";s:23:\"LastPasswordChangedDate\";s:10:\"2023/09/21\";s:6:\"codnum\";i:17;s:7:\"usuario\";s:8:\"jeremias\";s:6:\"nombre\";s:20:\"Jeremías Barreñada\";s:5:\"nivel\";i:2;s:5:\"email\";s:0:\"\";s:6:\"perfil\";s:0:\"\";s:6:\"activo\";i:1;}"},"types":{"1":2},"executionMS":0.0006361007690429688} []
[2023-10-11T13:16:43.765743-03:00] log.DEBUG: SELECT * FROM `usuarios` WHERE (`usuario` = 'jeremias') {"params":[],"types":[],"executionMS":0.0004699230194091797} []
[2023-10-11T13:16:43.767213-03:00] log.DEBUG: SELECT * FROM `usuarios` WHERE (`usuario` = 'jeremias') {"params":[],"types":[],"executionMS":0.0006091594696044922} []
[2023-10-11T13:17:44.647713-03:00] log.DEBUG: SELECT * FROM `usuarios` WHERE (`usuario` = 'carlaAM') {"params":[],"types":[],"executionMS":0.001065969467163086} []
[2023-10-11T13:17:44.649743-03:00] log.DEBUG: SELECT * FROM `usuarios` WHERE (`usuario` = 'carlaAM') AND (`activo` = 1) {"params":[],"types":[],"executionMS":0.0007710456848144531} []
[2023-10-11T13:17:44.651109-03:00] log.DEBUG: SELECT * FROM `usuarios` WHERE (`usuario` = 'carlaAM') {"params":[],"types":[],"executionMS":0.0006489753723144531} []
[2023-10-11T13:17:44.652669-03:00] log.DEBUG: UPDATE `usuarios` SET `perfil` = ? WHERE (`usuario` = 'carlaAM') {"params":{"1":"a:10:{s:15:\"LoginRetryCount\";i:0;s:20:\"LastBadLoginDateTime\";s:19:\"2023/09/11 10:12:42\";s:23:\"LastPasswordChangedDate\";s:10:\"2023/09/11\";s:6:\"codnum\";i:58;s:7:\"usuario\";s:7:\"carlaAM\";s:6:\"nombre\";s:14:\"Carla Coniglio\";s:5:\"nivel\";i:0;s:5:\"email\";s:0:\"\";s:6:\"perfil\";s:0:\"\";s:6:\"activo\";i:1;}"},"types":{"1":2},"executionMS":0.0009410381317138672} []
[2023-10-11T13:17:44.653609-03:00] log.DEBUG: SELECT * FROM `usuarios` WHERE (`usuario` = 'carlaAM') {"params":[],"types":[],"executionMS":0.0005869865417480469} []
[2023-10-11T13:17:44.654972-03:00] log.DEBUG: SELECT * FROM `usuarios` WHERE (`usuario` = 'carlaAM') {"params":[],"types":[],"executionMS":0.0005290508270263672} []
[2023-10-11T13:54:15.419680-03:00] log.DEBUG: SELECT * FROM `usuarios` WHERE (`usuario` = 'yamila') {"params":[],"types":[],"executionMS":0.0007390975952148438} []
[2023-10-11T13:54:15.421003-03:00] log.DEBUG: SELECT * FROM `usuarios` WHERE (`usuario` = 'yamila') AND (`activo` = 1) {"params":[],"types":[],"executionMS":0.0006618499755859375} []
[2023-10-11T13:54:15.421919-03:00] log.DEBUG: SELECT * FROM `usuarios` WHERE (`usuario` = 'yamila') {"params":[],"types":[],"executionMS":0.0005400180816650391} []
[2023-10-11T13:54:15.422948-03:00] log.DEBUG: UPDATE `usuarios` SET `perfil` = ? WHERE (`usuario` = 'yamila') {"params":{"1":"a:10:{s:15:\"LoginRetryCount\";i:0;s:20:\"LastBadLoginDateTime\";s:0:\"\";s:23:\"LastPasswordChangedDate\";s:10:\"2023/09/15\";s:6:\"codnum\";i:48;s:7:\"usuario\";s:6:\"yamila\";s:6:\"nombre\";s:16:\"Yamila Reschigna\";s:5:\"nivel\";i:2;s:5:\"email\";s:0:\"\";s:6:\"perfil\";s:0:\"\";s:6:\"activo\";i:1;}"},"types":{"1":2},"executionMS":0.0006461143493652344} []
[2023-10-11T13:54:15.423817-03:00] log.DEBUG: SELECT * FROM `usuarios` WHERE (`usuario` = 'yamila') {"params":[],"types":[],"executionMS":0.0005311965942382812} []
[2023-10-11T13:54:15.425105-03:00] log.DEBUG: SELECT * FROM `usuarios` WHERE (`usuario` = 'yamila') {"params":[],"types":[],"executionMS":0.0005090236663818359} []
[2023-10-11T14:22:38.786261-03:00] log.DEBUG: SELECT * FROM `usuarios` WHERE (`usuario` = 'martina') {"params":[],"types":[],"executionMS":0.001013040542602539} []
[2023-10-11T14:22:38.788157-03:00] log.DEBUG: SELECT * FROM `usuarios` WHERE (`usuario` = 'martina') AND (`activo` = 1) {"params":[],"types":[],"executionMS":0.0007760524749755859} []
[2023-10-11T14:22:38.789073-03:00] log.DEBUG: SELECT * FROM `usuarios` WHERE (`usuario` = 'martina') {"params":[],"types":[],"executionMS":0.00049591064453125} []
[2023-10-11T14:22:38.790033-03:00] log.DEBUG: UPDATE `usuarios` SET `perfil` = ? WHERE (`usuario` = 'martina') {"params":{"1":"a:10:{s:15:\"LoginRetryCount\";i:0;s:20:\"LastBadLoginDateTime\";s:19:\"2023/09/11 10:12:42\";s:23:\"LastPasswordChangedDate\";s:10:\"2023/09/11\";s:6:\"codnum\";i:58;s:7:\"usuario\";s:7:\"carlaAM\";s:6:\"nombre\";s:14:\"Carla Coniglio\";s:5:\"nivel\";i:0;s:5:\"email\";s:0:\"\";s:6:\"perfil\";s:0:\"\";s:6:\"activo\";i:1;}"},"types":{"1":2},"executionMS":0.0006079673767089844} []
[2023-10-11T14:22:38.790996-03:00] log.DEBUG: SELECT * FROM `usuarios` WHERE (`usuario` = 'martina') {"params":[],"types":[],"executionMS":0.0005841255187988281} []
[2023-10-11T14:22:38.792342-03:00] log.DEBUG: SELECT * FROM `usuarios` WHERE (`usuario` = 'martina') {"params":[],"types":[],"executionMS":0.0005419254302978516} []
[2023-10-11T14:43:43.145471-03:00] log.DEBUG: SELECT * FROM `usuarios` WHERE (`usuario` = 'paola') {"params":[],"types":[],"executionMS":0.0008020401000976562} []
[2023-10-11T14:43:43.147057-03:00] log.DEBUG: SELECT * FROM `usuarios` WHERE (`usuario` = 'paola') AND (`activo` = 1) {"params":[],"types":[],"executionMS":0.0006380081176757812} []
[2023-10-11T14:43:43.148027-03:00] log.DEBUG: SELECT * FROM `usuarios` WHERE (`usuario` = 'paola') {"params":[],"types":[],"executionMS":0.0005140304565429688} []
[2023-10-11T14:43:43.149049-03:00] log.DEBUG: UPDATE `usuarios` SET `perfil` = ? WHERE (`usuario` = 'paola') {"params":{"1":"a:10:{s:15:\"LoginRetryCount\";i:0;s:20:\"LastBadLoginDateTime\";s:0:\"\";s:23:\"LastPasswordChangedDate\";s:10:\"2023/09/08\";s:6:\"codnum\";i:49;s:7:\"usuario\";s:5:\"paola\";s:6:\"nombre\";s:12:\"Paola Pérez\";s:5:\"nivel\";i:-1;s:5:\"email\";s:0:\"\";s:6:\"perfil\";s:0:\"\";s:6:\"activo\";i:1;}"},"types":{"1":2},"executionMS":0.0005581378936767578} []
[2023-10-11T14:43:43.150382-03:00] log.DEBUG: SELECT * FROM `usuarios` WHERE (`usuario` = 'paola') {"params":[],"types":[],"executionMS":0.0009400844573974609} []
[2023-10-11T14:43:43.152225-03:00] log.DEBUG: SELECT * FROM `usuarios` WHERE (`usuario` = 'paola') {"params":[],"types":[],"executionMS":0.0008580684661865234} []
[2023-10-11T14:51:22.559527-03:00] log.DEBUG: SELECT * FROM `usuarios` WHERE (`usuario` = 'yamila') {"params":[],"types":[],"executionMS":0.0008170604705810547} []
[2023-10-11T14:51:22.560861-03:00] log.DEBUG: SELECT * FROM `usuarios` WHERE (`usuario` = 'yamila') AND (`activo` = 1) {"params":[],"types":[],"executionMS":0.0005829334259033203} []
[2023-10-11T14:51:22.561840-03:00] log.DEBUG: SELECT * FROM `usuarios` WHERE (`usuario` = 'yamila') {"params":[],"types":[],"executionMS":0.0005359649658203125} []
[2023-10-11T14:51:22.563173-03:00] log.DEBUG: UPDATE `usuarios` SET `perfil` = ? WHERE (`usuario` = 'yamila') {"params":{"1":"a:10:{s:15:\"LoginRetryCount\";i:0;s:20:\"LastBadLoginDateTime\";s:0:\"\";s:23:\"LastPasswordChangedDate\";s:10:\"2023/09/15\";s:6:\"codnum\";i:48;s:7:\"usuario\";s:6:\"yamila\";s:6:\"nombre\";s:16:\"Yamila Reschigna\";s:5:\"nivel\";i:2;s:5:\"email\";s:0:\"\";s:6:\"perfil\";s:0:\"\";s:6:\"activo\";i:1;}"},"types":{"1":2},"executionMS":0.0008859634399414062} []
[2023-10-11T14:51:22.564026-03:00] log.DEBUG: SELECT * FROM `usuarios` WHERE (`usuario` = 'yamila') {"params":[],"types":[],"executionMS":0.00049591064453125} []
[2023-10-11T14:51:22.565300-03:00] log.DEBUG: SELECT * FROM `usuarios` WHERE (`usuario` = 'yamila') {"params":[],"types":[],"executionMS":0.00046181678771972656} []
[2023-10-11T15:08:31.447682-03:00] log.DEBUG: SELECT * FROM `usuarios` WHERE (`usuario` = 'Nahuel') {"params":[],"types":[],"executionMS":0.0009539127349853516} []
[2023-10-11T15:08:31.449138-03:00] log.DEBUG: SELECT * FROM `usuarios` WHERE (`usuario` = 'Nahuel') AND (`activo` = 1) {"params":[],"types":[],"executionMS":0.0006749629974365234} []
[2023-10-11T15:08:31.450221-03:00] log.DEBUG: SELECT * FROM `usuarios` WHERE (`usuario` = 'Nahuel') {"params":[],"types":[],"executionMS":0.0005939006805419922} []
[2023-10-11T15:08:31.451406-03:00] log.DEBUG: UPDATE `usuarios` SET `perfil` = ? WHERE (`usuario` = 'Nahuel') {"params":{"1":"a:10:{s:15:\"LoginRetryCount\";i:0;s:20:\"LastBadLoginDateTime\";s:19:\"2023/10/09 10:08:36\";s:23:\"LastPasswordChangedDate\";s:10:\"2023/10/11\";s:6:\"codnum\";i:16;s:7:\"usuario\";s:6:\"nahuel\";s:6:\"nombre\";s:14:\"Nahuel Esteves\";s:5:\"nivel\";i:2;s:5:\"email\";s:0:\"\";s:6:\"perfil\";s:0:\"\";s:6:\"activo\";i:1;}"},"types":{"1":2},"executionMS":0.0006990432739257812} []
[2023-10-11T15:08:31.452431-03:00] log.DEBUG: SELECT * FROM `usuarios` WHERE (`usuario` = 'Nahuel') {"params":[],"types":[],"executionMS":0.0006020069122314453} []
[2023-10-11T15:08:31.454068-03:00] log.DEBUG: SELECT * FROM `usuarios` WHERE (`usuario` = 'Nahuel') {"params":[],"types":[],"executionMS":0.0007481575012207031} []
[2023-10-11T15:34:27.927776-03:00] log.DEBUG: SELECT * FROM `usuarios` WHERE (`usuario` = 'jeremias') {"params":[],"types":[],"executionMS":0.0009951591491699219} []
[2023-10-11T15:34:27.929348-03:00] log.DEBUG: SELECT * FROM `usuarios` WHERE (`usuario` = 'jeremias') AND (`activo` = 1) {"params":[],"types":[],"executionMS":0.0005438327789306641} []
[2023-10-11T15:34:27.930505-03:00] log.DEBUG: SELECT * FROM `usuarios` WHERE (`usuario` = 'jeremias') {"params":[],"types":[],"executionMS":0.0005161762237548828} []
[2023-10-11T15:34:27.931914-03:00] log.DEBUG: UPDATE `usuarios` SET `perfil` = ? WHERE (`usuario` = 'jeremias') {"params":{"1":"a:10:{s:15:\"LoginRetryCount\";i:0;s:20:\"LastBadLoginDateTime\";s:0:\"\";s:23:\"LastPasswordChangedDate\";s:10:\"2023/09/21\";s:6:\"codnum\";i:17;s:7:\"usuario\";s:8:\"jeremias\";s:6:\"nombre\";s:20:\"Jeremías Barreñada\";s:5:\"nivel\";i:2;s:5:\"email\";s:0:\"\";s:6:\"perfil\";s:0:\"\";s:6:\"activo\";i:1;}"},"types":{"1":2},"executionMS":0.0007300376892089844} []
[2023-10-11T15:34:27.933032-03:00] log.DEBUG: SELECT * FROM `usuarios` WHERE (`usuario` = 'jeremias') {"params":[],"types":[],"executionMS":0.0005290508270263672} []
[2023-10-11T15:34:27.935068-03:00] log.DEBUG: SELECT * FROM `usuarios` WHERE (`usuario` = 'jeremias') {"params":[],"types":[],"executionMS":0.000637054443359375} []
[2023-10-11T15:52:31.870050-03:00] log.DEBUG: SELECT * FROM `usuarios` WHERE (`usuario` = 'nicole') {"params":[],"types":[],"executionMS":0.0007710456848144531} []
[2023-10-11T15:52:31.871397-03:00] log.DEBUG: SELECT * FROM `usuarios` WHERE (`usuario` = 'nicole') AND (`activo` = 1) {"params":[],"types":[],"executionMS":0.0006401538848876953} []
[2023-10-11T15:52:31.872455-03:00] log.DEBUG: SELECT * FROM `usuarios` WHERE (`usuario` = 'nicole') {"params":[],"types":[],"executionMS":0.0006570816040039062} []
[2023-10-11T15:52:31.873869-03:00] log.DEBUG: UPDATE `usuarios` SET `perfil` = ? WHERE (`usuario` = 'nicole') {"params":{"1":"a:10:{s:15:\"LoginRetryCount\";i:0;s:20:\"LastBadLoginDateTime\";s:0:\"\";s:23:\"LastPasswordChangedDate\";s:10:\"2023/09/21\";s:6:\"codnum\";i:24;s:7:\"usuario\";s:6:\"nicole\";s:6:\"nombre\";s:14:\"Nicole Favilla\";s:5:\"nivel\";i:2;s:5:\"email\";s:0:\"\";s:6:\"perfil\";s:0:\"\";s:6:\"activo\";i:1;}"},"types":{"1":2},"executionMS":0.0009889602661132812} []
[2023-10-11T15:52:31.875074-03:00] log.DEBUG: SELECT * FROM `usuarios` WHERE (`usuario` = 'nicole') {"params":[],"types":[],"executionMS":0.0005221366882324219} []
[2023-10-11T15:52:31.876418-03:00] log.DEBUG: SELECT * FROM `usuarios` WHERE (`usuario` = 'nicole') {"params":[],"types":[],"executionMS":0.0005350112915039062} []
[2023-10-11T16:12:57.667088-03:00] log.DEBUG: SELECT * FROM `usuarios` WHERE (`usuario` = 'juanc') {"params":[],"types":[],"executionMS":0.0009000301361083984} []
[2023-10-11T16:12:57.669048-03:00] log.DEBUG: SELECT * FROM `usuarios` WHERE (`usuario` = 'juanc') AND (`activo` = 1) {"params":[],"types":[],"executionMS":0.0008618831634521484} []
[2023-10-11T16:12:57.670481-03:00] log.DEBUG: SELECT * FROM `usuarios` WHERE (`usuario` = 'juanc') {"params":[],"types":[],"executionMS":0.0005750656127929688} []
[2023-10-11T16:12:57.674020-03:00] log.DEBUG: UPDATE `usuarios` SET `perfil` = ? WHERE (`usuario` = 'juanc') {"params":{"1":"a:10:{s:15:\"LoginRetryCount\";i:0;s:20:\"LastBadLoginDateTime\";s:0:\"\";s:23:\"LastPasswordChangedDate\";s:10:\"2023/09/14\";s:6:\"codnum\";i:15;s:7:\"usuario\";s:5:\"juanc\";s:6:\"nombre\";s:12:\"Juan Cipolat\";s:5:\"nivel\";i:-1;s:5:\"email\";s:0:\"\";s:6:\"perfil\";s:0:\"\";s:6:\"activo\";i:1;}"},"types":{"1":2},"executionMS":0.002875089645385742} []
[2023-10-11T16:12:57.674974-03:00] log.DEBUG: SELECT * FROM `usuarios` WHERE (`usuario` = 'juanc') {"params":[],"types":[],"executionMS":0.0005459785461425781} []
[2023-10-11T16:12:57.676432-03:00] log.DEBUG: SELECT * FROM `usuarios` WHERE (`usuario` = 'juanc') {"params":[],"types":[],"executionMS":0.0004968643188476562} []
[2023-10-11T16:16:48.334652-03:00] log.DEBUG: SELECT * FROM `usuarios` WHERE (`usuario` = 'carlaAM') {"params":[],"types":[],"executionMS":0.0007619857788085938} []
[2023-10-11T16:16:48.337164-03:00] log.DEBUG: SELECT * FROM `usuarios` WHERE (`usuario` = 'carlaAM') AND (`activo` = 1) {"params":[],"types":[],"executionMS":0.0006928443908691406} []
[2023-10-11T16:16:48.338478-03:00] log.DEBUG: SELECT * FROM `usuarios` WHERE (`usuario` = 'carlaAM') {"params":[],"types":[],"executionMS":0.0007970333099365234} []
[2023-10-11T16:16:48.339527-03:00] log.DEBUG: UPDATE `usuarios` SET `perfil` = ? WHERE (`usuario` = 'carlaAM') {"params":{"1":"a:10:{s:15:\"LoginRetryCount\";i:0;s:20:\"LastBadLoginDateTime\";s:19:\"2023/09/11 10:12:42\";s:23:\"LastPasswordChangedDate\";s:10:\"2023/09/11\";s:6:\"codnum\";i:58;s:7:\"usuario\";s:7:\"carlaAM\";s:6:\"nombre\";s:14:\"Carla Coniglio\";s:5:\"nivel\";i:0;s:5:\"email\";s:0:\"\";s:6:\"perfil\";s:0:\"\";s:6:\"activo\";i:1;}"},"types":{"1":2},"executionMS":0.0005860328674316406} []
[2023-10-11T16:16:48.340415-03:00] log.DEBUG: SELECT * FROM `usuarios` WHERE (`usuario` = 'carlaAM') {"params":[],"types":[],"executionMS":0.0004410743713378906} []
[2023-10-11T16:16:48.341691-03:00] log.DEBUG: SELECT * FROM `usuarios` WHERE (`usuario` = 'carlaAM') {"params":[],"types":[],"executionMS":0.0004200935363769531} []
[2023-10-11T16:18:46.977861-03:00] log.DEBUG: SELECT * FROM `usuarios` WHERE (`usuario` = 'yamila') {"params":[],"types":[],"executionMS":0.0009541511535644531} []
[2023-10-11T16:18:46.979310-03:00] log.DEBUG: SELECT * FROM `usuarios` WHERE (`usuario` = 'yamila') AND (`activo` = 1) {"params":[],"types":[],"executionMS":0.0006389617919921875} []
[2023-10-11T16:18:46.980341-03:00] log.DEBUG: SELECT * FROM `usuarios` WHERE (`usuario` = 'yamila') {"params":[],"types":[],"executionMS":0.0006108283996582031} []
[2023-10-11T16:18:46.981403-03:00] log.DEBUG: UPDATE `usuarios` SET `perfil` = ? WHERE (`usuario` = 'yamila') {"params":{"1":"a:10:{s:15:\"LoginRetryCount\";i:0;s:20:\"LastBadLoginDateTime\";s:0:\"\";s:23:\"LastPasswordChangedDate\";s:10:\"2023/09/15\";s:6:\"codnum\";i:48;s:7:\"usuario\";s:6:\"yamila\";s:6:\"nombre\";s:16:\"Yamila Reschigna\";s:5:\"nivel\";i:2;s:5:\"email\";s:0:\"\";s:6:\"perfil\";s:0:\"\";s:6:\"activo\";i:1;}"},"types":{"1":2},"executionMS":0.0006508827209472656} []
[2023-10-11T16:18:46.982391-03:00] log.DEBUG: SELECT * FROM `usuarios` WHERE (`usuario` = 'yamila') {"params":[],"types":[],"executionMS":0.0005960464477539062} []
[2023-10-11T16:18:46.983869-03:00] log.DEBUG: SELECT * FROM `usuarios` WHERE (`usuario` = 'yamila') {"params":[],"types":[],"executionMS":0.0006151199340820312} []
[2023-10-11T16:47:03.007742-03:00] log.DEBUG: SELECT * FROM `usuarios` WHERE (`usuario` = 'martina') {"params":[],"types":[],"executionMS":0.0009357929229736328} []
[2023-10-11T16:47:03.009473-03:00] log.DEBUG: SELECT * FROM `usuarios` WHERE (`usuario` = 'martina') AND (`activo` = 1) {"params":[],"types":[],"executionMS":0.0007281303405761719} []
[2023-10-11T16:47:03.010753-03:00] log.DEBUG: SELECT * FROM `usuarios` WHERE (`usuario` = 'martina') {"params":[],"types":[],"executionMS":0.0006568431854248047} []
[2023-10-11T16:47:03.012002-03:00] log.DEBUG: UPDATE `usuarios` SET `perfil` = ? WHERE (`usuario` = 'martina') {"params":{"1":"a:10:{s:15:\"LoginRetryCount\";i:0;s:20:\"LastBadLoginDateTime\";s:19:\"2023/09/11 10:12:42\";s:23:\"LastPasswordChangedDate\";s:10:\"2023/09/11\";s:6:\"codnum\";i:58;s:7:\"usuario\";s:7:\"carlaAM\";s:6:\"nombre\";s:14:\"Carla Coniglio\";s:5:\"nivel\";i:0;s:5:\"email\";s:0:\"\";s:6:\"perfil\";s:0:\"\";s:6:\"activo\";i:1;}"},"types":{"1":2},"executionMS":0.0006771087646484375} []
[2023-10-11T16:47:03.012979-03:00] log.DEBUG: SELECT * FROM `usuarios` WHERE (`usuario` = 'martina') {"params":[],"types":[],"executionMS":0.0005860328674316406} []
[2023-10-11T16:47:03.014534-03:00] log.DEBUG: SELECT * FROM `usuarios` WHERE (`usuario` = 'martina') {"params":[],"types":[],"executionMS":0.0006058216094970703} []
[2023-10-11T17:10:42.461353-03:00] log.DEBUG: SELECT * FROM `usuarios` WHERE (`usuario` = 'jeremias') {"params":[],"types":[],"executionMS":0.0009579658508300781} []
[2023-10-11T17:10:42.462813-03:00] log.DEBUG: SELECT * FROM `usuarios` WHERE (`usuario` = 'jeremias') AND (`activo` = 1) {"params":[],"types":[],"executionMS":0.0007488727569580078} []
[2023-10-11T17:10:42.463924-03:00] log.DEBUG: SELECT * FROM `usuarios` WHERE (`usuario` = 'jeremias') {"params":[],"types":[],"executionMS":0.0006530284881591797} []
[2023-10-11T17:10:42.465173-03:00] log.DEBUG: UPDATE `usuarios` SET `perfil` = ? WHERE (`usuario` = 'jeremias') {"params":{"1":"a:10:{s:15:\"LoginRetryCount\";i:0;s:20:\"LastBadLoginDateTime\";s:0:\"\";s:23:\"LastPasswordChangedDate\";s:10:\"2023/09/21\";s:6:\"codnum\";i:17;s:7:\"usuario\";s:8:\"jeremias\";s:6:\"nombre\";s:20:\"Jeremías Barreñada\";s:5:\"nivel\";i:2;s:5:\"email\";s:0:\"\";s:6:\"perfil\";s:0:\"\";s:6:\"activo\";i:1;}"},"types":{"1":2},"executionMS":0.0008471012115478516} []
[2023-10-11T17:10:42.466179-03:00] log.DEBUG: SELECT * FROM `usuarios` WHERE (`usuario` = 'jeremias') {"params":[],"types":[],"executionMS":0.000640869140625} []
[2023-10-11T17:10:42.467640-03:00] log.DEBUG: SELECT * FROM `usuarios` WHERE (`usuario` = 'jeremias') {"params":[],"types":[],"executionMS":0.0006639957427978516} []
[2023-10-11T17:13:27.870019-03:00] log.DEBUG: SELECT * FROM `usuarios` WHERE (`usuario` = 'guido') {"params":[],"types":[],"executionMS":0.0014159679412841797} []
[2023-10-11T17:13:27.871463-03:00] log.DEBUG: SELECT * FROM `usuarios` WHERE (`usuario` = 'guido') AND (`activo` = 1) {"params":[],"types":[],"executionMS":0.0006668567657470703} []
[2023-10-11T17:13:27.872525-03:00] log.DEBUG: SELECT * FROM `usuarios` WHERE (`usuario` = 'guido') {"params":[],"types":[],"executionMS":0.0006289482116699219} []
[2023-10-11T17:13:27.873611-03:00] log.DEBUG: UPDATE `usuarios` SET `perfil` = ? WHERE (`usuario` = 'guido') {"params":{"1":"a:10:{s:15:\"LoginRetryCount\";i:0;s:20:\"LastBadLoginDateTime\";s:0:\"\";s:23:\"LastPasswordChangedDate\";s:10:\"2023/09/13\";s:6:\"codnum\";i:50;s:7:\"usuario\";s:5:\"guido\";s:6:\"nombre\";s:10:\"Guido Osso\";s:5:\"nivel\";i:2;s:5:\"email\";s:0:\"\";s:6:\"perfil\";s:0:\"\";s:6:\"activo\";i:1;}"},"types":{"1":2},"executionMS":0.0006549358367919922} []
[2023-10-11T17:13:27.874532-03:00] log.DEBUG: SELECT * FROM `usuarios` WHERE (`usuario` = 'guido') {"params":[],"types":[],"executionMS":0.0005660057067871094} []
[2023-10-11T17:13:27.876052-03:00] log.DEBUG: SELECT * FROM `usuarios` WHERE (`usuario` = 'guido') {"params":[],"types":[],"executionMS":0.0006999969482421875} []
[2023-10-11T17:31:25.643014-03:00] log.DEBUG: SELECT * FROM `usuarios` WHERE (`usuario` = 'juanc') {"params":[],"types":[],"executionMS":0.0009801387786865234} []
[2023-10-11T17:31:25.644557-03:00] log.DEBUG: SELECT * FROM `usuarios` WHERE (`usuario` = 'juanc') AND (`activo` = 1) {"params":[],"types":[],"executionMS":0.0007889270782470703} []
[2023-10-11T17:31:25.645661-03:00] log.DEBUG: SELECT * FROM `usuarios` WHERE (`usuario` = 'juanc') {"params":[],"types":[],"executionMS":0.0006859302520751953} []
[2023-10-11T17:31:25.646856-03:00] log.DEBUG: UPDATE `usuarios` SET `perfil` = ? WHERE (`usuario` = 'juanc') {"params":{"1":"a:10:{s:15:\"LoginRetryCount\";i:0;s:20:\"LastBadLoginDateTime\";s:0:\"\";s:23:\"LastPasswordChangedDate\";s:10:\"2023/09/14\";s:6:\"codnum\";i:15;s:7:\"usuario\";s:5:\"juanc\";s:6:\"nombre\";s:12:\"Juan Cipolat\";s:5:\"nivel\";i:-1;s:5:\"email\";s:0:\"\";s:6:\"perfil\";s:0:\"\";s:6:\"activo\";i:1;}"},"types":{"1":2},"executionMS":0.0007781982421875} []
[2023-10-11T17:31:25.647770-03:00] log.DEBUG: SELECT * FROM `usuarios` WHERE (`usuario` = 'juanc') {"params":[],"types":[],"executionMS":0.0005381107330322266} []
[2023-10-11T17:31:25.649295-03:00] log.DEBUG: SELECT * FROM `usuarios` WHERE (`usuario` = 'juanc') {"params":[],"types":[],"executionMS":0.0005888938903808594} []
[2023-10-11T17:48:20.533983-03:00] log.DEBUG: SELECT * FROM `usuarios` WHERE (`usuario` = 'paola') {"params":[],"types":[],"executionMS":0.000865936279296875} []
[2023-10-11T17:48:20.535409-03:00] log.DEBUG: SELECT * FROM `usuarios` WHERE (`usuario` = 'paola') AND (`activo` = 1) {"params":[],"types":[],"executionMS":0.0006570816040039062} []
[2023-10-11T17:48:20.536555-03:00] log.DEBUG: SELECT * FROM `usuarios` WHERE (`usuario` = 'paola') {"params":[],"types":[],"executionMS":0.0006618499755859375} []
[2023-10-11T17:48:20.537692-03:00] log.DEBUG: UPDATE `usuarios` SET `perfil` = ? WHERE (`usuario` = 'paola') {"params":{"1":"a:10:{s:15:\"LoginRetryCount\";i:0;s:20:\"LastBadLoginDateTime\";s:0:\"\";s:23:\"LastPasswordChangedDate\";s:10:\"2023/09/08\";s:6:\"codnum\";i:49;s:7:\"usuario\";s:5:\"paola\";s:6:\"nombre\";s:12:\"Paola Pérez\";s:5:\"nivel\";i:-1;s:5:\"email\";s:0:\"\";s:6:\"perfil\";s:0:\"\";s:6:\"activo\";i:1;}"},"types":{"1":2},"executionMS":0.0006999969482421875} []
[2023-10-11T17:48:20.538708-03:00] log.DEBUG: SELECT * FROM `usuarios` WHERE (`usuario` = 'paola') {"params":[],"types":[],"executionMS":0.0006191730499267578} []
[2023-10-11T17:48:20.540202-03:00] log.DEBUG: SELECT * FROM `usuarios` WHERE (`usuario` = 'paola') {"params":[],"types":[],"executionMS":0.0006349086761474609} []
