[2023-09-15T10:02:01.064844-03:00] log.DEBUG: SELECT * FROM `usuarios` WHERE (`usuario` = 'Sebastian') {"params":[],"types":[],"executionMS":0.0008111000061035156} []
[2023-09-15T10:02:01.066488-03:00] log.DEBUG: SELECT * FROM `usuarios` WHERE (`usuario` = 'Sebastian') AND (`activo` = 1) {"params":[],"types":[],"executionMS":0.0007729530334472656} []
[2023-09-15T10:02:01.067555-03:00] log.DEBUG: SELECT * FROM `usuarios` WHERE (`usuario` = 'Sebastian') {"params":[],"types":[],"executionMS":0.0006189346313476562} []
[2023-09-15T10:02:01.068685-03:00] log.DEBUG: UPDATE `usuarios` SET `perfil` = ? WHERE (`usuario` = 'Sebastian') {"params":{"1":"a:10:{s:15:\"LoginRetryCount\";i:0;s:20:\"LastBadLoginDateTime\";s:19:\"2023/08/31 16:27:45\";s:23:\"LastPasswordChangedDate\";s:10:\"2023/08/31\";s:6:\"codnum\";i:41;s:7:\"usuario\";s:9:\"Sebastian\";s:6:\"nombre\";s:22:\"Sebastian Carlos Perez\";s:5:\"nivel\";i:-1;s:5:\"email\";s:0:\"\";s:6:\"perfil\";s:126:\"a:3:{s:15:\"LoginRetryCount\";i:1;s:20:\"LastBadLoginDateTime\";s:19:\"2023/08/31 16:27:45\";s:23:\"LastPasswordChangedDate\";s:0:\"\";}\";s:6:\"activo\";i:1;}"},"types":{"1":2},"executionMS":0.0007431507110595703} []
[2023-09-15T10:02:01.069731-03:00] log.DEBUG: SELECT * FROM `usuarios` WHERE (`usuario` = 'Sebastian') {"params":[],"types":[],"executionMS":0.0005929470062255859} []
[2023-09-15T10:02:01.071130-03:00] log.DEBUG: SELECT * FROM `usuarios` WHERE (`usuario` = 'Sebastian') {"params":[],"types":[],"executionMS":0.0005230903625488281} []
[2023-09-15T10:06:15.364760-03:00] log.DEBUG: SELECT * FROM `usuarios` WHERE (`usuario` = 'guido') {"params":[],"types":[],"executionMS":0.0008289813995361328} []
[2023-09-15T10:06:15.366462-03:00] log.DEBUG: SELECT * FROM `usuarios` WHERE (`usuario` = 'guido') AND (`activo` = 1) {"params":[],"types":[],"executionMS":0.0006740093231201172} []
[2023-09-15T10:06:15.367824-03:00] log.DEBUG: SELECT * FROM `usuarios` WHERE (`usuario` = 'guido') {"params":[],"types":[],"executionMS":0.0006368160247802734} []
[2023-09-15T10:06:15.369259-03:00] log.DEBUG: UPDATE `usuarios` SET `perfil` = ? WHERE (`usuario` = 'guido') {"params":{"1":"a:10:{s:15:\"LoginRetryCount\";i:0;s:20:\"LastBadLoginDateTime\";s:0:\"\";s:23:\"LastPasswordChangedDate\";s:10:\"2023/09/13\";s:6:\"codnum\";i:50;s:7:\"usuario\";s:5:\"guido\";s:6:\"nombre\";s:10:\"Guido Osso\";s:5:\"nivel\";i:2;s:5:\"email\";s:0:\"\";s:6:\"perfil\";s:0:\"\";s:6:\"activo\";i:1;}"},"types":{"1":2},"executionMS":0.0007500648498535156} []
[2023-09-15T10:06:15.370548-03:00] log.DEBUG: SELECT * FROM `usuarios` WHERE (`usuario` = 'guido') {"params":[],"types":[],"executionMS":0.0006580352783203125} []
[2023-09-15T10:06:15.372528-03:00] log.DEBUG: SELECT * FROM `usuarios` WHERE (`usuario` = 'guido') {"params":[],"types":[],"executionMS":0.0006198883056640625} []
[2023-09-15T10:18:39.315641-03:00] log.DEBUG: SELECT * FROM `usuarios` WHERE (`usuario` = 'Nahuel') {"params":[],"types":[],"executionMS":0.0009100437164306641} []
[2023-09-15T10:18:39.317279-03:00] log.DEBUG: SELECT * FROM `usuarios` WHERE (`usuario` = 'Nahuel') AND (`activo` = 1) {"params":[],"types":[],"executionMS":0.0008778572082519531} []
[2023-09-15T10:18:39.318414-03:00] log.DEBUG: SELECT * FROM `usuarios` WHERE (`usuario` = 'Nahuel') {"params":[],"types":[],"executionMS":0.0007009506225585938} []
[2023-09-15T10:18:39.335628-03:00] log.DEBUG: UPDATE `usuarios` SET `perfil` = ? WHERE (`usuario` = 'Nahuel') {"params":{"1":"a:10:{s:15:\"LoginRetryCount\";i:0;s:20:\"LastBadLoginDateTime\";s:0:\"\";s:23:\"LastPasswordChangedDate\";s:10:\"2023/07/13\";s:6:\"codnum\";i:16;s:7:\"usuario\";s:6:\"nahuel\";s:6:\"nombre\";s:14:\"Nahuel Esteves\";s:5:\"nivel\";i:2;s:5:\"email\";s:0:\"\";s:6:\"perfil\";s:0:\"\";s:6:\"activo\";i:1;}"},"types":{"1":2},"executionMS":0.01682591438293457} []
[2023-09-15T10:18:39.336630-03:00] log.DEBUG: SELECT * FROM `usuarios` WHERE (`usuario` = 'Nahuel') {"params":[],"types":[],"executionMS":0.0006010532379150391} []
[2023-09-15T10:18:39.337982-03:00] log.DEBUG: SELECT * FROM `usuarios` WHERE (`usuario` = 'Nahuel') {"params":[],"types":[],"executionMS":0.0005300045013427734} []
[2023-09-15T11:40:35.514524-03:00] log.DEBUG: SELECT * FROM `usuarios` WHERE (`usuario` = 'paola') {"params":[],"types":[],"executionMS":0.0008130073547363281} []
[2023-09-15T11:40:35.516022-03:00] log.DEBUG: SELECT * FROM `usuarios` WHERE (`usuario` = 'paola') AND (`activo` = 1) {"params":[],"types":[],"executionMS":0.0006699562072753906} []
[2023-09-15T11:40:35.517204-03:00] log.DEBUG: SELECT * FROM `usuarios` WHERE (`usuario` = 'paola') {"params":[],"types":[],"executionMS":0.0005459785461425781} []
[2023-09-15T11:40:35.518341-03:00] log.DEBUG: UPDATE `usuarios` SET `perfil` = ? WHERE (`usuario` = 'paola') {"params":{"1":"a:10:{s:15:\"LoginRetryCount\";i:0;s:20:\"LastBadLoginDateTime\";s:0:\"\";s:23:\"LastPasswordChangedDate\";s:10:\"2023/09/08\";s:6:\"codnum\";i:49;s:7:\"usuario\";s:5:\"paola\";s:6:\"nombre\";s:12:\"Paola Pérez\";s:5:\"nivel\";i:-1;s:5:\"email\";s:0:\"\";s:6:\"perfil\";s:0:\"\";s:6:\"activo\";i:1;}"},"types":{"1":2},"executionMS":0.0006630420684814453} []
[2023-09-15T11:40:35.519277-03:00] log.DEBUG: SELECT * FROM `usuarios` WHERE (`usuario` = 'paola') {"params":[],"types":[],"executionMS":0.0004889965057373047} []
[2023-09-15T11:40:35.520777-03:00] log.DEBUG: SELECT * FROM `usuarios` WHERE (`usuario` = 'paola') {"params":[],"types":[],"executionMS":0.0004711151123046875} []
[2023-09-15T12:21:15.084094-03:00] log.DEBUG: 400 Bad Request Type: Slim\Exception\HttpBadRequestException Code: 400 Message: Invalid post request File: /var/www/Subastas2021/src/PermissionMiddleware.php Line: 115 Trace: #0 /var/www/Subastas2021/vendor/slim/slim/Slim/MiddlewareDispatcher.php(168): PHPMaker2021\Subastas2021\PermissionMiddleware->__invoke() #1 /var/www/Subastas2021/vendor/slim/slim/Slim/MiddlewareDispatcher.php(65): Psr\Http\Server\RequestHandlerInterface@anonymous->handle() #2 /var/www/Subastas2021/vendor/slim/slim/Slim/MiddlewareDispatcher.php(65): Slim\MiddlewareDispatcher->handle() #3 /var/www/Subastas2021/vendor/slim/slim/Slim/Routing/Route.php(315): Slim\MiddlewareDispatcher->handle() #4 /var/www/Subastas2021/vendor/slim/slim/Slim/Routing/RouteRunner.php(68): Slim\Routing\Route->run() #5 /var/www/Subastas2021/vendor/slim/slim/Slim/Middleware/BodyParsingMiddleware.php(64): Slim\Routing\RouteRunner->handle() #6 /var/www/Subastas2021/vendor/slim/slim/Slim/MiddlewareDispatcher.php(121): Slim\Middleware\BodyParsingMiddleware->process() #7 /var/www/Subastas2021/src/CorsMiddleware.php(32): Psr\Http\Server\RequestHandlerInterface@anonymous->handle() #8 /var/www/Subastas2021/vendor/slim/slim/Slim/MiddlewareDispatcher.php(121): PHPMaker2021\Subastas2021\CorsMiddleware->process() #9 /var/www/Subastas2021/vendor/slim/slim/Slim/Middleware/RoutingMiddleware.php(45): Psr\Http\Server\RequestHandlerInterface@anonymous->handle() #10 /var/www/Subastas2021/vendor/slim/slim/Slim/MiddlewareDispatcher.php(121): Slim\Middleware\RoutingMiddleware->process() #11 /var/www/Subastas2021/vendor/selective/samesite-cookie/src/SameSiteCookieMiddleware.php(52): Psr\Http\Server\RequestHandlerInterface@anonymous->handle() #12 /var/www/Subastas2021/vendor/slim/slim/Slim/MiddlewareDispatcher.php(121): Selective\SameSiteCookie\SameSiteCookieMiddleware->process() #13 /var/www/Subastas2021/vendor/selective/samesite-cookie/src/SameSiteSessionMiddleware.php(44): Psr\Http\Server\RequestHandlerInterface@anonymous->handle() #14 /var/www/Subastas2021/vendor/slim/slim/Slim/MiddlewareDispatcher.php(121): Selective\SameSiteCookie\SameSiteSessionMiddleware->process() #15 /var/www/Subastas2021/vendor/slim/slim/Slim/Middleware/ErrorMiddleware.php(76): Psr\Http\Server\RequestHandlerInterface@anonymous->handle() #16 /var/www/Subastas2021/vendor/slim/slim/Slim/MiddlewareDispatcher.php(121): Slim\Middleware\ErrorMiddleware->process() #17 /var/www/Subastas2021/vendor/slim/slim/Slim/MiddlewareDispatcher.php(65): Psr\Http\Server\RequestHandlerInterface@anonymous->handle() #18 /var/www/Subastas2021/vendor/slim/slim/Slim/App.php(199): Slim\MiddlewareDispatcher->handle() #19 /var/www/Subastas2021/vendor/slim/slim/Slim/App.php(183): Slim\App->handle() #20 /var/www/Subastas2021/index.php(116): Slim\App->run() #21 {main} Tips: To display error details in HTTP response set "displayErrorDetails" to true in the ErrorHandler constructor. [] []
[2023-09-15T15:14:50.420557-03:00] log.DEBUG: SELECT * FROM `usuarios` WHERE (`usuario` = 'Sebastian') {"params":[],"types":[],"executionMS":0.0009770393371582031} []
[2023-09-15T15:14:50.422065-03:00] log.DEBUG: SELECT * FROM `usuarios` WHERE (`usuario` = 'Sebastian') AND (`activo` = 1) {"params":[],"types":[],"executionMS":0.0008749961853027344} []
[2023-09-15T15:14:50.423482-03:00] log.DEBUG: SELECT * FROM `usuarios` WHERE (`usuario` = 'Sebastian') {"params":[],"types":[],"executionMS":0.0009548664093017578} []
[2023-09-15T15:14:50.424696-03:00] log.DEBUG: UPDATE `usuarios` SET `perfil` = ? WHERE (`usuario` = 'Sebastian') {"params":{"1":"a:10:{s:15:\"LoginRetryCount\";i:0;s:20:\"LastBadLoginDateTime\";s:19:\"2023/08/31 16:27:45\";s:23:\"LastPasswordChangedDate\";s:10:\"2023/08/31\";s:6:\"codnum\";i:41;s:7:\"usuario\";s:9:\"Sebastian\";s:6:\"nombre\";s:22:\"Sebastian Carlos Perez\";s:5:\"nivel\";i:-1;s:5:\"email\";s:0:\"\";s:6:\"perfil\";s:126:\"a:3:{s:15:\"LoginRetryCount\";i:1;s:20:\"LastBadLoginDateTime\";s:19:\"2023/08/31 16:27:45\";s:23:\"LastPasswordChangedDate\";s:0:\"\";}\";s:6:\"activo\";i:1;}"},"types":{"1":2},"executionMS":0.000823974609375} []
[2023-09-15T15:14:50.425761-03:00] log.DEBUG: SELECT * FROM `usuarios` WHERE (`usuario` = 'Sebastian') {"params":[],"types":[],"executionMS":0.0007290840148925781} []
[2023-09-15T15:14:50.427403-03:00] log.DEBUG: SELECT * FROM `usuarios` WHERE (`usuario` = 'Sebastian') {"params":[],"types":[],"executionMS":0.0008149147033691406} []
[2023-09-15T17:11:59.256733-03:00] log.DEBUG: SELECT * FROM `usuarios` WHERE (`usuario` = 'guido') {"params":[],"types":[],"executionMS":0.0008630752563476562} []
[2023-09-15T17:11:59.258280-03:00] log.DEBUG: SELECT * FROM `usuarios` WHERE (`usuario` = 'guido') AND (`activo` = 1) {"params":[],"types":[],"executionMS":0.0005710124969482422} []
[2023-09-15T17:11:59.259207-03:00] log.DEBUG: SELECT * FROM `usuarios` WHERE (`usuario` = 'guido') {"params":[],"types":[],"executionMS":0.0004730224609375} []
[2023-09-15T17:11:59.260176-03:00] log.DEBUG: UPDATE `usuarios` SET `perfil` = ? WHERE (`usuario` = 'guido') {"params":{"1":"a:10:{s:15:\"LoginRetryCount\";i:0;s:20:\"LastBadLoginDateTime\";s:0:\"\";s:23:\"LastPasswordChangedDate\";s:10:\"2023/09/13\";s:6:\"codnum\";i:50;s:7:\"usuario\";s:5:\"guido\";s:6:\"nombre\";s:10:\"Guido Osso\";s:5:\"nivel\";i:2;s:5:\"email\";s:0:\"\";s:6:\"perfil\";s:0:\"\";s:6:\"activo\";i:1;}"},"types":{"1":2},"executionMS":0.0005748271942138672} []
[2023-09-15T17:11:59.261043-03:00] log.DEBUG: SELECT * FROM `usuarios` WHERE (`usuario` = 'guido') {"params":[],"types":[],"executionMS":0.0005080699920654297} []
[2023-09-15T17:11:59.262381-03:00] log.DEBUG: SELECT * FROM `usuarios` WHERE (`usuario` = 'guido') {"params":[],"types":[],"executionMS":0.0005161762237548828} []
[2023-09-15T17:12:23.563670-03:00] log.DEBUG: SELECT * FROM `usuarios` WHERE (`usuario` = 'yamila') {"params":[],"types":[],"executionMS":0.0008730888366699219} []
[2023-09-15T17:12:23.565052-03:00] log.DEBUG: SELECT * FROM `usuarios` WHERE (`usuario` = 'yamila') AND (`activo` = 1) {"params":[],"types":[],"executionMS":0.0006678104400634766} []
[2023-09-15T17:12:23.566078-03:00] log.DEBUG: SELECT * FROM `usuarios` WHERE (`usuario` = 'yamila') {"params":[],"types":[],"executionMS":0.0006098747253417969} []
[2023-09-15T17:12:23.590444-03:00] log.DEBUG: UPDATE `usuarios` SET `perfil` = ? WHERE (`usuario` = 'yamila') {"params":{"1":"a:3:{s:15:\"LoginRetryCount\";i:0;s:20:\"LastBadLoginDateTime\";s:0:\"\";s:23:\"LastPasswordChangedDate\";s:0:\"\";}"},"types":{"1":2},"executionMS":0.023945093154907227} []
[2023-09-15T17:12:23.591945-03:00] log.DEBUG: SELECT * FROM `usuarios` WHERE (`usuario` = 'yamila') {"params":[],"types":[],"executionMS":0.000804901123046875} []
[2023-09-15T17:12:23.594167-03:00] log.DEBUG: SELECT * FROM `usuarios` WHERE (`usuario` = 'yamila') {"params":[],"types":[],"executionMS":0.0008869171142578125} []
[2023-09-15T17:12:23.601738-03:00] log.DEBUG: UPDATE `usuarios` SET `perfil` = ? WHERE (`usuario` = 'yamila') {"params":{"1":"a:10:{s:15:\"LoginRetryCount\";i:0;s:20:\"LastBadLoginDateTime\";s:0:\"\";s:23:\"LastPasswordChangedDate\";s:10:\"2023/09/15\";s:6:\"codnum\";i:48;s:7:\"usuario\";s:6:\"yamila\";s:6:\"nombre\";s:16:\"Yamila Reschigna\";s:5:\"nivel\";i:2;s:5:\"email\";s:0:\"\";s:6:\"perfil\";s:0:\"\";s:6:\"activo\";i:1;}"},"types":{"1":2},"executionMS":0.0069081783294677734} []
