[2023-08-26T16:49:00.154870-03:00] log.DEBUG: SELECT COUNT(*) FROM `tipcomp` {"params":[],"types":[],"executionMS":0.0015959739685058594} []
[2023-08-26T16:49:00.156908-03:00] log.DEBUG: SELECT * FROM `tipcomp` LIMIT 20 {"params":[],"types":[],"executionMS":0.0009410381317138672} []
[2023-08-26T16:49:04.898625-03:00] log.DEBUG: SELECT COUNT(*) FROM `tipcomp` {"params":[],"types":[],"executionMS":0.0014319419860839844} []
[2023-08-26T16:49:04.900220-03:00] log.DEBUG: SELECT * FROM `tipcomp` LIMIT 20 OFFSET 120 {"params":[],"types":[],"executionMS":0.0008230209350585938} []
[2023-08-26T16:56:13.565961-03:00] log.DEBUG: SELECT COUNT(*) FROM `tipcomp` {"params":[],"types":[],"executionMS":0.0014901161193847656} []
[2023-08-26T16:56:13.569378-03:00] log.DEBUG: SELECT COUNT(*) FROM `series` {"params":[],"types":[],"executionMS":0.0010781288146972656} []
[2023-08-26T16:56:13.570166-03:00] log.DEBUG: SELECT * FROM `series` LIMIT 20 {"params":[],"types":[],"executionMS":0.00049591064453125} []
[2023-08-26T16:56:13.573042-03:00] log.DEBUG: SELECT `codnum` AS `lf`, `descripcion` AS `df`, '' AS `df2`, '' AS `df3`, '' AS `df4` FROM `tipcomp` WHERE `codnum` = 1 ORDER BY `descripcion` ASC {"params":[],"types":[],"executionMS":0.0007839202880859375} []
[2023-08-26T16:56:13.574134-03:00] log.DEBUG: SELECT `codnum` AS `lf`, `descripcion` AS `df`, '' AS `df2`, '' AS `df3`, '' AS `df4` FROM `tipcomp` WHERE `codnum` = 3 ORDER BY `descripcion` ASC {"params":[],"types":[],"executionMS":0.00046896934509277344} []
[2023-08-26T16:56:13.575192-03:00] log.DEBUG: SELECT `codnum` AS `lf`, `descripcion` AS `df`, '' AS `df2`, '' AS `df3`, '' AS `df4` FROM `tipcomp` WHERE `codnum` = 2 ORDER BY `descripcion` ASC {"params":[],"types":[],"executionMS":0.0004410743713378906} []
[2023-08-26T16:56:13.576137-03:00] log.DEBUG: SELECT `codnum` AS `lf`, `descripcion` AS `df`, '' AS `df2`, '' AS `df3`, '' AS `df4` FROM `tipcomp` WHERE `codnum` = 4 ORDER BY `descripcion` ASC {"params":[],"types":[],"executionMS":0.00043010711669921875} []
[2023-08-26T16:56:13.577068-03:00] log.DEBUG: SELECT `codnum` AS `lf`, `descripcion` AS `df`, '' AS `df2`, '' AS `df3`, '' AS `df4` FROM `tipcomp` WHERE `codnum` = 6 ORDER BY `descripcion` ASC {"params":[],"types":[],"executionMS":0.00040912628173828125} []
[2023-08-26T16:56:13.577979-03:00] log.DEBUG: SELECT `codnum` AS `lf`, `descripcion` AS `df`, '' AS `df2`, '' AS `df3`, '' AS `df4` FROM `tipcomp` WHERE `codnum` = 8 ORDER BY `descripcion` ASC {"params":[],"types":[],"executionMS":0.000431060791015625} []
[2023-08-26T16:56:13.578915-03:00] log.DEBUG: SELECT `codnum` AS `lf`, `descripcion` AS `df`, '' AS `df2`, '' AS `df3`, '' AS `df4` FROM `tipcomp` WHERE `codnum` = 9 ORDER BY `descripcion` ASC {"params":[],"types":[],"executionMS":0.00042891502380371094} []
[2023-08-26T16:56:13.579844-03:00] log.DEBUG: SELECT `codnum` AS `lf`, `descripcion` AS `df`, '' AS `df2`, '' AS `df3`, '' AS `df4` FROM `tipcomp` WHERE `codnum` = 12 ORDER BY `descripcion` ASC {"params":[],"types":[],"executionMS":0.0004329681396484375} []
[2023-08-26T16:56:13.580829-03:00] log.DEBUG: SELECT `codnum` AS `lf`, `descripcion` AS `df`, '' AS `df2`, '' AS `df3`, '' AS `df4` FROM `tipcomp` WHERE `codnum` = 13 ORDER BY `descripcion` ASC {"params":[],"types":[],"executionMS":0.0004448890686035156} []
[2023-08-26T16:56:13.581744-03:00] log.DEBUG: SELECT `codnum` AS `lf`, `descripcion` AS `df`, '' AS `df2`, '' AS `df3`, '' AS `df4` FROM `tipcomp` WHERE `codnum` = 14 ORDER BY `descripcion` ASC {"params":[],"types":[],"executionMS":0.00039887428283691406} []
[2023-08-26T16:56:13.582734-03:00] log.DEBUG: SELECT `codnum` AS `lf`, `descripcion` AS `df`, '' AS `df2`, '' AS `df3`, '' AS `df4` FROM `tipcomp` WHERE `codnum` = 23 ORDER BY `descripcion` ASC {"params":[],"types":[],"executionMS":0.0004258155822753906} []
[2023-08-26T16:56:13.583626-03:00] log.DEBUG: SELECT `codnum` AS `lf`, `descripcion` AS `df`, '' AS `df2`, '' AS `df3`, '' AS `df4` FROM `tipcomp` WHERE `codnum` = 24 ORDER BY `descripcion` ASC {"params":[],"types":[],"executionMS":0.000392913818359375} []
[2023-08-26T16:56:13.584502-03:00] log.DEBUG: SELECT `codnum` AS `lf`, `descripcion` AS `df`, '' AS `df2`, '' AS `df3`, '' AS `df4` FROM `tipcomp` WHERE `codnum` = 31 ORDER BY `descripcion` ASC {"params":[],"types":[],"executionMS":0.00038886070251464844} []
[2023-08-26T16:56:13.585476-03:00] log.DEBUG: SELECT `codnum` AS `lf`, `descripcion` AS `df`, '' AS `df2`, '' AS `df3`, '' AS `df4` FROM `tipcomp` WHERE `codnum` = 38 ORDER BY `descripcion` ASC {"params":[],"types":[],"executionMS":0.0004169940948486328} []
[2023-08-26T16:56:13.586446-03:00] log.DEBUG: SELECT `codnum` AS `lf`, `descripcion` AS `df`, '' AS `df2`, '' AS `df3`, '' AS `df4` FROM `tipcomp` WHERE `codnum` = 39 ORDER BY `descripcion` ASC {"params":[],"types":[],"executionMS":0.000453948974609375} []
[2023-08-26T16:56:13.587368-03:00] log.DEBUG: SELECT `codnum` AS `lf`, `descripcion` AS `df`, '' AS `df2`, '' AS `df3`, '' AS `df4` FROM `tipcomp` WHERE `codnum` = 32 ORDER BY `descripcion` ASC {"params":[],"types":[],"executionMS":0.00039005279541015625} []
[2023-08-26T16:56:13.588313-03:00] log.DEBUG: SELECT `codnum` AS `lf`, `descripcion` AS `df`, '' AS `df2`, '' AS `df3`, '' AS `df4` FROM `tipcomp` WHERE `codnum` = 33 ORDER BY `descripcion` ASC {"params":[],"types":[],"executionMS":0.0004630088806152344} []
[2023-08-26T16:56:13.589278-03:00] log.DEBUG: SELECT `codnum` AS `lf`, `descripcion` AS `df`, '' AS `df2`, '' AS `df3`, '' AS `df4` FROM `tipcomp` WHERE `codnum` = 34 ORDER BY `descripcion` ASC {"params":[],"types":[],"executionMS":0.0004429817199707031} []
[2023-08-26T16:56:13.590168-03:00] log.DEBUG: SELECT `codnum` AS `lf`, `descripcion` AS `df`, '' AS `df2`, '' AS `df3`, '' AS `df4` FROM `tipcomp` WHERE `codnum` = 35 ORDER BY `descripcion` ASC {"params":[],"types":[],"executionMS":0.0004010200500488281} []
[2023-08-26T16:56:13.591051-03:00] log.DEBUG: SELECT `codnum` AS `lf`, `descripcion` AS `df`, '' AS `df2`, '' AS `df3`, '' AS `df4` FROM `tipcomp` WHERE `codnum` = 36 ORDER BY `descripcion` ASC {"params":[],"types":[],"executionMS":0.00039315223693847656} []
[2023-08-26T16:56:16.843075-03:00] log.DEBUG: SELECT COUNT(*) FROM `tipcomp` {"params":[],"types":[],"executionMS":0.0011560916900634766} []
[2023-08-26T16:56:16.846757-03:00] log.DEBUG: SELECT COUNT(*) FROM `series` {"params":[],"types":[],"executionMS":0.0011742115020751953} []
[2023-08-26T16:56:16.847717-03:00] log.DEBUG: SELECT * FROM `series` LIMIT 20 OFFSET 40 {"params":[],"types":[],"executionMS":0.0005869865417480469} []
[2023-08-26T16:56:16.850165-03:00] log.DEBUG: SELECT `codnum` AS `lf`, `descripcion` AS `df`, '' AS `df2`, '' AS `df3`, '' AS `df4` FROM `tipcomp` WHERE `codnum` = 97 ORDER BY `descripcion` ASC {"params":[],"types":[],"executionMS":0.0007669925689697266} []
[2023-08-26T16:56:16.851414-03:00] log.DEBUG: SELECT `codnum` AS `lf`, `descripcion` AS `df`, '' AS `df2`, '' AS `df3`, '' AS `df4` FROM `tipcomp` WHERE `codnum` = 98 ORDER BY `descripcion` ASC {"params":[],"types":[],"executionMS":0.0006082057952880859} []
[2023-08-26T16:56:16.852568-03:00] log.DEBUG: SELECT `codnum` AS `lf`, `descripcion` AS `df`, '' AS `df2`, '' AS `df3`, '' AS `df4` FROM `tipcomp` WHERE `codnum` = 99 ORDER BY `descripcion` ASC {"params":[],"types":[],"executionMS":0.0005838871002197266} []
[2023-08-26T16:56:16.853635-03:00] log.DEBUG: SELECT `codnum` AS `lf`, `descripcion` AS `df`, '' AS `df2`, '' AS `df3`, '' AS `df4` FROM `tipcomp` WHERE `codnum` = 100 ORDER BY `descripcion` ASC {"params":[],"types":[],"executionMS":0.0005249977111816406} []
[2023-08-26T16:56:16.854741-03:00] log.DEBUG: SELECT `codnum` AS `lf`, `descripcion` AS `df`, '' AS `df2`, '' AS `df3`, '' AS `df4` FROM `tipcomp` WHERE `codnum` = 103 ORDER BY `descripcion` ASC {"params":[],"types":[],"executionMS":0.0005478858947753906} []
[2023-08-26T16:56:16.855795-03:00] log.DEBUG: SELECT `codnum` AS `lf`, `descripcion` AS `df`, '' AS `df2`, '' AS `df3`, '' AS `df4` FROM `tipcomp` WHERE `codnum` = 104 ORDER BY `descripcion` ASC {"params":[],"types":[],"executionMS":0.0005390644073486328} []
[2023-08-26T16:56:16.856884-03:00] log.DEBUG: SELECT `codnum` AS `lf`, `descripcion` AS `df`, '' AS `df2`, '' AS `df3`, '' AS `df4` FROM `tipcomp` WHERE `codnum` = 107 ORDER BY `descripcion` ASC {"params":[],"types":[],"executionMS":0.000537872314453125} []
[2023-08-26T16:56:16.857981-03:00] log.DEBUG: SELECT `codnum` AS `lf`, `descripcion` AS `df`, '' AS `df2`, '' AS `df3`, '' AS `df4` FROM `tipcomp` WHERE `codnum` = 110 ORDER BY `descripcion` ASC {"params":[],"types":[],"executionMS":0.0005390644073486328} []
[2023-08-26T16:56:16.859046-03:00] log.DEBUG: SELECT `codnum` AS `lf`, `descripcion` AS `df`, '' AS `df2`, '' AS `df3`, '' AS `df4` FROM `tipcomp` WHERE `codnum` = 111 ORDER BY `descripcion` ASC {"params":[],"types":[],"executionMS":0.0005450248718261719} []
[2023-08-26T16:56:16.860069-03:00] log.DEBUG: SELECT `codnum` AS `lf`, `descripcion` AS `df`, '' AS `df2`, '' AS `df3`, '' AS `df4` FROM `tipcomp` WHERE `codnum` = 114 ORDER BY `descripcion` ASC {"params":[],"types":[],"executionMS":0.0005090236663818359} []
[2023-08-26T16:56:16.861067-03:00] log.DEBUG: SELECT `codnum` AS `lf`, `descripcion` AS `df`, '' AS `df2`, '' AS `df3`, '' AS `df4` FROM `tipcomp` WHERE `codnum` = 101 ORDER BY `descripcion` ASC {"params":[],"types":[],"executionMS":0.0004878044128417969} []
[2023-08-26T16:56:16.862073-03:00] log.DEBUG: SELECT `codnum` AS `lf`, `descripcion` AS `df`, '' AS `df2`, '' AS `df3`, '' AS `df4` FROM `tipcomp` WHERE `codnum` = 115 ORDER BY `descripcion` ASC {"params":[],"types":[],"executionMS":0.0004980564117431641} []
[2023-08-26T16:56:16.863083-03:00] log.DEBUG: SELECT `codnum` AS `lf`, `descripcion` AS `df`, '' AS `df2`, '' AS `df3`, '' AS `df4` FROM `tipcomp` WHERE `codnum` = 116 ORDER BY `descripcion` ASC {"params":[],"types":[],"executionMS":0.0004799365997314453} []
[2023-08-26T16:56:16.864102-03:00] log.DEBUG: SELECT `codnum` AS `lf`, `descripcion` AS `df`, '' AS `df2`, '' AS `df3`, '' AS `df4` FROM `tipcomp` WHERE `codnum` = 117 ORDER BY `descripcion` ASC {"params":[],"types":[],"executionMS":0.0005140304565429688} []
[2023-08-26T16:56:16.865129-03:00] log.DEBUG: SELECT `codnum` AS `lf`, `descripcion` AS `df`, '' AS `df2`, '' AS `df3`, '' AS `df4` FROM `tipcomp` WHERE `codnum` = 133 ORDER BY `descripcion` ASC {"params":[],"types":[],"executionMS":0.0005211830139160156} []
[2023-08-26T16:56:16.866167-03:00] log.DEBUG: SELECT `codnum` AS `lf`, `descripcion` AS `df`, '' AS `df2`, '' AS `df3`, '' AS `df4` FROM `tipcomp` WHERE `codnum` = 134 ORDER BY `descripcion` ASC {"params":[],"types":[],"executionMS":0.0005278587341308594} []
[2023-08-26T16:57:31.281496-03:00] log.DEBUG: SELECT COUNT(*) FROM `paises` {"params":[],"types":[],"executionMS":0.0011911392211914062} []
[2023-08-26T16:57:31.282550-03:00] log.DEBUG: SELECT `codnum` AS `lf`, `descripcion` AS `df`, '' AS `df2`, '' AS `df3`, '' AS `df4` FROM `paises` ORDER BY `descripcion` ASC {"params":[],"types":[],"executionMS":0.0007729530334472656} []
[2023-08-26T16:57:31.284088-03:00] log.DEBUG: SELECT COUNT(*) FROM `provincias` {"params":[],"types":[],"executionMS":0.0009431838989257812} []
[2023-08-26T16:57:31.284831-03:00] log.DEBUG: SELECT `codnum` AS `lf`, `descripcion` AS `df`, '' AS `df2`, '' AS `df3`, '' AS `df4`, `codpais` AS `ff` FROM `provincias` ORDER BY `descripcion` ASC {"params":[],"types":[],"executionMS":0.0006499290466308594} []
[2023-08-26T16:57:31.286596-03:00] log.DEBUG: SELECT COUNT(*) FROM `localidades` {"params":[],"types":[],"executionMS":0.0010159015655517578} []
[2023-08-26T16:57:31.290632-03:00] log.DEBUG: SELECT COUNT(*) FROM `tipoenti` {"params":[],"types":[],"executionMS":0.0010061264038085938} []
[2023-08-26T16:57:31.291306-03:00] log.DEBUG: SELECT `codnum` AS `lf`, `descripcion` AS `df`, '' AS `df2`, '' AS `df3`, '' AS `df4` FROM `tipoenti` ORDER BY `descripcion` ASC {"params":[],"types":[],"executionMS":0.0005898475646972656} []
[2023-08-26T16:57:31.295811-03:00] log.DEBUG: SELECT COUNT(*) FROM `tipoiva` {"params":[],"types":[],"executionMS":0.0010170936584472656} []
[2023-08-26T16:57:31.296411-03:00] log.DEBUG: SELECT `codnum` AS `lf`, `descrip` AS `df`, '' AS `df2`, '' AS `df3`, '' AS `df4` FROM `tipoiva` ORDER BY `descrip` ASC {"params":[],"types":[],"executionMS":0.0005168914794921875} []
[2023-08-26T16:57:31.301133-03:00] log.DEBUG: SELECT COUNT(*) FROM `calificacion` {"params":[],"types":[],"executionMS":0.0013179779052734375} []
[2023-08-26T16:57:31.301808-03:00] log.DEBUG: SELECT `codnum` AS `lf`, `descripcion` AS `df`, '' AS `df2`, '' AS `df3`, '' AS `df4` FROM `calificacion` ORDER BY `descripcion` ASC {"params":[],"types":[],"executionMS":0.0005910396575927734} []
[2023-08-26T16:57:31.303086-03:00] log.DEBUG: SELECT COUNT(*) FROM `tipoindustria` {"params":[],"types":[],"executionMS":0.0007829666137695312} []
[2023-08-26T16:57:31.303839-03:00] log.DEBUG: SELECT `codnum` AS `lf`, `nomre` AS `df`, '' AS `df2`, '' AS `df3`, '' AS `df4` FROM `tipoindustria` ORDER BY `nomre` ASC {"params":[],"types":[],"executionMS":0.0006701946258544922} []
[2023-08-26T16:57:31.310080-03:00] log.DEBUG: SELECT COUNT(*) FROM `entidades` {"params":[],"types":[],"executionMS":0.00373077392578125} []
[2023-08-26T16:57:31.311242-03:00] log.DEBUG: SELECT * FROM `entidades` LIMIT 20 {"params":[],"types":[],"executionMS":0.0007729530334472656} []
[2023-08-26T16:57:31.315067-03:00] log.DEBUG: SELECT `codnum` AS `lf`, `descripcion` AS `df`, '' AS `df2`, '' AS `df3`, '' AS `df4` FROM `localidades` WHERE `codnum` = 413 ORDER BY `descripcion` ASC {"params":[],"types":[],"executionMS":0.0006549358367919922} []
[2023-08-26T16:57:31.316361-03:00] log.DEBUG: SELECT `codnum` AS `lf`, `descripcion` AS `df`, '' AS `df2`, '' AS `df3`, '' AS `df4` FROM `localidades` WHERE `codnum` = 413 ORDER BY `descripcion` ASC {"params":[],"types":[],"executionMS":0.0004668235778808594} []
[2023-08-26T16:57:31.317482-03:00] log.DEBUG: SELECT `codnum` AS `lf`, `descripcion` AS `df`, '' AS `df2`, '' AS `df3`, '' AS `df4` FROM `localidades` WHERE `codnum` = 9 ORDER BY `descripcion` ASC {"params":[],"types":[],"executionMS":0.00048804283142089844} []
[2023-08-26T16:57:31.318755-03:00] log.DEBUG: SELECT `codnum` AS `lf`, `descripcion` AS `df`, '' AS `df2`, '' AS `df3`, '' AS `df4` FROM `localidades` WHERE `codnum` = 9 ORDER BY `descripcion` ASC {"params":[],"types":[],"executionMS":0.0005390644073486328} []
[2023-08-26T16:57:31.319968-03:00] log.DEBUG: SELECT `codnum` AS `lf`, `descripcion` AS `df`, '' AS `df2`, '' AS `df3`, '' AS `df4` FROM `localidades` WHERE `codnum` = 934 ORDER BY `descripcion` ASC {"params":[],"types":[],"executionMS":0.0004930496215820312} []
[2023-08-26T16:57:31.321097-03:00] log.DEBUG: SELECT `codnum` AS `lf`, `descripcion` AS `df`, '' AS `df2`, '' AS `df3`, '' AS `df4` FROM `localidades` WHERE `codnum` = 28 ORDER BY `descripcion` ASC {"params":[],"types":[],"executionMS":0.0004761219024658203} []
[2023-08-26T16:57:31.322311-03:00] log.DEBUG: SELECT `codnum` AS `lf`, `descripcion` AS `df`, '' AS `df2`, '' AS `df3`, '' AS `df4` FROM `localidades` WHERE `codnum` = 380 ORDER BY `descripcion` ASC {"params":[],"types":[],"executionMS":0.0004999637603759766} []
[2023-08-26T16:57:31.323486-03:00] log.DEBUG: SELECT `codnum` AS `lf`, `descripcion` AS `df`, '' AS `df2`, '' AS `df3`, '' AS `df4` FROM `localidades` WHERE `codnum` = 13 ORDER BY `descripcion` ASC {"params":[],"types":[],"executionMS":0.0005180835723876953} []
[2023-08-26T16:57:31.324755-03:00] log.DEBUG: SELECT `codnum` AS `lf`, `descripcion` AS `df`, '' AS `df2`, '' AS `df3`, '' AS `df4` FROM `localidades` WHERE `codnum` = 8 ORDER BY `descripcion` ASC {"params":[],"types":[],"executionMS":0.0005471706390380859} []
[2023-08-26T16:57:31.325984-03:00] log.DEBUG: SELECT `codnum` AS `lf`, `descripcion` AS `df`, '' AS `df2`, '' AS `df3`, '' AS `df4` FROM `localidades` WHERE `codnum` = 413 ORDER BY `descripcion` ASC {"params":[],"types":[],"executionMS":0.0005438327789306641} []
[2023-08-26T16:57:31.327191-03:00] log.DEBUG: SELECT `codnum` AS `lf`, `descripcion` AS `df`, '' AS `df2`, '' AS `df3`, '' AS `df4` FROM `localidades` WHERE `codnum` = 413 ORDER BY `descripcion` ASC {"params":[],"types":[],"executionMS":0.0004830360412597656} []
[2023-08-26T16:57:31.328379-03:00] log.DEBUG: SELECT `codnum` AS `lf`, `descripcion` AS `df`, '' AS `df2`, '' AS `df3`, '' AS `df4` FROM `localidades` WHERE `codnum` = 413 ORDER BY `descripcion` ASC {"params":[],"types":[],"executionMS":0.0004949569702148438} []
[2023-08-26T16:57:31.329653-03:00] log.DEBUG: SELECT `codnum` AS `lf`, `descripcion` AS `df`, '' AS `df2`, '' AS `df3`, '' AS `df4` FROM `localidades` WHERE `codnum` = 413 ORDER BY `descripcion` ASC {"params":[],"types":[],"executionMS":0.0005548000335693359} []
[2023-08-26T16:57:31.330863-03:00] log.DEBUG: SELECT `codnum` AS `lf`, `descripcion` AS `df`, '' AS `df2`, '' AS `df3`, '' AS `df4` FROM `localidades` WHERE `codnum` = 32 ORDER BY `descripcion` ASC {"params":[],"types":[],"executionMS":0.0005159378051757812} []
[2023-08-26T16:57:31.332069-03:00] log.DEBUG: SELECT `codnum` AS `lf`, `descripcion` AS `df`, '' AS `df2`, '' AS `df3`, '' AS `df4` FROM `localidades` WHERE `codnum` = 413 ORDER BY `descripcion` ASC {"params":[],"types":[],"executionMS":0.0005421638488769531} []
[2023-08-26T16:57:31.333274-03:00] log.DEBUG: SELECT `codnum` AS `lf`, `descripcion` AS `df`, '' AS `df2`, '' AS `df3`, '' AS `df4` FROM `localidades` WHERE `codnum` = 29 ORDER BY `descripcion` ASC {"params":[],"types":[],"executionMS":0.0005400180816650391} []
[2023-08-26T16:57:31.334533-03:00] log.DEBUG: SELECT `codnum` AS `lf`, `descripcion` AS `df`, '' AS `df2`, '' AS `df3`, '' AS `df4` FROM `localidades` WHERE `codnum` = 413 ORDER BY `descripcion` ASC {"params":[],"types":[],"executionMS":0.0006041526794433594} []
[2023-08-26T16:57:31.335858-03:00] log.DEBUG: SELECT `codnum` AS `lf`, `descripcion` AS `df`, '' AS `df2`, '' AS `df3`, '' AS `df4` FROM `localidades` WHERE `codnum` = 413 ORDER BY `descripcion` ASC {"params":[],"types":[],"executionMS":0.0006318092346191406} []
[2023-08-26T16:57:31.337229-03:00] log.DEBUG: SELECT `codnum` AS `lf`, `descripcion` AS `df`, '' AS `df2`, '' AS `df3`, '' AS `df4` FROM `localidades` WHERE `codnum` = 48 ORDER BY `descripcion` ASC {"params":[],"types":[],"executionMS":0.0005779266357421875} []
[2023-08-26T16:57:31.338447-03:00] log.DEBUG: SELECT `codnum` AS `lf`, `descripcion` AS `df`, '' AS `df2`, '' AS `df3`, '' AS `df4` FROM `localidades` WHERE `codnum` = 413 ORDER BY `descripcion` ASC {"params":[],"types":[],"executionMS":0.0005230903625488281} []
[2023-08-26T16:57:43.251436-03:00] log.DEBUG: SELECT COUNT(*) FROM `paises` {"params":[],"types":[],"executionMS":0.00121307373046875} []
[2023-08-26T16:57:43.252399-03:00] log.DEBUG: SELECT `codnum` AS `lf`, `descripcion` AS `df`, '' AS `df2`, '' AS `df3`, '' AS `df4` FROM `paises` ORDER BY `descripcion` ASC {"params":[],"types":[],"executionMS":0.0007150173187255859} []
[2023-08-26T16:57:43.253796-03:00] log.DEBUG: SELECT COUNT(*) FROM `provincias` {"params":[],"types":[],"executionMS":0.0008459091186523438} []
[2023-08-26T16:57:43.254441-03:00] log.DEBUG: SELECT `codnum` AS `lf`, `descripcion` AS `df`, '' AS `df2`, '' AS `df3`, '' AS `df4`, `codpais` AS `ff` FROM `provincias` ORDER BY `descripcion` ASC {"params":[],"types":[],"executionMS":0.0005590915679931641} []
[2023-08-26T16:57:43.256232-03:00] log.DEBUG: SELECT COUNT(*) FROM `localidades` {"params":[],"types":[],"executionMS":0.0010640621185302734} []
[2023-08-26T16:57:43.257372-03:00] log.DEBUG: SELECT COUNT(*) FROM `tipoenti` {"params":[],"types":[],"executionMS":0.0007729530334472656} []
[2023-08-26T16:57:43.258042-03:00] log.DEBUG: SELECT `codnum` AS `lf`, `descripcion` AS `df`, '' AS `df2`, '' AS `df3`, '' AS `df4` FROM `tipoenti` ORDER BY `descripcion` ASC {"params":[],"types":[],"executionMS":0.0005939006805419922} []
[2023-08-26T16:57:43.259324-03:00] log.DEBUG: SELECT COUNT(*) FROM `tipoiva` {"params":[],"types":[],"executionMS":0.0007669925689697266} []
[2023-08-26T16:57:43.259987-03:00] log.DEBUG: SELECT `codnum` AS `lf`, `descrip` AS `df`, '' AS `df2`, '' AS `df3`, '' AS `df4` FROM `tipoiva` ORDER BY `descrip` ASC {"params":[],"types":[],"executionMS":0.0005819797515869141} []
[2023-08-26T16:57:43.261011-03:00] log.DEBUG: SELECT COUNT(*) FROM `calificacion` {"params":[],"types":[],"executionMS":0.0005960464477539062} []
[2023-08-26T16:57:43.261512-03:00] log.DEBUG: SELECT `codnum` AS `lf`, `descripcion` AS `df`, '' AS `df2`, '' AS `df3`, '' AS `df4` FROM `calificacion` ORDER BY `descripcion` ASC {"params":[],"types":[],"executionMS":0.00041794776916503906} []
[2023-08-26T16:57:43.262550-03:00] log.DEBUG: SELECT COUNT(*) FROM `tipoindustria` {"params":[],"types":[],"executionMS":0.0006330013275146484} []
[2023-08-26T16:57:43.263189-03:00] log.DEBUG: SELECT `codnum` AS `lf`, `nomre` AS `df`, '' AS `df2`, '' AS `df3`, '' AS `df4` FROM `tipoindustria` ORDER BY `nomre` ASC {"params":[],"types":[],"executionMS":0.0005450248718261719} []
[2023-08-26T16:57:43.300378-03:00] log.DEBUG: SELECT COUNT(*) FROM `entidades` WHERE (`razsoc` LIKE '%TONINA%') OR (`calle` LIKE '%TONINA%') OR (`numero` LIKE '%TONINA%') OR (`pisodto` LIKE '%TONINA%') OR (`codpost` LIKE '%TONINA%') OR (`tellinea` LIKE '%TONINA%') OR (`telcelu` LIKE '%TONINA%') OR (`cuit` LIKE '%TONINA%') OR (`contacto` LIKE '%TONINA%') OR (`mailcont` LIKE '%TONINA%') OR (`cargo` LIKE '%TONINA%') OR (`pagweb` LIKE '%TONINA%') {"params":[],"types":[],"executionMS":0.03253602981567383} []
[2023-08-26T16:57:43.338711-03:00] log.DEBUG: SELECT * FROM `entidades` WHERE (`razsoc` LIKE '%TONINA%') OR (`calle` LIKE '%TONINA%') OR (`numero` LIKE '%TONINA%') OR (`pisodto` LIKE '%TONINA%') OR (`codpost` LIKE '%TONINA%') OR (`tellinea` LIKE '%TONINA%') OR (`telcelu` LIKE '%TONINA%') OR (`cuit` LIKE '%TONINA%') OR (`contacto` LIKE '%TONINA%') OR (`mailcont` LIKE '%TONINA%') OR (`cargo` LIKE '%TONINA%') OR (`pagweb` LIKE '%TONINA%') LIMIT 20 {"params":[],"types":[],"executionMS":0.03800797462463379} []
[2023-08-26T16:57:43.341542-03:00] log.DEBUG: SELECT `codnum` AS `lf`, `descripcion` AS `df`, '' AS `df2`, '' AS `df3`, '' AS `df4` FROM `localidades` WHERE `codnum` = 444 ORDER BY `descripcion` ASC {"params":[],"types":[],"executionMS":0.0011250972747802734} []
[2023-08-26T16:57:43.343260-03:00] log.DEBUG: SELECT `codnum` AS `lf`, `descripcion` AS `df`, '' AS `df2`, '' AS `df3`, '' AS `df4` FROM `localidades` WHERE `codnum` = 1325 ORDER BY `descripcion` ASC {"params":[],"types":[],"executionMS":0.0007748603820800781} []
[2023-08-26T17:28:35.054813-03:00] log.DEBUG: SELECT COUNT(*) FROM `paises` {"params":[],"types":[],"executionMS":0.0014629364013671875} []
[2023-08-26T17:28:35.056324-03:00] log.DEBUG: SELECT `codnum` AS `lf`, `descripcion` AS `df`, '' AS `df2`, '' AS `df3`, '' AS `df4` FROM `paises` ORDER BY `descripcion` ASC {"params":[],"types":[],"executionMS":0.0010788440704345703} []
[2023-08-26T17:28:35.058350-03:00] log.DEBUG: SELECT COUNT(*) FROM `provincias` {"params":[],"types":[],"executionMS":0.0011899471282958984} []
[2023-08-26T17:28:35.058993-03:00] log.DEBUG: SELECT `codnum` AS `lf`, `descripcion` AS `df`, '' AS `df2`, '' AS `df3`, '' AS `df4`, `codpais` AS `ff` FROM `provincias` ORDER BY `descripcion` ASC {"params":[],"types":[],"executionMS":0.0005609989166259766} []
[2023-08-26T17:28:35.060641-03:00] log.DEBUG: SELECT COUNT(*) FROM `localidades` {"params":[],"types":[],"executionMS":0.0009748935699462891} []
[2023-08-26T17:28:35.061787-03:00] log.DEBUG: SELECT COUNT(*) FROM `tipoenti` {"params":[],"types":[],"executionMS":0.0007929801940917969} []
[2023-08-26T17:28:35.062401-03:00] log.DEBUG: SELECT `codnum` AS `lf`, `descripcion` AS `df`, '' AS `df2`, '' AS `df3`, '' AS `df4` FROM `tipoenti` ORDER BY `descripcion` ASC {"params":[],"types":[],"executionMS":0.0005359649658203125} []
[2023-08-26T17:28:35.063687-03:00] log.DEBUG: SELECT COUNT(*) FROM `tipoiva` {"params":[],"types":[],"executionMS":0.0008590221405029297} []
[2023-08-26T17:28:35.064271-03:00] log.DEBUG: SELECT `codnum` AS `lf`, `descrip` AS `df`, '' AS `df2`, '' AS `df3`, '' AS `df4` FROM `tipoiva` ORDER BY `descrip` ASC {"params":[],"types":[],"executionMS":0.0005061626434326172} []
[2023-08-26T17:28:35.065544-03:00] log.DEBUG: SELECT COUNT(*) FROM `calificacion` {"params":[],"types":[],"executionMS":0.0008549690246582031} []
[2023-08-26T17:28:35.066163-03:00] log.DEBUG: SELECT `codnum` AS `lf`, `descripcion` AS `df`, '' AS `df2`, '' AS `df3`, '' AS `df4` FROM `calificacion` ORDER BY `descripcion` ASC {"params":[],"types":[],"executionMS":0.0005469322204589844} []
[2023-08-26T17:28:35.067369-03:00] log.DEBUG: SELECT COUNT(*) FROM `tipoindustria` {"params":[],"types":[],"executionMS":0.0007939338684082031} []
[2023-08-26T17:28:35.068237-03:00] log.DEBUG: SELECT `codnum` AS `lf`, `nomre` AS `df`, '' AS `df2`, '' AS `df3`, '' AS `df4` FROM `tipoindustria` ORDER BY `nomre` ASC {"params":[],"types":[],"executionMS":0.0007951259613037109} []
[2023-08-26T17:28:35.113937-03:00] log.DEBUG: SELECT COUNT(*) FROM `entidades` WHERE (`razsoc` LIKE '%ACCESORIOS%' AND `razsoc` LIKE '%Y%' AND `razsoc` LIKE '%REPUESTOS%') OR (`calle` LIKE '%ACCESORIOS%' AND `calle` LIKE '%Y%' AND `calle` LIKE '%REPUESTOS%') OR (`numero` LIKE '%ACCESORIOS%' AND `numero` LIKE '%Y%' AND `numero` LIKE '%REPUESTOS%') OR (`pisodto` LIKE '%ACCESORIOS%' AND `pisodto` LIKE '%Y%' AND `pisodto` LIKE '%REPUESTOS%') OR (`codpost` LIKE '%ACCESORIOS%' AND `codpost` LIKE '%Y%' AND `codpost` LIKE '%REPUESTOS%') OR (`tellinea` LIKE '%ACCESORIOS%' AND `tellinea` LIKE '%Y%' AND `tellinea` LIKE '%REPUESTOS%') OR (`telcelu` LIKE '%ACCESORIOS%' AND `telcelu` LIKE '%Y%' AND `telcelu` LIKE '%REPUESTOS%') OR (`cuit` LIKE '%ACCESORIOS%' AND `cuit` LIKE '%Y%' AND `cuit` LIKE '%REPUESTOS%') OR (`contacto` LIKE '%ACCESORIOS%' AND `contacto` LIKE '%Y%' AND `contacto` LIKE '%REPUESTOS%') OR (`mailcont` LIKE '%ACCESORIOS%' AND `mailcont` LIKE '%Y%' AND `mailcont` LIKE '%REPUESTOS%') OR (`cargo` LIKE '%ACCESORIOS%' AND `cargo` LIKE '%Y%' AND `cargo` LIKE '%REPUESTOS%') OR (`pagweb` LIKE '%ACCESORIOS%' AND `pagweb` LIKE '%Y%' AND `pagweb` LIKE '%REPUESTOS%') {"params":[],"types":[],"executionMS":0.03805994987487793} []
[2023-08-26T17:28:35.155117-03:00] log.DEBUG: SELECT * FROM `entidades` WHERE (`razsoc` LIKE '%ACCESORIOS%' AND `razsoc` LIKE '%Y%' AND `razsoc` LIKE '%REPUESTOS%') OR (`calle` LIKE '%ACCESORIOS%' AND `calle` LIKE '%Y%' AND `calle` LIKE '%REPUESTOS%') OR (`numero` LIKE '%ACCESORIOS%' AND `numero` LIKE '%Y%' AND `numero` LIKE '%REPUESTOS%') OR (`pisodto` LIKE '%ACCESORIOS%' AND `pisodto` LIKE '%Y%' AND `pisodto` LIKE '%REPUESTOS%') OR (`codpost` LIKE '%ACCESORIOS%' AND `codpost` LIKE '%Y%' AND `codpost` LIKE '%REPUESTOS%') OR (`tellinea` LIKE '%ACCESORIOS%' AND `tellinea` LIKE '%Y%' AND `tellinea` LIKE '%REPUESTOS%') OR (`telcelu` LIKE '%ACCESORIOS%' AND `telcelu` LIKE '%Y%' AND `telcelu` LIKE '%REPUESTOS%') OR (`cuit` LIKE '%ACCESORIOS%' AND `cuit` LIKE '%Y%' AND `cuit` LIKE '%REPUESTOS%') OR (`contacto` LIKE '%ACCESORIOS%' AND `contacto` LIKE '%Y%' AND `contacto` LIKE '%REPUESTOS%') OR (`mailcont` LIKE '%ACCESORIOS%' AND `mailcont` LIKE '%Y%' AND `mailcont` LIKE '%REPUESTOS%') OR (`cargo` LIKE '%ACCESORIOS%' AND `cargo` LIKE '%Y%' AND `cargo` LIKE '%REPUESTOS%') OR (`pagweb` LIKE '%ACCESORIOS%' AND `pagweb` LIKE '%Y%' AND `pagweb` LIKE '%REPUESTOS%') LIMIT 20 {"params":[],"types":[],"executionMS":0.04053902626037598} []
[2023-08-26T17:28:35.159083-03:00] log.DEBUG: SELECT `codnum` AS `lf`, `descripcion` AS `df`, '' AS `df2`, '' AS `df3`, '' AS `df4` FROM `localidades` WHERE `codnum` = 2278 ORDER BY `descripcion` ASC {"params":[],"types":[],"executionMS":0.0007281303405761719} []
[2023-08-26T17:33:57.559611-03:00] log.DEBUG: SELECT COUNT(*) FROM `paises` {"params":[],"types":[],"executionMS":0.0010750293731689453} []
[2023-08-26T17:33:57.561199-03:00] log.DEBUG: SELECT `codnum` AS `lf`, `descripcion` AS `df`, '' AS `df2`, '' AS `df3`, '' AS `df4` FROM `paises` ORDER BY `descripcion` ASC {"params":[],"types":[],"executionMS":0.0012600421905517578} []
[2023-08-26T17:33:57.562898-03:00] log.DEBUG: SELECT COUNT(*) FROM `provincias` {"params":[],"types":[],"executionMS":0.0010471343994140625} []
[2023-08-26T17:33:57.563606-03:00] log.DEBUG: SELECT `codnum` AS `lf`, `descripcion` AS `df`, '' AS `df2`, '' AS `df3`, '' AS `df4`, `codpais` AS `ff` FROM `provincias` ORDER BY `descripcion` ASC {"params":[],"types":[],"executionMS":0.0006098747253417969} []
[2023-08-26T17:33:57.565544-03:00] log.DEBUG: SELECT COUNT(*) FROM `localidades` {"params":[],"types":[],"executionMS":0.0010950565338134766} []
[2023-08-26T17:33:57.567012-03:00] log.DEBUG: SELECT COUNT(*) FROM `tipoenti` {"params":[],"types":[],"executionMS":0.0010728836059570312} []
[2023-08-26T17:33:57.567637-03:00] log.DEBUG: SELECT `codnum` AS `lf`, `descripcion` AS `df`, '' AS `df2`, '' AS `df3`, '' AS `df4` FROM `tipoenti` ORDER BY `descripcion` ASC {"params":[],"types":[],"executionMS":0.0005369186401367188} []
[2023-08-26T17:33:57.568769-03:00] log.DEBUG: SELECT COUNT(*) FROM `tipoiva` {"params":[],"types":[],"executionMS":0.0007390975952148438} []
[2023-08-26T17:33:57.569329-03:00] log.DEBUG: SELECT `codnum` AS `lf`, `descrip` AS `df`, '' AS `df2`, '' AS `df3`, '' AS `df4` FROM `tipoiva` ORDER BY `descrip` ASC {"params":[],"types":[],"executionMS":0.00048804283142089844} []
[2023-08-26T17:33:57.570486-03:00] log.DEBUG: SELECT COUNT(*) FROM `calificacion` {"params":[],"types":[],"executionMS":0.0007150173187255859} []
[2023-08-26T17:33:57.571254-03:00] log.DEBUG: SELECT `codnum` AS `lf`, `descripcion` AS `df`, '' AS `df2`, '' AS `df3`, '' AS `df4` FROM `calificacion` ORDER BY `descripcion` ASC {"params":[],"types":[],"executionMS":0.0006880760192871094} []
[2023-08-26T17:33:57.572882-03:00] log.DEBUG: SELECT COUNT(*) FROM `tipoindustria` {"params":[],"types":[],"executionMS":0.0011332035064697266} []
[2023-08-26T17:33:57.573658-03:00] log.DEBUG: SELECT `codnum` AS `lf`, `nomre` AS `df`, '' AS `df2`, '' AS `df3`, '' AS `df4` FROM `tipoindustria` ORDER BY `nomre` ASC {"params":[],"types":[],"executionMS":0.0006151199340820312} []
[2023-08-26T17:33:57.579667-03:00] log.DEBUG: SELECT COUNT(*) FROM `entidades` {"params":[],"types":[],"executionMS":0.0030908584594726562} []
[2023-08-26T17:33:57.581124-03:00] log.DEBUG: SELECT * FROM `entidades` LIMIT 20 {"params":[],"types":[],"executionMS":0.0011930465698242188} []
[2023-08-26T17:33:57.584259-03:00] log.DEBUG: SELECT `codnum` AS `lf`, `descripcion` AS `df`, '' AS `df2`, '' AS `df3`, '' AS `df4` FROM `localidades` WHERE `codnum` = 413 ORDER BY `descripcion` ASC {"params":[],"types":[],"executionMS":0.0011508464813232422} []
[2023-08-26T17:33:57.585601-03:00] log.DEBUG: SELECT `codnum` AS `lf`, `descripcion` AS `df`, '' AS `df2`, '' AS `df3`, '' AS `df4` FROM `localidades` WHERE `codnum` = 413 ORDER BY `descripcion` ASC {"params":[],"types":[],"executionMS":0.0005311965942382812} []
[2023-08-26T17:33:57.586863-03:00] log.DEBUG: SELECT `codnum` AS `lf`, `descripcion` AS `df`, '' AS `df2`, '' AS `df3`, '' AS `df4` FROM `localidades` WHERE `codnum` = 9 ORDER BY `descripcion` ASC {"params":[],"types":[],"executionMS":0.0005409717559814453} []
[2023-08-26T17:33:57.588074-03:00] log.DEBUG: SELECT `codnum` AS `lf`, `descripcion` AS `df`, '' AS `df2`, '' AS `df3`, '' AS `df4` FROM `localidades` WHERE `codnum` = 9 ORDER BY `descripcion` ASC {"params":[],"types":[],"executionMS":0.0005249977111816406} []
[2023-08-26T17:33:57.589113-03:00] log.DEBUG: SELECT `codnum` AS `lf`, `descripcion` AS `df`, '' AS `df2`, '' AS `df3`, '' AS `df4` FROM `localidades` WHERE `codnum` = 934 ORDER BY `descripcion` ASC {"params":[],"types":[],"executionMS":0.00043892860412597656} []
[2023-08-26T17:33:57.590216-03:00] log.DEBUG: SELECT `codnum` AS `lf`, `descripcion` AS `df`, '' AS `df2`, '' AS `df3`, '' AS `df4` FROM `localidades` WHERE `codnum` = 28 ORDER BY `descripcion` ASC {"params":[],"types":[],"executionMS":0.0005021095275878906} []
[2023-08-26T17:33:57.591397-03:00] log.DEBUG: SELECT `codnum` AS `lf`, `descripcion` AS `df`, '' AS `df2`, '' AS `df3`, '' AS `df4` FROM `localidades` WHERE `codnum` = 380 ORDER BY `descripcion` ASC {"params":[],"types":[],"executionMS":0.0005609989166259766} []
[2023-08-26T17:33:57.592498-03:00] log.DEBUG: SELECT `codnum` AS `lf`, `descripcion` AS `df`, '' AS `df2`, '' AS `df3`, '' AS `df4` FROM `localidades` WHERE `codnum` = 13 ORDER BY `descripcion` ASC {"params":[],"types":[],"executionMS":0.000492095947265625} []
[2023-08-26T17:33:57.593551-03:00] log.DEBUG: SELECT `codnum` AS `lf`, `descripcion` AS `df`, '' AS `df2`, '' AS `df3`, '' AS `df4` FROM `localidades` WHERE `codnum` = 8 ORDER BY `descripcion` ASC {"params":[],"types":[],"executionMS":0.00043201446533203125} []
[2023-08-26T17:33:57.594756-03:00] log.DEBUG: SELECT `codnum` AS `lf`, `descripcion` AS `df`, '' AS `df2`, '' AS `df3`, '' AS `df4` FROM `localidades` WHERE `codnum` = 413 ORDER BY `descripcion` ASC {"params":[],"types":[],"executionMS":0.0005128383636474609} []
[2023-08-26T17:33:57.595849-03:00] log.DEBUG: SELECT `codnum` AS `lf`, `descripcion` AS `df`, '' AS `df2`, '' AS `df3`, '' AS `df4` FROM `localidades` WHERE `codnum` = 413 ORDER BY `descripcion` ASC {"params":[],"types":[],"executionMS":0.0004260540008544922} []
[2023-08-26T17:33:57.596859-03:00] log.DEBUG: SELECT `codnum` AS `lf`, `descripcion` AS `df`, '' AS `df2`, '' AS `df3`, '' AS `df4` FROM `localidades` WHERE `codnum` = 413 ORDER BY `descripcion` ASC {"params":[],"types":[],"executionMS":0.000415802001953125} []
[2023-08-26T17:33:57.597954-03:00] log.DEBUG: SELECT `codnum` AS `lf`, `descripcion` AS `df`, '' AS `df2`, '' AS `df3`, '' AS `df4` FROM `localidades` WHERE `codnum` = 413 ORDER BY `descripcion` ASC {"params":[],"types":[],"executionMS":0.0004980564117431641} []
[2023-08-26T17:33:57.599101-03:00] log.DEBUG: SELECT `codnum` AS `lf`, `descripcion` AS `df`, '' AS `df2`, '' AS `df3`, '' AS `df4` FROM `localidades` WHERE `codnum` = 32 ORDER BY `descripcion` ASC {"params":[],"types":[],"executionMS":0.0005180835723876953} []
[2023-08-26T17:33:57.600275-03:00] log.DEBUG: SELECT `codnum` AS `lf`, `descripcion` AS `df`, '' AS `df2`, '' AS `df3`, '' AS `df4` FROM `localidades` WHERE `codnum` = 413 ORDER BY `descripcion` ASC {"params":[],"types":[],"executionMS":0.0005459785461425781} []
[2023-08-26T17:33:57.601606-03:00] log.DEBUG: SELECT `codnum` AS `lf`, `descripcion` AS `df`, '' AS `df2`, '' AS `df3`, '' AS `df4` FROM `localidades` WHERE `codnum` = 29 ORDER BY `descripcion` ASC {"params":[],"types":[],"executionMS":0.0006930828094482422} []
[2023-08-26T17:33:57.602699-03:00] log.DEBUG: SELECT `codnum` AS `lf`, `descripcion` AS `df`, '' AS `df2`, '' AS `df3`, '' AS `df4` FROM `localidades` WHERE `codnum` = 413 ORDER BY `descripcion` ASC {"params":[],"types":[],"executionMS":0.00045800209045410156} []
[2023-08-26T17:33:57.603790-03:00] log.DEBUG: SELECT `codnum` AS `lf`, `descripcion` AS `df`, '' AS `df2`, '' AS `df3`, '' AS `df4` FROM `localidades` WHERE `codnum` = 413 ORDER BY `descripcion` ASC {"params":[],"types":[],"executionMS":0.0004570484161376953} []
[2023-08-26T17:33:57.604923-03:00] log.DEBUG: SELECT `codnum` AS `lf`, `descripcion` AS `df`, '' AS `df2`, '' AS `df3`, '' AS `df4` FROM `localidades` WHERE `codnum` = 48 ORDER BY `descripcion` ASC {"params":[],"types":[],"executionMS":0.0004980564117431641} []
[2023-08-26T17:33:57.606026-03:00] log.DEBUG: SELECT `codnum` AS `lf`, `descripcion` AS `df`, '' AS `df2`, '' AS `df3`, '' AS `df4` FROM `localidades` WHERE `codnum` = 413 ORDER BY `descripcion` ASC {"params":[],"types":[],"executionMS":0.0005071163177490234} []
[2023-08-26T17:34:13.048644-03:00] log.DEBUG: SELECT COUNT(*) FROM `paises` {"params":[],"types":[],"executionMS":0.0011281967163085938} []
[2023-08-26T17:34:13.049787-03:00] log.DEBUG: SELECT `codnum` AS `lf`, `descripcion` AS `df`, '' AS `df2`, '' AS `df3`, '' AS `df4` FROM `paises` ORDER BY `descripcion` ASC {"params":[],"types":[],"executionMS":0.0008821487426757812} []
[2023-08-26T17:34:13.051291-03:00] log.DEBUG: SELECT COUNT(*) FROM `provincias` {"params":[],"types":[],"executionMS":0.0009698867797851562} []
[2023-08-26T17:34:13.052110-03:00] log.DEBUG: SELECT `codnum` AS `lf`, `descripcion` AS `df`, '' AS `df2`, '' AS `df3`, '' AS `df4`, `codpais` AS `ff` FROM `provincias` ORDER BY `descripcion` ASC {"params":[],"types":[],"executionMS":0.0007379055023193359} []
[2023-08-26T17:34:13.053966-03:00] log.DEBUG: SELECT COUNT(*) FROM `localidades` {"params":[],"types":[],"executionMS":0.0011539459228515625} []
[2023-08-26T17:34:13.055370-03:00] log.DEBUG: SELECT COUNT(*) FROM `tipoenti` {"params":[],"types":[],"executionMS":0.0010609626770019531} []
[2023-08-26T17:34:13.056039-03:00] log.DEBUG: SELECT `codnum` AS `lf`, `descripcion` AS `df`, '' AS `df2`, '' AS `df3`, '' AS `df4` FROM `tipoenti` ORDER BY `descripcion` ASC {"params":[],"types":[],"executionMS":0.0005848407745361328} []
[2023-08-26T17:34:13.057216-03:00] log.DEBUG: SELECT COUNT(*) FROM `tipoiva` {"params":[],"types":[],"executionMS":0.0007970333099365234} []
[2023-08-26T17:34:13.057689-03:00] log.DEBUG: SELECT `codnum` AS `lf`, `descrip` AS `df`, '' AS `df2`, '' AS `df3`, '' AS `df4` FROM `tipoiva` ORDER BY `descrip` ASC {"params":[],"types":[],"executionMS":0.0004029273986816406} []
[2023-08-26T17:34:13.058775-03:00] log.DEBUG: SELECT COUNT(*) FROM `calificacion` {"params":[],"types":[],"executionMS":0.0006949901580810547} []
[2023-08-26T17:34:13.059237-03:00] log.DEBUG: SELECT `codnum` AS `lf`, `descripcion` AS `df`, '' AS `df2`, '' AS `df3`, '' AS `df4` FROM `calificacion` ORDER BY `descripcion` ASC {"params":[],"types":[],"executionMS":0.0003910064697265625} []
[2023-08-26T17:34:13.060287-03:00] log.DEBUG: SELECT COUNT(*) FROM `tipoindustria` {"params":[],"types":[],"executionMS":0.0006289482116699219} []
[2023-08-26T17:34:13.060890-03:00] log.DEBUG: SELECT `codnum` AS `lf`, `nomre` AS `df`, '' AS `df2`, '' AS `df3`, '' AS `df4` FROM `tipoindustria` ORDER BY `nomre` ASC {"params":[],"types":[],"executionMS":0.0005278587341308594} []
[2023-08-26T17:34:13.103080-03:00] log.DEBUG: SELECT COUNT(*) FROM `entidades` WHERE (`razsoc` LIKE '%EMI%' AND `razsoc` LIKE '%ROD%') OR (`calle` LIKE '%EMI%' AND `calle` LIKE '%ROD%') OR (`numero` LIKE '%EMI%' AND `numero` LIKE '%ROD%') OR (`pisodto` LIKE '%EMI%' AND `pisodto` LIKE '%ROD%') OR (`codpost` LIKE '%EMI%' AND `codpost` LIKE '%ROD%') OR (`tellinea` LIKE '%EMI%' AND `tellinea` LIKE '%ROD%') OR (`telcelu` LIKE '%EMI%' AND `telcelu` LIKE '%ROD%') OR (`cuit` LIKE '%EMI%' AND `cuit` LIKE '%ROD%') OR (`contacto` LIKE '%EMI%' AND `contacto` LIKE '%ROD%') OR (`mailcont` LIKE '%EMI%' AND `mailcont` LIKE '%ROD%') OR (`cargo` LIKE '%EMI%' AND `cargo` LIKE '%ROD%') OR (`pagweb` LIKE '%EMI%' AND `pagweb` LIKE '%ROD%') {"params":[],"types":[],"executionMS":0.035356998443603516} []
[2023-08-26T17:34:13.145147-03:00] log.DEBUG: SELECT * FROM `entidades` WHERE (`razsoc` LIKE '%EMI%' AND `razsoc` LIKE '%ROD%') OR (`calle` LIKE '%EMI%' AND `calle` LIKE '%ROD%') OR (`numero` LIKE '%EMI%' AND `numero` LIKE '%ROD%') OR (`pisodto` LIKE '%EMI%' AND `pisodto` LIKE '%ROD%') OR (`codpost` LIKE '%EMI%' AND `codpost` LIKE '%ROD%') OR (`tellinea` LIKE '%EMI%' AND `tellinea` LIKE '%ROD%') OR (`telcelu` LIKE '%EMI%' AND `telcelu` LIKE '%ROD%') OR (`cuit` LIKE '%EMI%' AND `cuit` LIKE '%ROD%') OR (`contacto` LIKE '%EMI%' AND `contacto` LIKE '%ROD%') OR (`mailcont` LIKE '%EMI%' AND `mailcont` LIKE '%ROD%') OR (`cargo` LIKE '%EMI%' AND `cargo` LIKE '%ROD%') OR (`pagweb` LIKE '%EMI%' AND `pagweb` LIKE '%ROD%') LIMIT 20 {"params":[],"types":[],"executionMS":0.041596174240112305} []
[2023-08-26T17:34:13.149060-03:00] log.DEBUG: SELECT `codnum` AS `lf`, `descripcion` AS `df`, '' AS `df2`, '' AS `df3`, '' AS `df4` FROM `localidades` WHERE `codnum` = 413 ORDER BY `descripcion` ASC {"params":[],"types":[],"executionMS":0.0007469654083251953} []
[2023-08-26T17:34:13.150204-03:00] log.DEBUG: SELECT `codnum` AS `lf`, `descripcion` AS `df`, '' AS `df2`, '' AS `df3`, '' AS `df4` FROM `localidades` WHERE `codnum` = 413 ORDER BY `descripcion` ASC {"params":[],"types":[],"executionMS":0.0004398822784423828} []
[2023-08-26T17:34:13.151287-03:00] log.DEBUG: SELECT `codnum` AS `lf`, `descripcion` AS `df`, '' AS `df2`, '' AS `df3`, '' AS `df4` FROM `localidades` WHERE `codnum` = 390 ORDER BY `descripcion` ASC {"params":[],"types":[],"executionMS":0.00045013427734375} []
[2023-08-26T17:41:30.709683-03:00] log.DEBUG: SELECT COUNT(*) FROM `paises` {"params":[],"types":[],"executionMS":0.0013828277587890625} []
[2023-08-26T17:41:30.710976-03:00] log.DEBUG: SELECT `codnum` AS `lf`, `descripcion` AS `df`, '' AS `df2`, '' AS `df3`, '' AS `df4` FROM `paises` ORDER BY `descripcion` ASC {"params":[],"types":[],"executionMS":0.0008728504180908203} []
[2023-08-26T17:41:30.712964-03:00] log.DEBUG: SELECT COUNT(*) FROM `provincias` {"params":[],"types":[],"executionMS":0.001177072525024414} []
[2023-08-26T17:41:30.713771-03:00] log.DEBUG: SELECT `codnum` AS `lf`, `descripcion` AS `df`, '' AS `df2`, '' AS `df3`, '' AS `df4`, `codpais` AS `ff` FROM `provincias` ORDER BY `descripcion` ASC {"params":[],"types":[],"executionMS":0.0006759166717529297} []
[2023-08-26T17:41:30.716214-03:00] log.DEBUG: SELECT COUNT(*) FROM `localidades` {"params":[],"types":[],"executionMS":0.0012230873107910156} []
[2023-08-26T17:41:30.717214-03:00] log.DEBUG: SELECT COUNT(*) FROM `tipoenti` {"params":[],"types":[],"executionMS":0.0006620883941650391} []
[2023-08-26T17:41:30.717691-03:00] log.DEBUG: SELECT `codnum` AS `lf`, `descripcion` AS `df`, '' AS `df2`, '' AS `df3`, '' AS `df4` FROM `tipoenti` ORDER BY `descripcion` ASC {"params":[],"types":[],"executionMS":0.0004100799560546875} []
[2023-08-26T17:41:30.718824-03:00] log.DEBUG: SELECT COUNT(*) FROM `tipoiva` {"params":[],"types":[],"executionMS":0.0007529258728027344} []
[2023-08-26T17:41:30.719405-03:00] log.DEBUG: SELECT `codnum` AS `lf`, `descrip` AS `df`, '' AS `df2`, '' AS `df3`, '' AS `df4` FROM `tipoiva` ORDER BY `descrip` ASC {"params":[],"types":[],"executionMS":0.0005059242248535156} []
[2023-08-26T17:41:30.720540-03:00] log.DEBUG: SELECT COUNT(*) FROM `calificacion` {"params":[],"types":[],"executionMS":0.0007479190826416016} []
[2023-08-26T17:41:30.720974-03:00] log.DEBUG: SELECT `codnum` AS `lf`, `descripcion` AS `df`, '' AS `df2`, '' AS `df3`, '' AS `df4` FROM `calificacion` ORDER BY `descripcion` ASC {"params":[],"types":[],"executionMS":0.0003650188446044922} []
[2023-08-26T17:41:30.722164-03:00] log.DEBUG: SELECT COUNT(*) FROM `tipoindustria` {"params":[],"types":[],"executionMS":0.0008099079132080078} []
[2023-08-26T17:41:30.722778-03:00] log.DEBUG: SELECT `codnum` AS `lf`, `nomre` AS `df`, '' AS `df2`, '' AS `df3`, '' AS `df4` FROM `tipoindustria` ORDER BY `nomre` ASC {"params":[],"types":[],"executionMS":0.0005419254302978516} []
[2023-08-26T17:41:30.760172-03:00] log.DEBUG: SELECT COUNT(*) FROM `entidades` WHERE (`razsoc` LIKE '%freeway%') OR (`calle` LIKE '%freeway%') OR (`numero` LIKE '%freeway%') OR (`pisodto` LIKE '%freeway%') OR (`codpost` LIKE '%freeway%') OR (`tellinea` LIKE '%freeway%') OR (`telcelu` LIKE '%freeway%') OR (`cuit` LIKE '%freeway%') OR (`contacto` LIKE '%freeway%') OR (`mailcont` LIKE '%freeway%') OR (`cargo` LIKE '%freeway%') OR (`pagweb` LIKE '%freeway%') {"params":[],"types":[],"executionMS":0.03243589401245117} []
[2023-08-26T17:41:30.799172-03:00] log.DEBUG: SELECT * FROM `entidades` WHERE (`razsoc` LIKE '%freeway%') OR (`calle` LIKE '%freeway%') OR (`numero` LIKE '%freeway%') OR (`pisodto` LIKE '%freeway%') OR (`codpost` LIKE '%freeway%') OR (`tellinea` LIKE '%freeway%') OR (`telcelu` LIKE '%freeway%') OR (`cuit` LIKE '%freeway%') OR (`contacto` LIKE '%freeway%') OR (`mailcont` LIKE '%freeway%') OR (`cargo` LIKE '%freeway%') OR (`pagweb` LIKE '%freeway%') LIMIT 20 {"params":[],"types":[],"executionMS":0.038522958755493164} []
[2023-08-26T17:41:30.803437-03:00] log.DEBUG: SELECT `codnum` AS `lf`, `descripcion` AS `df`, '' AS `df2`, '' AS `df3`, '' AS `df4` FROM `localidades` WHERE `codnum` = 142 ORDER BY `descripcion` ASC {"params":[],"types":[],"executionMS":0.0010209083557128906} []
[2023-08-26T17:44:03.002722-03:00] log.DEBUG: 400 Bad Request Type: Slim\Exception\HttpBadRequestException Code: 400 Message: Invalid post request File: /var/www/Subastas2021/src/PermissionMiddleware.php Line: 115 Trace: #0 /var/www/Subastas2021/vendor/slim/slim/Slim/MiddlewareDispatcher.php(168): PHPMaker2021\Subastas2021\PermissionMiddleware->__invoke() #1 /var/www/Subastas2021/vendor/slim/slim/Slim/MiddlewareDispatcher.php(65): Psr\Http\Server\RequestHandlerInterface@anonymous->handle() #2 /var/www/Subastas2021/vendor/slim/slim/Slim/MiddlewareDispatcher.php(65): Slim\MiddlewareDispatcher->handle() #3 /var/www/Subastas2021/vendor/slim/slim/Slim/Routing/Route.php(315): Slim\MiddlewareDispatcher->handle() #4 /var/www/Subastas2021/vendor/slim/slim/Slim/Routing/RouteRunner.php(68): Slim\Routing\Route->run() #5 /var/www/Subastas2021/vendor/slim/slim/Slim/Middleware/BodyParsingMiddleware.php(64): Slim\Routing\RouteRunner->handle() #6 /var/www/Subastas2021/vendor/slim/slim/Slim/MiddlewareDispatcher.php(121): Slim\Middleware\BodyParsingMiddleware->process() #7 /var/www/Subastas2021/src/CorsMiddleware.php(32): Psr\Http\Server\RequestHandlerInterface@anonymous->handle() #8 /var/www/Subastas2021/vendor/slim/slim/Slim/MiddlewareDispatcher.php(121): PHPMaker2021\Subastas2021\CorsMiddleware->process() #9 /var/www/Subastas2021/vendor/slim/slim/Slim/Middleware/RoutingMiddleware.php(45): Psr\Http\Server\RequestHandlerInterface@anonymous->handle() #10 /var/www/Subastas2021/vendor/slim/slim/Slim/MiddlewareDispatcher.php(121): Slim\Middleware\RoutingMiddleware->process() #11 /var/www/Subastas2021/vendor/selective/samesite-cookie/src/SameSiteCookieMiddleware.php(52): Psr\Http\Server\RequestHandlerInterface@anonymous->handle() #12 /var/www/Subastas2021/vendor/slim/slim/Slim/MiddlewareDispatcher.php(121): Selective\SameSiteCookie\SameSiteCookieMiddleware->process() #13 /var/www/Subastas2021/vendor/selective/samesite-cookie/src/SameSiteSessionMiddleware.php(44): Psr\Http\Server\RequestHandlerInterface@anonymous->handle() #14 /var/www/Subastas2021/vendor/slim/slim/Slim/MiddlewareDispatcher.php(121): Selective\SameSiteCookie\SameSiteSessionMiddleware->process() #15 /var/www/Subastas2021/vendor/slim/slim/Slim/Middleware/ErrorMiddleware.php(76): Psr\Http\Server\RequestHandlerInterface@anonymous->handle() #16 /var/www/Subastas2021/vendor/slim/slim/Slim/MiddlewareDispatcher.php(121): Slim\Middleware\ErrorMiddleware->process() #17 /var/www/Subastas2021/vendor/slim/slim/Slim/MiddlewareDispatcher.php(65): Psr\Http\Server\RequestHandlerInterface@anonymous->handle() #18 /var/www/Subastas2021/vendor/slim/slim/Slim/App.php(199): Slim\MiddlewareDispatcher->handle() #19 /var/www/Subastas2021/vendor/slim/slim/Slim/App.php(183): Slim\App->handle() #20 /var/www/Subastas2021/index.php(116): Slim\App->run() #21 {main} [] []
