[2023-09-02T12:42:28.827508-03:00] log.DEBUG: 400 Bad Request Type: Slim\Exception\HttpBadRequestException Code: 400 Message: Invalid post request File: /var/www/Subastas2021/src/PermissionMiddleware.php Line: 115 Trace: #0 /var/www/Subastas2021/vendor/slim/slim/Slim/MiddlewareDispatcher.php(168): PHPMaker2021\Subastas2021\PermissionMiddleware->__invoke() #1 /var/www/Subastas2021/vendor/slim/slim/Slim/MiddlewareDispatcher.php(65): Psr\Http\Server\RequestHandlerInterface@anonymous->handle() #2 /var/www/Subastas2021/vendor/slim/slim/Slim/MiddlewareDispatcher.php(65): Slim\MiddlewareDispatcher->handle() #3 /var/www/Subastas2021/vendor/slim/slim/Slim/Routing/Route.php(315): Slim\MiddlewareDispatcher->handle() #4 /var/www/Subastas2021/vendor/slim/slim/Slim/Routing/RouteRunner.php(68): Slim\Routing\Route->run() #5 /var/www/Subastas2021/vendor/slim/slim/Slim/Middleware/BodyParsingMiddleware.php(64): Slim\Routing\RouteRunner->handle() #6 /var/www/Subastas2021/vendor/slim/slim/Slim/MiddlewareDispatcher.php(121): Slim\Middleware\BodyParsingMiddleware->process() #7 /var/www/Subastas2021/src/CorsMiddleware.php(32): Psr\Http\Server\RequestHandlerInterface@anonymous->handle() #8 /var/www/Subastas2021/vendor/slim/slim/Slim/MiddlewareDispatcher.php(121): PHPMaker2021\Subastas2021\CorsMiddleware->process() #9 /var/www/Subastas2021/vendor/slim/slim/Slim/Middleware/RoutingMiddleware.php(45): Psr\Http\Server\RequestHandlerInterface@anonymous->handle() #10 /var/www/Subastas2021/vendor/slim/slim/Slim/MiddlewareDispatcher.php(121): Slim\Middleware\RoutingMiddleware->process() #11 /var/www/Subastas2021/vendor/selective/samesite-cookie/src/SameSiteCookieMiddleware.php(52): Psr\Http\Server\RequestHandlerInterface@anonymous->handle() #12 /var/www/Subastas2021/vendor/slim/slim/Slim/MiddlewareDispatcher.php(121): Selective\SameSiteCookie\SameSiteCookieMiddleware->process() #13 /var/www/Subastas2021/vendor/selective/samesite-cookie/src/SameSiteSessionMiddleware.php(44): Psr\Http\Server\RequestHandlerInterface@anonymous->handle() #14 /var/www/Subastas2021/vendor/slim/slim/Slim/MiddlewareDispatcher.php(121): Selective\SameSiteCookie\SameSiteSessionMiddleware->process() #15 /var/www/Subastas2021/vendor/slim/slim/Slim/Middleware/ErrorMiddleware.php(76): Psr\Http\Server\RequestHandlerInterface@anonymous->handle() #16 /var/www/Subastas2021/vendor/slim/slim/Slim/MiddlewareDispatcher.php(121): Slim\Middleware\ErrorMiddleware->process() #17 /var/www/Subastas2021/vendor/slim/slim/Slim/MiddlewareDispatcher.php(65): Psr\Http\Server\RequestHandlerInterface@anonymous->handle() #18 /var/www/Subastas2021/vendor/slim/slim/Slim/App.php(199): Slim\MiddlewareDispatcher->handle() #19 /var/www/Subastas2021/vendor/slim/slim/Slim/App.php(183): Slim\App->handle() #20 /var/www/Subastas2021/index.php(116): Slim\App->run() #21 {main} Tips: To display error details in HTTP response set "displayErrorDetails" to true in the ErrorHandler constructor. [] []
[2023-09-02T12:42:39.497550-03:00] log.DEBUG: SELECT * FROM `usuarios` WHERE (`usuario` = 'Sebastian') {"params":[],"types":[],"executionMS":0.0010788440704345703} []
[2023-09-02T12:42:39.499746-03:00] log.DEBUG: SELECT * FROM `usuarios` WHERE (`usuario` = 'Sebastian') AND (`activo` = 1) {"params":[],"types":[],"executionMS":0.0010478496551513672} []
[2023-09-02T12:42:39.501408-03:00] log.DEBUG: SELECT * FROM `usuarios` WHERE (`usuario` = 'Sebastian') {"params":[],"types":[],"executionMS":0.0008389949798583984} []
[2023-09-02T12:42:39.502850-03:00] log.DEBUG: UPDATE `usuarios` SET `perfil` = ? WHERE (`usuario` = 'Sebastian') {"params":{"1":"a:10:{s:15:\"LoginRetryCount\";i:0;s:20:\"LastBadLoginDateTime\";s:19:\"2023/08/31 16:27:45\";s:23:\"LastPasswordChangedDate\";s:10:\"2023/08/31\";s:6:\"codnum\";i:41;s:7:\"usuario\";s:9:\"Sebastian\";s:6:\"nombre\";s:22:\"Sebastian Carlos Perez\";s:5:\"nivel\";i:-1;s:5:\"email\";s:0:\"\";s:6:\"perfil\";s:126:\"a:3:{s:15:\"LoginRetryCount\";i:1;s:20:\"LastBadLoginDateTime\";s:19:\"2023/08/31 16:27:45\";s:23:\"LastPasswordChangedDate\";s:0:\"\";}\";s:6:\"activo\";i:1;}"},"types":{"1":2},"executionMS":0.0006539821624755859} []
[2023-09-02T12:42:39.503835-03:00] log.DEBUG: SELECT * FROM `usuarios` WHERE (`usuario` = 'Sebastian') {"params":[],"types":[],"executionMS":0.0005550384521484375} []
[2023-09-02T12:42:39.505332-03:00] log.DEBUG: SELECT * FROM `usuarios` WHERE (`usuario` = 'Sebastian') {"params":[],"types":[],"executionMS":0.0006310939788818359} []
[2023-09-02T12:44:27.584924-03:00] log.DEBUG: 400 Bad Request Type: Slim\Exception\HttpBadRequestException Code: 400 Message: Invalid post request File: /var/www/Subastas2021/src/PermissionMiddleware.php Line: 115 Trace: #0 /var/www/Subastas2021/vendor/slim/slim/Slim/MiddlewareDispatcher.php(168): PHPMaker2021\Subastas2021\PermissionMiddleware->__invoke() #1 /var/www/Subastas2021/vendor/slim/slim/Slim/MiddlewareDispatcher.php(65): Psr\Http\Server\RequestHandlerInterface@anonymous->handle() #2 /var/www/Subastas2021/vendor/slim/slim/Slim/MiddlewareDispatcher.php(65): Slim\MiddlewareDispatcher->handle() #3 /var/www/Subastas2021/vendor/slim/slim/Slim/Routing/Route.php(315): Slim\MiddlewareDispatcher->handle() #4 /var/www/Subastas2021/vendor/slim/slim/Slim/Routing/RouteRunner.php(68): Slim\Routing\Route->run() #5 /var/www/Subastas2021/vendor/slim/slim/Slim/Middleware/BodyParsingMiddleware.php(64): Slim\Routing\RouteRunner->handle() #6 /var/www/Subastas2021/vendor/slim/slim/Slim/MiddlewareDispatcher.php(121): Slim\Middleware\BodyParsingMiddleware->process() #7 /var/www/Subastas2021/src/CorsMiddleware.php(32): Psr\Http\Server\RequestHandlerInterface@anonymous->handle() #8 /var/www/Subastas2021/vendor/slim/slim/Slim/MiddlewareDispatcher.php(121): PHPMaker2021\Subastas2021\CorsMiddleware->process() #9 /var/www/Subastas2021/vendor/slim/slim/Slim/Middleware/RoutingMiddleware.php(45): Psr\Http\Server\RequestHandlerInterface@anonymous->handle() #10 /var/www/Subastas2021/vendor/slim/slim/Slim/MiddlewareDispatcher.php(121): Slim\Middleware\RoutingMiddleware->process() #11 /var/www/Subastas2021/vendor/selective/samesite-cookie/src/SameSiteCookieMiddleware.php(52): Psr\Http\Server\RequestHandlerInterface@anonymous->handle() #12 /var/www/Subastas2021/vendor/slim/slim/Slim/MiddlewareDispatcher.php(121): Selective\SameSiteCookie\SameSiteCookieMiddleware->process() #13 /var/www/Subastas2021/vendor/selective/samesite-cookie/src/SameSiteSessionMiddleware.php(44): Psr\Http\Server\RequestHandlerInterface@anonymous->handle() #14 /var/www/Subastas2021/vendor/slim/slim/Slim/MiddlewareDispatcher.php(121): Selective\SameSiteCookie\SameSiteSessionMiddleware->process() #15 /var/www/Subastas2021/vendor/slim/slim/Slim/Middleware/ErrorMiddleware.php(76): Psr\Http\Server\RequestHandlerInterface@anonymous->handle() #16 /var/www/Subastas2021/vendor/slim/slim/Slim/MiddlewareDispatcher.php(121): Slim\Middleware\ErrorMiddleware->process() #17 /var/www/Subastas2021/vendor/slim/slim/Slim/MiddlewareDispatcher.php(65): Psr\Http\Server\RequestHandlerInterface@anonymous->handle() #18 /var/www/Subastas2021/vendor/slim/slim/Slim/App.php(199): Slim\MiddlewareDispatcher->handle() #19 /var/www/Subastas2021/vendor/slim/slim/Slim/App.php(183): Slim\App->handle() #20 /var/www/Subastas2021/index.php(116): Slim\App->run() #21 {main} Tips: To display error details in HTTP response set "displayErrorDetails" to true in the ErrorHandler constructor. [] []
[2023-09-02T12:54:14.577400-03:00] log.DEBUG: SELECT COUNT(*) FROM `paises` {"params":[],"types":[],"executionMS":0.0011620521545410156} []
[2023-09-02T12:54:14.578437-03:00] log.DEBUG: SELECT `codnum` AS `lf`, `descripcion` AS `df`, '' AS `df2`, '' AS `df3`, '' AS `df4` FROM `paises` ORDER BY `descripcion` ASC {"params":[],"types":[],"executionMS":0.0007488727569580078} []
[2023-09-02T12:54:14.580407-03:00] log.DEBUG: SELECT COUNT(*) FROM `provincias` {"params":[],"types":[],"executionMS":0.0014190673828125} []
[2023-09-02T12:54:14.581199-03:00] log.DEBUG: SELECT `codnum` AS `lf`, `descripcion` AS `df`, '' AS `df2`, '' AS `df3`, '' AS `df4`, `codpais` AS `ff` FROM `provincias` ORDER BY `descripcion` ASC {"params":[],"types":[],"executionMS":0.0006458759307861328} []
[2023-09-02T12:54:14.583216-03:00] log.DEBUG: SELECT COUNT(*) FROM `localidades` {"params":[],"types":[],"executionMS":0.0013000965118408203} []
[2023-09-02T12:54:14.584525-03:00] log.DEBUG: SELECT COUNT(*) FROM `tipoenti` {"params":[],"types":[],"executionMS":0.000949859619140625} []
[2023-09-02T12:54:14.585004-03:00] log.DEBUG: SELECT `codnum` AS `lf`, `descripcion` AS `df`, '' AS `df2`, '' AS `df3`, '' AS `df4` FROM `tipoenti` ORDER BY `descripcion` ASC {"params":[],"types":[],"executionMS":0.00040984153747558594} []
[2023-09-02T12:54:14.586089-03:00] log.DEBUG: SELECT COUNT(*) FROM `tipoiva` {"params":[],"types":[],"executionMS":0.0006620883941650391} []
[2023-09-02T12:54:14.586670-03:00] log.DEBUG: SELECT `codnum` AS `lf`, `descrip` AS `df`, '' AS `df2`, '' AS `df3`, '' AS `df4` FROM `tipoiva` ORDER BY `descrip` ASC {"params":[],"types":[],"executionMS":0.00048804283142089844} []
[2023-09-02T12:54:14.587783-03:00] log.DEBUG: SELECT COUNT(*) FROM `calificacion` {"params":[],"types":[],"executionMS":0.0006937980651855469} []
[2023-09-02T12:54:14.588380-03:00] log.DEBUG: SELECT `codnum` AS `lf`, `descripcion` AS `df`, '' AS `df2`, '' AS `df3`, '' AS `df4` FROM `calificacion` ORDER BY `descripcion` ASC {"params":[],"types":[],"executionMS":0.0005209445953369141} []
[2023-09-02T12:54:14.589517-03:00] log.DEBUG: SELECT COUNT(*) FROM `tipoindustria` {"params":[],"types":[],"executionMS":0.0007088184356689453} []
[2023-09-02T12:54:14.590169-03:00] log.DEBUG: SELECT `codnum` AS `lf`, `nomre` AS `df`, '' AS `df2`, '' AS `df3`, '' AS `df4` FROM `tipoindustria` ORDER BY `nomre` ASC {"params":[],"types":[],"executionMS":0.0005741119384765625} []
[2023-09-02T12:54:14.596171-03:00] log.DEBUG: SELECT COUNT(*) FROM `entidades` {"params":[],"types":[],"executionMS":0.003259897232055664} []
[2023-09-02T12:54:14.597200-03:00] log.DEBUG: SELECT * FROM `entidades` LIMIT 20 {"params":[],"types":[],"executionMS":0.0006680488586425781} []
[2023-09-02T12:54:14.604052-03:00] log.DEBUG: SELECT `codnum` AS `lf`, `descripcion` AS `df`, '' AS `df2`, '' AS `df3`, '' AS `df4` FROM `localidades` WHERE `codnum` = 413 ORDER BY `descripcion` ASC {"params":[],"types":[],"executionMS":0.0045680999755859375} []
[2023-09-02T12:54:14.605489-03:00] log.DEBUG: SELECT `codnum` AS `lf`, `descripcion` AS `df`, '' AS `df2`, '' AS `df3`, '' AS `df4` FROM `localidades` WHERE `codnum` = 413 ORDER BY `descripcion` ASC {"params":[],"types":[],"executionMS":0.0005669593811035156} []
[2023-09-02T12:54:14.606602-03:00] log.DEBUG: SELECT `codnum` AS `lf`, `descripcion` AS `df`, '' AS `df2`, '' AS `df3`, '' AS `df4` FROM `localidades` WHERE `codnum` = 9 ORDER BY `descripcion` ASC {"params":[],"types":[],"executionMS":0.00038886070251464844} []
[2023-09-02T12:54:14.607671-03:00] log.DEBUG: SELECT `codnum` AS `lf`, `descripcion` AS `df`, '' AS `df2`, '' AS `df3`, '' AS `df4` FROM `localidades` WHERE `codnum` = 9 ORDER BY `descripcion` ASC {"params":[],"types":[],"executionMS":0.0004050731658935547} []
[2023-09-02T12:54:14.608676-03:00] log.DEBUG: SELECT `codnum` AS `lf`, `descripcion` AS `df`, '' AS `df2`, '' AS `df3`, '' AS `df4` FROM `localidades` WHERE `codnum` = 934 ORDER BY `descripcion` ASC {"params":[],"types":[],"executionMS":0.00037384033203125} []
[2023-09-02T12:54:14.609728-03:00] log.DEBUG: SELECT `codnum` AS `lf`, `descripcion` AS `df`, '' AS `df2`, '' AS `df3`, '' AS `df4` FROM `localidades` WHERE `codnum` = 28 ORDER BY `descripcion` ASC {"params":[],"types":[],"executionMS":0.0004229545593261719} []
[2023-09-02T12:54:14.611019-03:00] log.DEBUG: SELECT `codnum` AS `lf`, `descripcion` AS `df`, '' AS `df2`, '' AS `df3`, '' AS `df4` FROM `localidades` WHERE `codnum` = 380 ORDER BY `descripcion` ASC {"params":[],"types":[],"executionMS":0.0004239082336425781} []
[2023-09-02T12:54:14.612108-03:00] log.DEBUG: SELECT `codnum` AS `lf`, `descripcion` AS `df`, '' AS `df2`, '' AS `df3`, '' AS `df4` FROM `localidades` WHERE `codnum` = 13 ORDER BY `descripcion` ASC {"params":[],"types":[],"executionMS":0.0004420280456542969} []
[2023-09-02T12:54:14.613288-03:00] log.DEBUG: SELECT `codnum` AS `lf`, `descripcion` AS `df`, '' AS `df2`, '' AS `df3`, '' AS `df4` FROM `localidades` WHERE `codnum` = 8 ORDER BY `descripcion` ASC {"params":[],"types":[],"executionMS":0.0004189014434814453} []
[2023-09-02T12:54:14.614341-03:00] log.DEBUG: SELECT `codnum` AS `lf`, `descripcion` AS `df`, '' AS `df2`, '' AS `df3`, '' AS `df4` FROM `localidades` WHERE `codnum` = 413 ORDER BY `descripcion` ASC {"params":[],"types":[],"executionMS":0.0003960132598876953} []
[2023-09-02T12:54:14.615404-03:00] log.DEBUG: SELECT `codnum` AS `lf`, `descripcion` AS `df`, '' AS `df2`, '' AS `df3`, '' AS `df4` FROM `localidades` WHERE `codnum` = 413 ORDER BY `descripcion` ASC {"params":[],"types":[],"executionMS":0.0004220008850097656} []
[2023-09-02T12:54:14.616420-03:00] log.DEBUG: SELECT `codnum` AS `lf`, `descripcion` AS `df`, '' AS `df2`, '' AS `df3`, '' AS `df4` FROM `localidades` WHERE `codnum` = 413 ORDER BY `descripcion` ASC {"params":[],"types":[],"executionMS":0.0003781318664550781} []
[2023-09-02T12:54:14.617458-03:00] log.DEBUG: SELECT `codnum` AS `lf`, `descripcion` AS `df`, '' AS `df2`, '' AS `df3`, '' AS `df4` FROM `localidades` WHERE `codnum` = 413 ORDER BY `descripcion` ASC {"params":[],"types":[],"executionMS":0.0003972053527832031} []
[2023-09-02T12:54:14.618496-03:00] log.DEBUG: SELECT `codnum` AS `lf`, `descripcion` AS `df`, '' AS `df2`, '' AS `df3`, '' AS `df4` FROM `localidades` WHERE `codnum` = 32 ORDER BY `descripcion` ASC {"params":[],"types":[],"executionMS":0.0004010200500488281} []
[2023-09-02T12:54:14.619494-03:00] log.DEBUG: SELECT `codnum` AS `lf`, `descripcion` AS `df`, '' AS `df2`, '' AS `df3`, '' AS `df4` FROM `localidades` WHERE `codnum` = 413 ORDER BY `descripcion` ASC {"params":[],"types":[],"executionMS":0.00036597251892089844} []
[2023-09-02T12:54:14.620673-03:00] log.DEBUG: SELECT `codnum` AS `lf`, `descripcion` AS `df`, '' AS `df2`, '' AS `df3`, '' AS `df4` FROM `localidades` WHERE `codnum` = 29 ORDER BY `descripcion` ASC {"params":[],"types":[],"executionMS":0.0004451274871826172} []
[2023-09-02T12:54:14.621710-03:00] log.DEBUG: SELECT `codnum` AS `lf`, `descripcion` AS `df`, '' AS `df2`, '' AS `df3`, '' AS `df4` FROM `localidades` WHERE `codnum` = 413 ORDER BY `descripcion` ASC {"params":[],"types":[],"executionMS":0.0003859996795654297} []
[2023-09-02T12:54:14.622918-03:00] log.DEBUG: SELECT `codnum` AS `lf`, `descripcion` AS `df`, '' AS `df2`, '' AS `df3`, '' AS `df4` FROM `localidades` WHERE `codnum` = 413 ORDER BY `descripcion` ASC {"params":[],"types":[],"executionMS":0.0004820823669433594} []
[2023-09-02T12:54:14.623941-03:00] log.DEBUG: SELECT `codnum` AS `lf`, `descripcion` AS `df`, '' AS `df2`, '' AS `df3`, '' AS `df4` FROM `localidades` WHERE `codnum` = 48 ORDER BY `descripcion` ASC {"params":[],"types":[],"executionMS":0.0003669261932373047} []
[2023-09-02T12:54:14.625321-03:00] log.DEBUG: SELECT `codnum` AS `lf`, `descripcion` AS `df`, '' AS `df2`, '' AS `df3`, '' AS `df4` FROM `localidades` WHERE `codnum` = 413 ORDER BY `descripcion` ASC {"params":[],"types":[],"executionMS":0.0003590583801269531} []
[2023-09-02T12:54:39.698004-03:00] log.DEBUG: SELECT COUNT(*) FROM `paises` {"params":[],"types":[],"executionMS":0.0012600421905517578} []
[2023-09-02T12:54:39.699132-03:00] log.DEBUG: SELECT `codnum` AS `lf`, `descripcion` AS `df`, '' AS `df2`, '' AS `df3`, '' AS `df4` FROM `paises` ORDER BY `descripcion` ASC {"params":[],"types":[],"executionMS":0.0008440017700195312} []
[2023-09-02T12:54:39.700716-03:00] log.DEBUG: SELECT COUNT(*) FROM `provincias` {"params":[],"types":[],"executionMS":0.0010721683502197266} []
[2023-09-02T12:54:39.701350-03:00] log.DEBUG: SELECT `codnum` AS `lf`, `descripcion` AS `df`, '' AS `df2`, '' AS `df3`, '' AS `df4`, `codpais` AS `ff` FROM `provincias` ORDER BY `descripcion` ASC {"params":[],"types":[],"executionMS":0.0005590915679931641} []
[2023-09-02T12:54:39.702927-03:00] log.DEBUG: SELECT COUNT(*) FROM `localidades` {"params":[],"types":[],"executionMS":0.00090789794921875} []
[2023-09-02T12:54:39.704089-03:00] log.DEBUG: SELECT COUNT(*) FROM `tipoenti` {"params":[],"types":[],"executionMS":0.0008440017700195312} []
[2023-09-02T12:54:39.704804-03:00] log.DEBUG: SELECT `codnum` AS `lf`, `descripcion` AS `df`, '' AS `df2`, '' AS `df3`, '' AS `df4` FROM `tipoenti` ORDER BY `descripcion` ASC {"params":[],"types":[],"executionMS":0.0006301403045654297} []
[2023-09-02T12:54:39.706116-03:00] log.DEBUG: SELECT COUNT(*) FROM `tipoiva` {"params":[],"types":[],"executionMS":0.0008821487426757812} []
[2023-09-02T12:54:39.706647-03:00] log.DEBUG: SELECT `codnum` AS `lf`, `descrip` AS `df`, '' AS `df2`, '' AS `df3`, '' AS `df4` FROM `tipoiva` ORDER BY `descrip` ASC {"params":[],"types":[],"executionMS":0.0004520416259765625} []
[2023-09-02T12:54:39.707695-03:00] log.DEBUG: SELECT COUNT(*) FROM `calificacion` {"params":[],"types":[],"executionMS":0.0006461143493652344} []
[2023-09-02T12:54:39.708244-03:00] log.DEBUG: SELECT `codnum` AS `lf`, `descripcion` AS `df`, '' AS `df2`, '' AS `df3`, '' AS `df4` FROM `calificacion` ORDER BY `descripcion` ASC {"params":[],"types":[],"executionMS":0.000476837158203125} []
[2023-09-02T12:54:39.709277-03:00] log.DEBUG: SELECT COUNT(*) FROM `tipoindustria` {"params":[],"types":[],"executionMS":0.000637054443359375} []
[2023-09-02T12:54:39.709797-03:00] log.DEBUG: SELECT `codnum` AS `lf`, `nomre` AS `df`, '' AS `df2`, '' AS `df3`, '' AS `df4` FROM `tipoindustria` ORDER BY `nomre` ASC {"params":[],"types":[],"executionMS":0.0004489421844482422} []
[2023-09-02T12:54:39.755704-03:00] log.DEBUG: SELECT COUNT(*) FROM `entidades` WHERE (`razsoc` LIKE '%20-14630753-2%') OR (`calle` LIKE '%20-14630753-2%') OR (`numero` LIKE '%20-14630753-2%') OR (`pisodto` LIKE '%20-14630753-2%') OR (`codpost` LIKE '%20-14630753-2%') OR (`tellinea` LIKE '%20-14630753-2%') OR (`telcelu` LIKE '%20-14630753-2%') OR (`cuit` LIKE '%20-14630753-2%') OR (`contacto` LIKE '%20-14630753-2%') OR (`mailcont` LIKE '%20-14630753-2%') OR (`cargo` LIKE '%20-14630753-2%') OR (`pagweb` LIKE '%20-14630753-2%') {"params":[],"types":[],"executionMS":0.04101204872131348} []
[2023-09-02T12:54:39.804025-03:00] log.DEBUG: SELECT * FROM `entidades` WHERE (`razsoc` LIKE '%20-14630753-2%') OR (`calle` LIKE '%20-14630753-2%') OR (`numero` LIKE '%20-14630753-2%') OR (`pisodto` LIKE '%20-14630753-2%') OR (`codpost` LIKE '%20-14630753-2%') OR (`tellinea` LIKE '%20-14630753-2%') OR (`telcelu` LIKE '%20-14630753-2%') OR (`cuit` LIKE '%20-14630753-2%') OR (`contacto` LIKE '%20-14630753-2%') OR (`mailcont` LIKE '%20-14630753-2%') OR (`cargo` LIKE '%20-14630753-2%') OR (`pagweb` LIKE '%20-14630753-2%') LIMIT 20 {"params":[],"types":[],"executionMS":0.04782915115356445} []
[2023-09-02T12:54:39.808109-03:00] log.DEBUG: SELECT `codnum` AS `lf`, `descripcion` AS `df`, '' AS `df2`, '' AS `df3`, '' AS `df4` FROM `localidades` WHERE `codnum` = 2114 ORDER BY `descripcion` ASC {"params":[],"types":[],"executionMS":0.0009019374847412109} []
[2023-09-02T13:00:25.590322-03:00] log.DEBUG: SELECT COUNT(*) FROM `paises` {"params":[],"types":[],"executionMS":0.0011980533599853516} []
[2023-09-02T13:00:25.591358-03:00] log.DEBUG: SELECT `codnum` AS `lf`, `descripcion` AS `df`, '' AS `df2`, '' AS `df3`, '' AS `df4` FROM `paises` ORDER BY `descripcion` ASC {"params":[],"types":[],"executionMS":0.0007269382476806641} []
[2023-09-02T13:00:25.592839-03:00] log.DEBUG: SELECT COUNT(*) FROM `provincias` {"params":[],"types":[],"executionMS":0.0008928775787353516} []
[2023-09-02T13:00:25.593500-03:00] log.DEBUG: SELECT `codnum` AS `lf`, `descripcion` AS `df`, '' AS `df2`, '' AS `df3`, '' AS `df4`, `codpais` AS `ff` FROM `provincias` ORDER BY `descripcion` ASC {"params":[],"types":[],"executionMS":0.0005719661712646484} []
[2023-09-02T13:00:25.595350-03:00] log.DEBUG: SELECT COUNT(*) FROM `localidades` {"params":[],"types":[],"executionMS":0.0010759830474853516} []
[2023-09-02T13:00:25.596574-03:00] log.DEBUG: SELECT COUNT(*) FROM `tipoenti` {"params":[],"types":[],"executionMS":0.0008490085601806641} []
[2023-09-02T13:00:25.597133-03:00] log.DEBUG: SELECT `codnum` AS `lf`, `descripcion` AS `df`, '' AS `df2`, '' AS `df3`, '' AS `df4` FROM `tipoenti` ORDER BY `descripcion` ASC {"params":[],"types":[],"executionMS":0.00047206878662109375} []
[2023-09-02T13:00:25.598394-03:00] log.DEBUG: SELECT COUNT(*) FROM `tipoiva` {"params":[],"types":[],"executionMS":0.0007760524749755859} []
[2023-09-02T13:00:25.598905-03:00] log.DEBUG: SELECT `codnum` AS `lf`, `descrip` AS `df`, '' AS `df2`, '' AS `df3`, '' AS `df4` FROM `tipoiva` ORDER BY `descrip` ASC {"params":[],"types":[],"executionMS":0.0004241466522216797} []
[2023-09-02T13:00:25.600089-03:00] log.DEBUG: SELECT COUNT(*) FROM `calificacion` {"params":[],"types":[],"executionMS":0.0007138252258300781} []
[2023-09-02T13:00:25.600590-03:00] log.DEBUG: SELECT `codnum` AS `lf`, `descripcion` AS `df`, '' AS `df2`, '' AS `df3`, '' AS `df4` FROM `calificacion` ORDER BY `descripcion` ASC {"params":[],"types":[],"executionMS":0.0004150867462158203} []
[2023-09-02T13:00:25.601876-03:00] log.DEBUG: SELECT COUNT(*) FROM `tipoindustria` {"params":[],"types":[],"executionMS":0.0008168220520019531} []
[2023-09-02T13:00:25.602431-03:00] log.DEBUG: SELECT `codnum` AS `lf`, `nomre` AS `df`, '' AS `df2`, '' AS `df3`, '' AS `df4` FROM `tipoindustria` ORDER BY `nomre` ASC {"params":[],"types":[],"executionMS":0.000469207763671875} []
[2023-09-02T13:00:25.647063-03:00] log.DEBUG: SELECT COUNT(*) FROM `entidades` WHERE (`razsoc` LIKE '%20-14630753-2%') OR (`calle` LIKE '%20-14630753-2%') OR (`numero` LIKE '%20-14630753-2%') OR (`pisodto` LIKE '%20-14630753-2%') OR (`codpost` LIKE '%20-14630753-2%') OR (`tellinea` LIKE '%20-14630753-2%') OR (`telcelu` LIKE '%20-14630753-2%') OR (`cuit` LIKE '%20-14630753-2%') OR (`contacto` LIKE '%20-14630753-2%') OR (`mailcont` LIKE '%20-14630753-2%') OR (`cargo` LIKE '%20-14630753-2%') OR (`pagweb` LIKE '%20-14630753-2%') {"params":[],"types":[],"executionMS":0.03903007507324219} []
[2023-09-02T13:00:25.694333-03:00] log.DEBUG: SELECT * FROM `entidades` WHERE (`razsoc` LIKE '%20-14630753-2%') OR (`calle` LIKE '%20-14630753-2%') OR (`numero` LIKE '%20-14630753-2%') OR (`pisodto` LIKE '%20-14630753-2%') OR (`codpost` LIKE '%20-14630753-2%') OR (`tellinea` LIKE '%20-14630753-2%') OR (`telcelu` LIKE '%20-14630753-2%') OR (`cuit` LIKE '%20-14630753-2%') OR (`contacto` LIKE '%20-14630753-2%') OR (`mailcont` LIKE '%20-14630753-2%') OR (`cargo` LIKE '%20-14630753-2%') OR (`pagweb` LIKE '%20-14630753-2%') LIMIT 20 {"params":[],"types":[],"executionMS":0.046595096588134766} []
[2023-09-02T13:00:25.699173-03:00] log.DEBUG: SELECT `codnum` AS `lf`, `descripcion` AS `df`, '' AS `df2`, '' AS `df3`, '' AS `df4` FROM `localidades` WHERE `codnum` = 2114 ORDER BY `descripcion` ASC {"params":[],"types":[],"executionMS":0.0010068416595458984} []
[2023-09-02T13:04:53.006395-03:00] log.DEBUG: SELECT COUNT(*) FROM `paises` {"params":[],"types":[],"executionMS":0.001605987548828125} []
[2023-09-02T13:04:53.007666-03:00] log.DEBUG: SELECT `codnum` AS `lf`, `descripcion` AS `df`, '' AS `df2`, '' AS `df3`, '' AS `df4` FROM `paises` ORDER BY `descripcion` ASC {"params":[],"types":[],"executionMS":0.0008339881896972656} []
[2023-09-02T13:04:53.009380-03:00] log.DEBUG: SELECT COUNT(*) FROM `provincias` {"params":[],"types":[],"executionMS":0.0008981227874755859} []
[2023-09-02T13:04:53.010176-03:00] log.DEBUG: SELECT `codnum` AS `lf`, `descripcion` AS `df`, '' AS `df2`, '' AS `df3`, '' AS `df4`, `codpais` AS `ff` FROM `provincias` ORDER BY `descripcion` ASC {"params":[],"types":[],"executionMS":0.0007069110870361328} []
[2023-09-02T13:04:53.011840-03:00] log.DEBUG: SELECT COUNT(*) FROM `localidades` {"params":[],"types":[],"executionMS":0.0009250640869140625} []
[2023-09-02T13:04:53.012859-03:00] log.DEBUG: SELECT COUNT(*) FROM `tipoenti` {"params":[],"types":[],"executionMS":0.0006718635559082031} []
[2023-09-02T13:04:53.013479-03:00] log.DEBUG: SELECT `codnum` AS `lf`, `descripcion` AS `df`, '' AS `df2`, '' AS `df3`, '' AS `df4` FROM `tipoenti` ORDER BY `descripcion` ASC {"params":[],"types":[],"executionMS":0.0005447864532470703} []
[2023-09-02T13:04:53.014595-03:00] log.DEBUG: SELECT COUNT(*) FROM `tipoiva` {"params":[],"types":[],"executionMS":0.0006971359252929688} []
[2023-09-02T13:04:53.015213-03:00] log.DEBUG: SELECT `codnum` AS `lf`, `descrip` AS `df`, '' AS `df2`, '' AS `df3`, '' AS `df4` FROM `tipoiva` ORDER BY `descrip` ASC {"params":[],"types":[],"executionMS":0.0005278587341308594} []
[2023-09-02T13:04:53.016285-03:00] log.DEBUG: SELECT COUNT(*) FROM `calificacion` {"params":[],"types":[],"executionMS":0.0006420612335205078} []
[2023-09-02T13:04:53.016812-03:00] log.DEBUG: SELECT `codnum` AS `lf`, `descripcion` AS `df`, '' AS `df2`, '' AS `df3`, '' AS `df4` FROM `calificacion` ORDER BY `descripcion` ASC {"params":[],"types":[],"executionMS":0.0004558563232421875} []
[2023-09-02T13:04:53.017920-03:00] log.DEBUG: SELECT COUNT(*) FROM `tipoindustria` {"params":[],"types":[],"executionMS":0.0006871223449707031} []
[2023-09-02T13:04:53.018463-03:00] log.DEBUG: SELECT `codnum` AS `lf`, `nomre` AS `df`, '' AS `df2`, '' AS `df3`, '' AS `df4` FROM `tipoindustria` ORDER BY `nomre` ASC {"params":[],"types":[],"executionMS":0.0004711151123046875} []
[2023-09-02T13:04:53.064722-03:00] log.DEBUG: SELECT COUNT(*) FROM `entidades` WHERE (`razsoc` LIKE '%20-14630753-2%') OR (`calle` LIKE '%20-14630753-2%') OR (`numero` LIKE '%20-14630753-2%') OR (`pisodto` LIKE '%20-14630753-2%') OR (`codpost` LIKE '%20-14630753-2%') OR (`tellinea` LIKE '%20-14630753-2%') OR (`telcelu` LIKE '%20-14630753-2%') OR (`cuit` LIKE '%20-14630753-2%') OR (`contacto` LIKE '%20-14630753-2%') OR (`mailcont` LIKE '%20-14630753-2%') OR (`cargo` LIKE '%20-14630753-2%') OR (`pagweb` LIKE '%20-14630753-2%') {"params":[],"types":[],"executionMS":0.04111313819885254} []
[2023-09-02T13:04:53.112055-03:00] log.DEBUG: SELECT * FROM `entidades` WHERE (`razsoc` LIKE '%20-14630753-2%') OR (`calle` LIKE '%20-14630753-2%') OR (`numero` LIKE '%20-14630753-2%') OR (`pisodto` LIKE '%20-14630753-2%') OR (`codpost` LIKE '%20-14630753-2%') OR (`tellinea` LIKE '%20-14630753-2%') OR (`telcelu` LIKE '%20-14630753-2%') OR (`cuit` LIKE '%20-14630753-2%') OR (`contacto` LIKE '%20-14630753-2%') OR (`mailcont` LIKE '%20-14630753-2%') OR (`cargo` LIKE '%20-14630753-2%') OR (`pagweb` LIKE '%20-14630753-2%') LIMIT 20 {"params":[],"types":[],"executionMS":0.046813011169433594} []
[2023-09-02T13:04:53.114962-03:00] log.DEBUG: SELECT `codnum` AS `lf`, `descripcion` AS `df`, '' AS `df2`, '' AS `df3`, '' AS `df4` FROM `localidades` WHERE `codnum` = 2114 ORDER BY `descripcion` ASC {"params":[],"types":[],"executionMS":0.0008931159973144531} []
[2023-09-02T13:04:55.791630-03:00] log.DEBUG: SELECT COUNT(*) FROM `paises` {"params":[],"types":[],"executionMS":0.001257181167602539} []
[2023-09-02T13:04:55.792684-03:00] log.DEBUG: SELECT `codnum` AS `lf`, `descripcion` AS `df`, '' AS `df2`, '' AS `df3`, '' AS `df4` FROM `paises` ORDER BY `descripcion` ASC {"params":[],"types":[],"executionMS":0.0007841587066650391} []
[2023-09-02T13:04:55.794207-03:00] log.DEBUG: SELECT COUNT(*) FROM `provincias` {"params":[],"types":[],"executionMS":0.0010519027709960938} []
[2023-09-02T13:04:55.794924-03:00] log.DEBUG: SELECT `codnum` AS `lf`, `descripcion` AS `df`, '' AS `df2`, '' AS `df3`, '' AS `df4`, `codpais` AS `ff` FROM `provincias` ORDER BY `descripcion` ASC {"params":[],"types":[],"executionMS":0.0006351470947265625} []
[2023-09-02T13:04:55.796526-03:00] log.DEBUG: SELECT COUNT(*) FROM `localidades` {"params":[],"types":[],"executionMS":0.0009171962738037109} []
[2023-09-02T13:04:55.797781-03:00] log.DEBUG: SELECT COUNT(*) FROM `tipoenti` {"params":[],"types":[],"executionMS":0.0009021759033203125} []
[2023-09-02T13:04:55.798872-03:00] log.DEBUG: SELECT `codnum` AS `lf`, `descripcion` AS `df`, '' AS `df2`, '' AS `df3`, '' AS `df4` FROM `tipoenti` ORDER BY `descripcion` ASC {"params":[],"types":[],"executionMS":0.0009920597076416016} []
[2023-09-02T13:04:55.800401-03:00] log.DEBUG: SELECT COUNT(*) FROM `tipoiva` {"params":[],"types":[],"executionMS":0.0009350776672363281} []
[2023-09-02T13:04:55.800973-03:00] log.DEBUG: SELECT `codnum` AS `lf`, `descrip` AS `df`, '' AS `df2`, '' AS `df3`, '' AS `df4` FROM `tipoiva` ORDER BY `descrip` ASC {"params":[],"types":[],"executionMS":0.00048804283142089844} []
[2023-09-02T13:04:55.802419-03:00] log.DEBUG: SELECT COUNT(*) FROM `calificacion` {"params":[],"types":[],"executionMS":0.000965118408203125} []
[2023-09-02T13:04:55.802979-03:00] log.DEBUG: SELECT `codnum` AS `lf`, `descripcion` AS `df`, '' AS `df2`, '' AS `df3`, '' AS `df4` FROM `calificacion` ORDER BY `descripcion` ASC {"params":[],"types":[],"executionMS":0.00047397613525390625} []
[2023-09-02T13:04:55.804242-03:00] log.DEBUG: SELECT COUNT(*) FROM `tipoindustria` {"params":[],"types":[],"executionMS":0.0008020401000976562} []
[2023-09-02T13:04:55.805019-03:00] log.DEBUG: SELECT `codnum` AS `lf`, `nomre` AS `df`, '' AS `df2`, '' AS `df3`, '' AS `df4` FROM `tipoindustria` ORDER BY `nomre` ASC {"params":[],"types":[],"executionMS":0.0006911754608154297} []
[2023-09-02T13:04:55.848096-03:00] log.DEBUG: SELECT COUNT(*) FROM `entidades` WHERE (`razsoc` LIKE '%30-71619913-0%') OR (`calle` LIKE '%30-71619913-0%') OR (`numero` LIKE '%30-71619913-0%') OR (`pisodto` LIKE '%30-71619913-0%') OR (`codpost` LIKE '%30-71619913-0%') OR (`tellinea` LIKE '%30-71619913-0%') OR (`telcelu` LIKE '%30-71619913-0%') OR (`cuit` LIKE '%30-71619913-0%') OR (`contacto` LIKE '%30-71619913-0%') OR (`mailcont` LIKE '%30-71619913-0%') OR (`cargo` LIKE '%30-71619913-0%') OR (`pagweb` LIKE '%30-71619913-0%') {"params":[],"types":[],"executionMS":0.0380859375} []
[2023-09-02T13:04:55.893961-03:00] log.DEBUG: SELECT * FROM `entidades` WHERE (`razsoc` LIKE '%30-71619913-0%') OR (`calle` LIKE '%30-71619913-0%') OR (`numero` LIKE '%30-71619913-0%') OR (`pisodto` LIKE '%30-71619913-0%') OR (`codpost` LIKE '%30-71619913-0%') OR (`tellinea` LIKE '%30-71619913-0%') OR (`telcelu` LIKE '%30-71619913-0%') OR (`cuit` LIKE '%30-71619913-0%') OR (`contacto` LIKE '%30-71619913-0%') OR (`mailcont` LIKE '%30-71619913-0%') OR (`cargo` LIKE '%30-71619913-0%') OR (`pagweb` LIKE '%30-71619913-0%') LIMIT 20 {"params":[],"types":[],"executionMS":0.04555106163024902} []
[2023-09-02T13:25:00.997162-03:00] log.DEBUG: SELECT COUNT(*) FROM `paises` {"params":[],"types":[],"executionMS":0.0015461444854736328} []
[2023-09-02T13:25:00.998747-03:00] log.DEBUG: SELECT `codnum` AS `lf`, `descripcion` AS `df`, '' AS `df2`, '' AS `df3`, '' AS `df4` FROM `paises` ORDER BY `descripcion` ASC {"params":[],"types":[],"executionMS":0.0012891292572021484} []
[2023-09-02T13:25:01.000255-03:00] log.DEBUG: SELECT COUNT(*) FROM `provincias` {"params":[],"types":[],"executionMS":0.0009419918060302734} []
[2023-09-02T13:25:01.000974-03:00] log.DEBUG: SELECT `codnum` AS `lf`, `descripcion` AS `df`, '' AS `df2`, '' AS `df3`, '' AS `df4`, `codpais` AS `ff` FROM `provincias` ORDER BY `descripcion` ASC {"params":[],"types":[],"executionMS":0.0006420612335205078} []
[2023-09-02T13:25:01.002739-03:00] log.DEBUG: SELECT COUNT(*) FROM `localidades` {"params":[],"types":[],"executionMS":0.0010819435119628906} []
[2023-09-02T13:25:01.003835-03:00] log.DEBUG: SELECT COUNT(*) FROM `tipoenti` {"params":[],"types":[],"executionMS":0.0007660388946533203} []
[2023-09-02T13:25:01.004465-03:00] log.DEBUG: SELECT `codnum` AS `lf`, `descripcion` AS `df`, '' AS `df2`, '' AS `df3`, '' AS `df4` FROM `tipoenti` ORDER BY `descripcion` ASC {"params":[],"types":[],"executionMS":0.0005598068237304688} []
[2023-09-02T13:25:01.005640-03:00] log.DEBUG: SELECT COUNT(*) FROM `tipoiva` {"params":[],"types":[],"executionMS":0.0007610321044921875} []
[2023-09-02T13:25:01.006615-03:00] log.DEBUG: SELECT `codnum` AS `lf`, `descrip` AS `df`, '' AS `df2`, '' AS `df3`, '' AS `df4` FROM `tipoiva` ORDER BY `descrip` ASC {"params":[],"types":[],"executionMS":0.0009071826934814453} []
[2023-09-02T13:25:01.007803-03:00] log.DEBUG: SELECT COUNT(*) FROM `calificacion` {"params":[],"types":[],"executionMS":0.0007648468017578125} []
[2023-09-02T13:25:01.008319-03:00] log.DEBUG: SELECT `codnum` AS `lf`, `descripcion` AS `df`, '' AS `df2`, '' AS `df3`, '' AS `df4` FROM `calificacion` ORDER BY `descripcion` ASC {"params":[],"types":[],"executionMS":0.0004448890686035156} []
[2023-09-02T13:25:01.009542-03:00] log.DEBUG: SELECT COUNT(*) FROM `tipoindustria` {"params":[],"types":[],"executionMS":0.0007789134979248047} []
[2023-09-02T13:25:01.010078-03:00] log.DEBUG: SELECT `codnum` AS `lf`, `nomre` AS `df`, '' AS `df2`, '' AS `df3`, '' AS `df4` FROM `tipoindustria` ORDER BY `nomre` ASC {"params":[],"types":[],"executionMS":0.0004661083221435547} []
[2023-09-02T13:25:01.052599-03:00] log.DEBUG: SELECT COUNT(*) FROM `entidades` WHERE (`razsoc` LIKE '%30-71619913-0%') OR (`calle` LIKE '%30-71619913-0%') OR (`numero` LIKE '%30-71619913-0%') OR (`pisodto` LIKE '%30-71619913-0%') OR (`codpost` LIKE '%30-71619913-0%') OR (`tellinea` LIKE '%30-71619913-0%') OR (`telcelu` LIKE '%30-71619913-0%') OR (`cuit` LIKE '%30-71619913-0%') OR (`contacto` LIKE '%30-71619913-0%') OR (`mailcont` LIKE '%30-71619913-0%') OR (`cargo` LIKE '%30-71619913-0%') OR (`pagweb` LIKE '%30-71619913-0%') {"params":[],"types":[],"executionMS":0.038197994232177734} []
[2023-09-02T13:25:01.096608-03:00] log.DEBUG: SELECT * FROM `entidades` WHERE (`razsoc` LIKE '%30-71619913-0%') OR (`calle` LIKE '%30-71619913-0%') OR (`numero` LIKE '%30-71619913-0%') OR (`pisodto` LIKE '%30-71619913-0%') OR (`codpost` LIKE '%30-71619913-0%') OR (`tellinea` LIKE '%30-71619913-0%') OR (`telcelu` LIKE '%30-71619913-0%') OR (`cuit` LIKE '%30-71619913-0%') OR (`contacto` LIKE '%30-71619913-0%') OR (`mailcont` LIKE '%30-71619913-0%') OR (`cargo` LIKE '%30-71619913-0%') OR (`pagweb` LIKE '%30-71619913-0%') LIMIT 20 {"params":[],"types":[],"executionMS":0.043274879455566406} []
[2023-09-02T13:25:01.100629-03:00] log.DEBUG: SELECT `codnum` AS `lf`, `descripcion` AS `df`, '' AS `df2`, '' AS `df3`, '' AS `df4` FROM `localidades` WHERE `codnum` = 2321 ORDER BY `descripcion` ASC {"params":[],"types":[],"executionMS":0.0007679462432861328} []
[2023-09-02T13:25:05.159155-03:00] log.DEBUG: SELECT COUNT(*) FROM `paises` {"params":[],"types":[],"executionMS":0.0012309551239013672} []
[2023-09-02T13:25:05.160160-03:00] log.DEBUG: SELECT `codnum` AS `lf`, `descripcion` AS `df`, '' AS `df2`, '' AS `df3`, '' AS `df4` FROM `paises` ORDER BY `descripcion` ASC {"params":[],"types":[],"executionMS":0.0005970001220703125} []
[2023-09-02T13:25:05.161930-03:00] log.DEBUG: SELECT COUNT(*) FROM `provincias` {"params":[],"types":[],"executionMS":0.0009310245513916016} []
[2023-09-02T13:25:05.162609-03:00] log.DEBUG: SELECT `codnum` AS `lf`, `descripcion` AS `df`, '' AS `df2`, '' AS `df3`, '' AS `df4`, `codpais` AS `ff` FROM `provincias` ORDER BY `descripcion` ASC {"params":[],"types":[],"executionMS":0.000553131103515625} []
[2023-09-02T13:25:05.164886-03:00] log.DEBUG: SELECT COUNT(*) FROM `localidades` {"params":[],"types":[],"executionMS":0.001116037368774414} []
[2023-09-02T13:25:05.166625-03:00] log.DEBUG: SELECT COUNT(*) FROM `tipoenti` {"params":[],"types":[],"executionMS":0.0014050006866455078} []
[2023-09-02T13:25:05.167334-03:00] log.DEBUG: SELECT `codnum` AS `lf`, `descripcion` AS `df`, '' AS `df2`, '' AS `df3`, '' AS `df4` FROM `tipoenti` ORDER BY `descripcion` ASC {"params":[],"types":[],"executionMS":0.0005869865417480469} []
[2023-09-02T13:25:05.168408-03:00] log.DEBUG: SELECT COUNT(*) FROM `tipoiva` {"params":[],"types":[],"executionMS":0.0007050037384033203} []
[2023-09-02T13:25:05.168998-03:00] log.DEBUG: SELECT `codnum` AS `lf`, `descrip` AS `df`, '' AS `df2`, '' AS `df3`, '' AS `df4` FROM `tipoiva` ORDER BY `descrip` ASC {"params":[],"types":[],"executionMS":0.0005171298980712891} []
[2023-09-02T13:25:05.170089-03:00] log.DEBUG: SELECT COUNT(*) FROM `calificacion` {"params":[],"types":[],"executionMS":0.0006821155548095703} []
[2023-09-02T13:25:05.170760-03:00] log.DEBUG: SELECT `codnum` AS `lf`, `descripcion` AS `df`, '' AS `df2`, '' AS `df3`, '' AS `df4` FROM `calificacion` ORDER BY `descripcion` ASC {"params":[],"types":[],"executionMS":0.0005669593811035156} []
[2023-09-02T13:25:05.172415-03:00] log.DEBUG: SELECT COUNT(*) FROM `tipoindustria` {"params":[],"types":[],"executionMS":0.0007221698760986328} []
[2023-09-02T13:25:05.172884-03:00] log.DEBUG: SELECT `codnum` AS `lf`, `nomre` AS `df`, '' AS `df2`, '' AS `df3`, '' AS `df4` FROM `tipoindustria` ORDER BY `nomre` ASC {"params":[],"types":[],"executionMS":0.0003998279571533203} []
[2023-09-02T13:25:05.212404-03:00] log.DEBUG: SELECT COUNT(*) FROM `entidades` WHERE (`razsoc` LIKE '%20-24628198-0%') OR (`calle` LIKE '%20-24628198-0%') OR (`numero` LIKE '%20-24628198-0%') OR (`pisodto` LIKE '%20-24628198-0%') OR (`codpost` LIKE '%20-24628198-0%') OR (`tellinea` LIKE '%20-24628198-0%') OR (`telcelu` LIKE '%20-24628198-0%') OR (`cuit` LIKE '%20-24628198-0%') OR (`contacto` LIKE '%20-24628198-0%') OR (`mailcont` LIKE '%20-24628198-0%') OR (`cargo` LIKE '%20-24628198-0%') OR (`pagweb` LIKE '%20-24628198-0%') {"params":[],"types":[],"executionMS":0.034587860107421875} []
[2023-09-02T13:25:05.254837-03:00] log.DEBUG: SELECT * FROM `entidades` WHERE (`razsoc` LIKE '%20-24628198-0%') OR (`calle` LIKE '%20-24628198-0%') OR (`numero` LIKE '%20-24628198-0%') OR (`pisodto` LIKE '%20-24628198-0%') OR (`codpost` LIKE '%20-24628198-0%') OR (`tellinea` LIKE '%20-24628198-0%') OR (`telcelu` LIKE '%20-24628198-0%') OR (`cuit` LIKE '%20-24628198-0%') OR (`contacto` LIKE '%20-24628198-0%') OR (`mailcont` LIKE '%20-24628198-0%') OR (`cargo` LIKE '%20-24628198-0%') OR (`pagweb` LIKE '%20-24628198-0%') LIMIT 20 {"params":[],"types":[],"executionMS":0.04199790954589844} []
[2023-09-02T13:25:05.258037-03:00] log.DEBUG: SELECT `codnum` AS `lf`, `descripcion` AS `df`, '' AS `df2`, '' AS `df3`, '' AS `df4` FROM `localidades` WHERE `codnum` = 128 ORDER BY `descripcion` ASC {"params":[],"types":[],"executionMS":0.0006470680236816406} []
[2023-09-02T13:25:05.259298-03:00] log.DEBUG: SELECT `codnum` AS `lf`, `descripcion` AS `df`, '' AS `df2`, '' AS `df3`, '' AS `df4` FROM `localidades` WHERE `codnum` = 128 ORDER BY `descripcion` ASC {"params":[],"types":[],"executionMS":0.0004601478576660156} []
[2023-09-02T13:32:40.961799-03:00] log.DEBUG: SELECT COUNT(*) FROM `paises` {"params":[],"types":[],"executionMS":0.0011441707611083984} []
[2023-09-02T13:32:40.962667-03:00] log.DEBUG: SELECT `codnum` AS `lf`, `descripcion` AS `df`, '' AS `df2`, '' AS `df3`, '' AS `df4` FROM `paises` ORDER BY `descripcion` ASC {"params":[],"types":[],"executionMS":0.0005929470062255859} []
[2023-09-02T13:32:40.964279-03:00] log.DEBUG: SELECT COUNT(*) FROM `provincias` {"params":[],"types":[],"executionMS":0.0010530948638916016} []
[2023-09-02T13:32:40.964967-03:00] log.DEBUG: SELECT `codnum` AS `lf`, `descripcion` AS `df`, '' AS `df2`, '' AS `df3`, '' AS `df4`, `codpais` AS `ff` FROM `provincias` ORDER BY `descripcion` ASC {"params":[],"types":[],"executionMS":0.0006020069122314453} []
[2023-09-02T13:32:40.966880-03:00] log.DEBUG: SELECT COUNT(*) FROM `localidades` {"params":[],"types":[],"executionMS":0.0012660026550292969} []
[2023-09-02T13:32:40.968007-03:00] log.DEBUG: SELECT COUNT(*) FROM `tipoenti` {"params":[],"types":[],"executionMS":0.0007891654968261719} []
[2023-09-02T13:32:40.968660-03:00] log.DEBUG: SELECT `codnum` AS `lf`, `descripcion` AS `df`, '' AS `df2`, '' AS `df3`, '' AS `df4` FROM `tipoenti` ORDER BY `descripcion` ASC {"params":[],"types":[],"executionMS":0.0005788803100585938} []
[2023-09-02T13:32:40.969936-03:00] log.DEBUG: SELECT COUNT(*) FROM `tipoiva` {"params":[],"types":[],"executionMS":0.0009000301361083984} []
[2023-09-02T13:32:40.970564-03:00] log.DEBUG: SELECT `codnum` AS `lf`, `descrip` AS `df`, '' AS `df2`, '' AS `df3`, '' AS `df4` FROM `tipoiva` ORDER BY `descrip` ASC {"params":[],"types":[],"executionMS":0.0005419254302978516} []
[2023-09-02T13:32:40.971808-03:00] log.DEBUG: SELECT COUNT(*) FROM `calificacion` {"params":[],"types":[],"executionMS":0.0007719993591308594} []
[2023-09-02T13:32:40.972363-03:00] log.DEBUG: SELECT `codnum` AS `lf`, `descripcion` AS `df`, '' AS `df2`, '' AS `df3`, '' AS `df4` FROM `calificacion` ORDER BY `descripcion` ASC {"params":[],"types":[],"executionMS":0.00047016143798828125} []
[2023-09-02T13:32:40.973504-03:00] log.DEBUG: SELECT COUNT(*) FROM `tipoindustria` {"params":[],"types":[],"executionMS":0.0006978511810302734} []
[2023-09-02T13:32:40.974135-03:00] log.DEBUG: SELECT `codnum` AS `lf`, `nomre` AS `df`, '' AS `df2`, '' AS `df3`, '' AS `df4` FROM `tipoindustria` ORDER BY `nomre` ASC {"params":[],"types":[],"executionMS":0.0004980564117431641} []
[2023-09-02T13:32:41.016110-03:00] log.DEBUG: SELECT COUNT(*) FROM `entidades` WHERE (`razsoc` LIKE '%20-33180135-7%') OR (`calle` LIKE '%20-33180135-7%') OR (`numero` LIKE '%20-33180135-7%') OR (`pisodto` LIKE '%20-33180135-7%') OR (`codpost` LIKE '%20-33180135-7%') OR (`tellinea` LIKE '%20-33180135-7%') OR (`telcelu` LIKE '%20-33180135-7%') OR (`cuit` LIKE '%20-33180135-7%') OR (`contacto` LIKE '%20-33180135-7%') OR (`mailcont` LIKE '%20-33180135-7%') OR (`cargo` LIKE '%20-33180135-7%') OR (`pagweb` LIKE '%20-33180135-7%') {"params":[],"types":[],"executionMS":0.037264108657836914} []
[2023-09-02T13:32:41.060575-03:00] log.DEBUG: SELECT * FROM `entidades` WHERE (`razsoc` LIKE '%20-33180135-7%') OR (`calle` LIKE '%20-33180135-7%') OR (`numero` LIKE '%20-33180135-7%') OR (`pisodto` LIKE '%20-33180135-7%') OR (`codpost` LIKE '%20-33180135-7%') OR (`tellinea` LIKE '%20-33180135-7%') OR (`telcelu` LIKE '%20-33180135-7%') OR (`cuit` LIKE '%20-33180135-7%') OR (`contacto` LIKE '%20-33180135-7%') OR (`mailcont` LIKE '%20-33180135-7%') OR (`cargo` LIKE '%20-33180135-7%') OR (`pagweb` LIKE '%20-33180135-7%') LIMIT 20 {"params":[],"types":[],"executionMS":0.04413008689880371} []
