[2023-09-18T10:11:16.898003-03:00] log.DEBUG: SELECT * FROM `usuarios` WHERE (`usuario` = 'diegor') {"params":[],"types":[],"executionMS":0.004834890365600586} []
[2023-09-18T10:11:16.902002-03:00] log.DEBUG: SELECT * FROM `usuarios` WHERE (`usuario` = 'diegor') AND (`activo` = 1) {"params":[],"types":[],"executionMS":0.0008749961853027344} []
[2023-09-18T10:11:16.903089-03:00] log.DEBUG: SELECT * FROM `usuarios` WHERE (`usuario` = 'diegor') {"params":[],"types":[],"executionMS":0.0006589889526367188} []
[2023-09-18T10:11:16.905715-03:00] log.DEBUG: UPDATE `usuarios` SET `perfil` = ? WHERE (`usuario` = 'diegor') {"params":{"1":"a:10:{s:15:\"LoginRetryCount\";i:0;s:20:\"LastBadLoginDateTime\";s:19:\"2023/08/07 14:24:48\";s:23:\"LastPasswordChangedDate\";s:10:\"2023/08/06\";s:6:\"codnum\";i:38;s:7:\"usuario\";s:6:\"diegor\";s:6:\"nombre\";s:13:\"Diego Ranieri\";s:5:\"nivel\";i:-1;s:5:\"email\";s:0:\"\";s:6:\"perfil\";s:0:\"\";s:6:\"activo\";i:1;}"},"types":{"1":2},"executionMS":0.002215147018432617} []
[2023-09-18T10:11:16.906804-03:00] log.DEBUG: SELECT * FROM `usuarios` WHERE (`usuario` = 'diegor') {"params":[],"types":[],"executionMS":0.0006670951843261719} []
[2023-09-18T10:11:16.908454-03:00] log.DEBUG: SELECT * FROM `usuarios` WHERE (`usuario` = 'diegor') {"params":[],"types":[],"executionMS":0.0008158683776855469} []
[2023-09-18T11:23:34.473343-03:00] log.DEBUG: SELECT * FROM `usuarios` WHERE (`usuario` = 'Sebastian') {"params":[],"types":[],"executionMS":0.0008809566497802734} []
[2023-09-18T11:23:34.474686-03:00] log.DEBUG: SELECT * FROM `usuarios` WHERE (`usuario` = 'Sebastian') AND (`activo` = 1) {"params":[],"types":[],"executionMS":0.0006668567657470703} []
[2023-09-18T11:23:34.475729-03:00] log.DEBUG: SELECT * FROM `usuarios` WHERE (`usuario` = 'Sebastian') {"params":[],"types":[],"executionMS":0.0005700588226318359} []
[2023-09-18T11:23:34.476691-03:00] log.DEBUG: UPDATE `usuarios` SET `perfil` = ? WHERE (`usuario` = 'Sebastian') {"params":{"1":"a:10:{s:15:\"LoginRetryCount\";i:0;s:20:\"LastBadLoginDateTime\";s:19:\"2023/08/31 16:27:45\";s:23:\"LastPasswordChangedDate\";s:10:\"2023/08/31\";s:6:\"codnum\";i:41;s:7:\"usuario\";s:9:\"Sebastian\";s:6:\"nombre\";s:22:\"Sebastian Carlos Perez\";s:5:\"nivel\";i:-1;s:5:\"email\";s:0:\"\";s:6:\"perfil\";s:126:\"a:3:{s:15:\"LoginRetryCount\";i:1;s:20:\"LastBadLoginDateTime\";s:19:\"2023/08/31 16:27:45\";s:23:\"LastPasswordChangedDate\";s:0:\"\";}\";s:6:\"activo\";i:1;}"},"types":{"1":2},"executionMS":0.0005629062652587891} []
[2023-09-18T11:23:34.477509-03:00] log.DEBUG: SELECT * FROM `usuarios` WHERE (`usuario` = 'Sebastian') {"params":[],"types":[],"executionMS":0.0004649162292480469} []
[2023-09-18T11:23:34.478894-03:00] log.DEBUG: SELECT * FROM `usuarios` WHERE (`usuario` = 'Sebastian') {"params":[],"types":[],"executionMS":0.0005218982696533203} []
[2023-09-18T11:39:24.271802-03:00] log.DEBUG: SELECT * FROM `usuarios` WHERE (`usuario` = 'Nahuel') {"params":[],"types":[],"executionMS":0.0009920597076416016} []
[2023-09-18T11:39:24.273342-03:00] log.DEBUG: SELECT * FROM `usuarios` WHERE (`usuario` = 'Nahuel') AND (`activo` = 1) {"params":[],"types":[],"executionMS":0.0007841587066650391} []
[2023-09-18T11:39:24.275569-03:00] log.DEBUG: SELECT * FROM `usuarios` WHERE (`usuario` = 'Nahuel') {"params":[],"types":[],"executionMS":0.0017290115356445312} []
[2023-09-18T11:39:24.276766-03:00] log.DEBUG: UPDATE `usuarios` SET `perfil` = ? WHERE (`usuario` = 'Nahuel') {"params":{"1":"a:10:{s:15:\"LoginRetryCount\";i:0;s:20:\"LastBadLoginDateTime\";s:0:\"\";s:23:\"LastPasswordChangedDate\";s:10:\"2023/07/13\";s:6:\"codnum\";i:16;s:7:\"usuario\";s:6:\"nahuel\";s:6:\"nombre\";s:14:\"Nahuel Esteves\";s:5:\"nivel\";i:2;s:5:\"email\";s:0:\"\";s:6:\"perfil\";s:0:\"\";s:6:\"activo\";i:1;}"},"types":{"1":2},"executionMS":0.0007100105285644531} []
[2023-09-18T11:39:24.277689-03:00] log.DEBUG: SELECT * FROM `usuarios` WHERE (`usuario` = 'Nahuel') {"params":[],"types":[],"executionMS":0.0005660057067871094} []
[2023-09-18T11:39:24.279132-03:00] log.DEBUG: SELECT * FROM `usuarios` WHERE (`usuario` = 'Nahuel') {"params":[],"types":[],"executionMS":0.0005841255187988281} []
[2023-09-18T11:45:12.976263-03:00] log.DEBUG: SELECT * FROM `usuarios` WHERE (`usuario` = 'guido') {"params":[],"types":[],"executionMS":0.0008318424224853516} []
[2023-09-18T11:45:12.977657-03:00] log.DEBUG: SELECT * FROM `usuarios` WHERE (`usuario` = 'guido') AND (`activo` = 1) {"params":[],"types":[],"executionMS":0.0007011890411376953} []
[2023-09-18T11:45:12.978644-03:00] log.DEBUG: SELECT * FROM `usuarios` WHERE (`usuario` = 'guido') {"params":[],"types":[],"executionMS":0.0006091594696044922} []
[2023-09-18T11:45:12.979696-03:00] log.DEBUG: UPDATE `usuarios` SET `perfil` = ? WHERE (`usuario` = 'guido') {"params":{"1":"a:10:{s:15:\"LoginRetryCount\";i:0;s:20:\"LastBadLoginDateTime\";s:0:\"\";s:23:\"LastPasswordChangedDate\";s:10:\"2023/09/13\";s:6:\"codnum\";i:50;s:7:\"usuario\";s:5:\"guido\";s:6:\"nombre\";s:10:\"Guido Osso\";s:5:\"nivel\";i:2;s:5:\"email\";s:0:\"\";s:6:\"perfil\";s:0:\"\";s:6:\"activo\";i:1;}"},"types":{"1":2},"executionMS":0.0006639957427978516} []
[2023-09-18T11:45:12.980702-03:00] log.DEBUG: SELECT * FROM `usuarios` WHERE (`usuario` = 'guido') {"params":[],"types":[],"executionMS":0.0006191730499267578} []
[2023-09-18T11:45:12.982324-03:00] log.DEBUG: SELECT * FROM `usuarios` WHERE (`usuario` = 'guido') {"params":[],"types":[],"executionMS":0.0007622241973876953} []
[2023-09-18T12:12:00.131124-03:00] log.DEBUG: SELECT * FROM `usuarios` WHERE (`usuario` = 'paola') {"params":[],"types":[],"executionMS":0.0008001327514648438} []
[2023-09-18T12:12:00.132390-03:00] log.DEBUG: SELECT * FROM `usuarios` WHERE (`usuario` = 'paola') AND (`activo` = 1) {"params":[],"types":[],"executionMS":0.0006020069122314453} []
[2023-09-18T12:12:00.133331-03:00] log.DEBUG: SELECT * FROM `usuarios` WHERE (`usuario` = 'paola') {"params":[],"types":[],"executionMS":0.0005340576171875} []
[2023-09-18T12:12:00.134371-03:00] log.DEBUG: UPDATE `usuarios` SET `perfil` = ? WHERE (`usuario` = 'paola') {"params":{"1":"a:10:{s:15:\"LoginRetryCount\";i:0;s:20:\"LastBadLoginDateTime\";s:0:\"\";s:23:\"LastPasswordChangedDate\";s:10:\"2023/09/08\";s:6:\"codnum\";i:49;s:7:\"usuario\";s:5:\"paola\";s:6:\"nombre\";s:12:\"Paola Pérez\";s:5:\"nivel\";i:-1;s:5:\"email\";s:0:\"\";s:6:\"perfil\";s:0:\"\";s:6:\"activo\";i:1;}"},"types":{"1":2},"executionMS":0.000659942626953125} []
[2023-09-18T12:12:00.135274-03:00] log.DEBUG: SELECT * FROM `usuarios` WHERE (`usuario` = 'paola') {"params":[],"types":[],"executionMS":0.0005581378936767578} []
[2023-09-18T12:12:00.136786-03:00] log.DEBUG: SELECT * FROM `usuarios` WHERE (`usuario` = 'paola') {"params":[],"types":[],"executionMS":0.0005838871002197266} []
[2023-09-18T12:15:27.809438-03:00] log.DEBUG: 400 Bad Request Type: Slim\Exception\HttpBadRequestException Code: 400 Message: Invalid post request File: /var/www/Subastas2021/src/PermissionMiddleware.php Line: 115 Trace: #0 /var/www/Subastas2021/vendor/slim/slim/Slim/MiddlewareDispatcher.php(168): PHPMaker2021\Subastas2021\PermissionMiddleware->__invoke() #1 /var/www/Subastas2021/vendor/slim/slim/Slim/MiddlewareDispatcher.php(65): Psr\Http\Server\RequestHandlerInterface@anonymous->handle() #2 /var/www/Subastas2021/vendor/slim/slim/Slim/MiddlewareDispatcher.php(65): Slim\MiddlewareDispatcher->handle() #3 /var/www/Subastas2021/vendor/slim/slim/Slim/Routing/Route.php(315): Slim\MiddlewareDispatcher->handle() #4 /var/www/Subastas2021/vendor/slim/slim/Slim/Routing/RouteRunner.php(68): Slim\Routing\Route->run() #5 /var/www/Subastas2021/vendor/slim/slim/Slim/Middleware/BodyParsingMiddleware.php(64): Slim\Routing\RouteRunner->handle() #6 /var/www/Subastas2021/vendor/slim/slim/Slim/MiddlewareDispatcher.php(121): Slim\Middleware\BodyParsingMiddleware->process() #7 /var/www/Subastas2021/src/CorsMiddleware.php(32): Psr\Http\Server\RequestHandlerInterface@anonymous->handle() #8 /var/www/Subastas2021/vendor/slim/slim/Slim/MiddlewareDispatcher.php(121): PHPMaker2021\Subastas2021\CorsMiddleware->process() #9 /var/www/Subastas2021/vendor/slim/slim/Slim/Middleware/RoutingMiddleware.php(45): Psr\Http\Server\RequestHandlerInterface@anonymous->handle() #10 /var/www/Subastas2021/vendor/slim/slim/Slim/MiddlewareDispatcher.php(121): Slim\Middleware\RoutingMiddleware->process() #11 /var/www/Subastas2021/vendor/selective/samesite-cookie/src/SameSiteCookieMiddleware.php(52): Psr\Http\Server\RequestHandlerInterface@anonymous->handle() #12 /var/www/Subastas2021/vendor/slim/slim/Slim/MiddlewareDispatcher.php(121): Selective\SameSiteCookie\SameSiteCookieMiddleware->process() #13 /var/www/Subastas2021/vendor/selective/samesite-cookie/src/SameSiteSessionMiddleware.php(44): Psr\Http\Server\RequestHandlerInterface@anonymous->handle() #14 /var/www/Subastas2021/vendor/slim/slim/Slim/MiddlewareDispatcher.php(121): Selective\SameSiteCookie\SameSiteSessionMiddleware->process() #15 /var/www/Subastas2021/vendor/slim/slim/Slim/Middleware/ErrorMiddleware.php(76): Psr\Http\Server\RequestHandlerInterface@anonymous->handle() #16 /var/www/Subastas2021/vendor/slim/slim/Slim/MiddlewareDispatcher.php(121): Slim\Middleware\ErrorMiddleware->process() #17 /var/www/Subastas2021/vendor/slim/slim/Slim/MiddlewareDispatcher.php(65): Psr\Http\Server\RequestHandlerInterface@anonymous->handle() #18 /var/www/Subastas2021/vendor/slim/slim/Slim/App.php(199): Slim\MiddlewareDispatcher->handle() #19 /var/www/Subastas2021/vendor/slim/slim/Slim/App.php(183): Slim\App->handle() #20 /var/www/Subastas2021/index.php(116): Slim\App->run() #21 {main} Tips: To display error details in HTTP response set "displayErrorDetails" to true in the ErrorHandler constructor. [] []
[2023-09-18T12:18:58.601364-03:00] log.DEBUG: SELECT * FROM `usuarios` WHERE (`usuario` = 'Sebastian') {"params":[],"types":[],"executionMS":0.0007030963897705078} []
[2023-09-18T12:18:58.602626-03:00] log.DEBUG: SELECT * FROM `usuarios` WHERE (`usuario` = 'Sebastian') AND (`activo` = 1) {"params":[],"types":[],"executionMS":0.0006129741668701172} []
[2023-09-18T12:18:58.603617-03:00] log.DEBUG: SELECT * FROM `usuarios` WHERE (`usuario` = 'Sebastian') {"params":[],"types":[],"executionMS":0.0006129741668701172} []
[2023-09-18T12:18:58.604659-03:00] log.DEBUG: UPDATE `usuarios` SET `perfil` = ? WHERE (`usuario` = 'Sebastian') {"params":{"1":"a:10:{s:15:\"LoginRetryCount\";i:0;s:20:\"LastBadLoginDateTime\";s:19:\"2023/08/31 16:27:45\";s:23:\"LastPasswordChangedDate\";s:10:\"2023/08/31\";s:6:\"codnum\";i:41;s:7:\"usuario\";s:9:\"Sebastian\";s:6:\"nombre\";s:22:\"Sebastian Carlos Perez\";s:5:\"nivel\";i:-1;s:5:\"email\";s:0:\"\";s:6:\"perfil\";s:126:\"a:3:{s:15:\"LoginRetryCount\";i:1;s:20:\"LastBadLoginDateTime\";s:19:\"2023/08/31 16:27:45\";s:23:\"LastPasswordChangedDate\";s:0:\"\";}\";s:6:\"activo\";i:1;}"},"types":{"1":2},"executionMS":0.0006699562072753906} []
[2023-09-18T12:18:58.605598-03:00] log.DEBUG: SELECT * FROM `usuarios` WHERE (`usuario` = 'Sebastian') {"params":[],"types":[],"executionMS":0.0005998611450195312} []
[2023-09-18T12:18:58.607083-03:00] log.DEBUG: SELECT * FROM `usuarios` WHERE (`usuario` = 'Sebastian') {"params":[],"types":[],"executionMS":0.0006749629974365234} []
[2023-09-18T13:23:05.300342-03:00] log.DEBUG: SELECT * FROM `usuarios` WHERE (`usuario` = 'Sebastian') {"params":[],"types":[],"executionMS":0.0008840560913085938} []
[2023-09-18T13:23:05.301853-03:00] log.DEBUG: SELECT * FROM `usuarios` WHERE (`usuario` = 'Sebastian') AND (`activo` = 1) {"params":[],"types":[],"executionMS":0.0008180141448974609} []
[2023-09-18T13:23:05.302975-03:00] log.DEBUG: SELECT * FROM `usuarios` WHERE (`usuario` = 'Sebastian') {"params":[],"types":[],"executionMS":0.0006299018859863281} []
[2023-09-18T13:23:05.304072-03:00] log.DEBUG: UPDATE `usuarios` SET `perfil` = ? WHERE (`usuario` = 'Sebastian') {"params":{"1":"a:10:{s:15:\"LoginRetryCount\";i:0;s:20:\"LastBadLoginDateTime\";s:19:\"2023/08/31 16:27:45\";s:23:\"LastPasswordChangedDate\";s:10:\"2023/08/31\";s:6:\"codnum\";i:41;s:7:\"usuario\";s:9:\"Sebastian\";s:6:\"nombre\";s:22:\"Sebastian Carlos Perez\";s:5:\"nivel\";i:-1;s:5:\"email\";s:0:\"\";s:6:\"perfil\";s:126:\"a:3:{s:15:\"LoginRetryCount\";i:1;s:20:\"LastBadLoginDateTime\";s:19:\"2023/08/31 16:27:45\";s:23:\"LastPasswordChangedDate\";s:0:\"\";}\";s:6:\"activo\";i:1;}"},"types":{"1":2},"executionMS":0.0006918907165527344} []
[2023-09-18T13:23:05.305136-03:00] log.DEBUG: SELECT * FROM `usuarios` WHERE (`usuario` = 'Sebastian') {"params":[],"types":[],"executionMS":0.00067901611328125} []
[2023-09-18T13:23:05.306657-03:00] log.DEBUG: SELECT * FROM `usuarios` WHERE (`usuario` = 'Sebastian') {"params":[],"types":[],"executionMS":0.0006430149078369141} []
[2023-09-18T14:27:31.983020-03:00] log.DEBUG: SELECT * FROM `usuarios` WHERE (`usuario` = 'Nahuel') {"params":[],"types":[],"executionMS":0.0008690357208251953} []
[2023-09-18T14:27:31.984332-03:00] log.DEBUG: SELECT * FROM `usuarios` WHERE (`usuario` = 'Nahuel') AND (`activo` = 1) {"params":[],"types":[],"executionMS":0.0006301403045654297} []
[2023-09-18T14:27:31.985298-03:00] log.DEBUG: SELECT * FROM `usuarios` WHERE (`usuario` = 'Nahuel') {"params":[],"types":[],"executionMS":0.0005710124969482422} []
[2023-09-18T14:27:31.986303-03:00] log.DEBUG: UPDATE `usuarios` SET `perfil` = ? WHERE (`usuario` = 'Nahuel') {"params":{"1":"a:10:{s:15:\"LoginRetryCount\";i:0;s:20:\"LastBadLoginDateTime\";s:0:\"\";s:23:\"LastPasswordChangedDate\";s:10:\"2023/07/13\";s:6:\"codnum\";i:16;s:7:\"usuario\";s:6:\"nahuel\";s:6:\"nombre\";s:14:\"Nahuel Esteves\";s:5:\"nivel\";i:2;s:5:\"email\";s:0:\"\";s:6:\"perfil\";s:0:\"\";s:6:\"activo\";i:1;}"},"types":{"1":2},"executionMS":0.0006330013275146484} []
[2023-09-18T14:27:31.987668-03:00] log.DEBUG: SELECT * FROM `usuarios` WHERE (`usuario` = 'Nahuel') {"params":[],"types":[],"executionMS":0.0010318756103515625} []
[2023-09-18T14:27:31.989699-03:00] log.DEBUG: SELECT * FROM `usuarios` WHERE (`usuario` = 'Nahuel') {"params":[],"types":[],"executionMS":0.0009920597076416016} []
[2023-09-18T16:20:50.581634-03:00] log.DEBUG: SELECT * FROM `usuarios` WHERE (`usuario` = 'Sebastian') {"params":[],"types":[],"executionMS":0.0011360645294189453} []
[2023-09-18T16:20:50.583100-03:00] log.DEBUG: SELECT * FROM `usuarios` WHERE (`usuario` = 'Sebastian') AND (`activo` = 1) {"params":[],"types":[],"executionMS":0.0007169246673583984} []
[2023-09-18T16:20:50.584158-03:00] log.DEBUG: SELECT * FROM `usuarios` WHERE (`usuario` = 'Sebastian') {"params":[],"types":[],"executionMS":0.0005550384521484375} []
[2023-09-18T16:20:50.585202-03:00] log.DEBUG: UPDATE `usuarios` SET `perfil` = ? WHERE (`usuario` = 'Sebastian') {"params":{"1":"a:10:{s:15:\"LoginRetryCount\";i:0;s:20:\"LastBadLoginDateTime\";s:19:\"2023/08/31 16:27:45\";s:23:\"LastPasswordChangedDate\";s:10:\"2023/08/31\";s:6:\"codnum\";i:41;s:7:\"usuario\";s:9:\"Sebastian\";s:6:\"nombre\";s:22:\"Sebastian Carlos Perez\";s:5:\"nivel\";i:-1;s:5:\"email\";s:0:\"\";s:6:\"perfil\";s:126:\"a:3:{s:15:\"LoginRetryCount\";i:1;s:20:\"LastBadLoginDateTime\";s:19:\"2023/08/31 16:27:45\";s:23:\"LastPasswordChangedDate\";s:0:\"\";}\";s:6:\"activo\";i:1;}"},"types":{"1":2},"executionMS":0.0006029605865478516} []
[2023-09-18T16:20:50.586089-03:00] log.DEBUG: SELECT * FROM `usuarios` WHERE (`usuario` = 'Sebastian') {"params":[],"types":[],"executionMS":0.0005059242248535156} []
[2023-09-18T16:20:50.587525-03:00] log.DEBUG: SELECT * FROM `usuarios` WHERE (`usuario` = 'Sebastian') {"params":[],"types":[],"executionMS":0.0005190372467041016} []
[2023-09-18T17:00:21.488571-03:00] log.DEBUG: SELECT * FROM `usuarios` WHERE (`usuario` = 'paola') {"params":[],"types":[],"executionMS":0.0009369850158691406} []
[2023-09-18T17:00:21.490646-03:00] log.DEBUG: SELECT * FROM `usuarios` WHERE (`usuario` = 'paola') AND (`activo` = 1) {"params":[],"types":[],"executionMS":0.0009641647338867188} []
[2023-09-18T17:00:21.491917-03:00] log.DEBUG: SELECT * FROM `usuarios` WHERE (`usuario` = 'paola') {"params":[],"types":[],"executionMS":0.0007262229919433594} []
[2023-09-18T17:00:21.493145-03:00] log.DEBUG: UPDATE `usuarios` SET `perfil` = ? WHERE (`usuario` = 'paola') {"params":{"1":"a:10:{s:15:\"LoginRetryCount\";i:0;s:20:\"LastBadLoginDateTime\";s:0:\"\";s:23:\"LastPasswordChangedDate\";s:10:\"2023/09/08\";s:6:\"codnum\";i:49;s:7:\"usuario\";s:5:\"paola\";s:6:\"nombre\";s:12:\"Paola Pérez\";s:5:\"nivel\";i:-1;s:5:\"email\";s:0:\"\";s:6:\"perfil\";s:0:\"\";s:6:\"activo\";i:1;}"},"types":{"1":2},"executionMS":0.0007069110870361328} []
[2023-09-18T17:00:21.494038-03:00] log.DEBUG: SELECT * FROM `usuarios` WHERE (`usuario` = 'paola') {"params":[],"types":[],"executionMS":0.0005431175231933594} []
[2023-09-18T17:00:21.495387-03:00] log.DEBUG: SELECT * FROM `usuarios` WHERE (`usuario` = 'paola') {"params":[],"types":[],"executionMS":0.00051116943359375} []
