[2023-08-30T09:53:33.008097-03:00] log.DEBUG: 400 Bad Request Type: Slim\Exception\HttpBadRequestException Code: 400 Message: Invalid post request File: /var/www/Subastas2021/src/PermissionMiddleware.php Line: 115 Trace: #0 /var/www/Subastas2021/vendor/slim/slim/Slim/MiddlewareDispatcher.php(168): PHPMaker2021\Subastas2021\PermissionMiddleware->__invoke() #1 /var/www/Subastas2021/vendor/slim/slim/Slim/MiddlewareDispatcher.php(65): Psr\Http\Server\RequestHandlerInterface@anonymous->handle() #2 /var/www/Subastas2021/vendor/slim/slim/Slim/MiddlewareDispatcher.php(65): Slim\MiddlewareDispatcher->handle() #3 /var/www/Subastas2021/vendor/slim/slim/Slim/Routing/Route.php(315): Slim\MiddlewareDispatcher->handle() #4 /var/www/Subastas2021/vendor/slim/slim/Slim/Routing/RouteRunner.php(68): Slim\Routing\Route->run() #5 /var/www/Subastas2021/vendor/slim/slim/Slim/Middleware/BodyParsingMiddleware.php(64): Slim\Routing\RouteRunner->handle() #6 /var/www/Subastas2021/vendor/slim/slim/Slim/MiddlewareDispatcher.php(121): Slim\Middleware\BodyParsingMiddleware->process() #7 /var/www/Subastas2021/src/CorsMiddleware.php(32): Psr\Http\Server\RequestHandlerInterface@anonymous->handle() #8 /var/www/Subastas2021/vendor/slim/slim/Slim/MiddlewareDispatcher.php(121): PHPMaker2021\Subastas2021\CorsMiddleware->process() #9 /var/www/Subastas2021/vendor/slim/slim/Slim/Middleware/RoutingMiddleware.php(45): Psr\Http\Server\RequestHandlerInterface@anonymous->handle() #10 /var/www/Subastas2021/vendor/slim/slim/Slim/MiddlewareDispatcher.php(121): Slim\Middleware\RoutingMiddleware->process() #11 /var/www/Subastas2021/vendor/selective/samesite-cookie/src/SameSiteCookieMiddleware.php(52): Psr\Http\Server\RequestHandlerInterface@anonymous->handle() #12 /var/www/Subastas2021/vendor/slim/slim/Slim/MiddlewareDispatcher.php(121): Selective\SameSiteCookie\SameSiteCookieMiddleware->process() #13 /var/www/Subastas2021/vendor/selective/samesite-cookie/src/SameSiteSessionMiddleware.php(44): Psr\Http\Server\RequestHandlerInterface@anonymous->handle() #14 /var/www/Subastas2021/vendor/slim/slim/Slim/MiddlewareDispatcher.php(121): Selective\SameSiteCookie\SameSiteSessionMiddleware->process() #15 /var/www/Subastas2021/vendor/slim/slim/Slim/Middleware/ErrorMiddleware.php(76): Psr\Http\Server\RequestHandlerInterface@anonymous->handle() #16 /var/www/Subastas2021/vendor/slim/slim/Slim/MiddlewareDispatcher.php(121): Slim\Middleware\ErrorMiddleware->process() #17 /var/www/Subastas2021/vendor/slim/slim/Slim/MiddlewareDispatcher.php(65): Psr\Http\Server\RequestHandlerInterface@anonymous->handle() #18 /var/www/Subastas2021/vendor/slim/slim/Slim/App.php(199): Slim\MiddlewareDispatcher->handle() #19 /var/www/Subastas2021/vendor/slim/slim/Slim/App.php(183): Slim\App->handle() #20 /var/www/Subastas2021/index.php(116): Slim\App->run() #21 {main} Tips: To display error details in HTTP response set "displayErrorDetails" to true in the ErrorHandler constructor. [] []
[2023-08-30T12:06:36.478214-03:00] log.DEBUG: SELECT COUNT(*) FROM `tipcomp` WHERE `codnum` = 4 {"params":[],"types":[],"executionMS":0.0006861686706542969} []
[2023-08-30T12:06:36.478998-03:00] log.DEBUG: SELECT `codnum` AS `lf`, `descripcion` AS `df`, '' AS `df2`, '' AS `df3`, '' AS `df4` FROM `tipcomp` WHERE `codnum` = 4 ORDER BY `descripcion` ASC {"params":[],"types":[],"executionMS":0.0004971027374267578} []
[2023-08-30T12:06:36.480141-03:00] log.DEBUG: SELECT COUNT(*) FROM `series` WHERE `codnum` = 4 {"params":[],"types":[],"executionMS":0.00044989585876464844} []
[2023-08-30T12:06:36.480646-03:00] log.DEBUG: SELECT `codnum` AS `lf`, `descripcion` AS `df`, '' AS `df2`, '' AS `df3`, '' AS `df4` FROM `series` WHERE `codnum` = 4 ORDER BY `descripcion` ASC {"params":[],"types":[],"executionMS":0.000431060791015625} []
[2023-08-30T12:06:36.486011-03:00] log.DEBUG: SELECT COUNT(*) FROM `entidades` WHERE `tipoent` = 1 {"params":[],"types":[],"executionMS":0.004369974136352539} []
[2023-08-30T12:06:36.489119-03:00] log.DEBUG: SELECT COUNT(*) FROM `paises` {"params":[],"types":[],"executionMS":0.002724885940551758} []
[2023-08-30T12:06:36.489621-03:00] log.DEBUG: SELECT `codnum` AS `lf`, `descripcion` AS `df`, '' AS `df2`, '' AS `df3`, '' AS `df4` FROM `paises` ORDER BY `descripcion` ASC {"params":[],"types":[],"executionMS":0.0004210472106933594} []
[2023-08-30T12:06:36.490857-03:00] log.DEBUG: SELECT COUNT(*) FROM `provincias` {"params":[],"types":[],"executionMS":0.0007259845733642578} []
[2023-08-30T12:06:36.491349-03:00] log.DEBUG: SELECT `codnum` AS `lf`, `descripcion` AS `df`, '' AS `df2`, '' AS `df3`, '' AS `df4`, `codpais` AS `ff` FROM `provincias` ORDER BY `descripcion` ASC {"params":[],"types":[],"executionMS":0.0004131793975830078} []
[2023-08-30T12:06:36.492922-03:00] log.DEBUG: SELECT COUNT(*) FROM `localidades` {"params":[],"types":[],"executionMS":0.0008559226989746094} []
[2023-08-30T12:06:36.493922-03:00] log.DEBUG: SELECT COUNT(*) FROM `tipoindustria` {"params":[],"types":[],"executionMS":0.0006530284881591797} []
[2023-08-30T12:06:36.494523-03:00] log.DEBUG: SELECT `codnum` AS `lf`, `nomre` AS `df`, '' AS `df2`, '' AS `df3`, '' AS `df4` FROM `tipoindustria` ORDER BY `nomre` ASC {"params":[],"types":[],"executionMS":0.0005249977111816406} []
[2023-08-30T12:06:36.498891-03:00] log.DEBUG: SELECT COUNT(*) FROM `remates` {"params":[],"types":[],"executionMS":0.0011639595031738281} []
[2023-08-30T12:06:36.500066-03:00] log.DEBUG: SELECT * FROM `remates` ORDER BY `ncomp` DESC LIMIT 20 {"params":[],"types":[],"executionMS":0.0007970333099365234} []
[2023-08-30T12:06:36.503664-03:00] log.DEBUG: SELECT `codnum` AS `lf`, `razsoc` AS `df`, '' AS `df2`, '' AS `df3`, '' AS `df4` FROM `entidades` WHERE (`codnum` = 940) AND (`tipoent` = 1) ORDER BY `razsoc` ASC {"params":[],"types":[],"executionMS":0.0007538795471191406} []
[2023-08-30T12:06:36.504455-03:00] log.DEBUG: SELECT `codnum` AS `lf`, `descripcion` AS `df`, '' AS `df2`, '' AS `df3`, '' AS `df4` FROM `localidades` WHERE `codnum` = 413 ORDER BY `descripcion` ASC {"params":[],"types":[],"executionMS":0.0004930496215820312} []
[2023-08-30T12:06:36.506336-03:00] log.DEBUG: SELECT `codnum` AS `lf`, `razsoc` AS `df`, '' AS `df2`, '' AS `df3`, '' AS `df4` FROM `entidades` WHERE (`codnum` = 940) AND (`tipoent` = 1) ORDER BY `razsoc` ASC {"params":[],"types":[],"executionMS":0.0007369518280029297} []
[2023-08-30T12:06:36.507068-03:00] log.DEBUG: SELECT `codnum` AS `lf`, `descripcion` AS `df`, '' AS `df2`, '' AS `df3`, '' AS `df4` FROM `localidades` WHERE `codnum` = 413 ORDER BY `descripcion` ASC {"params":[],"types":[],"executionMS":0.0004818439483642578} []
[2023-08-30T12:06:36.508502-03:00] log.DEBUG: SELECT `codnum` AS `lf`, `razsoc` AS `df`, '' AS `df2`, '' AS `df3`, '' AS `df4` FROM `entidades` WHERE (`codnum` = 940) AND (`tipoent` = 1) ORDER BY `razsoc` ASC {"params":[],"types":[],"executionMS":0.0004849433898925781} []
[2023-08-30T12:06:36.509133-03:00] log.DEBUG: SELECT `codnum` AS `lf`, `descripcion` AS `df`, '' AS `df2`, '' AS `df3`, '' AS `df4` FROM `localidades` WHERE `codnum` = 413 ORDER BY `descripcion` ASC {"params":[],"types":[],"executionMS":0.0003941059112548828} []
[2023-08-30T12:06:36.510533-03:00] log.DEBUG: SELECT `codnum` AS `lf`, `razsoc` AS `df`, '' AS `df2`, '' AS `df3`, '' AS `df4` FROM `entidades` WHERE (`codnum` = 940) AND (`tipoent` = 1) ORDER BY `razsoc` ASC {"params":[],"types":[],"executionMS":0.00045299530029296875} []
[2023-08-30T12:06:36.511172-03:00] log.DEBUG: SELECT `codnum` AS `lf`, `descripcion` AS `df`, '' AS `df2`, '' AS `df3`, '' AS `df4` FROM `localidades` WHERE `codnum` = 413 ORDER BY `descripcion` ASC {"params":[],"types":[],"executionMS":0.00040793418884277344} []
[2023-08-30T12:06:36.512633-03:00] log.DEBUG: SELECT `codnum` AS `lf`, `razsoc` AS `df`, '' AS `df2`, '' AS `df3`, '' AS `df4` FROM `entidades` WHERE (`codnum` = 940) AND (`tipoent` = 1) ORDER BY `razsoc` ASC {"params":[],"types":[],"executionMS":0.0004811286926269531} []
[2023-08-30T12:06:36.513317-03:00] log.DEBUG: SELECT `codnum` AS `lf`, `descripcion` AS `df`, '' AS `df2`, '' AS `df3`, '' AS `df4` FROM `localidades` WHERE `codnum` = 413 ORDER BY `descripcion` ASC {"params":[],"types":[],"executionMS":0.00043201446533203125} []
[2023-08-30T12:06:36.514782-03:00] log.DEBUG: SELECT `codnum` AS `lf`, `razsoc` AS `df`, '' AS `df2`, '' AS `df3`, '' AS `df4` FROM `entidades` WHERE (`codnum` = 940) AND (`tipoent` = 1) ORDER BY `razsoc` ASC {"params":[],"types":[],"executionMS":0.00046706199645996094} []
[2023-08-30T12:06:36.515548-03:00] log.DEBUG: SELECT `codnum` AS `lf`, `descripcion` AS `df`, '' AS `df2`, '' AS `df3`, '' AS `df4` FROM `localidades` WHERE `codnum` = 413 ORDER BY `descripcion` ASC {"params":[],"types":[],"executionMS":0.0005280971527099609} []
[2023-08-30T12:06:36.517019-03:00] log.DEBUG: SELECT `codnum` AS `lf`, `razsoc` AS `df`, '' AS `df2`, '' AS `df3`, '' AS `df4` FROM `entidades` WHERE (`codnum` = 940) AND (`tipoent` = 1) ORDER BY `razsoc` ASC {"params":[],"types":[],"executionMS":0.0004601478576660156} []
[2023-08-30T12:06:36.517664-03:00] log.DEBUG: SELECT `codnum` AS `lf`, `descripcion` AS `df`, '' AS `df2`, '' AS `df3`, '' AS `df4` FROM `localidades` WHERE `codnum` = 413 ORDER BY `descripcion` ASC {"params":[],"types":[],"executionMS":0.0004119873046875} []
[2023-08-30T12:06:36.519124-03:00] log.DEBUG: SELECT `codnum` AS `lf`, `razsoc` AS `df`, '' AS `df2`, '' AS `df3`, '' AS `df4` FROM `entidades` WHERE (`codnum` = 940) AND (`tipoent` = 1) ORDER BY `razsoc` ASC {"params":[],"types":[],"executionMS":0.0004642009735107422} []
[2023-08-30T12:06:36.519738-03:00] log.DEBUG: SELECT `codnum` AS `lf`, `descripcion` AS `df`, '' AS `df2`, '' AS `df3`, '' AS `df4` FROM `localidades` WHERE `codnum` = 413 ORDER BY `descripcion` ASC {"params":[],"types":[],"executionMS":0.00037598609924316406} []
[2023-08-30T12:06:36.521092-03:00] log.DEBUG: SELECT `codnum` AS `lf`, `razsoc` AS `df`, '' AS `df2`, '' AS `df3`, '' AS `df4` FROM `entidades` WHERE (`codnum` = 940) AND (`tipoent` = 1) ORDER BY `razsoc` ASC {"params":[],"types":[],"executionMS":0.0004169940948486328} []
[2023-08-30T12:06:36.521704-03:00] log.DEBUG: SELECT `codnum` AS `lf`, `descripcion` AS `df`, '' AS `df2`, '' AS `df3`, '' AS `df4` FROM `localidades` WHERE `codnum` = 413 ORDER BY `descripcion` ASC {"params":[],"types":[],"executionMS":0.0003800392150878906} []
[2023-08-30T12:06:36.523320-03:00] log.DEBUG: SELECT `codnum` AS `lf`, `razsoc` AS `df`, '' AS `df2`, '' AS `df3`, '' AS `df4` FROM `entidades` WHERE (`codnum` = 1207) AND (`tipoent` = 1) ORDER BY `razsoc` ASC {"params":[],"types":[],"executionMS":0.0004711151123046875} []
[2023-08-30T12:06:36.524086-03:00] log.DEBUG: SELECT `codnum` AS `lf`, `descripcion` AS `df`, '' AS `df2`, '' AS `df3`, '' AS `df4` FROM `localidades` WHERE `codnum` = 413 ORDER BY `descripcion` ASC {"params":[],"types":[],"executionMS":0.0005309581756591797} []
[2023-08-30T12:06:36.525566-03:00] log.DEBUG: SELECT `codnum` AS `lf`, `razsoc` AS `df`, '' AS `df2`, '' AS `df3`, '' AS `df4` FROM `entidades` WHERE (`codnum` = 940) AND (`tipoent` = 1) ORDER BY `razsoc` ASC {"params":[],"types":[],"executionMS":0.0005319118499755859} []
[2023-08-30T12:06:36.526285-03:00] log.DEBUG: SELECT `codnum` AS `lf`, `descripcion` AS `df`, '' AS `df2`, '' AS `df3`, '' AS `df4` FROM `localidades` WHERE `codnum` = 413 ORDER BY `descripcion` ASC {"params":[],"types":[],"executionMS":0.0004849433898925781} []
[2023-08-30T12:06:36.527859-03:00] log.DEBUG: SELECT `codnum` AS `lf`, `razsoc` AS `df`, '' AS `df2`, '' AS `df3`, '' AS `df4` FROM `entidades` WHERE (`codnum` = 940) AND (`tipoent` = 1) ORDER BY `razsoc` ASC {"params":[],"types":[],"executionMS":0.0005409717559814453} []
[2023-08-30T12:06:36.528558-03:00] log.DEBUG: SELECT `codnum` AS `lf`, `descripcion` AS `df`, '' AS `df2`, '' AS `df3`, '' AS `df4` FROM `localidades` WHERE `codnum` = 413 ORDER BY `descripcion` ASC {"params":[],"types":[],"executionMS":0.0004611015319824219} []
[2023-08-30T12:06:36.529932-03:00] log.DEBUG: SELECT `codnum` AS `lf`, `razsoc` AS `df`, '' AS `df2`, '' AS `df3`, '' AS `df4` FROM `entidades` WHERE (`codnum` = 940) AND (`tipoent` = 1) ORDER BY `razsoc` ASC {"params":[],"types":[],"executionMS":0.0004730224609375} []
[2023-08-30T12:06:36.530631-03:00] log.DEBUG: SELECT `codnum` AS `lf`, `descripcion` AS `df`, '' AS `df2`, '' AS `df3`, '' AS `df4` FROM `localidades` WHERE `codnum` = 413 ORDER BY `descripcion` ASC {"params":[],"types":[],"executionMS":0.00045418739318847656} []
[2023-08-30T12:06:36.532534-03:00] log.DEBUG: SELECT `codnum` AS `lf`, `razsoc` AS `df`, '' AS `df2`, '' AS `df3`, '' AS `df4` FROM `entidades` WHERE (`codnum` = 940) AND (`tipoent` = 1) ORDER BY `razsoc` ASC {"params":[],"types":[],"executionMS":0.0006399154663085938} []
[2023-08-30T12:06:36.533338-03:00] log.DEBUG: SELECT `codnum` AS `lf`, `descripcion` AS `df`, '' AS `df2`, '' AS `df3`, '' AS `df4` FROM `localidades` WHERE `codnum` = 413 ORDER BY `descripcion` ASC {"params":[],"types":[],"executionMS":0.0004642009735107422} []
[2023-08-30T12:06:36.534861-03:00] log.DEBUG: SELECT `codnum` AS `lf`, `razsoc` AS `df`, '' AS `df2`, '' AS `df3`, '' AS `df4` FROM `entidades` WHERE (`codnum` = 940) AND (`tipoent` = 1) ORDER BY `razsoc` ASC {"params":[],"types":[],"executionMS":0.00055694580078125} []
[2023-08-30T12:06:36.535539-03:00] log.DEBUG: SELECT `codnum` AS `lf`, `descripcion` AS `df`, '' AS `df2`, '' AS `df3`, '' AS `df4` FROM `localidades` WHERE `codnum` = 413 ORDER BY `descripcion` ASC {"params":[],"types":[],"executionMS":0.00043487548828125} []
[2023-08-30T12:06:36.537855-03:00] log.DEBUG: SELECT `codnum` AS `lf`, `razsoc` AS `df`, '' AS `df2`, '' AS `df3`, '' AS `df4` FROM `entidades` WHERE (`codnum` = 940) AND (`tipoent` = 1) ORDER BY `razsoc` ASC {"params":[],"types":[],"executionMS":0.000698089599609375} []
[2023-08-30T12:06:36.538589-03:00] log.DEBUG: SELECT `codnum` AS `lf`, `descripcion` AS `df`, '' AS `df2`, '' AS `df3`, '' AS `df4` FROM `localidades` WHERE `codnum` = 413 ORDER BY `descripcion` ASC {"params":[],"types":[],"executionMS":0.00043702125549316406} []
[2023-08-30T12:06:36.539921-03:00] log.DEBUG: SELECT `codnum` AS `lf`, `razsoc` AS `df`, '' AS `df2`, '' AS `df3`, '' AS `df4` FROM `entidades` WHERE (`codnum` = 940) AND (`tipoent` = 1) ORDER BY `razsoc` ASC {"params":[],"types":[],"executionMS":0.0003879070281982422} []
[2023-08-30T12:06:36.540514-03:00] log.DEBUG: SELECT `codnum` AS `lf`, `descripcion` AS `df`, '' AS `df2`, '' AS `df3`, '' AS `df4` FROM `localidades` WHERE `codnum` = 413 ORDER BY `descripcion` ASC {"params":[],"types":[],"executionMS":0.0003609657287597656} []
[2023-08-30T12:06:36.541824-03:00] log.DEBUG: SELECT `codnum` AS `lf`, `razsoc` AS `df`, '' AS `df2`, '' AS `df3`, '' AS `df4` FROM `entidades` WHERE (`codnum` = 940) AND (`tipoent` = 1) ORDER BY `razsoc` ASC {"params":[],"types":[],"executionMS":0.0003628730773925781} []
[2023-08-30T12:06:36.542404-03:00] log.DEBUG: SELECT `codnum` AS `lf`, `descripcion` AS `df`, '' AS `df2`, '' AS `df3`, '' AS `df4` FROM `localidades` WHERE `codnum` = 413 ORDER BY `descripcion` ASC {"params":[],"types":[],"executionMS":0.0003490447998046875} []
[2023-08-30T12:06:36.544097-03:00] log.DEBUG: SELECT `codnum` AS `lf`, `razsoc` AS `df`, '' AS `df2`, '' AS `df3`, '' AS `df4` FROM `entidades` WHERE (`codnum` = 940) AND (`tipoent` = 1) ORDER BY `razsoc` ASC {"params":[],"types":[],"executionMS":0.0005979537963867188} []
[2023-08-30T12:06:36.544689-03:00] log.DEBUG: SELECT `codnum` AS `lf`, `descripcion` AS `df`, '' AS `df2`, '' AS `df3`, '' AS `df4` FROM `localidades` WHERE `codnum` = 413 ORDER BY `descripcion` ASC {"params":[],"types":[],"executionMS":0.0003590583801269531} []
[2023-08-30T12:06:36.545999-03:00] log.DEBUG: SELECT `codnum` AS `lf`, `razsoc` AS `df`, '' AS `df2`, '' AS `df3`, '' AS `df4` FROM `entidades` WHERE (`codnum` = 940) AND (`tipoent` = 1) ORDER BY `razsoc` ASC {"params":[],"types":[],"executionMS":0.00036787986755371094} []
[2023-08-30T12:06:36.546825-03:00] log.DEBUG: SELECT `codnum` AS `lf`, `descripcion` AS `df`, '' AS `df2`, '' AS `df3`, '' AS `df4` FROM `localidades` WHERE `codnum` = 413 ORDER BY `descripcion` ASC {"params":[],"types":[],"executionMS":0.0005731582641601562} []
[2023-08-30T12:07:12.934082-03:00] log.DEBUG: SELECT * FROM `remates` WHERE `codnum` = 79 ORDER BY `ncomp` DESC {"params":[],"types":[],"executionMS":0.0007350444793701172} []
[2023-08-30T12:07:12.935186-03:00] log.DEBUG: SELECT `codnum` AS `lf`, `descripcion` AS `df`, '' AS `df2`, '' AS `df3`, '' AS `df4` FROM `tipcomp` WHERE (`codnum` = 4) AND (`codnum` = 4) ORDER BY `descripcion` ASC {"params":[],"types":[],"executionMS":0.000492095947265625} []
[2023-08-30T12:07:12.935823-03:00] log.DEBUG: SELECT `codnum` AS `lf`, `descripcion` AS `df`, '' AS `df2`, '' AS `df3`, '' AS `df4` FROM `series` WHERE (`codnum` = 4) AND (`codnum` = 4) ORDER BY `descripcion` ASC {"params":[],"types":[],"executionMS":0.0004119873046875} []
[2023-08-30T12:07:12.936427-03:00] log.DEBUG: SELECT `codnum` AS `lf`, `razsoc` AS `df`, '' AS `df2`, '' AS `df3`, '' AS `df4` FROM `entidades` WHERE (`codnum` = 940) AND (`tipoent` = 1) ORDER BY `razsoc` ASC {"params":[],"types":[],"executionMS":0.0004341602325439453} []
[2023-08-30T12:07:12.936994-03:00] log.DEBUG: SELECT `codnum` AS `lf`, `descripcion` AS `df`, '' AS `df2`, '' AS `df3`, '' AS `df4` FROM `paises` WHERE `codnum` = 1 ORDER BY `descripcion` ASC {"params":[],"types":[],"executionMS":0.00039386749267578125} []
[2023-08-30T12:07:12.937539-03:00] log.DEBUG: SELECT `codnum` AS `lf`, `descripcion` AS `df`, '' AS `df2`, '' AS `df3`, '' AS `df4` FROM `provincias` WHERE `codnum` = 2 ORDER BY `descripcion` ASC {"params":[],"types":[],"executionMS":0.00038814544677734375} []
[2023-08-30T12:07:12.938071-03:00] log.DEBUG: SELECT `codnum` AS `lf`, `descripcion` AS `df`, '' AS `df2`, '' AS `df3`, '' AS `df4` FROM `localidades` WHERE `codnum` = 413 ORDER BY `descripcion` ASC {"params":[],"types":[],"executionMS":0.0003769397735595703} []
[2023-08-30T12:07:12.938864-03:00] log.DEBUG: SELECT `codnum` AS `lf`, `nomre` AS `df`, '' AS `df2`, '' AS `df3`, '' AS `df4` FROM `tipoindustria` WHERE `codnum` = 10 ORDER BY `nomre` ASC {"params":[],"types":[],"executionMS":0.0004100799560546875} []
[2023-08-30T12:08:06.332253-03:00] log.DEBUG: SELECT COUNT(*) FROM `tipcomp` WHERE `codnum` = 4 {"params":[],"types":[],"executionMS":0.0008349418640136719} []
[2023-08-30T12:08:06.333210-03:00] log.DEBUG: SELECT `codnum` AS `lf`, `descripcion` AS `df`, '' AS `df2`, '' AS `df3`, '' AS `df4` FROM `tipcomp` WHERE `codnum` = 4 ORDER BY `descripcion` ASC {"params":[],"types":[],"executionMS":0.0007050037384033203} []
[2023-08-30T12:08:06.334457-03:00] log.DEBUG: SELECT COUNT(*) FROM `series` WHERE `codnum` = 4 {"params":[],"types":[],"executionMS":0.0006129741668701172} []
[2023-08-30T12:08:06.335041-03:00] log.DEBUG: SELECT `codnum` AS `lf`, `descripcion` AS `df`, '' AS `df2`, '' AS `df3`, '' AS `df4` FROM `series` WHERE `codnum` = 4 ORDER BY `descripcion` ASC {"params":[],"types":[],"executionMS":0.0005009174346923828} []
[2023-08-30T12:08:06.339497-03:00] log.DEBUG: SELECT COUNT(*) FROM `entidades` WHERE `tipoent` = 1 {"params":[],"types":[],"executionMS":0.0034799575805664062} []
[2023-08-30T12:08:06.341276-03:00] log.DEBUG: SELECT COUNT(*) FROM `paises` {"params":[],"types":[],"executionMS":0.0009379386901855469} []
[2023-08-30T12:08:06.341952-03:00] log.DEBUG: SELECT `codnum` AS `lf`, `descripcion` AS `df`, '' AS `df2`, '' AS `df3`, '' AS `df4` FROM `paises` ORDER BY `descripcion` ASC {"params":[],"types":[],"executionMS":0.0005888938903808594} []
[2023-08-30T12:08:06.343525-03:00] log.DEBUG: SELECT COUNT(*) FROM `provincias` {"params":[],"types":[],"executionMS":0.0010869503021240234} []
[2023-08-30T12:08:06.344303-03:00] log.DEBUG: SELECT `codnum` AS `lf`, `descripcion` AS `df`, '' AS `df2`, '' AS `df3`, '' AS `df4`, `codpais` AS `ff` FROM `provincias` ORDER BY `descripcion` ASC {"params":[],"types":[],"executionMS":0.0005300045013427734} []
[2023-08-30T12:08:06.346201-03:00] log.DEBUG: SELECT COUNT(*) FROM `localidades` {"params":[],"types":[],"executionMS":0.0009739398956298828} []
[2023-08-30T12:08:06.347403-03:00] log.DEBUG: SELECT COUNT(*) FROM `tipoindustria` {"params":[],"types":[],"executionMS":0.0008270740509033203} []
[2023-08-30T12:08:06.348056-03:00] log.DEBUG: SELECT `codnum` AS `lf`, `nomre` AS `df`, '' AS `df2`, '' AS `df3`, '' AS `df4` FROM `tipoindustria` ORDER BY `nomre` ASC {"params":[],"types":[],"executionMS":0.0005769729614257812} []
[2023-08-30T12:08:06.351800-03:00] log.DEBUG: SELECT COUNT(*) FROM `remates` {"params":[],"types":[],"executionMS":0.0012230873107910156} []
[2023-08-30T12:08:06.352889-03:00] log.DEBUG: SELECT * FROM `remates` ORDER BY `ncomp` DESC LIMIT 20 {"params":[],"types":[],"executionMS":0.0008151531219482422} []
[2023-08-30T12:08:06.355963-03:00] log.DEBUG: SELECT `codnum` AS `lf`, `razsoc` AS `df`, '' AS `df2`, '' AS `df3`, '' AS `df4` FROM `entidades` WHERE (`codnum` = 940) AND (`tipoent` = 1) ORDER BY `razsoc` ASC {"params":[],"types":[],"executionMS":0.0008549690246582031} []
[2023-08-30T12:08:06.356982-03:00] log.DEBUG: SELECT `codnum` AS `lf`, `descripcion` AS `df`, '' AS `df2`, '' AS `df3`, '' AS `df4` FROM `localidades` WHERE `codnum` = 413 ORDER BY `descripcion` ASC {"params":[],"types":[],"executionMS":0.0007541179656982422} []
[2023-08-30T12:08:06.358748-03:00] log.DEBUG: SELECT `codnum` AS `lf`, `razsoc` AS `df`, '' AS `df2`, '' AS `df3`, '' AS `df4` FROM `entidades` WHERE (`codnum` = 940) AND (`tipoent` = 1) ORDER BY `razsoc` ASC {"params":[],"types":[],"executionMS":0.0006029605865478516} []
[2023-08-30T12:08:06.359476-03:00] log.DEBUG: SELECT `codnum` AS `lf`, `descripcion` AS `df`, '' AS `df2`, '' AS `df3`, '' AS `df4` FROM `localidades` WHERE `codnum` = 413 ORDER BY `descripcion` ASC {"params":[],"types":[],"executionMS":0.0004911422729492188} []
[2023-08-30T12:08:06.360995-03:00] log.DEBUG: SELECT `codnum` AS `lf`, `razsoc` AS `df`, '' AS `df2`, '' AS `df3`, '' AS `df4` FROM `entidades` WHERE (`codnum` = 940) AND (`tipoent` = 1) ORDER BY `razsoc` ASC {"params":[],"types":[],"executionMS":0.0005810260772705078} []
[2023-08-30T12:08:06.361708-03:00] log.DEBUG: SELECT `codnum` AS `lf`, `descripcion` AS `df`, '' AS `df2`, '' AS `df3`, '' AS `df4` FROM `localidades` WHERE `codnum` = 413 ORDER BY `descripcion` ASC {"params":[],"types":[],"executionMS":0.0004911422729492188} []
[2023-08-30T12:08:06.363186-03:00] log.DEBUG: SELECT `codnum` AS `lf`, `razsoc` AS `df`, '' AS `df2`, '' AS `df3`, '' AS `df4` FROM `entidades` WHERE (`codnum` = 940) AND (`tipoent` = 1) ORDER BY `razsoc` ASC {"params":[],"types":[],"executionMS":0.0005059242248535156} []
[2023-08-30T12:08:06.364018-03:00] log.DEBUG: SELECT `codnum` AS `lf`, `descripcion` AS `df`, '' AS `df2`, '' AS `df3`, '' AS `df4` FROM `localidades` WHERE `codnum` = 413 ORDER BY `descripcion` ASC {"params":[],"types":[],"executionMS":0.0006029605865478516} []
[2023-08-30T12:08:06.365552-03:00] log.DEBUG: SELECT `codnum` AS `lf`, `razsoc` AS `df`, '' AS `df2`, '' AS `df3`, '' AS `df4` FROM `entidades` WHERE (`codnum` = 940) AND (`tipoent` = 1) ORDER BY `razsoc` ASC {"params":[],"types":[],"executionMS":0.0005939006805419922} []
[2023-08-30T12:08:06.366418-03:00] log.DEBUG: SELECT `codnum` AS `lf`, `descripcion` AS `df`, '' AS `df2`, '' AS `df3`, '' AS `df4` FROM `localidades` WHERE `codnum` = 413 ORDER BY `descripcion` ASC {"params":[],"types":[],"executionMS":0.0006339550018310547} []
[2023-08-30T12:08:06.367942-03:00] log.DEBUG: SELECT `codnum` AS `lf`, `razsoc` AS `df`, '' AS `df2`, '' AS `df3`, '' AS `df4` FROM `entidades` WHERE (`codnum` = 940) AND (`tipoent` = 1) ORDER BY `razsoc` ASC {"params":[],"types":[],"executionMS":0.0005300045013427734} []
[2023-08-30T12:08:06.368582-03:00] log.DEBUG: SELECT `codnum` AS `lf`, `descripcion` AS `df`, '' AS `df2`, '' AS `df3`, '' AS `df4` FROM `localidades` WHERE `codnum` = 413 ORDER BY `descripcion` ASC {"params":[],"types":[],"executionMS":0.0004088878631591797} []
[2023-08-30T12:08:06.370026-03:00] log.DEBUG: SELECT `codnum` AS `lf`, `razsoc` AS `df`, '' AS `df2`, '' AS `df3`, '' AS `df4` FROM `entidades` WHERE (`codnum` = 940) AND (`tipoent` = 1) ORDER BY `razsoc` ASC {"params":[],"types":[],"executionMS":0.0005080699920654297} []
[2023-08-30T12:08:06.370703-03:00] log.DEBUG: SELECT `codnum` AS `lf`, `descripcion` AS `df`, '' AS `df2`, '' AS `df3`, '' AS `df4` FROM `localidades` WHERE `codnum` = 413 ORDER BY `descripcion` ASC {"params":[],"types":[],"executionMS":0.00043392181396484375} []
[2023-08-30T12:08:06.372141-03:00] log.DEBUG: SELECT `codnum` AS `lf`, `razsoc` AS `df`, '' AS `df2`, '' AS `df3`, '' AS `df4` FROM `entidades` WHERE (`codnum` = 940) AND (`tipoent` = 1) ORDER BY `razsoc` ASC {"params":[],"types":[],"executionMS":0.0004868507385253906} []
[2023-08-30T12:08:06.372834-03:00] log.DEBUG: SELECT `codnum` AS `lf`, `descripcion` AS `df`, '' AS `df2`, '' AS `df3`, '' AS `df4` FROM `localidades` WHERE `codnum` = 413 ORDER BY `descripcion` ASC {"params":[],"types":[],"executionMS":0.0004699230194091797} []
[2023-08-30T12:08:06.374435-03:00] log.DEBUG: SELECT `codnum` AS `lf`, `razsoc` AS `df`, '' AS `df2`, '' AS `df3`, '' AS `df4` FROM `entidades` WHERE (`codnum` = 940) AND (`tipoent` = 1) ORDER BY `razsoc` ASC {"params":[],"types":[],"executionMS":0.0005700588226318359} []
[2023-08-30T12:08:06.375630-03:00] log.DEBUG: SELECT `codnum` AS `lf`, `descripcion` AS `df`, '' AS `df2`, '' AS `df3`, '' AS `df4` FROM `localidades` WHERE `codnum` = 413 ORDER BY `descripcion` ASC {"params":[],"types":[],"executionMS":0.0009608268737792969} []
[2023-08-30T12:08:06.377113-03:00] log.DEBUG: SELECT `codnum` AS `lf`, `razsoc` AS `df`, '' AS `df2`, '' AS `df3`, '' AS `df4` FROM `entidades` WHERE (`codnum` = 1207) AND (`tipoent` = 1) ORDER BY `razsoc` ASC {"params":[],"types":[],"executionMS":0.0004749298095703125} []
[2023-08-30T12:08:06.377738-03:00] log.DEBUG: SELECT `codnum` AS `lf`, `descripcion` AS `df`, '' AS `df2`, '' AS `df3`, '' AS `df4` FROM `localidades` WHERE `codnum` = 413 ORDER BY `descripcion` ASC {"params":[],"types":[],"executionMS":0.0003960132598876953} []
[2023-08-30T12:08:06.379128-03:00] log.DEBUG: SELECT `codnum` AS `lf`, `razsoc` AS `df`, '' AS `df2`, '' AS `df3`, '' AS `df4` FROM `entidades` WHERE (`codnum` = 940) AND (`tipoent` = 1) ORDER BY `razsoc` ASC {"params":[],"types":[],"executionMS":0.0004291534423828125} []
[2023-08-30T12:08:06.379829-03:00] log.DEBUG: SELECT `codnum` AS `lf`, `descripcion` AS `df`, '' AS `df2`, '' AS `df3`, '' AS `df4` FROM `localidades` WHERE `codnum` = 413 ORDER BY `descripcion` ASC {"params":[],"types":[],"executionMS":0.0004718303680419922} []
[2023-08-30T12:08:06.381303-03:00] log.DEBUG: SELECT `codnum` AS `lf`, `razsoc` AS `df`, '' AS `df2`, '' AS `df3`, '' AS `df4` FROM `entidades` WHERE (`codnum` = 940) AND (`tipoent` = 1) ORDER BY `razsoc` ASC {"params":[],"types":[],"executionMS":0.0005090236663818359} []
[2023-08-30T12:08:06.382001-03:00] log.DEBUG: SELECT `codnum` AS `lf`, `descripcion` AS `df`, '' AS `df2`, '' AS `df3`, '' AS `df4` FROM `localidades` WHERE `codnum` = 413 ORDER BY `descripcion` ASC {"params":[],"types":[],"executionMS":0.0004718303680419922} []
[2023-08-30T12:08:06.383518-03:00] log.DEBUG: SELECT `codnum` AS `lf`, `razsoc` AS `df`, '' AS `df2`, '' AS `df3`, '' AS `df4` FROM `entidades` WHERE (`codnum` = 940) AND (`tipoent` = 1) ORDER BY `razsoc` ASC {"params":[],"types":[],"executionMS":0.000576019287109375} []
[2023-08-30T12:08:06.384219-03:00] log.DEBUG: SELECT `codnum` AS `lf`, `descripcion` AS `df`, '' AS `df2`, '' AS `df3`, '' AS `df4` FROM `localidades` WHERE `codnum` = 413 ORDER BY `descripcion` ASC {"params":[],"types":[],"executionMS":0.00044798851013183594} []
[2023-08-30T12:08:06.385654-03:00] log.DEBUG: SELECT `codnum` AS `lf`, `razsoc` AS `df`, '' AS `df2`, '' AS `df3`, '' AS `df4` FROM `entidades` WHERE (`codnum` = 940) AND (`tipoent` = 1) ORDER BY `razsoc` ASC {"params":[],"types":[],"executionMS":0.0004849433898925781} []
[2023-08-30T12:08:06.386346-03:00] log.DEBUG: SELECT `codnum` AS `lf`, `descripcion` AS `df`, '' AS `df2`, '' AS `df3`, '' AS `df4` FROM `localidades` WHERE `codnum` = 413 ORDER BY `descripcion` ASC {"params":[],"types":[],"executionMS":0.0004661083221435547} []
[2023-08-30T12:08:06.388043-03:00] log.DEBUG: SELECT `codnum` AS `lf`, `razsoc` AS `df`, '' AS `df2`, '' AS `df3`, '' AS `df4` FROM `entidades` WHERE (`codnum` = 940) AND (`tipoent` = 1) ORDER BY `razsoc` ASC {"params":[],"types":[],"executionMS":0.0006110668182373047} []
[2023-08-30T12:08:06.388784-03:00] log.DEBUG: SELECT `codnum` AS `lf`, `descripcion` AS `df`, '' AS `df2`, '' AS `df3`, '' AS `df4` FROM `localidades` WHERE `codnum` = 413 ORDER BY `descripcion` ASC {"params":[],"types":[],"executionMS":0.0005018711090087891} []
[2023-08-30T12:08:06.391520-03:00] log.DEBUG: SELECT `codnum` AS `lf`, `razsoc` AS `df`, '' AS `df2`, '' AS `df3`, '' AS `df4` FROM `entidades` WHERE (`codnum` = 940) AND (`tipoent` = 1) ORDER BY `razsoc` ASC {"params":[],"types":[],"executionMS":0.001046895980834961} []
[2023-08-30T12:08:06.392272-03:00] log.DEBUG: SELECT `codnum` AS `lf`, `descripcion` AS `df`, '' AS `df2`, '' AS `df3`, '' AS `df4` FROM `localidades` WHERE `codnum` = 413 ORDER BY `descripcion` ASC {"params":[],"types":[],"executionMS":0.0005140304565429688} []
[2023-08-30T12:08:06.393762-03:00] log.DEBUG: SELECT `codnum` AS `lf`, `razsoc` AS `df`, '' AS `df2`, '' AS `df3`, '' AS `df4` FROM `entidades` WHERE (`codnum` = 940) AND (`tipoent` = 1) ORDER BY `razsoc` ASC {"params":[],"types":[],"executionMS":0.0005459785461425781} []
[2023-08-30T12:08:06.394733-03:00] log.DEBUG: SELECT `codnum` AS `lf`, `descripcion` AS `df`, '' AS `df2`, '' AS `df3`, '' AS `df4` FROM `localidades` WHERE `codnum` = 413 ORDER BY `descripcion` ASC {"params":[],"types":[],"executionMS":0.0005018711090087891} []
[2023-08-30T12:08:06.396911-03:00] log.DEBUG: SELECT `codnum` AS `lf`, `razsoc` AS `df`, '' AS `df2`, '' AS `df3`, '' AS `df4` FROM `entidades` WHERE (`codnum` = 940) AND (`tipoent` = 1) ORDER BY `razsoc` ASC {"params":[],"types":[],"executionMS":0.0008130073547363281} []
[2023-08-30T12:08:06.397731-03:00] log.DEBUG: SELECT `codnum` AS `lf`, `descripcion` AS `df`, '' AS `df2`, '' AS `df3`, '' AS `df4` FROM `localidades` WHERE `codnum` = 413 ORDER BY `descripcion` ASC {"params":[],"types":[],"executionMS":0.0004940032958984375} []
[2023-08-30T12:08:06.400163-03:00] log.DEBUG: SELECT `codnum` AS `lf`, `razsoc` AS `df`, '' AS `df2`, '' AS `df3`, '' AS `df4` FROM `entidades` WHERE (`codnum` = 940) AND (`tipoent` = 1) ORDER BY `razsoc` ASC {"params":[],"types":[],"executionMS":0.0010499954223632812} []
[2023-08-30T12:08:06.400939-03:00] log.DEBUG: SELECT `codnum` AS `lf`, `descripcion` AS `df`, '' AS `df2`, '' AS `df3`, '' AS `df4` FROM `localidades` WHERE `codnum` = 413 ORDER BY `descripcion` ASC {"params":[],"types":[],"executionMS":0.0004608631134033203} []
[2023-08-30T12:08:06.403356-03:00] log.DEBUG: SELECT `codnum` AS `lf`, `razsoc` AS `df`, '' AS `df2`, '' AS `df3`, '' AS `df4` FROM `entidades` WHERE (`codnum` = 940) AND (`tipoent` = 1) ORDER BY `razsoc` ASC {"params":[],"types":[],"executionMS":0.001032114028930664} []
[2023-08-30T12:08:06.404202-03:00] log.DEBUG: SELECT `codnum` AS `lf`, `descripcion` AS `df`, '' AS `df2`, '' AS `df3`, '' AS `df4` FROM `localidades` WHERE `codnum` = 413 ORDER BY `descripcion` ASC {"params":[],"types":[],"executionMS":0.0005288124084472656} []
[2023-08-30T12:08:25.032673-03:00] log.DEBUG: SELECT COUNT(*) FROM `lotes` WHERE `codrem`=79 {"params":[],"types":[],"executionMS":0.0011510848999023438} []
[2023-08-30T12:08:25.035127-03:00] log.DEBUG: SELECT * FROM `lotes` WHERE `codrem`=79 LIMIT 10 {"params":[],"types":[],"executionMS":0.0018680095672607422} []
[2023-08-30T16:06:14.849623-03:00] log.DEBUG: SELECT COUNT(*) FROM `tipcomp` {"params":[],"types":[],"executionMS":0.0014028549194335938} []
[2023-08-30T16:06:14.852110-03:00] log.DEBUG: SELECT * FROM `tipcomp` LIMIT 20 {"params":[],"types":[],"executionMS":0.00156402587890625} []
[2023-08-30T16:06:18.244373-03:00] log.DEBUG: SELECT COUNT(*) FROM `tipcomp` {"params":[],"types":[],"executionMS":0.0013020038604736328} []
[2023-08-30T16:06:18.245953-03:00] log.DEBUG: SELECT * FROM `tipcomp` LIMIT 20 OFFSET 20 {"params":[],"types":[],"executionMS":0.001049041748046875} []
[2023-08-30T16:06:21.808528-03:00] log.DEBUG: SELECT COUNT(*) FROM `tipcomp` {"params":[],"types":[],"executionMS":0.0012819766998291016} []
[2023-08-30T16:06:21.809891-03:00] log.DEBUG: SELECT * FROM `tipcomp` LIMIT 20 OFFSET 40 {"params":[],"types":[],"executionMS":0.0007529258728027344} []
[2023-08-30T16:06:26.427308-03:00] log.DEBUG: SELECT COUNT(*) FROM `tipcomp` {"params":[],"types":[],"executionMS":0.0014808177947998047} []
[2023-08-30T16:06:26.428771-03:00] log.DEBUG: SELECT * FROM `tipcomp` LIMIT 20 OFFSET 60 {"params":[],"types":[],"executionMS":0.0008220672607421875} []
[2023-08-30T16:06:29.656916-03:00] log.DEBUG: SELECT COUNT(*) FROM `tipcomp` {"params":[],"types":[],"executionMS":0.0012061595916748047} []
[2023-08-30T16:06:29.658092-03:00] log.DEBUG: SELECT * FROM `tipcomp` LIMIT 20 OFFSET 80 {"params":[],"types":[],"executionMS":0.0007688999176025391} []
[2023-08-30T16:06:33.968609-03:00] log.DEBUG: SELECT COUNT(*) FROM `tipcomp` {"params":[],"types":[],"executionMS":0.0011911392211914062} []
[2023-08-30T16:06:33.969725-03:00] log.DEBUG: SELECT * FROM `tipcomp` LIMIT 20 OFFSET 100 {"params":[],"types":[],"executionMS":0.0007228851318359375} []
[2023-08-30T16:06:55.284739-03:00] log.DEBUG: SELECT COUNT(*) FROM `tipcomp` {"params":[],"types":[],"executionMS":0.001168966293334961} []
[2023-08-30T16:06:55.285887-03:00] log.DEBUG: SELECT * FROM `tipcomp` LIMIT 20 OFFSET 120 {"params":[],"types":[],"executionMS":0.0007169246673583984} []
[2023-08-30T16:06:55.496753-03:00] log.DEBUG: SELECT COUNT(*) FROM `tipcomp` {"params":[],"types":[],"executionMS":0.0013689994812011719} []
[2023-08-30T16:06:55.498165-03:00] log.DEBUG: SELECT * FROM `tipcomp` LIMIT 20 OFFSET 120 {"params":[],"types":[],"executionMS":0.000865936279296875} []
[2023-08-30T16:07:22.586788-03:00] log.DEBUG: SELECT COUNT(*) FROM `tipcomp` {"params":[],"types":[],"executionMS":0.0013608932495117188} []
[2023-08-30T16:07:22.588304-03:00] log.DEBUG: SELECT * FROM `tipcomp` LIMIT 20 OFFSET 100 {"params":[],"types":[],"executionMS":0.0009140968322753906} []
[2023-08-30T16:07:30.178217-03:00] log.DEBUG: SELECT COUNT(*) FROM `tipcomp` {"params":[],"types":[],"executionMS":0.0011157989501953125} []
[2023-08-30T16:07:30.179479-03:00] log.DEBUG: SELECT * FROM `tipcomp` LIMIT 20 OFFSET 120 {"params":[],"types":[],"executionMS":0.0008449554443359375} []
[2023-08-30T16:07:55.974020-03:00] log.DEBUG: INSERT INTO `tipcomp` (`descripcion`, `activo`, `esfactura`, `esprovedor`, `codafip`, `usuarioalta`, `fechaalta`, `usuariomod`, `fechaultmod`) VALUES(?, ?, ?, ?, ?, ?, ?, ?, ?) {"params":{"1":"NOTA DE CREDITO A0001 AFIP","2":1,"3":1,"4":"0","5":null,"6":-1,"7":"2023-08-30 16:07:55","8":-1,"9":"2023-08-30 16:07:55"},"types":{"1":2,"2":1,"3":1,"4":2,"5":1,"6":1,"7":2,"8":1,"9":2},"executionMS":0.011779069900512695} []
[2023-08-30T16:07:56.153846-03:00] log.DEBUG: SELECT COUNT(*) FROM `tipcomp` {"params":[],"types":[],"executionMS":0.0012938976287841797} []
[2023-08-30T16:07:56.155041-03:00] log.DEBUG: SELECT * FROM `tipcomp` LIMIT 20 OFFSET 120 {"params":[],"types":[],"executionMS":0.0007851123809814453} []
[2023-08-30T16:08:07.915740-03:00] log.DEBUG: SELECT COUNT(*) FROM `tipcomp` {"params":[],"types":[],"executionMS":0.0012679100036621094} []
[2023-08-30T16:08:07.919151-03:00] log.DEBUG: SELECT COUNT(*) FROM `series` {"params":[],"types":[],"executionMS":0.0012040138244628906} []
[2023-08-30T16:08:07.920091-03:00] log.DEBUG: SELECT * FROM `series` LIMIT 20 {"params":[],"types":[],"executionMS":0.0006740093231201172} []
[2023-08-30T16:08:07.922536-03:00] log.DEBUG: SELECT `codnum` AS `lf`, `descripcion` AS `df`, '' AS `df2`, '' AS `df3`, '' AS `df4` FROM `tipcomp` WHERE `codnum` = 1 ORDER BY `descripcion` ASC {"params":[],"types":[],"executionMS":0.0010051727294921875} []
[2023-08-30T16:08:07.923692-03:00] log.DEBUG: SELECT `codnum` AS `lf`, `descripcion` AS `df`, '' AS `df2`, '' AS `df3`, '' AS `df4` FROM `tipcomp` WHERE `codnum` = 3 ORDER BY `descripcion` ASC {"params":[],"types":[],"executionMS":0.0005280971527099609} []
[2023-08-30T16:08:07.924829-03:00] log.DEBUG: SELECT `codnum` AS `lf`, `descripcion` AS `df`, '' AS `df2`, '' AS `df3`, '' AS `df4` FROM `tipcomp` WHERE `codnum` = 2 ORDER BY `descripcion` ASC {"params":[],"types":[],"executionMS":0.0005161762237548828} []
[2023-08-30T16:08:07.925793-03:00] log.DEBUG: SELECT `codnum` AS `lf`, `descripcion` AS `df`, '' AS `df2`, '' AS `df3`, '' AS `df4` FROM `tipcomp` WHERE `codnum` = 4 ORDER BY `descripcion` ASC {"params":[],"types":[],"executionMS":0.0004730224609375} []
[2023-08-30T16:08:07.926906-03:00] log.DEBUG: SELECT `codnum` AS `lf`, `descripcion` AS `df`, '' AS `df2`, '' AS `df3`, '' AS `df4` FROM `tipcomp` WHERE `codnum` = 6 ORDER BY `descripcion` ASC {"params":[],"types":[],"executionMS":0.0005688667297363281} []
[2023-08-30T16:08:07.927911-03:00] log.DEBUG: SELECT `codnum` AS `lf`, `descripcion` AS `df`, '' AS `df2`, '' AS `df3`, '' AS `df4` FROM `tipcomp` WHERE `codnum` = 8 ORDER BY `descripcion` ASC {"params":[],"types":[],"executionMS":0.0004980564117431641} []
[2023-08-30T16:08:07.928888-03:00] log.DEBUG: SELECT `codnum` AS `lf`, `descripcion` AS `df`, '' AS `df2`, '' AS `df3`, '' AS `df4` FROM `tipcomp` WHERE `codnum` = 9 ORDER BY `descripcion` ASC {"params":[],"types":[],"executionMS":0.0004711151123046875} []
[2023-08-30T16:08:07.929813-03:00] log.DEBUG: SELECT `codnum` AS `lf`, `descripcion` AS `df`, '' AS `df2`, '' AS `df3`, '' AS `df4` FROM `tipcomp` WHERE `codnum` = 12 ORDER BY `descripcion` ASC {"params":[],"types":[],"executionMS":0.0004508495330810547} []
[2023-08-30T16:08:07.930807-03:00] log.DEBUG: SELECT `codnum` AS `lf`, `descripcion` AS `df`, '' AS `df2`, '' AS `df3`, '' AS `df4` FROM `tipcomp` WHERE `codnum` = 13 ORDER BY `descripcion` ASC {"params":[],"types":[],"executionMS":0.00045800209045410156} []
[2023-08-30T16:08:07.931725-03:00] log.DEBUG: SELECT `codnum` AS `lf`, `descripcion` AS `df`, '' AS `df2`, '' AS `df3`, '' AS `df4` FROM `tipcomp` WHERE `codnum` = 14 ORDER BY `descripcion` ASC {"params":[],"types":[],"executionMS":0.0004100799560546875} []
[2023-08-30T16:08:07.932689-03:00] log.DEBUG: SELECT `codnum` AS `lf`, `descripcion` AS `df`, '' AS `df2`, '' AS `df3`, '' AS `df4` FROM `tipcomp` WHERE `codnum` = 23 ORDER BY `descripcion` ASC {"params":[],"types":[],"executionMS":0.00041413307189941406} []
[2023-08-30T16:08:07.933599-03:00] log.DEBUG: SELECT `codnum` AS `lf`, `descripcion` AS `df`, '' AS `df2`, '' AS `df3`, '' AS `df4` FROM `tipcomp` WHERE `codnum` = 24 ORDER BY `descripcion` ASC {"params":[],"types":[],"executionMS":0.00040602684020996094} []
[2023-08-30T16:08:07.934564-03:00] log.DEBUG: SELECT `codnum` AS `lf`, `descripcion` AS `df`, '' AS `df2`, '' AS `df3`, '' AS `df4` FROM `tipcomp` WHERE `codnum` = 31 ORDER BY `descripcion` ASC {"params":[],"types":[],"executionMS":0.00045990943908691406} []
[2023-08-30T16:08:07.938959-03:00] log.DEBUG: SELECT `codnum` AS `lf`, `descripcion` AS `df`, '' AS `df2`, '' AS `df3`, '' AS `df4` FROM `tipcomp` WHERE `codnum` = 38 ORDER BY `descripcion` ASC {"params":[],"types":[],"executionMS":0.0039010047912597656} []
[2023-08-30T16:08:07.939948-03:00] log.DEBUG: SELECT `codnum` AS `lf`, `descripcion` AS `df`, '' AS `df2`, '' AS `df3`, '' AS `df4` FROM `tipcomp` WHERE `codnum` = 39 ORDER BY `descripcion` ASC {"params":[],"types":[],"executionMS":0.00047707557678222656} []
[2023-08-30T16:08:07.940841-03:00] log.DEBUG: SELECT `codnum` AS `lf`, `descripcion` AS `df`, '' AS `df2`, '' AS `df3`, '' AS `df4` FROM `tipcomp` WHERE `codnum` = 32 ORDER BY `descripcion` ASC {"params":[],"types":[],"executionMS":0.00041484832763671875} []
[2023-08-30T16:08:07.941706-03:00] log.DEBUG: SELECT `codnum` AS `lf`, `descripcion` AS `df`, '' AS `df2`, '' AS `df3`, '' AS `df4` FROM `tipcomp` WHERE `codnum` = 33 ORDER BY `descripcion` ASC {"params":[],"types":[],"executionMS":0.0003910064697265625} []
[2023-08-30T16:08:07.949262-03:00] log.DEBUG: SELECT `codnum` AS `lf`, `descripcion` AS `df`, '' AS `df2`, '' AS `df3`, '' AS `df4` FROM `tipcomp` WHERE `codnum` = 34 ORDER BY `descripcion` ASC {"params":[],"types":[],"executionMS":0.006994009017944336} []
[2023-08-30T16:08:07.959167-03:00] log.DEBUG: SELECT `codnum` AS `lf`, `descripcion` AS `df`, '' AS `df2`, '' AS `df3`, '' AS `df4` FROM `tipcomp` WHERE `codnum` = 35 ORDER BY `descripcion` ASC {"params":[],"types":[],"executionMS":0.009366989135742188} []
[2023-08-30T16:08:07.960180-03:00] log.DEBUG: SELECT `codnum` AS `lf`, `descripcion` AS `df`, '' AS `df2`, '' AS `df3`, '' AS `df4` FROM `tipcomp` WHERE `codnum` = 36 ORDER BY `descripcion` ASC {"params":[],"types":[],"executionMS":0.0004811286926269531} []
[2023-08-30T16:08:11.703177-03:00] log.DEBUG: SELECT COUNT(*) FROM `tipcomp` {"params":[],"types":[],"executionMS":0.001157999038696289} []
[2023-08-30T16:08:11.706863-03:00] log.DEBUG: SELECT COUNT(*) FROM `series` {"params":[],"types":[],"executionMS":0.001569986343383789} []
[2023-08-30T16:08:11.707806-03:00] log.DEBUG: SELECT * FROM `series` LIMIT 20 OFFSET 40 {"params":[],"types":[],"executionMS":0.0006868839263916016} []
[2023-08-30T16:08:11.710091-03:00] log.DEBUG: SELECT `codnum` AS `lf`, `descripcion` AS `df`, '' AS `df2`, '' AS `df3`, '' AS `df4` FROM `tipcomp` WHERE `codnum` = 97 ORDER BY `descripcion` ASC {"params":[],"types":[],"executionMS":0.0009188652038574219} []
[2023-08-30T16:08:11.711322-03:00] log.DEBUG: SELECT `codnum` AS `lf`, `descripcion` AS `df`, '' AS `df2`, '' AS `df3`, '' AS `df4` FROM `tipcomp` WHERE `codnum` = 98 ORDER BY `descripcion` ASC {"params":[],"types":[],"executionMS":0.0005970001220703125} []
[2023-08-30T16:08:11.712385-03:00] log.DEBUG: SELECT `codnum` AS `lf`, `descripcion` AS `df`, '' AS `df2`, '' AS `df3`, '' AS `df4` FROM `tipcomp` WHERE `codnum` = 99 ORDER BY `descripcion` ASC {"params":[],"types":[],"executionMS":0.0005390644073486328} []
[2023-08-30T16:08:11.713359-03:00] log.DEBUG: SELECT `codnum` AS `lf`, `descripcion` AS `df`, '' AS `df2`, '' AS `df3`, '' AS `df4` FROM `tipcomp` WHERE `codnum` = 100 ORDER BY `descripcion` ASC {"params":[],"types":[],"executionMS":0.0004990100860595703} []
[2023-08-30T16:08:11.714422-03:00] log.DEBUG: SELECT `codnum` AS `lf`, `descripcion` AS `df`, '' AS `df2`, '' AS `df3`, '' AS `df4` FROM `tipcomp` WHERE `codnum` = 103 ORDER BY `descripcion` ASC {"params":[],"types":[],"executionMS":0.0005881786346435547} []
[2023-08-30T16:08:11.715378-03:00] log.DEBUG: SELECT `codnum` AS `lf`, `descripcion` AS `df`, '' AS `df2`, '' AS `df3`, '' AS `df4` FROM `tipcomp` WHERE `codnum` = 104 ORDER BY `descripcion` ASC {"params":[],"types":[],"executionMS":0.00046706199645996094} []
[2023-08-30T16:08:11.716504-03:00] log.DEBUG: SELECT `codnum` AS `lf`, `descripcion` AS `df`, '' AS `df2`, '' AS `df3`, '' AS `df4` FROM `tipcomp` WHERE `codnum` = 107 ORDER BY `descripcion` ASC {"params":[],"types":[],"executionMS":0.0003669261932373047} []
[2023-08-30T16:08:11.717379-03:00] log.DEBUG: SELECT `codnum` AS `lf`, `descripcion` AS `df`, '' AS `df2`, '' AS `df3`, '' AS `df4` FROM `tipcomp` WHERE `codnum` = 110 ORDER BY `descripcion` ASC {"params":[],"types":[],"executionMS":0.0004038810729980469} []
[2023-08-30T16:08:11.718259-03:00] log.DEBUG: SELECT `codnum` AS `lf`, `descripcion` AS `df`, '' AS `df2`, '' AS `df3`, '' AS `df4` FROM `tipcomp` WHERE `codnum` = 111 ORDER BY `descripcion` ASC {"params":[],"types":[],"executionMS":0.0004119873046875} []
[2023-08-30T16:08:11.719170-03:00] log.DEBUG: SELECT `codnum` AS `lf`, `descripcion` AS `df`, '' AS `df2`, '' AS `df3`, '' AS `df4` FROM `tipcomp` WHERE `codnum` = 114 ORDER BY `descripcion` ASC {"params":[],"types":[],"executionMS":0.00043082237243652344} []
[2023-08-30T16:08:11.720074-03:00] log.DEBUG: SELECT `codnum` AS `lf`, `descripcion` AS `df`, '' AS `df2`, '' AS `df3`, '' AS `df4` FROM `tipcomp` WHERE `codnum` = 101 ORDER BY `descripcion` ASC {"params":[],"types":[],"executionMS":0.0003809928894042969} []
[2023-08-30T16:08:11.720979-03:00] log.DEBUG: SELECT `codnum` AS `lf`, `descripcion` AS `df`, '' AS `df2`, '' AS `df3`, '' AS `df4` FROM `tipcomp` WHERE `codnum` = 115 ORDER BY `descripcion` ASC {"params":[],"types":[],"executionMS":0.0003859996795654297} []
[2023-08-30T16:08:11.721905-03:00] log.DEBUG: SELECT `codnum` AS `lf`, `descripcion` AS `df`, '' AS `df2`, '' AS `df3`, '' AS `df4` FROM `tipcomp` WHERE `codnum` = 116 ORDER BY `descripcion` ASC {"params":[],"types":[],"executionMS":0.0004169940948486328} []
[2023-08-30T16:08:11.722904-03:00] log.DEBUG: SELECT `codnum` AS `lf`, `descripcion` AS `df`, '' AS `df2`, '' AS `df3`, '' AS `df4` FROM `tipcomp` WHERE `codnum` = 117 ORDER BY `descripcion` ASC {"params":[],"types":[],"executionMS":0.0004019737243652344} []
[2023-08-30T16:08:11.723838-03:00] log.DEBUG: SELECT `codnum` AS `lf`, `descripcion` AS `df`, '' AS `df2`, '' AS `df3`, '' AS `df4` FROM `tipcomp` WHERE `codnum` = 133 ORDER BY `descripcion` ASC {"params":[],"types":[],"executionMS":0.0003848075866699219} []
[2023-08-30T16:08:11.724764-03:00] log.DEBUG: SELECT `codnum` AS `lf`, `descripcion` AS `df`, '' AS `df2`, '' AS `df3`, '' AS `df4` FROM `tipcomp` WHERE `codnum` = 134 ORDER BY `descripcion` ASC {"params":[],"types":[],"executionMS":0.00041794776916503906} []
[2023-08-30T16:08:42.213342-03:00] log.DEBUG: SELECT COUNT(*) FROM `tipcomp` {"params":[],"types":[],"executionMS":0.0012500286102294922} []
[2023-08-30T16:08:42.214633-03:00] log.DEBUG: SELECT * FROM `tipcomp` LIMIT 20 OFFSET 120 {"params":[],"types":[],"executionMS":0.0008361339569091797} []
