[2023-11-01T09:41:13.244798-03:00] log.DEBUG: 400 Bad Request Type: Slim\Exception\HttpBadRequestException Code: 400 Message: Invalid post request File: /var/www/Subastas2021/src/PermissionMiddleware.php Line: 115 Trace: #0 /var/www/Subastas2021/vendor/slim/slim/Slim/MiddlewareDispatcher.php(168): PHPMaker2021\Subastas2021\PermissionMiddleware->__invoke() #1 /var/www/Subastas2021/vendor/slim/slim/Slim/MiddlewareDispatcher.php(65): Psr\Http\Server\RequestHandlerInterface@anonymous->handle() #2 /var/www/Subastas2021/vendor/slim/slim/Slim/MiddlewareDispatcher.php(65): Slim\MiddlewareDispatcher->handle() #3 /var/www/Subastas2021/vendor/slim/slim/Slim/Routing/Route.php(315): Slim\MiddlewareDispatcher->handle() #4 /var/www/Subastas2021/vendor/slim/slim/Slim/Routing/RouteRunner.php(68): Slim\Routing\Route->run() #5 /var/www/Subastas2021/vendor/slim/slim/Slim/Middleware/BodyParsingMiddleware.php(64): Slim\Routing\RouteRunner->handle() #6 /var/www/Subastas2021/vendor/slim/slim/Slim/MiddlewareDispatcher.php(121): Slim\Middleware\BodyParsingMiddleware->process() #7 /var/www/Subastas2021/src/CorsMiddleware.php(32): Psr\Http\Server\RequestHandlerInterface@anonymous->handle() #8 /var/www/Subastas2021/vendor/slim/slim/Slim/MiddlewareDispatcher.php(121): PHPMaker2021\Subastas2021\CorsMiddleware->process() #9 /var/www/Subastas2021/vendor/slim/slim/Slim/Middleware/RoutingMiddleware.php(45): Psr\Http\Server\RequestHandlerInterface@anonymous->handle() #10 /var/www/Subastas2021/vendor/slim/slim/Slim/MiddlewareDispatcher.php(121): Slim\Middleware\RoutingMiddleware->process() #11 /var/www/Subastas2021/vendor/selective/samesite-cookie/src/SameSiteCookieMiddleware.php(52): Psr\Http\Server\RequestHandlerInterface@anonymous->handle() #12 /var/www/Subastas2021/vendor/slim/slim/Slim/MiddlewareDispatcher.php(121): Selective\SameSiteCookie\SameSiteCookieMiddleware->process() #13 /var/www/Subastas2021/vendor/selective/samesite-cookie/src/SameSiteSessionMiddleware.php(44): Psr\Http\Server\RequestHandlerInterface@anonymous->handle() #14 /var/www/Subastas2021/vendor/slim/slim/Slim/MiddlewareDispatcher.php(121): Selective\SameSiteCookie\SameSiteSessionMiddleware->process() #15 /var/www/Subastas2021/vendor/slim/slim/Slim/Middleware/ErrorMiddleware.php(76): Psr\Http\Server\RequestHandlerInterface@anonymous->handle() #16 /var/www/Subastas2021/vendor/slim/slim/Slim/MiddlewareDispatcher.php(121): Slim\Middleware\ErrorMiddleware->process() #17 /var/www/Subastas2021/vendor/slim/slim/Slim/MiddlewareDispatcher.php(65): Psr\Http\Server\RequestHandlerInterface@anonymous->handle() #18 /var/www/Subastas2021/vendor/slim/slim/Slim/App.php(199): Slim\MiddlewareDispatcher->handle() #19 /var/www/Subastas2021/vendor/slim/slim/Slim/App.php(183): Slim\App->handle() #20 /var/www/Subastas2021/index.php(116): Slim\App->run() #21 {main} Tips: To display error details in HTTP response set "displayErrorDetails" to true in the ErrorHandler constructor. [] []
[2023-11-01T09:43:34.546336-03:00] log.DEBUG: SELECT * FROM `usuarios` WHERE (`usuario` = 'martina') {"params":[],"types":[],"executionMS":0.0014410018920898438} []
[2023-11-01T09:43:34.548565-03:00] log.DEBUG: SELECT * FROM `usuarios` WHERE (`usuario` = 'martina') AND (`activo` = 1) {"params":[],"types":[],"executionMS":0.0010221004486083984} []
[2023-11-01T09:43:34.549769-03:00] log.DEBUG: SELECT * FROM `usuarios` WHERE (`usuario` = 'martina') {"params":[],"types":[],"executionMS":0.0006120204925537109} []
[2023-11-01T09:43:34.551049-03:00] log.DEBUG: UPDATE `usuarios` SET `perfil` = ? WHERE (`usuario` = 'martina') {"params":{"1":"a:10:{s:15:\"LoginRetryCount\";i:0;s:20:\"LastBadLoginDateTime\";s:19:\"2023/09/11 10:12:42\";s:23:\"LastPasswordChangedDate\";s:10:\"2023/09/11\";s:6:\"codnum\";i:58;s:7:\"usuario\";s:7:\"carlaAM\";s:6:\"nombre\";s:14:\"Carla Coniglio\";s:5:\"nivel\";i:0;s:5:\"email\";s:0:\"\";s:6:\"perfil\";s:0:\"\";s:6:\"activo\";i:1;}"},"types":{"1":2},"executionMS":0.0007638931274414062} []
[2023-11-01T09:43:34.552200-03:00] log.DEBUG: SELECT * FROM `usuarios` WHERE (`usuario` = 'martina') {"params":[],"types":[],"executionMS":0.0007078647613525391} []
[2023-11-01T09:43:34.553751-03:00] log.DEBUG: SELECT * FROM `usuarios` WHERE (`usuario` = 'martina') {"params":[],"types":[],"executionMS":0.0006420612335205078} []
[2023-11-01T10:30:23.826168-03:00] log.DEBUG: SELECT * FROM `usuarios` WHERE (`usuario` = 'Nahuel') {"params":[],"types":[],"executionMS":0.0010180473327636719} []
[2023-11-01T10:30:23.827520-03:00] log.DEBUG: SELECT * FROM `usuarios` WHERE (`usuario` = 'Nahuel') AND (`activo` = 1) {"params":[],"types":[],"executionMS":0.0006759166717529297} []
[2023-11-01T10:30:23.828487-03:00] log.DEBUG: SELECT * FROM `usuarios` WHERE (`usuario` = 'Nahuel') {"params":[],"types":[],"executionMS":0.0005691051483154297} []
[2023-11-01T10:30:23.829493-03:00] log.DEBUG: UPDATE `usuarios` SET `perfil` = ? WHERE (`usuario` = 'Nahuel') {"params":{"1":"a:10:{s:15:\"LoginRetryCount\";i:0;s:20:\"LastBadLoginDateTime\";s:19:\"2023/10/12 15:58:01\";s:23:\"LastPasswordChangedDate\";s:10:\"2023/10/11\";s:6:\"codnum\";i:16;s:7:\"usuario\";s:6:\"nahuel\";s:6:\"nombre\";s:14:\"Nahuel Esteves\";s:5:\"nivel\";i:2;s:5:\"email\";s:0:\"\";s:6:\"perfil\";s:0:\"\";s:6:\"activo\";i:1;}"},"types":{"1":2},"executionMS":0.0006320476531982422} []
[2023-11-01T10:30:23.830391-03:00] log.DEBUG: SELECT * FROM `usuarios` WHERE (`usuario` = 'Nahuel') {"params":[],"types":[],"executionMS":0.0005521774291992188} []
[2023-11-01T10:30:23.831718-03:00] log.DEBUG: SELECT * FROM `usuarios` WHERE (`usuario` = 'Nahuel') {"params":[],"types":[],"executionMS":0.0005338191986083984} []
[2023-11-01T10:38:35.011276-03:00] log.DEBUG: SELECT * FROM `usuarios` WHERE (`usuario` = 'Astor') {"params":[],"types":[],"executionMS":0.0010209083557128906} []
[2023-11-01T10:38:35.012665-03:00] log.DEBUG: SELECT * FROM `usuarios` WHERE (`usuario` = 'Astor') AND (`activo` = 1) {"params":[],"types":[],"executionMS":0.0006999969482421875} []
[2023-11-01T10:38:35.013742-03:00] log.DEBUG: SELECT * FROM `usuarios` WHERE (`usuario` = 'Astor') {"params":[],"types":[],"executionMS":0.0006899833679199219} []
[2023-11-01T10:38:35.014868-03:00] log.DEBUG: UPDATE `usuarios` SET `perfil` = ? WHERE (`usuario` = 'Astor') {"params":{"1":"a:10:{s:15:\"LoginRetryCount\";i:0;s:20:\"LastBadLoginDateTime\";s:19:\"2023/09/11 10:12:42\";s:23:\"LastPasswordChangedDate\";s:10:\"2023/09/11\";s:6:\"codnum\";i:58;s:7:\"usuario\";s:7:\"carlaAM\";s:6:\"nombre\";s:14:\"Carla Coniglio\";s:5:\"nivel\";i:0;s:5:\"email\";s:0:\"\";s:6:\"perfil\";s:0:\"\";s:6:\"activo\";i:1;}"},"types":{"1":2},"executionMS":0.0007181167602539062} []
[2023-11-01T10:38:35.015778-03:00] log.DEBUG: SELECT * FROM `usuarios` WHERE (`usuario` = 'Astor') {"params":[],"types":[],"executionMS":0.0005769729614257812} []
[2023-11-01T10:38:35.017243-03:00] log.DEBUG: SELECT * FROM `usuarios` WHERE (`usuario` = 'Astor') {"params":[],"types":[],"executionMS":0.0006711483001708984} []
[2023-11-01T10:38:56.311215-03:00] log.DEBUG: SELECT COUNT(*) FROM `tipcomp` {"params":[],"types":[],"executionMS":0.0016050338745117188} []
[2023-11-01T10:38:56.312435-03:00] log.DEBUG: SELECT * FROM `tipcomp` LIMIT 20 {"params":[],"types":[],"executionMS":0.0006940364837646484} []
[2023-11-01T10:39:04.778730-03:00] log.DEBUG: SELECT COUNT(*) FROM `concafact` {"params":[],"types":[],"executionMS":0.0013599395751953125} []
[2023-11-01T10:39:04.779860-03:00] log.DEBUG: SELECT * FROM `concafact` LIMIT 20 {"params":[],"types":[],"executionMS":0.0006539821624755859} []
[2023-11-01T10:39:27.951103-03:00] log.DEBUG: SELECT COUNT(*) FROM `concafact` {"params":[],"types":[],"executionMS":0.0033380985260009766} []
[2023-11-01T10:39:27.953579-03:00] log.DEBUG: SELECT * FROM `concafact` LIMIT 20 {"params":[],"types":[],"executionMS":0.0018532276153564453} []
[2023-11-01T10:39:30.935384-03:00] log.DEBUG: SELECT COUNT(*) FROM `concafact` {"params":[],"types":[],"executionMS":0.001332998275756836} []
[2023-11-01T10:39:30.936445-03:00] log.DEBUG: SELECT * FROM `concafact` LIMIT 20 OFFSET 60 {"params":[],"types":[],"executionMS":0.0006418228149414062} []
[2023-11-01T10:39:55.924965-03:00] log.DEBUG: SELECT COUNT(*) FROM `concafact` {"params":[],"types":[],"executionMS":0.0015289783477783203} []
[2023-11-01T10:39:55.926563-03:00] log.DEBUG: SELECT * FROM `concafact` LIMIT 20 OFFSET 40 {"params":[],"types":[],"executionMS":0.0009329319000244141} []
[2023-11-01T10:39:57.949380-03:00] log.DEBUG: SELECT COUNT(*) FROM `concafact` {"params":[],"types":[],"executionMS":0.0012080669403076172} []
[2023-11-01T10:39:57.950529-03:00] log.DEBUG: SELECT * FROM `concafact` LIMIT 20 OFFSET 20 {"params":[],"types":[],"executionMS":0.0007770061492919922} []
[2023-11-01T10:39:59.940399-03:00] log.DEBUG: SELECT COUNT(*) FROM `concafact` {"params":[],"types":[],"executionMS":0.001508951187133789} []
[2023-11-01T10:39:59.941800-03:00] log.DEBUG: SELECT * FROM `concafact` LIMIT 20 {"params":[],"types":[],"executionMS":0.0008630752563476562} []
[2023-11-01T10:40:08.340347-03:00] log.DEBUG: SELECT * FROM `concafact` WHERE `codnum` = 9 {"params":[],"types":[],"executionMS":0.0007660388946533203} []
[2023-11-01T10:40:27.291905-03:00] log.DEBUG: SELECT COUNT(*) FROM `concafact` {"params":[],"types":[],"executionMS":0.0011091232299804688} []
[2023-11-01T10:40:27.293211-03:00] log.DEBUG: SELECT * FROM `concafact` LIMIT 20 {"params":[],"types":[],"executionMS":0.0008819103240966797} []
[2023-11-01T10:40:35.392892-03:00] log.DEBUG: SELECT COUNT(*) FROM `concafact` {"params":[],"types":[],"executionMS":0.0013720989227294922} []
[2023-11-01T10:40:35.394083-03:00] log.DEBUG: SELECT * FROM `concafact` LIMIT 20 {"params":[],"types":[],"executionMS":0.0007779598236083984} []
[2023-11-01T10:40:37.539547-03:00] log.DEBUG: SELECT COUNT(*) FROM `concafact` {"params":[],"types":[],"executionMS":0.0014719963073730469} []
[2023-11-01T10:40:37.540856-03:00] log.DEBUG: SELECT * FROM `concafact` LIMIT 20 OFFSET 60 {"params":[],"types":[],"executionMS":0.0009300708770751953} []
[2023-11-01T10:41:19.678760-03:00] log.DEBUG: SELECT * FROM `usuarios` WHERE (`email` = 'sperez@grupoadrianmercado.com') {"params":[],"types":[],"executionMS":0.0009789466857910156} []
[2023-11-01T10:41:41.374993-03:00] log.DEBUG: INSERT INTO `concafact` (`nroconc`, `descrip`, `porcentaje`, `importe`, `usuario`, `fechahora`, `activo`, `tipoiva`, `impuesto`, `tieneresol`, `ctacbleBAS`) VALUES(?, ?, ?, ?, ?, ?, ?, ?, ?, ?, ?) {"params":{"1":98,"2":"Servicios Profesionales","3":null,"4":null,"5":null,"6":"2023-11-01","7":1,"8":null,"9":null,"10":1,"11":"4.2.3.01.000"},"types":{"1":1,"2":2,"3":2,"4":2,"5":1,"6":2,"7":1,"8":1,"9":1,"10":1,"11":2},"executionMS":0.008719921112060547} []
[2023-11-01T10:41:41.588311-03:00] log.DEBUG: SELECT COUNT(*) FROM `concafact` {"params":[],"types":[],"executionMS":0.0010349750518798828} []
[2023-11-01T10:41:41.589319-03:00] log.DEBUG: SELECT * FROM `concafact` LIMIT 20 OFFSET 60 {"params":[],"types":[],"executionMS":0.0006008148193359375} []
[2023-11-01T10:41:47.066213-03:00] log.DEBUG: SELECT * FROM `usuarios` WHERE (`usuario` = 'Sebastian') {"params":[],"types":[],"executionMS":0.0008399486541748047} []
[2023-11-01T10:41:47.067509-03:00] log.DEBUG: SELECT * FROM `usuarios` WHERE (`usuario` = 'Sebastian') AND (`activo` = 1) {"params":[],"types":[],"executionMS":0.0006411075592041016} []
[2023-11-01T10:41:47.068481-03:00] log.DEBUG: SELECT * FROM `usuarios` WHERE (`usuario` = 'Sebastian') {"params":[],"types":[],"executionMS":0.00055694580078125} []
[2023-11-01T10:41:47.079008-03:00] log.DEBUG: UPDATE `usuarios` SET `perfil` = ? WHERE (`usuario` = 'Sebastian') {"params":{"1":"a:10:{s:15:\"LoginRetryCount\";i:1;s:20:\"LastBadLoginDateTime\";s:19:\"2023/11/01 10:41:47\";s:23:\"LastPasswordChangedDate\";s:10:\"2023/08/31\";s:6:\"codnum\";i:41;s:7:\"usuario\";s:9:\"Sebastian\";s:6:\"nombre\";s:22:\"Sebastian Carlos Perez\";s:5:\"nivel\";i:-1;s:5:\"email\";s:0:\"\";s:6:\"perfil\";s:126:\"a:3:{s:15:\"LoginRetryCount\";i:1;s:20:\"LastBadLoginDateTime\";s:19:\"2023/08/31 16:27:45\";s:23:\"LastPasswordChangedDate\";s:0:\"\";}\";s:6:\"activo\";i:1;}"},"types":{"1":2},"executionMS":0.010127067565917969} []
[2023-11-01T10:42:20.019925-03:00] log.DEBUG: SELECT * FROM `usuarios` WHERE (`email` = 'sperez@grupoadrianmercado.com') {"params":[],"types":[],"executionMS":0.0011899471282958984} []
[2023-11-01T10:47:32.128510-03:00] log.DEBUG: SELECT * FROM `usuarios` WHERE (`usuario` = 'Sebastian') {"params":[],"types":[],"executionMS":0.0008840560913085938} []
[2023-11-01T10:47:32.129951-03:00] log.DEBUG: SELECT * FROM `usuarios` WHERE (`usuario` = 'Sebastian') AND (`activo` = 1) {"params":[],"types":[],"executionMS":0.0007469654083251953} []
[2023-11-01T10:47:32.130999-03:00] log.DEBUG: SELECT * FROM `usuarios` WHERE (`usuario` = 'Sebastian') {"params":[],"types":[],"executionMS":0.0005931854248046875} []
[2023-11-01T10:47:32.144479-03:00] log.DEBUG: UPDATE `usuarios` SET `perfil` = ? WHERE (`usuario` = 'Sebastian') {"params":{"1":"a:10:{s:15:\"LoginRetryCount\";i:0;s:20:\"LastBadLoginDateTime\";s:19:\"2023/11/01 10:41:47\";s:23:\"LastPasswordChangedDate\";s:10:\"2023/08/31\";s:6:\"codnum\";i:41;s:7:\"usuario\";s:9:\"Sebastian\";s:6:\"nombre\";s:22:\"Sebastian Carlos Perez\";s:5:\"nivel\";i:-1;s:5:\"email\";s:0:\"\";s:6:\"perfil\";s:126:\"a:3:{s:15:\"LoginRetryCount\";i:1;s:20:\"LastBadLoginDateTime\";s:19:\"2023/08/31 16:27:45\";s:23:\"LastPasswordChangedDate\";s:0:\"\";}\";s:6:\"activo\";i:1;}"},"types":{"1":2},"executionMS":0.013059139251708984} []
[2023-11-01T10:47:32.145686-03:00] log.DEBUG: SELECT * FROM `usuarios` WHERE (`usuario` = 'Sebastian') {"params":[],"types":[],"executionMS":0.0007319450378417969} []
[2023-11-01T10:47:32.148917-03:00] log.DEBUG: SELECT * FROM `usuarios` WHERE (`usuario` = 'Sebastian') {"params":[],"types":[],"executionMS":0.0022881031036376953} []
[2023-11-01T10:47:55.235459-03:00] log.DEBUG: SELECT * FROM `usuarios` WHERE (`usuario` = 'Sebastian') {"params":[],"types":[],"executionMS":0.0012149810791015625} []
[2023-11-01T10:47:55.253661-03:00] log.DEBUG: UPDATE `usuarios` SET `clave` = ? WHERE (`usuario` = 'Sebastian') {"params":{"1":"pTSe#^EQ4rhv"},"types":{"1":2},"executionMS":0.017709970474243164} []
[2023-11-01T10:47:55.255043-03:00] log.DEBUG: SELECT * FROM `usuarios` WHERE (`usuario` = 'Sebastian') {"params":[],"types":[],"executionMS":0.0007700920104980469} []
[2023-11-01T10:47:55.263179-03:00] log.DEBUG: UPDATE `usuarios` SET `perfil` = ? WHERE (`usuario` = 'Sebastian') {"params":{"1":"a:10:{s:15:\"LoginRetryCount\";i:0;s:20:\"LastBadLoginDateTime\";s:19:\"2023/11/01 10:41:47\";s:23:\"LastPasswordChangedDate\";s:10:\"2023/11/01\";s:6:\"codnum\";i:41;s:7:\"usuario\";s:9:\"Sebastian\";s:6:\"nombre\";s:22:\"Sebastian Carlos Perez\";s:5:\"nivel\";i:-1;s:5:\"email\";s:0:\"\";s:6:\"perfil\";s:126:\"a:3:{s:15:\"LoginRetryCount\";i:1;s:20:\"LastBadLoginDateTime\";s:19:\"2023/08/31 16:27:45\";s:23:\"LastPasswordChangedDate\";s:0:\"\";}\";s:6:\"activo\";i:1;}"},"types":{"1":2},"executionMS":0.0076389312744140625} []
[2023-11-01T11:15:31.399895-03:00] log.DEBUG: SELECT * FROM `usuarios` WHERE (`usuario` = 'juanc') {"params":[],"types":[],"executionMS":0.0010950565338134766} []
[2023-11-01T11:15:31.401163-03:00] log.DEBUG: SELECT * FROM `usuarios` WHERE (`usuario` = 'juanc') AND (`activo` = 1) {"params":[],"types":[],"executionMS":0.0005898475646972656} []
[2023-11-01T11:15:31.402044-03:00] log.DEBUG: SELECT * FROM `usuarios` WHERE (`usuario` = 'juanc') {"params":[],"types":[],"executionMS":0.0005018711090087891} []
[2023-11-01T11:15:31.403055-03:00] log.DEBUG: UPDATE `usuarios` SET `perfil` = ? WHERE (`usuario` = 'juanc') {"params":{"1":"a:10:{s:15:\"LoginRetryCount\";i:0;s:20:\"LastBadLoginDateTime\";s:0:\"\";s:23:\"LastPasswordChangedDate\";s:10:\"2023/09/14\";s:6:\"codnum\";i:15;s:7:\"usuario\";s:5:\"juanc\";s:6:\"nombre\";s:12:\"Juan Cipolat\";s:5:\"nivel\";i:-1;s:5:\"email\";s:0:\"\";s:6:\"perfil\";s:0:\"\";s:6:\"activo\";i:1;}"},"types":{"1":2},"executionMS":0.0006198883056640625} []
[2023-11-01T11:15:31.403934-03:00] log.DEBUG: SELECT * FROM `usuarios` WHERE (`usuario` = 'juanc') {"params":[],"types":[],"executionMS":0.0005369186401367188} []
[2023-11-01T11:15:31.405332-03:00] log.DEBUG: SELECT * FROM `usuarios` WHERE (`usuario` = 'juanc') {"params":[],"types":[],"executionMS":0.0006039142608642578} []
[2023-11-01T11:23:22.361818-03:00] log.DEBUG: SELECT * FROM `usuarios` WHERE (`usuario` = 'jeremias') {"params":[],"types":[],"executionMS":0.0011680126190185547} []
[2023-11-01T11:23:22.363746-03:00] log.DEBUG: SELECT * FROM `usuarios` WHERE (`usuario` = 'jeremias') AND (`activo` = 1) {"params":[],"types":[],"executionMS":0.0008440017700195312} []
[2023-11-01T11:23:22.365067-03:00] log.DEBUG: SELECT * FROM `usuarios` WHERE (`usuario` = 'jeremias') {"params":[],"types":[],"executionMS":0.0006918907165527344} []
[2023-11-01T11:23:22.366539-03:00] log.DEBUG: UPDATE `usuarios` SET `perfil` = ? WHERE (`usuario` = 'jeremias') {"params":{"1":"a:10:{s:15:\"LoginRetryCount\";i:0;s:20:\"LastBadLoginDateTime\";s:0:\"\";s:23:\"LastPasswordChangedDate\";s:10:\"2023/09/21\";s:6:\"codnum\";i:17;s:7:\"usuario\";s:8:\"jeremias\";s:6:\"nombre\";s:20:\"Jeremías Barreñada\";s:5:\"nivel\";i:2;s:5:\"email\";s:0:\"\";s:6:\"perfil\";s:0:\"\";s:6:\"activo\";i:1;}"},"types":{"1":2},"executionMS":0.0008540153503417969} []
[2023-11-01T11:23:22.367846-03:00] log.DEBUG: SELECT * FROM `usuarios` WHERE (`usuario` = 'jeremias') {"params":[],"types":[],"executionMS":0.0007271766662597656} []
[2023-11-01T11:23:22.369582-03:00] log.DEBUG: SELECT * FROM `usuarios` WHERE (`usuario` = 'jeremias') {"params":[],"types":[],"executionMS":0.0006060600280761719} []
[2023-11-01T11:39:01.746987-03:00] log.DEBUG: SELECT * FROM `usuarios` WHERE (`usuario` = 'jeremias') {"params":[],"types":[],"executionMS":0.0013949871063232422} []
[2023-11-01T11:39:01.757344-03:00] log.DEBUG: UPDATE `usuarios` SET `clave` = ? WHERE (`usuario` = 'jeremias') {"params":{"1":"Hx7r8v7G*N#U"},"types":{"1":2},"executionMS":0.009800910949707031} []
[2023-11-01T11:39:01.758670-03:00] log.DEBUG: SELECT * FROM `usuarios` WHERE (`usuario` = 'jeremias') {"params":[],"types":[],"executionMS":0.0008120536804199219} []
[2023-11-01T11:39:01.768140-03:00] log.DEBUG: UPDATE `usuarios` SET `perfil` = ? WHERE (`usuario` = 'jeremias') {"params":{"1":"a:10:{s:15:\"LoginRetryCount\";i:0;s:20:\"LastBadLoginDateTime\";s:0:\"\";s:23:\"LastPasswordChangedDate\";s:10:\"2023/11/01\";s:6:\"codnum\";i:17;s:7:\"usuario\";s:8:\"jeremias\";s:6:\"nombre\";s:20:\"Jeremías Barreñada\";s:5:\"nivel\";i:2;s:5:\"email\";s:0:\"\";s:6:\"perfil\";s:0:\"\";s:6:\"activo\";i:1;}"},"types":{"1":2},"executionMS":0.008910894393920898} []
[2023-11-01T11:40:04.288913-03:00] log.DEBUG: SELECT * FROM `usuarios` WHERE (`usuario` = 'alejandra') {"params":[],"types":[],"executionMS":0.0007729530334472656} []
[2023-11-01T11:40:04.290553-03:00] log.DEBUG: SELECT * FROM `usuarios` WHERE (`usuario` = 'alejandra') AND (`activo` = 1) {"params":[],"types":[],"executionMS":0.0009770393371582031} []
[2023-11-01T11:40:04.291727-03:00] log.DEBUG: SELECT * FROM `usuarios` WHERE (`usuario` = 'alejandra') {"params":[],"types":[],"executionMS":0.0007300376892089844} []
[2023-11-01T11:40:04.292801-03:00] log.DEBUG: UPDATE `usuarios` SET `perfil` = ? WHERE (`usuario` = 'alejandra') {"params":{"1":"a:10:{s:15:\"LoginRetryCount\";i:0;s:20:\"LastBadLoginDateTime\";s:0:\"\";s:23:\"LastPasswordChangedDate\";s:10:\"2023/10/09\";s:6:\"codnum\";i:33;s:7:\"usuario\";s:9:\"alejandra\";s:6:\"nombre\";s:16:\"Alejandra De Col\";s:5:\"nivel\";i:2;s:5:\"email\";s:0:\"\";s:6:\"perfil\";s:0:\"\";s:6:\"activo\";i:1;}"},"types":{"1":2},"executionMS":0.0006589889526367188} []
[2023-11-01T11:40:04.293696-03:00] log.DEBUG: SELECT * FROM `usuarios` WHERE (`usuario` = 'alejandra') {"params":[],"types":[],"executionMS":0.0005199909210205078} []
[2023-11-01T11:40:04.296435-03:00] log.DEBUG: SELECT * FROM `usuarios` WHERE (`usuario` = 'alejandra') {"params":[],"types":[],"executionMS":0.0019080638885498047} []
[2023-11-01T11:40:09.667498-03:00] log.DEBUG: SELECT COUNT(*) FROM `remates` {"params":[],"types":[],"executionMS":0.0013930797576904297} []
[2023-11-01T11:40:09.671085-03:00] log.DEBUG: SELECT COUNT(*) FROM `paises` {"params":[],"types":[],"executionMS":0.002727031707763672} []
[2023-11-01T11:40:09.672069-03:00] log.DEBUG: SELECT `codnum` AS `lf`, `descripcion` AS `df`, '' AS `df2`, '' AS `df3`, '' AS `df4` FROM `paises` ORDER BY `descripcion` ASC {"params":[],"types":[],"executionMS":0.0008368492126464844} []
[2023-11-01T11:40:09.673704-03:00] log.DEBUG: SELECT COUNT(*) FROM `provincias` {"params":[],"types":[],"executionMS":0.000823974609375} []
[2023-11-01T11:40:09.674556-03:00] log.DEBUG: SELECT `codnum` AS `lf`, `descripcion` AS `df`, '' AS `df2`, '' AS `df3`, '' AS `df4`, `codpais` AS `ff` FROM `provincias` ORDER BY `descripcion` ASC {"params":[],"types":[],"executionMS":0.0007297992706298828} []
[2023-11-01T11:40:09.676891-03:00] log.DEBUG: SELECT COUNT(*) FROM `localidades` {"params":[],"types":[],"executionMS":0.0011489391326904297} []
[2023-11-01T11:40:09.679833-03:00] log.DEBUG: SELECT COUNT(*) FROM `dir_remates` {"params":[],"types":[],"executionMS":0.0008261203765869141} []
[2023-11-01T11:40:09.680693-03:00] log.DEBUG: SELECT * FROM `dir_remates` LIMIT 20 {"params":[],"types":[],"executionMS":0.0005869865417480469} []
[2023-11-01T11:40:09.683327-03:00] log.DEBUG: SELECT `ncomp` AS `lf`, `ncomp` AS `df`, `observacion` AS `df2`, '' AS `df3`, '' AS `df4` FROM `remates` WHERE `ncomp` = 5 ORDER BY `ncomp` DESC {"params":[],"types":[],"executionMS":0.0011169910430908203} []
[2023-11-01T11:40:09.684702-03:00] log.DEBUG: SELECT `codnum` AS `lf`, `descripcion` AS `df`, '' AS `df2`, '' AS `df3`, '' AS `df4` FROM `localidades` WHERE `codnum` = 15 ORDER BY `descripcion` ASC {"params":[],"types":[],"executionMS":0.0010449886322021484} []
[2023-11-01T11:40:09.685822-03:00] log.DEBUG: SELECT `ncomp` AS `lf`, `ncomp` AS `df`, `observacion` AS `df2`, '' AS `df3`, '' AS `df4` FROM `remates` WHERE `ncomp` = 70 ORDER BY `ncomp` DESC {"params":[],"types":[],"executionMS":0.0005600452423095703} []
[2023-11-01T11:40:09.686576-03:00] log.DEBUG: SELECT `codnum` AS `lf`, `descripcion` AS `df`, '' AS `df2`, '' AS `df3`, '' AS `df4` FROM `localidades` WHERE `codnum` = 959 ORDER BY `descripcion` ASC {"params":[],"types":[],"executionMS":0.00049591064453125} []
[2023-11-01T11:40:09.687787-03:00] log.DEBUG: SELECT `ncomp` AS `lf`, `ncomp` AS `df`, `observacion` AS `df2`, '' AS `df3`, '' AS `df4` FROM `remates` WHERE `ncomp` = 70 ORDER BY `ncomp` DESC {"params":[],"types":[],"executionMS":0.0007228851318359375} []
[2023-11-01T11:40:09.688572-03:00] log.DEBUG: SELECT `codnum` AS `lf`, `descripcion` AS `df`, '' AS `df2`, '' AS `df3`, '' AS `df4` FROM `localidades` WHERE `codnum` = 2283 ORDER BY `descripcion` ASC {"params":[],"types":[],"executionMS":0.0005390644073486328} []
[2023-11-01T11:40:09.689612-03:00] log.DEBUG: SELECT `ncomp` AS `lf`, `ncomp` AS `df`, `observacion` AS `df2`, '' AS `df3`, '' AS `df4` FROM `remates` WHERE `ncomp` = 56 ORDER BY `ncomp` DESC {"params":[],"types":[],"executionMS":0.0005741119384765625} []
[2023-11-01T11:40:09.690304-03:00] log.DEBUG: SELECT `codnum` AS `lf`, `descripcion` AS `df`, '' AS `df2`, '' AS `df3`, '' AS `df4` FROM `localidades` WHERE `codnum` = 444 ORDER BY `descripcion` ASC {"params":[],"types":[],"executionMS":0.0004520416259765625} []
[2023-11-01T11:40:09.691291-03:00] log.DEBUG: SELECT `ncomp` AS `lf`, `ncomp` AS `df`, `observacion` AS `df2`, '' AS `df3`, '' AS `df4` FROM `remates` WHERE `ncomp` = 4 ORDER BY `ncomp` DESC {"params":[],"types":[],"executionMS":0.00048804283142089844} []
[2023-11-01T11:40:09.691966-03:00] log.DEBUG: SELECT `codnum` AS `lf`, `descripcion` AS `df`, '' AS `df2`, '' AS `df3`, '' AS `df4` FROM `localidades` WHERE `codnum` = 9 ORDER BY `descripcion` ASC {"params":[],"types":[],"executionMS":0.0004220008850097656} []
[2023-11-01T11:40:09.692991-03:00] log.DEBUG: SELECT `ncomp` AS `lf`, `ncomp` AS `df`, `observacion` AS `df2`, '' AS `df3`, '' AS `df4` FROM `remates` WHERE `ncomp` = 4 ORDER BY `ncomp` DESC {"params":[],"types":[],"executionMS":0.0005619525909423828} []
[2023-11-01T11:40:09.699171-03:00] log.DEBUG: SELECT `codnum` AS `lf`, `descripcion` AS `df`, '' AS `df2`, '' AS `df3`, '' AS `df4` FROM `localidades` WHERE `codnum` = 11 ORDER BY `descripcion` ASC {"params":[],"types":[],"executionMS":0.005927085876464844} []
[2023-11-01T11:40:09.700855-03:00] log.DEBUG: SELECT `ncomp` AS `lf`, `ncomp` AS `df`, `observacion` AS `df2`, '' AS `df3`, '' AS `df4` FROM `remates` WHERE `ncomp` = 4 ORDER BY `ncomp` DESC {"params":[],"types":[],"executionMS":0.0011439323425292969} []
[2023-11-01T11:40:09.701620-03:00] log.DEBUG: SELECT `codnum` AS `lf`, `descripcion` AS `df`, '' AS `df2`, '' AS `df3`, '' AS `df4` FROM `localidades` WHERE `codnum` = 119 ORDER BY `descripcion` ASC {"params":[],"types":[],"executionMS":0.0005340576171875} []
[2023-11-01T11:40:09.702817-03:00] log.DEBUG: SELECT `ncomp` AS `lf`, `ncomp` AS `df`, `observacion` AS `df2`, '' AS `df3`, '' AS `df4` FROM `remates` WHERE `ncomp` = 4 ORDER BY `ncomp` DESC {"params":[],"types":[],"executionMS":0.0007338523864746094} []
[2023-11-01T11:40:09.703690-03:00] log.DEBUG: SELECT `codnum` AS `lf`, `descripcion` AS `df`, '' AS `df2`, '' AS `df3`, '' AS `df4` FROM `localidades` WHERE `codnum` = 60 ORDER BY `descripcion` ASC {"params":[],"types":[],"executionMS":0.0006167888641357422} []
[2023-11-01T11:40:09.705142-03:00] log.DEBUG: SELECT `ncomp` AS `lf`, `ncomp` AS `df`, `observacion` AS `df2`, '' AS `df3`, '' AS `df4` FROM `remates` WHERE `ncomp` = 6 ORDER BY `ncomp` DESC {"params":[],"types":[],"executionMS":0.0006320476531982422} []
[2023-11-01T11:40:09.705969-03:00] log.DEBUG: SELECT `codnum` AS `lf`, `descripcion` AS `df`, '' AS `df2`, '' AS `df3`, '' AS `df4` FROM `localidades` WHERE `codnum` = 16 ORDER BY `descripcion` ASC {"params":[],"types":[],"executionMS":0.0005788803100585938} []
[2023-11-01T11:40:09.707120-03:00] log.DEBUG: SELECT `ncomp` AS `lf`, `ncomp` AS `df`, `observacion` AS `df2`, '' AS `df3`, '' AS `df4` FROM `remates` WHERE `ncomp` = 63 ORDER BY `ncomp` DESC {"params":[],"types":[],"executionMS":0.0006489753723144531} []
[2023-11-01T11:40:09.707880-03:00] log.DEBUG: SELECT `codnum` AS `lf`, `descripcion` AS `df`, '' AS `df2`, '' AS `df3`, '' AS `df4` FROM `localidades` WHERE `codnum` = 9 ORDER BY `descripcion` ASC {"params":[],"types":[],"executionMS":0.0005078315734863281} []
[2023-11-01T11:40:09.709045-03:00] log.DEBUG: SELECT `ncomp` AS `lf`, `ncomp` AS `df`, `observacion` AS `df2`, '' AS `df3`, '' AS `df4` FROM `remates` WHERE `ncomp` = 7 ORDER BY `ncomp` DESC {"params":[],"types":[],"executionMS":0.0006959438323974609} []
[2023-11-01T11:40:09.709802-03:00] log.DEBUG: SELECT `codnum` AS `lf`, `descripcion` AS `df`, '' AS `df2`, '' AS `df3`, '' AS `df4` FROM `localidades` WHERE `codnum` = 139 ORDER BY `descripcion` ASC {"params":[],"types":[],"executionMS":0.0005130767822265625} []
[2023-11-01T11:40:09.710897-03:00] log.DEBUG: SELECT `ncomp` AS `lf`, `ncomp` AS `df`, `observacion` AS `df2`, '' AS `df3`, '' AS `df4` FROM `remates` WHERE `ncomp` = 10 ORDER BY `ncomp` DESC {"params":[],"types":[],"executionMS":0.0006058216094970703} []
[2023-11-01T11:40:09.711603-03:00] log.DEBUG: SELECT `codnum` AS `lf`, `descripcion` AS `df`, '' AS `df2`, '' AS `df3`, '' AS `df4` FROM `localidades` WHERE `codnum` = 444 ORDER BY `descripcion` ASC {"params":[],"types":[],"executionMS":0.0004601478576660156} []
[2023-11-01T11:40:09.712775-03:00] log.DEBUG: SELECT `ncomp` AS `lf`, `ncomp` AS `df`, `observacion` AS `df2`, '' AS `df3`, '' AS `df4` FROM `remates` WHERE `ncomp` = 11 ORDER BY `ncomp` DESC {"params":[],"types":[],"executionMS":0.0007088184356689453} []
[2023-11-01T11:40:09.713507-03:00] log.DEBUG: SELECT `codnum` AS `lf`, `descripcion` AS `df`, '' AS `df2`, '' AS `df3`, '' AS `df4` FROM `localidades` WHERE `codnum` = 413 ORDER BY `descripcion` ASC {"params":[],"types":[],"executionMS":0.000492095947265625} []
[2023-11-01T11:40:09.714593-03:00] log.DEBUG: SELECT `ncomp` AS `lf`, `ncomp` AS `df`, `observacion` AS `df2`, '' AS `df3`, '' AS `df4` FROM `remates` WHERE `ncomp` = 12 ORDER BY `ncomp` DESC {"params":[],"types":[],"executionMS":0.0006182193756103516} []
[2023-11-01T11:40:09.715386-03:00] log.DEBUG: SELECT `codnum` AS `lf`, `descripcion` AS `df`, '' AS `df2`, '' AS `df3`, '' AS `df4` FROM `localidades` WHERE `codnum` = 26 ORDER BY `descripcion` ASC {"params":[],"types":[],"executionMS":0.000553131103515625} []
[2023-11-01T11:40:09.716529-03:00] log.DEBUG: SELECT `ncomp` AS `lf`, `ncomp` AS `df`, `observacion` AS `df2`, '' AS `df3`, '' AS `df4` FROM `remates` WHERE `ncomp` = 13 ORDER BY `ncomp` DESC {"params":[],"types":[],"executionMS":0.0006639957427978516} []
[2023-11-01T11:40:09.717256-03:00] log.DEBUG: SELECT `codnum` AS `lf`, `descripcion` AS `df`, '' AS `df2`, '' AS `df3`, '' AS `df4` FROM `localidades` WHERE `codnum` = 444 ORDER BY `descripcion` ASC {"params":[],"types":[],"executionMS":0.0004839897155761719} []
[2023-11-01T11:40:09.718555-03:00] log.DEBUG: SELECT `ncomp` AS `lf`, `ncomp` AS `df`, `observacion` AS `df2`, '' AS `df3`, '' AS `df4` FROM `remates` WHERE `ncomp` = 14 ORDER BY `ncomp` DESC {"params":[],"types":[],"executionMS":0.0008268356323242188} []
[2023-11-01T11:40:09.719431-03:00] log.DEBUG: SELECT `codnum` AS `lf`, `descripcion` AS `df`, '' AS `df2`, '' AS `df3`, '' AS `df4` FROM `localidades` WHERE `codnum` = 13 ORDER BY `descripcion` ASC {"params":[],"types":[],"executionMS":0.0005960464477539062} []
[2023-11-01T11:40:09.721026-03:00] log.DEBUG: SELECT `ncomp` AS `lf`, `ncomp` AS `df`, `observacion` AS `df2`, '' AS `df3`, '' AS `df4` FROM `remates` WHERE `ncomp` = 17 ORDER BY `ncomp` DESC {"params":[],"types":[],"executionMS":0.00061798095703125} []
[2023-11-01T11:40:09.722945-03:00] log.DEBUG: SELECT `codnum` AS `lf`, `descripcion` AS `df`, '' AS `df2`, '' AS `df3`, '' AS `df4` FROM `localidades` WHERE `codnum` = 2321 ORDER BY `descripcion` ASC {"params":[],"types":[],"executionMS":0.0008490085601806641} []
[2023-11-01T11:40:09.724107-03:00] log.DEBUG: SELECT `ncomp` AS `lf`, `ncomp` AS `df`, `observacion` AS `df2`, '' AS `df3`, '' AS `df4` FROM `remates` WHERE `ncomp` = 18 ORDER BY `ncomp` DESC {"params":[],"types":[],"executionMS":0.0006289482116699219} []
[2023-11-01T11:40:09.724838-03:00] log.DEBUG: SELECT `codnum` AS `lf`, `descripcion` AS `df`, '' AS `df2`, '' AS `df3`, '' AS `df4` FROM `localidades` WHERE `codnum` = 404 ORDER BY `descripcion` ASC {"params":[],"types":[],"executionMS":0.0004508495330810547} []
[2023-11-01T11:40:09.726271-03:00] log.DEBUG: SELECT `ncomp` AS `lf`, `ncomp` AS `df`, `observacion` AS `df2`, '' AS `df3`, '' AS `df4` FROM `remates` WHERE `ncomp` = 20 ORDER BY `ncomp` DESC {"params":[],"types":[],"executionMS":0.0009179115295410156} []
[2023-11-01T11:40:09.727016-03:00] log.DEBUG: SELECT `codnum` AS `lf`, `descripcion` AS `df`, '' AS `df2`, '' AS `df3`, '' AS `df4` FROM `localidades` WHERE `codnum` = 374 ORDER BY `descripcion` ASC {"params":[],"types":[],"executionMS":0.0004630088806152344} []
[2023-11-01T11:40:09.728105-03:00] log.DEBUG: SELECT `ncomp` AS `lf`, `ncomp` AS `df`, `observacion` AS `df2`, '' AS `df3`, '' AS `df4` FROM `remates` WHERE `ncomp` = 21 ORDER BY `ncomp` DESC {"params":[],"types":[],"executionMS":0.000576019287109375} []
[2023-11-01T11:40:09.728867-03:00] log.DEBUG: SELECT `codnum` AS `lf`, `descripcion` AS `df`, '' AS `df2`, '' AS `df3`, '' AS `df4` FROM `localidades` WHERE `codnum` = 326 ORDER BY `descripcion` ASC {"params":[],"types":[],"executionMS":0.0004818439483642578} []
[2023-11-01T11:40:40.630822-03:00] log.DEBUG: SELECT `ncomp` AS `lf`, `ncomp` AS `df`, `observacion` AS `df2`, '' AS `df3`, '' AS `df4` FROM `remates` ORDER BY `ncomp` DESC {"params":[],"types":[],"executionMS":0.0011610984802246094} []
[2023-11-01T11:40:40.666251-03:00] log.DEBUG: SELECT `codnum` AS `lf`, `descripcion` AS `df`, '' AS `df2`, '' AS `df3`, '' AS `df4` FROM `provincias` WHERE 1=0 ORDER BY `descripcion` ASC {"params":[],"types":[],"executionMS":0.0005991458892822266} []
[2023-11-01T11:40:40.993425-03:00] log.DEBUG: SELECT `codnum` AS `lf`, `descripcion` AS `df`, '' AS `df2`, '' AS `df3`, '' AS `df4` FROM `paises` ORDER BY `descripcion` ASC {"params":[],"types":[],"executionMS":0.0008029937744140625} []
[2023-11-01T11:40:41.014136-03:00] log.DEBUG: SELECT `codnum` AS `lf`, `descripcion` AS `df`, '' AS `df2`, '' AS `df3`, '' AS `df4` FROM `localidades` WHERE 1=0 ORDER BY `descripcion` ASC {"params":[],"types":[],"executionMS":0.0005269050598144531} []
[2023-11-01T11:40:51.233110-03:00] log.DEBUG: SELECT `codnum` AS `lf`, `descripcion` AS `df`, '' AS `df2`, '' AS `df3`, '' AS `df4` FROM `provincias` WHERE `codpais` IN (1) ORDER BY `descripcion` ASC {"params":[],"types":[],"executionMS":0.0008649826049804688} []
[2023-11-01T11:40:51.372858-03:00] log.DEBUG: SELECT `codnum` AS `lf`, `descripcion` AS `df`, '' AS `df2`, '' AS `df3`, '' AS `df4` FROM `localidades` WHERE 1=0 ORDER BY `descripcion` ASC {"params":[],"types":[],"executionMS":0.0008869171142578125} []
[2023-11-01T11:41:04.219234-03:00] log.DEBUG: SELECT `codnum` AS `lf`, `descripcion` AS `df`, '' AS `df2`, '' AS `df3`, '' AS `df4` FROM `localidades` WHERE `codprov` IN (3) ORDER BY `descripcion` ASC {"params":[],"types":[],"executionMS":0.001889944076538086} []
[2023-11-01T11:41:11.642669-03:00] log.DEBUG: INSERT INTO `dir_remates` (`codrem`, `secuencia`, `direccion`, `codpais`, `codprov`, `codloc`, `usuarioalta`, `fechaalta`, `usuariomod`, `fechaultmod`) VALUES(?, ?, ?, ?, ?, ?, ?, ?, ?, ?) {"params":{"1":162,"2":1,"3":"Padre Luis Kreder 3129","4":1,"5":3,"6":276,"7":null,"8":"2023-11-01 11:41:11","9":null,"10":"2023-11-01 11:41:11"},"types":{"1":1,"2":1,"3":2,"4":1,"5":1,"6":1,"7":1,"8":2,"9":1,"10":2},"executionMS":0.01332998275756836} []
[2023-11-01T11:41:11.836792-03:00] log.DEBUG: SELECT COUNT(*) FROM `remates` {"params":[],"types":[],"executionMS":0.0012769699096679688} []
[2023-11-01T11:41:11.838298-03:00] log.DEBUG: SELECT COUNT(*) FROM `paises` {"params":[],"types":[],"executionMS":0.0010001659393310547} []
[2023-11-01T11:41:11.839024-03:00] log.DEBUG: SELECT `codnum` AS `lf`, `descripcion` AS `df`, '' AS `df2`, '' AS `df3`, '' AS `df4` FROM `paises` ORDER BY `descripcion` ASC {"params":[],"types":[],"executionMS":0.0006229877471923828} []
[2023-11-01T11:41:11.840660-03:00] log.DEBUG: SELECT COUNT(*) FROM `provincias` {"params":[],"types":[],"executionMS":0.0010221004486083984} []
[2023-11-01T11:41:11.841300-03:00] log.DEBUG: SELECT `codnum` AS `lf`, `descripcion` AS `df`, '' AS `df2`, '' AS `df3`, '' AS `df4`, `codpais` AS `ff` FROM `provincias` ORDER BY `descripcion` ASC {"params":[],"types":[],"executionMS":0.0005488395690917969} []
[2023-11-01T11:41:11.842959-03:00] log.DEBUG: SELECT COUNT(*) FROM `localidades` {"params":[],"types":[],"executionMS":0.0009591579437255859} []
[2023-11-01T11:41:11.846256-03:00] log.DEBUG: SELECT COUNT(*) FROM `dir_remates` {"params":[],"types":[],"executionMS":0.0014770030975341797} []
[2023-11-01T11:41:11.847109-03:00] log.DEBUG: SELECT * FROM `dir_remates` LIMIT 20 {"params":[],"types":[],"executionMS":0.0005638599395751953} []
[2023-11-01T11:41:11.849475-03:00] log.DEBUG: SELECT `ncomp` AS `lf`, `ncomp` AS `df`, `observacion` AS `df2`, '' AS `df3`, '' AS `df4` FROM `remates` WHERE `ncomp` = 5 ORDER BY `ncomp` DESC {"params":[],"types":[],"executionMS":0.0009050369262695312} []
[2023-11-01T11:41:11.850364-03:00] log.DEBUG: SELECT `codnum` AS `lf`, `descripcion` AS `df`, '' AS `df2`, '' AS `df3`, '' AS `df4` FROM `localidades` WHERE `codnum` = 15 ORDER BY `descripcion` ASC {"params":[],"types":[],"executionMS":0.0005040168762207031} []
[2023-11-01T11:41:11.851600-03:00] log.DEBUG: SELECT `ncomp` AS `lf`, `ncomp` AS `df`, `observacion` AS `df2`, '' AS `df3`, '' AS `df4` FROM `remates` WHERE `ncomp` = 70 ORDER BY `ncomp` DESC {"params":[],"types":[],"executionMS":0.0006561279296875} []
[2023-11-01T11:41:11.852371-03:00] log.DEBUG: SELECT `codnum` AS `lf`, `descripcion` AS `df`, '' AS `df2`, '' AS `df3`, '' AS `df4` FROM `localidades` WHERE `codnum` = 959 ORDER BY `descripcion` ASC {"params":[],"types":[],"executionMS":0.00048613548278808594} []
[2023-11-01T11:41:11.853455-03:00] log.DEBUG: SELECT `ncomp` AS `lf`, `ncomp` AS `df`, `observacion` AS `df2`, '' AS `df3`, '' AS `df4` FROM `remates` WHERE `ncomp` = 70 ORDER BY `ncomp` DESC {"params":[],"types":[],"executionMS":0.0005588531494140625} []
[2023-11-01T11:41:11.854194-03:00] log.DEBUG: SELECT `codnum` AS `lf`, `descripcion` AS `df`, '' AS `df2`, '' AS `df3`, '' AS `df4` FROM `localidades` WHERE `codnum` = 2283 ORDER BY `descripcion` ASC {"params":[],"types":[],"executionMS":0.0004661083221435547} []
[2023-11-01T11:41:11.855654-03:00] log.DEBUG: SELECT `ncomp` AS `lf`, `ncomp` AS `df`, `observacion` AS `df2`, '' AS `df3`, '' AS `df4` FROM `remates` WHERE `ncomp` = 56 ORDER BY `ncomp` DESC {"params":[],"types":[],"executionMS":0.0009348392486572266} []
[2023-11-01T11:41:11.856370-03:00] log.DEBUG: SELECT `codnum` AS `lf`, `descripcion` AS `df`, '' AS `df2`, '' AS `df3`, '' AS `df4` FROM `localidades` WHERE `codnum` = 444 ORDER BY `descripcion` ASC {"params":[],"types":[],"executionMS":0.0004360675811767578} []
[2023-11-01T11:41:11.857476-03:00] log.DEBUG: SELECT `ncomp` AS `lf`, `ncomp` AS `df`, `observacion` AS `df2`, '' AS `df3`, '' AS `df4` FROM `remates` WHERE `ncomp` = 4 ORDER BY `ncomp` DESC {"params":[],"types":[],"executionMS":0.0006008148193359375} []
[2023-11-01T11:41:11.858229-03:00] log.DEBUG: SELECT `codnum` AS `lf`, `descripcion` AS `df`, '' AS `df2`, '' AS `df3`, '' AS `df4` FROM `localidades` WHERE `codnum` = 9 ORDER BY `descripcion` ASC {"params":[],"types":[],"executionMS":0.0004730224609375} []
[2023-11-01T11:41:11.859312-03:00] log.DEBUG: SELECT `ncomp` AS `lf`, `ncomp` AS `df`, `observacion` AS `df2`, '' AS `df3`, '' AS `df4` FROM `remates` WHERE `ncomp` = 4 ORDER BY `ncomp` DESC {"params":[],"types":[],"executionMS":0.0005729198455810547} []
[2023-11-01T11:41:11.860317-03:00] log.DEBUG: SELECT `codnum` AS `lf`, `descripcion` AS `df`, '' AS `df2`, '' AS `df3`, '' AS `df4` FROM `localidades` WHERE `codnum` = 11 ORDER BY `descripcion` ASC {"params":[],"types":[],"executionMS":0.0005030632019042969} []
[2023-11-01T11:41:11.861432-03:00] log.DEBUG: SELECT `ncomp` AS `lf`, `ncomp` AS `df`, `observacion` AS `df2`, '' AS `df3`, '' AS `df4` FROM `remates` WHERE `ncomp` = 4 ORDER BY `ncomp` DESC {"params":[],"types":[],"executionMS":0.000576019287109375} []
[2023-11-01T11:41:11.862310-03:00] log.DEBUG: SELECT `codnum` AS `lf`, `descripcion` AS `df`, '' AS `df2`, '' AS `df3`, '' AS `df4` FROM `localidades` WHERE `codnum` = 119 ORDER BY `descripcion` ASC {"params":[],"types":[],"executionMS":0.0006020069122314453} []
[2023-11-01T11:41:11.863356-03:00] log.DEBUG: SELECT `ncomp` AS `lf`, `ncomp` AS `df`, `observacion` AS `df2`, '' AS `df3`, '' AS `df4` FROM `remates` WHERE `ncomp` = 4 ORDER BY `ncomp` DESC {"params":[],"types":[],"executionMS":0.0005350112915039062} []
[2023-11-01T11:41:11.864042-03:00] log.DEBUG: SELECT `codnum` AS `lf`, `descripcion` AS `df`, '' AS `df2`, '' AS `df3`, '' AS `df4` FROM `localidades` WHERE `codnum` = 60 ORDER BY `descripcion` ASC {"params":[],"types":[],"executionMS":0.0004107952117919922} []
[2023-11-01T11:41:11.865074-03:00] log.DEBUG: SELECT `ncomp` AS `lf`, `ncomp` AS `df`, `observacion` AS `df2`, '' AS `df3`, '' AS `df4` FROM `remates` WHERE `ncomp` = 6 ORDER BY `ncomp` DESC {"params":[],"types":[],"executionMS":0.0005319118499755859} []
[2023-11-01T11:41:11.865779-03:00] log.DEBUG: SELECT `codnum` AS `lf`, `descripcion` AS `df`, '' AS `df2`, '' AS `df3`, '' AS `df4` FROM `localidades` WHERE `codnum` = 16 ORDER BY `descripcion` ASC {"params":[],"types":[],"executionMS":0.000431060791015625} []
[2023-11-01T11:41:11.867069-03:00] log.DEBUG: SELECT `ncomp` AS `lf`, `ncomp` AS `df`, `observacion` AS `df2`, '' AS `df3`, '' AS `df4` FROM `remates` WHERE `ncomp` = 63 ORDER BY `ncomp` DESC {"params":[],"types":[],"executionMS":0.0007448196411132812} []
[2023-11-01T11:41:11.868064-03:00] log.DEBUG: SELECT `codnum` AS `lf`, `descripcion` AS `df`, '' AS `df2`, '' AS `df3`, '' AS `df4` FROM `localidades` WHERE `codnum` = 9 ORDER BY `descripcion` ASC {"params":[],"types":[],"executionMS":0.0007081031799316406} []
[2023-11-01T11:41:11.869123-03:00] log.DEBUG: SELECT `ncomp` AS `lf`, `ncomp` AS `df`, `observacion` AS `df2`, '' AS `df3`, '' AS `df4` FROM `remates` WHERE `ncomp` = 7 ORDER BY `ncomp` DESC {"params":[],"types":[],"executionMS":0.0005521774291992188} []
[2023-11-01T11:41:11.869965-03:00] log.DEBUG: SELECT `codnum` AS `lf`, `descripcion` AS `df`, '' AS `df2`, '' AS `df3`, '' AS `df4` FROM `localidades` WHERE `codnum` = 139 ORDER BY `descripcion` ASC {"params":[],"types":[],"executionMS":0.0005629062652587891} []
[2023-11-01T11:41:11.871204-03:00] log.DEBUG: SELECT `ncomp` AS `lf`, `ncomp` AS `df`, `observacion` AS `df2`, '' AS `df3`, '' AS `df4` FROM `remates` WHERE `ncomp` = 10 ORDER BY `ncomp` DESC {"params":[],"types":[],"executionMS":0.0006971359252929688} []
[2023-11-01T11:41:11.871954-03:00] log.DEBUG: SELECT `codnum` AS `lf`, `descripcion` AS `df`, '' AS `df2`, '' AS `df3`, '' AS `df4` FROM `localidades` WHERE `codnum` = 444 ORDER BY `descripcion` ASC {"params":[],"types":[],"executionMS":0.00047397613525390625} []
[2023-11-01T11:41:11.873093-03:00] log.DEBUG: SELECT `ncomp` AS `lf`, `ncomp` AS `df`, `observacion` AS `df2`, '' AS `df3`, '' AS `df4` FROM `remates` WHERE `ncomp` = 11 ORDER BY `ncomp` DESC {"params":[],"types":[],"executionMS":0.0006349086761474609} []
[2023-11-01T11:41:11.873934-03:00] log.DEBUG: SELECT `codnum` AS `lf`, `descripcion` AS `df`, '' AS `df2`, '' AS `df3`, '' AS `df4` FROM `localidades` WHERE `codnum` = 413 ORDER BY `descripcion` ASC {"params":[],"types":[],"executionMS":0.0005660057067871094} []
[2023-11-01T11:41:11.875068-03:00] log.DEBUG: SELECT `ncomp` AS `lf`, `ncomp` AS `df`, `observacion` AS `df2`, '' AS `df3`, '' AS `df4` FROM `remates` WHERE `ncomp` = 12 ORDER BY `ncomp` DESC {"params":[],"types":[],"executionMS":0.0005691051483154297} []
[2023-11-01T11:41:11.875914-03:00] log.DEBUG: SELECT `codnum` AS `lf`, `descripcion` AS `df`, '' AS `df2`, '' AS `df3`, '' AS `df4` FROM `localidades` WHERE `codnum` = 26 ORDER BY `descripcion` ASC {"params":[],"types":[],"executionMS":0.0005688667297363281} []
[2023-11-01T11:41:11.877120-03:00] log.DEBUG: SELECT `ncomp` AS `lf`, `ncomp` AS `df`, `observacion` AS `df2`, '' AS `df3`, '' AS `df4` FROM `remates` WHERE `ncomp` = 13 ORDER BY `ncomp` DESC {"params":[],"types":[],"executionMS":0.000701904296875} []
[2023-11-01T11:41:11.877859-03:00] log.DEBUG: SELECT `codnum` AS `lf`, `descripcion` AS `df`, '' AS `df2`, '' AS `df3`, '' AS `df4` FROM `localidades` WHERE `codnum` = 444 ORDER BY `descripcion` ASC {"params":[],"types":[],"executionMS":0.0004439353942871094} []
[2023-11-01T11:41:11.878984-03:00] log.DEBUG: SELECT `ncomp` AS `lf`, `ncomp` AS `df`, `observacion` AS `df2`, '' AS `df3`, '' AS `df4` FROM `remates` WHERE `ncomp` = 14 ORDER BY `ncomp` DESC {"params":[],"types":[],"executionMS":0.0006079673767089844} []
[2023-11-01T11:41:11.879925-03:00] log.DEBUG: SELECT `codnum` AS `lf`, `descripcion` AS `df`, '' AS `df2`, '' AS `df3`, '' AS `df4` FROM `localidades` WHERE `codnum` = 13 ORDER BY `descripcion` ASC {"params":[],"types":[],"executionMS":0.0006818771362304688} []
[2023-11-01T11:41:11.881005-03:00] log.DEBUG: SELECT `ncomp` AS `lf`, `ncomp` AS `df`, `observacion` AS `df2`, '' AS `df3`, '' AS `df4` FROM `remates` WHERE `ncomp` = 17 ORDER BY `ncomp` DESC {"params":[],"types":[],"executionMS":0.0005710124969482422} []
[2023-11-01T11:41:11.881837-03:00] log.DEBUG: SELECT `codnum` AS `lf`, `descripcion` AS `df`, '' AS `df2`, '' AS `df3`, '' AS `df4` FROM `localidades` WHERE `codnum` = 2321 ORDER BY `descripcion` ASC {"params":[],"types":[],"executionMS":0.0005581378936767578} []
[2023-11-01T11:41:11.882936-03:00] log.DEBUG: SELECT `ncomp` AS `lf`, `ncomp` AS `df`, `observacion` AS `df2`, '' AS `df3`, '' AS `df4` FROM `remates` WHERE `ncomp` = 18 ORDER BY `ncomp` DESC {"params":[],"types":[],"executionMS":0.0005688667297363281} []
[2023-11-01T11:41:11.883657-03:00] log.DEBUG: SELECT `codnum` AS `lf`, `descripcion` AS `df`, '' AS `df2`, '' AS `df3`, '' AS `df4` FROM `localidades` WHERE `codnum` = 404 ORDER BY `descripcion` ASC {"params":[],"types":[],"executionMS":0.00045013427734375} []
[2023-11-01T11:41:11.884703-03:00] log.DEBUG: SELECT `ncomp` AS `lf`, `ncomp` AS `df`, `observacion` AS `df2`, '' AS `df3`, '' AS `df4` FROM `remates` WHERE `ncomp` = 20 ORDER BY `ncomp` DESC {"params":[],"types":[],"executionMS":0.0005390644073486328} []
[2023-11-01T11:41:11.885410-03:00] log.DEBUG: SELECT `codnum` AS `lf`, `descripcion` AS `df`, '' AS `df2`, '' AS `df3`, '' AS `df4` FROM `localidades` WHERE `codnum` = 374 ORDER BY `descripcion` ASC {"params":[],"types":[],"executionMS":0.00043487548828125} []
[2023-11-01T11:41:11.886543-03:00] log.DEBUG: SELECT `ncomp` AS `lf`, `ncomp` AS `df`, `observacion` AS `df2`, '' AS `df3`, '' AS `df4` FROM `remates` WHERE `ncomp` = 21 ORDER BY `ncomp` DESC {"params":[],"types":[],"executionMS":0.0006020069122314453} []
[2023-11-01T11:41:11.887621-03:00] log.DEBUG: SELECT `codnum` AS `lf`, `descripcion` AS `df`, '' AS `df2`, '' AS `df3`, '' AS `df4` FROM `localidades` WHERE `codnum` = 326 ORDER BY `descripcion` ASC {"params":[],"types":[],"executionMS":0.00047397613525390625} []
[2023-11-01T11:41:17.090984-03:00] log.DEBUG: SELECT `ncomp` AS `lf`, `ncomp` AS `df`, `observacion` AS `df2`, '' AS `df3`, '' AS `df4` FROM `remates` ORDER BY `ncomp` DESC {"params":[],"types":[],"executionMS":0.0009829998016357422} []
[2023-11-01T11:41:17.124828-03:00] log.DEBUG: SELECT `codnum` AS `lf`, `descripcion` AS `df`, '' AS `df2`, '' AS `df3`, '' AS `df4` FROM `paises` ORDER BY `descripcion` ASC {"params":[],"types":[],"executionMS":0.0006361007690429688} []
[2023-11-01T11:41:17.146849-03:00] log.DEBUG: SELECT `codnum` AS `lf`, `descripcion` AS `df`, '' AS `df2`, '' AS `df3`, '' AS `df4` FROM `provincias` WHERE 1=0 ORDER BY `descripcion` ASC {"params":[],"types":[],"executionMS":0.0007190704345703125} []
[2023-11-01T11:41:17.165500-03:00] log.DEBUG: SELECT `codnum` AS `lf`, `descripcion` AS `df`, '' AS `df2`, '' AS `df3`, '' AS `df4` FROM `localidades` WHERE 1=0 ORDER BY `descripcion` ASC {"params":[],"types":[],"executionMS":0.0007660388946533203} []
[2023-11-01T11:41:36.492332-03:00] log.DEBUG: SELECT `codnum` AS `lf`, `descripcion` AS `df`, '' AS `df2`, '' AS `df3`, '' AS `df4` FROM `provincias` WHERE `codpais` IN (1) ORDER BY `descripcion` ASC {"params":[],"types":[],"executionMS":0.0008370876312255859} []
[2023-11-01T11:41:36.633019-03:00] log.DEBUG: SELECT `codnum` AS `lf`, `descripcion` AS `df`, '' AS `df2`, '' AS `df3`, '' AS `df4` FROM `localidades` WHERE 1=0 ORDER BY `descripcion` ASC {"params":[],"types":[],"executionMS":0.0006470680236816406} []
[2023-11-01T11:41:46.328188-03:00] log.DEBUG: SELECT `codnum` AS `lf`, `descripcion` AS `df`, '' AS `df2`, '' AS `df3`, '' AS `df4` FROM `localidades` WHERE `codprov` IN (3) ORDER BY `descripcion` ASC {"params":[],"types":[],"executionMS":0.0027921199798583984} []
[2023-11-01T11:45:00.292589-03:00] log.DEBUG: INSERT INTO `dir_remates` (`codrem`, `secuencia`, `direccion`, `codpais`, `codprov`, `codloc`, `usuarioalta`, `fechaalta`, `usuariomod`, `fechaultmod`) VALUES(?, ?, ?, ?, ?, ?, ?, ?, ?, ?) {"params":{"1":162,"2":2,"3":"Ruta Provincial 6 S/N","4":1,"5":3,"6":344,"7":null,"8":"2023-11-01 11:45:00","9":null,"10":"2023-11-01 11:45:00"},"types":{"1":1,"2":1,"3":2,"4":1,"5":1,"6":1,"7":1,"8":2,"9":1,"10":2},"executionMS":0.009226083755493164} []
[2023-11-01T11:45:00.484161-03:00] log.DEBUG: SELECT COUNT(*) FROM `remates` {"params":[],"types":[],"executionMS":0.0015959739685058594} []
[2023-11-01T11:45:00.485653-03:00] log.DEBUG: SELECT COUNT(*) FROM `paises` {"params":[],"types":[],"executionMS":0.0009551048278808594} []
[2023-11-01T11:45:00.486371-03:00] log.DEBUG: SELECT `codnum` AS `lf`, `descripcion` AS `df`, '' AS `df2`, '' AS `df3`, '' AS `df4` FROM `paises` ORDER BY `descripcion` ASC {"params":[],"types":[],"executionMS":0.0006308555603027344} []
[2023-11-01T11:45:00.487633-03:00] log.DEBUG: SELECT COUNT(*) FROM `provincias` {"params":[],"types":[],"executionMS":0.0007960796356201172} []
[2023-11-01T11:45:00.488298-03:00] log.DEBUG: SELECT `codnum` AS `lf`, `descripcion` AS `df`, '' AS `df2`, '' AS `df3`, '' AS `df4`, `codpais` AS `ff` FROM `provincias` ORDER BY `descripcion` ASC {"params":[],"types":[],"executionMS":0.0005860328674316406} []
[2023-11-01T11:45:00.489824-03:00] log.DEBUG: SELECT COUNT(*) FROM `localidades` {"params":[],"types":[],"executionMS":0.0008449554443359375} []
[2023-11-01T11:45:00.492830-03:00] log.DEBUG: SELECT COUNT(*) FROM `dir_remates` {"params":[],"types":[],"executionMS":0.0010750293731689453} []
[2023-11-01T11:45:00.493716-03:00] log.DEBUG: SELECT * FROM `dir_remates` LIMIT 20 {"params":[],"types":[],"executionMS":0.0005369186401367188} []
[2023-11-01T11:45:00.496640-03:00] log.DEBUG: SELECT `ncomp` AS `lf`, `ncomp` AS `df`, `observacion` AS `df2`, '' AS `df3`, '' AS `df4` FROM `remates` WHERE `ncomp` = 5 ORDER BY `ncomp` DESC {"params":[],"types":[],"executionMS":0.001071929931640625} []
[2023-11-01T11:45:00.497461-03:00] log.DEBUG: SELECT `codnum` AS `lf`, `descripcion` AS `df`, '' AS `df2`, '' AS `df3`, '' AS `df4` FROM `localidades` WHERE `codnum` = 15 ORDER BY `descripcion` ASC {"params":[],"types":[],"executionMS":0.00048613548278808594} []
[2023-11-01T11:45:00.498657-03:00] log.DEBUG: SELECT `ncomp` AS `lf`, `ncomp` AS `df`, `observacion` AS `df2`, '' AS `df3`, '' AS `df4` FROM `remates` WHERE `ncomp` = 70 ORDER BY `ncomp` DESC {"params":[],"types":[],"executionMS":0.0005750656127929688} []
[2023-11-01T11:45:00.499364-03:00] log.DEBUG: SELECT `codnum` AS `lf`, `descripcion` AS `df`, '' AS `df2`, '' AS `df3`, '' AS `df4` FROM `localidades` WHERE `codnum` = 959 ORDER BY `descripcion` ASC {"params":[],"types":[],"executionMS":0.00043392181396484375} []
[2023-11-01T11:45:00.500351-03:00] log.DEBUG: SELECT `ncomp` AS `lf`, `ncomp` AS `df`, `observacion` AS `df2`, '' AS `df3`, '' AS `df4` FROM `remates` WHERE `ncomp` = 70 ORDER BY `ncomp` DESC {"params":[],"types":[],"executionMS":0.0004899501800537109} []
[2023-11-01T11:45:00.501016-03:00] log.DEBUG: SELECT `codnum` AS `lf`, `descripcion` AS `df`, '' AS `df2`, '' AS `df3`, '' AS `df4` FROM `localidades` WHERE `codnum` = 2283 ORDER BY `descripcion` ASC {"params":[],"types":[],"executionMS":0.0004150867462158203} []
[2023-11-01T11:45:00.502015-03:00] log.DEBUG: SELECT `ncomp` AS `lf`, `ncomp` AS `df`, `observacion` AS `df2`, '' AS `df3`, '' AS `df4` FROM `remates` WHERE `ncomp` = 56 ORDER BY `ncomp` DESC {"params":[],"types":[],"executionMS":0.0005211830139160156} []
[2023-11-01T11:45:00.502891-03:00] log.DEBUG: SELECT `codnum` AS `lf`, `descripcion` AS `df`, '' AS `df2`, '' AS `df3`, '' AS `df4` FROM `localidades` WHERE `codnum` = 444 ORDER BY `descripcion` ASC {"params":[],"types":[],"executionMS":0.0005779266357421875} []
[2023-11-01T11:45:00.504051-03:00] log.DEBUG: SELECT `ncomp` AS `lf`, `ncomp` AS `df`, `observacion` AS `df2`, '' AS `df3`, '' AS `df4` FROM `remates` WHERE `ncomp` = 4 ORDER BY `ncomp` DESC {"params":[],"types":[],"executionMS":0.0005049705505371094} []
[2023-11-01T11:45:00.504658-03:00] log.DEBUG: SELECT `codnum` AS `lf`, `descripcion` AS `df`, '' AS `df2`, '' AS `df3`, '' AS `df4` FROM `localidades` WHERE `codnum` = 9 ORDER BY `descripcion` ASC {"params":[],"types":[],"executionMS":0.00035691261291503906} []
[2023-11-01T11:45:00.505544-03:00] log.DEBUG: SELECT `ncomp` AS `lf`, `ncomp` AS `df`, `observacion` AS `df2`, '' AS `df3`, '' AS `df4` FROM `remates` WHERE `ncomp` = 4 ORDER BY `ncomp` DESC {"params":[],"types":[],"executionMS":0.00044083595275878906} []
[2023-11-01T11:45:00.506198-03:00] log.DEBUG: SELECT `codnum` AS `lf`, `descripcion` AS `df`, '' AS `df2`, '' AS `df3`, '' AS `df4` FROM `localidades` WHERE `codnum` = 11 ORDER BY `descripcion` ASC {"params":[],"types":[],"executionMS":0.0003859996795654297} []
[2023-11-01T11:45:00.507172-03:00] log.DEBUG: SELECT `ncomp` AS `lf`, `ncomp` AS `df`, `observacion` AS `df2`, '' AS `df3`, '' AS `df4` FROM `remates` WHERE `ncomp` = 4 ORDER BY `ncomp` DESC {"params":[],"types":[],"executionMS":0.00047588348388671875} []
[2023-11-01T11:45:00.507816-03:00] log.DEBUG: SELECT `codnum` AS `lf`, `descripcion` AS `df`, '' AS `df2`, '' AS `df3`, '' AS `df4` FROM `localidades` WHERE `codnum` = 119 ORDER BY `descripcion` ASC {"params":[],"types":[],"executionMS":0.00038504600524902344} []
[2023-11-01T11:45:00.508771-03:00] log.DEBUG: SELECT `ncomp` AS `lf`, `ncomp` AS `df`, `observacion` AS `df2`, '' AS `df3`, '' AS `df4` FROM `remates` WHERE `ncomp` = 4 ORDER BY `ncomp` DESC {"params":[],"types":[],"executionMS":0.00047087669372558594} []
[2023-11-01T11:45:00.509459-03:00] log.DEBUG: SELECT `codnum` AS `lf`, `descripcion` AS `df`, '' AS `df2`, '' AS `df3`, '' AS `df4` FROM `localidades` WHERE `codnum` = 60 ORDER BY `descripcion` ASC {"params":[],"types":[],"executionMS":0.0004258155822753906} []
[2023-11-01T11:45:00.510472-03:00] log.DEBUG: SELECT `ncomp` AS `lf`, `ncomp` AS `df`, `observacion` AS `df2`, '' AS `df3`, '' AS `df4` FROM `remates` WHERE `ncomp` = 6 ORDER BY `ncomp` DESC {"params":[],"types":[],"executionMS":0.0005328655242919922} []
[2023-11-01T11:45:00.511110-03:00] log.DEBUG: SELECT `codnum` AS `lf`, `descripcion` AS `df`, '' AS `df2`, '' AS `df3`, '' AS `df4` FROM `localidades` WHERE `codnum` = 16 ORDER BY `descripcion` ASC {"params":[],"types":[],"executionMS":0.0003819465637207031} []
[2023-11-01T11:45:00.512060-03:00] log.DEBUG: SELECT `ncomp` AS `lf`, `ncomp` AS `df`, `observacion` AS `df2`, '' AS `df3`, '' AS `df4` FROM `remates` WHERE `ncomp` = 63 ORDER BY `ncomp` DESC {"params":[],"types":[],"executionMS":0.00046896934509277344} []
[2023-11-01T11:45:00.512687-03:00] log.DEBUG: SELECT `codnum` AS `lf`, `descripcion` AS `df`, '' AS `df2`, '' AS `df3`, '' AS `df4` FROM `localidades` WHERE `codnum` = 9 ORDER BY `descripcion` ASC {"params":[],"types":[],"executionMS":0.0003769397735595703} []
[2023-11-01T11:45:00.514811-03:00] log.DEBUG: SELECT `ncomp` AS `lf`, `ncomp` AS `df`, `observacion` AS `df2`, '' AS `df3`, '' AS `df4` FROM `remates` WHERE `ncomp` = 7 ORDER BY `ncomp` DESC {"params":[],"types":[],"executionMS":0.001644134521484375} []
[2023-11-01T11:45:00.515475-03:00] log.DEBUG: SELECT `codnum` AS `lf`, `descripcion` AS `df`, '' AS `df2`, '' AS `df3`, '' AS `df4` FROM `localidades` WHERE `codnum` = 139 ORDER BY `descripcion` ASC {"params":[],"types":[],"executionMS":0.00040602684020996094} []
[2023-11-01T11:45:00.516543-03:00] log.DEBUG: SELECT `ncomp` AS `lf`, `ncomp` AS `df`, `observacion` AS `df2`, '' AS `df3`, '' AS `df4` FROM `remates` WHERE `ncomp` = 10 ORDER BY `ncomp` DESC {"params":[],"types":[],"executionMS":0.0005869865417480469} []
[2023-11-01T11:45:00.517163-03:00] log.DEBUG: SELECT `codnum` AS `lf`, `descripcion` AS `df`, '' AS `df2`, '' AS `df3`, '' AS `df4` FROM `localidades` WHERE `codnum` = 444 ORDER BY `descripcion` ASC {"params":[],"types":[],"executionMS":0.00037097930908203125} []
[2023-11-01T11:45:00.518178-03:00] log.DEBUG: SELECT `ncomp` AS `lf`, `ncomp` AS `df`, `observacion` AS `df2`, '' AS `df3`, '' AS `df4` FROM `remates` WHERE `ncomp` = 11 ORDER BY `ncomp` DESC {"params":[],"types":[],"executionMS":0.0005350112915039062} []
[2023-11-01T11:45:00.519153-03:00] log.DEBUG: SELECT `codnum` AS `lf`, `descripcion` AS `df`, '' AS `df2`, '' AS `df3`, '' AS `df4` FROM `localidades` WHERE `codnum` = 413 ORDER BY `descripcion` ASC {"params":[],"types":[],"executionMS":0.0007040500640869141} []
[2023-11-01T11:45:00.520288-03:00] log.DEBUG: SELECT `ncomp` AS `lf`, `ncomp` AS `df`, `observacion` AS `df2`, '' AS `df3`, '' AS `df4` FROM `remates` WHERE `ncomp` = 12 ORDER BY `ncomp` DESC {"params":[],"types":[],"executionMS":0.0006010532379150391} []
[2023-11-01T11:45:00.521019-03:00] log.DEBUG: SELECT `codnum` AS `lf`, `descripcion` AS `df`, '' AS `df2`, '' AS `df3`, '' AS `df4` FROM `localidades` WHERE `codnum` = 26 ORDER BY `descripcion` ASC {"params":[],"types":[],"executionMS":0.00048089027404785156} []
[2023-11-01T11:45:00.522134-03:00] log.DEBUG: SELECT `ncomp` AS `lf`, `ncomp` AS `df`, `observacion` AS `df2`, '' AS `df3`, '' AS `df4` FROM `remates` WHERE `ncomp` = 13 ORDER BY `ncomp` DESC {"params":[],"types":[],"executionMS":0.0006089210510253906} []
[2023-11-01T11:45:00.522868-03:00] log.DEBUG: SELECT `codnum` AS `lf`, `descripcion` AS `df`, '' AS `df2`, '' AS `df3`, '' AS `df4` FROM `localidades` WHERE `codnum` = 444 ORDER BY `descripcion` ASC {"params":[],"types":[],"executionMS":0.0004730224609375} []
[2023-11-01T11:45:00.523916-03:00] log.DEBUG: SELECT `ncomp` AS `lf`, `ncomp` AS `df`, `observacion` AS `df2`, '' AS `df3`, '' AS `df4` FROM `remates` WHERE `ncomp` = 14 ORDER BY `ncomp` DESC {"params":[],"types":[],"executionMS":0.0005660057067871094} []
[2023-11-01T11:45:00.524657-03:00] log.DEBUG: SELECT `codnum` AS `lf`, `descripcion` AS `df`, '' AS `df2`, '' AS `df3`, '' AS `df4` FROM `localidades` WHERE `codnum` = 13 ORDER BY `descripcion` ASC {"params":[],"types":[],"executionMS":0.0004799365997314453} []
[2023-11-01T11:45:00.525744-03:00] log.DEBUG: SELECT `ncomp` AS `lf`, `ncomp` AS `df`, `observacion` AS `df2`, '' AS `df3`, '' AS `df4` FROM `remates` WHERE `ncomp` = 17 ORDER BY `ncomp` DESC {"params":[],"types":[],"executionMS":0.0005960464477539062} []
[2023-11-01T11:45:00.526523-03:00] log.DEBUG: SELECT `codnum` AS `lf`, `descripcion` AS `df`, '' AS `df2`, '' AS `df3`, '' AS `df4` FROM `localidades` WHERE `codnum` = 2321 ORDER BY `descripcion` ASC {"params":[],"types":[],"executionMS":0.0005240440368652344} []
[2023-11-01T11:45:00.527601-03:00] log.DEBUG: SELECT `ncomp` AS `lf`, `ncomp` AS `df`, `observacion` AS `df2`, '' AS `df3`, '' AS `df4` FROM `remates` WHERE `ncomp` = 18 ORDER BY `ncomp` DESC {"params":[],"types":[],"executionMS":0.0005819797515869141} []
[2023-11-01T11:45:00.528393-03:00] log.DEBUG: SELECT `codnum` AS `lf`, `descripcion` AS `df`, '' AS `df2`, '' AS `df3`, '' AS `df4` FROM `localidades` WHERE `codnum` = 404 ORDER BY `descripcion` ASC {"params":[],"types":[],"executionMS":0.0005409717559814453} []
[2023-11-01T11:45:00.529540-03:00] log.DEBUG: SELECT `ncomp` AS `lf`, `ncomp` AS `df`, `observacion` AS `df2`, '' AS `df3`, '' AS `df4` FROM `remates` WHERE `ncomp` = 20 ORDER BY `ncomp` DESC {"params":[],"types":[],"executionMS":0.0006701946258544922} []
[2023-11-01T11:45:00.530290-03:00] log.DEBUG: SELECT `codnum` AS `lf`, `descripcion` AS `df`, '' AS `df2`, '' AS `df3`, '' AS `df4` FROM `localidades` WHERE `codnum` = 374 ORDER BY `descripcion` ASC {"params":[],"types":[],"executionMS":0.0004999637603759766} []
[2023-11-01T11:45:00.531433-03:00] log.DEBUG: SELECT `ncomp` AS `lf`, `ncomp` AS `df`, `observacion` AS `df2`, '' AS `df3`, '' AS `df4` FROM `remates` WHERE `ncomp` = 21 ORDER BY `ncomp` DESC {"params":[],"types":[],"executionMS":0.0006589889526367188} []
[2023-11-01T11:45:00.532105-03:00] log.DEBUG: SELECT `codnum` AS `lf`, `descripcion` AS `df`, '' AS `df2`, '' AS `df3`, '' AS `df4` FROM `localidades` WHERE `codnum` = 326 ORDER BY `descripcion` ASC {"params":[],"types":[],"executionMS":0.0004189014434814453} []
[2023-11-01T12:00:04.670528-03:00] log.DEBUG: SELECT * FROM `usuarios` WHERE (`usuario` = 'nicole') {"params":[],"types":[],"executionMS":0.0010380744934082031} []
[2023-11-01T12:00:04.672283-03:00] log.DEBUG: SELECT * FROM `usuarios` WHERE (`usuario` = 'nicole') AND (`activo` = 1) {"params":[],"types":[],"executionMS":0.001077890396118164} []
[2023-11-01T12:00:04.673391-03:00] log.DEBUG: SELECT * FROM `usuarios` WHERE (`usuario` = 'nicole') {"params":[],"types":[],"executionMS":0.0006730556488037109} []
[2023-11-01T12:00:04.674457-03:00] log.DEBUG: UPDATE `usuarios` SET `perfil` = ? WHERE (`usuario` = 'nicole') {"params":{"1":"a:10:{s:15:\"LoginRetryCount\";i:0;s:20:\"LastBadLoginDateTime\";s:0:\"\";s:23:\"LastPasswordChangedDate\";s:10:\"2023/09/21\";s:6:\"codnum\";i:24;s:7:\"usuario\";s:6:\"nicole\";s:6:\"nombre\";s:14:\"Nicole Favilla\";s:5:\"nivel\";i:2;s:5:\"email\";s:0:\"\";s:6:\"perfil\";s:0:\"\";s:6:\"activo\";i:1;}"},"types":{"1":2},"executionMS":0.0006561279296875} []
[2023-11-01T12:00:04.675315-03:00] log.DEBUG: SELECT * FROM `usuarios` WHERE (`usuario` = 'nicole') {"params":[],"types":[],"executionMS":0.0005137920379638672} []
[2023-11-01T12:00:04.676663-03:00] log.DEBUG: SELECT * FROM `usuarios` WHERE (`usuario` = 'nicole') {"params":[],"types":[],"executionMS":0.0005369186401367188} []
[2023-11-01T12:10:58.460375-03:00] log.DEBUG: 400 Bad Request Type: Slim\Exception\HttpBadRequestException Code: 400 Message: Invalid post request File: /var/www/Subastas2021/src/PermissionMiddleware.php Line: 115 Trace: #0 /var/www/Subastas2021/vendor/slim/slim/Slim/MiddlewareDispatcher.php(168): PHPMaker2021\Subastas2021\PermissionMiddleware->__invoke() #1 /var/www/Subastas2021/vendor/slim/slim/Slim/MiddlewareDispatcher.php(65): Psr\Http\Server\RequestHandlerInterface@anonymous->handle() #2 /var/www/Subastas2021/vendor/slim/slim/Slim/MiddlewareDispatcher.php(65): Slim\MiddlewareDispatcher->handle() #3 /var/www/Subastas2021/vendor/slim/slim/Slim/Routing/Route.php(315): Slim\MiddlewareDispatcher->handle() #4 /var/www/Subastas2021/vendor/slim/slim/Slim/Routing/RouteRunner.php(68): Slim\Routing\Route->run() #5 /var/www/Subastas2021/vendor/slim/slim/Slim/Middleware/BodyParsingMiddleware.php(64): Slim\Routing\RouteRunner->handle() #6 /var/www/Subastas2021/vendor/slim/slim/Slim/MiddlewareDispatcher.php(121): Slim\Middleware\BodyParsingMiddleware->process() #7 /var/www/Subastas2021/src/CorsMiddleware.php(32): Psr\Http\Server\RequestHandlerInterface@anonymous->handle() #8 /var/www/Subastas2021/vendor/slim/slim/Slim/MiddlewareDispatcher.php(121): PHPMaker2021\Subastas2021\CorsMiddleware->process() #9 /var/www/Subastas2021/vendor/slim/slim/Slim/Middleware/RoutingMiddleware.php(45): Psr\Http\Server\RequestHandlerInterface@anonymous->handle() #10 /var/www/Subastas2021/vendor/slim/slim/Slim/MiddlewareDispatcher.php(121): Slim\Middleware\RoutingMiddleware->process() #11 /var/www/Subastas2021/vendor/selective/samesite-cookie/src/SameSiteCookieMiddleware.php(52): Psr\Http\Server\RequestHandlerInterface@anonymous->handle() #12 /var/www/Subastas2021/vendor/slim/slim/Slim/MiddlewareDispatcher.php(121): Selective\SameSiteCookie\SameSiteCookieMiddleware->process() #13 /var/www/Subastas2021/vendor/selective/samesite-cookie/src/SameSiteSessionMiddleware.php(44): Psr\Http\Server\RequestHandlerInterface@anonymous->handle() #14 /var/www/Subastas2021/vendor/slim/slim/Slim/MiddlewareDispatcher.php(121): Selective\SameSiteCookie\SameSiteSessionMiddleware->process() #15 /var/www/Subastas2021/vendor/slim/slim/Slim/Middleware/ErrorMiddleware.php(76): Psr\Http\Server\RequestHandlerInterface@anonymous->handle() #16 /var/www/Subastas2021/vendor/slim/slim/Slim/MiddlewareDispatcher.php(121): Slim\Middleware\ErrorMiddleware->process() #17 /var/www/Subastas2021/vendor/slim/slim/Slim/MiddlewareDispatcher.php(65): Psr\Http\Server\RequestHandlerInterface@anonymous->handle() #18 /var/www/Subastas2021/vendor/slim/slim/Slim/App.php(199): Slim\MiddlewareDispatcher->handle() #19 /var/www/Subastas2021/vendor/slim/slim/Slim/App.php(183): Slim\App->handle() #20 /var/www/Subastas2021/index.php(116): Slim\App->run() #21 {main} Tips: To display error details in HTTP response set "displayErrorDetails" to true in the ErrorHandler constructor. [] []
[2023-11-01T12:38:58.713337-03:00] log.DEBUG: SELECT * FROM `usuarios` WHERE (`usuario` = 'Sebastian') {"params":[],"types":[],"executionMS":0.0010190010070800781} []
[2023-11-01T12:38:58.714952-03:00] log.DEBUG: SELECT * FROM `usuarios` WHERE (`usuario` = 'Sebastian') AND (`activo` = 1) {"params":[],"types":[],"executionMS":0.0008080005645751953} []
[2023-11-01T12:38:58.716010-03:00] log.DEBUG: SELECT * FROM `usuarios` WHERE (`usuario` = 'Sebastian') {"params":[],"types":[],"executionMS":0.0006020069122314453} []
[2023-11-01T12:38:58.717043-03:00] log.DEBUG: UPDATE `usuarios` SET `perfil` = ? WHERE (`usuario` = 'Sebastian') {"params":{"1":"a:10:{s:15:\"LoginRetryCount\";i:0;s:20:\"LastBadLoginDateTime\";s:19:\"2023/11/01 10:41:47\";s:23:\"LastPasswordChangedDate\";s:10:\"2023/11/01\";s:6:\"codnum\";i:41;s:7:\"usuario\";s:9:\"Sebastian\";s:6:\"nombre\";s:22:\"Sebastian Carlos Perez\";s:5:\"nivel\";i:-1;s:5:\"email\";s:0:\"\";s:6:\"perfil\";s:126:\"a:3:{s:15:\"LoginRetryCount\";i:1;s:20:\"LastBadLoginDateTime\";s:19:\"2023/08/31 16:27:45\";s:23:\"LastPasswordChangedDate\";s:0:\"\";}\";s:6:\"activo\";i:1;}"},"types":{"1":2},"executionMS":0.000598907470703125} []
[2023-11-01T12:38:58.718024-03:00] log.DEBUG: SELECT * FROM `usuarios` WHERE (`usuario` = 'Sebastian') {"params":[],"types":[],"executionMS":0.0004830360412597656} []
[2023-11-01T12:38:58.719412-03:00] log.DEBUG: SELECT * FROM `usuarios` WHERE (`usuario` = 'Sebastian') {"params":[],"types":[],"executionMS":0.0004990100860595703} []
[2023-11-01T12:45:15.886649-03:00] log.DEBUG: SELECT * FROM `usuarios` WHERE (`usuario` = 'guido') {"params":[],"types":[],"executionMS":0.0009851455688476562} []
[2023-11-01T12:45:15.888205-03:00] log.DEBUG: SELECT * FROM `usuarios` WHERE (`usuario` = 'guido') AND (`activo` = 1) {"params":[],"types":[],"executionMS":0.0008931159973144531} []
[2023-11-01T12:45:15.889100-03:00] log.DEBUG: SELECT * FROM `usuarios` WHERE (`usuario` = 'guido') {"params":[],"types":[],"executionMS":0.0005249977111816406} []
[2023-11-01T12:45:15.890280-03:00] log.DEBUG: UPDATE `usuarios` SET `perfil` = ? WHERE (`usuario` = 'guido') {"params":{"1":"a:10:{s:15:\"LoginRetryCount\";i:0;s:20:\"LastBadLoginDateTime\";s:0:\"\";s:23:\"LastPasswordChangedDate\";s:10:\"2023/09/13\";s:6:\"codnum\";i:50;s:7:\"usuario\";s:5:\"guido\";s:6:\"nombre\";s:10:\"Guido Osso\";s:5:\"nivel\";i:2;s:5:\"email\";s:0:\"\";s:6:\"perfil\";s:0:\"\";s:6:\"activo\";i:1;}"},"types":{"1":2},"executionMS":0.0008099079132080078} []
[2023-11-01T12:45:15.891339-03:00] log.DEBUG: SELECT * FROM `usuarios` WHERE (`usuario` = 'guido') {"params":[],"types":[],"executionMS":0.0006918907165527344} []
[2023-11-01T12:45:15.892734-03:00] log.DEBUG: SELECT * FROM `usuarios` WHERE (`usuario` = 'guido') {"params":[],"types":[],"executionMS":0.000598907470703125} []
[2023-11-01T13:21:53.125872-03:00] log.DEBUG: SELECT * FROM `usuarios` WHERE (`usuario` = 'daniel') {"params":[],"types":[],"executionMS":0.001074075698852539} []
[2023-11-01T13:21:53.127514-03:00] log.DEBUG: SELECT * FROM `usuarios` WHERE (`usuario` = 'daniel') AND (`activo` = 1) {"params":[],"types":[],"executionMS":0.000843048095703125} []
[2023-11-01T13:21:53.128715-03:00] log.DEBUG: SELECT * FROM `usuarios` WHERE (`usuario` = 'daniel') {"params":[],"types":[],"executionMS":0.0006930828094482422} []
[2023-11-01T13:21:53.129943-03:00] log.DEBUG: UPDATE `usuarios` SET `perfil` = ? WHERE (`usuario` = 'daniel') {"params":{"1":"a:10:{s:15:\"LoginRetryCount\";i:0;s:20:\"LastBadLoginDateTime\";s:0:\"\";s:23:\"LastPasswordChangedDate\";s:10:\"2023/09/27\";s:6:\"codnum\";i:29;s:7:\"usuario\";s:6:\"daniel\";s:6:\"nombre\";s:13:\"Daniel Caniza\";s:5:\"nivel\";i:-1;s:5:\"email\";s:0:\"\";s:6:\"perfil\";s:0:\"\";s:6:\"activo\";i:1;}"},"types":{"1":2},"executionMS":0.000820159912109375} []
[2023-11-01T13:21:53.131109-03:00] log.DEBUG: SELECT * FROM `usuarios` WHERE (`usuario` = 'daniel') {"params":[],"types":[],"executionMS":0.000762939453125} []
[2023-11-01T13:21:53.132497-03:00] log.DEBUG: SELECT * FROM `usuarios` WHERE (`usuario` = 'daniel') {"params":[],"types":[],"executionMS":0.0005350112915039062} []
