[2023-09-01T09:12:50.453960-03:00] log.DEBUG: SELECT COUNT(*) FROM `paises` {"params":[],"types":[],"executionMS":0.0012621879577636719} []
[2023-09-01T09:12:50.455330-03:00] log.DEBUG: SELECT `codnum` AS `lf`, `descripcion` AS `df`, '' AS `df2`, '' AS `df3`, '' AS `df4` FROM `paises` ORDER BY `descripcion` ASC {"params":[],"types":[],"executionMS":0.0008921623229980469} []
[2023-09-01T09:12:50.458871-03:00] log.DEBUG: SELECT COUNT(*) FROM `provincias` {"params":[],"types":[],"executionMS":0.0013551712036132812} []
[2023-09-01T09:12:50.470542-03:00] log.DEBUG: SELECT * FROM `provincias` LIMIT 20 {"params":[],"types":[],"executionMS":0.011391878128051758} []
[2023-09-01T09:13:02.710347-03:00] log.DEBUG: SELECT COUNT(*) FROM `cartvalores` {"params":[],"types":[],"executionMS":0.0010640621185302734} []
[2023-09-01T09:13:02.711501-03:00] log.DEBUG: SELECT * FROM `cartvalores` ORDER BY `codnum` DESC LIMIT 20 {"params":[],"types":[],"executionMS":0.0006999969482421875} []
[2023-09-01T09:13:17.036964-03:00] log.DEBUG: SELECT COUNT(*) FROM `cartvalores` {"params":[],"types":[],"executionMS":0.0015571117401123047} []
[2023-09-01T09:13:17.038291-03:00] log.DEBUG: SELECT * FROM `cartvalores` ORDER BY `codnum` DESC LIMIT 20 {"params":[],"types":[],"executionMS":0.0009119510650634766} []
[2023-09-01T09:13:23.627758-03:00] log.DEBUG: SELECT * FROM `cartvalores` WHERE `codnum` = 62 ORDER BY `codnum` DESC {"params":[],"types":[],"executionMS":0.0008780956268310547} []
[2023-09-01T09:13:45.981918-03:00] log.DEBUG: SELECT COUNT(*) FROM `cartvalores` {"params":[],"types":[],"executionMS":0.0011410713195800781} []
[2023-09-01T09:13:45.983202-03:00] log.DEBUG: SELECT * FROM `cartvalores` ORDER BY `codnum` DESC LIMIT 20 {"params":[],"types":[],"executionMS":0.0007650852203369141} []
[2023-09-01T09:50:02.292616-03:00] log.DEBUG: 400 Bad Request Type: Slim\Exception\HttpBadRequestException Code: 400 Message: Invalid post request File: /var/www/Subastas2021/src/PermissionMiddleware.php Line: 115 Trace: #0 /var/www/Subastas2021/vendor/slim/slim/Slim/MiddlewareDispatcher.php(168): PHPMaker2021\Subastas2021\PermissionMiddleware->__invoke() #1 /var/www/Subastas2021/vendor/slim/slim/Slim/MiddlewareDispatcher.php(65): Psr\Http\Server\RequestHandlerInterface@anonymous->handle() #2 /var/www/Subastas2021/vendor/slim/slim/Slim/MiddlewareDispatcher.php(65): Slim\MiddlewareDispatcher->handle() #3 /var/www/Subastas2021/vendor/slim/slim/Slim/Routing/Route.php(315): Slim\MiddlewareDispatcher->handle() #4 /var/www/Subastas2021/vendor/slim/slim/Slim/Routing/RouteRunner.php(68): Slim\Routing\Route->run() #5 /var/www/Subastas2021/vendor/slim/slim/Slim/Middleware/BodyParsingMiddleware.php(64): Slim\Routing\RouteRunner->handle() #6 /var/www/Subastas2021/vendor/slim/slim/Slim/MiddlewareDispatcher.php(121): Slim\Middleware\BodyParsingMiddleware->process() #7 /var/www/Subastas2021/src/CorsMiddleware.php(32): Psr\Http\Server\RequestHandlerInterface@anonymous->handle() #8 /var/www/Subastas2021/vendor/slim/slim/Slim/MiddlewareDispatcher.php(121): PHPMaker2021\Subastas2021\CorsMiddleware->process() #9 /var/www/Subastas2021/vendor/slim/slim/Slim/Middleware/RoutingMiddleware.php(45): Psr\Http\Server\RequestHandlerInterface@anonymous->handle() #10 /var/www/Subastas2021/vendor/slim/slim/Slim/MiddlewareDispatcher.php(121): Slim\Middleware\RoutingMiddleware->process() #11 /var/www/Subastas2021/vendor/selective/samesite-cookie/src/SameSiteCookieMiddleware.php(52): Psr\Http\Server\RequestHandlerInterface@anonymous->handle() #12 /var/www/Subastas2021/vendor/slim/slim/Slim/MiddlewareDispatcher.php(121): Selective\SameSiteCookie\SameSiteCookieMiddleware->process() #13 /var/www/Subastas2021/vendor/selective/samesite-cookie/src/SameSiteSessionMiddleware.php(44): Psr\Http\Server\RequestHandlerInterface@anonymous->handle() #14 /var/www/Subastas2021/vendor/slim/slim/Slim/MiddlewareDispatcher.php(121): Selective\SameSiteCookie\SameSiteSessionMiddleware->process() #15 /var/www/Subastas2021/vendor/slim/slim/Slim/Middleware/ErrorMiddleware.php(76): Psr\Http\Server\RequestHandlerInterface@anonymous->handle() #16 /var/www/Subastas2021/vendor/slim/slim/Slim/MiddlewareDispatcher.php(121): Slim\Middleware\ErrorMiddleware->process() #17 /var/www/Subastas2021/vendor/slim/slim/Slim/MiddlewareDispatcher.php(65): Psr\Http\Server\RequestHandlerInterface@anonymous->handle() #18 /var/www/Subastas2021/vendor/slim/slim/Slim/App.php(199): Slim\MiddlewareDispatcher->handle() #19 /var/www/Subastas2021/vendor/slim/slim/Slim/App.php(183): Slim\App->handle() #20 /var/www/Subastas2021/index.php(116): Slim\App->run() #21 {main} Tips: To display error details in HTTP response set "displayErrorDetails" to true in the ErrorHandler constructor. [] []
[2023-09-01T09:50:16.401328-03:00] log.DEBUG: SELECT COUNT(*) FROM `paises` {"params":[],"types":[],"executionMS":0.0014879703521728516} []
[2023-09-01T09:50:16.402565-03:00] log.DEBUG: SELECT `codnum` AS `lf`, `descripcion` AS `df`, '' AS `df2`, '' AS `df3`, '' AS `df4` FROM `paises` ORDER BY `descripcion` ASC {"params":[],"types":[],"executionMS":0.0009458065032958984} []
[2023-09-01T09:50:16.403964-03:00] log.DEBUG: SELECT COUNT(*) FROM `provincias` {"params":[],"types":[],"executionMS":0.0008349418640136719} []
[2023-09-01T09:50:16.404945-03:00] log.DEBUG: SELECT `codnum` AS `lf`, `descripcion` AS `df`, '' AS `df2`, '' AS `df3`, '' AS `df4`, `codpais` AS `ff` FROM `provincias` ORDER BY `descripcion` ASC {"params":[],"types":[],"executionMS":0.0008809566497802734} []
[2023-09-01T09:50:16.406756-03:00] log.DEBUG: SELECT COUNT(*) FROM `localidades` {"params":[],"types":[],"executionMS":0.0010530948638916016} []
[2023-09-01T09:50:16.408009-03:00] log.DEBUG: SELECT COUNT(*) FROM `tipoenti` {"params":[],"types":[],"executionMS":0.0008878707885742188} []
[2023-09-01T09:50:16.408759-03:00] log.DEBUG: SELECT `codnum` AS `lf`, `descripcion` AS `df`, '' AS `df2`, '' AS `df3`, '' AS `df4` FROM `tipoenti` ORDER BY `descripcion` ASC {"params":[],"types":[],"executionMS":0.0006699562072753906} []
[2023-09-01T09:50:16.410591-03:00] log.DEBUG: SELECT COUNT(*) FROM `tipoiva` {"params":[],"types":[],"executionMS":0.0013821125030517578} []
[2023-09-01T09:50:16.411304-03:00] log.DEBUG: SELECT `codnum` AS `lf`, `descrip` AS `df`, '' AS `df2`, '' AS `df3`, '' AS `df4` FROM `tipoiva` ORDER BY `descrip` ASC {"params":[],"types":[],"executionMS":0.0006308555603027344} []
[2023-09-01T09:50:16.412526-03:00] log.DEBUG: SELECT COUNT(*) FROM `calificacion` {"params":[],"types":[],"executionMS":0.0007698535919189453} []
[2023-09-01T09:50:16.413278-03:00] log.DEBUG: SELECT `codnum` AS `lf`, `descripcion` AS `df`, '' AS `df2`, '' AS `df3`, '' AS `df4` FROM `calificacion` ORDER BY `descripcion` ASC {"params":[],"types":[],"executionMS":0.0006809234619140625} []
[2023-09-01T09:50:16.414412-03:00] log.DEBUG: SELECT COUNT(*) FROM `tipoindustria` {"params":[],"types":[],"executionMS":0.0007030963897705078} []
[2023-09-01T09:50:16.414956-03:00] log.DEBUG: SELECT `codnum` AS `lf`, `nomre` AS `df`, '' AS `df2`, '' AS `df3`, '' AS `df4` FROM `tipoindustria` ORDER BY `nomre` ASC {"params":[],"types":[],"executionMS":0.00046896934509277344} []
[2023-09-01T09:50:16.420838-03:00] log.DEBUG: SELECT COUNT(*) FROM `entidades` {"params":[],"types":[],"executionMS":0.003231048583984375} []
[2023-09-01T09:50:16.421818-03:00] log.DEBUG: SELECT * FROM `entidades` LIMIT 20 {"params":[],"types":[],"executionMS":0.000698089599609375} []
[2023-09-01T09:50:16.424606-03:00] log.DEBUG: SELECT `codnum` AS `lf`, `descripcion` AS `df`, '' AS `df2`, '' AS `df3`, '' AS `df4` FROM `localidades` WHERE `codnum` = 413 ORDER BY `descripcion` ASC {"params":[],"types":[],"executionMS":0.0007848739624023438} []
[2023-09-01T09:50:16.425859-03:00] log.DEBUG: SELECT `codnum` AS `lf`, `descripcion` AS `df`, '' AS `df2`, '' AS `df3`, '' AS `df4` FROM `localidades` WHERE `codnum` = 413 ORDER BY `descripcion` ASC {"params":[],"types":[],"executionMS":0.0004551410675048828} []
[2023-09-01T09:50:16.427126-03:00] log.DEBUG: SELECT `codnum` AS `lf`, `descripcion` AS `df`, '' AS `df2`, '' AS `df3`, '' AS `df4` FROM `localidades` WHERE `codnum` = 9 ORDER BY `descripcion` ASC {"params":[],"types":[],"executionMS":0.0005011558532714844} []
[2023-09-01T09:50:16.428337-03:00] log.DEBUG: SELECT `codnum` AS `lf`, `descripcion` AS `df`, '' AS `df2`, '' AS `df3`, '' AS `df4` FROM `localidades` WHERE `codnum` = 9 ORDER BY `descripcion` ASC {"params":[],"types":[],"executionMS":0.0005178451538085938} []
[2023-09-01T09:50:16.429488-03:00] log.DEBUG: SELECT `codnum` AS `lf`, `descripcion` AS `df`, '' AS `df2`, '' AS `df3`, '' AS `df4` FROM `localidades` WHERE `codnum` = 934 ORDER BY `descripcion` ASC {"params":[],"types":[],"executionMS":0.0005018711090087891} []
[2023-09-01T09:50:16.430620-03:00] log.DEBUG: SELECT `codnum` AS `lf`, `descripcion` AS `df`, '' AS `df2`, '' AS `df3`, '' AS `df4` FROM `localidades` WHERE `codnum` = 28 ORDER BY `descripcion` ASC {"params":[],"types":[],"executionMS":0.0004401206970214844} []
[2023-09-01T09:50:16.431809-03:00] log.DEBUG: SELECT `codnum` AS `lf`, `descripcion` AS `df`, '' AS `df2`, '' AS `df3`, '' AS `df4` FROM `localidades` WHERE `codnum` = 380 ORDER BY `descripcion` ASC {"params":[],"types":[],"executionMS":0.0005309581756591797} []
[2023-09-01T09:50:16.432955-03:00] log.DEBUG: SELECT `codnum` AS `lf`, `descripcion` AS `df`, '' AS `df2`, '' AS `df3`, '' AS `df4` FROM `localidades` WHERE `codnum` = 13 ORDER BY `descripcion` ASC {"params":[],"types":[],"executionMS":0.0004870891571044922} []
[2023-09-01T09:50:16.434350-03:00] log.DEBUG: SELECT `codnum` AS `lf`, `descripcion` AS `df`, '' AS `df2`, '' AS `df3`, '' AS `df4` FROM `localidades` WHERE `codnum` = 8 ORDER BY `descripcion` ASC {"params":[],"types":[],"executionMS":0.0007410049438476562} []
[2023-09-01T09:50:16.435513-03:00] log.DEBUG: SELECT `codnum` AS `lf`, `descripcion` AS `df`, '' AS `df2`, '' AS `df3`, '' AS `df4` FROM `localidades` WHERE `codnum` = 413 ORDER BY `descripcion` ASC {"params":[],"types":[],"executionMS":0.0004980564117431641} []
[2023-09-01T09:50:16.436782-03:00] log.DEBUG: SELECT `codnum` AS `lf`, `descripcion` AS `df`, '' AS `df2`, '' AS `df3`, '' AS `df4` FROM `localidades` WHERE `codnum` = 413 ORDER BY `descripcion` ASC {"params":[],"types":[],"executionMS":0.0006148815155029297} []
[2023-09-01T09:50:16.437897-03:00] log.DEBUG: SELECT `codnum` AS `lf`, `descripcion` AS `df`, '' AS `df2`, '' AS `df3`, '' AS `df4` FROM `localidades` WHERE `codnum` = 413 ORDER BY `descripcion` ASC {"params":[],"types":[],"executionMS":0.0004341602325439453} []
[2023-09-01T09:50:16.439768-03:00] log.DEBUG: SELECT `codnum` AS `lf`, `descripcion` AS `df`, '' AS `df2`, '' AS `df3`, '' AS `df4` FROM `localidades` WHERE `codnum` = 413 ORDER BY `descripcion` ASC {"params":[],"types":[],"executionMS":0.0011758804321289062} []
[2023-09-01T09:50:16.440904-03:00] log.DEBUG: SELECT `codnum` AS `lf`, `descripcion` AS `df`, '' AS `df2`, '' AS `df3`, '' AS `df4` FROM `localidades` WHERE `codnum` = 32 ORDER BY `descripcion` ASC {"params":[],"types":[],"executionMS":0.0004830360412597656} []
[2023-09-01T09:50:16.442561-03:00] log.DEBUG: SELECT `codnum` AS `lf`, `descripcion` AS `df`, '' AS `df2`, '' AS `df3`, '' AS `df4` FROM `localidades` WHERE `codnum` = 413 ORDER BY `descripcion` ASC {"params":[],"types":[],"executionMS":0.0009980201721191406} []
[2023-09-01T09:50:16.444152-03:00] log.DEBUG: SELECT `codnum` AS `lf`, `descripcion` AS `df`, '' AS `df2`, '' AS `df3`, '' AS `df4` FROM `localidades` WHERE `codnum` = 29 ORDER BY `descripcion` ASC {"params":[],"types":[],"executionMS":0.0009238719940185547} []
[2023-09-01T09:50:16.445439-03:00] log.DEBUG: SELECT `codnum` AS `lf`, `descripcion` AS `df`, '' AS `df2`, '' AS `df3`, '' AS `df4` FROM `localidades` WHERE `codnum` = 413 ORDER BY `descripcion` ASC {"params":[],"types":[],"executionMS":0.0006530284881591797} []
[2023-09-01T09:50:16.446572-03:00] log.DEBUG: SELECT `codnum` AS `lf`, `descripcion` AS `df`, '' AS `df2`, '' AS `df3`, '' AS `df4` FROM `localidades` WHERE `codnum` = 413 ORDER BY `descripcion` ASC {"params":[],"types":[],"executionMS":0.00047516822814941406} []
[2023-09-01T09:50:16.447748-03:00] log.DEBUG: SELECT `codnum` AS `lf`, `descripcion` AS `df`, '' AS `df2`, '' AS `df3`, '' AS `df4` FROM `localidades` WHERE `codnum` = 48 ORDER BY `descripcion` ASC {"params":[],"types":[],"executionMS":0.0005199909210205078} []
[2023-09-01T09:50:16.448850-03:00] log.DEBUG: SELECT `codnum` AS `lf`, `descripcion` AS `df`, '' AS `df2`, '' AS `df3`, '' AS `df4` FROM `localidades` WHERE `codnum` = 413 ORDER BY `descripcion` ASC {"params":[],"types":[],"executionMS":0.00043201446533203125} []
[2023-09-01T09:50:22.506755-03:00] log.DEBUG: SELECT COUNT(*) FROM `paises` {"params":[],"types":[],"executionMS":0.0013420581817626953} []
[2023-09-01T09:50:22.507628-03:00] log.DEBUG: SELECT `codnum` AS `lf`, `descripcion` AS `df`, '' AS `df2`, '' AS `df3`, '' AS `df4` FROM `paises` ORDER BY `descripcion` ASC {"params":[],"types":[],"executionMS":0.0005941390991210938} []
[2023-09-01T09:50:22.509129-03:00] log.DEBUG: SELECT COUNT(*) FROM `provincias` {"params":[],"types":[],"executionMS":0.0009639263153076172} []
[2023-09-01T09:50:22.509743-03:00] log.DEBUG: SELECT `codnum` AS `lf`, `descripcion` AS `df`, '' AS `df2`, '' AS `df3`, '' AS `df4`, `codpais` AS `ff` FROM `provincias` ORDER BY `descripcion` ASC {"params":[],"types":[],"executionMS":0.0005249977111816406} []
[2023-09-01T09:50:22.512490-03:00] log.DEBUG: SELECT COUNT(*) FROM `localidades` {"params":[],"types":[],"executionMS":0.001950979232788086} []
[2023-09-01T09:50:22.513624-03:00] log.DEBUG: SELECT COUNT(*) FROM `tipoenti` {"params":[],"types":[],"executionMS":0.0007610321044921875} []
[2023-09-01T09:50:22.514259-03:00] log.DEBUG: SELECT `codnum` AS `lf`, `descripcion` AS `df`, '' AS `df2`, '' AS `df3`, '' AS `df4` FROM `tipoenti` ORDER BY `descripcion` ASC {"params":[],"types":[],"executionMS":0.0005550384521484375} []
[2023-09-01T09:50:22.517151-03:00] log.DEBUG: SELECT COUNT(*) FROM `tipoiva` {"params":[],"types":[],"executionMS":0.0024459362030029297} []
[2023-09-01T09:50:22.517700-03:00] log.DEBUG: SELECT `codnum` AS `lf`, `descrip` AS `df`, '' AS `df2`, '' AS `df3`, '' AS `df4` FROM `tipoiva` ORDER BY `descrip` ASC {"params":[],"types":[],"executionMS":0.0004730224609375} []
[2023-09-01T09:50:22.518938-03:00] log.DEBUG: SELECT COUNT(*) FROM `calificacion` {"params":[],"types":[],"executionMS":0.0007359981536865234} []
[2023-09-01T09:50:22.519516-03:00] log.DEBUG: SELECT `codnum` AS `lf`, `descripcion` AS `df`, '' AS `df2`, '' AS `df3`, '' AS `df4` FROM `calificacion` ORDER BY `descripcion` ASC {"params":[],"types":[],"executionMS":0.0004961490631103516} []
[2023-09-01T09:50:22.520763-03:00] log.DEBUG: SELECT COUNT(*) FROM `tipoindustria` {"params":[],"types":[],"executionMS":0.0007851123809814453} []
[2023-09-01T09:50:22.521403-03:00] log.DEBUG: SELECT `codnum` AS `lf`, `nomre` AS `df`, '' AS `df2`, '' AS `df3`, '' AS `df4` FROM `tipoindustria` ORDER BY `nomre` ASC {"params":[],"types":[],"executionMS":0.0005588531494140625} []
[2023-09-01T09:50:22.569700-03:00] log.DEBUG: SELECT COUNT(*) FROM `entidades` WHERE (`razsoc` LIKE '%SORIA%' AND `razsoc` LIKE '%MARIA%' AND `razsoc` LIKE '%CONCEPCION%') OR (`calle` LIKE '%SORIA%' AND `calle` LIKE '%MARIA%' AND `calle` LIKE '%CONCEPCION%') OR (`numero` LIKE '%SORIA%' AND `numero` LIKE '%MARIA%' AND `numero` LIKE '%CONCEPCION%') OR (`pisodto` LIKE '%SORIA%' AND `pisodto` LIKE '%MARIA%' AND `pisodto` LIKE '%CONCEPCION%') OR (`codpost` LIKE '%SORIA%' AND `codpost` LIKE '%MARIA%' AND `codpost` LIKE '%CONCEPCION%') OR (`tellinea` LIKE '%SORIA%' AND `tellinea` LIKE '%MARIA%' AND `tellinea` LIKE '%CONCEPCION%') OR (`telcelu` LIKE '%SORIA%' AND `telcelu` LIKE '%MARIA%' AND `telcelu` LIKE '%CONCEPCION%') OR (`cuit` LIKE '%SORIA%' AND `cuit` LIKE '%MARIA%' AND `cuit` LIKE '%CONCEPCION%') OR (`contacto` LIKE '%SORIA%' AND `contacto` LIKE '%MARIA%' AND `contacto` LIKE '%CONCEPCION%') OR (`mailcont` LIKE '%SORIA%' AND `mailcont` LIKE '%MARIA%' AND `mailcont` LIKE '%CONCEPCION%') OR (`cargo` LIKE '%SORIA%' AND `cargo` LIKE '%MARIA%' AND `cargo` LIKE '%CONCEPCION%') OR (`pagweb` LIKE '%SORIA%' AND `pagweb` LIKE '%MARIA%' AND `pagweb` LIKE '%CONCEPCION%') {"params":[],"types":[],"executionMS":0.03924202919006348} []
[2023-09-01T09:50:22.614939-03:00] log.DEBUG: SELECT * FROM `entidades` WHERE (`razsoc` LIKE '%SORIA%' AND `razsoc` LIKE '%MARIA%' AND `razsoc` LIKE '%CONCEPCION%') OR (`calle` LIKE '%SORIA%' AND `calle` LIKE '%MARIA%' AND `calle` LIKE '%CONCEPCION%') OR (`numero` LIKE '%SORIA%' AND `numero` LIKE '%MARIA%' AND `numero` LIKE '%CONCEPCION%') OR (`pisodto` LIKE '%SORIA%' AND `pisodto` LIKE '%MARIA%' AND `pisodto` LIKE '%CONCEPCION%') OR (`codpost` LIKE '%SORIA%' AND `codpost` LIKE '%MARIA%' AND `codpost` LIKE '%CONCEPCION%') OR (`tellinea` LIKE '%SORIA%' AND `tellinea` LIKE '%MARIA%' AND `tellinea` LIKE '%CONCEPCION%') OR (`telcelu` LIKE '%SORIA%' AND `telcelu` LIKE '%MARIA%' AND `telcelu` LIKE '%CONCEPCION%') OR (`cuit` LIKE '%SORIA%' AND `cuit` LIKE '%MARIA%' AND `cuit` LIKE '%CONCEPCION%') OR (`contacto` LIKE '%SORIA%' AND `contacto` LIKE '%MARIA%' AND `contacto` LIKE '%CONCEPCION%') OR (`mailcont` LIKE '%SORIA%' AND `mailcont` LIKE '%MARIA%' AND `mailcont` LIKE '%CONCEPCION%') OR (`cargo` LIKE '%SORIA%' AND `cargo` LIKE '%MARIA%' AND `cargo` LIKE '%CONCEPCION%') OR (`pagweb` LIKE '%SORIA%' AND `pagweb` LIKE '%MARIA%' AND `pagweb` LIKE '%CONCEPCION%') LIMIT 20 {"params":[],"types":[],"executionMS":0.04483294486999512} []
[2023-09-01T09:50:22.617591-03:00] log.DEBUG: SELECT `codnum` AS `lf`, `descripcion` AS `df`, '' AS `df2`, '' AS `df3`, '' AS `df4` FROM `localidades` WHERE `codnum` = 413 ORDER BY `descripcion` ASC {"params":[],"types":[],"executionMS":0.0006461143493652344} []
[2023-09-01T09:50:22.619003-03:00] log.DEBUG: SELECT `codnum` AS `lf`, `descripcion` AS `df`, '' AS `df2`, '' AS `df3`, '' AS `df4` FROM `localidades` WHERE `codnum` = 413 ORDER BY `descripcion` ASC {"params":[],"types":[],"executionMS":0.0005748271942138672} []
[2023-09-01T09:53:20.355441-03:00] log.DEBUG: SELECT COUNT(*) FROM `concafactven` {"params":[],"types":[],"executionMS":0.0013508796691894531} []
[2023-09-01T09:53:20.356733-03:00] log.DEBUG: SELECT * FROM `concafactven` LIMIT 20 {"params":[],"types":[],"executionMS":0.0008828639984130859} []
[2023-09-01T11:49:39.239145-03:00] log.DEBUG: 400 Bad Request Type: Slim\Exception\HttpBadRequestException Code: 400 Message: Invalid post request File: /var/www/Subastas2021/src/PermissionMiddleware.php Line: 115 Trace: #0 /var/www/Subastas2021/vendor/slim/slim/Slim/MiddlewareDispatcher.php(168): PHPMaker2021\Subastas2021\PermissionMiddleware->__invoke() #1 /var/www/Subastas2021/vendor/slim/slim/Slim/MiddlewareDispatcher.php(65): Psr\Http\Server\RequestHandlerInterface@anonymous->handle() #2 /var/www/Subastas2021/vendor/slim/slim/Slim/MiddlewareDispatcher.php(65): Slim\MiddlewareDispatcher->handle() #3 /var/www/Subastas2021/vendor/slim/slim/Slim/Routing/Route.php(315): Slim\MiddlewareDispatcher->handle() #4 /var/www/Subastas2021/vendor/slim/slim/Slim/Routing/RouteRunner.php(68): Slim\Routing\Route->run() #5 /var/www/Subastas2021/vendor/slim/slim/Slim/Middleware/BodyParsingMiddleware.php(64): Slim\Routing\RouteRunner->handle() #6 /var/www/Subastas2021/vendor/slim/slim/Slim/MiddlewareDispatcher.php(121): Slim\Middleware\BodyParsingMiddleware->process() #7 /var/www/Subastas2021/src/CorsMiddleware.php(32): Psr\Http\Server\RequestHandlerInterface@anonymous->handle() #8 /var/www/Subastas2021/vendor/slim/slim/Slim/MiddlewareDispatcher.php(121): PHPMaker2021\Subastas2021\CorsMiddleware->process() #9 /var/www/Subastas2021/vendor/slim/slim/Slim/Middleware/RoutingMiddleware.php(45): Psr\Http\Server\RequestHandlerInterface@anonymous->handle() #10 /var/www/Subastas2021/vendor/slim/slim/Slim/MiddlewareDispatcher.php(121): Slim\Middleware\RoutingMiddleware->process() #11 /var/www/Subastas2021/vendor/selective/samesite-cookie/src/SameSiteCookieMiddleware.php(52): Psr\Http\Server\RequestHandlerInterface@anonymous->handle() #12 /var/www/Subastas2021/vendor/slim/slim/Slim/MiddlewareDispatcher.php(121): Selective\SameSiteCookie\SameSiteCookieMiddleware->process() #13 /var/www/Subastas2021/vendor/selective/samesite-cookie/src/SameSiteSessionMiddleware.php(44): Psr\Http\Server\RequestHandlerInterface@anonymous->handle() #14 /var/www/Subastas2021/vendor/slim/slim/Slim/MiddlewareDispatcher.php(121): Selective\SameSiteCookie\SameSiteSessionMiddleware->process() #15 /var/www/Subastas2021/vendor/slim/slim/Slim/Middleware/ErrorMiddleware.php(76): Psr\Http\Server\RequestHandlerInterface@anonymous->handle() #16 /var/www/Subastas2021/vendor/slim/slim/Slim/MiddlewareDispatcher.php(121): Slim\Middleware\ErrorMiddleware->process() #17 /var/www/Subastas2021/vendor/slim/slim/Slim/MiddlewareDispatcher.php(65): Psr\Http\Server\RequestHandlerInterface@anonymous->handle() #18 /var/www/Subastas2021/vendor/slim/slim/Slim/App.php(199): Slim\MiddlewareDispatcher->handle() #19 /var/www/Subastas2021/vendor/slim/slim/Slim/App.php(183): Slim\App->handle() #20 /var/www/Subastas2021/index.php(116): Slim\App->run() #21 {main} Tips: To display error details in HTTP response set "displayErrorDetails" to true in the ErrorHandler constructor. [] []
[2023-09-01T12:54:00.126934-03:00] log.DEBUG: 400 Bad Request Type: Slim\Exception\HttpBadRequestException Code: 400 Message: Invalid post request File: /var/www/Subastas2021/src/PermissionMiddleware.php Line: 115 Trace: #0 /var/www/Subastas2021/vendor/slim/slim/Slim/MiddlewareDispatcher.php(168): PHPMaker2021\Subastas2021\PermissionMiddleware->__invoke() #1 /var/www/Subastas2021/vendor/slim/slim/Slim/MiddlewareDispatcher.php(65): Psr\Http\Server\RequestHandlerInterface@anonymous->handle() #2 /var/www/Subastas2021/vendor/slim/slim/Slim/MiddlewareDispatcher.php(65): Slim\MiddlewareDispatcher->handle() #3 /var/www/Subastas2021/vendor/slim/slim/Slim/Routing/Route.php(315): Slim\MiddlewareDispatcher->handle() #4 /var/www/Subastas2021/vendor/slim/slim/Slim/Routing/RouteRunner.php(68): Slim\Routing\Route->run() #5 /var/www/Subastas2021/vendor/slim/slim/Slim/Middleware/BodyParsingMiddleware.php(64): Slim\Routing\RouteRunner->handle() #6 /var/www/Subastas2021/vendor/slim/slim/Slim/MiddlewareDispatcher.php(121): Slim\Middleware\BodyParsingMiddleware->process() #7 /var/www/Subastas2021/src/CorsMiddleware.php(32): Psr\Http\Server\RequestHandlerInterface@anonymous->handle() #8 /var/www/Subastas2021/vendor/slim/slim/Slim/MiddlewareDispatcher.php(121): PHPMaker2021\Subastas2021\CorsMiddleware->process() #9 /var/www/Subastas2021/vendor/slim/slim/Slim/Middleware/RoutingMiddleware.php(45): Psr\Http\Server\RequestHandlerInterface@anonymous->handle() #10 /var/www/Subastas2021/vendor/slim/slim/Slim/MiddlewareDispatcher.php(121): Slim\Middleware\RoutingMiddleware->process() #11 /var/www/Subastas2021/vendor/selective/samesite-cookie/src/SameSiteCookieMiddleware.php(52): Psr\Http\Server\RequestHandlerInterface@anonymous->handle() #12 /var/www/Subastas2021/vendor/slim/slim/Slim/MiddlewareDispatcher.php(121): Selective\SameSiteCookie\SameSiteCookieMiddleware->process() #13 /var/www/Subastas2021/vendor/selective/samesite-cookie/src/SameSiteSessionMiddleware.php(44): Psr\Http\Server\RequestHandlerInterface@anonymous->handle() #14 /var/www/Subastas2021/vendor/slim/slim/Slim/MiddlewareDispatcher.php(121): Selective\SameSiteCookie\SameSiteSessionMiddleware->process() #15 /var/www/Subastas2021/vendor/slim/slim/Slim/Middleware/ErrorMiddleware.php(76): Psr\Http\Server\RequestHandlerInterface@anonymous->handle() #16 /var/www/Subastas2021/vendor/slim/slim/Slim/MiddlewareDispatcher.php(121): Slim\Middleware\ErrorMiddleware->process() #17 /var/www/Subastas2021/vendor/slim/slim/Slim/MiddlewareDispatcher.php(65): Psr\Http\Server\RequestHandlerInterface@anonymous->handle() #18 /var/www/Subastas2021/vendor/slim/slim/Slim/App.php(199): Slim\MiddlewareDispatcher->handle() #19 /var/www/Subastas2021/vendor/slim/slim/Slim/App.php(183): Slim\App->handle() #20 /var/www/Subastas2021/index.php(116): Slim\App->run() #21 {main} Tips: To display error details in HTTP response set "displayErrorDetails" to true in the ErrorHandler constructor. [] []
[2023-09-01T14:47:53.806295-03:00] log.DEBUG: SELECT COUNT(*) FROM `paises` {"params":[],"types":[],"executionMS":0.0013041496276855469} []
[2023-09-01T14:47:53.807511-03:00] log.DEBUG: SELECT `codnum` AS `lf`, `descripcion` AS `df`, '' AS `df2`, '' AS `df3`, '' AS `df4` FROM `paises` ORDER BY `descripcion` ASC {"params":[],"types":[],"executionMS":0.0009360313415527344} []
[2023-09-01T14:47:53.808994-03:00] log.DEBUG: SELECT COUNT(*) FROM `provincias` {"params":[],"types":[],"executionMS":0.000965118408203125} []
[2023-09-01T14:47:53.809830-03:00] log.DEBUG: SELECT `codnum` AS `lf`, `descripcion` AS `df`, '' AS `df2`, '' AS `df3`, '' AS `df4`, `codpais` AS `ff` FROM `provincias` ORDER BY `descripcion` ASC {"params":[],"types":[],"executionMS":0.0007650852203369141} []
[2023-09-01T14:47:53.811681-03:00] log.DEBUG: SELECT COUNT(*) FROM `localidades` {"params":[],"types":[],"executionMS":0.0011801719665527344} []
[2023-09-01T14:47:53.812873-03:00] log.DEBUG: SELECT COUNT(*) FROM `tipoenti` {"params":[],"types":[],"executionMS":0.0008718967437744141} []
[2023-09-01T14:47:53.813578-03:00] log.DEBUG: SELECT `codnum` AS `lf`, `descripcion` AS `df`, '' AS `df2`, '' AS `df3`, '' AS `df4` FROM `tipoenti` ORDER BY `descripcion` ASC {"params":[],"types":[],"executionMS":0.0006330013275146484} []
[2023-09-01T14:47:53.816525-03:00] log.DEBUG: SELECT COUNT(*) FROM `tipoiva` {"params":[],"types":[],"executionMS":0.002523183822631836} []
[2023-09-01T14:47:53.817111-03:00] log.DEBUG: SELECT `codnum` AS `lf`, `descrip` AS `df`, '' AS `df2`, '' AS `df3`, '' AS `df4` FROM `tipoiva` ORDER BY `descrip` ASC {"params":[],"types":[],"executionMS":0.0005080699920654297} []
[2023-09-01T14:47:53.818372-03:00] log.DEBUG: SELECT COUNT(*) FROM `calificacion` {"params":[],"types":[],"executionMS":0.0008330345153808594} []
[2023-09-01T14:47:53.818911-03:00] log.DEBUG: SELECT `codnum` AS `lf`, `descripcion` AS `df`, '' AS `df2`, '' AS `df3`, '' AS `df4` FROM `calificacion` ORDER BY `descripcion` ASC {"params":[],"types":[],"executionMS":0.0004642009735107422} []
[2023-09-01T14:47:53.819938-03:00] log.DEBUG: SELECT COUNT(*) FROM `tipoindustria` {"params":[],"types":[],"executionMS":0.0006220340728759766} []
[2023-09-01T14:47:53.820587-03:00] log.DEBUG: SELECT `codnum` AS `lf`, `nomre` AS `df`, '' AS `df2`, '' AS `df3`, '' AS `df4` FROM `tipoindustria` ORDER BY `nomre` ASC {"params":[],"types":[],"executionMS":0.0005800724029541016} []
[2023-09-01T14:47:53.827369-03:00] log.DEBUG: SELECT COUNT(*) FROM `entidades` {"params":[],"types":[],"executionMS":0.003837108612060547} []
[2023-09-01T14:47:53.828427-03:00] log.DEBUG: SELECT * FROM `entidades` LIMIT 20 {"params":[],"types":[],"executionMS":0.0007290840148925781} []
[2023-09-01T14:47:53.831227-03:00] log.DEBUG: SELECT `codnum` AS `lf`, `descripcion` AS `df`, '' AS `df2`, '' AS `df3`, '' AS `df4` FROM `localidades` WHERE `codnum` = 413 ORDER BY `descripcion` ASC {"params":[],"types":[],"executionMS":0.0005619525909423828} []
[2023-09-01T14:47:53.832528-03:00] log.DEBUG: SELECT `codnum` AS `lf`, `descripcion` AS `df`, '' AS `df2`, '' AS `df3`, '' AS `df4` FROM `localidades` WHERE `codnum` = 413 ORDER BY `descripcion` ASC {"params":[],"types":[],"executionMS":0.0005121231079101562} []
[2023-09-01T14:47:53.833604-03:00] log.DEBUG: SELECT `codnum` AS `lf`, `descripcion` AS `df`, '' AS `df2`, '' AS `df3`, '' AS `df4` FROM `localidades` WHERE `codnum` = 9 ORDER BY `descripcion` ASC {"params":[],"types":[],"executionMS":0.0004210472106933594} []
[2023-09-01T14:47:53.834692-03:00] log.DEBUG: SELECT `codnum` AS `lf`, `descripcion` AS `df`, '' AS `df2`, '' AS `df3`, '' AS `df4` FROM `localidades` WHERE `codnum` = 9 ORDER BY `descripcion` ASC {"params":[],"types":[],"executionMS":0.00042700767517089844} []
[2023-09-01T14:47:53.835760-03:00] log.DEBUG: SELECT `codnum` AS `lf`, `descripcion` AS `df`, '' AS `df2`, '' AS `df3`, '' AS `df4` FROM `localidades` WHERE `codnum` = 934 ORDER BY `descripcion` ASC {"params":[],"types":[],"executionMS":0.0003941059112548828} []
[2023-09-01T14:47:53.837070-03:00] log.DEBUG: SELECT `codnum` AS `lf`, `descripcion` AS `df`, '' AS `df2`, '' AS `df3`, '' AS `df4` FROM `localidades` WHERE `codnum` = 28 ORDER BY `descripcion` ASC {"params":[],"types":[],"executionMS":0.0007250308990478516} []
[2023-09-01T14:47:53.838177-03:00] log.DEBUG: SELECT `codnum` AS `lf`, `descripcion` AS `df`, '' AS `df2`, '' AS `df3`, '' AS `df4` FROM `localidades` WHERE `codnum` = 380 ORDER BY `descripcion` ASC {"params":[],"types":[],"executionMS":0.0004830360412597656} []
[2023-09-01T14:47:53.839206-03:00] log.DEBUG: SELECT `codnum` AS `lf`, `descripcion` AS `df`, '' AS `df2`, '' AS `df3`, '' AS `df4` FROM `localidades` WHERE `codnum` = 13 ORDER BY `descripcion` ASC {"params":[],"types":[],"executionMS":0.000392913818359375} []
[2023-09-01T14:47:53.840175-03:00] log.DEBUG: SELECT `codnum` AS `lf`, `descripcion` AS `df`, '' AS `df2`, '' AS `df3`, '' AS `df4` FROM `localidades` WHERE `codnum` = 8 ORDER BY `descripcion` ASC {"params":[],"types":[],"executionMS":0.0003800392150878906} []
[2023-09-01T14:47:53.841178-03:00] log.DEBUG: SELECT `codnum` AS `lf`, `descripcion` AS `df`, '' AS `df2`, '' AS `df3`, '' AS `df4` FROM `localidades` WHERE `codnum` = 413 ORDER BY `descripcion` ASC {"params":[],"types":[],"executionMS":0.0004229545593261719} []
[2023-09-01T14:47:53.842312-03:00] log.DEBUG: SELECT `codnum` AS `lf`, `descripcion` AS `df`, '' AS `df2`, '' AS `df3`, '' AS `df4` FROM `localidades` WHERE `codnum` = 413 ORDER BY `descripcion` ASC {"params":[],"types":[],"executionMS":0.0005581378936767578} []
[2023-09-01T14:47:53.843363-03:00] log.DEBUG: SELECT `codnum` AS `lf`, `descripcion` AS `df`, '' AS `df2`, '' AS `df3`, '' AS `df4` FROM `localidades` WHERE `codnum` = 413 ORDER BY `descripcion` ASC {"params":[],"types":[],"executionMS":0.00040984153747558594} []
[2023-09-01T14:47:53.844439-03:00] log.DEBUG: SELECT `codnum` AS `lf`, `descripcion` AS `df`, '' AS `df2`, '' AS `df3`, '' AS `df4` FROM `localidades` WHERE `codnum` = 413 ORDER BY `descripcion` ASC {"params":[],"types":[],"executionMS":0.000453948974609375} []
[2023-09-01T14:47:53.845473-03:00] log.DEBUG: SELECT `codnum` AS `lf`, `descripcion` AS `df`, '' AS `df2`, '' AS `df3`, '' AS `df4` FROM `localidades` WHERE `codnum` = 32 ORDER BY `descripcion` ASC {"params":[],"types":[],"executionMS":0.0004169940948486328} []
[2023-09-01T14:47:53.846587-03:00] log.DEBUG: SELECT `codnum` AS `lf`, `descripcion` AS `df`, '' AS `df2`, '' AS `df3`, '' AS `df4` FROM `localidades` WHERE `codnum` = 413 ORDER BY `descripcion` ASC {"params":[],"types":[],"executionMS":0.0004940032958984375} []
[2023-09-01T14:47:53.847786-03:00] log.DEBUG: SELECT `codnum` AS `lf`, `descripcion` AS `df`, '' AS `df2`, '' AS `df3`, '' AS `df4` FROM `localidades` WHERE `codnum` = 29 ORDER BY `descripcion` ASC {"params":[],"types":[],"executionMS":0.0005888938903808594} []
[2023-09-01T14:47:53.848831-03:00] log.DEBUG: SELECT `codnum` AS `lf`, `descripcion` AS `df`, '' AS `df2`, '' AS `df3`, '' AS `df4` FROM `localidades` WHERE `codnum` = 413 ORDER BY `descripcion` ASC {"params":[],"types":[],"executionMS":0.0004191398620605469} []
[2023-09-01T14:47:53.849952-03:00] log.DEBUG: SELECT `codnum` AS `lf`, `descripcion` AS `df`, '' AS `df2`, '' AS `df3`, '' AS `df4` FROM `localidades` WHERE `codnum` = 413 ORDER BY `descripcion` ASC {"params":[],"types":[],"executionMS":0.0005052089691162109} []
[2023-09-01T14:47:53.851209-03:00] log.DEBUG: SELECT `codnum` AS `lf`, `descripcion` AS `df`, '' AS `df2`, '' AS `df3`, '' AS `df4` FROM `localidades` WHERE `codnum` = 48 ORDER BY `descripcion` ASC {"params":[],"types":[],"executionMS":0.0005788803100585938} []
[2023-09-01T14:47:53.852404-03:00] log.DEBUG: SELECT `codnum` AS `lf`, `descripcion` AS `df`, '' AS `df2`, '' AS `df3`, '' AS `df4` FROM `localidades` WHERE `codnum` = 413 ORDER BY `descripcion` ASC {"params":[],"types":[],"executionMS":0.0004329681396484375} []
[2023-09-01T14:47:59.401248-03:00] log.DEBUG: SELECT COUNT(*) FROM `paises` {"params":[],"types":[],"executionMS":0.0010859966278076172} []
[2023-09-01T14:47:59.402389-03:00] log.DEBUG: SELECT `codnum` AS `lf`, `descripcion` AS `df`, '' AS `df2`, '' AS `df3`, '' AS `df4` FROM `paises` ORDER BY `descripcion` ASC {"params":[],"types":[],"executionMS":0.0008368492126464844} []
[2023-09-01T14:47:59.403871-03:00] log.DEBUG: SELECT COUNT(*) FROM `provincias` {"params":[],"types":[],"executionMS":0.0009059906005859375} []
[2023-09-01T14:47:59.404755-03:00] log.DEBUG: SELECT `codnum` AS `lf`, `descripcion` AS `df`, '' AS `df2`, '' AS `df3`, '' AS `df4`, `codpais` AS `ff` FROM `provincias` ORDER BY `descripcion` ASC {"params":[],"types":[],"executionMS":0.0007550716400146484} []
[2023-09-01T14:47:59.406556-03:00] log.DEBUG: SELECT COUNT(*) FROM `localidades` {"params":[],"types":[],"executionMS":0.0010831356048583984} []
[2023-09-01T14:47:59.407617-03:00] log.DEBUG: SELECT COUNT(*) FROM `tipoenti` {"params":[],"types":[],"executionMS":0.0007150173187255859} []
[2023-09-01T14:47:59.408116-03:00] log.DEBUG: SELECT `codnum` AS `lf`, `descripcion` AS `df`, '' AS `df2`, '' AS `df3`, '' AS `df4` FROM `tipoenti` ORDER BY `descripcion` ASC {"params":[],"types":[],"executionMS":0.0004210472106933594} []
[2023-09-01T14:47:59.409238-03:00] log.DEBUG: SELECT COUNT(*) FROM `tipoiva` {"params":[],"types":[],"executionMS":0.0006930828094482422} []
[2023-09-01T14:47:59.410323-03:00] log.DEBUG: SELECT `codnum` AS `lf`, `descrip` AS `df`, '' AS `df2`, '' AS `df3`, '' AS `df4` FROM `tipoiva` ORDER BY `descrip` ASC {"params":[],"types":[],"executionMS":0.0010139942169189453} []
[2023-09-01T14:47:59.411389-03:00] log.DEBUG: SELECT COUNT(*) FROM `calificacion` {"params":[],"types":[],"executionMS":0.0006098747253417969} []
[2023-09-01T14:47:59.411874-03:00] log.DEBUG: SELECT `codnum` AS `lf`, `descripcion` AS `df`, '' AS `df2`, '' AS `df3`, '' AS `df4` FROM `calificacion` ORDER BY `descripcion` ASC {"params":[],"types":[],"executionMS":0.0004050731658935547} []
[2023-09-01T14:47:59.413050-03:00] log.DEBUG: SELECT COUNT(*) FROM `tipoindustria` {"params":[],"types":[],"executionMS":0.0006949901580810547} []
[2023-09-01T14:47:59.413583-03:00] log.DEBUG: SELECT `codnum` AS `lf`, `nomre` AS `df`, '' AS `df2`, '' AS `df3`, '' AS `df4` FROM `tipoindustria` ORDER BY `nomre` ASC {"params":[],"types":[],"executionMS":0.0004570484161376953} []
[2023-09-01T14:47:59.469872-03:00] log.DEBUG: SELECT COUNT(*) FROM `entidades` WHERE (`razsoc` LIKE '%Adrián%' AND `razsoc` LIKE '%Elterman%') OR (`calle` LIKE '%Adrián%' AND `calle` LIKE '%Elterman%') OR (`numero` LIKE '%Adrián%' AND `numero` LIKE '%Elterman%') OR (`pisodto` LIKE '%Adrián%' AND `pisodto` LIKE '%Elterman%') OR (`codpost` LIKE '%Adrián%' AND `codpost` LIKE '%Elterman%') OR (`tellinea` LIKE '%Adrián%' AND `tellinea` LIKE '%Elterman%') OR (`telcelu` LIKE '%Adrián%' AND `telcelu` LIKE '%Elterman%') OR (`cuit` LIKE '%Adrián%' AND `cuit` LIKE '%Elterman%') OR (`contacto` LIKE '%Adrián%' AND `contacto` LIKE '%Elterman%') OR (`mailcont` LIKE '%Adrián%' AND `mailcont` LIKE '%Elterman%') OR (`cargo` LIKE '%Adrián%' AND `cargo` LIKE '%Elterman%') OR (`pagweb` LIKE '%Adrián%' AND `pagweb` LIKE '%Elterman%') {"params":[],"types":[],"executionMS":0.04940009117126465} []
[2023-09-01T14:47:59.518278-03:00] log.DEBUG: SELECT * FROM `entidades` WHERE (`razsoc` LIKE '%Adrián%' AND `razsoc` LIKE '%Elterman%') OR (`calle` LIKE '%Adrián%' AND `calle` LIKE '%Elterman%') OR (`numero` LIKE '%Adrián%' AND `numero` LIKE '%Elterman%') OR (`pisodto` LIKE '%Adrián%' AND `pisodto` LIKE '%Elterman%') OR (`codpost` LIKE '%Adrián%' AND `codpost` LIKE '%Elterman%') OR (`tellinea` LIKE '%Adrián%' AND `tellinea` LIKE '%Elterman%') OR (`telcelu` LIKE '%Adrián%' AND `telcelu` LIKE '%Elterman%') OR (`cuit` LIKE '%Adrián%' AND `cuit` LIKE '%Elterman%') OR (`contacto` LIKE '%Adrián%' AND `contacto` LIKE '%Elterman%') OR (`mailcont` LIKE '%Adrián%' AND `mailcont` LIKE '%Elterman%') OR (`cargo` LIKE '%Adrián%' AND `cargo` LIKE '%Elterman%') OR (`pagweb` LIKE '%Adrián%' AND `pagweb` LIKE '%Elterman%') LIMIT 20 {"params":[],"types":[],"executionMS":0.047612905502319336} []
[2023-09-01T14:47:59.522236-03:00] log.DEBUG: SELECT `codnum` AS `lf`, `descripcion` AS `df`, '' AS `df2`, '' AS `df3`, '' AS `df4` FROM `localidades` WHERE `codnum` = 413 ORDER BY `descripcion` ASC {"params":[],"types":[],"executionMS":0.0010271072387695312} []
[2023-09-01T15:47:54.355688-03:00] log.DEBUG: SELECT COUNT(*) FROM `paises` {"params":[],"types":[],"executionMS":0.0015549659729003906} []
[2023-09-01T15:47:54.357278-03:00] log.DEBUG: SELECT `codnum` AS `lf`, `descripcion` AS `df`, '' AS `df2`, '' AS `df3`, '' AS `df4` FROM `paises` ORDER BY `descripcion` ASC {"params":[],"types":[],"executionMS":0.0011069774627685547} []
[2023-09-01T15:47:54.359447-03:00] log.DEBUG: SELECT COUNT(*) FROM `provincias` {"params":[],"types":[],"executionMS":0.0011820793151855469} []
[2023-09-01T15:47:54.360384-03:00] log.DEBUG: SELECT `codnum` AS `lf`, `descripcion` AS `df`, '' AS `df2`, '' AS `df3`, '' AS `df4`, `codpais` AS `ff` FROM `provincias` ORDER BY `descripcion` ASC {"params":[],"types":[],"executionMS":0.0007770061492919922} []
[2023-09-01T15:47:54.363040-03:00] log.DEBUG: SELECT COUNT(*) FROM `localidades` {"params":[],"types":[],"executionMS":0.0013570785522460938} []
[2023-09-01T15:47:54.364151-03:00] log.DEBUG: SELECT COUNT(*) FROM `tipoenti` {"params":[],"types":[],"executionMS":0.0007507801055908203} []
[2023-09-01T15:47:54.364699-03:00] log.DEBUG: SELECT `codnum` AS `lf`, `descripcion` AS `df`, '' AS `df2`, '' AS `df3`, '' AS `df4` FROM `tipoenti` ORDER BY `descripcion` ASC {"params":[],"types":[],"executionMS":0.0004558563232421875} []
[2023-09-01T15:47:54.365835-03:00] log.DEBUG: SELECT COUNT(*) FROM `tipoiva` {"params":[],"types":[],"executionMS":0.0006880760192871094} []
[2023-09-01T15:47:54.366346-03:00] log.DEBUG: SELECT `codnum` AS `lf`, `descrip` AS `df`, '' AS `df2`, '' AS `df3`, '' AS `df4` FROM `tipoiva` ORDER BY `descrip` ASC {"params":[],"types":[],"executionMS":0.0004210472106933594} []
[2023-09-01T15:47:54.367468-03:00] log.DEBUG: SELECT COUNT(*) FROM `calificacion` {"params":[],"types":[],"executionMS":0.0006899833679199219} []
[2023-09-01T15:47:54.367974-03:00] log.DEBUG: SELECT `codnum` AS `lf`, `descripcion` AS `df`, '' AS `df2`, '' AS `df3`, '' AS `df4` FROM `calificacion` ORDER BY `descripcion` ASC {"params":[],"types":[],"executionMS":0.0004229545593261719} []
[2023-09-01T15:47:54.369520-03:00] log.DEBUG: SELECT COUNT(*) FROM `tipoindustria` {"params":[],"types":[],"executionMS":0.0011260509490966797} []
[2023-09-01T15:47:54.370078-03:00] log.DEBUG: SELECT `codnum` AS `lf`, `nomre` AS `df`, '' AS `df2`, '' AS `df3`, '' AS `df4` FROM `tipoindustria` ORDER BY `nomre` ASC {"params":[],"types":[],"executionMS":0.000476837158203125} []
[2023-09-01T15:47:54.376196-03:00] log.DEBUG: SELECT COUNT(*) FROM `entidades` {"params":[],"types":[],"executionMS":0.003445148468017578} []
[2023-09-01T15:47:54.377211-03:00] log.DEBUG: SELECT * FROM `entidades` LIMIT 20 {"params":[],"types":[],"executionMS":0.000720977783203125} []
[2023-09-01T15:47:54.380372-03:00] log.DEBUG: SELECT `codnum` AS `lf`, `descripcion` AS `df`, '' AS `df2`, '' AS `df3`, '' AS `df4` FROM `localidades` WHERE `codnum` = 413 ORDER BY `descripcion` ASC {"params":[],"types":[],"executionMS":0.0012640953063964844} []
[2023-09-01T15:47:54.383273-03:00] log.DEBUG: SELECT `codnum` AS `lf`, `descripcion` AS `df`, '' AS `df2`, '' AS `df3`, '' AS `df4` FROM `localidades` WHERE `codnum` = 413 ORDER BY `descripcion` ASC {"params":[],"types":[],"executionMS":0.0021071434020996094} []
[2023-09-01T15:47:54.386337-03:00] log.DEBUG: SELECT `codnum` AS `lf`, `descripcion` AS `df`, '' AS `df2`, '' AS `df3`, '' AS `df4` FROM `localidades` WHERE `codnum` = 9 ORDER BY `descripcion` ASC {"params":[],"types":[],"executionMS":0.0021560192108154297} []
[2023-09-01T15:47:54.387552-03:00] log.DEBUG: SELECT `codnum` AS `lf`, `descripcion` AS `df`, '' AS `df2`, '' AS `df3`, '' AS `df4` FROM `localidades` WHERE `codnum` = 9 ORDER BY `descripcion` ASC {"params":[],"types":[],"executionMS":0.00047397613525390625} []
[2023-09-01T15:47:54.389076-03:00] log.DEBUG: SELECT `codnum` AS `lf`, `descripcion` AS `df`, '' AS `df2`, '' AS `df3`, '' AS `df4` FROM `localidades` WHERE `codnum` = 934 ORDER BY `descripcion` ASC {"params":[],"types":[],"executionMS":0.0008349418640136719} []
[2023-09-01T15:47:54.390150-03:00] log.DEBUG: SELECT `codnum` AS `lf`, `descripcion` AS `df`, '' AS `df2`, '' AS `df3`, '' AS `df4` FROM `localidades` WHERE `codnum` = 28 ORDER BY `descripcion` ASC {"params":[],"types":[],"executionMS":0.00044608116149902344} []
[2023-09-01T15:47:54.391253-03:00] log.DEBUG: SELECT `codnum` AS `lf`, `descripcion` AS `df`, '' AS `df2`, '' AS `df3`, '' AS `df4` FROM `localidades` WHERE `codnum` = 380 ORDER BY `descripcion` ASC {"params":[],"types":[],"executionMS":0.0004680156707763672} []
[2023-09-01T15:47:54.392262-03:00] log.DEBUG: SELECT `codnum` AS `lf`, `descripcion` AS `df`, '' AS `df2`, '' AS `df3`, '' AS `df4` FROM `localidades` WHERE `codnum` = 13 ORDER BY `descripcion` ASC {"params":[],"types":[],"executionMS":0.00040602684020996094} []
[2023-09-01T15:47:54.393456-03:00] log.DEBUG: SELECT `codnum` AS `lf`, `descripcion` AS `df`, '' AS `df2`, '' AS `df3`, '' AS `df4` FROM `localidades` WHERE `codnum` = 8 ORDER BY `descripcion` ASC {"params":[],"types":[],"executionMS":0.0005948543548583984} []
[2023-09-01T15:47:54.394527-03:00] log.DEBUG: SELECT `codnum` AS `lf`, `descripcion` AS `df`, '' AS `df2`, '' AS `df3`, '' AS `df4` FROM `localidades` WHERE `codnum` = 413 ORDER BY `descripcion` ASC {"params":[],"types":[],"executionMS":0.0004749298095703125} []
[2023-09-01T15:47:54.395728-03:00] log.DEBUG: SELECT `codnum` AS `lf`, `descripcion` AS `df`, '' AS `df2`, '' AS `df3`, '' AS `df4` FROM `localidades` WHERE `codnum` = 413 ORDER BY `descripcion` ASC {"params":[],"types":[],"executionMS":0.0005879402160644531} []
[2023-09-01T15:47:54.396829-03:00] log.DEBUG: SELECT `codnum` AS `lf`, `descripcion` AS `df`, '' AS `df2`, '' AS `df3`, '' AS `df4` FROM `localidades` WHERE `codnum` = 413 ORDER BY `descripcion` ASC {"params":[],"types":[],"executionMS":0.00045418739318847656} []
[2023-09-01T15:47:54.397920-03:00] log.DEBUG: SELECT `codnum` AS `lf`, `descripcion` AS `df`, '' AS `df2`, '' AS `df3`, '' AS `df4` FROM `localidades` WHERE `codnum` = 413 ORDER BY `descripcion` ASC {"params":[],"types":[],"executionMS":0.00044417381286621094} []
[2023-09-01T15:47:54.399108-03:00] log.DEBUG: SELECT `codnum` AS `lf`, `descripcion` AS `df`, '' AS `df2`, '' AS `df3`, '' AS `df4` FROM `localidades` WHERE `codnum` = 32 ORDER BY `descripcion` ASC {"params":[],"types":[],"executionMS":0.0005359649658203125} []
[2023-09-01T15:47:54.400185-03:00] log.DEBUG: SELECT `codnum` AS `lf`, `descripcion` AS `df`, '' AS `df2`, '' AS `df3`, '' AS `df4` FROM `localidades` WHERE `codnum` = 413 ORDER BY `descripcion` ASC {"params":[],"types":[],"executionMS":0.0004100799560546875} []
[2023-09-01T15:47:54.401276-03:00] log.DEBUG: SELECT `codnum` AS `lf`, `descripcion` AS `df`, '' AS `df2`, '' AS `df3`, '' AS `df4` FROM `localidades` WHERE `codnum` = 29 ORDER BY `descripcion` ASC {"params":[],"types":[],"executionMS":0.00043320655822753906} []
[2023-09-01T15:47:54.402465-03:00] log.DEBUG: SELECT `codnum` AS `lf`, `descripcion` AS `df`, '' AS `df2`, '' AS `df3`, '' AS `df4` FROM `localidades` WHERE `codnum` = 413 ORDER BY `descripcion` ASC {"params":[],"types":[],"executionMS":0.0005359649658203125} []
[2023-09-01T15:47:54.403655-03:00] log.DEBUG: SELECT `codnum` AS `lf`, `descripcion` AS `df`, '' AS `df2`, '' AS `df3`, '' AS `df4` FROM `localidades` WHERE `codnum` = 413 ORDER BY `descripcion` ASC {"params":[],"types":[],"executionMS":0.0005409717559814453} []
[2023-09-01T15:47:54.404738-03:00] log.DEBUG: SELECT `codnum` AS `lf`, `descripcion` AS `df`, '' AS `df2`, '' AS `df3`, '' AS `df4` FROM `localidades` WHERE `codnum` = 48 ORDER BY `descripcion` ASC {"params":[],"types":[],"executionMS":0.0004858970642089844} []
[2023-09-01T15:47:54.405889-03:00] log.DEBUG: SELECT `codnum` AS `lf`, `descripcion` AS `df`, '' AS `df2`, '' AS `df3`, '' AS `df4` FROM `localidades` WHERE `codnum` = 413 ORDER BY `descripcion` ASC {"params":[],"types":[],"executionMS":0.0005528926849365234} []
[2023-09-01T15:48:00.138445-03:00] log.DEBUG: SELECT COUNT(*) FROM `paises` {"params":[],"types":[],"executionMS":0.0016660690307617188} []
[2023-09-01T15:48:00.139828-03:00] log.DEBUG: SELECT `codnum` AS `lf`, `descripcion` AS `df`, '' AS `df2`, '' AS `df3`, '' AS `df4` FROM `paises` ORDER BY `descripcion` ASC {"params":[],"types":[],"executionMS":0.0009291172027587891} []
[2023-09-01T15:48:00.142362-03:00] log.DEBUG: SELECT COUNT(*) FROM `provincias` {"params":[],"types":[],"executionMS":0.001580953598022461} []
[2023-09-01T15:48:00.143231-03:00] log.DEBUG: SELECT `codnum` AS `lf`, `descripcion` AS `df`, '' AS `df2`, '' AS `df3`, '' AS `df4`, `codpais` AS `ff` FROM `provincias` ORDER BY `descripcion` ASC {"params":[],"types":[],"executionMS":0.0007328987121582031} []
[2023-09-01T15:48:00.146893-03:00] log.DEBUG: SELECT COUNT(*) FROM `localidades` {"params":[],"types":[],"executionMS":0.002458810806274414} []
[2023-09-01T15:48:00.147977-03:00] log.DEBUG: SELECT COUNT(*) FROM `tipoenti` {"params":[],"types":[],"executionMS":0.0007488727569580078} []
[2023-09-01T15:48:00.148547-03:00] log.DEBUG: SELECT `codnum` AS `lf`, `descripcion` AS `df`, '' AS `df2`, '' AS `df3`, '' AS `df4` FROM `tipoenti` ORDER BY `descripcion` ASC {"params":[],"types":[],"executionMS":0.00049591064453125} []
[2023-09-01T15:48:00.149746-03:00] log.DEBUG: SELECT COUNT(*) FROM `tipoiva` {"params":[],"types":[],"executionMS":0.0007760524749755859} []
[2023-09-01T15:48:00.150267-03:00] log.DEBUG: SELECT `codnum` AS `lf`, `descrip` AS `df`, '' AS `df2`, '' AS `df3`, '' AS `df4` FROM `tipoiva` ORDER BY `descrip` ASC {"params":[],"types":[],"executionMS":0.0004470348358154297} []
[2023-09-01T15:48:00.151445-03:00] log.DEBUG: SELECT COUNT(*) FROM `calificacion` {"params":[],"types":[],"executionMS":0.0007569789886474609} []
[2023-09-01T15:48:00.151951-03:00] log.DEBUG: SELECT `codnum` AS `lf`, `descripcion` AS `df`, '' AS `df2`, '' AS `df3`, '' AS `df4` FROM `calificacion` ORDER BY `descripcion` ASC {"params":[],"types":[],"executionMS":0.0004410743713378906} []
[2023-09-01T15:48:00.165537-03:00] log.DEBUG: SELECT COUNT(*) FROM `tipoindustria` {"params":[],"types":[],"executionMS":0.013153076171875} []
[2023-09-01T15:48:00.166363-03:00] log.DEBUG: SELECT `codnum` AS `lf`, `nomre` AS `df`, '' AS `df2`, '' AS `df3`, '' AS `df4` FROM `tipoindustria` ORDER BY `nomre` ASC {"params":[],"types":[],"executionMS":0.0007150173187255859} []
[2023-09-01T15:48:00.216074-03:00] log.DEBUG: SELECT COUNT(*) FROM `entidades` WHERE (`razsoc` LIKE '%BLANCO%' AND `razsoc` LIKE '%KARDEL%' AND `razsoc` LIKE '%JUAN%' AND `razsoc` LIKE '%MANUEL%') OR (`calle` LIKE '%BLANCO%' AND `calle` LIKE '%KARDEL%' AND `calle` LIKE '%JUAN%' AND `calle` LIKE '%MANUEL%') OR (`numero` LIKE '%BLANCO%' AND `numero` LIKE '%KARDEL%' AND `numero` LIKE '%JUAN%' AND `numero` LIKE '%MANUEL%') OR (`pisodto` LIKE '%BLANCO%' AND `pisodto` LIKE '%KARDEL%' AND `pisodto` LIKE '%JUAN%' AND `pisodto` LIKE '%MANUEL%') OR (`codpost` LIKE '%BLANCO%' AND `codpost` LIKE '%KARDEL%' AND `codpost` LIKE '%JUAN%' AND `codpost` LIKE '%MANUEL%') OR (`tellinea` LIKE '%BLANCO%' AND `tellinea` LIKE '%KARDEL%' AND `tellinea` LIKE '%JUAN%' AND `tellinea` LIKE '%MANUEL%') OR (`telcelu` LIKE '%BLANCO%' AND `telcelu` LIKE '%KARDEL%' AND `telcelu` LIKE '%JUAN%' AND `telcelu` LIKE '%MANUEL%') OR (`cuit` LIKE '%BLANCO%' AND `cuit` LIKE '%KARDEL%' AND `cuit` LIKE '%JUAN%' AND `cuit` LIKE '%MANUEL%') OR (`contacto` LIKE '%BLANCO%' AND `contacto` LIKE '%KARDEL%' AND `contacto` LIKE '%JUAN%' AND `contacto` LIKE '%MANUEL%') OR (`mailcont` LIKE '%BLANCO%' AND `mailcont` LIKE '%KARDEL%' AND `mailcont` LIKE '%JUAN%' AND `mailcont` LIKE '%MANUEL%') OR (`cargo` LIKE '%BLANCO%' AND `cargo` LIKE '%KARDEL%' AND `cargo` LIKE '%JUAN%' AND `cargo` LIKE '%MANUEL%') OR (`pagweb` LIKE '%BLANCO%' AND `pagweb` LIKE '%KARDEL%' AND `pagweb` LIKE '%JUAN%' AND `pagweb` LIKE '%MANUEL%') {"params":[],"types":[],"executionMS":0.037407875061035156} []
[2023-09-01T15:48:00.256946-03:00] log.DEBUG: SELECT * FROM `entidades` WHERE (`razsoc` LIKE '%BLANCO%' AND `razsoc` LIKE '%KARDEL%' AND `razsoc` LIKE '%JUAN%' AND `razsoc` LIKE '%MANUEL%') OR (`calle` LIKE '%BLANCO%' AND `calle` LIKE '%KARDEL%' AND `calle` LIKE '%JUAN%' AND `calle` LIKE '%MANUEL%') OR (`numero` LIKE '%BLANCO%' AND `numero` LIKE '%KARDEL%' AND `numero` LIKE '%JUAN%' AND `numero` LIKE '%MANUEL%') OR (`pisodto` LIKE '%BLANCO%' AND `pisodto` LIKE '%KARDEL%' AND `pisodto` LIKE '%JUAN%' AND `pisodto` LIKE '%MANUEL%') OR (`codpost` LIKE '%BLANCO%' AND `codpost` LIKE '%KARDEL%' AND `codpost` LIKE '%JUAN%' AND `codpost` LIKE '%MANUEL%') OR (`tellinea` LIKE '%BLANCO%' AND `tellinea` LIKE '%KARDEL%' AND `tellinea` LIKE '%JUAN%' AND `tellinea` LIKE '%MANUEL%') OR (`telcelu` LIKE '%BLANCO%' AND `telcelu` LIKE '%KARDEL%' AND `telcelu` LIKE '%JUAN%' AND `telcelu` LIKE '%MANUEL%') OR (`cuit` LIKE '%BLANCO%' AND `cuit` LIKE '%KARDEL%' AND `cuit` LIKE '%JUAN%' AND `cuit` LIKE '%MANUEL%') OR (`contacto` LIKE '%BLANCO%' AND `contacto` LIKE '%KARDEL%' AND `contacto` LIKE '%JUAN%' AND `contacto` LIKE '%MANUEL%') OR (`mailcont` LIKE '%BLANCO%' AND `mailcont` LIKE '%KARDEL%' AND `mailcont` LIKE '%JUAN%' AND `mailcont` LIKE '%MANUEL%') OR (`cargo` LIKE '%BLANCO%' AND `cargo` LIKE '%KARDEL%' AND `cargo` LIKE '%JUAN%' AND `cargo` LIKE '%MANUEL%') OR (`pagweb` LIKE '%BLANCO%' AND `pagweb` LIKE '%KARDEL%' AND `pagweb` LIKE '%JUAN%' AND `pagweb` LIKE '%MANUEL%') LIMIT 20 {"params":[],"types":[],"executionMS":0.04032397270202637} []
[2023-09-01T15:48:00.261534-03:00] log.DEBUG: SELECT `codnum` AS `lf`, `descripcion` AS `df`, '' AS `df2`, '' AS `df3`, '' AS `df4` FROM `localidades` WHERE `codnum` = 15 ORDER BY `descripcion` ASC {"params":[],"types":[],"executionMS":0.0007579326629638672} []
[2023-09-01T15:49:51.729039-03:00] log.DEBUG: SELECT COUNT(*) FROM `paises` {"params":[],"types":[],"executionMS":0.0017061233520507812} []
[2023-09-01T15:49:51.730013-03:00] log.DEBUG: SELECT `codnum` AS `lf`, `descripcion` AS `df`, '' AS `df2`, '' AS `df3`, '' AS `df4` FROM `paises` ORDER BY `descripcion` ASC {"params":[],"types":[],"executionMS":0.0006940364837646484} []
[2023-09-01T15:49:51.731454-03:00] log.DEBUG: SELECT COUNT(*) FROM `provincias` {"params":[],"types":[],"executionMS":0.0008859634399414062} []
[2023-09-01T15:49:51.732035-03:00] log.DEBUG: SELECT `codnum` AS `lf`, `descripcion` AS `df`, '' AS `df2`, '' AS `df3`, '' AS `df4`, `codpais` AS `ff` FROM `provincias` ORDER BY `descripcion` ASC {"params":[],"types":[],"executionMS":0.0004999637603759766} []
[2023-09-01T15:49:51.733758-03:00] log.DEBUG: SELECT COUNT(*) FROM `localidades` {"params":[],"types":[],"executionMS":0.0010039806365966797} []
[2023-09-01T15:49:51.734866-03:00] log.DEBUG: SELECT COUNT(*) FROM `tipoenti` {"params":[],"types":[],"executionMS":0.0007269382476806641} []
[2023-09-01T15:49:51.735444-03:00] log.DEBUG: SELECT `codnum` AS `lf`, `descripcion` AS `df`, '' AS `df2`, '' AS `df3`, '' AS `df4` FROM `tipoenti` ORDER BY `descripcion` ASC {"params":[],"types":[],"executionMS":0.0005030632019042969} []
[2023-09-01T15:49:51.736592-03:00] log.DEBUG: SELECT COUNT(*) FROM `tipoiva` {"params":[],"types":[],"executionMS":0.0007240772247314453} []
[2023-09-01T15:49:51.737100-03:00] log.DEBUG: SELECT `codnum` AS `lf`, `descrip` AS `df`, '' AS `df2`, '' AS `df3`, '' AS `df4` FROM `tipoiva` ORDER BY `descrip` ASC {"params":[],"types":[],"executionMS":0.00043511390686035156} []
[2023-09-01T15:49:51.738446-03:00] log.DEBUG: SELECT COUNT(*) FROM `calificacion` {"params":[],"types":[],"executionMS":0.0009059906005859375} []
[2023-09-01T15:49:51.738912-03:00] log.DEBUG: SELECT `codnum` AS `lf`, `descripcion` AS `df`, '' AS `df2`, '' AS `df3`, '' AS `df4` FROM `calificacion` ORDER BY `descripcion` ASC {"params":[],"types":[],"executionMS":0.00038909912109375} []
[2023-09-01T15:49:51.740551-03:00] log.DEBUG: SELECT COUNT(*) FROM `tipoindustria` {"params":[],"types":[],"executionMS":0.0012199878692626953} []
[2023-09-01T15:49:51.741224-03:00] log.DEBUG: SELECT `codnum` AS `lf`, `nomre` AS `df`, '' AS `df2`, '' AS `df3`, '' AS `df4` FROM `tipoindustria` ORDER BY `nomre` ASC {"params":[],"types":[],"executionMS":0.0005931854248046875} []
[2023-09-01T15:49:51.787948-03:00] log.DEBUG: SELECT COUNT(*) FROM `entidades` WHERE (`razsoc` LIKE '%BLANCO%' AND `razsoc` LIKE '%KARDEL%' AND `razsoc` LIKE '%JUAN%' AND `razsoc` LIKE '%MANUEL%') OR (`calle` LIKE '%BLANCO%' AND `calle` LIKE '%KARDEL%' AND `calle` LIKE '%JUAN%' AND `calle` LIKE '%MANUEL%') OR (`numero` LIKE '%BLANCO%' AND `numero` LIKE '%KARDEL%' AND `numero` LIKE '%JUAN%' AND `numero` LIKE '%MANUEL%') OR (`pisodto` LIKE '%BLANCO%' AND `pisodto` LIKE '%KARDEL%' AND `pisodto` LIKE '%JUAN%' AND `pisodto` LIKE '%MANUEL%') OR (`codpost` LIKE '%BLANCO%' AND `codpost` LIKE '%KARDEL%' AND `codpost` LIKE '%JUAN%' AND `codpost` LIKE '%MANUEL%') OR (`tellinea` LIKE '%BLANCO%' AND `tellinea` LIKE '%KARDEL%' AND `tellinea` LIKE '%JUAN%' AND `tellinea` LIKE '%MANUEL%') OR (`telcelu` LIKE '%BLANCO%' AND `telcelu` LIKE '%KARDEL%' AND `telcelu` LIKE '%JUAN%' AND `telcelu` LIKE '%MANUEL%') OR (`cuit` LIKE '%BLANCO%' AND `cuit` LIKE '%KARDEL%' AND `cuit` LIKE '%JUAN%' AND `cuit` LIKE '%MANUEL%') OR (`contacto` LIKE '%BLANCO%' AND `contacto` LIKE '%KARDEL%' AND `contacto` LIKE '%JUAN%' AND `contacto` LIKE '%MANUEL%') OR (`mailcont` LIKE '%BLANCO%' AND `mailcont` LIKE '%KARDEL%' AND `mailcont` LIKE '%JUAN%' AND `mailcont` LIKE '%MANUEL%') OR (`cargo` LIKE '%BLANCO%' AND `cargo` LIKE '%KARDEL%' AND `cargo` LIKE '%JUAN%' AND `cargo` LIKE '%MANUEL%') OR (`pagweb` LIKE '%BLANCO%' AND `pagweb` LIKE '%KARDEL%' AND `pagweb` LIKE '%JUAN%' AND `pagweb` LIKE '%MANUEL%') {"params":[],"types":[],"executionMS":0.0363011360168457} []
[2023-09-01T15:49:51.830322-03:00] log.DEBUG: SELECT * FROM `entidades` WHERE (`razsoc` LIKE '%BLANCO%' AND `razsoc` LIKE '%KARDEL%' AND `razsoc` LIKE '%JUAN%' AND `razsoc` LIKE '%MANUEL%') OR (`calle` LIKE '%BLANCO%' AND `calle` LIKE '%KARDEL%' AND `calle` LIKE '%JUAN%' AND `calle` LIKE '%MANUEL%') OR (`numero` LIKE '%BLANCO%' AND `numero` LIKE '%KARDEL%' AND `numero` LIKE '%JUAN%' AND `numero` LIKE '%MANUEL%') OR (`pisodto` LIKE '%BLANCO%' AND `pisodto` LIKE '%KARDEL%' AND `pisodto` LIKE '%JUAN%' AND `pisodto` LIKE '%MANUEL%') OR (`codpost` LIKE '%BLANCO%' AND `codpost` LIKE '%KARDEL%' AND `codpost` LIKE '%JUAN%' AND `codpost` LIKE '%MANUEL%') OR (`tellinea` LIKE '%BLANCO%' AND `tellinea` LIKE '%KARDEL%' AND `tellinea` LIKE '%JUAN%' AND `tellinea` LIKE '%MANUEL%') OR (`telcelu` LIKE '%BLANCO%' AND `telcelu` LIKE '%KARDEL%' AND `telcelu` LIKE '%JUAN%' AND `telcelu` LIKE '%MANUEL%') OR (`cuit` LIKE '%BLANCO%' AND `cuit` LIKE '%KARDEL%' AND `cuit` LIKE '%JUAN%' AND `cuit` LIKE '%MANUEL%') OR (`contacto` LIKE '%BLANCO%' AND `contacto` LIKE '%KARDEL%' AND `contacto` LIKE '%JUAN%' AND `contacto` LIKE '%MANUEL%') OR (`mailcont` LIKE '%BLANCO%' AND `mailcont` LIKE '%KARDEL%' AND `mailcont` LIKE '%JUAN%' AND `mailcont` LIKE '%MANUEL%') OR (`cargo` LIKE '%BLANCO%' AND `cargo` LIKE '%KARDEL%' AND `cargo` LIKE '%JUAN%' AND `cargo` LIKE '%MANUEL%') OR (`pagweb` LIKE '%BLANCO%' AND `pagweb` LIKE '%KARDEL%' AND `pagweb` LIKE '%JUAN%' AND `pagweb` LIKE '%MANUEL%') LIMIT 20 {"params":[],"types":[],"executionMS":0.041838884353637695} []
[2023-09-01T15:49:51.832801-03:00] log.DEBUG: SELECT `codnum` AS `lf`, `descripcion` AS `df`, '' AS `df2`, '' AS `df3`, '' AS `df4` FROM `localidades` WHERE `codnum` = 15 ORDER BY `descripcion` ASC {"params":[],"types":[],"executionMS":0.0006611347198486328} []
[2023-09-01T15:51:27.460163-03:00] log.DEBUG: SELECT COUNT(*) FROM `paises` {"params":[],"types":[],"executionMS":0.0012319087982177734} []
[2023-09-01T15:51:27.461233-03:00] log.DEBUG: SELECT `codnum` AS `lf`, `descripcion` AS `df`, '' AS `df2`, '' AS `df3`, '' AS `df4` FROM `paises` ORDER BY `descripcion` ASC {"params":[],"types":[],"executionMS":0.0007691383361816406} []
[2023-09-01T15:51:27.462713-03:00] log.DEBUG: SELECT COUNT(*) FROM `provincias` {"params":[],"types":[],"executionMS":0.0009930133819580078} []
[2023-09-01T15:51:27.463391-03:00] log.DEBUG: SELECT `codnum` AS `lf`, `descripcion` AS `df`, '' AS `df2`, '' AS `df3`, '' AS `df4`, `codpais` AS `ff` FROM `provincias` ORDER BY `descripcion` ASC {"params":[],"types":[],"executionMS":0.0005769729614257812} []
[2023-09-01T15:51:27.465243-03:00] log.DEBUG: SELECT COUNT(*) FROM `localidades` {"params":[],"types":[],"executionMS":0.0011930465698242188} []
[2023-09-01T15:51:27.466629-03:00] log.DEBUG: SELECT COUNT(*) FROM `tipoenti` {"params":[],"types":[],"executionMS":0.0010311603546142578} []
[2023-09-01T15:51:27.467207-03:00] log.DEBUG: SELECT `codnum` AS `lf`, `descripcion` AS `df`, '' AS `df2`, '' AS `df3`, '' AS `df4` FROM `tipoenti` ORDER BY `descripcion` ASC {"params":[],"types":[],"executionMS":0.0004961490631103516} []
[2023-09-01T15:51:27.468362-03:00] log.DEBUG: SELECT COUNT(*) FROM `tipoiva` {"params":[],"types":[],"executionMS":0.0007150173187255859} []
[2023-09-01T15:51:27.468851-03:00] log.DEBUG: SELECT `codnum` AS `lf`, `descrip` AS `df`, '' AS `df2`, '' AS `df3`, '' AS `df4` FROM `tipoiva` ORDER BY `descrip` ASC {"params":[],"types":[],"executionMS":0.00041103363037109375} []
[2023-09-01T15:51:27.470058-03:00] log.DEBUG: SELECT COUNT(*) FROM `calificacion` {"params":[],"types":[],"executionMS":0.0007789134979248047} []
[2023-09-01T15:51:27.470590-03:00] log.DEBUG: SELECT `codnum` AS `lf`, `descripcion` AS `df`, '' AS `df2`, '' AS `df3`, '' AS `df4` FROM `calificacion` ORDER BY `descripcion` ASC {"params":[],"types":[],"executionMS":0.0004210472106933594} []
[2023-09-01T15:51:27.471733-03:00] log.DEBUG: SELECT COUNT(*) FROM `tipoindustria` {"params":[],"types":[],"executionMS":0.0007178783416748047} []
[2023-09-01T15:51:27.472298-03:00] log.DEBUG: SELECT `codnum` AS `lf`, `nomre` AS `df`, '' AS `df2`, '' AS `df3`, '' AS `df4` FROM `tipoindustria` ORDER BY `nomre` ASC {"params":[],"types":[],"executionMS":0.0004851818084716797} []
[2023-09-01T15:51:27.518207-03:00] log.DEBUG: SELECT COUNT(*) FROM `entidades` WHERE (`razsoc` LIKE '%BLANCO%' AND `razsoc` LIKE '%KARDEL%' AND `razsoc` LIKE '%JUAN%' AND `razsoc` LIKE '%MANUEL%') OR (`calle` LIKE '%BLANCO%' AND `calle` LIKE '%KARDEL%' AND `calle` LIKE '%JUAN%' AND `calle` LIKE '%MANUEL%') OR (`numero` LIKE '%BLANCO%' AND `numero` LIKE '%KARDEL%' AND `numero` LIKE '%JUAN%' AND `numero` LIKE '%MANUEL%') OR (`pisodto` LIKE '%BLANCO%' AND `pisodto` LIKE '%KARDEL%' AND `pisodto` LIKE '%JUAN%' AND `pisodto` LIKE '%MANUEL%') OR (`codpost` LIKE '%BLANCO%' AND `codpost` LIKE '%KARDEL%' AND `codpost` LIKE '%JUAN%' AND `codpost` LIKE '%MANUEL%') OR (`tellinea` LIKE '%BLANCO%' AND `tellinea` LIKE '%KARDEL%' AND `tellinea` LIKE '%JUAN%' AND `tellinea` LIKE '%MANUEL%') OR (`telcelu` LIKE '%BLANCO%' AND `telcelu` LIKE '%KARDEL%' AND `telcelu` LIKE '%JUAN%' AND `telcelu` LIKE '%MANUEL%') OR (`cuit` LIKE '%BLANCO%' AND `cuit` LIKE '%KARDEL%' AND `cuit` LIKE '%JUAN%' AND `cuit` LIKE '%MANUEL%') OR (`contacto` LIKE '%BLANCO%' AND `contacto` LIKE '%KARDEL%' AND `contacto` LIKE '%JUAN%' AND `contacto` LIKE '%MANUEL%') OR (`mailcont` LIKE '%BLANCO%' AND `mailcont` LIKE '%KARDEL%' AND `mailcont` LIKE '%JUAN%' AND `mailcont` LIKE '%MANUEL%') OR (`cargo` LIKE '%BLANCO%' AND `cargo` LIKE '%KARDEL%' AND `cargo` LIKE '%JUAN%' AND `cargo` LIKE '%MANUEL%') OR (`pagweb` LIKE '%BLANCO%' AND `pagweb` LIKE '%KARDEL%' AND `pagweb` LIKE '%JUAN%' AND `pagweb` LIKE '%MANUEL%') {"params":[],"types":[],"executionMS":0.0361638069152832} []
[2023-09-01T15:51:27.560179-03:00] log.DEBUG: SELECT * FROM `entidades` WHERE (`razsoc` LIKE '%BLANCO%' AND `razsoc` LIKE '%KARDEL%' AND `razsoc` LIKE '%JUAN%' AND `razsoc` LIKE '%MANUEL%') OR (`calle` LIKE '%BLANCO%' AND `calle` LIKE '%KARDEL%' AND `calle` LIKE '%JUAN%' AND `calle` LIKE '%MANUEL%') OR (`numero` LIKE '%BLANCO%' AND `numero` LIKE '%KARDEL%' AND `numero` LIKE '%JUAN%' AND `numero` LIKE '%MANUEL%') OR (`pisodto` LIKE '%BLANCO%' AND `pisodto` LIKE '%KARDEL%' AND `pisodto` LIKE '%JUAN%' AND `pisodto` LIKE '%MANUEL%') OR (`codpost` LIKE '%BLANCO%' AND `codpost` LIKE '%KARDEL%' AND `codpost` LIKE '%JUAN%' AND `codpost` LIKE '%MANUEL%') OR (`tellinea` LIKE '%BLANCO%' AND `tellinea` LIKE '%KARDEL%' AND `tellinea` LIKE '%JUAN%' AND `tellinea` LIKE '%MANUEL%') OR (`telcelu` LIKE '%BLANCO%' AND `telcelu` LIKE '%KARDEL%' AND `telcelu` LIKE '%JUAN%' AND `telcelu` LIKE '%MANUEL%') OR (`cuit` LIKE '%BLANCO%' AND `cuit` LIKE '%KARDEL%' AND `cuit` LIKE '%JUAN%' AND `cuit` LIKE '%MANUEL%') OR (`contacto` LIKE '%BLANCO%' AND `contacto` LIKE '%KARDEL%' AND `contacto` LIKE '%JUAN%' AND `contacto` LIKE '%MANUEL%') OR (`mailcont` LIKE '%BLANCO%' AND `mailcont` LIKE '%KARDEL%' AND `mailcont` LIKE '%JUAN%' AND `mailcont` LIKE '%MANUEL%') OR (`cargo` LIKE '%BLANCO%' AND `cargo` LIKE '%KARDEL%' AND `cargo` LIKE '%JUAN%' AND `cargo` LIKE '%MANUEL%') OR (`pagweb` LIKE '%BLANCO%' AND `pagweb` LIKE '%KARDEL%' AND `pagweb` LIKE '%JUAN%' AND `pagweb` LIKE '%MANUEL%') LIMIT 20 {"params":[],"types":[],"executionMS":0.04136991500854492} []
[2023-09-01T15:51:27.564328-03:00] log.DEBUG: SELECT `codnum` AS `lf`, `descripcion` AS `df`, '' AS `df2`, '' AS `df3`, '' AS `df4` FROM `localidades` WHERE `codnum` = 15 ORDER BY `descripcion` ASC {"params":[],"types":[],"executionMS":0.0008308887481689453} []
[2023-09-01T15:51:32.428949-03:00] log.DEBUG: SELECT COUNT(*) FROM `paises` {"params":[],"types":[],"executionMS":0.0013539791107177734} []
[2023-09-01T15:51:32.430164-03:00] log.DEBUG: SELECT `codnum` AS `lf`, `descripcion` AS `df`, '' AS `df2`, '' AS `df3`, '' AS `df4` FROM `paises` ORDER BY `descripcion` ASC {"params":[],"types":[],"executionMS":0.0009660720825195312} []
[2023-09-01T15:51:32.431580-03:00] log.DEBUG: SELECT COUNT(*) FROM `provincias` {"params":[],"types":[],"executionMS":0.0009210109710693359} []
[2023-09-01T15:51:32.432260-03:00] log.DEBUG: SELECT `codnum` AS `lf`, `descripcion` AS `df`, '' AS `df2`, '' AS `df3`, '' AS `df4`, `codpais` AS `ff` FROM `provincias` ORDER BY `descripcion` ASC {"params":[],"types":[],"executionMS":0.0005970001220703125} []
[2023-09-01T15:51:32.433861-03:00] log.DEBUG: SELECT COUNT(*) FROM `localidades` {"params":[],"types":[],"executionMS":0.0009210109710693359} []
[2023-09-01T15:51:32.435204-03:00] log.DEBUG: SELECT COUNT(*) FROM `tipoenti` {"params":[],"types":[],"executionMS":0.0009720325469970703} []
[2023-09-01T15:51:32.435824-03:00] log.DEBUG: SELECT `codnum` AS `lf`, `descripcion` AS `df`, '' AS `df2`, '' AS `df3`, '' AS `df4` FROM `tipoenti` ORDER BY `descripcion` ASC {"params":[],"types":[],"executionMS":0.0005381107330322266} []
[2023-09-01T15:51:32.437176-03:00] log.DEBUG: SELECT COUNT(*) FROM `tipoiva` {"params":[],"types":[],"executionMS":0.0009450912475585938} []
[2023-09-01T15:51:32.437974-03:00] log.DEBUG: SELECT `codnum` AS `lf`, `descrip` AS `df`, '' AS `df2`, '' AS `df3`, '' AS `df4` FROM `tipoiva` ORDER BY `descrip` ASC {"params":[],"types":[],"executionMS":0.0007200241088867188} []
[2023-09-01T15:51:32.439235-03:00] log.DEBUG: SELECT COUNT(*) FROM `calificacion` {"params":[],"types":[],"executionMS":0.0008080005645751953} []
[2023-09-01T15:51:32.439811-03:00] log.DEBUG: SELECT `codnum` AS `lf`, `descripcion` AS `df`, '' AS `df2`, '' AS `df3`, '' AS `df4` FROM `calificacion` ORDER BY `descripcion` ASC {"params":[],"types":[],"executionMS":0.0004940032958984375} []
[2023-09-01T15:51:32.441093-03:00] log.DEBUG: SELECT COUNT(*) FROM `tipoindustria` {"params":[],"types":[],"executionMS":0.0008411407470703125} []
[2023-09-01T15:51:32.441748-03:00] log.DEBUG: SELECT `codnum` AS `lf`, `nomre` AS `df`, '' AS `df2`, '' AS `df3`, '' AS `df4` FROM `tipoindustria` ORDER BY `nomre` ASC {"params":[],"types":[],"executionMS":0.0005738735198974609} []
[2023-09-01T15:51:32.493693-03:00] log.DEBUG: SELECT COUNT(*) FROM `entidades` WHERE (`razsoc` LIKE '%INVERNIZZI%' AND `razsoc` LIKE '%RAUL%' AND `razsoc` LIKE '%LUIS%') OR (`calle` LIKE '%INVERNIZZI%' AND `calle` LIKE '%RAUL%' AND `calle` LIKE '%LUIS%') OR (`numero` LIKE '%INVERNIZZI%' AND `numero` LIKE '%RAUL%' AND `numero` LIKE '%LUIS%') OR (`pisodto` LIKE '%INVERNIZZI%' AND `pisodto` LIKE '%RAUL%' AND `pisodto` LIKE '%LUIS%') OR (`codpost` LIKE '%INVERNIZZI%' AND `codpost` LIKE '%RAUL%' AND `codpost` LIKE '%LUIS%') OR (`tellinea` LIKE '%INVERNIZZI%' AND `tellinea` LIKE '%RAUL%' AND `tellinea` LIKE '%LUIS%') OR (`telcelu` LIKE '%INVERNIZZI%' AND `telcelu` LIKE '%RAUL%' AND `telcelu` LIKE '%LUIS%') OR (`cuit` LIKE '%INVERNIZZI%' AND `cuit` LIKE '%RAUL%' AND `cuit` LIKE '%LUIS%') OR (`contacto` LIKE '%INVERNIZZI%' AND `contacto` LIKE '%RAUL%' AND `contacto` LIKE '%LUIS%') OR (`mailcont` LIKE '%INVERNIZZI%' AND `mailcont` LIKE '%RAUL%' AND `mailcont` LIKE '%LUIS%') OR (`cargo` LIKE '%INVERNIZZI%' AND `cargo` LIKE '%RAUL%' AND `cargo` LIKE '%LUIS%') OR (`pagweb` LIKE '%INVERNIZZI%' AND `pagweb` LIKE '%RAUL%' AND `pagweb` LIKE '%LUIS%') {"params":[],"types":[],"executionMS":0.04318690299987793} []
[2023-09-01T15:51:32.544366-03:00] log.DEBUG: SELECT * FROM `entidades` WHERE (`razsoc` LIKE '%INVERNIZZI%' AND `razsoc` LIKE '%RAUL%' AND `razsoc` LIKE '%LUIS%') OR (`calle` LIKE '%INVERNIZZI%' AND `calle` LIKE '%RAUL%' AND `calle` LIKE '%LUIS%') OR (`numero` LIKE '%INVERNIZZI%' AND `numero` LIKE '%RAUL%' AND `numero` LIKE '%LUIS%') OR (`pisodto` LIKE '%INVERNIZZI%' AND `pisodto` LIKE '%RAUL%' AND `pisodto` LIKE '%LUIS%') OR (`codpost` LIKE '%INVERNIZZI%' AND `codpost` LIKE '%RAUL%' AND `codpost` LIKE '%LUIS%') OR (`tellinea` LIKE '%INVERNIZZI%' AND `tellinea` LIKE '%RAUL%' AND `tellinea` LIKE '%LUIS%') OR (`telcelu` LIKE '%INVERNIZZI%' AND `telcelu` LIKE '%RAUL%' AND `telcelu` LIKE '%LUIS%') OR (`cuit` LIKE '%INVERNIZZI%' AND `cuit` LIKE '%RAUL%' AND `cuit` LIKE '%LUIS%') OR (`contacto` LIKE '%INVERNIZZI%' AND `contacto` LIKE '%RAUL%' AND `contacto` LIKE '%LUIS%') OR (`mailcont` LIKE '%INVERNIZZI%' AND `mailcont` LIKE '%RAUL%' AND `mailcont` LIKE '%LUIS%') OR (`cargo` LIKE '%INVERNIZZI%' AND `cargo` LIKE '%RAUL%' AND `cargo` LIKE '%LUIS%') OR (`pagweb` LIKE '%INVERNIZZI%' AND `pagweb` LIKE '%RAUL%' AND `pagweb` LIKE '%LUIS%') LIMIT 20 {"params":[],"types":[],"executionMS":0.05008387565612793} []
[2023-09-01T15:51:32.548884-03:00] log.DEBUG: SELECT `codnum` AS `lf`, `descripcion` AS `df`, '' AS `df2`, '' AS `df3`, '' AS `df4` FROM `localidades` WHERE `codnum` = 55 ORDER BY `descripcion` ASC {"params":[],"types":[],"executionMS":0.0012028217315673828} []
[2023-09-01T15:52:50.002128-03:00] log.DEBUG: SELECT COUNT(*) FROM `paises` {"params":[],"types":[],"executionMS":0.0013270378112792969} []
[2023-09-01T15:52:50.003184-03:00] log.DEBUG: SELECT `codnum` AS `lf`, `descripcion` AS `df`, '' AS `df2`, '' AS `df3`, '' AS `df4` FROM `paises` ORDER BY `descripcion` ASC {"params":[],"types":[],"executionMS":0.00078582763671875} []
[2023-09-01T15:52:50.004630-03:00] log.DEBUG: SELECT COUNT(*) FROM `provincias` {"params":[],"types":[],"executionMS":0.0009839534759521484} []
[2023-09-01T15:52:50.005334-03:00] log.DEBUG: SELECT `codnum` AS `lf`, `descripcion` AS `df`, '' AS `df2`, '' AS `df3`, '' AS `df4`, `codpais` AS `ff` FROM `provincias` ORDER BY `descripcion` ASC {"params":[],"types":[],"executionMS":0.0006279945373535156} []
[2023-09-01T15:52:50.007122-03:00] log.DEBUG: SELECT COUNT(*) FROM `localidades` {"params":[],"types":[],"executionMS":0.0011150836944580078} []
[2023-09-01T15:52:50.008364-03:00] log.DEBUG: SELECT COUNT(*) FROM `tipoenti` {"params":[],"types":[],"executionMS":0.0009169578552246094} []
[2023-09-01T15:52:50.009007-03:00] log.DEBUG: SELECT `codnum` AS `lf`, `descripcion` AS `df`, '' AS `df2`, '' AS `df3`, '' AS `df4` FROM `tipoenti` ORDER BY `descripcion` ASC {"params":[],"types":[],"executionMS":0.0005710124969482422} []
[2023-09-01T15:52:50.010304-03:00] log.DEBUG: SELECT COUNT(*) FROM `tipoiva` {"params":[],"types":[],"executionMS":0.0009028911590576172} []
[2023-09-01T15:52:50.010979-03:00] log.DEBUG: SELECT `codnum` AS `lf`, `descrip` AS `df`, '' AS `df2`, '' AS `df3`, '' AS `df4` FROM `tipoiva` ORDER BY `descrip` ASC {"params":[],"types":[],"executionMS":0.0006039142608642578} []
[2023-09-01T15:52:50.012096-03:00] log.DEBUG: SELECT COUNT(*) FROM `calificacion` {"params":[],"types":[],"executionMS":0.0007169246673583984} []
[2023-09-01T15:52:50.012745-03:00] log.DEBUG: SELECT `codnum` AS `lf`, `descripcion` AS `df`, '' AS `df2`, '' AS `df3`, '' AS `df4` FROM `calificacion` ORDER BY `descripcion` ASC {"params":[],"types":[],"executionMS":0.0005691051483154297} []
[2023-09-01T15:52:50.014244-03:00] log.DEBUG: SELECT COUNT(*) FROM `tipoindustria` {"params":[],"types":[],"executionMS":0.0007169246673583984} []
[2023-09-01T15:52:50.014791-03:00] log.DEBUG: SELECT `codnum` AS `lf`, `nomre` AS `df`, '' AS `df2`, '' AS `df3`, '' AS `df4` FROM `tipoindustria` ORDER BY `nomre` ASC {"params":[],"types":[],"executionMS":0.0004711151123046875} []
[2023-09-01T15:52:50.063873-03:00] log.DEBUG: SELECT COUNT(*) FROM `entidades` WHERE (`razsoc` LIKE '%INVERNIZZI%' AND `razsoc` LIKE '%RAUL%' AND `razsoc` LIKE '%LUIS%') OR (`calle` LIKE '%INVERNIZZI%' AND `calle` LIKE '%RAUL%' AND `calle` LIKE '%LUIS%') OR (`numero` LIKE '%INVERNIZZI%' AND `numero` LIKE '%RAUL%' AND `numero` LIKE '%LUIS%') OR (`pisodto` LIKE '%INVERNIZZI%' AND `pisodto` LIKE '%RAUL%' AND `pisodto` LIKE '%LUIS%') OR (`codpost` LIKE '%INVERNIZZI%' AND `codpost` LIKE '%RAUL%' AND `codpost` LIKE '%LUIS%') OR (`tellinea` LIKE '%INVERNIZZI%' AND `tellinea` LIKE '%RAUL%' AND `tellinea` LIKE '%LUIS%') OR (`telcelu` LIKE '%INVERNIZZI%' AND `telcelu` LIKE '%RAUL%' AND `telcelu` LIKE '%LUIS%') OR (`cuit` LIKE '%INVERNIZZI%' AND `cuit` LIKE '%RAUL%' AND `cuit` LIKE '%LUIS%') OR (`contacto` LIKE '%INVERNIZZI%' AND `contacto` LIKE '%RAUL%' AND `contacto` LIKE '%LUIS%') OR (`mailcont` LIKE '%INVERNIZZI%' AND `mailcont` LIKE '%RAUL%' AND `mailcont` LIKE '%LUIS%') OR (`cargo` LIKE '%INVERNIZZI%' AND `cargo` LIKE '%RAUL%' AND `cargo` LIKE '%LUIS%') OR (`pagweb` LIKE '%INVERNIZZI%' AND `pagweb` LIKE '%RAUL%' AND `pagweb` LIKE '%LUIS%') {"params":[],"types":[],"executionMS":0.041123151779174805} []
[2023-09-01T15:52:50.115027-03:00] log.DEBUG: SELECT * FROM `entidades` WHERE (`razsoc` LIKE '%INVERNIZZI%' AND `razsoc` LIKE '%RAUL%' AND `razsoc` LIKE '%LUIS%') OR (`calle` LIKE '%INVERNIZZI%' AND `calle` LIKE '%RAUL%' AND `calle` LIKE '%LUIS%') OR (`numero` LIKE '%INVERNIZZI%' AND `numero` LIKE '%RAUL%' AND `numero` LIKE '%LUIS%') OR (`pisodto` LIKE '%INVERNIZZI%' AND `pisodto` LIKE '%RAUL%' AND `pisodto` LIKE '%LUIS%') OR (`codpost` LIKE '%INVERNIZZI%' AND `codpost` LIKE '%RAUL%' AND `codpost` LIKE '%LUIS%') OR (`tellinea` LIKE '%INVERNIZZI%' AND `tellinea` LIKE '%RAUL%' AND `tellinea` LIKE '%LUIS%') OR (`telcelu` LIKE '%INVERNIZZI%' AND `telcelu` LIKE '%RAUL%' AND `telcelu` LIKE '%LUIS%') OR (`cuit` LIKE '%INVERNIZZI%' AND `cuit` LIKE '%RAUL%' AND `cuit` LIKE '%LUIS%') OR (`contacto` LIKE '%INVERNIZZI%' AND `contacto` LIKE '%RAUL%' AND `contacto` LIKE '%LUIS%') OR (`mailcont` LIKE '%INVERNIZZI%' AND `mailcont` LIKE '%RAUL%' AND `mailcont` LIKE '%LUIS%') OR (`cargo` LIKE '%INVERNIZZI%' AND `cargo` LIKE '%RAUL%' AND `cargo` LIKE '%LUIS%') OR (`pagweb` LIKE '%INVERNIZZI%' AND `pagweb` LIKE '%RAUL%' AND `pagweb` LIKE '%LUIS%') LIMIT 20 {"params":[],"types":[],"executionMS":0.050579071044921875} []
[2023-09-01T15:52:50.119271-03:00] log.DEBUG: SELECT `codnum` AS `lf`, `descripcion` AS `df`, '' AS `df2`, '' AS `df3`, '' AS `df4` FROM `localidades` WHERE `codnum` = 55 ORDER BY `descripcion` ASC {"params":[],"types":[],"executionMS":0.0009260177612304688} []
[2023-09-01T15:52:50.298896-03:00] log.DEBUG: SELECT COUNT(*) FROM `paises` {"params":[],"types":[],"executionMS":0.0017819404602050781} []
[2023-09-01T15:52:50.299940-03:00] log.DEBUG: SELECT `codnum` AS `lf`, `descripcion` AS `df`, '' AS `df2`, '' AS `df3`, '' AS `df4` FROM `paises` ORDER BY `descripcion` ASC {"params":[],"types":[],"executionMS":0.0008180141448974609} []
[2023-09-01T15:52:50.301345-03:00] log.DEBUG: SELECT COUNT(*) FROM `provincias` {"params":[],"types":[],"executionMS":0.0008709430694580078} []
[2023-09-01T15:52:50.302034-03:00] log.DEBUG: SELECT `codnum` AS `lf`, `descripcion` AS `df`, '' AS `df2`, '' AS `df3`, '' AS `df4`, `codpais` AS `ff` FROM `provincias` ORDER BY `descripcion` ASC {"params":[],"types":[],"executionMS":0.0006051063537597656} []
[2023-09-01T15:52:50.303946-03:00] log.DEBUG: SELECT COUNT(*) FROM `localidades` {"params":[],"types":[],"executionMS":0.0011401176452636719} []
[2023-09-01T15:52:50.305014-03:00] log.DEBUG: SELECT COUNT(*) FROM `tipoenti` {"params":[],"types":[],"executionMS":0.0007619857788085938} []
[2023-09-01T15:52:50.305591-03:00] log.DEBUG: SELECT `codnum` AS `lf`, `descripcion` AS `df`, '' AS `df2`, '' AS `df3`, '' AS `df4` FROM `tipoenti` ORDER BY `descripcion` ASC {"params":[],"types":[],"executionMS":0.0005040168762207031} []
[2023-09-01T15:52:50.306727-03:00] log.DEBUG: SELECT COUNT(*) FROM `tipoiva` {"params":[],"types":[],"executionMS":0.0007269382476806641} []
[2023-09-01T15:52:50.307375-03:00] log.DEBUG: SELECT `codnum` AS `lf`, `descrip` AS `df`, '' AS `df2`, '' AS `df3`, '' AS `df4` FROM `tipoiva` ORDER BY `descrip` ASC {"params":[],"types":[],"executionMS":0.0005710124969482422} []
[2023-09-01T15:52:50.308529-03:00] log.DEBUG: SELECT COUNT(*) FROM `calificacion` {"params":[],"types":[],"executionMS":0.000743865966796875} []
[2023-09-01T15:52:50.308994-03:00] log.DEBUG: SELECT `codnum` AS `lf`, `descripcion` AS `df`, '' AS `df2`, '' AS `df3`, '' AS `df4` FROM `calificacion` ORDER BY `descripcion` ASC {"params":[],"types":[],"executionMS":0.00039505958557128906} []
[2023-09-01T15:52:50.310025-03:00] log.DEBUG: SELECT COUNT(*) FROM `tipoindustria` {"params":[],"types":[],"executionMS":0.0006330013275146484} []
[2023-09-01T15:52:50.310658-03:00] log.DEBUG: SELECT `codnum` AS `lf`, `nomre` AS `df`, '' AS `df2`, '' AS `df3`, '' AS `df4` FROM `tipoindustria` ORDER BY `nomre` ASC {"params":[],"types":[],"executionMS":0.0005559921264648438} []
[2023-09-01T15:52:50.359578-03:00] log.DEBUG: SELECT COUNT(*) FROM `entidades` WHERE (`razsoc` LIKE '%INVERNIZZI%' AND `razsoc` LIKE '%RAUL%' AND `razsoc` LIKE '%LUIS%') OR (`calle` LIKE '%INVERNIZZI%' AND `calle` LIKE '%RAUL%' AND `calle` LIKE '%LUIS%') OR (`numero` LIKE '%INVERNIZZI%' AND `numero` LIKE '%RAUL%' AND `numero` LIKE '%LUIS%') OR (`pisodto` LIKE '%INVERNIZZI%' AND `pisodto` LIKE '%RAUL%' AND `pisodto` LIKE '%LUIS%') OR (`codpost` LIKE '%INVERNIZZI%' AND `codpost` LIKE '%RAUL%' AND `codpost` LIKE '%LUIS%') OR (`tellinea` LIKE '%INVERNIZZI%' AND `tellinea` LIKE '%RAUL%' AND `tellinea` LIKE '%LUIS%') OR (`telcelu` LIKE '%INVERNIZZI%' AND `telcelu` LIKE '%RAUL%' AND `telcelu` LIKE '%LUIS%') OR (`cuit` LIKE '%INVERNIZZI%' AND `cuit` LIKE '%RAUL%' AND `cuit` LIKE '%LUIS%') OR (`contacto` LIKE '%INVERNIZZI%' AND `contacto` LIKE '%RAUL%' AND `contacto` LIKE '%LUIS%') OR (`mailcont` LIKE '%INVERNIZZI%' AND `mailcont` LIKE '%RAUL%' AND `mailcont` LIKE '%LUIS%') OR (`cargo` LIKE '%INVERNIZZI%' AND `cargo` LIKE '%RAUL%' AND `cargo` LIKE '%LUIS%') OR (`pagweb` LIKE '%INVERNIZZI%' AND `pagweb` LIKE '%RAUL%' AND `pagweb` LIKE '%LUIS%') {"params":[],"types":[],"executionMS":0.040778160095214844} []
[2023-09-01T15:52:50.410328-03:00] log.DEBUG: SELECT * FROM `entidades` WHERE (`razsoc` LIKE '%INVERNIZZI%' AND `razsoc` LIKE '%RAUL%' AND `razsoc` LIKE '%LUIS%') OR (`calle` LIKE '%INVERNIZZI%' AND `calle` LIKE '%RAUL%' AND `calle` LIKE '%LUIS%') OR (`numero` LIKE '%INVERNIZZI%' AND `numero` LIKE '%RAUL%' AND `numero` LIKE '%LUIS%') OR (`pisodto` LIKE '%INVERNIZZI%' AND `pisodto` LIKE '%RAUL%' AND `pisodto` LIKE '%LUIS%') OR (`codpost` LIKE '%INVERNIZZI%' AND `codpost` LIKE '%RAUL%' AND `codpost` LIKE '%LUIS%') OR (`tellinea` LIKE '%INVERNIZZI%' AND `tellinea` LIKE '%RAUL%' AND `tellinea` LIKE '%LUIS%') OR (`telcelu` LIKE '%INVERNIZZI%' AND `telcelu` LIKE '%RAUL%' AND `telcelu` LIKE '%LUIS%') OR (`cuit` LIKE '%INVERNIZZI%' AND `cuit` LIKE '%RAUL%' AND `cuit` LIKE '%LUIS%') OR (`contacto` LIKE '%INVERNIZZI%' AND `contacto` LIKE '%RAUL%' AND `contacto` LIKE '%LUIS%') OR (`mailcont` LIKE '%INVERNIZZI%' AND `mailcont` LIKE '%RAUL%' AND `mailcont` LIKE '%LUIS%') OR (`cargo` LIKE '%INVERNIZZI%' AND `cargo` LIKE '%RAUL%' AND `cargo` LIKE '%LUIS%') OR (`pagweb` LIKE '%INVERNIZZI%' AND `pagweb` LIKE '%RAUL%' AND `pagweb` LIKE '%LUIS%') LIMIT 20 {"params":[],"types":[],"executionMS":0.05029010772705078} []
[2023-09-01T15:52:50.414440-03:00] log.DEBUG: SELECT `codnum` AS `lf`, `descripcion` AS `df`, '' AS `df2`, '' AS `df3`, '' AS `df4` FROM `localidades` WHERE `codnum` = 55 ORDER BY `descripcion` ASC {"params":[],"types":[],"executionMS":0.0008988380432128906} []
[2023-09-01T15:54:45.312319-03:00] log.DEBUG: SELECT * FROM `entidades` WHERE `codnum` = 15592 {"params":[],"types":[],"executionMS":0.0007419586181640625} []
[2023-09-01T15:54:45.313446-03:00] log.DEBUG: SELECT `codnum` AS `lf`, `descripcion` AS `df`, '' AS `df2`, '' AS `df3`, '' AS `df4` FROM `paises` WHERE `codnum` = 1 ORDER BY `descripcion` ASC {"params":[],"types":[],"executionMS":0.0006098747253417969} []
[2023-09-01T15:54:45.314072-03:00] log.DEBUG: SELECT `codnum` AS `lf`, `descripcion` AS `df`, '' AS `df2`, '' AS `df3`, '' AS `df4` FROM `provincias` WHERE `codnum` = 1 ORDER BY `descripcion` ASC {"params":[],"types":[],"executionMS":0.00045990943908691406} []
[2023-09-01T15:54:45.316393-03:00] log.DEBUG: SELECT `codnum` AS `lf`, `descripcion` AS `df`, '' AS `df2`, '' AS `df3`, '' AS `df4` FROM `localidades` WHERE `codnum` = 55 ORDER BY `descripcion` ASC {"params":[],"types":[],"executionMS":0.002132892608642578} []
[2023-09-01T15:54:45.317116-03:00] log.DEBUG: SELECT `codnum` AS `lf`, `descripcion` AS `df`, '' AS `df2`, '' AS `df3`, '' AS `df4` FROM `tipoenti` WHERE `codnum` = 1 ORDER BY `descripcion` ASC {"params":[],"types":[],"executionMS":0.0005340576171875} []
[2023-09-01T15:54:45.317763-03:00] log.DEBUG: SELECT `codnum` AS `lf`, `descrip` AS `df`, '' AS `df2`, '' AS `df3`, '' AS `df4` FROM `tipoiva` WHERE `codnum` = 4 ORDER BY `descrip` ASC {"params":[],"types":[],"executionMS":0.0005130767822265625} []
[2023-09-01T15:54:45.318501-03:00] log.DEBUG: SELECT `codnum` AS `lf`, `descripcion` AS `df`, '' AS `df2`, '' AS `df3`, '' AS `df4` FROM `calificacion` WHERE `codnum` = 4 ORDER BY `descripcion` ASC {"params":[],"types":[],"executionMS":0.0006058216094970703} []
[2023-09-01T15:54:59.192169-03:00] log.DEBUG: SELECT COUNT(*) FROM `paises` {"params":[],"types":[],"executionMS":0.0011970996856689453} []
[2023-09-01T15:54:59.193125-03:00] log.DEBUG: SELECT `codnum` AS `lf`, `descripcion` AS `df`, '' AS `df2`, '' AS `df3`, '' AS `df4` FROM `paises` ORDER BY `descripcion` ASC {"params":[],"types":[],"executionMS":0.0006890296936035156} []
[2023-09-01T15:54:59.194568-03:00] log.DEBUG: SELECT COUNT(*) FROM `provincias` {"params":[],"types":[],"executionMS":0.0009679794311523438} []
[2023-09-01T15:54:59.195308-03:00] log.DEBUG: SELECT `codnum` AS `lf`, `descripcion` AS `df`, '' AS `df2`, '' AS `df3`, '' AS `df4`, `codpais` AS `ff` FROM `provincias` ORDER BY `descripcion` ASC {"params":[],"types":[],"executionMS":0.0006430149078369141} []
[2023-09-01T15:54:59.197116-03:00] log.DEBUG: SELECT COUNT(*) FROM `localidades` {"params":[],"types":[],"executionMS":0.001127004623413086} []
[2023-09-01T15:54:59.198190-03:00] log.DEBUG: SELECT COUNT(*) FROM `tipoenti` {"params":[],"types":[],"executionMS":0.0007441043853759766} []
[2023-09-01T15:54:59.198663-03:00] log.DEBUG: SELECT `codnum` AS `lf`, `descripcion` AS `df`, '' AS `df2`, '' AS `df3`, '' AS `df4` FROM `tipoenti` ORDER BY `descripcion` ASC {"params":[],"types":[],"executionMS":0.00039696693420410156} []
[2023-09-01T15:54:59.199641-03:00] log.DEBUG: SELECT COUNT(*) FROM `tipoiva` {"params":[],"types":[],"executionMS":0.0005779266357421875} []
[2023-09-01T15:54:59.200082-03:00] log.DEBUG: SELECT `codnum` AS `lf`, `descrip` AS `df`, '' AS `df2`, '' AS `df3`, '' AS `df4` FROM `tipoiva` ORDER BY `descrip` ASC {"params":[],"types":[],"executionMS":0.0003719329833984375} []
[2023-09-01T15:54:59.201073-03:00] log.DEBUG: SELECT COUNT(*) FROM `calificacion` {"params":[],"types":[],"executionMS":0.0005850791931152344} []
[2023-09-01T15:54:59.201553-03:00] log.DEBUG: SELECT `codnum` AS `lf`, `descripcion` AS `df`, '' AS `df2`, '' AS `df3`, '' AS `df4` FROM `calificacion` ORDER BY `descripcion` ASC {"params":[],"types":[],"executionMS":0.00040984153747558594} []
[2023-09-01T15:54:59.202707-03:00] log.DEBUG: SELECT COUNT(*) FROM `tipoindustria` {"params":[],"types":[],"executionMS":0.0007801055908203125} []
[2023-09-01T15:54:59.203182-03:00] log.DEBUG: SELECT `codnum` AS `lf`, `nomre` AS `df`, '' AS `df2`, '' AS `df3`, '' AS `df4` FROM `tipoindustria` ORDER BY `nomre` ASC {"params":[],"types":[],"executionMS":0.0004019737243652344} []
[2023-09-01T15:54:59.251275-03:00] log.DEBUG: SELECT COUNT(*) FROM `entidades` WHERE (`razsoc` LIKE '%INVERNIZZI%' AND `razsoc` LIKE '%RAUL%' AND `razsoc` LIKE '%LUIS%') OR (`calle` LIKE '%INVERNIZZI%' AND `calle` LIKE '%RAUL%' AND `calle` LIKE '%LUIS%') OR (`numero` LIKE '%INVERNIZZI%' AND `numero` LIKE '%RAUL%' AND `numero` LIKE '%LUIS%') OR (`pisodto` LIKE '%INVERNIZZI%' AND `pisodto` LIKE '%RAUL%' AND `pisodto` LIKE '%LUIS%') OR (`codpost` LIKE '%INVERNIZZI%' AND `codpost` LIKE '%RAUL%' AND `codpost` LIKE '%LUIS%') OR (`tellinea` LIKE '%INVERNIZZI%' AND `tellinea` LIKE '%RAUL%' AND `tellinea` LIKE '%LUIS%') OR (`telcelu` LIKE '%INVERNIZZI%' AND `telcelu` LIKE '%RAUL%' AND `telcelu` LIKE '%LUIS%') OR (`cuit` LIKE '%INVERNIZZI%' AND `cuit` LIKE '%RAUL%' AND `cuit` LIKE '%LUIS%') OR (`contacto` LIKE '%INVERNIZZI%' AND `contacto` LIKE '%RAUL%' AND `contacto` LIKE '%LUIS%') OR (`mailcont` LIKE '%INVERNIZZI%' AND `mailcont` LIKE '%RAUL%' AND `mailcont` LIKE '%LUIS%') OR (`cargo` LIKE '%INVERNIZZI%' AND `cargo` LIKE '%RAUL%' AND `cargo` LIKE '%LUIS%') OR (`pagweb` LIKE '%INVERNIZZI%' AND `pagweb` LIKE '%RAUL%' AND `pagweb` LIKE '%LUIS%') {"params":[],"types":[],"executionMS":0.03974509239196777} []
[2023-09-01T15:54:59.298180-03:00] log.DEBUG: SELECT * FROM `entidades` WHERE (`razsoc` LIKE '%INVERNIZZI%' AND `razsoc` LIKE '%RAUL%' AND `razsoc` LIKE '%LUIS%') OR (`calle` LIKE '%INVERNIZZI%' AND `calle` LIKE '%RAUL%' AND `calle` LIKE '%LUIS%') OR (`numero` LIKE '%INVERNIZZI%' AND `numero` LIKE '%RAUL%' AND `numero` LIKE '%LUIS%') OR (`pisodto` LIKE '%INVERNIZZI%' AND `pisodto` LIKE '%RAUL%' AND `pisodto` LIKE '%LUIS%') OR (`codpost` LIKE '%INVERNIZZI%' AND `codpost` LIKE '%RAUL%' AND `codpost` LIKE '%LUIS%') OR (`tellinea` LIKE '%INVERNIZZI%' AND `tellinea` LIKE '%RAUL%' AND `tellinea` LIKE '%LUIS%') OR (`telcelu` LIKE '%INVERNIZZI%' AND `telcelu` LIKE '%RAUL%' AND `telcelu` LIKE '%LUIS%') OR (`cuit` LIKE '%INVERNIZZI%' AND `cuit` LIKE '%RAUL%' AND `cuit` LIKE '%LUIS%') OR (`contacto` LIKE '%INVERNIZZI%' AND `contacto` LIKE '%RAUL%' AND `contacto` LIKE '%LUIS%') OR (`mailcont` LIKE '%INVERNIZZI%' AND `mailcont` LIKE '%RAUL%' AND `mailcont` LIKE '%LUIS%') OR (`cargo` LIKE '%INVERNIZZI%' AND `cargo` LIKE '%RAUL%' AND `cargo` LIKE '%LUIS%') OR (`pagweb` LIKE '%INVERNIZZI%' AND `pagweb` LIKE '%RAUL%' AND `pagweb` LIKE '%LUIS%') LIMIT 20 {"params":[],"types":[],"executionMS":0.04638314247131348} []
[2023-09-01T15:54:59.301058-03:00] log.DEBUG: SELECT `codnum` AS `lf`, `descripcion` AS `df`, '' AS `df2`, '' AS `df3`, '' AS `df4` FROM `localidades` WHERE `codnum` = 55 ORDER BY `descripcion` ASC {"params":[],"types":[],"executionMS":0.0008480548858642578} []
[2023-09-01T15:57:53.329270-03:00] log.DEBUG: SELECT COUNT(*) FROM `paises` {"params":[],"types":[],"executionMS":0.001191854476928711} []
[2023-09-01T15:57:53.330430-03:00] log.DEBUG: SELECT `codnum` AS `lf`, `descripcion` AS `df`, '' AS `df2`, '' AS `df3`, '' AS `df4` FROM `paises` ORDER BY `descripcion` ASC {"params":[],"types":[],"executionMS":0.0008809566497802734} []
[2023-09-01T15:57:53.331905-03:00] log.DEBUG: SELECT COUNT(*) FROM `provincias` {"params":[],"types":[],"executionMS":0.0009379386901855469} []
[2023-09-01T15:57:53.332658-03:00] log.DEBUG: SELECT `codnum` AS `lf`, `descripcion` AS `df`, '' AS `df2`, '' AS `df3`, '' AS `df4`, `codpais` AS `ff` FROM `provincias` ORDER BY `descripcion` ASC {"params":[],"types":[],"executionMS":0.0006749629974365234} []
[2023-09-01T15:57:53.334677-03:00] log.DEBUG: SELECT COUNT(*) FROM `localidades` {"params":[],"types":[],"executionMS":0.0012900829315185547} []
[2023-09-01T15:57:53.336076-03:00] log.DEBUG: SELECT COUNT(*) FROM `tipoenti` {"params":[],"types":[],"executionMS":0.001051187515258789} []
[2023-09-01T15:57:53.336732-03:00] log.DEBUG: SELECT `codnum` AS `lf`, `descripcion` AS `df`, '' AS `df2`, '' AS `df3`, '' AS `df4` FROM `tipoenti` ORDER BY `descripcion` ASC {"params":[],"types":[],"executionMS":0.0005757808685302734} []
[2023-09-01T15:57:53.338044-03:00] log.DEBUG: SELECT COUNT(*) FROM `tipoiva` {"params":[],"types":[],"executionMS":0.0008740425109863281} []
[2023-09-01T15:57:53.338556-03:00] log.DEBUG: SELECT `codnum` AS `lf`, `descrip` AS `df`, '' AS `df2`, '' AS `df3`, '' AS `df4` FROM `tipoiva` ORDER BY `descrip` ASC {"params":[],"types":[],"executionMS":0.000408172607421875} []
[2023-09-01T15:57:53.339805-03:00] log.DEBUG: SELECT COUNT(*) FROM `calificacion` {"params":[],"types":[],"executionMS":0.0007889270782470703} []
[2023-09-01T15:57:53.340542-03:00] log.DEBUG: SELECT `codnum` AS `lf`, `descripcion` AS `df`, '' AS `df2`, '' AS `df3`, '' AS `df4` FROM `calificacion` ORDER BY `descripcion` ASC {"params":[],"types":[],"executionMS":0.0006639957427978516} []
[2023-09-01T15:57:53.341663-03:00] log.DEBUG: SELECT COUNT(*) FROM `tipoindustria` {"params":[],"types":[],"executionMS":0.000701904296875} []
[2023-09-01T15:57:53.342288-03:00] log.DEBUG: SELECT `codnum` AS `lf`, `nomre` AS `df`, '' AS `df2`, '' AS `df3`, '' AS `df4` FROM `tipoindustria` ORDER BY `nomre` ASC {"params":[],"types":[],"executionMS":0.0005481243133544922} []
[2023-09-01T15:57:53.394778-03:00] log.DEBUG: SELECT COUNT(*) FROM `entidades` WHERE (`razsoc` LIKE '%INVERNIZZI%' AND `razsoc` LIKE '%RAUL%' AND `razsoc` LIKE '%LUIS%') OR (`calle` LIKE '%INVERNIZZI%' AND `calle` LIKE '%RAUL%' AND `calle` LIKE '%LUIS%') OR (`numero` LIKE '%INVERNIZZI%' AND `numero` LIKE '%RAUL%' AND `numero` LIKE '%LUIS%') OR (`pisodto` LIKE '%INVERNIZZI%' AND `pisodto` LIKE '%RAUL%' AND `pisodto` LIKE '%LUIS%') OR (`codpost` LIKE '%INVERNIZZI%' AND `codpost` LIKE '%RAUL%' AND `codpost` LIKE '%LUIS%') OR (`tellinea` LIKE '%INVERNIZZI%' AND `tellinea` LIKE '%RAUL%' AND `tellinea` LIKE '%LUIS%') OR (`telcelu` LIKE '%INVERNIZZI%' AND `telcelu` LIKE '%RAUL%' AND `telcelu` LIKE '%LUIS%') OR (`cuit` LIKE '%INVERNIZZI%' AND `cuit` LIKE '%RAUL%' AND `cuit` LIKE '%LUIS%') OR (`contacto` LIKE '%INVERNIZZI%' AND `contacto` LIKE '%RAUL%' AND `contacto` LIKE '%LUIS%') OR (`mailcont` LIKE '%INVERNIZZI%' AND `mailcont` LIKE '%RAUL%' AND `mailcont` LIKE '%LUIS%') OR (`cargo` LIKE '%INVERNIZZI%' AND `cargo` LIKE '%RAUL%' AND `cargo` LIKE '%LUIS%') OR (`pagweb` LIKE '%INVERNIZZI%' AND `pagweb` LIKE '%RAUL%' AND `pagweb` LIKE '%LUIS%') {"params":[],"types":[],"executionMS":0.0436558723449707} []
[2023-09-01T15:57:53.445469-03:00] log.DEBUG: SELECT * FROM `entidades` WHERE (`razsoc` LIKE '%INVERNIZZI%' AND `razsoc` LIKE '%RAUL%' AND `razsoc` LIKE '%LUIS%') OR (`calle` LIKE '%INVERNIZZI%' AND `calle` LIKE '%RAUL%' AND `calle` LIKE '%LUIS%') OR (`numero` LIKE '%INVERNIZZI%' AND `numero` LIKE '%RAUL%' AND `numero` LIKE '%LUIS%') OR (`pisodto` LIKE '%INVERNIZZI%' AND `pisodto` LIKE '%RAUL%' AND `pisodto` LIKE '%LUIS%') OR (`codpost` LIKE '%INVERNIZZI%' AND `codpost` LIKE '%RAUL%' AND `codpost` LIKE '%LUIS%') OR (`tellinea` LIKE '%INVERNIZZI%' AND `tellinea` LIKE '%RAUL%' AND `tellinea` LIKE '%LUIS%') OR (`telcelu` LIKE '%INVERNIZZI%' AND `telcelu` LIKE '%RAUL%' AND `telcelu` LIKE '%LUIS%') OR (`cuit` LIKE '%INVERNIZZI%' AND `cuit` LIKE '%RAUL%' AND `cuit` LIKE '%LUIS%') OR (`contacto` LIKE '%INVERNIZZI%' AND `contacto` LIKE '%RAUL%' AND `contacto` LIKE '%LUIS%') OR (`mailcont` LIKE '%INVERNIZZI%' AND `mailcont` LIKE '%RAUL%' AND `mailcont` LIKE '%LUIS%') OR (`cargo` LIKE '%INVERNIZZI%' AND `cargo` LIKE '%RAUL%' AND `cargo` LIKE '%LUIS%') OR (`pagweb` LIKE '%INVERNIZZI%' AND `pagweb` LIKE '%RAUL%' AND `pagweb` LIKE '%LUIS%') LIMIT 20 {"params":[],"types":[],"executionMS":0.04990410804748535} []
[2023-09-01T15:57:53.450073-03:00] log.DEBUG: SELECT `codnum` AS `lf`, `descripcion` AS `df`, '' AS `df2`, '' AS `df3`, '' AS `df4` FROM `localidades` WHERE `codnum` = 55 ORDER BY `descripcion` ASC {"params":[],"types":[],"executionMS":0.000823974609375} []
