[2023-10-30T10:04:56.006390-03:00] log.DEBUG: SELECT * FROM `usuarios` WHERE (`usuario` = 'nicole') {"params":[],"types":[],"executionMS":0.0008358955383300781} []
[2023-10-30T10:04:56.007907-03:00] log.DEBUG: SELECT * FROM `usuarios` WHERE (`usuario` = 'nicole') AND (`activo` = 1) {"params":[],"types":[],"executionMS":0.0006730556488037109} []
[2023-10-30T10:04:56.008943-03:00] log.DEBUG: SELECT * FROM `usuarios` WHERE (`usuario` = 'nicole') {"params":[],"types":[],"executionMS":0.0005450248718261719} []
[2023-10-30T10:04:56.010052-03:00] log.DEBUG: UPDATE `usuarios` SET `perfil` = ? WHERE (`usuario` = 'nicole') {"params":{"1":"a:10:{s:15:\"LoginRetryCount\";i:0;s:20:\"LastBadLoginDateTime\";s:0:\"\";s:23:\"LastPasswordChangedDate\";s:10:\"2023/09/21\";s:6:\"codnum\";i:24;s:7:\"usuario\";s:6:\"nicole\";s:6:\"nombre\";s:14:\"Nicole Favilla\";s:5:\"nivel\";i:2;s:5:\"email\";s:0:\"\";s:6:\"perfil\";s:0:\"\";s:6:\"activo\";i:1;}"},"types":{"1":2},"executionMS":0.0006887912750244141} []
[2023-10-30T10:04:56.010995-03:00] log.DEBUG: SELECT * FROM `usuarios` WHERE (`usuario` = 'nicole') {"params":[],"types":[],"executionMS":0.0005340576171875} []
[2023-10-30T10:04:56.012362-03:00] log.DEBUG: SELECT * FROM `usuarios` WHERE (`usuario` = 'nicole') {"params":[],"types":[],"executionMS":0.0005340576171875} []
[2023-10-30T10:18:39.917917-03:00] log.DEBUG: SELECT * FROM `usuarios` WHERE (`usuario` = 'paola') {"params":[],"types":[],"executionMS":0.0013928413391113281} []
[2023-10-30T10:18:39.919496-03:00] log.DEBUG: SELECT * FROM `usuarios` WHERE (`usuario` = 'paola') AND (`activo` = 1) {"params":[],"types":[],"executionMS":0.000640869140625} []
[2023-10-30T10:18:39.920442-03:00] log.DEBUG: SELECT * FROM `usuarios` WHERE (`usuario` = 'paola') {"params":[],"types":[],"executionMS":0.0005230903625488281} []
[2023-10-30T10:18:39.921533-03:00] log.DEBUG: UPDATE `usuarios` SET `perfil` = ? WHERE (`usuario` = 'paola') {"params":{"1":"a:10:{s:15:\"LoginRetryCount\";i:0;s:20:\"LastBadLoginDateTime\";s:0:\"\";s:23:\"LastPasswordChangedDate\";s:10:\"2023/09/08\";s:6:\"codnum\";i:49;s:7:\"usuario\";s:5:\"paola\";s:6:\"nombre\";s:12:\"Paola Pérez\";s:5:\"nivel\";i:-1;s:5:\"email\";s:0:\"\";s:6:\"perfil\";s:0:\"\";s:6:\"activo\";i:1;}"},"types":{"1":2},"executionMS":0.0006830692291259766} []
[2023-10-30T10:18:39.922516-03:00] log.DEBUG: SELECT * FROM `usuarios` WHERE (`usuario` = 'paola') {"params":[],"types":[],"executionMS":0.0006210803985595703} []
[2023-10-30T10:18:39.923937-03:00] log.DEBUG: SELECT * FROM `usuarios` WHERE (`usuario` = 'paola') {"params":[],"types":[],"executionMS":0.0005919933319091797} []
[2023-10-30T10:27:00.584847-03:00] log.DEBUG: SELECT * FROM `usuarios` WHERE (`usuario` = 'martina') {"params":[],"types":[],"executionMS":0.0007829666137695312} []
[2023-10-30T10:27:00.586392-03:00] log.DEBUG: SELECT * FROM `usuarios` WHERE (`usuario` = 'martina') AND (`activo` = 1) {"params":[],"types":[],"executionMS":0.0007970333099365234} []
[2023-10-30T10:27:00.587473-03:00] log.DEBUG: SELECT * FROM `usuarios` WHERE (`usuario` = 'martina') {"params":[],"types":[],"executionMS":0.000598907470703125} []
[2023-10-30T10:27:00.588606-03:00] log.DEBUG: UPDATE `usuarios` SET `perfil` = ? WHERE (`usuario` = 'martina') {"params":{"1":"a:10:{s:15:\"LoginRetryCount\";i:0;s:20:\"LastBadLoginDateTime\";s:19:\"2023/09/11 10:12:42\";s:23:\"LastPasswordChangedDate\";s:10:\"2023/09/11\";s:6:\"codnum\";i:58;s:7:\"usuario\";s:7:\"carlaAM\";s:6:\"nombre\";s:14:\"Carla Coniglio\";s:5:\"nivel\";i:0;s:5:\"email\";s:0:\"\";s:6:\"perfil\";s:0:\"\";s:6:\"activo\";i:1;}"},"types":{"1":2},"executionMS":0.0006909370422363281} []
[2023-10-30T10:27:00.589629-03:00] log.DEBUG: SELECT * FROM `usuarios` WHERE (`usuario` = 'martina') {"params":[],"types":[],"executionMS":0.0006220340728759766} []
[2023-10-30T10:27:00.591444-03:00] log.DEBUG: SELECT * FROM `usuarios` WHERE (`usuario` = 'martina') {"params":[],"types":[],"executionMS":0.0006740093231201172} []
[2023-10-30T11:16:33.028301-03:00] log.DEBUG: SELECT * FROM `usuarios` WHERE (`usuario` = 'carlaAM') {"params":[],"types":[],"executionMS":0.0010690689086914062} []
[2023-10-30T11:16:33.030390-03:00] log.DEBUG: SELECT * FROM `usuarios` WHERE (`usuario` = 'carlaAM') AND (`activo` = 1) {"params":[],"types":[],"executionMS":0.0010089874267578125} []
[2023-10-30T11:16:33.031851-03:00] log.DEBUG: SELECT * FROM `usuarios` WHERE (`usuario` = 'carlaAM') {"params":[],"types":[],"executionMS":0.0008199214935302734} []
[2023-10-30T11:16:33.033361-03:00] log.DEBUG: UPDATE `usuarios` SET `perfil` = ? WHERE (`usuario` = 'carlaAM') {"params":{"1":"a:10:{s:15:\"LoginRetryCount\";i:0;s:20:\"LastBadLoginDateTime\";s:19:\"2023/09/11 10:12:42\";s:23:\"LastPasswordChangedDate\";s:10:\"2023/09/11\";s:6:\"codnum\";i:58;s:7:\"usuario\";s:7:\"carlaAM\";s:6:\"nombre\";s:14:\"Carla Coniglio\";s:5:\"nivel\";i:0;s:5:\"email\";s:0:\"\";s:6:\"perfil\";s:0:\"\";s:6:\"activo\";i:1;}"},"types":{"1":2},"executionMS":0.0008761882781982422} []
[2023-10-30T11:16:33.034476-03:00] log.DEBUG: SELECT * FROM `usuarios` WHERE (`usuario` = 'carlaAM') {"params":[],"types":[],"executionMS":0.0006310939788818359} []
[2023-10-30T11:16:33.035817-03:00] log.DEBUG: SELECT * FROM `usuarios` WHERE (`usuario` = 'carlaAM') {"params":[],"types":[],"executionMS":0.0005450248718261719} []
[2023-10-30T11:47:51.020640-03:00] log.DEBUG: SELECT * FROM `usuarios` WHERE (`usuario` = 'CARLA') {"params":[],"types":[],"executionMS":0.0008611679077148438} []
[2023-10-30T11:47:51.021894-03:00] log.DEBUG: SELECT * FROM `usuarios` WHERE (`usuario` = 'CARLA') AND (`activo` = 1) {"params":[],"types":[],"executionMS":0.0006120204925537109} []
[2023-10-30T11:47:51.023124-03:00] log.DEBUG: SELECT * FROM `usuarios` WHERE (`usuario` = 'CARLA') {"params":[],"types":[],"executionMS":0.0008280277252197266} []
[2023-10-30T11:47:51.024584-03:00] log.DEBUG: UPDATE `usuarios` SET `perfil` = ? WHERE (`usuario` = 'CARLA') {"params":{"1":"a:10:{s:15:\"LoginRetryCount\";i:0;s:20:\"LastBadLoginDateTime\";s:19:\"2023/10/09 13:50:54\";s:23:\"LastPasswordChangedDate\";s:10:\"2023/10/06\";s:6:\"codnum\";i:28;s:7:\"usuario\";s:5:\"carla\";s:6:\"nombre\";s:12:\"Carla Albano\";s:5:\"nivel\";i:2;s:5:\"email\";s:0:\"\";s:6:\"perfil\";s:0:\"\";s:6:\"activo\";i:1;}"},"types":{"1":2},"executionMS":0.0010950565338134766} []
[2023-10-30T11:47:51.025557-03:00] log.DEBUG: SELECT * FROM `usuarios` WHERE (`usuario` = 'CARLA') {"params":[],"types":[],"executionMS":0.0006399154663085938} []
[2023-10-30T11:47:51.026997-03:00] log.DEBUG: SELECT * FROM `usuarios` WHERE (`usuario` = 'CARLA') {"params":[],"types":[],"executionMS":0.0006320476531982422} []
[2023-10-30T11:52:40.480768-03:00] log.DEBUG: SELECT COUNT(*) FROM `remates` {"params":[],"types":[],"executionMS":0.0012888908386230469} []
[2023-10-30T11:52:40.482452-03:00] log.DEBUG: SELECT COUNT(*) FROM `paises` {"params":[],"types":[],"executionMS":0.0009391307830810547} []
[2023-10-30T11:52:40.483100-03:00] log.DEBUG: SELECT `codnum` AS `lf`, `descripcion` AS `df`, '' AS `df2`, '' AS `df3`, '' AS `df4` FROM `paises` ORDER BY `descripcion` ASC {"params":[],"types":[],"executionMS":0.0005350112915039062} []
[2023-10-30T11:52:40.484615-03:00] log.DEBUG: SELECT COUNT(*) FROM `provincias` {"params":[],"types":[],"executionMS":0.0009679794311523438} []
[2023-10-30T11:52:40.485288-03:00] log.DEBUG: SELECT `codnum` AS `lf`, `descripcion` AS `df`, '' AS `df2`, '' AS `df3`, '' AS `df4`, `codpais` AS `ff` FROM `provincias` ORDER BY `descripcion` ASC {"params":[],"types":[],"executionMS":0.0005719661712646484} []
[2023-10-30T11:52:40.486955-03:00] log.DEBUG: SELECT COUNT(*) FROM `localidades` {"params":[],"types":[],"executionMS":0.0009191036224365234} []
[2023-10-30T11:52:40.490241-03:00] log.DEBUG: SELECT COUNT(*) FROM `dir_remates` {"params":[],"types":[],"executionMS":0.0011410713195800781} []
[2023-10-30T11:52:40.491411-03:00] log.DEBUG: SELECT * FROM `dir_remates` LIMIT 20 {"params":[],"types":[],"executionMS":0.0008380413055419922} []
[2023-10-30T11:52:40.493764-03:00] log.DEBUG: SELECT `ncomp` AS `lf`, `ncomp` AS `df`, `observacion` AS `df2`, '' AS `df3`, '' AS `df4` FROM `remates` WHERE `ncomp` = 5 ORDER BY `ncomp` DESC {"params":[],"types":[],"executionMS":0.0008358955383300781} []
[2023-10-30T11:52:40.494705-03:00] log.DEBUG: SELECT `codnum` AS `lf`, `descripcion` AS `df`, '' AS `df2`, '' AS `df3`, '' AS `df4` FROM `localidades` WHERE `codnum` = 15 ORDER BY `descripcion` ASC {"params":[],"types":[],"executionMS":0.0005259513854980469} []
[2023-10-30T11:52:40.496084-03:00] log.DEBUG: SELECT `ncomp` AS `lf`, `ncomp` AS `df`, `observacion` AS `df2`, '' AS `df3`, '' AS `df4` FROM `remates` WHERE `ncomp` = 70 ORDER BY `ncomp` DESC {"params":[],"types":[],"executionMS":0.0007250308990478516} []
[2023-10-30T11:52:40.497519-03:00] log.DEBUG: SELECT `codnum` AS `lf`, `descripcion` AS `df`, '' AS `df2`, '' AS `df3`, '' AS `df4` FROM `localidades` WHERE `codnum` = 959 ORDER BY `descripcion` ASC {"params":[],"types":[],"executionMS":0.0007269382476806641} []
[2023-10-30T11:52:40.498775-03:00] log.DEBUG: SELECT `ncomp` AS `lf`, `ncomp` AS `df`, `observacion` AS `df2`, '' AS `df3`, '' AS `df4` FROM `remates` WHERE `ncomp` = 70 ORDER BY `ncomp` DESC {"params":[],"types":[],"executionMS":0.000659942626953125} []
[2023-10-30T11:52:40.499589-03:00] log.DEBUG: SELECT `codnum` AS `lf`, `descripcion` AS `df`, '' AS `df2`, '' AS `df3`, '' AS `df4` FROM `localidades` WHERE `codnum` = 2283 ORDER BY `descripcion` ASC {"params":[],"types":[],"executionMS":0.0004909038543701172} []
[2023-10-30T11:52:40.500821-03:00] log.DEBUG: SELECT `ncomp` AS `lf`, `ncomp` AS `df`, `observacion` AS `df2`, '' AS `df3`, '' AS `df4` FROM `remates` WHERE `ncomp` = 56 ORDER BY `ncomp` DESC {"params":[],"types":[],"executionMS":0.0006601810455322266} []
[2023-10-30T11:52:40.501813-03:00] log.DEBUG: SELECT `codnum` AS `lf`, `descripcion` AS `df`, '' AS `df2`, '' AS `df3`, '' AS `df4` FROM `localidades` WHERE `codnum` = 444 ORDER BY `descripcion` ASC {"params":[],"types":[],"executionMS":0.0006628036499023438} []
[2023-10-30T11:52:40.503033-03:00] log.DEBUG: SELECT `ncomp` AS `lf`, `ncomp` AS `df`, `observacion` AS `df2`, '' AS `df3`, '' AS `df4` FROM `remates` WHERE `ncomp` = 4 ORDER BY `ncomp` DESC {"params":[],"types":[],"executionMS":0.0006089210510253906} []
[2023-10-30T11:52:40.503871-03:00] log.DEBUG: SELECT `codnum` AS `lf`, `descripcion` AS `df`, '' AS `df2`, '' AS `df3`, '' AS `df4` FROM `localidades` WHERE `codnum` = 9 ORDER BY `descripcion` ASC {"params":[],"types":[],"executionMS":0.0005209445953369141} []
[2023-10-30T11:52:40.505012-03:00] log.DEBUG: SELECT `ncomp` AS `lf`, `ncomp` AS `df`, `observacion` AS `df2`, '' AS `df3`, '' AS `df4` FROM `remates` WHERE `ncomp` = 4 ORDER BY `ncomp` DESC {"params":[],"types":[],"executionMS":0.0006048679351806641} []
[2023-10-30T11:52:40.505867-03:00] log.DEBUG: SELECT `codnum` AS `lf`, `descripcion` AS `df`, '' AS `df2`, '' AS `df3`, '' AS `df4` FROM `localidades` WHERE `codnum` = 11 ORDER BY `descripcion` ASC {"params":[],"types":[],"executionMS":0.0005509853363037109} []
[2023-10-30T11:52:40.507367-03:00] log.DEBUG: SELECT `ncomp` AS `lf`, `ncomp` AS `df`, `observacion` AS `df2`, '' AS `df3`, '' AS `df4` FROM `remates` WHERE `ncomp` = 4 ORDER BY `ncomp` DESC {"params":[],"types":[],"executionMS":0.0006492137908935547} []
[2023-10-30T11:52:40.508270-03:00] log.DEBUG: SELECT `codnum` AS `lf`, `descripcion` AS `df`, '' AS `df2`, '' AS `df3`, '' AS `df4` FROM `localidades` WHERE `codnum` = 119 ORDER BY `descripcion` ASC {"params":[],"types":[],"executionMS":0.0005800724029541016} []
[2023-10-30T11:52:40.509538-03:00] log.DEBUG: SELECT `ncomp` AS `lf`, `ncomp` AS `df`, `observacion` AS `df2`, '' AS `df3`, '' AS `df4` FROM `remates` WHERE `ncomp` = 4 ORDER BY `ncomp` DESC {"params":[],"types":[],"executionMS":0.0006978511810302734} []
[2023-10-30T11:52:40.510415-03:00] log.DEBUG: SELECT `codnum` AS `lf`, `descripcion` AS `df`, '' AS `df2`, '' AS `df3`, '' AS `df4` FROM `localidades` WHERE `codnum` = 60 ORDER BY `descripcion` ASC {"params":[],"types":[],"executionMS":0.0005550384521484375} []
[2023-10-30T11:52:40.511720-03:00] log.DEBUG: SELECT `ncomp` AS `lf`, `ncomp` AS `df`, `observacion` AS `df2`, '' AS `df3`, '' AS `df4` FROM `remates` WHERE `ncomp` = 6 ORDER BY `ncomp` DESC {"params":[],"types":[],"executionMS":0.0007309913635253906} []
[2023-10-30T11:52:40.512575-03:00] log.DEBUG: SELECT `codnum` AS `lf`, `descripcion` AS `df`, '' AS `df2`, '' AS `df3`, '' AS `df4` FROM `localidades` WHERE `codnum` = 16 ORDER BY `descripcion` ASC {"params":[],"types":[],"executionMS":0.0005199909210205078} []
[2023-10-30T11:52:40.513786-03:00] log.DEBUG: SELECT `ncomp` AS `lf`, `ncomp` AS `df`, `observacion` AS `df2`, '' AS `df3`, '' AS `df4` FROM `remates` WHERE `ncomp` = 63 ORDER BY `ncomp` DESC {"params":[],"types":[],"executionMS":0.0006260871887207031} []
[2023-10-30T11:52:40.514625-03:00] log.DEBUG: SELECT `codnum` AS `lf`, `descripcion` AS `df`, '' AS `df2`, '' AS `df3`, '' AS `df4` FROM `localidades` WHERE `codnum` = 9 ORDER BY `descripcion` ASC {"params":[],"types":[],"executionMS":0.0005359649658203125} []
[2023-10-30T11:52:40.515811-03:00] log.DEBUG: SELECT `ncomp` AS `lf`, `ncomp` AS `df`, `observacion` AS `df2`, '' AS `df3`, '' AS `df4` FROM `remates` WHERE `ncomp` = 7 ORDER BY `ncomp` DESC {"params":[],"types":[],"executionMS":0.0006108283996582031} []
[2023-10-30T11:52:40.516617-03:00] log.DEBUG: SELECT `codnum` AS `lf`, `descripcion` AS `df`, '' AS `df2`, '' AS `df3`, '' AS `df4` FROM `localidades` WHERE `codnum` = 139 ORDER BY `descripcion` ASC {"params":[],"types":[],"executionMS":0.00048804283142089844} []
[2023-10-30T11:52:40.517810-03:00] log.DEBUG: SELECT `ncomp` AS `lf`, `ncomp` AS `df`, `observacion` AS `df2`, '' AS `df3`, '' AS `df4` FROM `remates` WHERE `ncomp` = 10 ORDER BY `ncomp` DESC {"params":[],"types":[],"executionMS":0.0006210803985595703} []
[2023-10-30T11:52:40.518648-03:00] log.DEBUG: SELECT `codnum` AS `lf`, `descripcion` AS `df`, '' AS `df2`, '' AS `df3`, '' AS `df4` FROM `localidades` WHERE `codnum` = 444 ORDER BY `descripcion` ASC {"params":[],"types":[],"executionMS":0.0004940032958984375} []
[2023-10-30T11:52:40.519807-03:00] log.DEBUG: SELECT `ncomp` AS `lf`, `ncomp` AS `df`, `observacion` AS `df2`, '' AS `df3`, '' AS `df4` FROM `remates` WHERE `ncomp` = 11 ORDER BY `ncomp` DESC {"params":[],"types":[],"executionMS":0.0006070137023925781} []
[2023-10-30T11:52:40.520618-03:00] log.DEBUG: SELECT `codnum` AS `lf`, `descripcion` AS `df`, '' AS `df2`, '' AS `df3`, '' AS `df4` FROM `localidades` WHERE `codnum` = 413 ORDER BY `descripcion` ASC {"params":[],"types":[],"executionMS":0.00048804283142089844} []
[2023-10-30T11:52:40.521964-03:00] log.DEBUG: SELECT `ncomp` AS `lf`, `ncomp` AS `df`, `observacion` AS `df2`, '' AS `df3`, '' AS `df4` FROM `remates` WHERE `ncomp` = 12 ORDER BY `ncomp` DESC {"params":[],"types":[],"executionMS":0.0007719993591308594} []
[2023-10-30T11:52:40.522803-03:00] log.DEBUG: SELECT `codnum` AS `lf`, `descripcion` AS `df`, '' AS `df2`, '' AS `df3`, '' AS `df4` FROM `localidades` WHERE `codnum` = 26 ORDER BY `descripcion` ASC {"params":[],"types":[],"executionMS":0.0004961490631103516} []
[2023-10-30T11:52:40.524064-03:00] log.DEBUG: SELECT `ncomp` AS `lf`, `ncomp` AS `df`, `observacion` AS `df2`, '' AS `df3`, '' AS `df4` FROM `remates` WHERE `ncomp` = 13 ORDER BY `ncomp` DESC {"params":[],"types":[],"executionMS":0.0006480216979980469} []
[2023-10-30T11:52:40.524877-03:00] log.DEBUG: SELECT `codnum` AS `lf`, `descripcion` AS `df`, '' AS `df2`, '' AS `df3`, '' AS `df4` FROM `localidades` WHERE `codnum` = 444 ORDER BY `descripcion` ASC {"params":[],"types":[],"executionMS":0.0004858970642089844} []
[2023-10-30T11:52:40.526026-03:00] log.DEBUG: SELECT `ncomp` AS `lf`, `ncomp` AS `df`, `observacion` AS `df2`, '' AS `df3`, '' AS `df4` FROM `remates` WHERE `ncomp` = 14 ORDER BY `ncomp` DESC {"params":[],"types":[],"executionMS":0.0006060600280761719} []
[2023-10-30T11:52:40.526892-03:00] log.DEBUG: SELECT `codnum` AS `lf`, `descripcion` AS `df`, '' AS `df2`, '' AS `df3`, '' AS `df4` FROM `localidades` WHERE `codnum` = 13 ORDER BY `descripcion` ASC {"params":[],"types":[],"executionMS":0.0005090236663818359} []
[2023-10-30T11:52:40.528442-03:00] log.DEBUG: SELECT `ncomp` AS `lf`, `ncomp` AS `df`, `observacion` AS `df2`, '' AS `df3`, '' AS `df4` FROM `remates` WHERE `ncomp` = 17 ORDER BY `ncomp` DESC {"params":[],"types":[],"executionMS":0.0009598731994628906} []
[2023-10-30T11:52:40.529291-03:00] log.DEBUG: SELECT `codnum` AS `lf`, `descripcion` AS `df`, '' AS `df2`, '' AS `df3`, '' AS `df4` FROM `localidades` WHERE `codnum` = 2321 ORDER BY `descripcion` ASC {"params":[],"types":[],"executionMS":0.0004999637603759766} []
[2023-10-30T11:52:40.530583-03:00] log.DEBUG: SELECT `ncomp` AS `lf`, `ncomp` AS `df`, `observacion` AS `df2`, '' AS `df3`, '' AS `df4` FROM `remates` WHERE `ncomp` = 18 ORDER BY `ncomp` DESC {"params":[],"types":[],"executionMS":0.0006649494171142578} []
[2023-10-30T11:52:40.531424-03:00] log.DEBUG: SELECT `codnum` AS `lf`, `descripcion` AS `df`, '' AS `df2`, '' AS `df3`, '' AS `df4` FROM `localidades` WHERE `codnum` = 404 ORDER BY `descripcion` ASC {"params":[],"types":[],"executionMS":0.0005030632019042969} []
[2023-10-30T11:52:40.532828-03:00] log.DEBUG: SELECT `ncomp` AS `lf`, `ncomp` AS `df`, `observacion` AS `df2`, '' AS `df3`, '' AS `df4` FROM `remates` WHERE `ncomp` = 20 ORDER BY `ncomp` DESC {"params":[],"types":[],"executionMS":0.0006520748138427734} []
[2023-10-30T11:52:40.533683-03:00] log.DEBUG: SELECT `codnum` AS `lf`, `descripcion` AS `df`, '' AS `df2`, '' AS `df3`, '' AS `df4` FROM `localidades` WHERE `codnum` = 374 ORDER BY `descripcion` ASC {"params":[],"types":[],"executionMS":0.0005068778991699219} []
[2023-10-30T11:52:40.534956-03:00] log.DEBUG: SELECT `ncomp` AS `lf`, `ncomp` AS `df`, `observacion` AS `df2`, '' AS `df3`, '' AS `df4` FROM `remates` WHERE `ncomp` = 21 ORDER BY `ncomp` DESC {"params":[],"types":[],"executionMS":0.0006320476531982422} []
[2023-10-30T11:52:40.535801-03:00] log.DEBUG: SELECT `codnum` AS `lf`, `descripcion` AS `df`, '' AS `df2`, '' AS `df3`, '' AS `df4` FROM `localidades` WHERE `codnum` = 326 ORDER BY `descripcion` ASC {"params":[],"types":[],"executionMS":0.0005159378051757812} []
[2023-10-30T11:52:45.279339-03:00] log.DEBUG: SELECT COUNT(*) FROM `remates` {"params":[],"types":[],"executionMS":0.0012159347534179688} []
[2023-10-30T11:52:45.280874-03:00] log.DEBUG: SELECT COUNT(*) FROM `paises` {"params":[],"types":[],"executionMS":0.0009670257568359375} []
[2023-10-30T11:52:45.281516-03:00] log.DEBUG: SELECT `codnum` AS `lf`, `descripcion` AS `df`, '' AS `df2`, '' AS `df3`, '' AS `df4` FROM `paises` ORDER BY `descripcion` ASC {"params":[],"types":[],"executionMS":0.0005490779876708984} []
[2023-10-30T11:52:45.282955-03:00] log.DEBUG: SELECT COUNT(*) FROM `provincias` {"params":[],"types":[],"executionMS":0.0009310245513916016} []
[2023-10-30T11:52:45.283625-03:00] log.DEBUG: SELECT `codnum` AS `lf`, `descripcion` AS `df`, '' AS `df2`, '' AS `df3`, '' AS `df4`, `codpais` AS `ff` FROM `provincias` ORDER BY `descripcion` ASC {"params":[],"types":[],"executionMS":0.0005881786346435547} []
[2023-10-30T11:52:45.285322-03:00] log.DEBUG: SELECT COUNT(*) FROM `localidades` {"params":[],"types":[],"executionMS":0.0009770393371582031} []
[2023-10-30T11:52:45.289035-03:00] log.DEBUG: SELECT COUNT(*) FROM `dir_remates` {"params":[],"types":[],"executionMS":0.0012459754943847656} []
[2023-10-30T11:52:45.290114-03:00] log.DEBUG: SELECT * FROM `dir_remates` ORDER BY `codrem` ASC LIMIT 20 {"params":[],"types":[],"executionMS":0.0007379055023193359} []
[2023-10-30T11:52:45.292707-03:00] log.DEBUG: SELECT `ncomp` AS `lf`, `ncomp` AS `df`, `observacion` AS `df2`, '' AS `df3`, '' AS `df4` FROM `remates` WHERE `ncomp` = 1 ORDER BY `ncomp` DESC {"params":[],"types":[],"executionMS":0.0010828971862792969} []
[2023-10-30T11:52:45.293883-03:00] log.DEBUG: SELECT `codnum` AS `lf`, `descripcion` AS `df`, '' AS `df2`, '' AS `df3`, '' AS `df4` FROM `localidades` WHERE `codnum` = 15 ORDER BY `descripcion` ASC {"params":[],"types":[],"executionMS":0.0006110668182373047} []
[2023-10-30T11:52:45.295254-03:00] log.DEBUG: SELECT `ncomp` AS `lf`, `ncomp` AS `df`, `observacion` AS `df2`, '' AS `df3`, '' AS `df4` FROM `remates` WHERE `ncomp` = 3 ORDER BY `ncomp` DESC {"params":[],"types":[],"executionMS":0.000698089599609375} []
[2023-10-30T11:52:45.296449-03:00] log.DEBUG: SELECT `codnum` AS `lf`, `descripcion` AS `df`, '' AS `df2`, '' AS `df3`, '' AS `df4` FROM `localidades` WHERE `codnum` = 2350 ORDER BY `descripcion` ASC {"params":[],"types":[],"executionMS":0.0008499622344970703} []
[2023-10-30T11:52:45.297747-03:00] log.DEBUG: SELECT `ncomp` AS `lf`, `ncomp` AS `df`, `observacion` AS `df2`, '' AS `df3`, '' AS `df4` FROM `remates` WHERE `ncomp` = 4 ORDER BY `ncomp` DESC {"params":[],"types":[],"executionMS":0.0006761550903320312} []
[2023-10-30T11:52:45.298711-03:00] log.DEBUG: SELECT `codnum` AS `lf`, `descripcion` AS `df`, '' AS `df2`, '' AS `df3`, '' AS `df4` FROM `localidades` WHERE `codnum` = 9 ORDER BY `descripcion` ASC {"params":[],"types":[],"executionMS":0.0006999969482421875} []
[2023-10-30T11:52:45.299989-03:00] log.DEBUG: SELECT `ncomp` AS `lf`, `ncomp` AS `df`, `observacion` AS `df2`, '' AS `df3`, '' AS `df4` FROM `remates` WHERE `ncomp` = 4 ORDER BY `ncomp` DESC {"params":[],"types":[],"executionMS":0.0007009506225585938} []
[2023-10-30T11:52:45.300799-03:00] log.DEBUG: SELECT `codnum` AS `lf`, `descripcion` AS `df`, '' AS `df2`, '' AS `df3`, '' AS `df4` FROM `localidades` WHERE `codnum` = 11 ORDER BY `descripcion` ASC {"params":[],"types":[],"executionMS":0.0004940032958984375} []
[2023-10-30T11:52:45.301994-03:00] log.DEBUG: SELECT `ncomp` AS `lf`, `ncomp` AS `df`, `observacion` AS `df2`, '' AS `df3`, '' AS `df4` FROM `remates` WHERE `ncomp` = 4 ORDER BY `ncomp` DESC {"params":[],"types":[],"executionMS":0.0006561279296875} []
[2023-10-30T11:52:45.302875-03:00] log.DEBUG: SELECT `codnum` AS `lf`, `descripcion` AS `df`, '' AS `df2`, '' AS `df3`, '' AS `df4` FROM `localidades` WHERE `codnum` = 119 ORDER BY `descripcion` ASC {"params":[],"types":[],"executionMS":0.0005300045013427734} []
[2023-10-30T11:52:45.304156-03:00] log.DEBUG: SELECT `ncomp` AS `lf`, `ncomp` AS `df`, `observacion` AS `df2`, '' AS `df3`, '' AS `df4` FROM `remates` WHERE `ncomp` = 4 ORDER BY `ncomp` DESC {"params":[],"types":[],"executionMS":0.0006830692291259766} []
[2023-10-30T11:52:45.304971-03:00] log.DEBUG: SELECT `codnum` AS `lf`, `descripcion` AS `df`, '' AS `df2`, '' AS `df3`, '' AS `df4` FROM `localidades` WHERE `codnum` = 60 ORDER BY `descripcion` ASC {"params":[],"types":[],"executionMS":0.0004968643188476562} []
[2023-10-30T11:52:45.306157-03:00] log.DEBUG: SELECT `ncomp` AS `lf`, `ncomp` AS `df`, `observacion` AS `df2`, '' AS `df3`, '' AS `df4` FROM `remates` WHERE `ncomp` = 5 ORDER BY `ncomp` DESC {"params":[],"types":[],"executionMS":0.0006220340728759766} []
[2023-10-30T11:52:45.306946-03:00] log.DEBUG: SELECT `codnum` AS `lf`, `descripcion` AS `df`, '' AS `df2`, '' AS `df3`, '' AS `df4` FROM `localidades` WHERE `codnum` = 15 ORDER BY `descripcion` ASC {"params":[],"types":[],"executionMS":0.0004889965057373047} []
[2023-10-30T11:52:45.308455-03:00] log.DEBUG: SELECT `ncomp` AS `lf`, `ncomp` AS `df`, `observacion` AS `df2`, '' AS `df3`, '' AS `df4` FROM `remates` WHERE `ncomp` = 6 ORDER BY `ncomp` DESC {"params":[],"types":[],"executionMS":0.0008878707885742188} []
[2023-10-30T11:52:45.309330-03:00] log.DEBUG: SELECT `codnum` AS `lf`, `descripcion` AS `df`, '' AS `df2`, '' AS `df3`, '' AS `df4` FROM `localidades` WHERE `codnum` = 16 ORDER BY `descripcion` ASC {"params":[],"types":[],"executionMS":0.0005419254302978516} []
[2023-10-30T11:52:45.310570-03:00] log.DEBUG: SELECT `ncomp` AS `lf`, `ncomp` AS `df`, `observacion` AS `df2`, '' AS `df3`, '' AS `df4` FROM `remates` WHERE `ncomp` = 7 ORDER BY `ncomp` DESC {"params":[],"types":[],"executionMS":0.0006699562072753906} []
[2023-10-30T11:52:45.311422-03:00] log.DEBUG: SELECT `codnum` AS `lf`, `descripcion` AS `df`, '' AS `df2`, '' AS `df3`, '' AS `df4` FROM `localidades` WHERE `codnum` = 139 ORDER BY `descripcion` ASC {"params":[],"types":[],"executionMS":0.0005381107330322266} []
[2023-10-30T11:52:45.312648-03:00] log.DEBUG: SELECT `ncomp` AS `lf`, `ncomp` AS `df`, `observacion` AS `df2`, '' AS `df3`, '' AS `df4` FROM `remates` WHERE `ncomp` = 9 ORDER BY `ncomp` DESC {"params":[],"types":[],"executionMS":0.0006310939788818359} []
[2023-10-30T11:52:45.313459-03:00] log.DEBUG: SELECT `codnum` AS `lf`, `descripcion` AS `df`, '' AS `df2`, '' AS `df3`, '' AS `df4` FROM `localidades` WHERE `codnum` = 98 ORDER BY `descripcion` ASC {"params":[],"types":[],"executionMS":0.0005030632019042969} []
[2023-10-30T11:52:45.314712-03:00] log.DEBUG: SELECT `ncomp` AS `lf`, `ncomp` AS `df`, `observacion` AS `df2`, '' AS `df3`, '' AS `df4` FROM `remates` WHERE `ncomp` = 10 ORDER BY `ncomp` DESC {"params":[],"types":[],"executionMS":0.0007150173187255859} []
[2023-10-30T11:52:45.315543-03:00] log.DEBUG: SELECT `codnum` AS `lf`, `descripcion` AS `df`, '' AS `df2`, '' AS `df3`, '' AS `df4` FROM `localidades` WHERE `codnum` = 444 ORDER BY `descripcion` ASC {"params":[],"types":[],"executionMS":0.0005280971527099609} []
[2023-10-30T11:52:45.316684-03:00] log.DEBUG: SELECT `ncomp` AS `lf`, `ncomp` AS `df`, `observacion` AS `df2`, '' AS `df3`, '' AS `df4` FROM `remates` WHERE `ncomp` = 11 ORDER BY `ncomp` DESC {"params":[],"types":[],"executionMS":0.0006098747253417969} []
[2023-10-30T11:52:45.317978-03:00] log.DEBUG: SELECT `codnum` AS `lf`, `descripcion` AS `df`, '' AS `df2`, '' AS `df3`, '' AS `df4` FROM `localidades` WHERE `codnum` = 413 ORDER BY `descripcion` ASC {"params":[],"types":[],"executionMS":0.0009770393371582031} []
[2023-10-30T11:52:45.319727-03:00] log.DEBUG: SELECT `ncomp` AS `lf`, `ncomp` AS `df`, `observacion` AS `df2`, '' AS `df3`, '' AS `df4` FROM `remates` WHERE `ncomp` = 12 ORDER BY `ncomp` DESC {"params":[],"types":[],"executionMS":0.0006678104400634766} []
[2023-10-30T11:52:45.320553-03:00] log.DEBUG: SELECT `codnum` AS `lf`, `descripcion` AS `df`, '' AS `df2`, '' AS `df3`, '' AS `df4` FROM `localidades` WHERE `codnum` = 26 ORDER BY `descripcion` ASC {"params":[],"types":[],"executionMS":0.0005080699920654297} []
[2023-10-30T11:52:45.321747-03:00] log.DEBUG: SELECT `ncomp` AS `lf`, `ncomp` AS `df`, `observacion` AS `df2`, '' AS `df3`, '' AS `df4` FROM `remates` WHERE `ncomp` = 13 ORDER BY `ncomp` DESC {"params":[],"types":[],"executionMS":0.0006251335144042969} []
[2023-10-30T11:52:45.322600-03:00] log.DEBUG: SELECT `codnum` AS `lf`, `descripcion` AS `df`, '' AS `df2`, '' AS `df3`, '' AS `df4` FROM `localidades` WHERE `codnum` = 444 ORDER BY `descripcion` ASC {"params":[],"types":[],"executionMS":0.0005300045013427734} []
[2023-10-30T11:52:45.323774-03:00] log.DEBUG: SELECT `ncomp` AS `lf`, `ncomp` AS `df`, `observacion` AS `df2`, '' AS `df3`, '' AS `df4` FROM `remates` WHERE `ncomp` = 14 ORDER BY `ncomp` DESC {"params":[],"types":[],"executionMS":0.0006091594696044922} []
[2023-10-30T11:52:45.324795-03:00] log.DEBUG: SELECT `codnum` AS `lf`, `descripcion` AS `df`, '' AS `df2`, '' AS `df3`, '' AS `df4` FROM `localidades` WHERE `codnum` = 13 ORDER BY `descripcion` ASC {"params":[],"types":[],"executionMS":0.0005609989166259766} []
[2023-10-30T11:52:45.326043-03:00] log.DEBUG: SELECT `ncomp` AS `lf`, `ncomp` AS `df`, `observacion` AS `df2`, '' AS `df3`, '' AS `df4` FROM `remates` WHERE `ncomp` = 17 ORDER BY `ncomp` DESC {"params":[],"types":[],"executionMS":0.0006830692291259766} []
[2023-10-30T11:52:45.326884-03:00] log.DEBUG: SELECT `codnum` AS `lf`, `descripcion` AS `df`, '' AS `df2`, '' AS `df3`, '' AS `df4` FROM `localidades` WHERE `codnum` = 2321 ORDER BY `descripcion` ASC {"params":[],"types":[],"executionMS":0.0005130767822265625} []
[2023-10-30T11:52:45.328066-03:00] log.DEBUG: SELECT `ncomp` AS `lf`, `ncomp` AS `df`, `observacion` AS `df2`, '' AS `df3`, '' AS `df4` FROM `remates` WHERE `ncomp` = 18 ORDER BY `ncomp` DESC {"params":[],"types":[],"executionMS":0.0006151199340820312} []
[2023-10-30T11:52:45.328997-03:00] log.DEBUG: SELECT `codnum` AS `lf`, `descripcion` AS `df`, '' AS `df2`, '' AS `df3`, '' AS `df4` FROM `localidades` WHERE `codnum` = 404 ORDER BY `descripcion` ASC {"params":[],"types":[],"executionMS":0.0006170272827148438} []
[2023-10-30T11:52:45.330230-03:00] log.DEBUG: SELECT `ncomp` AS `lf`, `ncomp` AS `df`, `observacion` AS `df2`, '' AS `df3`, '' AS `df4` FROM `remates` WHERE `ncomp` = 20 ORDER BY `ncomp` DESC {"params":[],"types":[],"executionMS":0.0006499290466308594} []
[2023-10-30T11:52:45.331141-03:00] log.DEBUG: SELECT `codnum` AS `lf`, `descripcion` AS `df`, '' AS `df2`, '' AS `df3`, '' AS `df4` FROM `localidades` WHERE `codnum` = 374 ORDER BY `descripcion` ASC {"params":[],"types":[],"executionMS":0.00055694580078125} []
[2023-10-30T11:52:45.332382-03:00] log.DEBUG: SELECT `ncomp` AS `lf`, `ncomp` AS `df`, `observacion` AS `df2`, '' AS `df3`, '' AS `df4` FROM `remates` WHERE `ncomp` = 21 ORDER BY `ncomp` DESC {"params":[],"types":[],"executionMS":0.0006718635559082031} []
[2023-10-30T11:52:45.333204-03:00] log.DEBUG: SELECT `codnum` AS `lf`, `descripcion` AS `df`, '' AS `df2`, '' AS `df3`, '' AS `df4` FROM `localidades` WHERE `codnum` = 326 ORDER BY `descripcion` ASC {"params":[],"types":[],"executionMS":0.0005009174346923828} []
[2023-10-30T11:52:45.334431-03:00] log.DEBUG: SELECT `ncomp` AS `lf`, `ncomp` AS `df`, `observacion` AS `df2`, '' AS `df3`, '' AS `df4` FROM `remates` WHERE `ncomp` = 22 ORDER BY `ncomp` DESC {"params":[],"types":[],"executionMS":0.0006589889526367188} []
[2023-10-30T11:52:45.335293-03:00] log.DEBUG: SELECT `codnum` AS `lf`, `descripcion` AS `df`, '' AS `df2`, '' AS `df3`, '' AS `df4` FROM `localidades` WHERE `codnum` = 80 ORDER BY `descripcion` ASC {"params":[],"types":[],"executionMS":0.0005171298980712891} []
[2023-10-30T11:52:46.596030-03:00] log.DEBUG: SELECT COUNT(*) FROM `remates` {"params":[],"types":[],"executionMS":0.0013370513916015625} []
[2023-10-30T11:52:46.597624-03:00] log.DEBUG: SELECT COUNT(*) FROM `paises` {"params":[],"types":[],"executionMS":0.0010859966278076172} []
[2023-10-30T11:52:46.598492-03:00] log.DEBUG: SELECT `codnum` AS `lf`, `descripcion` AS `df`, '' AS `df2`, '' AS `df3`, '' AS `df4` FROM `paises` ORDER BY `descripcion` ASC {"params":[],"types":[],"executionMS":0.0007810592651367188} []
[2023-10-30T11:52:46.600043-03:00] log.DEBUG: SELECT COUNT(*) FROM `provincias` {"params":[],"types":[],"executionMS":0.0011019706726074219} []
[2023-10-30T11:52:46.601084-03:00] log.DEBUG: SELECT `codnum` AS `lf`, `descripcion` AS `df`, '' AS `df2`, '' AS `df3`, '' AS `df4`, `codpais` AS `ff` FROM `provincias` ORDER BY `descripcion` ASC {"params":[],"types":[],"executionMS":0.000965118408203125} []
[2023-10-30T11:52:46.602799-03:00] log.DEBUG: SELECT COUNT(*) FROM `localidades` {"params":[],"types":[],"executionMS":0.0010499954223632812} []
[2023-10-30T11:52:46.606050-03:00] log.DEBUG: SELECT COUNT(*) FROM `dir_remates` {"params":[],"types":[],"executionMS":0.0013759136199951172} []
[2023-10-30T11:52:46.607275-03:00] log.DEBUG: SELECT * FROM `dir_remates` ORDER BY `codrem` DESC LIMIT 20 {"params":[],"types":[],"executionMS":0.0009698867797851562} []
[2023-10-30T11:52:46.609817-03:00] log.DEBUG: SELECT `ncomp` AS `lf`, `ncomp` AS `df`, `observacion` AS `df2`, '' AS `df3`, '' AS `df4` FROM `remates` WHERE `ncomp` = 187 ORDER BY `ncomp` DESC {"params":[],"types":[],"executionMS":0.0011219978332519531} []
[2023-10-30T11:52:46.612021-03:00] log.DEBUG: SELECT `codnum` AS `lf`, `descripcion` AS `df`, '' AS `df2`, '' AS `df3`, '' AS `df4` FROM `localidades` WHERE `codnum` = 440 ORDER BY `descripcion` ASC {"params":[],"types":[],"executionMS":0.0018458366394042969} []
[2023-10-30T11:52:46.613209-03:00] log.DEBUG: SELECT `ncomp` AS `lf`, `ncomp` AS `df`, `observacion` AS `df2`, '' AS `df3`, '' AS `df4` FROM `remates` WHERE `ncomp` = 186 ORDER BY `ncomp` DESC {"params":[],"types":[],"executionMS":0.0006139278411865234} []
[2023-10-30T11:52:46.613862-03:00] log.DEBUG: SELECT `codnum` AS `lf`, `descripcion` AS `df`, '' AS `df2`, '' AS `df3`, '' AS `df4` FROM `localidades` WHERE `codnum` = 29 ORDER BY `descripcion` ASC {"params":[],"types":[],"executionMS":0.0004069805145263672} []
[2023-10-30T11:52:46.614961-03:00] log.DEBUG: SELECT `ncomp` AS `lf`, `ncomp` AS `df`, `observacion` AS `df2`, '' AS `df3`, '' AS `df4` FROM `remates` WHERE `ncomp` = 185 ORDER BY `ncomp` DESC {"params":[],"types":[],"executionMS":0.0005600452423095703} []
[2023-10-30T11:52:46.615648-03:00] log.DEBUG: SELECT `codnum` AS `lf`, `descripcion` AS `df`, '' AS `df2`, '' AS `df3`, '' AS `df4` FROM `localidades` WHERE `codnum` = 413 ORDER BY `descripcion` ASC {"params":[],"types":[],"executionMS":0.0004258155822753906} []
[2023-10-30T11:52:46.616665-03:00] log.DEBUG: SELECT `ncomp` AS `lf`, `ncomp` AS `df`, `observacion` AS `df2`, '' AS `df3`, '' AS `df4` FROM `remates` WHERE `ncomp` = 185 ORDER BY `ncomp` DESC {"params":[],"types":[],"executionMS":0.0005199909210205078} []
[2023-10-30T11:52:46.617322-03:00] log.DEBUG: SELECT `codnum` AS `lf`, `descripcion` AS `df`, '' AS `df2`, '' AS `df3`, '' AS `df4` FROM `localidades` WHERE `codnum` = 413 ORDER BY `descripcion` ASC {"params":[],"types":[],"executionMS":0.000431060791015625} []
[2023-10-30T11:52:46.618370-03:00] log.DEBUG: SELECT `ncomp` AS `lf`, `ncomp` AS `df`, `observacion` AS `df2`, '' AS `df3`, '' AS `df4` FROM `remates` WHERE `ncomp` = 183 ORDER BY `ncomp` DESC {"params":[],"types":[],"executionMS":0.0005509853363037109} []
[2023-10-30T11:52:46.619005-03:00] log.DEBUG: SELECT `codnum` AS `lf`, `descripcion` AS `df`, '' AS `df2`, '' AS `df3`, '' AS `df4` FROM `localidades` WHERE `codnum` = 447 ORDER BY `descripcion` ASC {"params":[],"types":[],"executionMS":0.00039505958557128906} []
[2023-10-30T11:52:46.620358-03:00] log.DEBUG: SELECT `ncomp` AS `lf`, `ncomp` AS `df`, `observacion` AS `df2`, '' AS `df3`, '' AS `df4` FROM `remates` WHERE `ncomp` = 181 ORDER BY `ncomp` DESC {"params":[],"types":[],"executionMS":0.0008518695831298828} []
[2023-10-30T11:52:46.621645-03:00] log.DEBUG: SELECT `codnum` AS `lf`, `descripcion` AS `df`, '' AS `df2`, '' AS `df3`, '' AS `df4` FROM `localidades` WHERE `codnum` = 459 ORDER BY `descripcion` ASC {"params":[],"types":[],"executionMS":0.0010349750518798828} []
[2023-10-30T11:52:46.623060-03:00] log.DEBUG: SELECT `ncomp` AS `lf`, `ncomp` AS `df`, `observacion` AS `df2`, '' AS `df3`, '' AS `df4` FROM `remates` WHERE `ncomp` = 180 ORDER BY `ncomp` DESC {"params":[],"types":[],"executionMS":0.0006618499755859375} []
[2023-10-30T11:52:46.623901-03:00] log.DEBUG: SELECT `codnum` AS `lf`, `descripcion` AS `df`, '' AS `df2`, '' AS `df3`, '' AS `df4` FROM `localidades` WHERE `codnum` = 128 ORDER BY `descripcion` ASC {"params":[],"types":[],"executionMS":0.0005979537963867188} []
[2023-10-30T11:52:46.625058-03:00] log.DEBUG: SELECT `ncomp` AS `lf`, `ncomp` AS `df`, `observacion` AS `df2`, '' AS `df3`, '' AS `df4` FROM `remates` WHERE `ncomp` = 178 ORDER BY `ncomp` DESC {"params":[],"types":[],"executionMS":0.0006690025329589844} []
[2023-10-30T11:52:46.625861-03:00] log.DEBUG: SELECT `codnum` AS `lf`, `descripcion` AS `df`, '' AS `df2`, '' AS `df3`, '' AS `df4` FROM `localidades` WHERE `codnum` = 413 ORDER BY `descripcion` ASC {"params":[],"types":[],"executionMS":0.0005609989166259766} []
[2023-10-30T11:52:46.627091-03:00] log.DEBUG: SELECT `ncomp` AS `lf`, `ncomp` AS `df`, `observacion` AS `df2`, '' AS `df3`, '' AS `df4` FROM `remates` WHERE `ncomp` = 178 ORDER BY `ncomp` DESC {"params":[],"types":[],"executionMS":0.0006952285766601562} []
[2023-10-30T11:52:46.627911-03:00] log.DEBUG: SELECT `codnum` AS `lf`, `descripcion` AS `df`, '' AS `df2`, '' AS `df3`, '' AS `df4` FROM `localidades` WHERE `codnum` = 413 ORDER BY `descripcion` ASC {"params":[],"types":[],"executionMS":0.0005741119384765625} []
[2023-10-30T11:52:46.629122-03:00] log.DEBUG: SELECT `ncomp` AS `lf`, `ncomp` AS `df`, `observacion` AS `df2`, '' AS `df3`, '' AS `df4` FROM `remates` WHERE `ncomp` = 177 ORDER BY `ncomp` DESC {"params":[],"types":[],"executionMS":0.0006880760192871094} []
[2023-10-30T11:52:46.629948-03:00] log.DEBUG: SELECT `codnum` AS `lf`, `descripcion` AS `df`, '' AS `df2`, '' AS `df3`, '' AS `df4` FROM `localidades` WHERE `codnum` = 413 ORDER BY `descripcion` ASC {"params":[],"types":[],"executionMS":0.0005810260772705078} []
[2023-10-30T11:52:46.631177-03:00] log.DEBUG: SELECT `ncomp` AS `lf`, `ncomp` AS `df`, `observacion` AS `df2`, '' AS `df3`, '' AS `df4` FROM `remates` WHERE `ncomp` = 175 ORDER BY `ncomp` DESC {"params":[],"types":[],"executionMS":0.0006978511810302734} []
[2023-10-30T11:52:46.631966-03:00] log.DEBUG: SELECT `codnum` AS `lf`, `descripcion` AS `df`, '' AS `df2`, '' AS `df3`, '' AS `df4` FROM `localidades` WHERE `codnum` = 25 ORDER BY `descripcion` ASC {"params":[],"types":[],"executionMS":0.0005300045013427734} []
[2023-10-30T11:52:46.633137-03:00] log.DEBUG: SELECT `ncomp` AS `lf`, `ncomp` AS `df`, `observacion` AS `df2`, '' AS `df3`, '' AS `df4` FROM `remates` WHERE `ncomp` = 173 ORDER BY `ncomp` DESC {"params":[],"types":[],"executionMS":0.0006809234619140625} []
[2023-10-30T11:52:46.633903-03:00] log.DEBUG: SELECT `codnum` AS `lf`, `descripcion` AS `df`, '' AS `df2`, '' AS `df3`, '' AS `df4` FROM `localidades` WHERE `codnum` = 413 ORDER BY `descripcion` ASC {"params":[],"types":[],"executionMS":0.0005249977111816406} []
[2023-10-30T11:52:46.635133-03:00] log.DEBUG: SELECT `ncomp` AS `lf`, `ncomp` AS `df`, `observacion` AS `df2`, '' AS `df3`, '' AS `df4` FROM `remates` WHERE `ncomp` = 173 ORDER BY `ncomp` DESC {"params":[],"types":[],"executionMS":0.0006978511810302734} []
[2023-10-30T11:52:46.635898-03:00] log.DEBUG: SELECT `codnum` AS `lf`, `descripcion` AS `df`, '' AS `df2`, '' AS `df3`, '' AS `df4` FROM `localidades` WHERE `codnum` = 413 ORDER BY `descripcion` ASC {"params":[],"types":[],"executionMS":0.0005090236663818359} []
[2023-10-30T11:52:46.637123-03:00] log.DEBUG: SELECT `ncomp` AS `lf`, `ncomp` AS `df`, `observacion` AS `df2`, '' AS `df3`, '' AS `df4` FROM `remates` WHERE `ncomp` = 172 ORDER BY `ncomp` DESC {"params":[],"types":[],"executionMS":0.0007181167602539062} []
[2023-10-30T11:52:46.637850-03:00] log.DEBUG: SELECT `codnum` AS `lf`, `descripcion` AS `df`, '' AS `df2`, '' AS `df3`, '' AS `df4` FROM `localidades` WHERE `codnum` = 40 ORDER BY `descripcion` ASC {"params":[],"types":[],"executionMS":0.00045800209045410156} []
[2023-10-30T11:52:46.639013-03:00] log.DEBUG: SELECT `ncomp` AS `lf`, `ncomp` AS `df`, `observacion` AS `df2`, '' AS `df3`, '' AS `df4` FROM `remates` WHERE `ncomp` = 172 ORDER BY `ncomp` DESC {"params":[],"types":[],"executionMS":0.0006020069122314453} []
[2023-10-30T11:52:46.639745-03:00] log.DEBUG: SELECT `codnum` AS `lf`, `descripcion` AS `df`, '' AS `df2`, '' AS `df3`, '' AS `df4` FROM `localidades` WHERE `codnum` = 257 ORDER BY `descripcion` ASC {"params":[],"types":[],"executionMS":0.0004987716674804688} []
[2023-10-30T11:52:46.640923-03:00] log.DEBUG: SELECT `ncomp` AS `lf`, `ncomp` AS `df`, `observacion` AS `df2`, '' AS `df3`, '' AS `df4` FROM `remates` WHERE `ncomp` = 171 ORDER BY `ncomp` DESC {"params":[],"types":[],"executionMS":0.0006821155548095703} []
[2023-10-30T11:52:46.641741-03:00] log.DEBUG: SELECT `codnum` AS `lf`, `descripcion` AS `df`, '' AS `df2`, '' AS `df3`, '' AS `df4` FROM `localidades` WHERE `codnum` = 2221 ORDER BY `descripcion` ASC {"params":[],"types":[],"executionMS":0.0005769729614257812} []
[2023-10-30T11:52:46.643118-03:00] log.DEBUG: SELECT `ncomp` AS `lf`, `ncomp` AS `df`, `observacion` AS `df2`, '' AS `df3`, '' AS `df4` FROM `remates` WHERE `ncomp` = 171 ORDER BY `ncomp` DESC {"params":[],"types":[],"executionMS":0.0008471012115478516} []
[2023-10-30T11:52:46.644000-03:00] log.DEBUG: SELECT `codnum` AS `lf`, `descripcion` AS `df`, '' AS `df2`, '' AS `df3`, '' AS `df4` FROM `localidades` WHERE `codnum` = 96 ORDER BY `descripcion` ASC {"params":[],"types":[],"executionMS":0.0006089210510253906} []
[2023-10-30T11:52:46.645251-03:00] log.DEBUG: SELECT `ncomp` AS `lf`, `ncomp` AS `df`, `observacion` AS `df2`, '' AS `df3`, '' AS `df4` FROM `remates` WHERE `ncomp` = 171 ORDER BY `ncomp` DESC {"params":[],"types":[],"executionMS":0.0007410049438476562} []
[2023-10-30T11:52:46.645995-03:00] log.DEBUG: SELECT `codnum` AS `lf`, `descripcion` AS `df`, '' AS `df2`, '' AS `df3`, '' AS `df4` FROM `localidades` WHERE `codnum` = 12 ORDER BY `descripcion` ASC {"params":[],"types":[],"executionMS":0.0004799365997314453} []
[2023-10-30T11:52:46.647145-03:00] log.DEBUG: SELECT `ncomp` AS `lf`, `ncomp` AS `df`, `observacion` AS `df2`, '' AS `df3`, '' AS `df4` FROM `remates` WHERE `ncomp` = 171 ORDER BY `ncomp` DESC {"params":[],"types":[],"executionMS":0.0006299018859863281} []
[2023-10-30T11:52:46.647928-03:00] log.DEBUG: SELECT `codnum` AS `lf`, `descripcion` AS `df`, '' AS `df2`, '' AS `df3`, '' AS `df4` FROM `localidades` WHERE `codnum` = 365 ORDER BY `descripcion` ASC {"params":[],"types":[],"executionMS":0.0005240440368652344} []
[2023-10-30T11:52:46.649057-03:00] log.DEBUG: SELECT `ncomp` AS `lf`, `ncomp` AS `df`, `observacion` AS `df2`, '' AS `df3`, '' AS `df4` FROM `remates` WHERE `ncomp` = 171 ORDER BY `ncomp` DESC {"params":[],"types":[],"executionMS":0.0006351470947265625} []
[2023-10-30T11:52:46.649823-03:00] log.DEBUG: SELECT `codnum` AS `lf`, `descripcion` AS `df`, '' AS `df2`, '' AS `df3`, '' AS `df4` FROM `localidades` WHERE `codnum` = 2328 ORDER BY `descripcion` ASC {"params":[],"types":[],"executionMS":0.0005359649658203125} []
[2023-10-30T11:54:04.124826-03:00] log.DEBUG: SELECT `ncomp` AS `lf`, `ncomp` AS `df`, `observacion` AS `df2`, '' AS `df3`, '' AS `df4` FROM `remates` ORDER BY `ncomp` DESC {"params":[],"types":[],"executionMS":0.0009779930114746094} []
[2023-10-30T11:54:04.158373-03:00] log.DEBUG: SELECT `codnum` AS `lf`, `descripcion` AS `df`, '' AS `df2`, '' AS `df3`, '' AS `df4` FROM `paises` ORDER BY `descripcion` ASC {"params":[],"types":[],"executionMS":0.0006630420684814453} []
[2023-10-30T11:54:04.906065-03:00] log.DEBUG: SELECT `codnum` AS `lf`, `descripcion` AS `df`, '' AS `df2`, '' AS `df3`, '' AS `df4` FROM `localidades` WHERE 1=0 ORDER BY `descripcion` ASC {"params":[],"types":[],"executionMS":0.0006558895111083984} []
[2023-10-30T11:54:04.974631-03:00] log.DEBUG: SELECT `codnum` AS `lf`, `descripcion` AS `df`, '' AS `df2`, '' AS `df3`, '' AS `df4` FROM `provincias` WHERE 1=0 ORDER BY `descripcion` ASC {"params":[],"types":[],"executionMS":0.0007071495056152344} []
[2023-10-30T11:56:20.177843-03:00] log.DEBUG: SELECT `codnum` AS `lf`, `descripcion` AS `df`, '' AS `df2`, '' AS `df3`, '' AS `df4` FROM `provincias` WHERE `codpais` IN (1) ORDER BY `descripcion` ASC {"params":[],"types":[],"executionMS":0.0008759498596191406} []
[2023-10-30T11:56:20.468297-03:00] log.DEBUG: SELECT `codnum` AS `lf`, `descripcion` AS `df`, '' AS `df2`, '' AS `df3`, '' AS `df4` FROM `localidades` WHERE 1=0 ORDER BY `descripcion` ASC {"params":[],"types":[],"executionMS":0.0006558895111083984} []
[2023-10-30T11:56:24.847740-03:00] log.DEBUG: SELECT `codnum` AS `lf`, `descripcion` AS `df`, '' AS `df2`, '' AS `df3`, '' AS `df4` FROM `localidades` WHERE `codprov` IN (1) ORDER BY `descripcion` ASC {"params":[],"types":[],"executionMS":0.0035810470581054688} []
[2023-10-30T11:56:29.460908-03:00] log.DEBUG: INSERT INTO `dir_remates` (`codrem`, `secuencia`, `direccion`, `codpais`, `codprov`, `codloc`, `usuarioalta`, `fechaalta`, `usuariomod`, `fechaultmod`) VALUES(?, ?, ?, ?, ?, ?, ?, ?, ?, ?) {"params":{"1":189,"2":1,"3":"C. 53 1761","4":1,"5":1,"6":1898,"7":null,"8":"2023-10-30 11:56:29","9":null,"10":"2023-10-30 11:56:29"},"types":{"1":1,"2":1,"3":2,"4":1,"5":1,"6":1,"7":1,"8":2,"9":1,"10":2},"executionMS":0.013396024703979492} []
[2023-10-30T11:56:29.660894-03:00] log.DEBUG: SELECT COUNT(*) FROM `remates` {"params":[],"types":[],"executionMS":0.0012848377227783203} []
[2023-10-30T11:56:29.662616-03:00] log.DEBUG: SELECT COUNT(*) FROM `paises` {"params":[],"types":[],"executionMS":0.0008950233459472656} []
[2023-10-30T11:56:29.663313-03:00] log.DEBUG: SELECT `codnum` AS `lf`, `descripcion` AS `df`, '' AS `df2`, '' AS `df3`, '' AS `df4` FROM `paises` ORDER BY `descripcion` ASC {"params":[],"types":[],"executionMS":0.0005509853363037109} []
[2023-10-30T11:56:29.664805-03:00] log.DEBUG: SELECT COUNT(*) FROM `provincias` {"params":[],"types":[],"executionMS":0.0007250308990478516} []
[2023-10-30T11:56:29.665535-03:00] log.DEBUG: SELECT `codnum` AS `lf`, `descripcion` AS `df`, '' AS `df2`, '' AS `df3`, '' AS `df4`, `codpais` AS `ff` FROM `provincias` ORDER BY `descripcion` ASC {"params":[],"types":[],"executionMS":0.000598907470703125} []
[2023-10-30T11:56:29.667967-03:00] log.DEBUG: SELECT COUNT(*) FROM `localidades` {"params":[],"types":[],"executionMS":0.0012049674987792969} []
[2023-10-30T11:56:29.671264-03:00] log.DEBUG: SELECT COUNT(*) FROM `dir_remates` {"params":[],"types":[],"executionMS":0.001049041748046875} []
[2023-10-30T11:56:29.672324-03:00] log.DEBUG: SELECT * FROM `dir_remates` ORDER BY `codrem` DESC LIMIT 20 {"params":[],"types":[],"executionMS":0.0007798671722412109} []
[2023-10-30T11:56:29.674617-03:00] log.DEBUG: SELECT `ncomp` AS `lf`, `ncomp` AS `df`, `observacion` AS `df2`, '' AS `df3`, '' AS `df4` FROM `remates` WHERE `ncomp` = 189 ORDER BY `ncomp` DESC {"params":[],"types":[],"executionMS":0.0008099079132080078} []
[2023-10-30T11:56:29.675441-03:00] log.DEBUG: SELECT `codnum` AS `lf`, `descripcion` AS `df`, '' AS `df2`, '' AS `df3`, '' AS `df4` FROM `localidades` WHERE `codnum` = 1898 ORDER BY `descripcion` ASC {"params":[],"types":[],"executionMS":0.0005109310150146484} []
[2023-10-30T11:56:29.676572-03:00] log.DEBUG: SELECT `ncomp` AS `lf`, `ncomp` AS `df`, `observacion` AS `df2`, '' AS `df3`, '' AS `df4` FROM `remates` WHERE `ncomp` = 187 ORDER BY `ncomp` DESC {"params":[],"types":[],"executionMS":0.0005710124969482422} []
[2023-10-30T11:56:29.677369-03:00] log.DEBUG: SELECT `codnum` AS `lf`, `descripcion` AS `df`, '' AS `df2`, '' AS `df3`, '' AS `df4` FROM `localidades` WHERE `codnum` = 440 ORDER BY `descripcion` ASC {"params":[],"types":[],"executionMS":0.0005249977111816406} []
[2023-10-30T11:56:29.678562-03:00] log.DEBUG: SELECT `ncomp` AS `lf`, `ncomp` AS `df`, `observacion` AS `df2`, '' AS `df3`, '' AS `df4` FROM `remates` WHERE `ncomp` = 186 ORDER BY `ncomp` DESC {"params":[],"types":[],"executionMS":0.0006020069122314453} []
[2023-10-30T11:56:29.679299-03:00] log.DEBUG: SELECT `codnum` AS `lf`, `descripcion` AS `df`, '' AS `df2`, '' AS `df3`, '' AS `df4` FROM `localidades` WHERE `codnum` = 29 ORDER BY `descripcion` ASC {"params":[],"types":[],"executionMS":0.00046706199645996094} []
[2023-10-30T11:56:29.680304-03:00] log.DEBUG: SELECT `ncomp` AS `lf`, `ncomp` AS `df`, `observacion` AS `df2`, '' AS `df3`, '' AS `df4` FROM `remates` WHERE `ncomp` = 185 ORDER BY `ncomp` DESC {"params":[],"types":[],"executionMS":0.0004930496215820312} []
[2023-10-30T11:56:29.681012-03:00] log.DEBUG: SELECT `codnum` AS `lf`, `descripcion` AS `df`, '' AS `df2`, '' AS `df3`, '' AS `df4` FROM `localidades` WHERE `codnum` = 413 ORDER BY `descripcion` ASC {"params":[],"types":[],"executionMS":0.0004551410675048828} []
[2023-10-30T11:56:29.682020-03:00] log.DEBUG: SELECT `ncomp` AS `lf`, `ncomp` AS `df`, `observacion` AS `df2`, '' AS `df3`, '' AS `df4` FROM `remates` WHERE `ncomp` = 185 ORDER BY `ncomp` DESC {"params":[],"types":[],"executionMS":0.0005068778991699219} []
[2023-10-30T11:56:29.682805-03:00] log.DEBUG: SELECT `codnum` AS `lf`, `descripcion` AS `df`, '' AS `df2`, '' AS `df3`, '' AS `df4` FROM `localidades` WHERE `codnum` = 413 ORDER BY `descripcion` ASC {"params":[],"types":[],"executionMS":0.0004949569702148438} []
[2023-10-30T11:56:29.683830-03:00] log.DEBUG: SELECT `ncomp` AS `lf`, `ncomp` AS `df`, `observacion` AS `df2`, '' AS `df3`, '' AS `df4` FROM `remates` WHERE `ncomp` = 183 ORDER BY `ncomp` DESC {"params":[],"types":[],"executionMS":0.0005168914794921875} []
[2023-10-30T11:56:29.684546-03:00] log.DEBUG: SELECT `codnum` AS `lf`, `descripcion` AS `df`, '' AS `df2`, '' AS `df3`, '' AS `df4` FROM `localidades` WHERE `codnum` = 447 ORDER BY `descripcion` ASC {"params":[],"types":[],"executionMS":0.00040602684020996094} []
[2023-10-30T11:56:29.685562-03:00] log.DEBUG: SELECT `ncomp` AS `lf`, `ncomp` AS `df`, `observacion` AS `df2`, '' AS `df3`, '' AS `df4` FROM `remates` WHERE `ncomp` = 181 ORDER BY `ncomp` DESC {"params":[],"types":[],"executionMS":0.0004978179931640625} []
[2023-10-30T11:56:29.686222-03:00] log.DEBUG: SELECT `codnum` AS `lf`, `descripcion` AS `df`, '' AS `df2`, '' AS `df3`, '' AS `df4` FROM `localidades` WHERE `codnum` = 459 ORDER BY `descripcion` ASC {"params":[],"types":[],"executionMS":0.0004000663757324219} []
[2023-10-30T11:56:29.687255-03:00] log.DEBUG: SELECT `ncomp` AS `lf`, `ncomp` AS `df`, `observacion` AS `df2`, '' AS `df3`, '' AS `df4` FROM `remates` WHERE `ncomp` = 180 ORDER BY `ncomp` DESC {"params":[],"types":[],"executionMS":0.0005028247833251953} []
[2023-10-30T11:56:29.687982-03:00] log.DEBUG: SELECT `codnum` AS `lf`, `descripcion` AS `df`, '' AS `df2`, '' AS `df3`, '' AS `df4` FROM `localidades` WHERE `codnum` = 128 ORDER BY `descripcion` ASC {"params":[],"types":[],"executionMS":0.0004761219024658203} []
[2023-10-30T11:56:29.689057-03:00] log.DEBUG: SELECT `ncomp` AS `lf`, `ncomp` AS `df`, `observacion` AS `df2`, '' AS `df3`, '' AS `df4` FROM `remates` WHERE `ncomp` = 178 ORDER BY `ncomp` DESC {"params":[],"types":[],"executionMS":0.0005791187286376953} []
[2023-10-30T11:56:29.689700-03:00] log.DEBUG: SELECT `codnum` AS `lf`, `descripcion` AS `df`, '' AS `df2`, '' AS `df3`, '' AS `df4` FROM `localidades` WHERE `codnum` = 413 ORDER BY `descripcion` ASC {"params":[],"types":[],"executionMS":0.00039696693420410156} []
[2023-10-30T11:56:29.690847-03:00] log.DEBUG: SELECT `ncomp` AS `lf`, `ncomp` AS `df`, `observacion` AS `df2`, '' AS `df3`, '' AS `df4` FROM `remates` WHERE `ncomp` = 178 ORDER BY `ncomp` DESC {"params":[],"types":[],"executionMS":0.0005879402160644531} []
[2023-10-30T11:56:29.691583-03:00] log.DEBUG: SELECT `codnum` AS `lf`, `descripcion` AS `df`, '' AS `df2`, '' AS `df3`, '' AS `df4` FROM `localidades` WHERE `codnum` = 413 ORDER BY `descripcion` ASC {"params":[],"types":[],"executionMS":0.0004820823669433594} []
[2023-10-30T11:56:29.692588-03:00] log.DEBUG: SELECT `ncomp` AS `lf`, `ncomp` AS `df`, `observacion` AS `df2`, '' AS `df3`, '' AS `df4` FROM `remates` WHERE `ncomp` = 177 ORDER BY `ncomp` DESC {"params":[],"types":[],"executionMS":0.0005011558532714844} []
[2023-10-30T11:56:29.693282-03:00] log.DEBUG: SELECT `codnum` AS `lf`, `descripcion` AS `df`, '' AS `df2`, '' AS `df3`, '' AS `df4` FROM `localidades` WHERE `codnum` = 413 ORDER BY `descripcion` ASC {"params":[],"types":[],"executionMS":0.00038313865661621094} []
[2023-10-30T11:56:29.694303-03:00] log.DEBUG: SELECT `ncomp` AS `lf`, `ncomp` AS `df`, `observacion` AS `df2`, '' AS `df3`, '' AS `df4` FROM `remates` WHERE `ncomp` = 175 ORDER BY `ncomp` DESC {"params":[],"types":[],"executionMS":0.000514984130859375} []
[2023-10-30T11:56:29.694944-03:00] log.DEBUG: SELECT `codnum` AS `lf`, `descripcion` AS `df`, '' AS `df2`, '' AS `df3`, '' AS `df4` FROM `localidades` WHERE `codnum` = 25 ORDER BY `descripcion` ASC {"params":[],"types":[],"executionMS":0.00037288665771484375} []
[2023-10-30T11:56:29.695924-03:00] log.DEBUG: SELECT `ncomp` AS `lf`, `ncomp` AS `df`, `observacion` AS `df2`, '' AS `df3`, '' AS `df4` FROM `remates` WHERE `ncomp` = 173 ORDER BY `ncomp` DESC {"params":[],"types":[],"executionMS":0.0004730224609375} []
[2023-10-30T11:56:29.696613-03:00] log.DEBUG: SELECT `codnum` AS `lf`, `descripcion` AS `df`, '' AS `df2`, '' AS `df3`, '' AS `df4` FROM `localidades` WHERE `codnum` = 413 ORDER BY `descripcion` ASC {"params":[],"types":[],"executionMS":0.00043892860412597656} []
[2023-10-30T11:56:29.697630-03:00] log.DEBUG: SELECT `ncomp` AS `lf`, `ncomp` AS `df`, `observacion` AS `df2`, '' AS `df3`, '' AS `df4` FROM `remates` WHERE `ncomp` = 173 ORDER BY `ncomp` DESC {"params":[],"types":[],"executionMS":0.0005130767822265625} []
[2023-10-30T11:56:29.698291-03:00] log.DEBUG: SELECT `codnum` AS `lf`, `descripcion` AS `df`, '' AS `df2`, '' AS `df3`, '' AS `df4` FROM `localidades` WHERE `codnum` = 413 ORDER BY `descripcion` ASC {"params":[],"types":[],"executionMS":0.0004260540008544922} []
[2023-10-30T11:56:29.699336-03:00] log.DEBUG: SELECT `ncomp` AS `lf`, `ncomp` AS `df`, `observacion` AS `df2`, '' AS `df3`, '' AS `df4` FROM `remates` WHERE `ncomp` = 172 ORDER BY `ncomp` DESC {"params":[],"types":[],"executionMS":0.0005409717559814453} []
[2023-10-30T11:56:29.699958-03:00] log.DEBUG: SELECT `codnum` AS `lf`, `descripcion` AS `df`, '' AS `df2`, '' AS `df3`, '' AS `df4` FROM `localidades` WHERE `codnum` = 40 ORDER BY `descripcion` ASC {"params":[],"types":[],"executionMS":0.00037407875061035156} []
[2023-10-30T11:56:29.700963-03:00] log.DEBUG: SELECT `ncomp` AS `lf`, `ncomp` AS `df`, `observacion` AS `df2`, '' AS `df3`, '' AS `df4` FROM `remates` WHERE `ncomp` = 172 ORDER BY `ncomp` DESC {"params":[],"types":[],"executionMS":0.0004870891571044922} []
[2023-10-30T11:56:29.701693-03:00] log.DEBUG: SELECT `codnum` AS `lf`, `descripcion` AS `df`, '' AS `df2`, '' AS `df3`, '' AS `df4` FROM `localidades` WHERE `codnum` = 257 ORDER BY `descripcion` ASC {"params":[],"types":[],"executionMS":0.00047898292541503906} []
[2023-10-30T11:56:29.702792-03:00] log.DEBUG: SELECT `ncomp` AS `lf`, `ncomp` AS `df`, `observacion` AS `df2`, '' AS `df3`, '' AS `df4` FROM `remates` WHERE `ncomp` = 171 ORDER BY `ncomp` DESC {"params":[],"types":[],"executionMS":0.0005769729614257812} []
[2023-10-30T11:56:29.703519-03:00] log.DEBUG: SELECT `codnum` AS `lf`, `descripcion` AS `df`, '' AS `df2`, '' AS `df3`, '' AS `df4` FROM `localidades` WHERE `codnum` = 2221 ORDER BY `descripcion` ASC {"params":[],"types":[],"executionMS":0.0004761219024658203} []
[2023-10-30T11:56:29.704628-03:00] log.DEBUG: SELECT `ncomp` AS `lf`, `ncomp` AS `df`, `observacion` AS `df2`, '' AS `df3`, '' AS `df4` FROM `remates` WHERE `ncomp` = 171 ORDER BY `ncomp` DESC {"params":[],"types":[],"executionMS":0.0006070137023925781} []
[2023-10-30T11:56:29.705324-03:00] log.DEBUG: SELECT `codnum` AS `lf`, `descripcion` AS `df`, '' AS `df2`, '' AS `df3`, '' AS `df4` FROM `localidades` WHERE `codnum` = 96 ORDER BY `descripcion` ASC {"params":[],"types":[],"executionMS":0.0004341602325439453} []
[2023-10-30T11:56:29.706377-03:00] log.DEBUG: SELECT `ncomp` AS `lf`, `ncomp` AS `df`, `observacion` AS `df2`, '' AS `df3`, '' AS `df4` FROM `remates` WHERE `ncomp` = 171 ORDER BY `ncomp` DESC {"params":[],"types":[],"executionMS":0.0005490779876708984} []
[2023-10-30T11:56:29.707071-03:00] log.DEBUG: SELECT `codnum` AS `lf`, `descripcion` AS `df`, '' AS `df2`, '' AS `df3`, '' AS `df4` FROM `localidades` WHERE `codnum` = 365 ORDER BY `descripcion` ASC {"params":[],"types":[],"executionMS":0.0004608631134033203} []
[2023-10-30T11:56:29.708150-03:00] log.DEBUG: SELECT `ncomp` AS `lf`, `ncomp` AS `df`, `observacion` AS `df2`, '' AS `df3`, '' AS `df4` FROM `remates` WHERE `ncomp` = 171 ORDER BY `ncomp` DESC {"params":[],"types":[],"executionMS":0.0005791187286376953} []
[2023-10-30T11:56:29.708903-03:00] log.DEBUG: SELECT `codnum` AS `lf`, `descripcion` AS `df`, '' AS `df2`, '' AS `df3`, '' AS `df4` FROM `localidades` WHERE `codnum` = 2328 ORDER BY `descripcion` ASC {"params":[],"types":[],"executionMS":0.00045609474182128906} []
[2023-10-30T11:56:32.740799-03:00] log.DEBUG: SELECT `ncomp` AS `lf`, `ncomp` AS `df`, `observacion` AS `df2`, '' AS `df3`, '' AS `df4` FROM `remates` ORDER BY `ncomp` DESC {"params":[],"types":[],"executionMS":0.0010268688201904297} []
[2023-10-30T11:56:32.771578-03:00] log.DEBUG: SELECT `codnum` AS `lf`, `descripcion` AS `df`, '' AS `df2`, '' AS `df3`, '' AS `df4` FROM `paises` ORDER BY `descripcion` ASC {"params":[],"types":[],"executionMS":0.0011191368103027344} []
[2023-10-30T11:56:32.815566-03:00] log.DEBUG: SELECT `codnum` AS `lf`, `descripcion` AS `df`, '' AS `df2`, '' AS `df3`, '' AS `df4` FROM `localidades` WHERE 1=0 ORDER BY `descripcion` ASC {"params":[],"types":[],"executionMS":0.0005621910095214844} []
[2023-10-30T11:56:32.970242-03:00] log.DEBUG: SELECT `codnum` AS `lf`, `descripcion` AS `df`, '' AS `df2`, '' AS `df3`, '' AS `df4` FROM `provincias` WHERE 1=0 ORDER BY `descripcion` ASC {"params":[],"types":[],"executionMS":0.0006349086761474609} []
[2023-10-30T11:56:43.260282-03:00] log.DEBUG: SELECT `codnum` AS `lf`, `descripcion` AS `df`, '' AS `df2`, '' AS `df3`, '' AS `df4` FROM `provincias` WHERE `codpais` IN (1) ORDER BY `descripcion` ASC {"params":[],"types":[],"executionMS":0.00080108642578125} []
[2023-10-30T11:56:43.402093-03:00] log.DEBUG: SELECT `codnum` AS `lf`, `descripcion` AS `df`, '' AS `df2`, '' AS `df3`, '' AS `df4` FROM `localidades` WHERE 1=0 ORDER BY `descripcion` ASC {"params":[],"types":[],"executionMS":0.0006549358367919922} []
[2023-10-30T11:56:44.391008-03:00] log.DEBUG: SELECT `codnum` AS `lf`, `descripcion` AS `df`, '' AS `df2`, '' AS `df3`, '' AS `df4` FROM `localidades` WHERE `codprov` IN (1) ORDER BY `descripcion` ASC {"params":[],"types":[],"executionMS":0.0020270347595214844} []
[2023-10-30T11:56:50.365855-03:00] log.DEBUG: INSERT INTO `dir_remates` (`codrem`, `secuencia`, `direccion`, `codpais`, `codprov`, `codloc`, `usuarioalta`, `fechaalta`, `usuariomod`, `fechaultmod`) VALUES(?, ?, ?, ?, ?, ?, ?, ?, ?, ?) {"params":{"1":189,"2":2,"3":"Av. Pres. Bernardino Rivadavia 674","4":1,"5":1,"6":128,"7":null,"8":"2023-10-30 11:56:50","9":null,"10":"2023-10-30 11:56:50"},"types":{"1":1,"2":1,"3":2,"4":1,"5":1,"6":1,"7":1,"8":2,"9":1,"10":2},"executionMS":0.022324085235595703} []
[2023-10-30T11:56:50.555630-03:00] log.DEBUG: SELECT COUNT(*) FROM `remates` {"params":[],"types":[],"executionMS":0.0012989044189453125} []
[2023-10-30T11:56:50.557198-03:00] log.DEBUG: SELECT COUNT(*) FROM `paises` {"params":[],"types":[],"executionMS":0.0010709762573242188} []
[2023-10-30T11:56:50.557879-03:00] log.DEBUG: SELECT `codnum` AS `lf`, `descripcion` AS `df`, '' AS `df2`, '' AS `df3`, '' AS `df4` FROM `paises` ORDER BY `descripcion` ASC {"params":[],"types":[],"executionMS":0.0005950927734375} []
[2023-10-30T11:56:50.559120-03:00] log.DEBUG: SELECT COUNT(*) FROM `provincias` {"params":[],"types":[],"executionMS":0.0007789134979248047} []
[2023-10-30T11:56:50.559772-03:00] log.DEBUG: SELECT `codnum` AS `lf`, `descripcion` AS `df`, '' AS `df2`, '' AS `df3`, '' AS `df4`, `codpais` AS `ff` FROM `provincias` ORDER BY `descripcion` ASC {"params":[],"types":[],"executionMS":0.0005741119384765625} []
[2023-10-30T11:56:50.561238-03:00] log.DEBUG: SELECT COUNT(*) FROM `localidades` {"params":[],"types":[],"executionMS":0.0008039474487304688} []
[2023-10-30T11:56:50.564097-03:00] log.DEBUG: SELECT COUNT(*) FROM `dir_remates` {"params":[],"types":[],"executionMS":0.001024007797241211} []
[2023-10-30T11:56:50.565062-03:00] log.DEBUG: SELECT * FROM `dir_remates` ORDER BY `codrem` DESC LIMIT 20 {"params":[],"types":[],"executionMS":0.0006899833679199219} []
[2023-10-30T11:56:50.567454-03:00] log.DEBUG: SELECT `ncomp` AS `lf`, `ncomp` AS `df`, `observacion` AS `df2`, '' AS `df3`, '' AS `df4` FROM `remates` WHERE `ncomp` = 189 ORDER BY `ncomp` DESC {"params":[],"types":[],"executionMS":0.0009009838104248047} []
[2023-10-30T11:56:50.568189-03:00] log.DEBUG: SELECT `codnum` AS `lf`, `descripcion` AS `df`, '' AS `df2`, '' AS `df3`, '' AS `df4` FROM `localidades` WHERE `codnum` = 1898 ORDER BY `descripcion` ASC {"params":[],"types":[],"executionMS":0.0004220008850097656} []
[2023-10-30T11:56:50.569282-03:00] log.DEBUG: SELECT `ncomp` AS `lf`, `ncomp` AS `df`, `observacion` AS `df2`, '' AS `df3`, '' AS `df4` FROM `remates` WHERE `ncomp` = 189 ORDER BY `ncomp` DESC {"params":[],"types":[],"executionMS":0.0005331039428710938} []
[2023-10-30T11:56:50.569915-03:00] log.DEBUG: SELECT `codnum` AS `lf`, `descripcion` AS `df`, '' AS `df2`, '' AS `df3`, '' AS `df4` FROM `localidades` WHERE `codnum` = 128 ORDER BY `descripcion` ASC {"params":[],"types":[],"executionMS":0.000370025634765625} []
[2023-10-30T11:56:50.570945-03:00] log.DEBUG: SELECT `ncomp` AS `lf`, `ncomp` AS `df`, `observacion` AS `df2`, '' AS `df3`, '' AS `df4` FROM `remates` WHERE `ncomp` = 187 ORDER BY `ncomp` DESC {"params":[],"types":[],"executionMS":0.0005290508270263672} []
[2023-10-30T11:56:50.571585-03:00] log.DEBUG: SELECT `codnum` AS `lf`, `descripcion` AS `df`, '' AS `df2`, '' AS `df3`, '' AS `df4` FROM `localidades` WHERE `codnum` = 440 ORDER BY `descripcion` ASC {"params":[],"types":[],"executionMS":0.00038313865661621094} []
[2023-10-30T11:56:50.572597-03:00] log.DEBUG: SELECT `ncomp` AS `lf`, `ncomp` AS `df`, `observacion` AS `df2`, '' AS `df3`, '' AS `df4` FROM `remates` WHERE `ncomp` = 186 ORDER BY `ncomp` DESC {"params":[],"types":[],"executionMS":0.0005121231079101562} []
[2023-10-30T11:56:50.573303-03:00] log.DEBUG: SELECT `codnum` AS `lf`, `descripcion` AS `df`, '' AS `df2`, '' AS `df3`, '' AS `df4` FROM `localidades` WHERE `codnum` = 29 ORDER BY `descripcion` ASC {"params":[],"types":[],"executionMS":0.00045800209045410156} []
[2023-10-30T11:56:50.574354-03:00] log.DEBUG: SELECT `ncomp` AS `lf`, `ncomp` AS `df`, `observacion` AS `df2`, '' AS `df3`, '' AS `df4` FROM `remates` WHERE `ncomp` = 185 ORDER BY `ncomp` DESC {"params":[],"types":[],"executionMS":0.0005490779876708984} []
[2023-10-30T11:56:50.574999-03:00] log.DEBUG: SELECT `codnum` AS `lf`, `descripcion` AS `df`, '' AS `df2`, '' AS `df3`, '' AS `df4` FROM `localidades` WHERE `codnum` = 413 ORDER BY `descripcion` ASC {"params":[],"types":[],"executionMS":0.00038909912109375} []
[2023-10-30T11:56:50.576003-03:00] log.DEBUG: SELECT `ncomp` AS `lf`, `ncomp` AS `df`, `observacion` AS `df2`, '' AS `df3`, '' AS `df4` FROM `remates` WHERE `ncomp` = 185 ORDER BY `ncomp` DESC {"params":[],"types":[],"executionMS":0.0005021095275878906} []
[2023-10-30T11:56:50.576638-03:00] log.DEBUG: SELECT `codnum` AS `lf`, `descripcion` AS `df`, '' AS `df2`, '' AS `df3`, '' AS `df4` FROM `localidades` WHERE `codnum` = 413 ORDER BY `descripcion` ASC {"params":[],"types":[],"executionMS":0.0003871917724609375} []
[2023-10-30T11:56:50.577730-03:00] log.DEBUG: SELECT `ncomp` AS `lf`, `ncomp` AS `df`, `observacion` AS `df2`, '' AS `df3`, '' AS `df4` FROM `remates` WHERE `ncomp` = 183 ORDER BY `ncomp` DESC {"params":[],"types":[],"executionMS":0.0006299018859863281} []
[2023-10-30T11:56:50.578375-03:00] log.DEBUG: SELECT `codnum` AS `lf`, `descripcion` AS `df`, '' AS `df2`, '' AS `df3`, '' AS `df4` FROM `localidades` WHERE `codnum` = 447 ORDER BY `descripcion` ASC {"params":[],"types":[],"executionMS":0.00039696693420410156} []
[2023-10-30T11:56:50.579463-03:00] log.DEBUG: SELECT `ncomp` AS `lf`, `ncomp` AS `df`, `observacion` AS `df2`, '' AS `df3`, '' AS `df4` FROM `remates` WHERE `ncomp` = 181 ORDER BY `ncomp` DESC {"params":[],"types":[],"executionMS":0.0005898475646972656} []
[2023-10-30T11:56:50.580153-03:00] log.DEBUG: SELECT `codnum` AS `lf`, `descripcion` AS `df`, '' AS `df2`, '' AS `df3`, '' AS `df4` FROM `localidades` WHERE `codnum` = 459 ORDER BY `descripcion` ASC {"params":[],"types":[],"executionMS":0.0004429817199707031} []
[2023-10-30T11:56:50.581239-03:00] log.DEBUG: SELECT `ncomp` AS `lf`, `ncomp` AS `df`, `observacion` AS `df2`, '' AS `df3`, '' AS `df4` FROM `remates` WHERE `ncomp` = 180 ORDER BY `ncomp` DESC {"params":[],"types":[],"executionMS":0.0005958080291748047} []
[2023-10-30T11:56:50.581845-03:00] log.DEBUG: SELECT `codnum` AS `lf`, `descripcion` AS `df`, '' AS `df2`, '' AS `df3`, '' AS `df4` FROM `localidades` WHERE `codnum` = 128 ORDER BY `descripcion` ASC {"params":[],"types":[],"executionMS":0.00037598609924316406} []
[2023-10-30T11:56:50.582924-03:00] log.DEBUG: SELECT `ncomp` AS `lf`, `ncomp` AS `df`, `observacion` AS `df2`, '' AS `df3`, '' AS `df4` FROM `remates` WHERE `ncomp` = 178 ORDER BY `ncomp` DESC {"params":[],"types":[],"executionMS":0.0005950927734375} []
[2023-10-30T11:56:50.583677-03:00] log.DEBUG: SELECT `codnum` AS `lf`, `descripcion` AS `df`, '' AS `df2`, '' AS `df3`, '' AS `df4` FROM `localidades` WHERE `codnum` = 413 ORDER BY `descripcion` ASC {"params":[],"types":[],"executionMS":0.0005049705505371094} []
[2023-10-30T11:56:50.584741-03:00] log.DEBUG: SELECT `ncomp` AS `lf`, `ncomp` AS `df`, `observacion` AS `df2`, '' AS `df3`, '' AS `df4` FROM `remates` WHERE `ncomp` = 178 ORDER BY `ncomp` DESC {"params":[],"types":[],"executionMS":0.0005600452423095703} []
[2023-10-30T11:56:50.585483-03:00] log.DEBUG: SELECT `codnum` AS `lf`, `descripcion` AS `df`, '' AS `df2`, '' AS `df3`, '' AS `df4` FROM `localidades` WHERE `codnum` = 413 ORDER BY `descripcion` ASC {"params":[],"types":[],"executionMS":0.0004968643188476562} []
[2023-10-30T11:56:50.586871-03:00] log.DEBUG: SELECT `ncomp` AS `lf`, `ncomp` AS `df`, `observacion` AS `df2`, '' AS `df3`, '' AS `df4` FROM `remates` WHERE `ncomp` = 177 ORDER BY `ncomp` DESC {"params":[],"types":[],"executionMS":0.000926971435546875} []
[2023-10-30T11:56:50.587762-03:00] log.DEBUG: SELECT `codnum` AS `lf`, `descripcion` AS `df`, '' AS `df2`, '' AS `df3`, '' AS `df4` FROM `localidades` WHERE `codnum` = 413 ORDER BY `descripcion` ASC {"params":[],"types":[],"executionMS":0.0006301403045654297} []
[2023-10-30T11:56:50.589172-03:00] log.DEBUG: SELECT `ncomp` AS `lf`, `ncomp` AS `df`, `observacion` AS `df2`, '' AS `df3`, '' AS `df4` FROM `remates` WHERE `ncomp` = 175 ORDER BY `ncomp` DESC {"params":[],"types":[],"executionMS":0.0007698535919189453} []
[2023-10-30T11:56:50.590246-03:00] log.DEBUG: SELECT `codnum` AS `lf`, `descripcion` AS `df`, '' AS `df2`, '' AS `df3`, '' AS `df4` FROM `localidades` WHERE `codnum` = 25 ORDER BY `descripcion` ASC {"params":[],"types":[],"executionMS":0.0005009174346923828} []
[2023-10-30T11:56:50.591200-03:00] log.DEBUG: SELECT `ncomp` AS `lf`, `ncomp` AS `df`, `observacion` AS `df2`, '' AS `df3`, '' AS `df4` FROM `remates` WHERE `ncomp` = 173 ORDER BY `ncomp` DESC {"params":[],"types":[],"executionMS":0.0004801750183105469} []
[2023-10-30T11:56:50.591823-03:00] log.DEBUG: SELECT `codnum` AS `lf`, `descripcion` AS `df`, '' AS `df2`, '' AS `df3`, '' AS `df4` FROM `localidades` WHERE `codnum` = 413 ORDER BY `descripcion` ASC {"params":[],"types":[],"executionMS":0.00037598609924316406} []
[2023-10-30T11:56:50.592868-03:00] log.DEBUG: SELECT `ncomp` AS `lf`, `ncomp` AS `df`, `observacion` AS `df2`, '' AS `df3`, '' AS `df4` FROM `remates` WHERE `ncomp` = 173 ORDER BY `ncomp` DESC {"params":[],"types":[],"executionMS":0.0005459785461425781} []
[2023-10-30T11:56:50.593480-03:00] log.DEBUG: SELECT `codnum` AS `lf`, `descripcion` AS `df`, '' AS `df2`, '' AS `df3`, '' AS `df4` FROM `localidades` WHERE `codnum` = 413 ORDER BY `descripcion` ASC {"params":[],"types":[],"executionMS":0.0003631114959716797} []
[2023-10-30T11:56:50.594876-03:00] log.DEBUG: SELECT `ncomp` AS `lf`, `ncomp` AS `df`, `observacion` AS `df2`, '' AS `df3`, '' AS `df4` FROM `remates` WHERE `ncomp` = 172 ORDER BY `ncomp` DESC {"params":[],"types":[],"executionMS":0.0009109973907470703} []
[2023-10-30T11:56:50.595580-03:00] log.DEBUG: SELECT `codnum` AS `lf`, `descripcion` AS `df`, '' AS `df2`, '' AS `df3`, '' AS `df4` FROM `localidades` WHERE `codnum` = 40 ORDER BY `descripcion` ASC {"params":[],"types":[],"executionMS":0.00045609474182128906} []
[2023-10-30T11:56:50.596965-03:00] log.DEBUG: SELECT `ncomp` AS `lf`, `ncomp` AS `df`, `observacion` AS `df2`, '' AS `df3`, '' AS `df4` FROM `remates` WHERE `ncomp` = 172 ORDER BY `ncomp` DESC {"params":[],"types":[],"executionMS":0.0008900165557861328} []
[2023-10-30T11:56:50.597632-03:00] log.DEBUG: SELECT `codnum` AS `lf`, `descripcion` AS `df`, '' AS `df2`, '' AS `df3`, '' AS `df4` FROM `localidades` WHERE `codnum` = 257 ORDER BY `descripcion` ASC {"params":[],"types":[],"executionMS":0.00043511390686035156} []
[2023-10-30T11:56:50.598985-03:00] log.DEBUG: SELECT `ncomp` AS `lf`, `ncomp` AS `df`, `observacion` AS `df2`, '' AS `df3`, '' AS `df4` FROM `remates` WHERE `ncomp` = 171 ORDER BY `ncomp` DESC {"params":[],"types":[],"executionMS":0.0008449554443359375} []
[2023-10-30T11:56:50.599703-03:00] log.DEBUG: SELECT `codnum` AS `lf`, `descripcion` AS `df`, '' AS `df2`, '' AS `df3`, '' AS `df4` FROM `localidades` WHERE `codnum` = 2221 ORDER BY `descripcion` ASC {"params":[],"types":[],"executionMS":0.0004680156707763672} []
[2023-10-30T11:56:50.600807-03:00] log.DEBUG: SELECT `ncomp` AS `lf`, `ncomp` AS `df`, `observacion` AS `df2`, '' AS `df3`, '' AS `df4` FROM `remates` WHERE `ncomp` = 171 ORDER BY `ncomp` DESC {"params":[],"types":[],"executionMS":0.0006108283996582031} []
[2023-10-30T11:56:50.601578-03:00] log.DEBUG: SELECT `codnum` AS `lf`, `descripcion` AS `df`, '' AS `df2`, '' AS `df3`, '' AS `df4` FROM `localidades` WHERE `codnum` = 96 ORDER BY `descripcion` ASC {"params":[],"types":[],"executionMS":0.0005209445953369141} []
[2023-10-30T11:56:50.602693-03:00] log.DEBUG: SELECT `ncomp` AS `lf`, `ncomp` AS `df`, `observacion` AS `df2`, '' AS `df3`, '' AS `df4` FROM `remates` WHERE `ncomp` = 171 ORDER BY `ncomp` DESC {"params":[],"types":[],"executionMS":0.0006160736083984375} []
[2023-10-30T11:56:50.603479-03:00] log.DEBUG: SELECT `codnum` AS `lf`, `descripcion` AS `df`, '' AS `df2`, '' AS `df3`, '' AS `df4` FROM `localidades` WHERE `codnum` = 2328 ORDER BY `descripcion` ASC {"params":[],"types":[],"executionMS":0.0005221366882324219} []
[2023-10-30T12:03:20.234971-03:00] log.DEBUG: 400 Bad Request Type: Slim\Exception\HttpBadRequestException Code: 400 Message: Invalid post request File: /var/www/Subastas2021/src/PermissionMiddleware.php Line: 115 Trace: #0 /var/www/Subastas2021/vendor/slim/slim/Slim/MiddlewareDispatcher.php(168): PHPMaker2021\Subastas2021\PermissionMiddleware->__invoke() #1 /var/www/Subastas2021/vendor/slim/slim/Slim/MiddlewareDispatcher.php(65): Psr\Http\Server\RequestHandlerInterface@anonymous->handle() #2 /var/www/Subastas2021/vendor/slim/slim/Slim/MiddlewareDispatcher.php(65): Slim\MiddlewareDispatcher->handle() #3 /var/www/Subastas2021/vendor/slim/slim/Slim/Routing/Route.php(315): Slim\MiddlewareDispatcher->handle() #4 /var/www/Subastas2021/vendor/slim/slim/Slim/Routing/RouteRunner.php(68): Slim\Routing\Route->run() #5 /var/www/Subastas2021/vendor/slim/slim/Slim/Middleware/BodyParsingMiddleware.php(64): Slim\Routing\RouteRunner->handle() #6 /var/www/Subastas2021/vendor/slim/slim/Slim/MiddlewareDispatcher.php(121): Slim\Middleware\BodyParsingMiddleware->process() #7 /var/www/Subastas2021/src/CorsMiddleware.php(32): Psr\Http\Server\RequestHandlerInterface@anonymous->handle() #8 /var/www/Subastas2021/vendor/slim/slim/Slim/MiddlewareDispatcher.php(121): PHPMaker2021\Subastas2021\CorsMiddleware->process() #9 /var/www/Subastas2021/vendor/slim/slim/Slim/Middleware/RoutingMiddleware.php(45): Psr\Http\Server\RequestHandlerInterface@anonymous->handle() #10 /var/www/Subastas2021/vendor/slim/slim/Slim/MiddlewareDispatcher.php(121): Slim\Middleware\RoutingMiddleware->process() #11 /var/www/Subastas2021/vendor/selective/samesite-cookie/src/SameSiteCookieMiddleware.php(52): Psr\Http\Server\RequestHandlerInterface@anonymous->handle() #12 /var/www/Subastas2021/vendor/slim/slim/Slim/MiddlewareDispatcher.php(121): Selective\SameSiteCookie\SameSiteCookieMiddleware->process() #13 /var/www/Subastas2021/vendor/selective/samesite-cookie/src/SameSiteSessionMiddleware.php(44): Psr\Http\Server\RequestHandlerInterface@anonymous->handle() #14 /var/www/Subastas2021/vendor/slim/slim/Slim/MiddlewareDispatcher.php(121): Selective\SameSiteCookie\SameSiteSessionMiddleware->process() #15 /var/www/Subastas2021/vendor/slim/slim/Slim/Middleware/ErrorMiddleware.php(76): Psr\Http\Server\RequestHandlerInterface@anonymous->handle() #16 /var/www/Subastas2021/vendor/slim/slim/Slim/MiddlewareDispatcher.php(121): Slim\Middleware\ErrorMiddleware->process() #17 /var/www/Subastas2021/vendor/slim/slim/Slim/MiddlewareDispatcher.php(65): Psr\Http\Server\RequestHandlerInterface@anonymous->handle() #18 /var/www/Subastas2021/vendor/slim/slim/Slim/App.php(199): Slim\MiddlewareDispatcher->handle() #19 /var/www/Subastas2021/vendor/slim/slim/Slim/App.php(183): Slim\App->handle() #20 /var/www/Subastas2021/index.php(116): Slim\App->run() #21 {main} Tips: To display error details in HTTP response set "displayErrorDetails" to true in the ErrorHandler constructor. [] []
[2023-10-30T12:03:33.341738-03:00] log.DEBUG: SELECT * FROM `usuarios` WHERE (`usuario` = 'nicole') {"params":[],"types":[],"executionMS":0.0012850761413574219} []
[2023-10-30T12:03:33.343780-03:00] log.DEBUG: SELECT * FROM `usuarios` WHERE (`usuario` = 'nicole') AND (`activo` = 1) {"params":[],"types":[],"executionMS":0.0008900165557861328} []
[2023-10-30T12:03:33.345325-03:00] log.DEBUG: SELECT * FROM `usuarios` WHERE (`usuario` = 'nicole') {"params":[],"types":[],"executionMS":0.0008499622344970703} []
[2023-10-30T12:03:33.346530-03:00] log.DEBUG: UPDATE `usuarios` SET `perfil` = ? WHERE (`usuario` = 'nicole') {"params":{"1":"a:10:{s:15:\"LoginRetryCount\";i:0;s:20:\"LastBadLoginDateTime\";s:0:\"\";s:23:\"LastPasswordChangedDate\";s:10:\"2023/09/21\";s:6:\"codnum\";i:24;s:7:\"usuario\";s:6:\"nicole\";s:6:\"nombre\";s:14:\"Nicole Favilla\";s:5:\"nivel\";i:2;s:5:\"email\";s:0:\"\";s:6:\"perfil\";s:0:\"\";s:6:\"activo\";i:1;}"},"types":{"1":2},"executionMS":0.0006759166717529297} []
[2023-10-30T12:03:33.347437-03:00] log.DEBUG: SELECT * FROM `usuarios` WHERE (`usuario` = 'nicole') {"params":[],"types":[],"executionMS":0.0005230903625488281} []
[2023-10-30T12:03:33.348978-03:00] log.DEBUG: SELECT * FROM `usuarios` WHERE (`usuario` = 'nicole') {"params":[],"types":[],"executionMS":0.0007119178771972656} []
[2023-10-30T13:38:42.407197-03:00] log.DEBUG: SELECT * FROM `usuarios` WHERE (`usuario` = 'juanc') {"params":[],"types":[],"executionMS":0.0008361339569091797} []
[2023-10-30T13:38:42.409928-03:00] log.DEBUG: SELECT * FROM `usuarios` WHERE (`usuario` = 'juanc') AND (`activo` = 1) {"params":[],"types":[],"executionMS":0.0019910335540771484} []
[2023-10-30T13:38:42.410955-03:00] log.DEBUG: SELECT * FROM `usuarios` WHERE (`usuario` = 'juanc') {"params":[],"types":[],"executionMS":0.0005450248718261719} []
[2023-10-30T13:38:42.411974-03:00] log.DEBUG: UPDATE `usuarios` SET `perfil` = ? WHERE (`usuario` = 'juanc') {"params":{"1":"a:10:{s:15:\"LoginRetryCount\";i:0;s:20:\"LastBadLoginDateTime\";s:0:\"\";s:23:\"LastPasswordChangedDate\";s:10:\"2023/09/14\";s:6:\"codnum\";i:15;s:7:\"usuario\";s:5:\"juanc\";s:6:\"nombre\";s:12:\"Juan Cipolat\";s:5:\"nivel\";i:-1;s:5:\"email\";s:0:\"\";s:6:\"perfil\";s:0:\"\";s:6:\"activo\";i:1;}"},"types":{"1":2},"executionMS":0.0006239414215087891} []
[2023-10-30T13:38:42.412854-03:00] log.DEBUG: SELECT * FROM `usuarios` WHERE (`usuario` = 'juanc') {"params":[],"types":[],"executionMS":0.0005230903625488281} []
[2023-10-30T13:38:42.414389-03:00] log.DEBUG: SELECT * FROM `usuarios` WHERE (`usuario` = 'juanc') {"params":[],"types":[],"executionMS":0.0006890296936035156} []
[2023-10-30T14:15:25.424024-03:00] log.DEBUG: SELECT * FROM `usuarios` WHERE (`usuario` = 'yamila') {"params":[],"types":[],"executionMS":0.0007760524749755859} []
[2023-10-30T14:15:25.425297-03:00] log.DEBUG: SELECT * FROM `usuarios` WHERE (`usuario` = 'yamila') AND (`activo` = 1) {"params":[],"types":[],"executionMS":0.00061798095703125} []
[2023-10-30T14:15:25.426160-03:00] log.DEBUG: SELECT * FROM `usuarios` WHERE (`usuario` = 'yamila') {"params":[],"types":[],"executionMS":0.0004730224609375} []
[2023-10-30T14:15:25.427145-03:00] log.DEBUG: UPDATE `usuarios` SET `perfil` = ? WHERE (`usuario` = 'yamila') {"params":{"1":"a:10:{s:15:\"LoginRetryCount\";i:0;s:20:\"LastBadLoginDateTime\";s:0:\"\";s:23:\"LastPasswordChangedDate\";s:10:\"2023/09/15\";s:6:\"codnum\";i:48;s:7:\"usuario\";s:6:\"yamila\";s:6:\"nombre\";s:16:\"Yamila Reschigna\";s:5:\"nivel\";i:2;s:5:\"email\";s:0:\"\";s:6:\"perfil\";s:0:\"\";s:6:\"activo\";i:1;}"},"types":{"1":2},"executionMS":0.0005800724029541016} []
[2023-10-30T14:15:25.427968-03:00] log.DEBUG: SELECT * FROM `usuarios` WHERE (`usuario` = 'yamila') {"params":[],"types":[],"executionMS":0.0004780292510986328} []
[2023-10-30T14:15:25.429814-03:00] log.DEBUG: SELECT * FROM `usuarios` WHERE (`usuario` = 'yamila') {"params":[],"types":[],"executionMS":0.00102996826171875} []
[2023-10-30T14:28:32.431046-03:00] log.DEBUG: SELECT * FROM `usuarios` WHERE (`usuario` = 'yamila') {"params":[],"types":[],"executionMS":0.0010559558868408203} []
[2023-10-30T14:28:32.432823-03:00] log.DEBUG: SELECT * FROM `usuarios` WHERE (`usuario` = 'yamila') AND (`activo` = 1) {"params":[],"types":[],"executionMS":0.0007770061492919922} []
[2023-10-30T14:28:32.434180-03:00] log.DEBUG: SELECT * FROM `usuarios` WHERE (`usuario` = 'yamila') {"params":[],"types":[],"executionMS":0.0007441043853759766} []
[2023-10-30T14:28:32.435534-03:00] log.DEBUG: UPDATE `usuarios` SET `perfil` = ? WHERE (`usuario` = 'yamila') {"params":{"1":"a:10:{s:15:\"LoginRetryCount\";i:0;s:20:\"LastBadLoginDateTime\";s:0:\"\";s:23:\"LastPasswordChangedDate\";s:10:\"2023/09/15\";s:6:\"codnum\";i:48;s:7:\"usuario\";s:6:\"yamila\";s:6:\"nombre\";s:16:\"Yamila Reschigna\";s:5:\"nivel\";i:2;s:5:\"email\";s:0:\"\";s:6:\"perfil\";s:0:\"\";s:6:\"activo\";i:1;}"},"types":{"1":2},"executionMS":0.0007739067077636719} []
[2023-10-30T14:28:32.436800-03:00] log.DEBUG: SELECT * FROM `usuarios` WHERE (`usuario` = 'yamila') {"params":[],"types":[],"executionMS":0.000743865966796875} []
[2023-10-30T14:28:32.438769-03:00] log.DEBUG: SELECT * FROM `usuarios` WHERE (`usuario` = 'yamila') {"params":[],"types":[],"executionMS":0.0008308887481689453} []
[2023-10-30T16:40:36.577397-03:00] log.DEBUG: SELECT * FROM `usuarios` WHERE (`usuario` = 'carlaAM') {"params":[],"types":[],"executionMS":0.0009119510650634766} []
[2023-10-30T16:40:36.579320-03:00] log.DEBUG: SELECT * FROM `usuarios` WHERE (`usuario` = 'carlaAM') AND (`activo` = 1) {"params":[],"types":[],"executionMS":0.001104116439819336} []
[2023-10-30T16:40:36.580502-03:00] log.DEBUG: SELECT * FROM `usuarios` WHERE (`usuario` = 'carlaAM') {"params":[],"types":[],"executionMS":0.0006480216979980469} []
[2023-10-30T16:40:36.581805-03:00] log.DEBUG: UPDATE `usuarios` SET `perfil` = ? WHERE (`usuario` = 'carlaAM') {"params":{"1":"a:10:{s:15:\"LoginRetryCount\";i:0;s:20:\"LastBadLoginDateTime\";s:19:\"2023/09/11 10:12:42\";s:23:\"LastPasswordChangedDate\";s:10:\"2023/09/11\";s:6:\"codnum\";i:58;s:7:\"usuario\";s:7:\"carlaAM\";s:6:\"nombre\";s:14:\"Carla Coniglio\";s:5:\"nivel\";i:0;s:5:\"email\";s:0:\"\";s:6:\"perfil\";s:0:\"\";s:6:\"activo\";i:1;}"},"types":{"1":2},"executionMS":0.00074005126953125} []
[2023-10-30T16:40:36.582772-03:00] log.DEBUG: SELECT * FROM `usuarios` WHERE (`usuario` = 'carlaAM') {"params":[],"types":[],"executionMS":0.0005469322204589844} []
[2023-10-30T16:40:36.584177-03:00] log.DEBUG: SELECT * FROM `usuarios` WHERE (`usuario` = 'carlaAM') {"params":[],"types":[],"executionMS":0.0005300045013427734} []
[2023-10-30T17:16:32.800182-03:00] log.DEBUG: SELECT * FROM `usuarios` WHERE (`usuario` = 'carlaAM') {"params":[],"types":[],"executionMS":0.0009760856628417969} []
[2023-10-30T17:16:32.801612-03:00] log.DEBUG: SELECT * FROM `usuarios` WHERE (`usuario` = 'carlaAM') AND (`activo` = 1) {"params":[],"types":[],"executionMS":0.0006139278411865234} []
[2023-10-30T17:16:32.802781-03:00] log.DEBUG: SELECT * FROM `usuarios` WHERE (`usuario` = 'carlaAM') {"params":[],"types":[],"executionMS":0.0006721019744873047} []
[2023-10-30T17:16:32.803830-03:00] log.DEBUG: UPDATE `usuarios` SET `perfil` = ? WHERE (`usuario` = 'carlaAM') {"params":{"1":"a:10:{s:15:\"LoginRetryCount\";i:0;s:20:\"LastBadLoginDateTime\";s:19:\"2023/09/11 10:12:42\";s:23:\"LastPasswordChangedDate\";s:10:\"2023/09/11\";s:6:\"codnum\";i:58;s:7:\"usuario\";s:7:\"carlaAM\";s:6:\"nombre\";s:14:\"Carla Coniglio\";s:5:\"nivel\";i:0;s:5:\"email\";s:0:\"\";s:6:\"perfil\";s:0:\"\";s:6:\"activo\";i:1;}"},"types":{"1":2},"executionMS":0.0005729198455810547} []
[2023-10-30T17:16:32.804735-03:00] log.DEBUG: SELECT * FROM `usuarios` WHERE (`usuario` = 'carlaAM') {"params":[],"types":[],"executionMS":0.0004990100860595703} []
[2023-10-30T17:16:32.806118-03:00] log.DEBUG: SELECT * FROM `usuarios` WHERE (`usuario` = 'carlaAM') {"params":[],"types":[],"executionMS":0.0004401206970214844} []
[2023-10-30T17:25:45.832615-03:00] log.DEBUG: SELECT * FROM `usuarios` WHERE (`usuario` = 'Sebastian') {"params":[],"types":[],"executionMS":0.0007939338684082031} []
[2023-10-30T17:25:45.834088-03:00] log.DEBUG: SELECT * FROM `usuarios` WHERE (`usuario` = 'Sebastian') AND (`activo` = 1) {"params":[],"types":[],"executionMS":0.0005609989166259766} []
[2023-10-30T17:25:45.835824-03:00] log.DEBUG: SELECT * FROM `usuarios` WHERE (`usuario` = 'Sebastian') {"params":[],"types":[],"executionMS":0.0010840892791748047} []
[2023-10-30T17:25:45.837072-03:00] log.DEBUG: UPDATE `usuarios` SET `perfil` = ? WHERE (`usuario` = 'Sebastian') {"params":{"1":"a:10:{s:15:\"LoginRetryCount\";i:0;s:20:\"LastBadLoginDateTime\";s:19:\"2023/08/31 16:27:45\";s:23:\"LastPasswordChangedDate\";s:10:\"2023/08/31\";s:6:\"codnum\";i:41;s:7:\"usuario\";s:9:\"Sebastian\";s:6:\"nombre\";s:22:\"Sebastian Carlos Perez\";s:5:\"nivel\";i:-1;s:5:\"email\";s:0:\"\";s:6:\"perfil\";s:126:\"a:3:{s:15:\"LoginRetryCount\";i:1;s:20:\"LastBadLoginDateTime\";s:19:\"2023/08/31 16:27:45\";s:23:\"LastPasswordChangedDate\";s:0:\"\";}\";s:6:\"activo\";i:1;}"},"types":{"1":2},"executionMS":0.000659942626953125} []
[2023-10-30T17:25:45.838130-03:00] log.DEBUG: SELECT * FROM `usuarios` WHERE (`usuario` = 'Sebastian') {"params":[],"types":[],"executionMS":0.0004918575286865234} []
[2023-10-30T17:25:45.839461-03:00] log.DEBUG: SELECT * FROM `usuarios` WHERE (`usuario` = 'Sebastian') {"params":[],"types":[],"executionMS":0.00048089027404785156} []
[2023-10-30T17:34:57.576060-03:00] log.DEBUG: SELECT * FROM `usuarios` WHERE (`usuario` = 'carolina') {"params":[],"types":[],"executionMS":0.0008149147033691406} []
[2023-10-30T17:34:57.577529-03:00] log.DEBUG: SELECT * FROM `usuarios` WHERE (`usuario` = 'carolina') AND (`activo` = 1) {"params":[],"types":[],"executionMS":0.0007059574127197266} []
[2023-10-30T17:34:57.578652-03:00] log.DEBUG: SELECT * FROM `usuarios` WHERE (`usuario` = 'carolina') {"params":[],"types":[],"executionMS":0.0005908012390136719} []
[2023-10-30T17:34:57.587894-03:00] log.DEBUG: UPDATE `usuarios` SET `perfil` = ? WHERE (`usuario` = 'carolina') {"params":{"1":"a:3:{s:15:\"LoginRetryCount\";i:0;s:20:\"LastBadLoginDateTime\";s:0:\"\";s:23:\"LastPasswordChangedDate\";s:0:\"\";}"},"types":{"1":2},"executionMS":0.008754968643188477} []
[2023-10-30T17:34:57.589091-03:00] log.DEBUG: SELECT * FROM `usuarios` WHERE (`usuario` = 'carolina') {"params":[],"types":[],"executionMS":0.0007219314575195312} []
[2023-10-30T17:34:57.590830-03:00] log.DEBUG: SELECT * FROM `usuarios` WHERE (`usuario` = 'carolina') {"params":[],"types":[],"executionMS":0.0007770061492919922} []
[2023-10-30T17:34:57.598283-03:00] log.DEBUG: UPDATE `usuarios` SET `perfil` = ? WHERE (`usuario` = 'carolina') {"params":{"1":"a:9:{s:15:\"LoginRetryCount\";i:0;s:20:\"LastBadLoginDateTime\";s:0:\"\";s:23:\"LastPasswordChangedDate\";s:10:\"2023/10/30\";s:6:\"codnum\";i:53;s:7:\"usuario\";s:8:\"carolina\";s:6:\"nombre\";s:15:\"Carolina Polito\";s:5:\"nivel\";i:3;s:5:\"email\";s:0:\"\";s:6:\"activo\";i:1;}"},"types":{"1":2},"executionMS":0.006955146789550781} []
[2023-10-30T17:41:09.246545-03:00] log.DEBUG: SELECT * FROM `usuarios` WHERE (`usuario` = 'paola') {"params":[],"types":[],"executionMS":0.0013179779052734375} []
[2023-10-30T17:41:09.248786-03:00] log.DEBUG: SELECT * FROM `usuarios` WHERE (`usuario` = 'paola') AND (`activo` = 1) {"params":[],"types":[],"executionMS":0.0013899803161621094} []
[2023-10-30T17:41:09.249871-03:00] log.DEBUG: SELECT * FROM `usuarios` WHERE (`usuario` = 'paola') {"params":[],"types":[],"executionMS":0.0005631446838378906} []
[2023-10-30T17:41:09.250924-03:00] log.DEBUG: UPDATE `usuarios` SET `perfil` = ? WHERE (`usuario` = 'paola') {"params":{"1":"a:10:{s:15:\"LoginRetryCount\";i:0;s:20:\"LastBadLoginDateTime\";s:0:\"\";s:23:\"LastPasswordChangedDate\";s:10:\"2023/09/08\";s:6:\"codnum\";i:49;s:7:\"usuario\";s:5:\"paola\";s:6:\"nombre\";s:12:\"Paola Pérez\";s:5:\"nivel\";i:-1;s:5:\"email\";s:0:\"\";s:6:\"perfil\";s:0:\"\";s:6:\"activo\";i:1;}"},"types":{"1":2},"executionMS":0.0005638599395751953} []
[2023-10-30T17:41:09.251996-03:00] log.DEBUG: SELECT * FROM `usuarios` WHERE (`usuario` = 'paola') {"params":[],"types":[],"executionMS":0.0006439685821533203} []
[2023-10-30T17:41:09.253359-03:00] log.DEBUG: SELECT * FROM `usuarios` WHERE (`usuario` = 'paola') {"params":[],"types":[],"executionMS":0.0005018711090087891} []
