[2023-10-17T09:26:21.317012-03:00] log.DEBUG: SELECT * FROM `usuarios` WHERE (`usuario` = 'carlaAM') {"params":[],"types":[],"executionMS":0.0009610652923583984} []
[2023-10-17T09:26:21.319133-03:00] log.DEBUG: SELECT * FROM `usuarios` WHERE (`usuario` = 'carlaAM') AND (`activo` = 1) {"params":[],"types":[],"executionMS":0.0012030601501464844} []
[2023-10-17T09:26:21.320404-03:00] log.DEBUG: SELECT * FROM `usuarios` WHERE (`usuario` = 'carlaAM') {"params":[],"types":[],"executionMS":0.0008471012115478516} []
[2023-10-17T09:26:21.321657-03:00] log.DEBUG: UPDATE `usuarios` SET `perfil` = ? WHERE (`usuario` = 'carlaAM') {"params":{"1":"a:10:{s:15:\"LoginRetryCount\";i:0;s:20:\"LastBadLoginDateTime\";s:19:\"2023/09/11 10:12:42\";s:23:\"LastPasswordChangedDate\";s:10:\"2023/09/11\";s:6:\"codnum\";i:58;s:7:\"usuario\";s:7:\"carlaAM\";s:6:\"nombre\";s:14:\"Carla Coniglio\";s:5:\"nivel\";i:0;s:5:\"email\";s:0:\"\";s:6:\"perfil\";s:0:\"\";s:6:\"activo\";i:1;}"},"types":{"1":2},"executionMS":0.0008628368377685547} []
[2023-10-17T09:26:21.322695-03:00] log.DEBUG: SELECT * FROM `usuarios` WHERE (`usuario` = 'carlaAM') {"params":[],"types":[],"executionMS":0.0006899833679199219} []
[2023-10-17T09:26:21.324299-03:00] log.DEBUG: SELECT * FROM `usuarios` WHERE (`usuario` = 'carlaAM') {"params":[],"types":[],"executionMS":0.0007021427154541016} []
[2023-10-17T09:36:46.775095-03:00] log.DEBUG: SELECT * FROM `usuarios` WHERE (`usuario` = 'Nahuel') {"params":[],"types":[],"executionMS":0.0010058879852294922} []
[2023-10-17T09:36:46.776755-03:00] log.DEBUG: SELECT * FROM `usuarios` WHERE (`usuario` = 'Nahuel') AND (`activo` = 1) {"params":[],"types":[],"executionMS":0.001024007797241211} []
[2023-10-17T09:36:46.777971-03:00] log.DEBUG: SELECT * FROM `usuarios` WHERE (`usuario` = 'Nahuel') {"params":[],"types":[],"executionMS":0.0007920265197753906} []
[2023-10-17T09:36:46.779147-03:00] log.DEBUG: UPDATE `usuarios` SET `perfil` = ? WHERE (`usuario` = 'Nahuel') {"params":{"1":"a:10:{s:15:\"LoginRetryCount\";i:0;s:20:\"LastBadLoginDateTime\";s:19:\"2023/10/12 15:58:01\";s:23:\"LastPasswordChangedDate\";s:10:\"2023/10/11\";s:6:\"codnum\";i:16;s:7:\"usuario\";s:6:\"nahuel\";s:6:\"nombre\";s:14:\"Nahuel Esteves\";s:5:\"nivel\";i:2;s:5:\"email\";s:0:\"\";s:6:\"perfil\";s:0:\"\";s:6:\"activo\";i:1;}"},"types":{"1":2},"executionMS":0.0008008480072021484} []
[2023-10-17T09:36:46.780248-03:00] log.DEBUG: SELECT * FROM `usuarios` WHERE (`usuario` = 'Nahuel') {"params":[],"types":[],"executionMS":0.0007269382476806641} []
[2023-10-17T09:36:46.781891-03:00] log.DEBUG: SELECT * FROM `usuarios` WHERE (`usuario` = 'Nahuel') {"params":[],"types":[],"executionMS":0.0008258819580078125} []
[2023-10-17T09:48:01.317914-03:00] log.DEBUG: SELECT * FROM `usuarios` WHERE (`usuario` = 'paola') {"params":[],"types":[],"executionMS":0.0009140968322753906} []
[2023-10-17T09:48:01.319432-03:00] log.DEBUG: SELECT * FROM `usuarios` WHERE (`usuario` = 'paola') AND (`activo` = 1) {"params":[],"types":[],"executionMS":0.0007159709930419922} []
[2023-10-17T09:48:01.320490-03:00] log.DEBUG: SELECT * FROM `usuarios` WHERE (`usuario` = 'paola') {"params":[],"types":[],"executionMS":0.0006349086761474609} []
[2023-10-17T09:48:01.330427-03:00] log.DEBUG: UPDATE `usuarios` SET `perfil` = ? WHERE (`usuario` = 'paola') {"params":{"1":"a:10:{s:15:\"LoginRetryCount\";i:0;s:20:\"LastBadLoginDateTime\";s:0:\"\";s:23:\"LastPasswordChangedDate\";s:10:\"2023/09/08\";s:6:\"codnum\";i:49;s:7:\"usuario\";s:5:\"paola\";s:6:\"nombre\";s:12:\"Paola Pérez\";s:5:\"nivel\";i:-1;s:5:\"email\";s:0:\"\";s:6:\"perfil\";s:0:\"\";s:6:\"activo\";i:1;}"},"types":{"1":2},"executionMS":0.009510993957519531} []
[2023-10-17T09:48:01.331596-03:00] log.DEBUG: SELECT * FROM `usuarios` WHERE (`usuario` = 'paola') {"params":[],"types":[],"executionMS":0.0005891323089599609} []
[2023-10-17T09:48:01.333101-03:00] log.DEBUG: SELECT * FROM `usuarios` WHERE (`usuario` = 'paola') {"params":[],"types":[],"executionMS":0.0005590915679931641} []
[2023-10-17T10:02:35.073516-03:00] log.DEBUG: SELECT * FROM `usuarios` WHERE (`usuario` = 'guido') {"params":[],"types":[],"executionMS":0.001032114028930664} []
[2023-10-17T10:02:35.075292-03:00] log.DEBUG: SELECT * FROM `usuarios` WHERE (`usuario` = 'guido') AND (`activo` = 1) {"params":[],"types":[],"executionMS":0.0007991790771484375} []
[2023-10-17T10:02:35.076653-03:00] log.DEBUG: SELECT * FROM `usuarios` WHERE (`usuario` = 'guido') {"params":[],"types":[],"executionMS":0.0007460117340087891} []
[2023-10-17T10:02:35.077888-03:00] log.DEBUG: UPDATE `usuarios` SET `perfil` = ? WHERE (`usuario` = 'guido') {"params":{"1":"a:10:{s:15:\"LoginRetryCount\";i:0;s:20:\"LastBadLoginDateTime\";s:0:\"\";s:23:\"LastPasswordChangedDate\";s:10:\"2023/09/13\";s:6:\"codnum\";i:50;s:7:\"usuario\";s:5:\"guido\";s:6:\"nombre\";s:10:\"Guido Osso\";s:5:\"nivel\";i:2;s:5:\"email\";s:0:\"\";s:6:\"perfil\";s:0:\"\";s:6:\"activo\";i:1;}"},"types":{"1":2},"executionMS":0.000720977783203125} []
[2023-10-17T10:02:35.079100-03:00] log.DEBUG: SELECT * FROM `usuarios` WHERE (`usuario` = 'guido') {"params":[],"types":[],"executionMS":0.0007431507110595703} []
[2023-10-17T10:02:35.080924-03:00] log.DEBUG: SELECT * FROM `usuarios` WHERE (`usuario` = 'guido') {"params":[],"types":[],"executionMS":0.0007889270782470703} []
[2023-10-17T10:42:01.656669-03:00] log.DEBUG: SELECT * FROM `usuarios` WHERE (`usuario` = 'jeremias') {"params":[],"types":[],"executionMS":0.0010027885437011719} []
[2023-10-17T10:42:01.658599-03:00] log.DEBUG: SELECT * FROM `usuarios` WHERE (`usuario` = 'jeremias') AND (`activo` = 1) {"params":[],"types":[],"executionMS":0.0008101463317871094} []
[2023-10-17T10:42:01.659869-03:00] log.DEBUG: SELECT * FROM `usuarios` WHERE (`usuario` = 'jeremias') {"params":[],"types":[],"executionMS":0.0005249977111816406} []
[2023-10-17T10:42:01.661116-03:00] log.DEBUG: UPDATE `usuarios` SET `perfil` = ? WHERE (`usuario` = 'jeremias') {"params":{"1":"a:10:{s:15:\"LoginRetryCount\";i:0;s:20:\"LastBadLoginDateTime\";s:0:\"\";s:23:\"LastPasswordChangedDate\";s:10:\"2023/09/21\";s:6:\"codnum\";i:17;s:7:\"usuario\";s:8:\"jeremias\";s:6:\"nombre\";s:20:\"Jeremías Barreñada\";s:5:\"nivel\";i:2;s:5:\"email\";s:0:\"\";s:6:\"perfil\";s:0:\"\";s:6:\"activo\";i:1;}"},"types":{"1":2},"executionMS":0.0005779266357421875} []
[2023-10-17T10:42:01.661954-03:00] log.DEBUG: SELECT * FROM `usuarios` WHERE (`usuario` = 'jeremias') {"params":[],"types":[],"executionMS":0.00046896934509277344} []
[2023-10-17T10:42:01.663563-03:00] log.DEBUG: SELECT * FROM `usuarios` WHERE (`usuario` = 'jeremias') {"params":[],"types":[],"executionMS":0.0007469654083251953} []
[2023-10-17T11:00:13.139618-03:00] log.DEBUG: SELECT * FROM `usuarios` WHERE (`usuario` = 'carlaAM') {"params":[],"types":[],"executionMS":0.0009248256683349609} []
[2023-10-17T11:00:13.141426-03:00] log.DEBUG: SELECT * FROM `usuarios` WHERE (`usuario` = 'carlaAM') AND (`activo` = 1) {"params":[],"types":[],"executionMS":0.0006959438323974609} []
[2023-10-17T11:00:13.142747-03:00] log.DEBUG: SELECT * FROM `usuarios` WHERE (`usuario` = 'carlaAM') {"params":[],"types":[],"executionMS":0.0005950927734375} []
[2023-10-17T11:00:13.144249-03:00] log.DEBUG: UPDATE `usuarios` SET `perfil` = ? WHERE (`usuario` = 'carlaAM') {"params":{"1":"a:10:{s:15:\"LoginRetryCount\";i:0;s:20:\"LastBadLoginDateTime\";s:19:\"2023/09/11 10:12:42\";s:23:\"LastPasswordChangedDate\";s:10:\"2023/09/11\";s:6:\"codnum\";i:58;s:7:\"usuario\";s:7:\"carlaAM\";s:6:\"nombre\";s:14:\"Carla Coniglio\";s:5:\"nivel\";i:0;s:5:\"email\";s:0:\"\";s:6:\"perfil\";s:0:\"\";s:6:\"activo\";i:1;}"},"types":{"1":2},"executionMS":0.0008130073547363281} []
[2023-10-17T11:00:13.145436-03:00] log.DEBUG: SELECT * FROM `usuarios` WHERE (`usuario` = 'carlaAM') {"params":[],"types":[],"executionMS":0.0005819797515869141} []
[2023-10-17T11:00:13.147563-03:00] log.DEBUG: SELECT * FROM `usuarios` WHERE (`usuario` = 'carlaAM') {"params":[],"types":[],"executionMS":0.0007319450378417969} []
[2023-10-17T11:03:43.682488-03:00] log.DEBUG: SELECT * FROM `usuarios` WHERE (`usuario` = 'juanc') {"params":[],"types":[],"executionMS":0.0011010169982910156} []
[2023-10-17T11:03:43.684540-03:00] log.DEBUG: SELECT * FROM `usuarios` WHERE (`usuario` = 'juanc') AND (`activo` = 1) {"params":[],"types":[],"executionMS":0.0009028911590576172} []
[2023-10-17T11:03:43.687013-03:00] log.DEBUG: SELECT * FROM `usuarios` WHERE (`usuario` = 'juanc') {"params":[],"types":[],"executionMS":0.0017590522766113281} []
[2023-10-17T11:03:43.688241-03:00] log.DEBUG: UPDATE `usuarios` SET `perfil` = ? WHERE (`usuario` = 'juanc') {"params":{"1":"a:10:{s:15:\"LoginRetryCount\";i:0;s:20:\"LastBadLoginDateTime\";s:0:\"\";s:23:\"LastPasswordChangedDate\";s:10:\"2023/09/14\";s:6:\"codnum\";i:15;s:7:\"usuario\";s:5:\"juanc\";s:6:\"nombre\";s:12:\"Juan Cipolat\";s:5:\"nivel\";i:-1;s:5:\"email\";s:0:\"\";s:6:\"perfil\";s:0:\"\";s:6:\"activo\";i:1;}"},"types":{"1":2},"executionMS":0.0005960464477539062} []
[2023-10-17T11:03:43.689048-03:00] log.DEBUG: SELECT * FROM `usuarios` WHERE (`usuario` = 'juanc') {"params":[],"types":[],"executionMS":0.0004661083221435547} []
[2023-10-17T11:03:43.690460-03:00] log.DEBUG: SELECT * FROM `usuarios` WHERE (`usuario` = 'juanc') {"params":[],"types":[],"executionMS":0.0005979537963867188} []
[2023-10-17T11:10:26.163877-03:00] log.DEBUG: 400 Bad Request Type: Slim\Exception\HttpBadRequestException Code: 400 Message: Invalid post request File: /var/www/Subastas2021/src/PermissionMiddleware.php Line: 115 Trace: #0 /var/www/Subastas2021/vendor/slim/slim/Slim/MiddlewareDispatcher.php(168): PHPMaker2021\Subastas2021\PermissionMiddleware->__invoke() #1 /var/www/Subastas2021/vendor/slim/slim/Slim/MiddlewareDispatcher.php(65): Psr\Http\Server\RequestHandlerInterface@anonymous->handle() #2 /var/www/Subastas2021/vendor/slim/slim/Slim/MiddlewareDispatcher.php(65): Slim\MiddlewareDispatcher->handle() #3 /var/www/Subastas2021/vendor/slim/slim/Slim/Routing/Route.php(315): Slim\MiddlewareDispatcher->handle() #4 /var/www/Subastas2021/vendor/slim/slim/Slim/Routing/RouteRunner.php(68): Slim\Routing\Route->run() #5 /var/www/Subastas2021/vendor/slim/slim/Slim/Middleware/BodyParsingMiddleware.php(64): Slim\Routing\RouteRunner->handle() #6 /var/www/Subastas2021/vendor/slim/slim/Slim/MiddlewareDispatcher.php(121): Slim\Middleware\BodyParsingMiddleware->process() #7 /var/www/Subastas2021/src/CorsMiddleware.php(32): Psr\Http\Server\RequestHandlerInterface@anonymous->handle() #8 /var/www/Subastas2021/vendor/slim/slim/Slim/MiddlewareDispatcher.php(121): PHPMaker2021\Subastas2021\CorsMiddleware->process() #9 /var/www/Subastas2021/vendor/slim/slim/Slim/Middleware/RoutingMiddleware.php(45): Psr\Http\Server\RequestHandlerInterface@anonymous->handle() #10 /var/www/Subastas2021/vendor/slim/slim/Slim/MiddlewareDispatcher.php(121): Slim\Middleware\RoutingMiddleware->process() #11 /var/www/Subastas2021/vendor/selective/samesite-cookie/src/SameSiteCookieMiddleware.php(52): Psr\Http\Server\RequestHandlerInterface@anonymous->handle() #12 /var/www/Subastas2021/vendor/slim/slim/Slim/MiddlewareDispatcher.php(121): Selective\SameSiteCookie\SameSiteCookieMiddleware->process() #13 /var/www/Subastas2021/vendor/selective/samesite-cookie/src/SameSiteSessionMiddleware.php(44): Psr\Http\Server\RequestHandlerInterface@anonymous->handle() #14 /var/www/Subastas2021/vendor/slim/slim/Slim/MiddlewareDispatcher.php(121): Selective\SameSiteCookie\SameSiteSessionMiddleware->process() #15 /var/www/Subastas2021/vendor/slim/slim/Slim/Middleware/ErrorMiddleware.php(76): Psr\Http\Server\RequestHandlerInterface@anonymous->handle() #16 /var/www/Subastas2021/vendor/slim/slim/Slim/MiddlewareDispatcher.php(121): Slim\Middleware\ErrorMiddleware->process() #17 /var/www/Subastas2021/vendor/slim/slim/Slim/MiddlewareDispatcher.php(65): Psr\Http\Server\RequestHandlerInterface@anonymous->handle() #18 /var/www/Subastas2021/vendor/slim/slim/Slim/App.php(199): Slim\MiddlewareDispatcher->handle() #19 /var/www/Subastas2021/vendor/slim/slim/Slim/App.php(183): Slim\App->handle() #20 /var/www/Subastas2021/index.php(116): Slim\App->run() #21 {main} Tips: To display error details in HTTP response set "displayErrorDetails" to true in the ErrorHandler constructor. [] []
[2023-10-17T11:13:27.112894-03:00] log.DEBUG: SELECT * FROM `usuarios` WHERE (`usuario` = 'jeremias') {"params":[],"types":[],"executionMS":0.0008070468902587891} []
[2023-10-17T11:13:27.114083-03:00] log.DEBUG: SELECT * FROM `usuarios` WHERE (`usuario` = 'jeremias') AND (`activo` = 1) {"params":[],"types":[],"executionMS":0.0005769729614257812} []
[2023-10-17T11:13:27.115023-03:00] log.DEBUG: SELECT * FROM `usuarios` WHERE (`usuario` = 'jeremias') {"params":[],"types":[],"executionMS":0.0005669593811035156} []
[2023-10-17T11:13:27.116047-03:00] log.DEBUG: UPDATE `usuarios` SET `perfil` = ? WHERE (`usuario` = 'jeremias') {"params":{"1":"a:10:{s:15:\"LoginRetryCount\";i:0;s:20:\"LastBadLoginDateTime\";s:0:\"\";s:23:\"LastPasswordChangedDate\";s:10:\"2023/09/21\";s:6:\"codnum\";i:17;s:7:\"usuario\";s:8:\"jeremias\";s:6:\"nombre\";s:20:\"Jeremías Barreñada\";s:5:\"nivel\";i:2;s:5:\"email\";s:0:\"\";s:6:\"perfil\";s:0:\"\";s:6:\"activo\";i:1;}"},"types":{"1":2},"executionMS":0.0006549358367919922} []
[2023-10-17T11:13:27.116955-03:00] log.DEBUG: SELECT * FROM `usuarios` WHERE (`usuario` = 'jeremias') {"params":[],"types":[],"executionMS":0.0005698204040527344} []
[2023-10-17T11:13:27.118268-03:00] log.DEBUG: SELECT * FROM `usuarios` WHERE (`usuario` = 'jeremias') {"params":[],"types":[],"executionMS":0.0005290508270263672} []
[2023-10-17T11:19:49.727336-03:00] log.DEBUG: SELECT * FROM `usuarios` WHERE (`usuario` = 'Nahuel') {"params":[],"types":[],"executionMS":0.002686023712158203} []
[2023-10-17T11:19:49.728707-03:00] log.DEBUG: SELECT * FROM `usuarios` WHERE (`usuario` = 'Nahuel') AND (`activo` = 1) {"params":[],"types":[],"executionMS":0.0007050037384033203} []
[2023-10-17T11:19:49.729645-03:00] log.DEBUG: SELECT * FROM `usuarios` WHERE (`usuario` = 'Nahuel') {"params":[],"types":[],"executionMS":0.0005710124969482422} []
[2023-10-17T11:19:49.730730-03:00] log.DEBUG: UPDATE `usuarios` SET `perfil` = ? WHERE (`usuario` = 'Nahuel') {"params":{"1":"a:10:{s:15:\"LoginRetryCount\";i:0;s:20:\"LastBadLoginDateTime\";s:19:\"2023/10/12 15:58:01\";s:23:\"LastPasswordChangedDate\";s:10:\"2023/10/11\";s:6:\"codnum\";i:16;s:7:\"usuario\";s:6:\"nahuel\";s:6:\"nombre\";s:14:\"Nahuel Esteves\";s:5:\"nivel\";i:2;s:5:\"email\";s:0:\"\";s:6:\"perfil\";s:0:\"\";s:6:\"activo\";i:1;}"},"types":{"1":2},"executionMS":0.0007200241088867188} []
[2023-10-17T11:19:49.731608-03:00] log.DEBUG: SELECT * FROM `usuarios` WHERE (`usuario` = 'Nahuel') {"params":[],"types":[],"executionMS":0.0005300045013427734} []
[2023-10-17T11:19:49.732888-03:00] log.DEBUG: SELECT * FROM `usuarios` WHERE (`usuario` = 'Nahuel') {"params":[],"types":[],"executionMS":0.0004889965057373047} []
[2023-10-17T11:58:50.099151-03:00] log.DEBUG: SELECT * FROM `usuarios` WHERE (`usuario` = 'yamila') {"params":[],"types":[],"executionMS":0.0010571479797363281} []
[2023-10-17T11:58:50.100999-03:00] log.DEBUG: SELECT * FROM `usuarios` WHERE (`usuario` = 'yamila') AND (`activo` = 1) {"params":[],"types":[],"executionMS":0.0007801055908203125} []
[2023-10-17T11:58:50.102393-03:00] log.DEBUG: SELECT * FROM `usuarios` WHERE (`usuario` = 'yamila') {"params":[],"types":[],"executionMS":0.000743865966796875} []
[2023-10-17T11:58:50.103829-03:00] log.DEBUG: UPDATE `usuarios` SET `perfil` = ? WHERE (`usuario` = 'yamila') {"params":{"1":"a:10:{s:15:\"LoginRetryCount\";i:0;s:20:\"LastBadLoginDateTime\";s:0:\"\";s:23:\"LastPasswordChangedDate\";s:10:\"2023/09/15\";s:6:\"codnum\";i:48;s:7:\"usuario\";s:6:\"yamila\";s:6:\"nombre\";s:16:\"Yamila Reschigna\";s:5:\"nivel\";i:2;s:5:\"email\";s:0:\"\";s:6:\"perfil\";s:0:\"\";s:6:\"activo\";i:1;}"},"types":{"1":2},"executionMS":0.0008149147033691406} []
[2023-10-17T11:58:50.105067-03:00] log.DEBUG: SELECT * FROM `usuarios` WHERE (`usuario` = 'yamila') {"params":[],"types":[],"executionMS":0.00067901611328125} []
[2023-10-17T11:58:50.107318-03:00] log.DEBUG: SELECT * FROM `usuarios` WHERE (`usuario` = 'yamila') {"params":[],"types":[],"executionMS":0.0009360313415527344} []
[2023-10-17T12:28:57.444323-03:00] log.DEBUG: SELECT * FROM `usuarios` WHERE (`usuario` = 'paola') {"params":[],"types":[],"executionMS":0.0011680126190185547} []
[2023-10-17T12:28:57.445868-03:00] log.DEBUG: SELECT * FROM `usuarios` WHERE (`usuario` = 'paola') AND (`activo` = 1) {"params":[],"types":[],"executionMS":0.0007810592651367188} []
[2023-10-17T12:28:57.447112-03:00] log.DEBUG: SELECT * FROM `usuarios` WHERE (`usuario` = 'paola') {"params":[],"types":[],"executionMS":0.000762939453125} []
[2023-10-17T12:28:57.448335-03:00] log.DEBUG: UPDATE `usuarios` SET `perfil` = ? WHERE (`usuario` = 'paola') {"params":{"1":"a:10:{s:15:\"LoginRetryCount\";i:0;s:20:\"LastBadLoginDateTime\";s:0:\"\";s:23:\"LastPasswordChangedDate\";s:10:\"2023/09/08\";s:6:\"codnum\";i:49;s:7:\"usuario\";s:5:\"paola\";s:6:\"nombre\";s:12:\"Paola Pérez\";s:5:\"nivel\";i:-1;s:5:\"email\";s:0:\"\";s:6:\"perfil\";s:0:\"\";s:6:\"activo\";i:1;}"},"types":{"1":2},"executionMS":0.00080108642578125} []
[2023-10-17T12:28:57.449340-03:00] log.DEBUG: SELECT * FROM `usuarios` WHERE (`usuario` = 'paola') {"params":[],"types":[],"executionMS":0.0006709098815917969} []
[2023-10-17T12:28:57.450900-03:00] log.DEBUG: SELECT * FROM `usuarios` WHERE (`usuario` = 'paola') {"params":[],"types":[],"executionMS":0.0007519721984863281} []
[2023-10-17T13:19:15.042041-03:00] log.DEBUG: SELECT * FROM `usuarios` WHERE (`usuario` = 'jeremias') {"params":[],"types":[],"executionMS":0.0008819103240966797} []
[2023-10-17T13:19:15.043474-03:00] log.DEBUG: SELECT * FROM `usuarios` WHERE (`usuario` = 'jeremias') AND (`activo` = 1) {"params":[],"types":[],"executionMS":0.0006959438323974609} []
[2023-10-17T13:19:15.044515-03:00] log.DEBUG: SELECT * FROM `usuarios` WHERE (`usuario` = 'jeremias') {"params":[],"types":[],"executionMS":0.0006248950958251953} []
[2023-10-17T13:19:15.045654-03:00] log.DEBUG: UPDATE `usuarios` SET `perfil` = ? WHERE (`usuario` = 'jeremias') {"params":{"1":"a:10:{s:15:\"LoginRetryCount\";i:0;s:20:\"LastBadLoginDateTime\";s:0:\"\";s:23:\"LastPasswordChangedDate\";s:10:\"2023/09/21\";s:6:\"codnum\";i:17;s:7:\"usuario\";s:8:\"jeremias\";s:6:\"nombre\";s:20:\"Jeremías Barreñada\";s:5:\"nivel\";i:2;s:5:\"email\";s:0:\"\";s:6:\"perfil\";s:0:\"\";s:6:\"activo\";i:1;}"},"types":{"1":2},"executionMS":0.0007321834564208984} []
[2023-10-17T13:19:15.046650-03:00] log.DEBUG: SELECT * FROM `usuarios` WHERE (`usuario` = 'jeremias') {"params":[],"types":[],"executionMS":0.000640869140625} []
[2023-10-17T13:19:15.048127-03:00] log.DEBUG: SELECT * FROM `usuarios` WHERE (`usuario` = 'jeremias') {"params":[],"types":[],"executionMS":0.0006568431854248047} []
[2023-10-17T14:34:35.097649-03:00] log.DEBUG: SELECT * FROM `usuarios` WHERE (`usuario` = 'Sebastian') {"params":[],"types":[],"executionMS":0.0010590553283691406} []
[2023-10-17T14:34:35.099135-03:00] log.DEBUG: SELECT * FROM `usuarios` WHERE (`usuario` = 'Sebastian') AND (`activo` = 1) {"params":[],"types":[],"executionMS":0.0007269382476806641} []
[2023-10-17T14:34:35.100262-03:00] log.DEBUG: SELECT * FROM `usuarios` WHERE (`usuario` = 'Sebastian') {"params":[],"types":[],"executionMS":0.0006620883941650391} []
[2023-10-17T14:34:35.101395-03:00] log.DEBUG: UPDATE `usuarios` SET `perfil` = ? WHERE (`usuario` = 'Sebastian') {"params":{"1":"a:10:{s:15:\"LoginRetryCount\";i:0;s:20:\"LastBadLoginDateTime\";s:19:\"2023/08/31 16:27:45\";s:23:\"LastPasswordChangedDate\";s:10:\"2023/08/31\";s:6:\"codnum\";i:41;s:7:\"usuario\";s:9:\"Sebastian\";s:6:\"nombre\";s:22:\"Sebastian Carlos Perez\";s:5:\"nivel\";i:-1;s:5:\"email\";s:0:\"\";s:6:\"perfil\";s:126:\"a:3:{s:15:\"LoginRetryCount\";i:1;s:20:\"LastBadLoginDateTime\";s:19:\"2023/08/31 16:27:45\";s:23:\"LastPasswordChangedDate\";s:0:\"\";}\";s:6:\"activo\";i:1;}"},"types":{"1":2},"executionMS":0.0007119178771972656} []
[2023-10-17T14:34:35.102392-03:00] log.DEBUG: SELECT * FROM `usuarios` WHERE (`usuario` = 'Sebastian') {"params":[],"types":[],"executionMS":0.0006661415100097656} []
[2023-10-17T14:34:35.103804-03:00] log.DEBUG: SELECT * FROM `usuarios` WHERE (`usuario` = 'Sebastian') {"params":[],"types":[],"executionMS":0.0006279945373535156} []
[2023-10-17T14:51:59.925929-03:00] log.DEBUG: SELECT * FROM `usuarios` WHERE (`usuario` = 'paola') {"params":[],"types":[],"executionMS":0.0010211467742919922} []
[2023-10-17T14:51:59.927457-03:00] log.DEBUG: SELECT * FROM `usuarios` WHERE (`usuario` = 'paola') AND (`activo` = 1) {"params":[],"types":[],"executionMS":0.0007867813110351562} []
[2023-10-17T14:51:59.928571-03:00] log.DEBUG: SELECT * FROM `usuarios` WHERE (`usuario` = 'paola') {"params":[],"types":[],"executionMS":0.0006921291351318359} []
[2023-10-17T14:51:59.929762-03:00] log.DEBUG: UPDATE `usuarios` SET `perfil` = ? WHERE (`usuario` = 'paola') {"params":{"1":"a:10:{s:15:\"LoginRetryCount\";i:0;s:20:\"LastBadLoginDateTime\";s:0:\"\";s:23:\"LastPasswordChangedDate\";s:10:\"2023/09/08\";s:6:\"codnum\";i:49;s:7:\"usuario\";s:5:\"paola\";s:6:\"nombre\";s:12:\"Paola Pérez\";s:5:\"nivel\";i:-1;s:5:\"email\";s:0:\"\";s:6:\"perfil\";s:0:\"\";s:6:\"activo\";i:1;}"},"types":{"1":2},"executionMS":0.0008261203765869141} []
[2023-10-17T14:51:59.930851-03:00] log.DEBUG: SELECT * FROM `usuarios` WHERE (`usuario` = 'paola') {"params":[],"types":[],"executionMS":0.0007529258728027344} []
[2023-10-17T14:51:59.933214-03:00] log.DEBUG: SELECT * FROM `usuarios` WHERE (`usuario` = 'paola') {"params":[],"types":[],"executionMS":0.0015571117401123047} []
[2023-10-17T15:09:16.371213-03:00] log.DEBUG: SELECT * FROM `usuarios` WHERE (`usuario` = 'yamila') {"params":[],"types":[],"executionMS":0.0008759498596191406} []
[2023-10-17T15:09:16.373295-03:00] log.DEBUG: SELECT * FROM `usuarios` WHERE (`usuario` = 'yamila') AND (`activo` = 1) {"params":[],"types":[],"executionMS":0.000614166259765625} []
[2023-10-17T15:09:16.374575-03:00] log.DEBUG: SELECT * FROM `usuarios` WHERE (`usuario` = 'yamila') {"params":[],"types":[],"executionMS":0.0005259513854980469} []
[2023-10-17T15:09:16.375842-03:00] log.DEBUG: UPDATE `usuarios` SET `perfil` = ? WHERE (`usuario` = 'yamila') {"params":{"1":"a:10:{s:15:\"LoginRetryCount\";i:0;s:20:\"LastBadLoginDateTime\";s:0:\"\";s:23:\"LastPasswordChangedDate\";s:10:\"2023/09/15\";s:6:\"codnum\";i:48;s:7:\"usuario\";s:6:\"yamila\";s:6:\"nombre\";s:16:\"Yamila Reschigna\";s:5:\"nivel\";i:2;s:5:\"email\";s:0:\"\";s:6:\"perfil\";s:0:\"\";s:6:\"activo\";i:1;}"},"types":{"1":2},"executionMS":0.0006039142608642578} []
[2023-10-17T15:09:16.376948-03:00] log.DEBUG: SELECT * FROM `usuarios` WHERE (`usuario` = 'yamila') {"params":[],"types":[],"executionMS":0.0005068778991699219} []
[2023-10-17T15:09:16.378395-03:00] log.DEBUG: SELECT * FROM `usuarios` WHERE (`usuario` = 'yamila') {"params":[],"types":[],"executionMS":0.00061798095703125} []
[2023-10-17T15:38:44.243261-03:00] log.DEBUG: SELECT * FROM `usuarios` WHERE (`usuario` = 'jeremias') {"params":[],"types":[],"executionMS":0.0008859634399414062} []
[2023-10-17T15:38:44.244593-03:00] log.DEBUG: SELECT * FROM `usuarios` WHERE (`usuario` = 'jeremias') AND (`activo` = 1) {"params":[],"types":[],"executionMS":0.0005409717559814453} []
[2023-10-17T15:38:44.245687-03:00] log.DEBUG: SELECT * FROM `usuarios` WHERE (`usuario` = 'jeremias') {"params":[],"types":[],"executionMS":0.0005509853363037109} []
[2023-10-17T15:38:44.246845-03:00] log.DEBUG: UPDATE `usuarios` SET `perfil` = ? WHERE (`usuario` = 'jeremias') {"params":{"1":"a:10:{s:15:\"LoginRetryCount\";i:0;s:20:\"LastBadLoginDateTime\";s:0:\"\";s:23:\"LastPasswordChangedDate\";s:10:\"2023/09/21\";s:6:\"codnum\";i:17;s:7:\"usuario\";s:8:\"jeremias\";s:6:\"nombre\";s:20:\"Jeremías Barreñada\";s:5:\"nivel\";i:2;s:5:\"email\";s:0:\"\";s:6:\"perfil\";s:0:\"\";s:6:\"activo\";i:1;}"},"types":{"1":2},"executionMS":0.0006301403045654297} []
[2023-10-17T15:38:44.247981-03:00] log.DEBUG: SELECT * FROM `usuarios` WHERE (`usuario` = 'jeremias') {"params":[],"types":[],"executionMS":0.0005939006805419922} []
[2023-10-17T15:38:44.249597-03:00] log.DEBUG: SELECT * FROM `usuarios` WHERE (`usuario` = 'jeremias') {"params":[],"types":[],"executionMS":0.0005309581756591797} []
[2023-10-17T16:14:58.209801-03:00] log.DEBUG: SELECT * FROM `usuarios` WHERE (`usuario` = 'yamila') {"params":[],"types":[],"executionMS":0.0008080005645751953} []
[2023-10-17T16:14:58.211345-03:00] log.DEBUG: SELECT * FROM `usuarios` WHERE (`usuario` = 'yamila') AND (`activo` = 1) {"params":[],"types":[],"executionMS":0.0008440017700195312} []
[2023-10-17T16:14:58.212348-03:00] log.DEBUG: SELECT * FROM `usuarios` WHERE (`usuario` = 'yamila') {"params":[],"types":[],"executionMS":0.0005600452423095703} []
[2023-10-17T16:14:58.213294-03:00] log.DEBUG: UPDATE `usuarios` SET `perfil` = ? WHERE (`usuario` = 'yamila') {"params":{"1":"a:10:{s:15:\"LoginRetryCount\";i:0;s:20:\"LastBadLoginDateTime\";s:0:\"\";s:23:\"LastPasswordChangedDate\";s:10:\"2023/09/15\";s:6:\"codnum\";i:48;s:7:\"usuario\";s:6:\"yamila\";s:6:\"nombre\";s:16:\"Yamila Reschigna\";s:5:\"nivel\";i:2;s:5:\"email\";s:0:\"\";s:6:\"perfil\";s:0:\"\";s:6:\"activo\";i:1;}"},"types":{"1":2},"executionMS":0.0005450248718261719} []
[2023-10-17T16:14:58.214283-03:00] log.DEBUG: SELECT * FROM `usuarios` WHERE (`usuario` = 'yamila') {"params":[],"types":[],"executionMS":0.0006279945373535156} []
[2023-10-17T16:14:58.215644-03:00] log.DEBUG: SELECT * FROM `usuarios` WHERE (`usuario` = 'yamila') {"params":[],"types":[],"executionMS":0.0005500316619873047} []
[2023-10-17T16:21:27.532152-03:00] log.DEBUG: SELECT COUNT(*) FROM `remates` {"params":[],"types":[],"executionMS":0.0012810230255126953} []
[2023-10-17T16:21:27.533644-03:00] log.DEBUG: SELECT COUNT(*) FROM `paises` {"params":[],"types":[],"executionMS":0.0007660388946533203} []
[2023-10-17T16:21:27.534288-03:00] log.DEBUG: SELECT `codnum` AS `lf`, `descripcion` AS `df`, '' AS `df2`, '' AS `df3`, '' AS `df4` FROM `paises` ORDER BY `descripcion` ASC {"params":[],"types":[],"executionMS":0.0005218982696533203} []
[2023-10-17T16:21:27.535808-03:00] log.DEBUG: SELECT COUNT(*) FROM `provincias` {"params":[],"types":[],"executionMS":0.0008630752563476562} []
[2023-10-17T16:21:27.536455-03:00] log.DEBUG: SELECT `codnum` AS `lf`, `descripcion` AS `df`, '' AS `df2`, '' AS `df3`, '' AS `df4`, `codpais` AS `ff` FROM `provincias` ORDER BY `descripcion` ASC {"params":[],"types":[],"executionMS":0.0005438327789306641} []
[2023-10-17T16:21:27.538422-03:00] log.DEBUG: SELECT COUNT(*) FROM `localidades` {"params":[],"types":[],"executionMS":0.0010139942169189453} []
[2023-10-17T16:21:27.542500-03:00] log.DEBUG: SELECT COUNT(*) FROM `dir_remates` {"params":[],"types":[],"executionMS":0.0011448860168457031} []
[2023-10-17T16:21:27.543348-03:00] log.DEBUG: SELECT * FROM `dir_remates` LIMIT 20 {"params":[],"types":[],"executionMS":0.0005311965942382812} []
[2023-10-17T16:21:27.546169-03:00] log.DEBUG: SELECT `ncomp` AS `lf`, `ncomp` AS `df`, `observacion` AS `df2`, '' AS `df3`, '' AS `df4` FROM `remates` WHERE `ncomp` = 5 ORDER BY `ncomp` DESC {"params":[],"types":[],"executionMS":0.000926971435546875} []
[2023-10-17T16:21:27.546977-03:00] log.DEBUG: SELECT `codnum` AS `lf`, `descripcion` AS `df`, '' AS `df2`, '' AS `df3`, '' AS `df4` FROM `localidades` WHERE `codnum` = 15 ORDER BY `descripcion` ASC {"params":[],"types":[],"executionMS":0.0004451274871826172} []
[2023-10-17T16:21:27.548214-03:00] log.DEBUG: SELECT `ncomp` AS `lf`, `ncomp` AS `df`, `observacion` AS `df2`, '' AS `df3`, '' AS `df4` FROM `remates` WHERE `ncomp` = 70 ORDER BY `ncomp` DESC {"params":[],"types":[],"executionMS":0.0005810260772705078} []
[2023-10-17T16:21:27.548920-03:00] log.DEBUG: SELECT `codnum` AS `lf`, `descripcion` AS `df`, '' AS `df2`, '' AS `df3`, '' AS `df4` FROM `localidades` WHERE `codnum` = 959 ORDER BY `descripcion` ASC {"params":[],"types":[],"executionMS":0.000431060791015625} []
[2023-10-17T16:21:27.550073-03:00] log.DEBUG: SELECT `ncomp` AS `lf`, `ncomp` AS `df`, `observacion` AS `df2`, '' AS `df3`, '' AS `df4` FROM `remates` WHERE `ncomp` = 70 ORDER BY `ncomp` DESC {"params":[],"types":[],"executionMS":0.0006239414215087891} []
[2023-10-17T16:21:27.550789-03:00] log.DEBUG: SELECT `codnum` AS `lf`, `descripcion` AS `df`, '' AS `df2`, '' AS `df3`, '' AS `df4` FROM `localidades` WHERE `codnum` = 2283 ORDER BY `descripcion` ASC {"params":[],"types":[],"executionMS":0.00042510032653808594} []
[2023-10-17T16:21:27.551809-03:00] log.DEBUG: SELECT `ncomp` AS `lf`, `ncomp` AS `df`, `observacion` AS `df2`, '' AS `df3`, '' AS `df4` FROM `remates` WHERE `ncomp` = 56 ORDER BY `ncomp` DESC {"params":[],"types":[],"executionMS":0.00048613548278808594} []
[2023-10-17T16:21:27.552483-03:00] log.DEBUG: SELECT `codnum` AS `lf`, `descripcion` AS `df`, '' AS `df2`, '' AS `df3`, '' AS `df4` FROM `localidades` WHERE `codnum` = 444 ORDER BY `descripcion` ASC {"params":[],"types":[],"executionMS":0.0004191398620605469} []
[2023-10-17T16:21:27.553505-03:00] log.DEBUG: SELECT `ncomp` AS `lf`, `ncomp` AS `df`, `observacion` AS `df2`, '' AS `df3`, '' AS `df4` FROM `remates` WHERE `ncomp` = 4 ORDER BY `ncomp` DESC {"params":[],"types":[],"executionMS":0.0005159378051757812} []
[2023-10-17T16:21:27.554201-03:00] log.DEBUG: SELECT `codnum` AS `lf`, `descripcion` AS `df`, '' AS `df2`, '' AS `df3`, '' AS `df4` FROM `localidades` WHERE `codnum` = 9 ORDER BY `descripcion` ASC {"params":[],"types":[],"executionMS":0.00043892860412597656} []
[2023-10-17T16:21:27.555273-03:00] log.DEBUG: SELECT `ncomp` AS `lf`, `ncomp` AS `df`, `observacion` AS `df2`, '' AS `df3`, '' AS `df4` FROM `remates` WHERE `ncomp` = 4 ORDER BY `ncomp` DESC {"params":[],"types":[],"executionMS":0.0005450248718261719} []
[2023-10-17T16:21:27.555972-03:00] log.DEBUG: SELECT `codnum` AS `lf`, `descripcion` AS `df`, '' AS `df2`, '' AS `df3`, '' AS `df4` FROM `localidades` WHERE `codnum` = 11 ORDER BY `descripcion` ASC {"params":[],"types":[],"executionMS":0.0004410743713378906} []
[2023-10-17T16:21:27.556992-03:00] log.DEBUG: SELECT `ncomp` AS `lf`, `ncomp` AS `df`, `observacion` AS `df2`, '' AS `df3`, '' AS `df4` FROM `remates` WHERE `ncomp` = 4 ORDER BY `ncomp` DESC {"params":[],"types":[],"executionMS":0.0005121231079101562} []
[2023-10-17T16:21:27.557676-03:00] log.DEBUG: SELECT `codnum` AS `lf`, `descripcion` AS `df`, '' AS `df2`, '' AS `df3`, '' AS `df4` FROM `localidades` WHERE `codnum` = 119 ORDER BY `descripcion` ASC {"params":[],"types":[],"executionMS":0.00043010711669921875} []
[2023-10-17T16:21:27.558754-03:00] log.DEBUG: SELECT `ncomp` AS `lf`, `ncomp` AS `df`, `observacion` AS `df2`, '' AS `df3`, '' AS `df4` FROM `remates` WHERE `ncomp` = 4 ORDER BY `ncomp` DESC {"params":[],"types":[],"executionMS":0.0005290508270263672} []
[2023-10-17T16:21:27.559424-03:00] log.DEBUG: SELECT `codnum` AS `lf`, `descripcion` AS `df`, '' AS `df2`, '' AS `df3`, '' AS `df4` FROM `localidades` WHERE `codnum` = 60 ORDER BY `descripcion` ASC {"params":[],"types":[],"executionMS":0.0004107952117919922} []
[2023-10-17T16:21:27.560467-03:00] log.DEBUG: SELECT `ncomp` AS `lf`, `ncomp` AS `df`, `observacion` AS `df2`, '' AS `df3`, '' AS `df4` FROM `remates` WHERE `ncomp` = 6 ORDER BY `ncomp` DESC {"params":[],"types":[],"executionMS":0.0005321502685546875} []
[2023-10-17T16:21:27.561156-03:00] log.DEBUG: SELECT `codnum` AS `lf`, `descripcion` AS `df`, '' AS `df2`, '' AS `df3`, '' AS `df4` FROM `localidades` WHERE `codnum` = 16 ORDER BY `descripcion` ASC {"params":[],"types":[],"executionMS":0.00043702125549316406} []
[2023-10-17T16:21:27.562180-03:00] log.DEBUG: SELECT `ncomp` AS `lf`, `ncomp` AS `df`, `observacion` AS `df2`, '' AS `df3`, '' AS `df4` FROM `remates` WHERE `ncomp` = 63 ORDER BY `ncomp` DESC {"params":[],"types":[],"executionMS":0.0005140304565429688} []
[2023-10-17T16:21:27.562867-03:00] log.DEBUG: SELECT `codnum` AS `lf`, `descripcion` AS `df`, '' AS `df2`, '' AS `df3`, '' AS `df4` FROM `localidades` WHERE `codnum` = 9 ORDER BY `descripcion` ASC {"params":[],"types":[],"executionMS":0.0004191398620605469} []
[2023-10-17T16:21:27.563875-03:00] log.DEBUG: SELECT `ncomp` AS `lf`, `ncomp` AS `df`, `observacion` AS `df2`, '' AS `df3`, '' AS `df4` FROM `remates` WHERE `ncomp` = 7 ORDER BY `ncomp` DESC {"params":[],"types":[],"executionMS":0.0004990100860595703} []
[2023-10-17T16:21:27.564551-03:00] log.DEBUG: SELECT `codnum` AS `lf`, `descripcion` AS `df`, '' AS `df2`, '' AS `df3`, '' AS `df4` FROM `localidades` WHERE `codnum` = 139 ORDER BY `descripcion` ASC {"params":[],"types":[],"executionMS":0.00042510032653808594} []
[2023-10-17T16:21:27.565569-03:00] log.DEBUG: SELECT `ncomp` AS `lf`, `ncomp` AS `df`, `observacion` AS `df2`, '' AS `df3`, '' AS `df4` FROM `remates` WHERE `ncomp` = 10 ORDER BY `ncomp` DESC {"params":[],"types":[],"executionMS":0.0005009174346923828} []
[2023-10-17T16:21:27.566298-03:00] log.DEBUG: SELECT `codnum` AS `lf`, `descripcion` AS `df`, '' AS `df2`, '' AS `df3`, '' AS `df4` FROM `localidades` WHERE `codnum` = 444 ORDER BY `descripcion` ASC {"params":[],"types":[],"executionMS":0.00047016143798828125} []
[2023-10-17T16:21:27.567339-03:00] log.DEBUG: SELECT `ncomp` AS `lf`, `ncomp` AS `df`, `observacion` AS `df2`, '' AS `df3`, '' AS `df4` FROM `remates` WHERE `ncomp` = 11 ORDER BY `ncomp` DESC {"params":[],"types":[],"executionMS":0.0005300045013427734} []
[2023-10-17T16:21:27.568017-03:00] log.DEBUG: SELECT `codnum` AS `lf`, `descripcion` AS `df`, '' AS `df2`, '' AS `df3`, '' AS `df4` FROM `localidades` WHERE `codnum` = 413 ORDER BY `descripcion` ASC {"params":[],"types":[],"executionMS":0.0004279613494873047} []
[2023-10-17T16:21:27.569063-03:00] log.DEBUG: SELECT `ncomp` AS `lf`, `ncomp` AS `df`, `observacion` AS `df2`, '' AS `df3`, '' AS `df4` FROM `remates` WHERE `ncomp` = 12 ORDER BY `ncomp` DESC {"params":[],"types":[],"executionMS":0.0005359649658203125} []
[2023-10-17T16:21:27.569745-03:00] log.DEBUG: SELECT `codnum` AS `lf`, `descripcion` AS `df`, '' AS `df2`, '' AS `df3`, '' AS `df4` FROM `localidades` WHERE `codnum` = 26 ORDER BY `descripcion` ASC {"params":[],"types":[],"executionMS":0.00042700767517089844} []
[2023-10-17T16:21:27.570841-03:00] log.DEBUG: SELECT `ncomp` AS `lf`, `ncomp` AS `df`, `observacion` AS `df2`, '' AS `df3`, '' AS `df4` FROM `remates` WHERE `ncomp` = 13 ORDER BY `ncomp` DESC {"params":[],"types":[],"executionMS":0.0005619525909423828} []
[2023-10-17T16:21:27.571504-03:00] log.DEBUG: SELECT `codnum` AS `lf`, `descripcion` AS `df`, '' AS `df2`, '' AS `df3`, '' AS `df4` FROM `localidades` WHERE `codnum` = 444 ORDER BY `descripcion` ASC {"params":[],"types":[],"executionMS":0.0004119873046875} []
[2023-10-17T16:21:27.572555-03:00] log.DEBUG: SELECT `ncomp` AS `lf`, `ncomp` AS `df`, `observacion` AS `df2`, '' AS `df3`, '' AS `df4` FROM `remates` WHERE `ncomp` = 14 ORDER BY `ncomp` DESC {"params":[],"types":[],"executionMS":0.0005369186401367188} []
[2023-10-17T16:21:27.573221-03:00] log.DEBUG: SELECT `codnum` AS `lf`, `descripcion` AS `df`, '' AS `df2`, '' AS `df3`, '' AS `df4` FROM `localidades` WHERE `codnum` = 13 ORDER BY `descripcion` ASC {"params":[],"types":[],"executionMS":0.00041103363037109375} []
[2023-10-17T16:21:27.574235-03:00] log.DEBUG: SELECT `ncomp` AS `lf`, `ncomp` AS `df`, `observacion` AS `df2`, '' AS `df3`, '' AS `df4` FROM `remates` WHERE `ncomp` = 17 ORDER BY `ncomp` DESC {"params":[],"types":[],"executionMS":0.0005140304565429688} []
[2023-10-17T16:21:27.574911-03:00] log.DEBUG: SELECT `codnum` AS `lf`, `descripcion` AS `df`, '' AS `df2`, '' AS `df3`, '' AS `df4` FROM `localidades` WHERE `codnum` = 2321 ORDER BY `descripcion` ASC {"params":[],"types":[],"executionMS":0.0004260540008544922} []
[2023-10-17T16:21:27.575931-03:00] log.DEBUG: SELECT `ncomp` AS `lf`, `ncomp` AS `df`, `observacion` AS `df2`, '' AS `df3`, '' AS `df4` FROM `remates` WHERE `ncomp` = 18 ORDER BY `ncomp` DESC {"params":[],"types":[],"executionMS":0.0005161762237548828} []
[2023-10-17T16:21:27.576578-03:00] log.DEBUG: SELECT `codnum` AS `lf`, `descripcion` AS `df`, '' AS `df2`, '' AS `df3`, '' AS `df4` FROM `localidades` WHERE `codnum` = 404 ORDER BY `descripcion` ASC {"params":[],"types":[],"executionMS":0.0004000663757324219} []
[2023-10-17T16:21:27.577557-03:00] log.DEBUG: SELECT `ncomp` AS `lf`, `ncomp` AS `df`, `observacion` AS `df2`, '' AS `df3`, '' AS `df4` FROM `remates` WHERE `ncomp` = 20 ORDER BY `ncomp` DESC {"params":[],"types":[],"executionMS":0.0004830360412597656} []
[2023-10-17T16:21:27.578216-03:00] log.DEBUG: SELECT `codnum` AS `lf`, `descripcion` AS `df`, '' AS `df2`, '' AS `df3`, '' AS `df4` FROM `localidades` WHERE `codnum` = 374 ORDER BY `descripcion` ASC {"params":[],"types":[],"executionMS":0.00040912628173828125} []
[2023-10-17T16:21:27.579243-03:00] log.DEBUG: SELECT `ncomp` AS `lf`, `ncomp` AS `df`, `observacion` AS `df2`, '' AS `df3`, '' AS `df4` FROM `remates` WHERE `ncomp` = 21 ORDER BY `ncomp` DESC {"params":[],"types":[],"executionMS":0.0005128383636474609} []
[2023-10-17T16:21:27.579954-03:00] log.DEBUG: SELECT `codnum` AS `lf`, `descripcion` AS `df`, '' AS `df2`, '' AS `df3`, '' AS `df4` FROM `localidades` WHERE `codnum` = 326 ORDER BY `descripcion` ASC {"params":[],"types":[],"executionMS":0.0004630088806152344} []
[2023-10-17T16:21:34.309723-03:00] log.DEBUG: SELECT `ncomp` AS `lf`, `ncomp` AS `df`, `observacion` AS `df2`, '' AS `df3`, '' AS `df4` FROM `remates` ORDER BY `ncomp` DESC {"params":[],"types":[],"executionMS":0.001035928726196289} []
[2023-10-17T16:21:34.343087-03:00] log.DEBUG: SELECT `codnum` AS `lf`, `descripcion` AS `df`, '' AS `df2`, '' AS `df3`, '' AS `df4` FROM `paises` ORDER BY `descripcion` ASC {"params":[],"types":[],"executionMS":0.0011589527130126953} []
[2023-10-17T16:21:35.223517-03:00] log.DEBUG: SELECT `codnum` AS `lf`, `descripcion` AS `df`, '' AS `df2`, '' AS `df3`, '' AS `df4` FROM `provincias` WHERE 1=0 ORDER BY `descripcion` ASC {"params":[],"types":[],"executionMS":0.0005440711975097656} []
[2023-10-17T16:21:35.812185-03:00] log.DEBUG: SELECT `codnum` AS `lf`, `descripcion` AS `df`, '' AS `df2`, '' AS `df3`, '' AS `df4` FROM `localidades` WHERE 1=0 ORDER BY `descripcion` ASC {"params":[],"types":[],"executionMS":0.0007739067077636719} []
[2023-10-17T16:21:56.407184-03:00] log.DEBUG: SELECT `codnum` AS `lf`, `descripcion` AS `df`, '' AS `df2`, '' AS `df3`, '' AS `df4` FROM `provincias` WHERE `codpais` IN (1) ORDER BY `descripcion` ASC {"params":[],"types":[],"executionMS":0.0008780956268310547} []
[2023-10-17T16:21:57.164299-03:00] log.DEBUG: SELECT `codnum` AS `lf`, `descripcion` AS `df`, '' AS `df2`, '' AS `df3`, '' AS `df4` FROM `localidades` WHERE 1=0 ORDER BY `descripcion` ASC {"params":[],"types":[],"executionMS":0.0006918907165527344} []
[2023-10-17T16:21:59.512289-03:00] log.DEBUG: SELECT `codnum` AS `lf`, `descripcion` AS `df`, '' AS `df2`, '' AS `df3`, '' AS `df4` FROM `localidades` WHERE `codprov` IN (1) ORDER BY `descripcion` ASC {"params":[],"types":[],"executionMS":0.002012968063354492} []
[2023-10-17T16:24:54.582365-03:00] log.DEBUG: SELECT * FROM `usuarios` WHERE (`usuario` = 'guido') {"params":[],"types":[],"executionMS":0.0010619163513183594} []
[2023-10-17T16:24:54.584397-03:00] log.DEBUG: SELECT * FROM `usuarios` WHERE (`usuario` = 'guido') AND (`activo` = 1) {"params":[],"types":[],"executionMS":0.000888824462890625} []
[2023-10-17T16:24:54.585964-03:00] log.DEBUG: SELECT * FROM `usuarios` WHERE (`usuario` = 'guido') {"params":[],"types":[],"executionMS":0.0007951259613037109} []
[2023-10-17T16:24:54.587182-03:00] log.DEBUG: UPDATE `usuarios` SET `perfil` = ? WHERE (`usuario` = 'guido') {"params":{"1":"a:10:{s:15:\"LoginRetryCount\";i:0;s:20:\"LastBadLoginDateTime\";s:0:\"\";s:23:\"LastPasswordChangedDate\";s:10:\"2023/09/13\";s:6:\"codnum\";i:50;s:7:\"usuario\";s:5:\"guido\";s:6:\"nombre\";s:10:\"Guido Osso\";s:5:\"nivel\";i:2;s:5:\"email\";s:0:\"\";s:6:\"perfil\";s:0:\"\";s:6:\"activo\";i:1;}"},"types":{"1":2},"executionMS":0.000720977783203125} []
[2023-10-17T16:24:54.588194-03:00] log.DEBUG: SELECT * FROM `usuarios` WHERE (`usuario` = 'guido') {"params":[],"types":[],"executionMS":0.0005860328674316406} []
[2023-10-17T16:24:54.589677-03:00] log.DEBUG: SELECT * FROM `usuarios` WHERE (`usuario` = 'guido') {"params":[],"types":[],"executionMS":0.0005929470062255859} []
[2023-10-17T16:30:35.327498-03:00] log.DEBUG: SELECT * FROM `usuarios` WHERE (`usuario` = 'carlaAM') {"params":[],"types":[],"executionMS":0.0015759468078613281} []
[2023-10-17T16:30:35.328925-03:00] log.DEBUG: SELECT * FROM `usuarios` WHERE (`usuario` = 'carlaAM') AND (`activo` = 1) {"params":[],"types":[],"executionMS":0.0006690025329589844} []
[2023-10-17T16:30:35.330044-03:00] log.DEBUG: SELECT * FROM `usuarios` WHERE (`usuario` = 'carlaAM') {"params":[],"types":[],"executionMS":0.0005929470062255859} []
[2023-10-17T16:30:35.331241-03:00] log.DEBUG: UPDATE `usuarios` SET `perfil` = ? WHERE (`usuario` = 'carlaAM') {"params":{"1":"a:10:{s:15:\"LoginRetryCount\";i:0;s:20:\"LastBadLoginDateTime\";s:19:\"2023/09/11 10:12:42\";s:23:\"LastPasswordChangedDate\";s:10:\"2023/09/11\";s:6:\"codnum\";i:58;s:7:\"usuario\";s:7:\"carlaAM\";s:6:\"nombre\";s:14:\"Carla Coniglio\";s:5:\"nivel\";i:0;s:5:\"email\";s:0:\"\";s:6:\"perfil\";s:0:\"\";s:6:\"activo\";i:1;}"},"types":{"1":2},"executionMS":0.0006439685821533203} []
[2023-10-17T16:30:35.332263-03:00] log.DEBUG: SELECT * FROM `usuarios` WHERE (`usuario` = 'carlaAM') {"params":[],"types":[],"executionMS":0.0005929470062255859} []
[2023-10-17T16:30:35.333747-03:00] log.DEBUG: SELECT * FROM `usuarios` WHERE (`usuario` = 'carlaAM') {"params":[],"types":[],"executionMS":0.0006020069122314453} []
[2023-10-17T16:48:51.513665-03:00] log.DEBUG: SELECT * FROM `usuarios` WHERE (`usuario` = 'paola') {"params":[],"types":[],"executionMS":0.0008931159973144531} []
[2023-10-17T16:48:51.515405-03:00] log.DEBUG: SELECT * FROM `usuarios` WHERE (`usuario` = 'paola') AND (`activo` = 1) {"params":[],"types":[],"executionMS":0.0008080005645751953} []
[2023-10-17T16:48:51.516423-03:00] log.DEBUG: SELECT * FROM `usuarios` WHERE (`usuario` = 'paola') {"params":[],"types":[],"executionMS":0.00047206878662109375} []
[2023-10-17T16:48:51.517372-03:00] log.DEBUG: UPDATE `usuarios` SET `perfil` = ? WHERE (`usuario` = 'paola') {"params":{"1":"a:10:{s:15:\"LoginRetryCount\";i:0;s:20:\"LastBadLoginDateTime\";s:0:\"\";s:23:\"LastPasswordChangedDate\";s:10:\"2023/09/08\";s:6:\"codnum\";i:49;s:7:\"usuario\";s:5:\"paola\";s:6:\"nombre\";s:12:\"Paola Pérez\";s:5:\"nivel\";i:-1;s:5:\"email\";s:0:\"\";s:6:\"perfil\";s:0:\"\";s:6:\"activo\";i:1;}"},"types":{"1":2},"executionMS":0.0005440711975097656} []
[2023-10-17T16:48:51.518243-03:00] log.DEBUG: SELECT * FROM `usuarios` WHERE (`usuario` = 'paola') {"params":[],"types":[],"executionMS":0.0005061626434326172} []
[2023-10-17T16:48:51.519556-03:00] log.DEBUG: SELECT * FROM `usuarios` WHERE (`usuario` = 'paola') {"params":[],"types":[],"executionMS":0.0004901885986328125} []
[2023-10-17T17:42:47.244923-03:00] log.DEBUG: SELECT * FROM `usuarios` WHERE (`usuario` = 'juanc') {"params":[],"types":[],"executionMS":0.0008869171142578125} []
[2023-10-17T17:42:47.246843-03:00] log.DEBUG: SELECT * FROM `usuarios` WHERE (`usuario` = 'juanc') AND (`activo` = 1) {"params":[],"types":[],"executionMS":0.0007421970367431641} []
[2023-10-17T17:42:47.248157-03:00] log.DEBUG: SELECT * FROM `usuarios` WHERE (`usuario` = 'juanc') {"params":[],"types":[],"executionMS":0.0005891323089599609} []
[2023-10-17T17:42:47.249556-03:00] log.DEBUG: UPDATE `usuarios` SET `perfil` = ? WHERE (`usuario` = 'juanc') {"params":{"1":"a:10:{s:15:\"LoginRetryCount\";i:0;s:20:\"LastBadLoginDateTime\";s:0:\"\";s:23:\"LastPasswordChangedDate\";s:10:\"2023/09/14\";s:6:\"codnum\";i:15;s:7:\"usuario\";s:5:\"juanc\";s:6:\"nombre\";s:12:\"Juan Cipolat\";s:5:\"nivel\";i:-1;s:5:\"email\";s:0:\"\";s:6:\"perfil\";s:0:\"\";s:6:\"activo\";i:1;}"},"types":{"1":2},"executionMS":0.0007159709930419922} []
[2023-10-17T17:42:47.250942-03:00] log.DEBUG: SELECT * FROM `usuarios` WHERE (`usuario` = 'juanc') {"params":[],"types":[],"executionMS":0.0007300376892089844} []
[2023-10-17T17:42:47.252448-03:00] log.DEBUG: SELECT * FROM `usuarios` WHERE (`usuario` = 'juanc') {"params":[],"types":[],"executionMS":0.0006411075592041016} []
