[2023-10-24T02:28:44.392703+00:00] log.DEBUG: SELECT COUNT(*) FROM userlevels WHERE userlevelid = -2 {"params":[],"types":[],"executionMS":0.0009191036224365234} []
[2023-10-24T02:28:44.394170+00:00] log.DEBUG: SELECT userlevelid, userlevelname FROM userlevels {"params":[],"types":[],"executionMS":0.0010750293731689453} []
[2023-10-24T02:28:44.394967+00:00] log.DEBUG: SELECT COUNT(*) FROM userlevelpermissions WHERE userlevelid = -2 {"params":[],"types":[],"executionMS":0.0006840229034423828} []
[2023-10-24T02:28:44.395876+00:00] log.DEBUG: SELECT tablename, userlevelid, permission FROM userlevelpermissions WHERE userlevelid IN (-2) {"params":[],"types":[],"executionMS":0.0007500648498535156} []
[2023-10-24T02:28:48.784254+00:00] log.DEBUG: SHOW TABLE STATUS WHERE Engine = 'MyISAM' AND Name = 'usuarios' {"params":[],"types":[],"executionMS":0.0026760101318359375} []
[2023-10-24T02:28:51.670527+00:00] log.DEBUG: SELECT t0.codnum AS codnum_1, t0.usuario AS usuario_2, t0.nombre AS nombre_3, t0.clave AS clave_4, t0.nivel AS nivel_5, t0.activo AS activo_6, t0.email AS email_7, t0.perfil AS perfil_8 FROM usuarios t0 WHERE t0.usuario = ? LIMIT 1 {"params":["RICARDOC"],"types":["string"],"executionMS":0.0010459423065185547} []
[2023-10-24T02:28:51.671593+00:00] log.DEBUG: SELECT COUNT(*) FROM userlevels WHERE userlevelid = -2 {"params":[],"types":[],"executionMS":0.0005090236663818359} []
[2023-10-24T02:28:51.672228+00:00] log.DEBUG: SELECT userlevelid, userlevelname FROM userlevels {"params":[],"types":[],"executionMS":0.0005240440368652344} []
[2023-10-24T02:28:51.672779+00:00] log.DEBUG: SELECT COUNT(*) FROM userlevelpermissions WHERE userlevelid = -2 {"params":[],"types":[],"executionMS":0.0004780292510986328} []
[2023-10-24T02:28:51.673735+00:00] log.DEBUG: SELECT tablename, userlevelid, permission FROM userlevelpermissions {"params":[],"types":[],"executionMS":0.0008800029754638672} []
[2023-10-24T02:28:52.102965+00:00] log.DEBUG: SELECT t0.codnum AS codnum_1, t0.usuario AS usuario_2, t0.nombre AS nombre_3, t0.clave AS clave_4, t0.nivel AS nivel_5, t0.activo AS activo_6, t0.email AS email_7, t0.perfil AS perfil_8 FROM usuarios t0 WHERE t0.usuario = ? LIMIT 1 {"params":["Administrator"],"types":["string"],"executionMS":0.0016200542449951172} []
[2023-10-24T03:30:00.045490+00:00] log.DEBUG: SELECT COUNT(*) FROM userlevels WHERE userlevelid = -2 {"params":[],"types":[],"executionMS":0.0008869171142578125} []
[2023-10-24T03:30:00.046525+00:00] log.DEBUG: SELECT userlevelid, userlevelname FROM userlevels {"params":[],"types":[],"executionMS":0.0007710456848144531} []
[2023-10-24T03:30:00.047364+00:00] log.DEBUG: SELECT COUNT(*) FROM userlevelpermissions WHERE userlevelid = -2 {"params":[],"types":[],"executionMS":0.0007128715515136719} []
[2023-10-24T03:30:00.051074+00:00] log.DEBUG: SELECT tablename, userlevelid, permission FROM userlevelpermissions WHERE userlevelid IN (-2) {"params":[],"types":[],"executionMS":0.0023779869079589844} []
[2023-10-24T03:30:00.054565+00:00] log.DEBUG: SHOW TABLE STATUS WHERE Engine = 'MyISAM' AND Name = 'usuarios' {"params":[],"types":[],"executionMS":0.0016129016876220703} []
[2023-10-24T03:30:00.205690+00:00] log.DEBUG: SELECT COUNT(*) FROM userlevels WHERE userlevelid = -2 {"params":[],"types":[],"executionMS":0.0008571147918701172} []
[2023-10-24T03:30:00.206631+00:00] log.DEBUG: SELECT userlevelid, userlevelname FROM userlevels {"params":[],"types":[],"executionMS":0.0007190704345703125} []
[2023-10-24T03:30:00.207485+00:00] log.DEBUG: SELECT COUNT(*) FROM userlevelpermissions WHERE userlevelid = -2 {"params":[],"types":[],"executionMS":0.0007679462432861328} []
[2023-10-24T03:30:00.208335+00:00] log.DEBUG: SELECT tablename, userlevelid, permission FROM userlevelpermissions WHERE userlevelid IN (-2) {"params":[],"types":[],"executionMS":0.0007538795471191406} []
[2023-10-24T03:30:00.211168+00:00] log.DEBUG: SHOW TABLE STATUS WHERE Engine = 'MyISAM' AND Name = 'usuarios' {"params":[],"types":[],"executionMS":0.0020520687103271484} []
[2023-10-24T13:25:44.436713+00:00] log.DEBUG: SELECT COUNT(*) FROM userlevels WHERE userlevelid = -2 {"params":[],"types":[],"executionMS":0.0007932186126708984} []
[2023-10-24T13:25:44.437563+00:00] log.DEBUG: SELECT userlevelid, userlevelname FROM userlevels {"params":[],"types":[],"executionMS":0.0005218982696533203} []
[2023-10-24T13:25:44.438216+00:00] log.DEBUG: SELECT COUNT(*) FROM userlevelpermissions WHERE userlevelid = -2 {"params":[],"types":[],"executionMS":0.0005528926849365234} []
[2023-10-24T13:25:44.438904+00:00] log.DEBUG: SELECT tablename, userlevelid, permission FROM userlevelpermissions WHERE userlevelid IN (-2) {"params":[],"types":[],"executionMS":0.0005269050598144531} []
[2023-10-24T13:25:50.811079+00:00] log.DEBUG: SHOW TABLE STATUS WHERE Engine = 'MyISAM' AND Name = 'usuarios' {"params":[],"types":[],"executionMS":0.002480030059814453} []
[2023-10-24T13:25:56.969903+00:00] log.DEBUG: SELECT t0.codnum AS codnum_1, t0.usuario AS usuario_2, t0.nombre AS nombre_3, t0.clave AS clave_4, t0.nivel AS nivel_5, t0.activo AS activo_6, t0.email AS email_7, t0.perfil AS perfil_8 FROM usuarios t0 WHERE t0.usuario = ? LIMIT 1 {"params":["RICARDOC"],"types":["string"],"executionMS":0.0010449886322021484} []
[2023-10-24T13:25:56.971003+00:00] log.DEBUG: SELECT COUNT(*) FROM userlevels WHERE userlevelid = -2 {"params":[],"types":[],"executionMS":0.0005362033843994141} []
[2023-10-24T13:25:56.971592+00:00] log.DEBUG: SELECT userlevelid, userlevelname FROM userlevels {"params":[],"types":[],"executionMS":0.0004711151123046875} []
[2023-10-24T13:25:56.972243+00:00] log.DEBUG: SELECT COUNT(*) FROM userlevelpermissions WHERE userlevelid = -2 {"params":[],"types":[],"executionMS":0.0005650520324707031} []
[2023-10-24T13:25:56.973466+00:00] log.DEBUG: SELECT tablename, userlevelid, permission FROM userlevelpermissions {"params":[],"types":[],"executionMS":0.0011510848999023438} []
[2023-10-24T13:25:57.213083+00:00] log.DEBUG: SELECT t0.codnum AS codnum_1, t0.usuario AS usuario_2, t0.nombre AS nombre_3, t0.clave AS clave_4, t0.nivel AS nivel_5, t0.activo AS activo_6, t0.email AS email_7, t0.perfil AS perfil_8 FROM usuarios t0 WHERE t0.usuario = ? LIMIT 1 {"params":["Administrator"],"types":["string"],"executionMS":0.0012660026550292969} []
[2023-10-24T13:26:40.299796+00:00] log.DEBUG: SHOW TABLE STATUS WHERE Engine = 'MyISAM' AND Name = 'concafact' {"params":[],"types":[],"executionMS":0.001728057861328125} []
[2023-10-24T13:26:40.305315+00:00] log.DEBUG: SELECT t0.codnum AS codnum_1, t0.usuario AS usuario_2, t0.nombre AS nombre_3, t0.clave AS clave_4, t0.nivel AS nivel_5, t0.activo AS activo_6, t0.email AS email_7, t0.perfil AS perfil_8 FROM usuarios t0 WHERE t0.usuario = ? LIMIT 1 {"params":["Administrator"],"types":["string"],"executionMS":0.0009989738464355469} []
[2023-10-24T13:26:40.309476+00:00] log.DEBUG: SELECT COUNT(*) FROM concafact {"params":[],"types":[],"executionMS":0.0017468929290771484} []
[2023-10-24T13:26:40.310392+00:00] log.DEBUG: SELECT * FROM concafact LIMIT 20 {"params":[],"types":[],"executionMS":0.0007131099700927734} []
[2023-10-24T13:36:10.234657+00:00] log.DEBUG: SHOW TABLE STATUS WHERE Engine = 'MyISAM' AND Name = 'concafactven' {"params":[],"types":[],"executionMS":0.0022161006927490234} []
[2023-10-24T13:36:10.239979+00:00] log.DEBUG: SELECT t0.codnum AS codnum_1, t0.usuario AS usuario_2, t0.nombre AS nombre_3, t0.clave AS clave_4, t0.nivel AS nivel_5, t0.activo AS activo_6, t0.email AS email_7, t0.perfil AS perfil_8 FROM usuarios t0 WHERE t0.usuario = ? LIMIT 1 {"params":["Administrator"],"types":["string"],"executionMS":0.0015690326690673828} []
[2023-10-24T13:36:10.242513+00:00] log.DEBUG: SELECT COUNT(*) FROM concafactven {"params":[],"types":[],"executionMS":0.0011229515075683594} []
[2023-10-24T13:36:10.243226+00:00] log.DEBUG: SELECT * FROM concafactven LIMIT 20 {"params":[],"types":[],"executionMS":0.0005099773406982422} []
[2023-10-24T14:37:56.856500+00:00] log.DEBUG: SELECT COUNT(*) FROM userlevels WHERE userlevelid = -2 {"params":[],"types":[],"executionMS":0.0008618831634521484} []
[2023-10-24T14:37:56.857295+00:00] log.DEBUG: SELECT userlevelid, userlevelname FROM userlevels {"params":[],"types":[],"executionMS":0.0005640983581542969} []
[2023-10-24T14:37:56.857936+00:00] log.DEBUG: SELECT COUNT(*) FROM userlevelpermissions WHERE userlevelid = -2 {"params":[],"types":[],"executionMS":0.0005450248718261719} []
[2023-10-24T14:37:56.858624+00:00] log.DEBUG: SELECT tablename, userlevelid, permission FROM userlevelpermissions WHERE userlevelid IN (-2) {"params":[],"types":[],"executionMS":0.0005791187286376953} []
[2023-10-24T14:37:56.860985+00:00] log.DEBUG: SHOW TABLE STATUS WHERE Engine = 'MyISAM' AND Name = 'usuarios' {"params":[],"types":[],"executionMS":0.0014879703521728516} []
[2023-10-24T14:37:56.989763+00:00] log.DEBUG: SELECT COUNT(*) FROM userlevels WHERE userlevelid = -2 {"params":[],"types":[],"executionMS":0.0007338523864746094} []
[2023-10-24T14:37:56.990582+00:00] log.DEBUG: SELECT userlevelid, userlevelname FROM userlevels {"params":[],"types":[],"executionMS":0.0005841255187988281} []
[2023-10-24T14:37:56.991285+00:00] log.DEBUG: SELECT COUNT(*) FROM userlevelpermissions WHERE userlevelid = -2 {"params":[],"types":[],"executionMS":0.0005791187286376953} []
[2023-10-24T14:37:56.992035+00:00] log.DEBUG: SELECT tablename, userlevelid, permission FROM userlevelpermissions WHERE userlevelid IN (-2) {"params":[],"types":[],"executionMS":0.0005979537963867188} []
[2023-10-24T14:37:56.994456+00:00] log.DEBUG: SHOW TABLE STATUS WHERE Engine = 'MyISAM' AND Name = 'usuarios' {"params":[],"types":[],"executionMS":0.0015020370483398438} []
[2023-10-24T15:56:07.362245+00:00] log.DEBUG: SELECT COUNT(*) FROM userlevels WHERE userlevelid = -2 {"params":[],"types":[],"executionMS":0.0008709430694580078} []
[2023-10-24T15:56:07.363164+00:00] log.DEBUG: SELECT userlevelid, userlevelname FROM userlevels {"params":[],"types":[],"executionMS":0.0006639957427978516} []
[2023-10-24T15:56:07.363943+00:00] log.DEBUG: SELECT COUNT(*) FROM userlevelpermissions WHERE userlevelid = -2 {"params":[],"types":[],"executionMS":0.0006849765777587891} []
[2023-10-24T15:56:07.364818+00:00] log.DEBUG: SELECT tablename, userlevelid, permission FROM userlevelpermissions WHERE userlevelid IN (-2) {"params":[],"types":[],"executionMS":0.0007550716400146484} []
[2023-10-24T15:56:08.022681+00:00] log.DEBUG: SHOW TABLE STATUS WHERE Engine = 'MyISAM' AND Name = 'usuarios' {"params":[],"types":[],"executionMS":0.002413034439086914} []
[2023-10-24T15:56:17.505144+00:00] log.DEBUG: SELECT t0.codnum AS codnum_1, t0.usuario AS usuario_2, t0.nombre AS nombre_3, t0.clave AS clave_4, t0.nivel AS nivel_5, t0.activo AS activo_6, t0.email AS email_7, t0.perfil AS perfil_8 FROM usuarios t0 WHERE t0.usuario = ? LIMIT 1 {"params":["carolina"],"types":["string"],"executionMS":0.0010979175567626953} []
[2023-10-24T15:56:17.506292+00:00] log.DEBUG: SELECT t0.codnum AS codnum_1, t0.usuario AS usuario_2, t0.nombre AS nombre_3, t0.clave AS clave_4, t0.nivel AS nivel_5, t0.activo AS activo_6, t0.email AS email_7, t0.perfil AS perfil_8 FROM usuarios t0 WHERE t0.usuario = ? AND t0.activo = ? LIMIT 1 {"params":["carolina","1"],"types":["string","boolean"],"executionMS":0.0006659030914306641} []
[2023-10-24T15:56:17.507000+00:00] log.DEBUG: "START TRANSACTION" {"params":null,"types":null,"executionMS":0.0002009868621826172} []
[2023-10-24T15:56:17.507691+00:00] log.DEBUG: UPDATE usuarios SET perfil = ? WHERE codnum = ? {"params":["{\"LoginRetryCount\":0,\"LastBadLoginDateTime\":\"2023\\/10\\/24 12:39:40\",\"LastPasswordChangedDate\":\"\"}",53],"types":["text","integer"],"executionMS":0.0005869865417480469} []
[2023-10-24T15:56:17.545806+00:00] log.DEBUG: "COMMIT" {"params":null,"types":null,"executionMS":0.038027048110961914} []
[2023-10-24T15:56:17.546840+00:00] log.DEBUG: SELECT COUNT(*) FROM userlevels WHERE userlevelid = -2 {"params":[],"types":[],"executionMS":0.0007989406585693359} []
[2023-10-24T15:56:17.547490+00:00] log.DEBUG: SELECT userlevelid, userlevelname FROM userlevels {"params":[],"types":[],"executionMS":0.00049591064453125} []
[2023-10-24T15:56:17.548201+00:00] log.DEBUG: SELECT COUNT(*) FROM userlevelpermissions WHERE userlevelid = -2 {"params":[],"types":[],"executionMS":0.0006098747253417969} []
[2023-10-24T15:56:17.549017+00:00] log.DEBUG: SELECT tablename, userlevelid, permission FROM userlevelpermissions WHERE userlevelid IN (2) {"params":[],"types":[],"executionMS":0.0006539821624755859} []
[2023-10-24T15:56:17.549845+00:00] log.DEBUG: "START TRANSACTION" {"params":null,"types":null,"executionMS":0.00022220611572265625} []
[2023-10-24T15:56:17.550651+00:00] log.DEBUG: UPDATE usuarios SET perfil = ? WHERE codnum = ? {"params":["{\"LoginRetryCount\":0,\"LastBadLoginDateTime\":\"2023\\/10\\/24 12:39:40\",\"LastPasswordChangedDate\":\"2023\\/10\\/24\"}",53],"types":["text","integer"],"executionMS":0.0007081031799316406} []
[2023-10-24T15:56:17.566504+00:00] log.DEBUG: "COMMIT" {"params":null,"types":null,"executionMS":0.01571798324584961} []
[2023-10-24T16:47:16.257428+00:00] log.DEBUG: SELECT COUNT(*) FROM userlevels WHERE userlevelid = -2 {"params":[],"types":[],"executionMS":0.0007700920104980469} []
[2023-10-24T16:47:16.258343+00:00] log.DEBUG: SELECT userlevelid, userlevelname FROM userlevels {"params":[],"types":[],"executionMS":0.0006821155548095703} []
[2023-10-24T16:47:16.259063+00:00] log.DEBUG: SELECT COUNT(*) FROM userlevelpermissions WHERE userlevelid = -2 {"params":[],"types":[],"executionMS":0.0006148815155029297} []
[2023-10-24T16:47:16.259767+00:00] log.DEBUG: SELECT tablename, userlevelid, permission FROM userlevelpermissions WHERE userlevelid IN (-2) {"params":[],"types":[],"executionMS":0.0005669593811035156} []
[2023-10-24T17:04:21.598552+00:00] log.DEBUG: SHOW TABLE STATUS WHERE Engine = 'MyISAM' AND Name = 'userlevels' {"params":[],"types":[],"executionMS":0.0030181407928466797} []
[2023-10-24T17:04:21.701390+00:00] log.DEBUG: SHOW TABLE STATUS WHERE Engine = 'MyISAM' AND Name = 'usuarios' {"params":[],"types":[],"executionMS":0.0015599727630615234} []
[2023-10-24T18:06:20.739988+00:00] log.DEBUG: SELECT COUNT(*) FROM userlevels WHERE userlevelid = -2 {"params":[],"types":[],"executionMS":0.0010380744934082031} []
[2023-10-24T18:06:20.741162+00:00] log.DEBUG: SELECT userlevelid, userlevelname FROM userlevels {"params":[],"types":[],"executionMS":0.0008020401000976562} []
[2023-10-24T18:06:20.742142+00:00] log.DEBUG: SELECT COUNT(*) FROM userlevelpermissions WHERE userlevelid = -2 {"params":[],"types":[],"executionMS":0.0008389949798583984} []
[2023-10-24T18:06:20.743117+00:00] log.DEBUG: SELECT tablename, userlevelid, permission FROM userlevelpermissions WHERE userlevelid IN (-2) {"params":[],"types":[],"executionMS":0.0007948875427246094} []
[2023-10-24T18:06:20.852355+00:00] log.DEBUG: SHOW TABLE STATUS WHERE Engine = 'MyISAM' AND Name = 'usuarios' {"params":[],"types":[],"executionMS":0.002093076705932617} []
[2023-10-24T18:06:31.462985+00:00] log.DEBUG: SELECT t0.codnum AS codnum_1, t0.usuario AS usuario_2, t0.nombre AS nombre_3, t0.clave AS clave_4, t0.nivel AS nivel_5, t0.activo AS activo_6, t0.email AS email_7, t0.perfil AS perfil_8 FROM usuarios t0 WHERE t0.usuario = ? LIMIT 1 {"params":["nahuelultr"],"types":["string"],"executionMS":0.0012509822845458984} []
[2023-10-24T18:06:31.464192+00:00] log.DEBUG: SELECT t0.codnum AS codnum_1, t0.usuario AS usuario_2, t0.nombre AS nombre_3, t0.clave AS clave_4, t0.nivel AS nivel_5, t0.activo AS activo_6, t0.email AS email_7, t0.perfil AS perfil_8 FROM usuarios t0 WHERE t0.usuario = ? AND t0.activo = ? LIMIT 1 {"params":["nahuelultr","1"],"types":["string","boolean"],"executionMS":0.0007040500640869141} []
[2023-10-24T18:06:31.464941+00:00] log.DEBUG: "START TRANSACTION" {"params":null,"types":null,"executionMS":0.0001990795135498047} []
[2023-10-24T18:06:31.465690+00:00] log.DEBUG: UPDATE usuarios SET perfil = ? WHERE codnum = ? {"params":["{\"LoginRetryCount\":0,\"LastBadLoginDateTime\":\"\",\"LastPasswordChangedDate\":\"2023\\/10\\/24\",\"codnum\":56,\"usuario\":\"nahuelultr\",\"nombre\":\"luciano gimenez\",\"nivel\":3,\"email\":\"gimenezausfet@hotmail.com\",\"perfil\":\"{\\\"LoginRetryCount\\\":0,\\\"LastBadLoginDateTime\\\":\\\"\\\",\\\"LastPasswordChangedDate\\\":\\\"2023\\\\\\/10\\\\\\/24\\\",\\\"LanguageId\\\":\\\"en\\\",\\\"codnum\\\":56,\\\"usuario\\\":\\\"nahuelultr\\\",\\\"nombre\\\":\\\"luciano gimenez\\\",\\\"nivel\\\":0,\\\"email\\\":\\\"gimenezausfet@hotmail.com\\\",\\\"perfil\\\":\\\"a:2:{s:23:\\\\\\\"LastPasswordChangedDate\\\\\\\";s:0:\\\\\\\"\\\\\\\";s:10:\\\\\\\"LanguageId\\\\\\\";s:2:\\\\\\\"en\\\\\\\";}\\\",\\\"activo\\\":1}\",\"activo\":1}",56],"types":["text","integer"],"executionMS":0.0006561279296875} []
[2023-10-24T18:06:31.474647+00:00] log.DEBUG: "COMMIT" {"params":null,"types":null,"executionMS":0.008847951889038086} []
[2023-10-24T18:06:31.475603+00:00] log.DEBUG: SELECT COUNT(*) FROM userlevels WHERE userlevelid = -2 {"params":[],"types":[],"executionMS":0.0006449222564697266} []
[2023-10-24T18:06:31.476138+00:00] log.DEBUG: SELECT userlevelid, userlevelname FROM userlevels {"params":[],"types":[],"executionMS":0.0004239082336425781} []
[2023-10-24T18:06:31.476648+00:00] log.DEBUG: SELECT COUNT(*) FROM userlevelpermissions WHERE userlevelid = -2 {"params":[],"types":[],"executionMS":0.00043487548828125} []
[2023-10-24T18:06:31.477508+00:00] log.DEBUG: SELECT tablename, userlevelid, permission FROM userlevelpermissions WHERE userlevelid IN (3) {"params":[],"types":[],"executionMS":0.0007441043853759766} []
[2023-10-24T18:06:31.665673+00:00] log.DEBUG: SHOW TABLE STATUS WHERE Engine = 'MyISAM' AND Name = 'userlevels' {"params":[],"types":[],"executionMS":0.0016629695892333984} []
[2023-10-24T18:06:31.803502+00:00] log.DEBUG: SELECT t0.codnum AS codnum_1, t0.usuario AS usuario_2, t0.nombre AS nombre_3, t0.clave AS clave_4, t0.nivel AS nivel_5, t0.activo AS activo_6, t0.email AS email_7, t0.perfil AS perfil_8 FROM usuarios t0 WHERE t0.usuario = ? LIMIT 1 {"params":["nahuelultr"],"types":["string"],"executionMS":0.0012459754943847656} []
[2023-10-24T18:06:32.089259+00:00] log.DEBUG: SELECT t0.codnum AS codnum_1, t0.usuario AS usuario_2, t0.nombre AS nombre_3, t0.clave AS clave_4, t0.nivel AS nivel_5, t0.activo AS activo_6, t0.email AS email_7, t0.perfil AS perfil_8 FROM usuarios t0 WHERE t0.usuario = ? LIMIT 1 {"params":["nahuelultr"],"types":["string"],"executionMS":0.0011019706726074219} []
[2023-10-24T18:06:32.325069+00:00] log.DEBUG: SELECT t0.codnum AS codnum_1, t0.usuario AS usuario_2, t0.nombre AS nombre_3, t0.clave AS clave_4, t0.nivel AS nivel_5, t0.activo AS activo_6, t0.email AS email_7, t0.perfil AS perfil_8 FROM usuarios t0 WHERE t0.usuario = ? LIMIT 1 {"params":["nahuelultr"],"types":["string"],"executionMS":0.0011761188507080078} []
[2023-10-24T18:06:32.605154+00:00] log.DEBUG: SELECT t0.codnum AS codnum_1, t0.usuario AS usuario_2, t0.nombre AS nombre_3, t0.clave AS clave_4, t0.nivel AS nivel_5, t0.activo AS activo_6, t0.email AS email_7, t0.perfil AS perfil_8 FROM usuarios t0 WHERE t0.usuario = ? LIMIT 1 {"params":["nahuelultr"],"types":["string"],"executionMS":0.0012259483337402344} []
[2023-10-24T18:06:32.852337+00:00] log.DEBUG: SELECT t0.codnum AS codnum_1, t0.usuario AS usuario_2, t0.nombre AS nombre_3, t0.clave AS clave_4, t0.nivel AS nivel_5, t0.activo AS activo_6, t0.email AS email_7, t0.perfil AS perfil_8 FROM usuarios t0 WHERE t0.usuario = ? LIMIT 1 {"params":["nahuelultr"],"types":["string"],"executionMS":0.0010538101196289062} []
[2023-10-24T18:06:33.251905+00:00] log.DEBUG: SELECT t0.codnum AS codnum_1, t0.usuario AS usuario_2, t0.nombre AS nombre_3, t0.clave AS clave_4, t0.nivel AS nivel_5, t0.activo AS activo_6, t0.email AS email_7, t0.perfil AS perfil_8 FROM usuarios t0 WHERE t0.usuario = ? LIMIT 1 {"params":["nahuelultr"],"types":["string"],"executionMS":0.0013790130615234375} []
[2023-10-24T18:06:33.484531+00:00] log.DEBUG: SELECT t0.codnum AS codnum_1, t0.usuario AS usuario_2, t0.nombre AS nombre_3, t0.clave AS clave_4, t0.nivel AS nivel_5, t0.activo AS activo_6, t0.email AS email_7, t0.perfil AS perfil_8 FROM usuarios t0 WHERE t0.usuario = ? LIMIT 1 {"params":["nahuelultr"],"types":["string"],"executionMS":0.0012030601501464844} []
[2023-10-24T18:06:33.738338+00:00] log.DEBUG: SELECT t0.codnum AS codnum_1, t0.usuario AS usuario_2, t0.nombre AS nombre_3, t0.clave AS clave_4, t0.nivel AS nivel_5, t0.activo AS activo_6, t0.email AS email_7, t0.perfil AS perfil_8 FROM usuarios t0 WHERE t0.usuario = ? LIMIT 1 {"params":["nahuelultr"],"types":["string"],"executionMS":0.0011899471282958984} []
[2023-10-24T18:06:34.064846+00:00] log.DEBUG: SELECT t0.codnum AS codnum_1, t0.usuario AS usuario_2, t0.nombre AS nombre_3, t0.clave AS clave_4, t0.nivel AS nivel_5, t0.activo AS activo_6, t0.email AS email_7, t0.perfil AS perfil_8 FROM usuarios t0 WHERE t0.usuario = ? LIMIT 1 {"params":["nahuelultr"],"types":["string"],"executionMS":0.0008559226989746094} []
[2023-10-24T18:06:35.617295+00:00] log.DEBUG: SELECT t0.codnum AS codnum_1, t0.usuario AS usuario_2, t0.nombre AS nombre_3, t0.clave AS clave_4, t0.nivel AS nivel_5, t0.activo AS activo_6, t0.email AS email_7, t0.perfil AS perfil_8 FROM usuarios t0 WHERE t0.usuario = ? LIMIT 1 {"params":["nahuelultr"],"types":["string"],"executionMS":0.0015130043029785156} []
[2023-10-24T18:06:35.847931+00:00] log.DEBUG: SELECT t0.codnum AS codnum_1, t0.usuario AS usuario_2, t0.nombre AS nombre_3, t0.clave AS clave_4, t0.nivel AS nivel_5, t0.activo AS activo_6, t0.email AS email_7, t0.perfil AS perfil_8 FROM usuarios t0 WHERE t0.usuario = ? LIMIT 1 {"params":["nahuelultr"],"types":["string"],"executionMS":0.0010581016540527344} []
[2023-10-24T18:06:50.064135+00:00] log.DEBUG: SELECT t0.codnum AS codnum_1, t0.usuario AS usuario_2, t0.nombre AS nombre_3, t0.clave AS clave_4, t0.nivel AS nivel_5, t0.activo AS activo_6, t0.email AS email_7, t0.perfil AS perfil_8 FROM usuarios t0 WHERE t0.usuario = ? LIMIT 1 {"params":["nahuelultr"],"types":["string"],"executionMS":0.001241922378540039} []
[2023-10-24T18:06:50.244545+00:00] log.DEBUG: SELECT COUNT(*) FROM userlevels WHERE userlevelid = -2 {"params":[],"types":[],"executionMS":0.000701904296875} []
[2023-10-24T18:06:50.245281+00:00] log.DEBUG: SELECT userlevelid, userlevelname FROM userlevels {"params":[],"types":[],"executionMS":0.000514984130859375} []
[2023-10-24T18:06:50.245970+00:00] log.DEBUG: SELECT COUNT(*) FROM userlevelpermissions WHERE userlevelid = -2 {"params":[],"types":[],"executionMS":0.0005719661712646484} []
[2023-10-24T18:06:50.246878+00:00] log.DEBUG: SELECT tablename, userlevelid, permission FROM userlevelpermissions WHERE userlevelid IN (-2) {"params":[],"types":[],"executionMS":0.0007321834564208984} []
[2023-10-24T18:06:50.249071+00:00] log.DEBUG: SHOW TABLE STATUS WHERE Engine = 'MyISAM' AND Name = 'usuarios' {"params":[],"types":[],"executionMS":0.0014340877532958984} []
[2023-10-24T18:07:45.920584+00:00] log.DEBUG: SELECT t0.codnum AS codnum_1, t0.usuario AS usuario_2, t0.nombre AS nombre_3, t0.clave AS clave_4, t0.nivel AS nivel_5, t0.activo AS activo_6, t0.email AS email_7, t0.perfil AS perfil_8 FROM usuarios t0 WHERE t0.usuario = ? LIMIT 1 {"params":["nahuelultr"],"types":["string"],"executionMS":0.001252889633178711} []
[2023-10-24T18:07:45.921955+00:00] log.DEBUG: SELECT t0.codnum AS codnum_1, t0.usuario AS usuario_2, t0.nombre AS nombre_3, t0.clave AS clave_4, t0.nivel AS nivel_5, t0.activo AS activo_6, t0.email AS email_7, t0.perfil AS perfil_8 FROM usuarios t0 WHERE t0.usuario = ? AND t0.activo = ? LIMIT 1 {"params":["nahuelultr","1"],"types":["string","boolean"],"executionMS":0.0009100437164306641} []
[2023-10-24T18:07:45.923078+00:00] log.DEBUG: SELECT COUNT(*) FROM userlevels WHERE userlevelid = -2 {"params":[],"types":[],"executionMS":0.0005090236663818359} []
[2023-10-24T18:07:45.923608+00:00] log.DEBUG: SELECT userlevelid, userlevelname FROM userlevels {"params":[],"types":[],"executionMS":0.0004258155822753906} []
[2023-10-24T18:07:45.924430+00:00] log.DEBUG: SELECT COUNT(*) FROM userlevelpermissions WHERE userlevelid = -2 {"params":[],"types":[],"executionMS":0.0007538795471191406} []
[2023-10-24T18:07:45.925574+00:00] log.DEBUG: SELECT tablename, userlevelid, permission FROM userlevelpermissions WHERE userlevelid IN (3) {"params":[],"types":[],"executionMS":0.0010488033294677734} []
[2023-10-24T18:07:46.156112+00:00] log.DEBUG: SELECT t0.codnum AS codnum_1, t0.usuario AS usuario_2, t0.nombre AS nombre_3, t0.clave AS clave_4, t0.nivel AS nivel_5, t0.activo AS activo_6, t0.email AS email_7, t0.perfil AS perfil_8 FROM usuarios t0 WHERE t0.usuario = ? LIMIT 1 {"params":["nahuelultr"],"types":["string"],"executionMS":0.0010089874267578125} []
[2023-10-24T18:17:52.884585+00:00] log.DEBUG: SELECT t0.codnum AS codnum_1, t0.usuario AS usuario_2, t0.nombre AS nombre_3, t0.clave AS clave_4, t0.nivel AS nivel_5, t0.activo AS activo_6, t0.email AS email_7, t0.perfil AS perfil_8 FROM usuarios t0 WHERE t0.usuario = ? LIMIT 1 {"params":["nahuelultr"],"types":["string"],"executionMS":0.0012209415435791016} []
[2023-10-24T18:18:19.588256+00:00] log.DEBUG: SELECT t0.codnum AS codnum_1, t0.usuario AS usuario_2, t0.nombre AS nombre_3, t0.clave AS clave_4, t0.nivel AS nivel_5, t0.activo AS activo_6, t0.email AS email_7, t0.perfil AS perfil_8 FROM usuarios t0 WHERE t0.usuario = ? LIMIT 1 {"params":["nahuelultr"],"types":["string"],"executionMS":0.0012030601501464844} []
[2023-10-24T18:21:51.523382+00:00] log.DEBUG: SELECT t0.codnum AS codnum_1, t0.usuario AS usuario_2, t0.nombre AS nombre_3, t0.clave AS clave_4, t0.nivel AS nivel_5, t0.activo AS activo_6, t0.email AS email_7, t0.perfil AS perfil_8 FROM usuarios t0 WHERE t0.usuario = ? LIMIT 1 {"params":["nahuelultr"],"types":["string"],"executionMS":0.0012979507446289062} []
[2023-10-24T18:22:16.648509+00:00] log.DEBUG: SELECT t0.codnum AS codnum_1, t0.usuario AS usuario_2, t0.nombre AS nombre_3, t0.clave AS clave_4, t0.nivel AS nivel_5, t0.activo AS activo_6, t0.email AS email_7, t0.perfil AS perfil_8 FROM usuarios t0 WHERE t0.usuario = ? LIMIT 1 {"params":["nahuelultr"],"types":["string"],"executionMS":0.0012729167938232422} []
[2023-10-24T18:22:18.801003+00:00] log.DEBUG: SELECT t0.codnum AS codnum_1, t0.usuario AS usuario_2, t0.nombre AS nombre_3, t0.clave AS clave_4, t0.nivel AS nivel_5, t0.activo AS activo_6, t0.email AS email_7, t0.perfil AS perfil_8 FROM usuarios t0 WHERE t0.usuario = ? LIMIT 1 {"params":["nahuelultr"],"types":["string"],"executionMS":0.0011830329895019531} []
[2023-10-24T18:38:22.995322+00:00] log.DEBUG: SELECT t0.codnum AS codnum_1, t0.usuario AS usuario_2, t0.nombre AS nombre_3, t0.clave AS clave_4, t0.nivel AS nivel_5, t0.activo AS activo_6, t0.email AS email_7, t0.perfil AS perfil_8 FROM usuarios t0 WHERE t0.usuario = ? LIMIT 1 {"params":["nahuelultr"],"types":["string"],"executionMS":0.0016398429870605469} []
[2023-10-24T18:38:34.490561+00:00] log.DEBUG: SELECT t0.codnum AS codnum_1, t0.usuario AS usuario_2, t0.nombre AS nombre_3, t0.clave AS clave_4, t0.nivel AS nivel_5, t0.activo AS activo_6, t0.email AS email_7, t0.perfil AS perfil_8 FROM usuarios t0 WHERE t0.usuario = ? LIMIT 1 {"params":["nahuelultr"],"types":["string"],"executionMS":0.0013079643249511719} []
[2023-10-24T18:38:34.645499+00:00] log.DEBUG: SELECT COUNT(*) FROM userlevels WHERE userlevelid = -2 {"params":[],"types":[],"executionMS":0.0008709430694580078} []
[2023-10-24T18:38:34.646578+00:00] log.DEBUG: SELECT userlevelid, userlevelname FROM userlevels {"params":[],"types":[],"executionMS":0.0007519721984863281} []
[2023-10-24T18:38:34.647183+00:00] log.DEBUG: SELECT COUNT(*) FROM userlevelpermissions WHERE userlevelid = -2 {"params":[],"types":[],"executionMS":0.0005071163177490234} []
[2023-10-24T18:38:34.647793+00:00] log.DEBUG: SELECT tablename, userlevelid, permission FROM userlevelpermissions WHERE userlevelid IN (-2) {"params":[],"types":[],"executionMS":0.0004799365997314453} []
[2023-10-24T18:38:34.650003+00:00] log.DEBUG: SHOW TABLE STATUS WHERE Engine = 'MyISAM' AND Name = 'usuarios' {"params":[],"types":[],"executionMS":0.001341104507446289} []
[2023-10-24T18:38:46.697359+00:00] log.DEBUG: SELECT t0.codnum AS codnum_1, t0.usuario AS usuario_2, t0.nombre AS nombre_3, t0.clave AS clave_4, t0.nivel AS nivel_5, t0.activo AS activo_6, t0.email AS email_7, t0.perfil AS perfil_8 FROM usuarios t0 WHERE t0.usuario = ? LIMIT 1 {"params":["nahuelultr"],"types":["string"],"executionMS":0.0011968612670898438} []
[2023-10-24T18:38:46.698509+00:00] log.DEBUG: SELECT t0.codnum AS codnum_1, t0.usuario AS usuario_2, t0.nombre AS nombre_3, t0.clave AS clave_4, t0.nivel AS nivel_5, t0.activo AS activo_6, t0.email AS email_7, t0.perfil AS perfil_8 FROM usuarios t0 WHERE t0.usuario = ? AND t0.activo = ? LIMIT 1 {"params":["nahuelultr","1"],"types":["string","boolean"],"executionMS":0.0006721019744873047} []
[2023-10-24T18:38:46.699936+00:00] log.DEBUG: SELECT COUNT(*) FROM userlevels WHERE userlevelid = -2 {"params":[],"types":[],"executionMS":0.0007750988006591797} []
[2023-10-24T18:38:46.700661+00:00] log.DEBUG: SELECT userlevelid, userlevelname FROM userlevels {"params":[],"types":[],"executionMS":0.0004699230194091797} []
[2023-10-24T18:38:46.701162+00:00] log.DEBUG: SELECT COUNT(*) FROM userlevelpermissions WHERE userlevelid = -2 {"params":[],"types":[],"executionMS":0.0004210472106933594} []
[2023-10-24T18:38:46.702138+00:00] log.DEBUG: SELECT tablename, userlevelid, permission FROM userlevelpermissions WHERE userlevelid IN (3) {"params":[],"types":[],"executionMS":0.0008409023284912109} []
[2023-10-24T18:38:46.942205+00:00] log.DEBUG: SELECT t0.codnum AS codnum_1, t0.usuario AS usuario_2, t0.nombre AS nombre_3, t0.clave AS clave_4, t0.nivel AS nivel_5, t0.activo AS activo_6, t0.email AS email_7, t0.perfil AS perfil_8 FROM usuarios t0 WHERE t0.usuario = ? LIMIT 1 {"params":["nahuelultr"],"types":["string"],"executionMS":0.0011348724365234375} []
[2023-10-24T19:02:28.209404+00:00] log.DEBUG: SHOW TABLE STATUS WHERE Engine = 'MyISAM' AND Name = 'remates' {"params":[],"types":[],"executionMS":0.0033249855041503906} []
[2023-10-24T19:02:28.227075+00:00] log.DEBUG: SELECT t0.codnum AS codnum_1, t0.usuario AS usuario_2, t0.nombre AS nombre_3, t0.clave AS clave_4, t0.nivel AS nivel_5, t0.activo AS activo_6, t0.email AS email_7, t0.perfil AS perfil_8 FROM usuarios t0 WHERE t0.usuario = ? LIMIT 1 {"params":["nahuelultr"],"types":["string"],"executionMS":0.0008718967437744141} []
[2023-10-24T19:02:28.231551+00:00] log.DEBUG: SHOW TABLE STATUS WHERE Engine = 'MyISAM' AND Name = 'tipcomp' {"params":[],"types":[],"executionMS":0.0014531612396240234} []
[2023-10-24T19:02:28.234346+00:00] log.DEBUG: SHOW TABLE STATUS WHERE Engine = 'MyISAM' AND Name = 'series' {"params":[],"types":[],"executionMS":0.0020940303802490234} []
[2023-10-24T19:02:28.242792+00:00] log.DEBUG: SHOW TABLE STATUS WHERE Engine = 'MyISAM' AND Name = 'entidades' {"params":[],"types":[],"executionMS":0.0013840198516845703} []
[2023-10-24T19:02:28.244765+00:00] log.DEBUG: SHOW TABLE STATUS WHERE Engine = 'MyISAM' AND Name = 'paises' {"params":[],"types":[],"executionMS":0.0011899471282958984} []
[2023-10-24T19:02:28.246536+00:00] log.DEBUG: SHOW TABLE STATUS WHERE Engine = 'MyISAM' AND Name = 'provincias' {"params":[],"types":[],"executionMS":0.0014030933380126953} []
[2023-10-24T19:02:28.248044+00:00] log.DEBUG: SHOW TABLE STATUS WHERE Engine = 'MyISAM' AND Name = 'localidades' {"params":[],"types":[],"executionMS":0.0011250972747802734} []
[2023-10-24T19:02:28.249889+00:00] log.DEBUG: SELECT COUNT(*) FROM remates {"params":[],"types":[],"executionMS":0.0009839534759521484} []
[2023-10-24T19:02:28.251093+00:00] log.DEBUG: SELECT * FROM remates ORDER BY `ncomp` DESC LIMIT 20 {"params":[],"types":[],"executionMS":0.0009539127349853516} []
[2023-10-24T19:02:28.265360+00:00] log.DEBUG: SHOW TABLE STATUS WHERE Engine = 'MyISAM' AND Name = 'lotes' {"params":[],"types":[],"executionMS":0.0017430782318115234} []
[2023-10-24T19:02:28.267687+00:00] log.DEBUG: SELECT COUNT(*) FROM lotes WHERE `codrem` = NULL {"params":[],"types":[],"executionMS":0.0016589164733886719} []
[2023-10-24T19:02:28.281962+00:00] log.DEBUG: SELECT COUNT(*) FROM lotes WHERE `codrem` = NULL {"params":[],"types":[],"executionMS":0.0017349720001220703} []
[2023-10-24T19:02:28.283980+00:00] log.DEBUG: SELECT `codnum` AS `lf`, `descripcion` AS `df`, '' AS `df2`, '' AS `df3`, '' AS `df4` FROM tipcomp WHERE `codnum` = 4 AND `codnum` = 4 ORDER BY `descripcion` ASC {"params":[],"types":[],"executionMS":0.0007100105285644531} []
[2023-10-24T19:02:28.284885+00:00] log.DEBUG: SELECT `codnum` AS `lf`, `descripcion` AS `df`, '' AS `df2`, '' AS `df3`, '' AS `df4` FROM series WHERE `codnum` = 4 AND `codnum` = 4 ORDER BY `descripcion` ASC {"params":[],"types":[],"executionMS":0.0004649162292480469} []
[2023-10-24T19:02:28.285753+00:00] log.DEBUG: SELECT `codnum` AS `lf`, `razsoc` AS `df`, '' AS `df2`, '' AS `df3`, '' AS `df4` FROM entidades WHERE `codnum` = 940 AND `tipoent` = 1 ORDER BY `razsoc` ASC {"params":[],"types":[],"executionMS":0.0004909038543701172} []
[2023-10-24T19:02:28.286475+00:00] log.DEBUG: SELECT `codnum` AS `lf`, `descripcion` AS `df`, '' AS `df2`, '' AS `df3`, '' AS `df4` FROM paises WHERE `codnum` = 1 ORDER BY `descripcion` ASC {"params":[],"types":[],"executionMS":0.00043582916259765625} []
[2023-10-24T19:02:28.287318+00:00] log.DEBUG: SELECT `codnum` AS `lf`, `descripcion` AS `df`, '' AS `df2`, '' AS `df3`, '' AS `df4` FROM provincias WHERE `codnum` = 2 ORDER BY `descripcion` ASC {"params":[],"types":[],"executionMS":0.00046706199645996094} []
[2023-10-24T19:02:28.288065+00:00] log.DEBUG: SELECT `codnum` AS `lf`, `descripcion` AS `df`, '' AS `df2`, '' AS `df3`, '' AS `df4` FROM localidades WHERE `codnum` = 413 ORDER BY `descripcion` ASC {"params":[],"types":[],"executionMS":0.0005209445953369141} []
[2023-10-24T19:02:28.290650+00:00] log.DEBUG: SELECT COUNT(*) FROM lotes WHERE `codrem` = 187 {"params":[],"types":[],"executionMS":0.0013959407806396484} []
[2023-10-24T19:02:28.292290+00:00] log.DEBUG: SELECT COUNT(*) FROM lotes WHERE `codrem` = 187 {"params":[],"types":[],"executionMS":0.0012569427490234375} []
[2023-10-24T19:02:28.296479+00:00] log.DEBUG: SELECT COUNT(*) FROM lotes WHERE `codrem` = 186 {"params":[],"types":[],"executionMS":0.0015451908111572266} []
[2023-10-24T19:02:28.298155+00:00] log.DEBUG: SELECT COUNT(*) FROM lotes WHERE `codrem` = 186 {"params":[],"types":[],"executionMS":0.0012230873107910156} []
[2023-10-24T19:02:28.302046+00:00] log.DEBUG: SELECT COUNT(*) FROM lotes WHERE `codrem` = 185 {"params":[],"types":[],"executionMS":0.001522064208984375} []
[2023-10-24T19:02:28.303739+00:00] log.DEBUG: SELECT COUNT(*) FROM lotes WHERE `codrem` = 185 {"params":[],"types":[],"executionMS":0.0012900829315185547} []
[2023-10-24T19:02:28.307650+00:00] log.DEBUG: SELECT COUNT(*) FROM lotes WHERE `codrem` = 184 {"params":[],"types":[],"executionMS":0.0015017986297607422} []
[2023-10-24T19:02:28.309435+00:00] log.DEBUG: SELECT COUNT(*) FROM lotes WHERE `codrem` = 184 {"params":[],"types":[],"executionMS":0.0014078617095947266} []
[2023-10-24T19:02:28.313402+00:00] log.DEBUG: SELECT COUNT(*) FROM lotes WHERE `codrem` = 183 {"params":[],"types":[],"executionMS":0.0016520023345947266} []
[2023-10-24T19:02:28.315128+00:00] log.DEBUG: SELECT COUNT(*) FROM lotes WHERE `codrem` = 183 {"params":[],"types":[],"executionMS":0.0013561248779296875} []
[2023-10-24T19:02:28.317354+00:00] log.DEBUG: SELECT `codnum` AS `lf`, `razsoc` AS `df`, '' AS `df2`, '' AS `df3`, '' AS `df4` FROM entidades WHERE `codnum` = 1207 AND `tipoent` = 1 ORDER BY `razsoc` ASC {"params":[],"types":[],"executionMS":0.0006949901580810547} []
[2023-10-24T19:02:28.320597+00:00] log.DEBUG: SELECT COUNT(*) FROM lotes WHERE `codrem` = 182 {"params":[],"types":[],"executionMS":0.001950979232788086} []
[2023-10-24T19:02:28.322271+00:00] log.DEBUG: SELECT COUNT(*) FROM lotes WHERE `codrem` = 182 {"params":[],"types":[],"executionMS":0.0013000965118408203} []
[2023-10-24T19:02:28.326112+00:00] log.DEBUG: SELECT COUNT(*) FROM lotes WHERE `codrem` = 181 {"params":[],"types":[],"executionMS":0.001538991928100586} []
[2023-10-24T19:02:28.327731+00:00] log.DEBUG: SELECT COUNT(*) FROM lotes WHERE `codrem` = 181 {"params":[],"types":[],"executionMS":0.0012350082397460938} []
[2023-10-24T19:02:28.331630+00:00] log.DEBUG: SELECT COUNT(*) FROM lotes WHERE `codrem` = 180 {"params":[],"types":[],"executionMS":0.0016369819641113281} []
[2023-10-24T19:02:28.333296+00:00] log.DEBUG: SELECT COUNT(*) FROM lotes WHERE `codrem` = 180 {"params":[],"types":[],"executionMS":0.0012979507446289062} []
[2023-10-24T19:02:28.337171+00:00] log.DEBUG: SELECT COUNT(*) FROM lotes WHERE `codrem` = 179 {"params":[],"types":[],"executionMS":0.0015749931335449219} []
[2023-10-24T19:02:28.338840+00:00] log.DEBUG: SELECT COUNT(*) FROM lotes WHERE `codrem` = 179 {"params":[],"types":[],"executionMS":0.001291036605834961} []
[2023-10-24T19:02:28.342693+00:00] log.DEBUG: SELECT COUNT(*) FROM lotes WHERE `codrem` = 178 {"params":[],"types":[],"executionMS":0.0016188621520996094} []
[2023-10-24T19:02:28.344345+00:00] log.DEBUG: SELECT COUNT(*) FROM lotes WHERE `codrem` = 178 {"params":[],"types":[],"executionMS":0.001271963119506836} []
[2023-10-24T19:02:28.348227+00:00] log.DEBUG: SELECT COUNT(*) FROM lotes WHERE `codrem` = 177 {"params":[],"types":[],"executionMS":0.001608133316040039} []
[2023-10-24T19:02:28.349935+00:00] log.DEBUG: SELECT COUNT(*) FROM lotes WHERE `codrem` = 177 {"params":[],"types":[],"executionMS":0.0013289451599121094} []
[2023-10-24T19:02:28.352329+00:00] log.DEBUG: SELECT `codnum` AS `lf`, `razsoc` AS `df`, '' AS `df2`, '' AS `df3`, '' AS `df4` FROM entidades WHERE `codnum` = 15946 AND `tipoent` = 1 ORDER BY `razsoc` ASC {"params":[],"types":[],"executionMS":0.0008680820465087891} []
[2023-10-24T19:02:28.355591+00:00] log.DEBUG: SELECT COUNT(*) FROM lotes WHERE `codrem` = 176 {"params":[],"types":[],"executionMS":0.0015571117401123047} []
[2023-10-24T19:02:28.357304+00:00] log.DEBUG: SELECT COUNT(*) FROM lotes WHERE `codrem` = 176 {"params":[],"types":[],"executionMS":0.0013380050659179688} []
[2023-10-24T19:02:28.361171+00:00] log.DEBUG: SELECT COUNT(*) FROM lotes WHERE `codrem` = 175 {"params":[],"types":[],"executionMS":0.0014989376068115234} []
[2023-10-24T19:02:28.362894+00:00] log.DEBUG: SELECT COUNT(*) FROM lotes WHERE `codrem` = 175 {"params":[],"types":[],"executionMS":0.0013480186462402344} []
[2023-10-24T19:02:28.366790+00:00] log.DEBUG: SELECT COUNT(*) FROM lotes WHERE `codrem` = 174 {"params":[],"types":[],"executionMS":0.0016341209411621094} []
[2023-10-24T19:02:28.368421+00:00] log.DEBUG: SELECT COUNT(*) FROM lotes WHERE `codrem` = 174 {"params":[],"types":[],"executionMS":0.0012590885162353516} []
[2023-10-24T19:02:28.372110+00:00] log.DEBUG: SELECT COUNT(*) FROM lotes WHERE `codrem` = 173 {"params":[],"types":[],"executionMS":0.0014050006866455078} []
[2023-10-24T19:02:28.373786+00:00] log.DEBUG: SELECT COUNT(*) FROM lotes WHERE `codrem` = 173 {"params":[],"types":[],"executionMS":0.0013051033020019531} []
[2023-10-24T19:02:28.375907+00:00] log.DEBUG: SELECT `codnum` AS `lf`, `razsoc` AS `df`, '' AS `df2`, '' AS `df3`, '' AS `df4` FROM entidades WHERE `codnum` = 16094 AND `tipoent` = 1 ORDER BY `razsoc` ASC {"params":[],"types":[],"executionMS":0.0005939006805419922} []
[2023-10-24T19:02:28.379192+00:00] log.DEBUG: SELECT COUNT(*) FROM lotes WHERE `codrem` = 172 {"params":[],"types":[],"executionMS":0.001531839370727539} []
[2023-10-24T19:02:28.380872+00:00] log.DEBUG: SELECT COUNT(*) FROM lotes WHERE `codrem` = 172 {"params":[],"types":[],"executionMS":0.0013120174407958984} []
[2023-10-24T19:02:28.384598+00:00] log.DEBUG: SELECT COUNT(*) FROM lotes WHERE `codrem` = 171 {"params":[],"types":[],"executionMS":0.0014369487762451172} []
[2023-10-24T19:02:28.386270+00:00] log.DEBUG: SELECT COUNT(*) FROM lotes WHERE `codrem` = 171 {"params":[],"types":[],"executionMS":0.0013051033020019531} []
[2023-10-24T19:02:28.390137+00:00] log.DEBUG: SELECT COUNT(*) FROM lotes WHERE `codrem` = 170 {"params":[],"types":[],"executionMS":0.001458883285522461} []
[2023-10-24T19:02:28.391979+00:00] log.DEBUG: SELECT COUNT(*) FROM lotes WHERE `codrem` = 170 {"params":[],"types":[],"executionMS":0.0014650821685791016} []
[2023-10-24T19:02:28.394392+00:00] log.DEBUG: SELECT `codnum` AS `lf`, `razsoc` AS `df`, '' AS `df2`, '' AS `df3`, '' AS `df4` FROM entidades WHERE `codnum` = 10249 AND `tipoent` = 1 ORDER BY `razsoc` ASC {"params":[],"types":[],"executionMS":0.0008008480072021484} []
[2023-10-24T19:02:28.397277+00:00] log.DEBUG: SELECT COUNT(*) FROM lotes WHERE `codrem` = 169 {"params":[],"types":[],"executionMS":0.0016322135925292969} []
[2023-10-24T19:02:28.399223+00:00] log.DEBUG: SELECT COUNT(*) FROM lotes WHERE `codrem` = 169 {"params":[],"types":[],"executionMS":0.0014770030975341797} []
[2023-10-24T19:02:28.401477+00:00] log.DEBUG: SELECT `codnum` AS `lf`, `razsoc` AS `df`, '' AS `df2`, '' AS `df3`, '' AS `df4` FROM entidades WHERE `codnum` = 12156 AND `tipoent` = 1 ORDER BY `razsoc` ASC {"params":[],"types":[],"executionMS":0.000698089599609375} []
[2023-10-24T19:02:28.404777+00:00] log.DEBUG: SELECT COUNT(*) FROM lotes WHERE `codrem` = 168 {"params":[],"types":[],"executionMS":0.0015490055084228516} []
[2023-10-24T19:02:28.406456+00:00] log.DEBUG: SELECT COUNT(*) FROM lotes WHERE `codrem` = 168 {"params":[],"types":[],"executionMS":0.001316070556640625} []
[2023-10-24T19:39:56.239222+00:00] log.DEBUG: SELECT COUNT(*) FROM userlevels WHERE userlevelid = -2 {"params":[],"types":[],"executionMS":0.0010838508605957031} []
[2023-10-24T19:39:56.240709+00:00] log.DEBUG: SELECT userlevelid, userlevelname FROM userlevels {"params":[],"types":[],"executionMS":0.0010609626770019531} []
[2023-10-24T19:39:56.241624+00:00] log.DEBUG: SELECT COUNT(*) FROM userlevelpermissions WHERE userlevelid = -2 {"params":[],"types":[],"executionMS":0.0007698535919189453} []
[2023-10-24T19:39:56.242432+00:00] log.DEBUG: SELECT tablename, userlevelid, permission FROM userlevelpermissions WHERE userlevelid IN (-2) {"params":[],"types":[],"executionMS":0.0006902217864990234} []
[2023-10-24T19:39:56.245567+00:00] log.DEBUG: SHOW TABLE STATUS WHERE Engine = 'MyISAM' AND Name = 'usuarios' {"params":[],"types":[],"executionMS":0.0021240711212158203} []
[2023-10-24T19:39:56.358088+00:00] log.DEBUG: SELECT COUNT(*) FROM userlevels WHERE userlevelid = -2 {"params":[],"types":[],"executionMS":0.0007708072662353516} []
[2023-10-24T19:39:56.359137+00:00] log.DEBUG: SELECT userlevelid, userlevelname FROM userlevels {"params":[],"types":[],"executionMS":0.0007951259613037109} []
[2023-10-24T19:39:56.360051+00:00] log.DEBUG: SELECT COUNT(*) FROM userlevelpermissions WHERE userlevelid = -2 {"params":[],"types":[],"executionMS":0.0006918907165527344} []
[2023-10-24T19:39:56.360852+00:00] log.DEBUG: SELECT tablename, userlevelid, permission FROM userlevelpermissions WHERE userlevelid IN (-2) {"params":[],"types":[],"executionMS":0.0006659030914306641} []
[2023-10-24T19:39:56.363827+00:00] log.DEBUG: SHOW TABLE STATUS WHERE Engine = 'MyISAM' AND Name = 'usuarios' {"params":[],"types":[],"executionMS":0.0020699501037597656} []
[2023-10-24T20:03:00.502937+00:00] log.DEBUG: SELECT COUNT(*) FROM userlevels WHERE userlevelid = -2 {"params":[],"types":[],"executionMS":0.0007760524749755859} []
[2023-10-24T20:03:00.503805+00:00] log.DEBUG: SELECT userlevelid, userlevelname FROM userlevels {"params":[],"types":[],"executionMS":0.0006308555603027344} []
[2023-10-24T20:03:00.504386+00:00] log.DEBUG: SELECT COUNT(*) FROM userlevelpermissions WHERE userlevelid = -2 {"params":[],"types":[],"executionMS":0.000492095947265625} []
[2023-10-24T20:03:00.505055+00:00] log.DEBUG: SELECT tablename, userlevelid, permission FROM userlevelpermissions WHERE userlevelid IN (-2) {"params":[],"types":[],"executionMS":0.0005381107330322266} []
[2023-10-24T20:03:00.507129+00:00] log.DEBUG: SHOW TABLE STATUS WHERE Engine = 'MyISAM' AND Name = 'usuarios' {"params":[],"types":[],"executionMS":0.0013818740844726562} []
[2023-10-24T20:12:15.844691+00:00] log.DEBUG: SELECT t0.codnum AS codnum_1, t0.usuario AS usuario_2, t0.nombre AS nombre_3, t0.clave AS clave_4, t0.nivel AS nivel_5, t0.activo AS activo_6, t0.email AS email_7, t0.perfil AS perfil_8 FROM usuarios t0 WHERE t0.usuario = ? LIMIT 1 {"params":["RICARDOC"],"types":["string"],"executionMS":0.0013158321380615234} []
[2023-10-24T20:12:15.846032+00:00] log.DEBUG: SELECT COUNT(*) FROM userlevels WHERE userlevelid = -2 {"params":[],"types":[],"executionMS":0.0007960796356201172} []
[2023-10-24T20:12:15.846667+00:00] log.DEBUG: SELECT userlevelid, userlevelname FROM userlevels {"params":[],"types":[],"executionMS":0.0004930496215820312} []
[2023-10-24T20:12:15.847277+00:00] log.DEBUG: SELECT COUNT(*) FROM userlevelpermissions WHERE userlevelid = -2 {"params":[],"types":[],"executionMS":0.0005049705505371094} []
[2023-10-24T20:12:15.849449+00:00] log.DEBUG: SELECT tablename, userlevelid, permission FROM userlevelpermissions {"params":[],"types":[],"executionMS":0.002087116241455078} []
[2023-10-24T20:12:16.102215+00:00] log.DEBUG: SELECT t0.codnum AS codnum_1, t0.usuario AS usuario_2, t0.nombre AS nombre_3, t0.clave AS clave_4, t0.nivel AS nivel_5, t0.activo AS activo_6, t0.email AS email_7, t0.perfil AS perfil_8 FROM usuarios t0 WHERE t0.usuario = ? LIMIT 1 {"params":["Administrator"],"types":["string"],"executionMS":0.0014188289642333984} []
[2023-10-24T20:12:20.793119+00:00] log.DEBUG: SHOW TABLE STATUS WHERE Engine = 'MyISAM' AND Name = 'remates' {"params":[],"types":[],"executionMS":0.001714944839477539} []
[2023-10-24T20:12:20.812649+00:00] log.DEBUG: SELECT t0.codnum AS codnum_1, t0.usuario AS usuario_2, t0.nombre AS nombre_3, t0.clave AS clave_4, t0.nivel AS nivel_5, t0.activo AS activo_6, t0.email AS email_7, t0.perfil AS perfil_8 FROM usuarios t0 WHERE t0.usuario = ? LIMIT 1 {"params":["Administrator"],"types":["string"],"executionMS":0.0010480880737304688} []
[2023-10-24T20:12:20.821953+00:00] log.DEBUG: SHOW TABLE STATUS WHERE Engine = 'MyISAM' AND Name = 'tipcomp' {"params":[],"types":[],"executionMS":0.0017240047454833984} []
[2023-10-24T20:12:20.828730+00:00] log.DEBUG: SHOW TABLE STATUS WHERE Engine = 'MyISAM' AND Name = 'series' {"params":[],"types":[],"executionMS":0.0016698837280273438} []
[2023-10-24T20:12:20.837415+00:00] log.DEBUG: SHOW TABLE STATUS WHERE Engine = 'MyISAM' AND Name = 'entidades' {"params":[],"types":[],"executionMS":0.0015990734100341797} []
[2023-10-24T20:12:20.843106+00:00] log.DEBUG: SHOW TABLE STATUS WHERE Engine = 'MyISAM' AND Name = 'paises' {"params":[],"types":[],"executionMS":0.0014379024505615234} []
[2023-10-24T20:12:20.848710+00:00] log.DEBUG: SHOW TABLE STATUS WHERE Engine = 'MyISAM' AND Name = 'provincias' {"params":[],"types":[],"executionMS":0.0014731884002685547} []
[2023-10-24T20:12:20.854680+00:00] log.DEBUG: SHOW TABLE STATUS WHERE Engine = 'MyISAM' AND Name = 'localidades' {"params":[],"types":[],"executionMS":0.001605987548828125} []
[2023-10-24T20:12:20.856647+00:00] log.DEBUG: SELECT COUNT(*) FROM remates {"params":[],"types":[],"executionMS":0.0012137889862060547} []
[2023-10-24T20:12:20.857997+00:00] log.DEBUG: SELECT * FROM remates ORDER BY `ncomp` DESC LIMIT 20 {"params":[],"types":[],"executionMS":0.0011188983917236328} []
[2023-10-24T20:12:20.872722+00:00] log.DEBUG: SHOW TABLE STATUS WHERE Engine = 'MyISAM' AND Name = 'lotes' {"params":[],"types":[],"executionMS":0.00179290771484375} []
[2023-10-24T20:12:20.874947+00:00] log.DEBUG: SELECT COUNT(*) FROM lotes WHERE `codrem` = NULL {"params":[],"types":[],"executionMS":0.001566171646118164} []
[2023-10-24T20:12:20.888786+00:00] log.DEBUG: SELECT COUNT(*) FROM lotes WHERE `codrem` = NULL {"params":[],"types":[],"executionMS":0.001806020736694336} []
[2023-10-24T20:12:20.891061+00:00] log.DEBUG: SELECT `codnum` AS `lf`, `descripcion` AS `df`, '' AS `df2`, '' AS `df3`, '' AS `df4` FROM tipcomp WHERE `codnum` = 4 AND `codnum` = 4 ORDER BY `descripcion` ASC {"params":[],"types":[],"executionMS":0.0010728836059570312} []
[2023-10-24T20:12:20.892019+00:00] log.DEBUG: SELECT `codnum` AS `lf`, `descripcion` AS `df`, '' AS `df2`, '' AS `df3`, '' AS `df4` FROM series WHERE `codnum` = 4 AND `codnum` = 4 ORDER BY `descripcion` ASC {"params":[],"types":[],"executionMS":0.0005521774291992188} []
[2023-10-24T20:12:20.894026+00:00] log.DEBUG: SELECT `codnum` AS `lf`, `razsoc` AS `df`, '' AS `df2`, '' AS `df3`, '' AS `df4` FROM entidades WHERE `codnum` = 940 AND `tipoent` = 1 ORDER BY `razsoc` ASC {"params":[],"types":[],"executionMS":0.0016131401062011719} []
[2023-10-24T20:12:20.894948+00:00] log.DEBUG: SELECT `codnum` AS `lf`, `descripcion` AS `df`, '' AS `df2`, '' AS `df3`, '' AS `df4` FROM paises WHERE `codnum` = 1 ORDER BY `descripcion` ASC {"params":[],"types":[],"executionMS":0.0005879402160644531} []
[2023-10-24T20:12:20.895716+00:00] log.DEBUG: SELECT `codnum` AS `lf`, `descripcion` AS `df`, '' AS `df2`, '' AS `df3`, '' AS `df4` FROM provincias WHERE `codnum` = 2 ORDER BY `descripcion` ASC {"params":[],"types":[],"executionMS":0.0005249977111816406} []
[2023-10-24T20:12:20.896439+00:00] log.DEBUG: SELECT `codnum` AS `lf`, `descripcion` AS `df`, '' AS `df2`, '' AS `df3`, '' AS `df4` FROM localidades WHERE `codnum` = 413 ORDER BY `descripcion` ASC {"params":[],"types":[],"executionMS":0.00049591064453125} []
[2023-10-24T20:12:20.898712+00:00] log.DEBUG: SELECT COUNT(*) FROM lotes WHERE `codrem` = 187 {"params":[],"types":[],"executionMS":0.001325845718383789} []
[2023-10-24T20:12:20.900254+00:00] log.DEBUG: SELECT COUNT(*) FROM lotes WHERE `codrem` = 187 {"params":[],"types":[],"executionMS":0.00127410888671875} []
[2023-10-24T20:12:20.904356+00:00] log.DEBUG: SELECT COUNT(*) FROM lotes WHERE `codrem` = 186 {"params":[],"types":[],"executionMS":0.001516103744506836} []
[2023-10-24T20:12:20.905788+00:00] log.DEBUG: SELECT COUNT(*) FROM lotes WHERE `codrem` = 186 {"params":[],"types":[],"executionMS":0.0012028217315673828} []
[2023-10-24T20:12:20.909884+00:00] log.DEBUG: SELECT COUNT(*) FROM lotes WHERE `codrem` = 185 {"params":[],"types":[],"executionMS":0.0017499923706054688} []
[2023-10-24T20:12:20.911499+00:00] log.DEBUG: SELECT COUNT(*) FROM lotes WHERE `codrem` = 185 {"params":[],"types":[],"executionMS":0.0013549327850341797} []
[2023-10-24T20:12:20.915701+00:00] log.DEBUG: SELECT COUNT(*) FROM lotes WHERE `codrem` = 184 {"params":[],"types":[],"executionMS":0.0018429756164550781} []
[2023-10-24T20:12:20.917263+00:00] log.DEBUG: SELECT COUNT(*) FROM lotes WHERE `codrem` = 184 {"params":[],"types":[],"executionMS":0.0013179779052734375} []
[2023-10-24T20:12:20.921141+00:00] log.DEBUG: SELECT COUNT(*) FROM lotes WHERE `codrem` = 183 {"params":[],"types":[],"executionMS":0.0014579296112060547} []
[2023-10-24T20:12:20.922784+00:00] log.DEBUG: SELECT COUNT(*) FROM lotes WHERE `codrem` = 183 {"params":[],"types":[],"executionMS":0.0013980865478515625} []
[2023-10-24T20:12:20.925371+00:00] log.DEBUG: SELECT `codnum` AS `lf`, `razsoc` AS `df`, '' AS `df2`, '' AS `df3`, '' AS `df4` FROM entidades WHERE `codnum` = 1207 AND `tipoent` = 1 ORDER BY `razsoc` ASC {"params":[],"types":[],"executionMS":0.0009589195251464844} []
[2023-10-24T20:12:20.928955+00:00] log.DEBUG: SELECT COUNT(*) FROM lotes WHERE `codrem` = 182 {"params":[],"types":[],"executionMS":0.0023348331451416016} []
[2023-10-24T20:12:20.931396+00:00] log.DEBUG: SELECT COUNT(*) FROM lotes WHERE `codrem` = 182 {"params":[],"types":[],"executionMS":0.002187967300415039} []
[2023-10-24T20:12:20.935803+00:00] log.DEBUG: SELECT COUNT(*) FROM lotes WHERE `codrem` = 181 {"params":[],"types":[],"executionMS":0.0020439624786376953} []
[2023-10-24T20:12:20.937340+00:00] log.DEBUG: SELECT COUNT(*) FROM lotes WHERE `codrem` = 181 {"params":[],"types":[],"executionMS":0.0012900829315185547} []
[2023-10-24T20:12:20.941565+00:00] log.DEBUG: SELECT COUNT(*) FROM lotes WHERE `codrem` = 180 {"params":[],"types":[],"executionMS":0.00180816650390625} []
[2023-10-24T20:12:20.943178+00:00] log.DEBUG: SELECT COUNT(*) FROM lotes WHERE `codrem` = 180 {"params":[],"types":[],"executionMS":0.0013649463653564453} []
[2023-10-24T20:12:20.947340+00:00] log.DEBUG: SELECT COUNT(*) FROM lotes WHERE `codrem` = 179 {"params":[],"types":[],"executionMS":0.0018031597137451172} []
[2023-10-24T20:12:20.948915+00:00] log.DEBUG: SELECT COUNT(*) FROM lotes WHERE `codrem` = 179 {"params":[],"types":[],"executionMS":0.0013308525085449219} []
[2023-10-24T20:12:20.952813+00:00] log.DEBUG: SELECT COUNT(*) FROM lotes WHERE `codrem` = 178 {"params":[],"types":[],"executionMS":0.0016579627990722656} []
[2023-10-24T20:12:20.954480+00:00] log.DEBUG: SELECT COUNT(*) FROM lotes WHERE `codrem` = 178 {"params":[],"types":[],"executionMS":0.0014209747314453125} []
[2023-10-24T20:12:20.958429+00:00] log.DEBUG: SELECT COUNT(*) FROM lotes WHERE `codrem` = 177 {"params":[],"types":[],"executionMS":0.001538991928100586} []
[2023-10-24T20:12:20.960299+00:00] log.DEBUG: SELECT COUNT(*) FROM lotes WHERE `codrem` = 177 {"params":[],"types":[],"executionMS":0.0012848377227783203} []
[2023-10-24T20:12:20.962599+00:00] log.DEBUG: SELECT `codnum` AS `lf`, `razsoc` AS `df`, '' AS `df2`, '' AS `df3`, '' AS `df4` FROM entidades WHERE `codnum` = 15946 AND `tipoent` = 1 ORDER BY `razsoc` ASC {"params":[],"types":[],"executionMS":0.0006420612335205078} []
[2023-10-24T20:12:20.965825+00:00] log.DEBUG: SELECT COUNT(*) FROM lotes WHERE `codrem` = 176 {"params":[],"types":[],"executionMS":0.0015251636505126953} []
[2023-10-24T20:12:20.967383+00:00] log.DEBUG: SELECT COUNT(*) FROM lotes WHERE `codrem` = 176 {"params":[],"types":[],"executionMS":0.0013320446014404297} []
[2023-10-24T20:12:20.971511+00:00] log.DEBUG: SELECT COUNT(*) FROM lotes WHERE `codrem` = 175 {"params":[],"types":[],"executionMS":0.0018389225006103516} []
[2023-10-24T20:12:20.973324+00:00] log.DEBUG: SELECT COUNT(*) FROM lotes WHERE `codrem` = 175 {"params":[],"types":[],"executionMS":0.0015690326690673828} []
[2023-10-24T20:12:20.977420+00:00] log.DEBUG: SELECT COUNT(*) FROM lotes WHERE `codrem` = 174 {"params":[],"types":[],"executionMS":0.001798868179321289} []
[2023-10-24T20:12:20.978958+00:00] log.DEBUG: SELECT COUNT(*) FROM lotes WHERE `codrem` = 174 {"params":[],"types":[],"executionMS":0.0012960433959960938} []
[2023-10-24T20:12:20.983420+00:00] log.DEBUG: SELECT COUNT(*) FROM lotes WHERE `codrem` = 173 {"params":[],"types":[],"executionMS":0.002095937728881836} []
[2023-10-24T20:12:20.985084+00:00] log.DEBUG: SELECT COUNT(*) FROM lotes WHERE `codrem` = 173 {"params":[],"types":[],"executionMS":0.0014200210571289062} []
[2023-10-24T20:12:20.987868+00:00] log.DEBUG: SELECT `codnum` AS `lf`, `razsoc` AS `df`, '' AS `df2`, '' AS `df3`, '' AS `df4` FROM entidades WHERE `codnum` = 16094 AND `tipoent` = 1 ORDER BY `razsoc` ASC {"params":[],"types":[],"executionMS":0.0011441707611083984} []
[2023-10-24T20:12:20.991166+00:00] log.DEBUG: SELECT COUNT(*) FROM lotes WHERE `codrem` = 172 {"params":[],"types":[],"executionMS":0.0016510486602783203} []
[2023-10-24T20:12:20.992671+00:00] log.DEBUG: SELECT COUNT(*) FROM lotes WHERE `codrem` = 172 {"params":[],"types":[],"executionMS":0.0012600421905517578} []
[2023-10-24T20:12:20.997135+00:00] log.DEBUG: SELECT COUNT(*) FROM lotes WHERE `codrem` = 171 {"params":[],"types":[],"executionMS":0.0021288394927978516} []
[2023-10-24T20:12:20.998662+00:00] log.DEBUG: SELECT COUNT(*) FROM lotes WHERE `codrem` = 171 {"params":[],"types":[],"executionMS":0.0012979507446289062} []
[2023-10-24T20:12:21.003157+00:00] log.DEBUG: SELECT COUNT(*) FROM lotes WHERE `codrem` = 170 {"params":[],"types":[],"executionMS":0.0023059844970703125} []
[2023-10-24T20:12:21.005680+00:00] log.DEBUG: SELECT COUNT(*) FROM lotes WHERE `codrem` = 170 {"params":[],"types":[],"executionMS":0.0022611618041992188} []
[2023-10-24T20:12:21.008393+00:00] log.DEBUG: SELECT `codnum` AS `lf`, `razsoc` AS `df`, '' AS `df2`, '' AS `df3`, '' AS `df4` FROM entidades WHERE `codnum` = 10249 AND `tipoent` = 1 ORDER BY `razsoc` ASC {"params":[],"types":[],"executionMS":0.0007340908050537109} []
[2023-10-24T20:12:21.011148+00:00] log.DEBUG: SELECT COUNT(*) FROM lotes WHERE `codrem` = 169 {"params":[],"types":[],"executionMS":0.0015439987182617188} []
[2023-10-24T20:12:21.012635+00:00] log.DEBUG: SELECT COUNT(*) FROM lotes WHERE `codrem` = 169 {"params":[],"types":[],"executionMS":0.0012509822845458984} []
[2023-10-24T20:12:21.014779+00:00] log.DEBUG: SELECT `codnum` AS `lf`, `razsoc` AS `df`, '' AS `df2`, '' AS `df3`, '' AS `df4` FROM entidades WHERE `codnum` = 12156 AND `tipoent` = 1 ORDER BY `razsoc` ASC {"params":[],"types":[],"executionMS":0.0005049705505371094} []
[2023-10-24T20:12:21.017944+00:00] log.DEBUG: SELECT COUNT(*) FROM lotes WHERE `codrem` = 168 {"params":[],"types":[],"executionMS":0.0015001296997070312} []
[2023-10-24T20:12:21.019344+00:00] log.DEBUG: SELECT COUNT(*) FROM lotes WHERE `codrem` = 168 {"params":[],"types":[],"executionMS":0.0011467933654785156} []
[2023-10-24T20:13:09.293747+00:00] log.DEBUG: SELECT t0.codnum AS codnum_1, t0.usuario AS usuario_2, t0.nombre AS nombre_3, t0.clave AS clave_4, t0.nivel AS nivel_5, t0.activo AS activo_6, t0.email AS email_7, t0.perfil AS perfil_8 FROM usuarios t0 WHERE t0.usuario = ? LIMIT 1 {"params":["Administrator"],"types":["string"],"executionMS":0.0013887882232666016} []
[2023-10-24T20:13:09.301811+00:00] log.DEBUG: SHOW TABLE STATUS WHERE Engine = 'MyISAM' AND Name = 'dir_remates' {"params":[],"types":[],"executionMS":0.0021390914916992188} []
[2023-10-24T20:13:09.304374+00:00] log.DEBUG: SELECT COUNT(*) FROM lotes WHERE `codrem` = 187 {"params":[],"types":[],"executionMS":0.0017139911651611328} []
[2023-10-24T20:13:09.306242+00:00] log.DEBUG: SELECT COUNT(*) FROM lotes WHERE `codrem` = 187 {"params":[],"types":[],"executionMS":0.001638174057006836} []
[2023-10-24T20:13:09.310493+00:00] log.DEBUG: SELECT * FROM lotes WHERE `codrem` = 187 LIMIT 20 {"params":[],"types":[],"executionMS":0.004109859466552734} []
[2023-10-24T20:13:09.315911+00:00] log.DEBUG: SELECT `ncomp` AS `lf`, `ncomp` AS `df`, `observacion` AS `df2`, '' AS `df3`, '' AS `df4` FROM remates WHERE `ncomp` = 187 ORDER BY `ncomp` DESC {"params":[],"types":[],"executionMS":0.0010428428649902344} []
[2023-10-24T20:13:23.620292+00:00] log.DEBUG: SELECT t0.codnum AS codnum_1, t0.usuario AS usuario_2, t0.nombre AS nombre_3, t0.clave AS clave_4, t0.nivel AS nivel_5, t0.activo AS activo_6, t0.email AS email_7, t0.perfil AS perfil_8 FROM usuarios t0 WHERE t0.usuario = ? LIMIT 1 {"params":["Administrator"],"types":["string"],"executionMS":0.0012600421905517578} []
[2023-10-24T20:13:23.623897+00:00] log.DEBUG: SELECT COUNT(*) FROM lotes WHERE `codrem` = 187 {"params":[],"types":[],"executionMS":0.001692056655883789} []
[2023-10-24T20:13:23.625670+00:00] log.DEBUG: SELECT COUNT(*) FROM lotes WHERE `codrem` = 187 {"params":[],"types":[],"executionMS":0.001486063003540039} []
[2023-10-24T20:13:23.629719+00:00] log.DEBUG: SELECT * FROM lotes WHERE `codrem` = 187 LIMIT 20 {"params":[],"types":[],"executionMS":0.003913164138793945} []
[2023-10-24T20:13:23.633019+00:00] log.DEBUG: SELECT `ncomp` AS `lf`, `ncomp` AS `df`, `observacion` AS `df2`, '' AS `df3`, '' AS `df4` FROM remates WHERE `ncomp` = 187 ORDER BY `ncomp` DESC {"params":[],"types":[],"executionMS":0.0008070468902587891} []
[2023-10-24T20:17:32.272026+00:00] log.DEBUG: SELECT t0.codnum AS codnum_1, t0.usuario AS usuario_2, t0.nombre AS nombre_3, t0.clave AS clave_4, t0.nivel AS nivel_5, t0.activo AS activo_6, t0.email AS email_7, t0.perfil AS perfil_8 FROM usuarios t0 WHERE t0.usuario = ? LIMIT 1 {"params":["Administrator"],"types":["string"],"executionMS":0.0012919902801513672} []
[2023-10-24T20:17:32.276944+00:00] log.DEBUG: SELECT COUNT(*) FROM remates {"params":[],"types":[],"executionMS":0.0013859272003173828} []
[2023-10-24T20:17:32.278502+00:00] log.DEBUG: SELECT * FROM remates ORDER BY `fecreal` ASC LIMIT 20 {"params":[],"types":[],"executionMS":0.0013060569763183594} []
[2023-10-24T20:17:32.285395+00:00] log.DEBUG: SELECT COUNT(*) FROM lotes WHERE `codrem` = NULL {"params":[],"types":[],"executionMS":0.0017778873443603516} []
[2023-10-24T20:17:32.288288+00:00] log.DEBUG: SELECT COUNT(*) FROM lotes WHERE `codrem` = NULL {"params":[],"types":[],"executionMS":0.0018160343170166016} []
[2023-10-24T20:17:32.290718+00:00] log.DEBUG: SELECT `codnum` AS `lf`, `descripcion` AS `df`, '' AS `df2`, '' AS `df3`, '' AS `df4` FROM tipcomp WHERE `codnum` = 4 AND `codnum` = 4 ORDER BY `descripcion` ASC {"params":[],"types":[],"executionMS":0.0006880760192871094} []
[2023-10-24T20:17:32.291493+00:00] log.DEBUG: SELECT `codnum` AS `lf`, `descripcion` AS `df`, '' AS `df2`, '' AS `df3`, '' AS `df4` FROM series WHERE `codnum` = 4 AND `codnum` = 4 ORDER BY `descripcion` ASC {"params":[],"types":[],"executionMS":0.0004138946533203125} []
[2023-10-24T20:17:32.292308+00:00] log.DEBUG: SELECT `codnum` AS `lf`, `razsoc` AS `df`, '' AS `df2`, '' AS `df3`, '' AS `df4` FROM entidades WHERE `codnum` = 940 AND `tipoent` = 1 ORDER BY `razsoc` ASC {"params":[],"types":[],"executionMS":0.00045013427734375} []
[2023-10-24T20:17:32.293044+00:00] log.DEBUG: SELECT `codnum` AS `lf`, `descripcion` AS `df`, '' AS `df2`, '' AS `df3`, '' AS `df4` FROM paises WHERE `codnum` = 1 ORDER BY `descripcion` ASC {"params":[],"types":[],"executionMS":0.00043582916259765625} []
[2023-10-24T20:17:32.293718+00:00] log.DEBUG: SELECT `codnum` AS `lf`, `descripcion` AS `df`, '' AS `df2`, '' AS `df3`, '' AS `df4` FROM provincias WHERE `codnum` = 2 ORDER BY `descripcion` ASC {"params":[],"types":[],"executionMS":0.0004317760467529297} []
[2023-10-24T20:17:32.294438+00:00] log.DEBUG: SELECT `codnum` AS `lf`, `descripcion` AS `df`, '' AS `df2`, '' AS `df3`, '' AS `df4` FROM localidades WHERE `codnum` = 413 ORDER BY `descripcion` ASC {"params":[],"types":[],"executionMS":0.00047707557678222656} []
[2023-10-24T20:17:32.296489+00:00] log.DEBUG: SELECT COUNT(*) FROM lotes WHERE `codrem` = 141 {"params":[],"types":[],"executionMS":0.0013179779052734375} []
[2023-10-24T20:17:32.298074+00:00] log.DEBUG: SELECT COUNT(*) FROM lotes WHERE `codrem` = 141 {"params":[],"types":[],"executionMS":0.001322031021118164} []
[2023-10-24T20:17:32.302183+00:00] log.DEBUG: SELECT COUNT(*) FROM lotes WHERE `codrem` = 138 {"params":[],"types":[],"executionMS":0.0015358924865722656} []
[2023-10-24T20:17:32.304557+00:00] log.DEBUG: SELECT COUNT(*) FROM lotes WHERE `codrem` = 138 {"params":[],"types":[],"executionMS":0.0021209716796875} []
[2023-10-24T20:17:32.308323+00:00] log.DEBUG: SELECT COUNT(*) FROM lotes WHERE `codrem` = 139 {"params":[],"types":[],"executionMS":0.0016930103302001953} []
[2023-10-24T20:17:32.311076+00:00] log.DEBUG: SELECT COUNT(*) FROM lotes WHERE `codrem` = 139 {"params":[],"types":[],"executionMS":0.0024929046630859375} []
[2023-10-24T20:17:32.314807+00:00] log.DEBUG: SELECT COUNT(*) FROM lotes WHERE `codrem` = 133 {"params":[],"types":[],"executionMS":0.0013461112976074219} []
[2023-10-24T20:17:32.316214+00:00] log.DEBUG: SELECT COUNT(*) FROM lotes WHERE `codrem` = 133 {"params":[],"types":[],"executionMS":0.0011730194091796875} []
[2023-10-24T20:17:32.320013+00:00] log.DEBUG: SELECT COUNT(*) FROM lotes WHERE `codrem` = 187 {"params":[],"types":[],"executionMS":0.0013608932495117188} []
[2023-10-24T20:17:32.321459+00:00] log.DEBUG: SELECT COUNT(*) FROM lotes WHERE `codrem` = 187 {"params":[],"types":[],"executionMS":0.0011851787567138672} []
[2023-10-24T20:17:32.325434+00:00] log.DEBUG: SELECT COUNT(*) FROM lotes WHERE `codrem` = 137 {"params":[],"types":[],"executionMS":0.0015361309051513672} []
[2023-10-24T20:17:32.326859+00:00] log.DEBUG: SELECT COUNT(*) FROM lotes WHERE `codrem` = 137 {"params":[],"types":[],"executionMS":0.0011670589447021484} []
[2023-10-24T20:17:32.330561+00:00] log.DEBUG: SELECT COUNT(*) FROM lotes WHERE `codrem` = 116 {"params":[],"types":[],"executionMS":0.0013790130615234375} []
[2023-10-24T20:17:32.332104+00:00] log.DEBUG: SELECT COUNT(*) FROM lotes WHERE `codrem` = 116 {"params":[],"types":[],"executionMS":0.0013060569763183594} []
[2023-10-24T20:17:32.336106+00:00] log.DEBUG: SELECT COUNT(*) FROM lotes WHERE `codrem` = 129 {"params":[],"types":[],"executionMS":0.0016138553619384766} []
[2023-10-24T20:17:32.337549+00:00] log.DEBUG: SELECT COUNT(*) FROM lotes WHERE `codrem` = 129 {"params":[],"types":[],"executionMS":0.0011949539184570312} []
[2023-10-24T20:17:32.341509+00:00] log.DEBUG: SELECT COUNT(*) FROM lotes WHERE `codrem` = 143 {"params":[],"types":[],"executionMS":0.001544952392578125} []
[2023-10-24T20:17:32.343047+00:00] log.DEBUG: SELECT COUNT(*) FROM lotes WHERE `codrem` = 143 {"params":[],"types":[],"executionMS":0.0012860298156738281} []
[2023-10-24T20:17:32.347023+00:00] log.DEBUG: SELECT COUNT(*) FROM lotes WHERE `codrem` = 127 {"params":[],"types":[],"executionMS":0.0015711784362792969} []
[2023-10-24T20:17:32.348709+00:00] log.DEBUG: SELECT COUNT(*) FROM lotes WHERE `codrem` = 127 {"params":[],"types":[],"executionMS":0.001439809799194336} []
[2023-10-24T20:17:32.352642+00:00] log.DEBUG: SELECT COUNT(*) FROM lotes WHERE `codrem` = 128 {"params":[],"types":[],"executionMS":0.0014619827270507812} []
[2023-10-24T20:17:32.354142+00:00] log.DEBUG: SELECT COUNT(*) FROM lotes WHERE `codrem` = 128 {"params":[],"types":[],"executionMS":0.0012271404266357422} []
[2023-10-24T20:17:32.358134+00:00] log.DEBUG: SELECT COUNT(*) FROM lotes WHERE `codrem` = 123 {"params":[],"types":[],"executionMS":0.0015769004821777344} []
[2023-10-24T20:17:32.359908+00:00] log.DEBUG: SELECT COUNT(*) FROM lotes WHERE `codrem` = 123 {"params":[],"types":[],"executionMS":0.0015201568603515625} []
[2023-10-24T20:17:32.363686+00:00] log.DEBUG: SELECT COUNT(*) FROM lotes WHERE `codrem` = 131 {"params":[],"types":[],"executionMS":0.0013079643249511719} []
[2023-10-24T20:17:32.365170+00:00] log.DEBUG: SELECT COUNT(*) FROM lotes WHERE `codrem` = 131 {"params":[],"types":[],"executionMS":0.0012230873107910156} []
[2023-10-24T20:17:32.369159+00:00] log.DEBUG: SELECT COUNT(*) FROM lotes WHERE `codrem` = 112 {"params":[],"types":[],"executionMS":0.0015461444854736328} []
[2023-10-24T20:17:32.370666+00:00] log.DEBUG: SELECT COUNT(*) FROM lotes WHERE `codrem` = 112 {"params":[],"types":[],"executionMS":0.0012421607971191406} []
[2023-10-24T20:17:32.374496+00:00] log.DEBUG: SELECT COUNT(*) FROM lotes WHERE `codrem` = 106 {"params":[],"types":[],"executionMS":0.0014791488647460938} []
[2023-10-24T20:17:32.376059+00:00] log.DEBUG: SELECT COUNT(*) FROM lotes WHERE `codrem` = 106 {"params":[],"types":[],"executionMS":0.0013239383697509766} []
[2023-10-24T20:17:32.379837+00:00] log.DEBUG: SELECT COUNT(*) FROM lotes WHERE `codrem` = 113 {"params":[],"types":[],"executionMS":0.001474142074584961} []
[2023-10-24T20:17:32.381308+00:00] log.DEBUG: SELECT COUNT(*) FROM lotes WHERE `codrem` = 113 {"params":[],"types":[],"executionMS":0.00121307373046875} []
[2023-10-24T20:17:32.384949+00:00] log.DEBUG: SELECT COUNT(*) FROM lotes WHERE `codrem` = 124 {"params":[],"types":[],"executionMS":0.0013060569763183594} []
[2023-10-24T20:17:32.386376+00:00] log.DEBUG: SELECT COUNT(*) FROM lotes WHERE `codrem` = 124 {"params":[],"types":[],"executionMS":0.0011639595031738281} []
[2023-10-24T20:17:32.389913+00:00] log.DEBUG: SELECT COUNT(*) FROM lotes WHERE `codrem` = 140 {"params":[],"types":[],"executionMS":0.0014190673828125} []
[2023-10-24T20:17:32.391439+00:00] log.DEBUG: SELECT COUNT(*) FROM lotes WHERE `codrem` = 140 {"params":[],"types":[],"executionMS":0.0013010501861572266} []
[2023-10-24T20:17:32.394978+00:00] log.DEBUG: SELECT COUNT(*) FROM lotes WHERE `codrem` = 142 {"params":[],"types":[],"executionMS":0.0012240409851074219} []
[2023-10-24T20:17:32.396385+00:00] log.DEBUG: SELECT COUNT(*) FROM lotes WHERE `codrem` = 142 {"params":[],"types":[],"executionMS":0.0011429786682128906} []
[2023-10-24T20:17:32.400466+00:00] log.DEBUG: SELECT COUNT(*) FROM lotes WHERE `codrem` = 119 {"params":[],"types":[],"executionMS":0.0015919208526611328} []
[2023-10-24T20:17:32.402010+00:00] log.DEBUG: SELECT COUNT(*) FROM lotes WHERE `codrem` = 119 {"params":[],"types":[],"executionMS":0.001255035400390625} []
[2023-10-24T20:25:28.269487+00:00] log.DEBUG: SELECT t0.codnum AS codnum_1, t0.usuario AS usuario_2, t0.nombre AS nombre_3, t0.clave AS clave_4, t0.nivel AS nivel_5, t0.activo AS activo_6, t0.email AS email_7, t0.perfil AS perfil_8 FROM usuarios t0 WHERE t0.usuario = ? LIMIT 1 {"params":["Administrator"],"types":["string"],"executionMS":0.0029900074005126953} []
[2023-10-24T20:25:28.491060+00:00] log.DEBUG: SELECT t0.codnum AS codnum_1, t0.usuario AS usuario_2, t0.nombre AS nombre_3, t0.clave AS clave_4, t0.nivel AS nivel_5, t0.activo AS activo_6, t0.email AS email_7, t0.perfil AS perfil_8 FROM usuarios t0 WHERE t0.usuario = ? LIMIT 1 {"params":["Administrator"],"types":["string"],"executionMS":0.003557920455932617} []
[2023-10-24T20:39:25.891179+00:00] log.DEBUG: SELECT t0.codnum AS codnum_1, t0.usuario AS usuario_2, t0.nombre AS nombre_3, t0.clave AS clave_4, t0.nivel AS nivel_5, t0.activo AS activo_6, t0.email AS email_7, t0.perfil AS perfil_8 FROM usuarios t0 WHERE t0.usuario = ? LIMIT 1 {"params":["Administrator"],"types":["string"],"executionMS":0.0011179447174072266} []
[2023-10-24T20:55:52.203615+00:00] log.DEBUG: SELECT COUNT(*) FROM userlevels WHERE userlevelid = -2 {"params":[],"types":[],"executionMS":0.0008819103240966797} []
[2023-10-24T20:55:52.204606+00:00] log.DEBUG: SELECT userlevelid, userlevelname FROM userlevels {"params":[],"types":[],"executionMS":0.0007097721099853516} []
[2023-10-24T20:55:52.205384+00:00] log.DEBUG: SELECT COUNT(*) FROM userlevelpermissions WHERE userlevelid = -2 {"params":[],"types":[],"executionMS":0.0006620883941650391} []
[2023-10-24T20:55:52.206266+00:00] log.DEBUG: SELECT tablename, userlevelid, permission FROM userlevelpermissions WHERE userlevelid IN (-2) {"params":[],"types":[],"executionMS":0.0007159709930419922} []
[2023-10-24T20:55:52.209623+00:00] log.DEBUG: SHOW TABLE STATUS WHERE Engine = 'MyISAM' AND Name = 'usuarios' {"params":[],"types":[],"executionMS":0.0021851062774658203} []
