[2023-10-27T19:31:04.044600+00:00] log.DEBUG: SELECT COUNT(*) FROM userlevels WHERE userlevelid = -2 {"params":[],"types":[],"executionMS":0.0008831024169921875} []
[2023-10-27T19:31:04.045448+00:00] log.DEBUG: SELECT userlevelid, userlevelname FROM userlevels {"params":[],"types":[],"executionMS":0.0005459785461425781} []
[2023-10-27T19:31:04.046150+00:00] log.DEBUG: SELECT COUNT(*) FROM userlevelpermissions WHERE userlevelid = -2 {"params":[],"types":[],"executionMS":0.0006079673767089844} []
[2023-10-27T19:31:04.046869+00:00] log.DEBUG: SELECT tablename, userlevelid, permission FROM userlevelpermissions WHERE userlevelid IN (-2) {"params":[],"types":[],"executionMS":0.0005829334259033203} []
[2023-10-27T19:31:04.049393+00:00] log.DEBUG: SHOW TABLE STATUS WHERE Engine = 'MyISAM' AND Name = 'usuarios' {"params":[],"types":[],"executionMS":0.0014281272888183594} []
[2023-10-27T19:31:05.089160+00:00] log.DEBUG: SELECT COUNT(*) FROM userlevels WHERE userlevelid = -2 {"params":[],"types":[],"executionMS":0.0007660388946533203} []
[2023-10-27T19:31:05.089990+00:00] log.DEBUG: SELECT userlevelid, userlevelname FROM userlevels {"params":[],"types":[],"executionMS":0.0006330013275146484} []
[2023-10-27T19:31:05.090757+00:00] log.DEBUG: SELECT COUNT(*) FROM userlevelpermissions WHERE userlevelid = -2 {"params":[],"types":[],"executionMS":0.0006651878356933594} []
[2023-10-27T19:31:05.091711+00:00] log.DEBUG: SELECT tablename, userlevelid, permission FROM userlevelpermissions WHERE userlevelid IN (-2) {"params":[],"types":[],"executionMS":0.0008389949798583984} []
[2023-10-27T19:31:05.094424+00:00] log.DEBUG: SHOW TABLE STATUS WHERE Engine = 'MyISAM' AND Name = 'usuarios' {"params":[],"types":[],"executionMS":0.0020132064819335938} []
[2023-10-27T19:31:11.438942+00:00] log.DEBUG: SELECT t0.codnum AS codnum_1, t0.usuario AS usuario_2, t0.nombre AS nombre_3, t0.clave AS clave_4, t0.nivel AS nivel_5, t0.activo AS activo_6, t0.email AS email_7, t0.perfil AS perfil_8 FROM usuarios t0 WHERE t0.usuario = ? LIMIT 1 {"params":["RICARDOC"],"types":["string"],"executionMS":0.0011000633239746094} []
[2023-10-27T19:31:11.440073+00:00] log.DEBUG: SELECT COUNT(*) FROM userlevels WHERE userlevelid = -2 {"params":[],"types":[],"executionMS":0.0005810260772705078} []
[2023-10-27T19:31:11.440904+00:00] log.DEBUG: SELECT userlevelid, userlevelname FROM userlevels {"params":[],"types":[],"executionMS":0.0007278919219970703} []
[2023-10-27T19:31:11.441469+00:00] log.DEBUG: SELECT COUNT(*) FROM userlevelpermissions WHERE userlevelid = -2 {"params":[],"types":[],"executionMS":0.0004990100860595703} []
[2023-10-27T19:31:11.443395+00:00] log.DEBUG: SELECT tablename, userlevelid, permission FROM userlevelpermissions {"params":[],"types":[],"executionMS":0.0018620491027832031} []
[2023-10-27T19:31:11.662693+00:00] log.DEBUG: SELECT t0.codnum AS codnum_1, t0.usuario AS usuario_2, t0.nombre AS nombre_3, t0.clave AS clave_4, t0.nivel AS nivel_5, t0.activo AS activo_6, t0.email AS email_7, t0.perfil AS perfil_8 FROM usuarios t0 WHERE t0.usuario = ? LIMIT 1 {"params":["Administrator"],"types":["string"],"executionMS":0.0011749267578125} []
[2023-10-27T19:31:15.443774+00:00] log.DEBUG: SELECT t0.codnum AS codnum_1, t0.usuario AS usuario_2, t0.nombre AS nombre_3, t0.clave AS clave_4, t0.nivel AS nivel_5, t0.activo AS activo_6, t0.email AS email_7, t0.perfil AS perfil_8 FROM usuarios t0 WHERE t0.usuario = ? LIMIT 1 {"params":["Administrator"],"types":["string"],"executionMS":0.001071929931640625} []
[2023-10-27T19:31:47.381920+00:00] log.DEBUG: SELECT t0.codnum AS codnum_1, t0.usuario AS usuario_2, t0.nombre AS nombre_3, t0.clave AS clave_4, t0.nivel AS nivel_5, t0.activo AS activo_6, t0.email AS email_7, t0.perfil AS perfil_8 FROM usuarios t0 WHERE t0.usuario = ? LIMIT 1 {"params":["Administrator"],"types":["string"],"executionMS":0.0011479854583740234} []
[2023-10-27T19:31:55.805293+00:00] log.DEBUG: SELECT t0.codnum AS codnum_1, t0.usuario AS usuario_2, t0.nombre AS nombre_3, t0.clave AS clave_4, t0.nivel AS nivel_5, t0.activo AS activo_6, t0.email AS email_7, t0.perfil AS perfil_8 FROM usuarios t0 WHERE t0.usuario = ? LIMIT 1 {"params":["Administrator"],"types":["string"],"executionMS":0.0010609626770019531} []
[2023-10-27T19:32:41.559394+00:00] log.DEBUG: SHOW TABLE STATUS WHERE Engine = 'MyISAM' AND Name = 'bancos' {"params":[],"types":[],"executionMS":0.0022420883178710938} []
[2023-10-27T19:32:41.572042+00:00] log.DEBUG: SELECT t0.codnum AS codnum_1, t0.usuario AS usuario_2, t0.nombre AS nombre_3, t0.clave AS clave_4, t0.nivel AS nivel_5, t0.activo AS activo_6, t0.email AS email_7, t0.perfil AS perfil_8 FROM usuarios t0 WHERE t0.usuario = ? LIMIT 1 {"params":["Administrator"],"types":["string"],"executionMS":0.001043081283569336} []
[2023-10-27T19:32:41.574606+00:00] log.DEBUG: SHOW TABLE STATUS WHERE Engine = 'MyISAM' AND Name = 'paises' {"params":[],"types":[],"executionMS":0.0013129711151123047} []
[2023-10-27T19:32:41.576100+00:00] log.DEBUG: SELECT COUNT(*) FROM bancos {"params":[],"types":[],"executionMS":0.0008380413055419922} []
[2023-10-27T19:32:41.576731+00:00] log.DEBUG: SELECT * FROM bancos LIMIT 20 {"params":[],"types":[],"executionMS":0.00045299530029296875} []
[2023-10-27T19:32:41.583066+00:00] log.DEBUG: SELECT `codnum` AS `lf`, `descripcion` AS `df`, '' AS `df2`, '' AS `df3`, '' AS `df4` FROM paises WHERE `codnum` = 1 ORDER BY `descripcion` ASC {"params":[],"types":[],"executionMS":0.0006160736083984375} []
[2023-10-27T19:33:05.970477+00:00] log.DEBUG: SELECT t0.codnum AS codnum_1, t0.usuario AS usuario_2, t0.nombre AS nombre_3, t0.clave AS clave_4, t0.nivel AS nivel_5, t0.activo AS activo_6, t0.email AS email_7, t0.perfil AS perfil_8 FROM usuarios t0 WHERE t0.usuario = ? LIMIT 1 {"params":["Administrator"],"types":["string"],"executionMS":0.000982046127319336} []
[2023-10-27T19:33:05.972512+00:00] log.DEBUG: SELECT COUNT(*) FROM paises {"params":[],"types":[],"executionMS":0.0011780261993408203} []
[2023-10-27T19:33:05.973116+00:00] log.DEBUG: SELECT `codnum` AS `lf`, `descripcion` AS `df`, '' AS `df2`, '' AS `df3`, '' AS `df4` FROM paises ORDER BY `descripcion` ASC {"params":[],"types":[],"executionMS":0.00047898292541503906} []
[2023-10-27T19:33:05.974402+00:00] log.DEBUG: SELECT * FROM bancos WHERE `codnum` = 5 {"params":[],"types":[],"executionMS":0.00048089027404785156} []
[2023-10-27T19:33:09.164518+00:00] log.DEBUG: SELECT t0.codnum AS codnum_1, t0.usuario AS usuario_2, t0.nombre AS nombre_3, t0.clave AS clave_4, t0.nivel AS nivel_5, t0.activo AS activo_6, t0.email AS email_7, t0.perfil AS perfil_8 FROM usuarios t0 WHERE t0.usuario = ? LIMIT 1 {"params":["Administrator"],"types":["string"],"executionMS":0.0014889240264892578} []
[2023-10-27T19:33:09.167260+00:00] log.DEBUG: SELECT COUNT(*) FROM paises {"params":[],"types":[],"executionMS":0.0014200210571289062} []
[2023-10-27T19:33:09.167898+00:00] log.DEBUG: SELECT `codnum` AS `lf`, `descripcion` AS `df`, '' AS `df2`, '' AS `df3`, '' AS `df4` FROM paises ORDER BY `descripcion` ASC {"params":[],"types":[],"executionMS":0.0005130767822265625} []
[2023-10-27T19:33:09.173688+00:00] log.DEBUG: SELECT * FROM bancos WHERE `codnum` = 5 {"params":[],"types":[],"executionMS":0.0008828639984130859} []
[2023-10-27T19:33:09.181460+00:00] log.DEBUG: UPDATE bancos SET `codbanco` = ?, `nombre` = ?, `codpais` = ?, `activo` = ? WHERE `codnum` = 5 {"params":["00005","ABN AMRO BANK N. V.","1","1"],"types":[2,2,1,2],"executionMS":0.007611989974975586} []
[2023-10-27T19:33:09.281625+00:00] log.DEBUG: SELECT t0.codnum AS codnum_1, t0.usuario AS usuario_2, t0.nombre AS nombre_3, t0.clave AS clave_4, t0.nivel AS nivel_5, t0.activo AS activo_6, t0.email AS email_7, t0.perfil AS perfil_8 FROM usuarios t0 WHERE t0.usuario = ? LIMIT 1 {"params":["Administrator"],"types":["string"],"executionMS":0.0011050701141357422} []
[2023-10-27T19:33:09.284422+00:00] log.DEBUG: SELECT COUNT(*) FROM bancos {"params":[],"types":[],"executionMS":0.0010950565338134766} []
[2023-10-27T19:33:09.285225+00:00] log.DEBUG: SELECT * FROM bancos LIMIT 20 {"params":[],"types":[],"executionMS":0.000598907470703125} []
[2023-10-27T19:33:09.290457+00:00] log.DEBUG: SELECT `codnum` AS `lf`, `descripcion` AS `df`, '' AS `df2`, '' AS `df3`, '' AS `df4` FROM paises WHERE `codnum` = 1 ORDER BY `descripcion` ASC {"params":[],"types":[],"executionMS":0.0008649826049804688} []
[2023-10-27T20:34:19.421407+00:00] log.DEBUG: SELECT COUNT(*) FROM userlevels WHERE userlevelid = -2 {"params":[],"types":[],"executionMS":0.0006849765777587891} []
[2023-10-27T20:34:19.422194+00:00] log.DEBUG: SELECT userlevelid, userlevelname FROM userlevels {"params":[],"types":[],"executionMS":0.0005750656127929688} []
[2023-10-27T20:34:19.422763+00:00] log.DEBUG: SELECT COUNT(*) FROM userlevelpermissions WHERE userlevelid = -2 {"params":[],"types":[],"executionMS":0.0004878044128417969} []
[2023-10-27T20:34:19.423386+00:00] log.DEBUG: SELECT tablename, userlevelid, permission FROM userlevelpermissions WHERE userlevelid IN (-2) {"params":[],"types":[],"executionMS":0.0005199909210205078} []
[2023-10-27T20:34:19.425621+00:00] log.DEBUG: SHOW TABLE STATUS WHERE Engine = 'MyISAM' AND Name = 'usuarios' {"params":[],"types":[],"executionMS":0.0013730525970458984} []
[2023-10-27T20:34:19.524100+00:00] log.DEBUG: SELECT COUNT(*) FROM userlevels WHERE userlevelid = -2 {"params":[],"types":[],"executionMS":0.0007429122924804688} []
[2023-10-27T20:34:19.525464+00:00] log.DEBUG: SELECT userlevelid, userlevelname FROM userlevels {"params":[],"types":[],"executionMS":0.000993967056274414} []
[2023-10-27T20:34:19.526038+00:00] log.DEBUG: SELECT COUNT(*) FROM userlevelpermissions WHERE userlevelid = -2 {"params":[],"types":[],"executionMS":0.0004851818084716797} []
[2023-10-27T20:34:19.526797+00:00] log.DEBUG: SELECT tablename, userlevelid, permission FROM userlevelpermissions WHERE userlevelid IN (-2) {"params":[],"types":[],"executionMS":0.0005521774291992188} []
[2023-10-27T20:34:19.529245+00:00] log.DEBUG: SHOW TABLE STATUS WHERE Engine = 'MyISAM' AND Name = 'usuarios' {"params":[],"types":[],"executionMS":0.001489877700805664} []
[2023-10-27T20:48:56.019568+00:00] log.DEBUG: SELECT t0.codnum AS codnum_1, t0.usuario AS usuario_2, t0.nombre AS nombre_3, t0.clave AS clave_4, t0.nivel AS nivel_5, t0.activo AS activo_6, t0.email AS email_7, t0.perfil AS perfil_8 FROM usuarios t0 WHERE t0.usuario = ? LIMIT 1 {"params":["RICARDOC"],"types":["string"],"executionMS":0.0012221336364746094} []
[2023-10-27T20:48:56.021001+00:00] log.DEBUG: SELECT COUNT(*) FROM userlevels WHERE userlevelid = -2 {"params":[],"types":[],"executionMS":0.0006868839263916016} []
[2023-10-27T20:48:56.021643+00:00] log.DEBUG: SELECT userlevelid, userlevelname FROM userlevels {"params":[],"types":[],"executionMS":0.0004999637603759766} []
[2023-10-27T20:48:56.022288+00:00] log.DEBUG: SELECT COUNT(*) FROM userlevelpermissions WHERE userlevelid = -2 {"params":[],"types":[],"executionMS":0.0005731582641601562} []
[2023-10-27T20:48:56.023811+00:00] log.DEBUG: SELECT tablename, userlevelid, permission FROM userlevelpermissions {"params":[],"types":[],"executionMS":0.0014460086822509766} []
[2023-10-27T20:48:56.391565+00:00] log.DEBUG: SELECT t0.codnum AS codnum_1, t0.usuario AS usuario_2, t0.nombre AS nombre_3, t0.clave AS clave_4, t0.nivel AS nivel_5, t0.activo AS activo_6, t0.email AS email_7, t0.perfil AS perfil_8 FROM usuarios t0 WHERE t0.usuario = ? LIMIT 1 {"params":["Administrator"],"types":["string"],"executionMS":0.0018699169158935547} []
[2023-10-27T20:49:00.944007+00:00] log.DEBUG: SELECT t0.codnum AS codnum_1, t0.usuario AS usuario_2, t0.nombre AS nombre_3, t0.clave AS clave_4, t0.nivel AS nivel_5, t0.activo AS activo_6, t0.email AS email_7, t0.perfil AS perfil_8 FROM usuarios t0 WHERE t0.usuario = ? LIMIT 1 {"params":["Administrator"],"types":["string"],"executionMS":0.0009319782257080078} []
[2023-10-27T20:49:08.876724+00:00] log.DEBUG: SELECT t0.codnum AS codnum_1, t0.usuario AS usuario_2, t0.nombre AS nombre_3, t0.clave AS clave_4, t0.nivel AS nivel_5, t0.activo AS activo_6, t0.email AS email_7, t0.perfil AS perfil_8 FROM usuarios t0 WHERE t0.usuario = ? LIMIT 1 {"params":["Administrator"],"types":["string"],"executionMS":0.0015189647674560547} []
[2023-10-27T20:49:26.424527+00:00] log.DEBUG: SHOW TABLE STATUS WHERE Engine = 'MyISAM' AND Name = 'remates' {"params":[],"types":[],"executionMS":0.0021409988403320312} []
[2023-10-27T20:49:26.432206+00:00] log.DEBUG: SELECT t0.codnum AS codnum_1, t0.usuario AS usuario_2, t0.nombre AS nombre_3, t0.clave AS clave_4, t0.nivel AS nivel_5, t0.activo AS activo_6, t0.email AS email_7, t0.perfil AS perfil_8 FROM usuarios t0 WHERE t0.usuario = ? LIMIT 1 {"params":["Administrator"],"types":["string"],"executionMS":0.0010530948638916016} []
[2023-10-27T20:49:26.435325+00:00] log.DEBUG: SHOW TABLE STATUS WHERE Engine = 'MyISAM' AND Name = 'tipcomp' {"params":[],"types":[],"executionMS":0.001728057861328125} []
[2023-10-27T20:49:26.437289+00:00] log.DEBUG: SHOW TABLE STATUS WHERE Engine = 'MyISAM' AND Name = 'series' {"params":[],"types":[],"executionMS":0.001299142837524414} []
[2023-10-27T20:49:26.439027+00:00] log.DEBUG: SHOW TABLE STATUS WHERE Engine = 'MyISAM' AND Name = 'entidades' {"params":[],"types":[],"executionMS":0.0012331008911132812} []
[2023-10-27T20:49:26.441011+00:00] log.DEBUG: SHOW TABLE STATUS WHERE Engine = 'MyISAM' AND Name = 'paises' {"params":[],"types":[],"executionMS":0.001226186752319336} []
[2023-10-27T20:49:26.442540+00:00] log.DEBUG: SHOW TABLE STATUS WHERE Engine = 'MyISAM' AND Name = 'provincias' {"params":[],"types":[],"executionMS":0.0011990070343017578} []
[2023-10-27T20:49:26.444243+00:00] log.DEBUG: SHOW TABLE STATUS WHERE Engine = 'MyISAM' AND Name = 'localidades' {"params":[],"types":[],"executionMS":0.0011968612670898438} []
[2023-10-27T20:49:26.446091+00:00] log.DEBUG: SELECT COUNT(*) FROM remates {"params":[],"types":[],"executionMS":0.0010869503021240234} []
[2023-10-27T20:49:26.447348+00:00] log.DEBUG: SELECT * FROM remates ORDER BY `ncomp` DESC LIMIT 20 {"params":[],"types":[],"executionMS":0.0010099411010742188} []
[2023-10-27T20:49:26.453212+00:00] log.DEBUG: SHOW TABLE STATUS WHERE Engine = 'MyISAM' AND Name = 'lotes' {"params":[],"types":[],"executionMS":0.0015490055084228516} []
[2023-10-27T20:49:26.455502+00:00] log.DEBUG: SELECT COUNT(*) FROM lotes WHERE `codrem` = NULL {"params":[],"types":[],"executionMS":0.0016031265258789062} []
[2023-10-27T20:49:26.458077+00:00] log.DEBUG: SELECT COUNT(*) FROM lotes WHERE `codrem` = NULL {"params":[],"types":[],"executionMS":0.0015270709991455078} []
[2023-10-27T20:49:26.460223+00:00] log.DEBUG: SELECT `codnum` AS `lf`, `descripcion` AS `df`, '' AS `df2`, '' AS `df3`, '' AS `df4` FROM tipcomp WHERE `codnum` = 4 AND `codnum` = 4 ORDER BY `descripcion` ASC {"params":[],"types":[],"executionMS":0.0007109642028808594} []
[2023-10-27T20:49:26.461114+00:00] log.DEBUG: SELECT `codnum` AS `lf`, `descripcion` AS `df`, '' AS `df2`, '' AS `df3`, '' AS `df4` FROM series WHERE `codnum` = 4 AND `codnum` = 4 ORDER BY `descripcion` ASC {"params":[],"types":[],"executionMS":0.0005152225494384766} []
[2023-10-27T20:49:26.462145+00:00] log.DEBUG: SELECT `codnum` AS `lf`, `razsoc` AS `df`, '' AS `df2`, '' AS `df3`, '' AS `df4` FROM entidades WHERE `codnum` = 940 AND `tipoent` = 1 ORDER BY `razsoc` ASC {"params":[],"types":[],"executionMS":0.0006401538848876953} []
[2023-10-27T20:49:26.462925+00:00] log.DEBUG: SELECT `codnum` AS `lf`, `descripcion` AS `df`, '' AS `df2`, '' AS `df3`, '' AS `df4` FROM paises WHERE `codnum` = 1 ORDER BY `descripcion` ASC {"params":[],"types":[],"executionMS":0.0004980564117431641} []
[2023-10-27T20:49:26.463623+00:00] log.DEBUG: SELECT `codnum` AS `lf`, `descripcion` AS `df`, '' AS `df2`, '' AS `df3`, '' AS `df4` FROM provincias WHERE `codnum` = 2 ORDER BY `descripcion` ASC {"params":[],"types":[],"executionMS":0.0004699230194091797} []
[2023-10-27T20:49:26.464318+00:00] log.DEBUG: SELECT `codnum` AS `lf`, `descripcion` AS `df`, '' AS `df2`, '' AS `df3`, '' AS `df4` FROM localidades WHERE `codnum` = 413 ORDER BY `descripcion` ASC {"params":[],"types":[],"executionMS":0.0004799365997314453} []
[2023-10-27T20:49:26.466781+00:00] log.DEBUG: SELECT COUNT(*) FROM lotes WHERE `codrem` = 192 {"params":[],"types":[],"executionMS":0.0015408992767333984} []
[2023-10-27T20:49:26.468605+00:00] log.DEBUG: SELECT COUNT(*) FROM lotes WHERE `codrem` = 192 {"params":[],"types":[],"executionMS":0.0015490055084228516} []
[2023-10-27T20:49:26.473129+00:00] log.DEBUG: SELECT COUNT(*) FROM lotes WHERE `codrem` = 191 {"params":[],"types":[],"executionMS":0.0018010139465332031} []
[2023-10-27T20:49:26.474756+00:00] log.DEBUG: SELECT COUNT(*) FROM lotes WHERE `codrem` = 191 {"params":[],"types":[],"executionMS":0.0013918876647949219} []
[2023-10-27T20:49:26.479348+00:00] log.DEBUG: SELECT COUNT(*) FROM lotes WHERE `codrem` = 190 {"params":[],"types":[],"executionMS":0.0018870830535888672} []
[2023-10-27T20:49:26.481108+00:00] log.DEBUG: SELECT COUNT(*) FROM lotes WHERE `codrem` = 190 {"params":[],"types":[],"executionMS":0.0014948844909667969} []
[2023-10-27T20:49:26.485720+00:00] log.DEBUG: SELECT COUNT(*) FROM lotes WHERE `codrem` = 189 {"params":[],"types":[],"executionMS":0.002007007598876953} []
[2023-10-27T20:49:26.487554+00:00] log.DEBUG: SELECT COUNT(*) FROM lotes WHERE `codrem` = 189 {"params":[],"types":[],"executionMS":0.0015959739685058594} []
[2023-10-27T20:49:26.491909+00:00] log.DEBUG: SELECT COUNT(*) FROM lotes WHERE `codrem` = 188 {"params":[],"types":[],"executionMS":0.001859903335571289} []
[2023-10-27T20:49:26.493494+00:00] log.DEBUG: SELECT COUNT(*) FROM lotes WHERE `codrem` = 188 {"params":[],"types":[],"executionMS":0.0013489723205566406} []
[2023-10-27T20:49:26.498002+00:00] log.DEBUG: SELECT COUNT(*) FROM lotes WHERE `codrem` = 187 {"params":[],"types":[],"executionMS":0.00173187255859375} []
[2023-10-27T20:49:26.499836+00:00] log.DEBUG: SELECT COUNT(*) FROM lotes WHERE `codrem` = 187 {"params":[],"types":[],"executionMS":0.0015530586242675781} []
[2023-10-27T20:49:26.504111+00:00] log.DEBUG: SELECT COUNT(*) FROM lotes WHERE `codrem` = 186 {"params":[],"types":[],"executionMS":0.0016748905181884766} []
[2023-10-27T20:49:26.505703+00:00] log.DEBUG: SELECT COUNT(*) FROM lotes WHERE `codrem` = 186 {"params":[],"types":[],"executionMS":0.0013549327850341797} []
[2023-10-27T20:49:26.509977+00:00] log.DEBUG: SELECT COUNT(*) FROM lotes WHERE `codrem` = 185 {"params":[],"types":[],"executionMS":0.0017590522766113281} []
[2023-10-27T20:49:26.511726+00:00] log.DEBUG: SELECT COUNT(*) FROM lotes WHERE `codrem` = 185 {"params":[],"types":[],"executionMS":0.00146484375} []
[2023-10-27T20:49:26.516167+00:00] log.DEBUG: SELECT COUNT(*) FROM lotes WHERE `codrem` = 184 {"params":[],"types":[],"executionMS":0.0019359588623046875} []
[2023-10-27T20:49:26.517960+00:00] log.DEBUG: SELECT COUNT(*) FROM lotes WHERE `codrem` = 184 {"params":[],"types":[],"executionMS":0.0015559196472167969} []
[2023-10-27T20:49:26.522175+00:00] log.DEBUG: SELECT COUNT(*) FROM lotes WHERE `codrem` = 183 {"params":[],"types":[],"executionMS":0.0017781257629394531} []
[2023-10-27T20:49:26.523891+00:00] log.DEBUG: SELECT COUNT(*) FROM lotes WHERE `codrem` = 183 {"params":[],"types":[],"executionMS":0.0014040470123291016} []
[2023-10-27T20:49:26.526354+00:00] log.DEBUG: SELECT `codnum` AS `lf`, `razsoc` AS `df`, '' AS `df2`, '' AS `df3`, '' AS `df4` FROM entidades WHERE `codnum` = 1207 AND `tipoent` = 1 ORDER BY `razsoc` ASC {"params":[],"types":[],"executionMS":0.0008242130279541016} []
[2023-10-27T20:49:26.529356+00:00] log.DEBUG: SELECT COUNT(*) FROM lotes WHERE `codrem` = 182 {"params":[],"types":[],"executionMS":0.0017740726470947266} []
[2023-10-27T20:49:26.531092+00:00] log.DEBUG: SELECT COUNT(*) FROM lotes WHERE `codrem` = 182 {"params":[],"types":[],"executionMS":0.0014750957489013672} []
[2023-10-27T20:49:26.535275+00:00] log.DEBUG: SELECT COUNT(*) FROM lotes WHERE `codrem` = 181 {"params":[],"types":[],"executionMS":0.0017330646514892578} []
[2023-10-27T20:49:26.536903+00:00] log.DEBUG: SELECT COUNT(*) FROM lotes WHERE `codrem` = 181 {"params":[],"types":[],"executionMS":0.0013968944549560547} []
[2023-10-27T20:49:26.541153+00:00] log.DEBUG: SELECT COUNT(*) FROM lotes WHERE `codrem` = 180 {"params":[],"types":[],"executionMS":0.0018019676208496094} []
[2023-10-27T20:49:26.542941+00:00] log.DEBUG: SELECT COUNT(*) FROM lotes WHERE `codrem` = 180 {"params":[],"types":[],"executionMS":0.0015249252319335938} []
[2023-10-27T20:49:26.547110+00:00] log.DEBUG: SELECT COUNT(*) FROM lotes WHERE `codrem` = 179 {"params":[],"types":[],"executionMS":0.0016632080078125} []
[2023-10-27T20:49:26.548816+00:00] log.DEBUG: SELECT COUNT(*) FROM lotes WHERE `codrem` = 179 {"params":[],"types":[],"executionMS":0.0014657974243164062} []
[2023-10-27T20:49:26.553046+00:00] log.DEBUG: SELECT COUNT(*) FROM lotes WHERE `codrem` = 178 {"params":[],"types":[],"executionMS":0.001798868179321289} []
[2023-10-27T20:49:26.554745+00:00] log.DEBUG: SELECT COUNT(*) FROM lotes WHERE `codrem` = 178 {"params":[],"types":[],"executionMS":0.0014390945434570312} []
[2023-10-27T20:49:26.559082+00:00] log.DEBUG: SELECT COUNT(*) FROM lotes WHERE `codrem` = 177 {"params":[],"types":[],"executionMS":0.0018589496612548828} []
[2023-10-27T20:49:26.562164+00:00] log.DEBUG: SELECT COUNT(*) FROM lotes WHERE `codrem` = 177 {"params":[],"types":[],"executionMS":0.0028200149536132812} []
[2023-10-27T20:49:26.564692+00:00] log.DEBUG: SELECT `codnum` AS `lf`, `razsoc` AS `df`, '' AS `df2`, '' AS `df3`, '' AS `df4` FROM entidades WHERE `codnum` = 15946 AND `tipoent` = 1 ORDER BY `razsoc` ASC {"params":[],"types":[],"executionMS":0.0008339881896972656} []
[2023-10-27T20:49:26.568424+00:00] log.DEBUG: SELECT COUNT(*) FROM lotes WHERE `codrem` = 176 {"params":[],"types":[],"executionMS":0.0020308494567871094} []
[2023-10-27T20:49:26.570310+00:00] log.DEBUG: SELECT COUNT(*) FROM lotes WHERE `codrem` = 176 {"params":[],"types":[],"executionMS":0.0016210079193115234} []
[2023-10-27T20:49:26.574688+00:00] log.DEBUG: SELECT COUNT(*) FROM lotes WHERE `codrem` = 175 {"params":[],"types":[],"executionMS":0.0019528865814208984} []
[2023-10-27T20:49:26.576507+00:00] log.DEBUG: SELECT COUNT(*) FROM lotes WHERE `codrem` = 175 {"params":[],"types":[],"executionMS":0.001580953598022461} []
[2023-10-27T20:49:26.580848+00:00] log.DEBUG: SELECT COUNT(*) FROM lotes WHERE `codrem` = 174 {"params":[],"types":[],"executionMS":0.0017809867858886719} []
[2023-10-27T20:49:26.582934+00:00] log.DEBUG: SELECT COUNT(*) FROM lotes WHERE `codrem` = 174 {"params":[],"types":[],"executionMS":0.0015478134155273438} []
[2023-10-27T20:49:26.587229+00:00] log.DEBUG: SELECT COUNT(*) FROM lotes WHERE `codrem` = 173 {"params":[],"types":[],"executionMS":0.001772165298461914} []
[2023-10-27T20:49:26.588971+00:00] log.DEBUG: SELECT COUNT(*) FROM lotes WHERE `codrem` = 173 {"params":[],"types":[],"executionMS":0.0014941692352294922} []
[2023-10-27T21:51:18.975512+00:00] log.DEBUG: SELECT COUNT(*) FROM userlevels WHERE userlevelid = -2 {"params":[],"types":[],"executionMS":0.001004934310913086} []
[2023-10-27T21:51:18.976739+00:00] log.DEBUG: SELECT userlevelid, userlevelname FROM userlevels {"params":[],"types":[],"executionMS":0.0009069442749023438} []
[2023-10-27T21:51:18.977593+00:00] log.DEBUG: SELECT COUNT(*) FROM userlevelpermissions WHERE userlevelid = -2 {"params":[],"types":[],"executionMS":0.0007050037384033203} []
[2023-10-27T21:51:18.978572+00:00] log.DEBUG: SELECT tablename, userlevelid, permission FROM userlevelpermissions WHERE userlevelid IN (-2) {"params":[],"types":[],"executionMS":0.000782012939453125} []
[2023-10-27T21:51:18.982052+00:00] log.DEBUG: SHOW TABLE STATUS WHERE Engine = 'MyISAM' AND Name = 'usuarios' {"params":[],"types":[],"executionMS":0.0021848678588867188} []
[2023-10-27T21:51:19.076677+00:00] log.DEBUG: SELECT COUNT(*) FROM userlevels WHERE userlevelid = -2 {"params":[],"types":[],"executionMS":0.0007939338684082031} []
[2023-10-27T21:51:19.077472+00:00] log.DEBUG: SELECT userlevelid, userlevelname FROM userlevels {"params":[],"types":[],"executionMS":0.0006248950958251953} []
[2023-10-27T21:51:19.078274+00:00] log.DEBUG: SELECT COUNT(*) FROM userlevelpermissions WHERE userlevelid = -2 {"params":[],"types":[],"executionMS":0.0007271766662597656} []
[2023-10-27T21:51:19.079042+00:00] log.DEBUG: SELECT tablename, userlevelid, permission FROM userlevelpermissions WHERE userlevelid IN (-2) {"params":[],"types":[],"executionMS":0.0006699562072753906} []
[2023-10-27T21:51:19.081919+00:00] log.DEBUG: SHOW TABLE STATUS WHERE Engine = 'MyISAM' AND Name = 'usuarios' {"params":[],"types":[],"executionMS":0.0021140575408935547} []
