[2023-10-25T11:36:58.984996+00:00] log.DEBUG: SELECT COUNT(*) FROM userlevels WHERE userlevelid = -2 {"params":[],"types":[],"executionMS":0.0007500648498535156} []
[2023-10-25T11:36:58.985979+00:00] log.DEBUG: SELECT userlevelid, userlevelname FROM userlevels {"params":[],"types":[],"executionMS":0.0006608963012695312} []
[2023-10-25T11:36:58.986940+00:00] log.DEBUG: SELECT COUNT(*) FROM userlevelpermissions WHERE userlevelid = -2 {"params":[],"types":[],"executionMS":0.0008549690246582031} []
[2023-10-25T11:36:58.987695+00:00] log.DEBUG: SELECT tablename, userlevelid, permission FROM userlevelpermissions WHERE userlevelid IN (-2) {"params":[],"types":[],"executionMS":0.0006098747253417969} []
[2023-10-25T11:37:04.737648+00:00] log.DEBUG: SHOW TABLE STATUS WHERE Engine = 'MyISAM' AND Name = 'usuarios' {"params":[],"types":[],"executionMS":0.0019309520721435547} []
[2023-10-25T12:07:55.866966+00:00] log.DEBUG: SELECT COUNT(*) FROM userlevels WHERE userlevelid = -2 {"params":[],"types":[],"executionMS":0.0008511543273925781} []
[2023-10-25T12:07:55.867791+00:00] log.DEBUG: SELECT userlevelid, userlevelname FROM userlevels {"params":[],"types":[],"executionMS":0.0005970001220703125} []
[2023-10-25T12:07:55.868600+00:00] log.DEBUG: SELECT COUNT(*) FROM userlevelpermissions WHERE userlevelid = -2 {"params":[],"types":[],"executionMS":0.0007219314575195312} []
[2023-10-25T12:07:55.869257+00:00] log.DEBUG: SELECT tablename, userlevelid, permission FROM userlevelpermissions WHERE userlevelid IN (-2) {"params":[],"types":[],"executionMS":0.0005521774291992188} []
[2023-10-25T12:07:55.873496+00:00] log.DEBUG: SHOW TABLE STATUS WHERE Engine = 'MyISAM' AND Name = 'usuarios' {"params":[],"types":[],"executionMS":0.0022940635681152344} []
[2023-10-25T12:07:56.015496+00:00] log.DEBUG: SELECT COUNT(*) FROM userlevels WHERE userlevelid = -2 {"params":[],"types":[],"executionMS":0.0006740093231201172} []
[2023-10-25T12:07:56.016187+00:00] log.DEBUG: SELECT userlevelid, userlevelname FROM userlevels {"params":[],"types":[],"executionMS":0.00048089027404785156} []
[2023-10-25T12:07:56.016772+00:00] log.DEBUG: SELECT COUNT(*) FROM userlevelpermissions WHERE userlevelid = -2 {"params":[],"types":[],"executionMS":0.0004909038543701172} []
[2023-10-25T12:07:56.017333+00:00] log.DEBUG: SELECT tablename, userlevelid, permission FROM userlevelpermissions WHERE userlevelid IN (-2) {"params":[],"types":[],"executionMS":0.0004470348358154297} []
[2023-10-25T12:07:56.019546+00:00] log.DEBUG: SHOW TABLE STATUS WHERE Engine = 'MyISAM' AND Name = 'usuarios' {"params":[],"types":[],"executionMS":0.0013239383697509766} []
[2023-10-25T12:07:56.073564+00:00] log.DEBUG: SELECT COUNT(*) FROM userlevels WHERE userlevelid = -2 {"params":[],"types":[],"executionMS":0.0006349086761474609} []
[2023-10-25T12:07:56.074319+00:00] log.DEBUG: SELECT userlevelid, userlevelname FROM userlevels {"params":[],"types":[],"executionMS":0.0005550384521484375} []
[2023-10-25T12:07:56.075116+00:00] log.DEBUG: SELECT COUNT(*) FROM userlevelpermissions WHERE userlevelid = -2 {"params":[],"types":[],"executionMS":0.0006999969482421875} []
[2023-10-25T12:07:56.075924+00:00] log.DEBUG: SELECT tablename, userlevelid, permission FROM userlevelpermissions WHERE userlevelid IN (-2) {"params":[],"types":[],"executionMS":0.0007050037384033203} []
[2023-10-25T12:07:56.078175+00:00] log.DEBUG: SHOW TABLE STATUS WHERE Engine = 'MyISAM' AND Name = 'usuarios' {"params":[],"types":[],"executionMS":0.0015490055084228516} []
[2023-10-25T12:18:04.720620+00:00] log.DEBUG: SELECT COUNT(*) FROM userlevels WHERE userlevelid = -2 {"params":[],"types":[],"executionMS":0.00084686279296875} []
[2023-10-25T12:18:04.721640+00:00] log.DEBUG: SELECT userlevelid, userlevelname FROM userlevels {"params":[],"types":[],"executionMS":0.0006649494171142578} []
[2023-10-25T12:18:04.722363+00:00] log.DEBUG: SELECT COUNT(*) FROM userlevelpermissions WHERE userlevelid = -2 {"params":[],"types":[],"executionMS":0.000576019287109375} []
[2023-10-25T12:18:04.723187+00:00] log.DEBUG: SELECT tablename, userlevelid, permission FROM userlevelpermissions WHERE userlevelid IN (-2) {"params":[],"types":[],"executionMS":0.0006959438323974609} []
[2023-10-25T12:18:04.725512+00:00] log.DEBUG: SHOW TABLE STATUS WHERE Engine = 'MyISAM' AND Name = 'usuarios' {"params":[],"types":[],"executionMS":0.001383066177368164} []
[2023-10-25T12:18:15.285056+00:00] log.DEBUG: SELECT t0.codnum AS codnum_1, t0.usuario AS usuario_2, t0.nombre AS nombre_3, t0.clave AS clave_4, t0.nivel AS nivel_5, t0.activo AS activo_6, t0.email AS email_7, t0.perfil AS perfil_8 FROM usuarios t0 WHERE t0.usuario = ? LIMIT 1 {"params":["RICARDOC"],"types":["string"],"executionMS":0.0008890628814697266} []
[2023-10-25T12:18:15.286052+00:00] log.DEBUG: SELECT COUNT(*) FROM userlevels WHERE userlevelid = -2 {"params":[],"types":[],"executionMS":0.0004570484161376953} []
[2023-10-25T12:18:15.286616+00:00] log.DEBUG: SELECT userlevelid, userlevelname FROM userlevels {"params":[],"types":[],"executionMS":0.00043201446533203125} []
[2023-10-25T12:18:15.287169+00:00] log.DEBUG: SELECT COUNT(*) FROM userlevelpermissions WHERE userlevelid = -2 {"params":[],"types":[],"executionMS":0.0004730224609375} []
[2023-10-25T12:18:15.288831+00:00] log.DEBUG: SELECT tablename, userlevelid, permission FROM userlevelpermissions {"params":[],"types":[],"executionMS":0.0015959739685058594} []
[2023-10-25T12:18:15.667234+00:00] log.DEBUG: SELECT t0.codnum AS codnum_1, t0.usuario AS usuario_2, t0.nombre AS nombre_3, t0.clave AS clave_4, t0.nivel AS nivel_5, t0.activo AS activo_6, t0.email AS email_7, t0.perfil AS perfil_8 FROM usuarios t0 WHERE t0.usuario = ? LIMIT 1 {"params":["Administrator"],"types":["string"],"executionMS":0.00090789794921875} []
[2023-10-25T12:18:20.212109+00:00] log.DEBUG: SHOW TABLE STATUS WHERE Engine = 'MyISAM' AND Name = 'remates' {"params":[],"types":[],"executionMS":0.001984834671020508} []
[2023-10-25T12:18:20.216877+00:00] log.DEBUG: SELECT t0.codnum AS codnum_1, t0.usuario AS usuario_2, t0.nombre AS nombre_3, t0.clave AS clave_4, t0.nivel AS nivel_5, t0.activo AS activo_6, t0.email AS email_7, t0.perfil AS perfil_8 FROM usuarios t0 WHERE t0.usuario = ? LIMIT 1 {"params":["Administrator"],"types":["string"],"executionMS":0.0008418560028076172} []
[2023-10-25T12:18:20.219480+00:00] log.DEBUG: SHOW TABLE STATUS WHERE Engine = 'MyISAM' AND Name = 'tipcomp' {"params":[],"types":[],"executionMS":0.0013470649719238281} []
[2023-10-25T12:18:20.221456+00:00] log.DEBUG: SHOW TABLE STATUS WHERE Engine = 'MyISAM' AND Name = 'series' {"params":[],"types":[],"executionMS":0.0013298988342285156} []
[2023-10-25T12:18:20.223275+00:00] log.DEBUG: SHOW TABLE STATUS WHERE Engine = 'MyISAM' AND Name = 'entidades' {"params":[],"types":[],"executionMS":0.0012700557708740234} []
[2023-10-25T12:18:20.225387+00:00] log.DEBUG: SHOW TABLE STATUS WHERE Engine = 'MyISAM' AND Name = 'paises' {"params":[],"types":[],"executionMS":0.0012509822845458984} []
[2023-10-25T12:18:20.227178+00:00] log.DEBUG: SHOW TABLE STATUS WHERE Engine = 'MyISAM' AND Name = 'provincias' {"params":[],"types":[],"executionMS":0.0012590885162353516} []
[2023-10-25T12:18:20.228894+00:00] log.DEBUG: SHOW TABLE STATUS WHERE Engine = 'MyISAM' AND Name = 'localidades' {"params":[],"types":[],"executionMS":0.0011289119720458984} []
[2023-10-25T12:18:20.230867+00:00] log.DEBUG: SELECT COUNT(*) FROM remates {"params":[],"types":[],"executionMS":0.001043081283569336} []
[2023-10-25T12:18:20.232314+00:00] log.DEBUG: SELECT * FROM remates ORDER BY `ncomp` DESC LIMIT 20 {"params":[],"types":[],"executionMS":0.0011489391326904297} []
[2023-10-25T12:18:20.237865+00:00] log.DEBUG: SHOW TABLE STATUS WHERE Engine = 'MyISAM' AND Name = 'lotes' {"params":[],"types":[],"executionMS":0.0013918876647949219} []
[2023-10-25T12:18:20.240345+00:00] log.DEBUG: SELECT COUNT(*) FROM lotes WHERE `codrem` = NULL {"params":[],"types":[],"executionMS":0.0014159679412841797} []
[2023-10-25T12:18:20.243389+00:00] log.DEBUG: SELECT COUNT(*) FROM lotes WHERE `codrem` = NULL {"params":[],"types":[],"executionMS":0.001683950424194336} []
[2023-10-25T12:18:20.245707+00:00] log.DEBUG: SELECT `codnum` AS `lf`, `descripcion` AS `df`, '' AS `df2`, '' AS `df3`, '' AS `df4` FROM tipcomp WHERE `codnum` = 4 AND `codnum` = 4 ORDER BY `descripcion` ASC {"params":[],"types":[],"executionMS":0.0007419586181640625} []
[2023-10-25T12:18:20.246704+00:00] log.DEBUG: SELECT `codnum` AS `lf`, `descripcion` AS `df`, '' AS `df2`, '' AS `df3`, '' AS `df4` FROM series WHERE `codnum` = 4 AND `codnum` = 4 ORDER BY `descripcion` ASC {"params":[],"types":[],"executionMS":0.0004799365997314453} []
[2023-10-25T12:18:20.247757+00:00] log.DEBUG: SELECT `codnum` AS `lf`, `razsoc` AS `df`, '' AS `df2`, '' AS `df3`, '' AS `df4` FROM entidades WHERE `codnum` = 940 AND `tipoent` = 1 ORDER BY `razsoc` ASC {"params":[],"types":[],"executionMS":0.0004820823669433594} []
[2023-10-25T12:18:20.248447+00:00] log.DEBUG: SELECT `codnum` AS `lf`, `descripcion` AS `df`, '' AS `df2`, '' AS `df3`, '' AS `df4` FROM paises WHERE `codnum` = 1 ORDER BY `descripcion` ASC {"params":[],"types":[],"executionMS":0.00037097930908203125} []
[2023-10-25T12:18:20.249035+00:00] log.DEBUG: SELECT `codnum` AS `lf`, `descripcion` AS `df`, '' AS `df2`, '' AS `df3`, '' AS `df4` FROM provincias WHERE `codnum` = 2 ORDER BY `descripcion` ASC {"params":[],"types":[],"executionMS":0.0003581047058105469} []
[2023-10-25T12:18:20.250891+00:00] log.DEBUG: SELECT `codnum` AS `lf`, `descripcion` AS `df`, '' AS `df2`, '' AS `df3`, '' AS `df4` FROM localidades WHERE `codnum` = 413 ORDER BY `descripcion` ASC {"params":[],"types":[],"executionMS":0.001605987548828125} []
[2023-10-25T12:18:20.252858+00:00] log.DEBUG: SELECT COUNT(*) FROM lotes WHERE `codrem` = 187 {"params":[],"types":[],"executionMS":0.0012090206146240234} []
[2023-10-25T12:18:20.254378+00:00] log.DEBUG: SELECT COUNT(*) FROM lotes WHERE `codrem` = 187 {"params":[],"types":[],"executionMS":0.0012710094451904297} []
[2023-10-25T12:18:20.258524+00:00] log.DEBUG: SELECT COUNT(*) FROM lotes WHERE `codrem` = 186 {"params":[],"types":[],"executionMS":0.0016160011291503906} []
[2023-10-25T12:18:20.259990+00:00] log.DEBUG: SELECT COUNT(*) FROM lotes WHERE `codrem` = 186 {"params":[],"types":[],"executionMS":0.0012140274047851562} []
[2023-10-25T12:18:20.264045+00:00] log.DEBUG: SELECT COUNT(*) FROM lotes WHERE `codrem` = 185 {"params":[],"types":[],"executionMS":0.0015320777893066406} []
[2023-10-25T12:18:20.265536+00:00] log.DEBUG: SELECT COUNT(*) FROM lotes WHERE `codrem` = 185 {"params":[],"types":[],"executionMS":0.0012478828430175781} []
[2023-10-25T12:18:20.269687+00:00] log.DEBUG: SELECT COUNT(*) FROM lotes WHERE `codrem` = 184 {"params":[],"types":[],"executionMS":0.001664876937866211} []
[2023-10-25T12:18:20.273383+00:00] log.DEBUG: SELECT COUNT(*) FROM lotes WHERE `codrem` = 184 {"params":[],"types":[],"executionMS":0.003448009490966797} []
[2023-10-25T12:18:20.277474+00:00] log.DEBUG: SELECT COUNT(*) FROM lotes WHERE `codrem` = 183 {"params":[],"types":[],"executionMS":0.0015690326690673828} []
[2023-10-25T12:18:20.278949+00:00] log.DEBUG: SELECT COUNT(*) FROM lotes WHERE `codrem` = 183 {"params":[],"types":[],"executionMS":0.0012280941009521484} []
[2023-10-25T12:18:20.281453+00:00] log.DEBUG: SELECT `codnum` AS `lf`, `razsoc` AS `df`, '' AS `df2`, '' AS `df3`, '' AS `df4` FROM entidades WHERE `codnum` = 1207 AND `tipoent` = 1 ORDER BY `razsoc` ASC {"params":[],"types":[],"executionMS":0.000843048095703125} []
[2023-10-25T12:18:20.284581+00:00] log.DEBUG: SELECT COUNT(*) FROM lotes WHERE `codrem` = 182 {"params":[],"types":[],"executionMS":0.001847982406616211} []
[2023-10-25T12:18:20.286234+00:00] log.DEBUG: SELECT COUNT(*) FROM lotes WHERE `codrem` = 182 {"params":[],"types":[],"executionMS":0.0013720989227294922} []
[2023-10-25T12:18:20.290460+00:00] log.DEBUG: SELECT COUNT(*) FROM lotes WHERE `codrem` = 181 {"params":[],"types":[],"executionMS":0.0018279552459716797} []
[2023-10-25T12:18:20.291909+00:00] log.DEBUG: SELECT COUNT(*) FROM lotes WHERE `codrem` = 181 {"params":[],"types":[],"executionMS":0.0011990070343017578} []
[2023-10-25T12:18:20.296278+00:00] log.DEBUG: SELECT COUNT(*) FROM lotes WHERE `codrem` = 180 {"params":[],"types":[],"executionMS":0.0020058155059814453} []
[2023-10-25T12:18:20.297797+00:00] log.DEBUG: SELECT COUNT(*) FROM lotes WHERE `codrem` = 180 {"params":[],"types":[],"executionMS":0.0012519359588623047} []
[2023-10-25T12:18:20.301604+00:00] log.DEBUG: SELECT COUNT(*) FROM lotes WHERE `codrem` = 179 {"params":[],"types":[],"executionMS":0.0014491081237792969} []
[2023-10-25T12:18:20.303059+00:00] log.DEBUG: SELECT COUNT(*) FROM lotes WHERE `codrem` = 179 {"params":[],"types":[],"executionMS":0.0012159347534179688} []
[2023-10-25T12:18:20.307582+00:00] log.DEBUG: SELECT COUNT(*) FROM lotes WHERE `codrem` = 178 {"params":[],"types":[],"executionMS":0.0022139549255371094} []
[2023-10-25T12:18:20.309227+00:00] log.DEBUG: SELECT COUNT(*) FROM lotes WHERE `codrem` = 178 {"params":[],"types":[],"executionMS":0.0013780593872070312} []
[2023-10-25T12:18:20.314120+00:00] log.DEBUG: SELECT COUNT(*) FROM lotes WHERE `codrem` = 177 {"params":[],"types":[],"executionMS":0.0024750232696533203} []
[2023-10-25T12:18:20.315839+00:00] log.DEBUG: SELECT COUNT(*) FROM lotes WHERE `codrem` = 177 {"params":[],"types":[],"executionMS":0.0014300346374511719} []
[2023-10-25T12:18:20.318427+00:00] log.DEBUG: SELECT `codnum` AS `lf`, `razsoc` AS `df`, '' AS `df2`, '' AS `df3`, '' AS `df4` FROM entidades WHERE `codnum` = 15946 AND `tipoent` = 1 ORDER BY `razsoc` ASC {"params":[],"types":[],"executionMS":0.0008578300476074219} []
[2023-10-25T12:18:20.322149+00:00] log.DEBUG: SELECT COUNT(*) FROM lotes WHERE `codrem` = 176 {"params":[],"types":[],"executionMS":0.0019562244415283203} []
[2023-10-25T12:18:20.323811+00:00] log.DEBUG: SELECT COUNT(*) FROM lotes WHERE `codrem` = 176 {"params":[],"types":[],"executionMS":0.0012829303741455078} []
[2023-10-25T12:18:20.327857+00:00] log.DEBUG: SELECT COUNT(*) FROM lotes WHERE `codrem` = 175 {"params":[],"types":[],"executionMS":0.0014019012451171875} []
[2023-10-25T12:18:20.330155+00:00] log.DEBUG: SELECT COUNT(*) FROM lotes WHERE `codrem` = 175 {"params":[],"types":[],"executionMS":0.002001047134399414} []
[2023-10-25T12:18:20.335121+00:00] log.DEBUG: SELECT COUNT(*) FROM lotes WHERE `codrem` = 174 {"params":[],"types":[],"executionMS":0.0017631053924560547} []
[2023-10-25T12:18:20.336898+00:00] log.DEBUG: SELECT COUNT(*) FROM lotes WHERE `codrem` = 174 {"params":[],"types":[],"executionMS":0.0013399124145507812} []
[2023-10-25T12:18:20.342291+00:00] log.DEBUG: SELECT COUNT(*) FROM lotes WHERE `codrem` = 173 {"params":[],"types":[],"executionMS":0.0015900135040283203} []
[2023-10-25T12:18:20.343745+00:00] log.DEBUG: SELECT COUNT(*) FROM lotes WHERE `codrem` = 173 {"params":[],"types":[],"executionMS":0.0012090206146240234} []
[2023-10-25T12:18:20.346361+00:00] log.DEBUG: SELECT `codnum` AS `lf`, `razsoc` AS `df`, '' AS `df2`, '' AS `df3`, '' AS `df4` FROM entidades WHERE `codnum` = 16094 AND `tipoent` = 1 ORDER BY `razsoc` ASC {"params":[],"types":[],"executionMS":0.0009667873382568359} []
[2023-10-25T12:18:20.349814+00:00] log.DEBUG: SELECT COUNT(*) FROM lotes WHERE `codrem` = 172 {"params":[],"types":[],"executionMS":0.0016930103302001953} []
[2023-10-25T12:18:20.351357+00:00] log.DEBUG: SELECT COUNT(*) FROM lotes WHERE `codrem` = 172 {"params":[],"types":[],"executionMS":0.0012700557708740234} []
[2023-10-25T12:18:20.355320+00:00] log.DEBUG: SELECT COUNT(*) FROM lotes WHERE `codrem` = 171 {"params":[],"types":[],"executionMS":0.0015749931335449219} []
[2023-10-25T12:18:20.356920+00:00] log.DEBUG: SELECT COUNT(*) FROM lotes WHERE `codrem` = 171 {"params":[],"types":[],"executionMS":0.0013380050659179688} []
[2023-10-25T12:18:20.361075+00:00] log.DEBUG: SELECT COUNT(*) FROM lotes WHERE `codrem` = 170 {"params":[],"types":[],"executionMS":0.0017018318176269531} []
[2023-10-25T12:18:20.362637+00:00] log.DEBUG: SELECT COUNT(*) FROM lotes WHERE `codrem` = 170 {"params":[],"types":[],"executionMS":0.001280069351196289} []
[2023-10-25T12:18:20.365019+00:00] log.DEBUG: SELECT `codnum` AS `lf`, `razsoc` AS `df`, '' AS `df2`, '' AS `df3`, '' AS `df4` FROM entidades WHERE `codnum` = 10249 AND `tipoent` = 1 ORDER BY `razsoc` ASC {"params":[],"types":[],"executionMS":0.0007328987121582031} []
[2023-10-25T12:18:20.367823+00:00] log.DEBUG: SELECT COUNT(*) FROM lotes WHERE `codrem` = 169 {"params":[],"types":[],"executionMS":0.0015108585357666016} []
[2023-10-25T12:18:20.369297+00:00] log.DEBUG: SELECT COUNT(*) FROM lotes WHERE `codrem` = 169 {"params":[],"types":[],"executionMS":0.0012431144714355469} []
[2023-10-25T12:18:20.371625+00:00] log.DEBUG: SELECT `codnum` AS `lf`, `razsoc` AS `df`, '' AS `df2`, '' AS `df3`, '' AS `df4` FROM entidades WHERE `codnum` = 12156 AND `tipoent` = 1 ORDER BY `razsoc` ASC {"params":[],"types":[],"executionMS":0.0006039142608642578} []
[2023-10-25T12:18:20.375089+00:00] log.DEBUG: SELECT COUNT(*) FROM lotes WHERE `codrem` = 168 {"params":[],"types":[],"executionMS":0.0017578601837158203} []
[2023-10-25T12:18:20.376576+00:00] log.DEBUG: SELECT COUNT(*) FROM lotes WHERE `codrem` = 168 {"params":[],"types":[],"executionMS":0.0012478828430175781} []
[2023-10-25T12:18:31.023792+00:00] log.DEBUG: SELECT t0.codnum AS codnum_1, t0.usuario AS usuario_2, t0.nombre AS nombre_3, t0.clave AS clave_4, t0.nivel AS nivel_5, t0.activo AS activo_6, t0.email AS email_7, t0.perfil AS perfil_8 FROM usuarios t0 WHERE t0.usuario = ? LIMIT 1 {"params":["Administrator"],"types":["string"],"executionMS":0.0011730194091796875} []
[2023-10-25T12:18:31.027196+00:00] log.DEBUG: SHOW TABLE STATUS WHERE Engine = 'MyISAM' AND Name = 'dir_remates' {"params":[],"types":[],"executionMS":0.0019218921661376953} []
[2023-10-25T12:18:31.029637+00:00] log.DEBUG: SELECT COUNT(*) FROM lotes WHERE `codrem` = 187 {"params":[],"types":[],"executionMS":0.0015430450439453125} []
[2023-10-25T12:18:31.031551+00:00] log.DEBUG: SELECT COUNT(*) FROM lotes WHERE `codrem` = 187 {"params":[],"types":[],"executionMS":0.0016651153564453125} []
[2023-10-25T12:18:31.035956+00:00] log.DEBUG: SELECT * FROM lotes WHERE `codrem` = 187 LIMIT 20 {"params":[],"types":[],"executionMS":0.004258155822753906} []
[2023-10-25T12:18:31.040106+00:00] log.DEBUG: SELECT `ncomp` AS `lf`, `ncomp` AS `df`, `observacion` AS `df2`, '' AS `df3`, '' AS `df4` FROM remates WHERE `ncomp` = 187 ORDER BY `ncomp` DESC {"params":[],"types":[],"executionMS":0.0009911060333251953} []
[2023-10-25T12:18:49.410831+00:00] log.DEBUG: SELECT t0.codnum AS codnum_1, t0.usuario AS usuario_2, t0.nombre AS nombre_3, t0.clave AS clave_4, t0.nivel AS nivel_5, t0.activo AS activo_6, t0.email AS email_7, t0.perfil AS perfil_8 FROM usuarios t0 WHERE t0.usuario = ? LIMIT 1 {"params":["Administrator"],"types":["string"],"executionMS":0.0014748573303222656} []
[2023-10-25T12:18:49.420289+00:00] log.DEBUG: SELECT COUNT(*) FROM lotes WHERE `codrem` = 187 {"params":[],"types":[],"executionMS":0.007714033126831055} []
[2023-10-25T12:18:49.422006+00:00] log.DEBUG: SELECT COUNT(*) FROM lotes WHERE `codrem` = 187 {"params":[],"types":[],"executionMS":0.001439809799194336} []
[2023-10-25T12:18:49.426402+00:00] log.DEBUG: SELECT * FROM lotes WHERE `codrem` = 187 LIMIT 20 {"params":[],"types":[],"executionMS":0.0042150020599365234} []
[2023-10-25T12:18:49.430034+00:00] log.DEBUG: SELECT `ncomp` AS `lf`, `ncomp` AS `df`, `observacion` AS `df2`, '' AS `df3`, '' AS `df4` FROM remates WHERE `ncomp` = 187 ORDER BY `ncomp` DESC {"params":[],"types":[],"executionMS":0.0009570121765136719} []
[2023-10-25T12:30:37.855169+00:00] log.DEBUG: SELECT COUNT(*) FROM userlevels WHERE userlevelid = -2 {"params":[],"types":[],"executionMS":0.0009620189666748047} []
[2023-10-25T12:30:37.856334+00:00] log.DEBUG: SELECT userlevelid, userlevelname FROM userlevels {"params":[],"types":[],"executionMS":0.0008099079132080078} []
[2023-10-25T12:30:37.857055+00:00] log.DEBUG: SELECT COUNT(*) FROM userlevelpermissions WHERE userlevelid = -2 {"params":[],"types":[],"executionMS":0.0005998611450195312} []
[2023-10-25T12:30:37.857892+00:00] log.DEBUG: SELECT tablename, userlevelid, permission FROM userlevelpermissions WHERE userlevelid IN (-2) {"params":[],"types":[],"executionMS":0.0006768703460693359} []
[2023-10-25T12:30:40.630482+00:00] log.DEBUG: SHOW TABLE STATUS WHERE Engine = 'MyISAM' AND Name = 'usuarios' {"params":[],"types":[],"executionMS":0.002287149429321289} []
[2023-10-25T12:30:44.298852+00:00] log.DEBUG: SELECT t0.codnum AS codnum_1, t0.usuario AS usuario_2, t0.nombre AS nombre_3, t0.clave AS clave_4, t0.nivel AS nivel_5, t0.activo AS activo_6, t0.email AS email_7, t0.perfil AS perfil_8 FROM usuarios t0 WHERE t0.usuario = ? LIMIT 1 {"params":["RICARDOC"],"types":["string"],"executionMS":0.0013151168823242188} []
[2023-10-25T12:30:44.299986+00:00] log.DEBUG: SELECT COUNT(*) FROM userlevels WHERE userlevelid = -2 {"params":[],"types":[],"executionMS":0.0006220340728759766} []
[2023-10-25T12:30:44.300850+00:00] log.DEBUG: SELECT userlevelid, userlevelname FROM userlevels {"params":[],"types":[],"executionMS":0.0007529258728027344} []
[2023-10-25T12:30:44.301533+00:00] log.DEBUG: SELECT COUNT(*) FROM userlevelpermissions WHERE userlevelid = -2 {"params":[],"types":[],"executionMS":0.0006220340728759766} []
[2023-10-25T12:30:44.303745+00:00] log.DEBUG: SELECT tablename, userlevelid, permission FROM userlevelpermissions {"params":[],"types":[],"executionMS":0.002154111862182617} []
[2023-10-25T12:30:44.713942+00:00] log.DEBUG: SELECT t0.codnum AS codnum_1, t0.usuario AS usuario_2, t0.nombre AS nombre_3, t0.clave AS clave_4, t0.nivel AS nivel_5, t0.activo AS activo_6, t0.email AS email_7, t0.perfil AS perfil_8 FROM usuarios t0 WHERE t0.usuario = ? LIMIT 1 {"params":["Administrator"],"types":["string"],"executionMS":0.001241922378540039} []
[2023-10-25T12:30:52.977495+00:00] log.DEBUG: SHOW TABLE STATUS WHERE Engine = 'MyISAM' AND Name = 'entidades' {"params":[],"types":[],"executionMS":0.0024199485778808594} []
[2023-10-25T12:30:52.991845+00:00] log.DEBUG: SELECT t0.codnum AS codnum_1, t0.usuario AS usuario_2, t0.nombre AS nombre_3, t0.clave AS clave_4, t0.nivel AS nivel_5, t0.activo AS activo_6, t0.email AS email_7, t0.perfil AS perfil_8 FROM usuarios t0 WHERE t0.usuario = ? LIMIT 1 {"params":["Administrator"],"types":["string"],"executionMS":0.0009601116180419922} []
[2023-10-25T12:30:52.994289+00:00] log.DEBUG: SHOW TABLE STATUS WHERE Engine = 'MyISAM' AND Name = 'paises' {"params":[],"types":[],"executionMS":0.0013079643249511719} []
[2023-10-25T12:30:52.995838+00:00] log.DEBUG: SHOW TABLE STATUS WHERE Engine = 'MyISAM' AND Name = 'provincias' {"params":[],"types":[],"executionMS":0.0011661052703857422} []
[2023-10-25T12:30:52.997389+00:00] log.DEBUG: SHOW TABLE STATUS WHERE Engine = 'MyISAM' AND Name = 'localidades' {"params":[],"types":[],"executionMS":0.0012111663818359375} []
[2023-10-25T12:30:53.004424+00:00] log.DEBUG: SHOW TABLE STATUS WHERE Engine = 'MyISAM' AND Name = 'tipoenti' {"params":[],"types":[],"executionMS":0.0014870166778564453} []
[2023-10-25T12:30:53.009848+00:00] log.DEBUG: SHOW TABLE STATUS WHERE Engine = 'MyISAM' AND Name = 'tipoiva' {"params":[],"types":[],"executionMS":0.0014438629150390625} []
[2023-10-25T12:30:53.015392+00:00] log.DEBUG: SHOW TABLE STATUS WHERE Engine = 'MyISAM' AND Name = 'calificacion' {"params":[],"types":[],"executionMS":0.0014948844909667969} []
[2023-10-25T12:30:53.020418+00:00] log.DEBUG: SHOW TABLE STATUS WHERE Engine = 'MyISAM' AND Name = 'tipoindustria' {"params":[],"types":[],"executionMS":0.0013320446014404297} []
[2023-10-25T12:30:53.025271+00:00] log.DEBUG: SELECT COUNT(*) FROM entidades {"params":[],"types":[],"executionMS":0.00428009033203125} []
[2023-10-25T12:30:53.026357+00:00] log.DEBUG: SELECT * FROM entidades LIMIT 20 {"params":[],"types":[],"executionMS":0.0008859634399414062} []
[2023-10-25T12:30:53.034464+00:00] log.DEBUG: SELECT `codnum` AS `lf`, `descripcion` AS `df`, '' AS `df2`, '' AS `df3`, '' AS `df4` FROM paises WHERE `codnum` = 1 ORDER BY `descripcion` ASC {"params":[],"types":[],"executionMS":0.0012788772583007812} []
[2023-10-25T12:30:53.035563+00:00] log.DEBUG: SELECT `codnum` AS `lf`, `descripcion` AS `df`, '' AS `df2`, '' AS `df3`, '' AS `df4` FROM provincias WHERE `codnum` = 2 ORDER BY `descripcion` ASC {"params":[],"types":[],"executionMS":0.0006351470947265625} []
[2023-10-25T12:30:53.036385+00:00] log.DEBUG: SELECT `codnum` AS `lf`, `descripcion` AS `df`, '' AS `df2`, '' AS `df3`, '' AS `df4` FROM localidades WHERE `codnum` = 413 ORDER BY `descripcion` ASC {"params":[],"types":[],"executionMS":0.0005581378936767578} []
[2023-10-25T12:30:53.037176+00:00] log.DEBUG: SELECT `codnum` AS `lf`, `descripcion` AS `df`, '' AS `df2`, '' AS `df3`, '' AS `df4` FROM tipoenti WHERE `codnum` = 3 ORDER BY `descripcion` ASC {"params":[],"types":[],"executionMS":0.0005528926849365234} []
[2023-10-25T12:30:53.037981+00:00] log.DEBUG: SELECT `codnum` AS `lf`, `descrip` AS `df`, '' AS `df2`, '' AS `df3`, '' AS `df4` FROM tipoiva WHERE `codnum` = 1 ORDER BY `descrip` ASC {"params":[],"types":[],"executionMS":0.0005350112915039062} []
[2023-10-25T12:30:53.038974+00:00] log.DEBUG: SELECT `codnum` AS `lf`, `descripcion` AS `df`, '' AS `df2`, '' AS `df3`, '' AS `df4` FROM calificacion WHERE `codnum` = 4 ORDER BY `descripcion` ASC {"params":[],"types":[],"executionMS":0.0007150173187255859} []
[2023-10-25T12:30:53.040530+00:00] log.DEBUG: SELECT `codnum` AS `lf`, `nomre` AS `df`, '' AS `df2`, '' AS `df3`, '' AS `df4` FROM tipoindustria WHERE `codnum` = 9 {"params":[],"types":[],"executionMS":0.0009090900421142578} []
[2023-10-25T12:30:53.043452+00:00] log.DEBUG: SELECT `codnum` AS `lf`, `descripcion` AS `df`, '' AS `df2`, '' AS `df3`, '' AS `df4` FROM tipoenti WHERE `codnum` = 1 ORDER BY `descripcion` ASC {"params":[],"types":[],"executionMS":0.0008220672607421875} []
[2023-10-25T12:30:53.044641+00:00] log.DEBUG: SELECT `codnum` AS `lf`, `nomre` AS `df`, '' AS `df2`, '' AS `df3`, '' AS `df4` FROM tipoindustria WHERE `codnum` = 1 {"params":[],"types":[],"executionMS":0.0005099773406982422} []
[2023-10-25T12:30:53.047187+00:00] log.DEBUG: SELECT `codnum` AS `lf`, `descripcion` AS `df`, '' AS `df2`, '' AS `df3`, '' AS `df4` FROM provincias WHERE `codnum` = 1 ORDER BY `descripcion` ASC {"params":[],"types":[],"executionMS":0.0007488727569580078} []
[2023-10-25T12:30:53.047933+00:00] log.DEBUG: SELECT `codnum` AS `lf`, `descripcion` AS `df`, '' AS `df2`, '' AS `df3`, '' AS `df4` FROM localidades WHERE `codnum` = 9 ORDER BY `descripcion` ASC {"params":[],"types":[],"executionMS":0.0004889965057373047} []
[2023-10-25T12:30:53.048831+00:00] log.DEBUG: SELECT `codnum` AS `lf`, `descripcion` AS `df`, '' AS `df2`, '' AS `df3`, '' AS `df4` FROM calificacion WHERE `codnum` = 1 ORDER BY `descripcion` ASC {"params":[],"types":[],"executionMS":0.00046896934509277344} []
[2023-10-25T12:30:53.054502+00:00] log.DEBUG: SELECT `codnum` AS `lf`, `descripcion` AS `df`, '' AS `df2`, '' AS `df3`, '' AS `df4` FROM localidades WHERE `codnum` = 934 ORDER BY `descripcion` ASC {"params":[],"types":[],"executionMS":0.0009520053863525391} []
[2023-10-25T12:30:53.056034+00:00] log.DEBUG: SELECT `codnum` AS `lf`, `nomre` AS `df`, '' AS `df2`, '' AS `df3`, '' AS `df4` FROM tipoindustria WHERE `codnum` = 35 {"params":[],"types":[],"executionMS":0.0006849765777587891} []
[2023-10-25T12:30:53.058546+00:00] log.DEBUG: SELECT `codnum` AS `lf`, `descripcion` AS `df`, '' AS `df2`, '' AS `df3`, '' AS `df4` FROM localidades WHERE `codnum` = 28 ORDER BY `descripcion` ASC {"params":[],"types":[],"executionMS":0.0008230209350585938} []
[2023-10-25T12:30:53.061840+00:00] log.DEBUG: SELECT `codnum` AS `lf`, `descripcion` AS `df`, '' AS `df2`, '' AS `df3`, '' AS `df4` FROM localidades WHERE `codnum` = 380 ORDER BY `descripcion` ASC {"params":[],"types":[],"executionMS":0.0008988380432128906} []
[2023-10-25T12:30:53.063346+00:00] log.DEBUG: SELECT `codnum` AS `lf`, `nomre` AS `df`, '' AS `df2`, '' AS `df3`, '' AS `df4` FROM tipoindustria WHERE `codnum` = 34 {"params":[],"types":[],"executionMS":0.0006189346313476562} []
[2023-10-25T12:30:53.065880+00:00] log.DEBUG: SELECT `codnum` AS `lf`, `descripcion` AS `df`, '' AS `df2`, '' AS `df3`, '' AS `df4` FROM localidades WHERE `codnum` = 13 ORDER BY `descripcion` ASC {"params":[],"types":[],"executionMS":0.0009179115295410156} []
[2023-10-25T12:30:53.068822+00:00] log.DEBUG: SELECT `codnum` AS `lf`, `descripcion` AS `df`, '' AS `df2`, '' AS `df3`, '' AS `df4` FROM localidades WHERE `codnum` = 8 ORDER BY `descripcion` ASC {"params":[],"types":[],"executionMS":0.0007719993591308594} []
[2023-10-25T12:30:53.074829+00:00] log.DEBUG: SELECT `codnum` AS `lf`, `nomre` AS `df`, '' AS `df2`, '' AS `df3`, '' AS `df4` FROM tipoindustria WHERE `codnum` = 21 {"params":[],"types":[],"executionMS":0.0008130073547363281} []
[2023-10-25T12:30:53.077540+00:00] log.DEBUG: SELECT `codnum` AS `lf`, `nomre` AS `df`, '' AS `df2`, '' AS `df3`, '' AS `df4` FROM tipoindustria WHERE `codnum` = 33 {"params":[],"types":[],"executionMS":0.0007190704345703125} []
[2023-10-25T12:30:53.082490+00:00] log.DEBUG: SELECT `codnum` AS `lf`, `descrip` AS `df`, '' AS `df2`, '' AS `df3`, '' AS `df4` FROM tipoiva WHERE `codnum` = 4 ORDER BY `descrip` ASC {"params":[],"types":[],"executionMS":0.003289937973022461} []
[2023-10-25T12:30:53.085558+00:00] log.DEBUG: SELECT `codnum` AS `lf`, `descripcion` AS `df`, '' AS `df2`, '' AS `df3`, '' AS `df4` FROM localidades WHERE `codnum` = 32 ORDER BY `descripcion` ASC {"params":[],"types":[],"executionMS":0.0007309913635253906} []
[2023-10-25T12:30:53.086891+00:00] log.DEBUG: SELECT `codnum` AS `lf`, `nomre` AS `df`, '' AS `df2`, '' AS `df3`, '' AS `df4` FROM tipoindustria WHERE `codnum` = 23 {"params":[],"types":[],"executionMS":0.0005090236663818359} []
[2023-10-25T12:30:53.089940+00:00] log.DEBUG: SELECT `codnum` AS `lf`, `nomre` AS `df`, '' AS `df2`, '' AS `df3`, '' AS `df4` FROM tipoindustria WHERE `codnum` = 22 {"params":[],"types":[],"executionMS":0.0009188652038574219} []
[2023-10-25T12:30:53.092484+00:00] log.DEBUG: SELECT `codnum` AS `lf`, `descripcion` AS `df`, '' AS `df2`, '' AS `df3`, '' AS `df4` FROM localidades WHERE `codnum` = 29 ORDER BY `descripcion` ASC {"params":[],"types":[],"executionMS":0.0008561611175537109} []
[2023-10-25T12:30:53.099520+00:00] log.DEBUG: SELECT `codnum` AS `lf`, `descripcion` AS `df`, '' AS `df2`, '' AS `df3`, '' AS `df4` FROM localidades WHERE `codnum` = 48 ORDER BY `descripcion` ASC {"params":[],"types":[],"executionMS":0.0007729530334472656} []
[2023-10-25T12:31:02.838254+00:00] log.DEBUG: SHOW TABLE STATUS WHERE Engine = 'MyISAM' AND Name = 'remates' {"params":[],"types":[],"executionMS":0.0023529529571533203} []
[2023-10-25T12:31:02.843510+00:00] log.DEBUG: SELECT t0.codnum AS codnum_1, t0.usuario AS usuario_2, t0.nombre AS nombre_3, t0.clave AS clave_4, t0.nivel AS nivel_5, t0.activo AS activo_6, t0.email AS email_7, t0.perfil AS perfil_8 FROM usuarios t0 WHERE t0.usuario = ? LIMIT 1 {"params":["Administrator"],"types":["string"],"executionMS":0.0009200572967529297} []
[2023-10-25T12:31:02.854659+00:00] log.DEBUG: SHOW TABLE STATUS WHERE Engine = 'MyISAM' AND Name = 'tipcomp' {"params":[],"types":[],"executionMS":0.001703023910522461} []
[2023-10-25T12:31:02.856644+00:00] log.DEBUG: SHOW TABLE STATUS WHERE Engine = 'MyISAM' AND Name = 'series' {"params":[],"types":[],"executionMS":0.0013570785522460938} []
[2023-10-25T12:31:02.859997+00:00] log.DEBUG: SELECT COUNT(*) FROM remates {"params":[],"types":[],"executionMS":0.0012140274047851562} []
[2023-10-25T12:31:02.861213+00:00] log.DEBUG: SELECT * FROM remates ORDER BY `ncomp` DESC LIMIT 20 {"params":[],"types":[],"executionMS":0.0010080337524414062} []
[2023-10-25T12:31:02.867171+00:00] log.DEBUG: SHOW TABLE STATUS WHERE Engine = 'MyISAM' AND Name = 'lotes' {"params":[],"types":[],"executionMS":0.0020940303802490234} []
[2023-10-25T12:31:02.869320+00:00] log.DEBUG: SELECT COUNT(*) FROM lotes WHERE `codrem` = NULL {"params":[],"types":[],"executionMS":0.0015010833740234375} []
[2023-10-25T12:31:02.871847+00:00] log.DEBUG: SELECT COUNT(*) FROM lotes WHERE `codrem` = NULL {"params":[],"types":[],"executionMS":0.0014929771423339844} []
[2023-10-25T12:31:02.873759+00:00] log.DEBUG: SELECT `codnum` AS `lf`, `descripcion` AS `df`, '' AS `df2`, '' AS `df3`, '' AS `df4` FROM tipcomp WHERE `codnum` = 4 AND `codnum` = 4 ORDER BY `descripcion` ASC {"params":[],"types":[],"executionMS":0.0007650852203369141} []
[2023-10-25T12:31:02.874770+00:00] log.DEBUG: SELECT `codnum` AS `lf`, `descripcion` AS `df`, '' AS `df2`, '' AS `df3`, '' AS `df4` FROM series WHERE `codnum` = 4 AND `codnum` = 4 ORDER BY `descripcion` ASC {"params":[],"types":[],"executionMS":0.00067901611328125} []
[2023-10-25T12:31:02.875633+00:00] log.DEBUG: SELECT `codnum` AS `lf`, `razsoc` AS `df`, '' AS `df2`, '' AS `df3`, '' AS `df4` FROM entidades WHERE `codnum` = 940 AND `tipoent` = 1 ORDER BY `razsoc` ASC {"params":[],"types":[],"executionMS":0.00048279762268066406} []
[2023-10-25T12:31:02.876357+00:00] log.DEBUG: SELECT `codnum` AS `lf`, `descripcion` AS `df`, '' AS `df2`, '' AS `df3`, '' AS `df4` FROM paises WHERE `codnum` = 1 ORDER BY `descripcion` ASC {"params":[],"types":[],"executionMS":0.0004589557647705078} []
[2023-10-25T12:31:02.877003+00:00] log.DEBUG: SELECT `codnum` AS `lf`, `descripcion` AS `df`, '' AS `df2`, '' AS `df3`, '' AS `df4` FROM provincias WHERE `codnum` = 2 ORDER BY `descripcion` ASC {"params":[],"types":[],"executionMS":0.00044798851013183594} []
[2023-10-25T12:31:02.877644+00:00] log.DEBUG: SELECT `codnum` AS `lf`, `descripcion` AS `df`, '' AS `df2`, '' AS `df3`, '' AS `df4` FROM localidades WHERE `codnum` = 413 ORDER BY `descripcion` ASC {"params":[],"types":[],"executionMS":0.0004379749298095703} []
[2023-10-25T12:31:02.879913+00:00] log.DEBUG: SELECT COUNT(*) FROM lotes WHERE `codrem` = 187 {"params":[],"types":[],"executionMS":0.001547098159790039} []
[2023-10-25T12:31:02.881544+00:00] log.DEBUG: SELECT COUNT(*) FROM lotes WHERE `codrem` = 187 {"params":[],"types":[],"executionMS":0.0014109611511230469} []
[2023-10-25T12:31:02.885935+00:00] log.DEBUG: SELECT COUNT(*) FROM lotes WHERE `codrem` = 186 {"params":[],"types":[],"executionMS":0.0018169879913330078} []
[2023-10-25T12:31:02.887494+00:00] log.DEBUG: SELECT COUNT(*) FROM lotes WHERE `codrem` = 186 {"params":[],"types":[],"executionMS":0.0013239383697509766} []
[2023-10-25T12:31:02.891496+00:00] log.DEBUG: SELECT COUNT(*) FROM lotes WHERE `codrem` = 185 {"params":[],"types":[],"executionMS":0.0017709732055664062} []
[2023-10-25T12:31:02.893082+00:00] log.DEBUG: SELECT COUNT(*) FROM lotes WHERE `codrem` = 185 {"params":[],"types":[],"executionMS":0.001371145248413086} []
[2023-10-25T12:31:02.896914+00:00] log.DEBUG: SELECT COUNT(*) FROM lotes WHERE `codrem` = 184 {"params":[],"types":[],"executionMS":0.0017268657684326172} []
[2023-10-25T12:31:02.898350+00:00] log.DEBUG: SELECT COUNT(*) FROM lotes WHERE `codrem` = 184 {"params":[],"types":[],"executionMS":0.001232147216796875} []
[2023-10-25T12:31:02.902392+00:00] log.DEBUG: SELECT COUNT(*) FROM lotes WHERE `codrem` = 183 {"params":[],"types":[],"executionMS":0.0018219947814941406} []
[2023-10-25T12:31:02.903893+00:00] log.DEBUG: SELECT COUNT(*) FROM lotes WHERE `codrem` = 183 {"params":[],"types":[],"executionMS":0.0012750625610351562} []
[2023-10-25T12:31:02.907049+00:00] log.DEBUG: SELECT `codnum` AS `lf`, `razsoc` AS `df`, '' AS `df2`, '' AS `df3`, '' AS `df4` FROM entidades WHERE `codnum` = 1207 AND `tipoent` = 1 ORDER BY `razsoc` ASC {"params":[],"types":[],"executionMS":0.0016398429870605469} []
[2023-10-25T12:31:02.909786+00:00] log.DEBUG: SELECT COUNT(*) FROM lotes WHERE `codrem` = 182 {"params":[],"types":[],"executionMS":0.00156402587890625} []
[2023-10-25T12:31:02.911292+00:00] log.DEBUG: SELECT COUNT(*) FROM lotes WHERE `codrem` = 182 {"params":[],"types":[],"executionMS":0.0013060569763183594} []
[2023-10-25T12:31:02.915373+00:00] log.DEBUG: SELECT COUNT(*) FROM lotes WHERE `codrem` = 181 {"params":[],"types":[],"executionMS":0.0016779899597167969} []
[2023-10-25T12:31:02.916759+00:00] log.DEBUG: SELECT COUNT(*) FROM lotes WHERE `codrem` = 181 {"params":[],"types":[],"executionMS":0.0011780261993408203} []
[2023-10-25T12:31:02.920852+00:00] log.DEBUG: SELECT COUNT(*) FROM lotes WHERE `codrem` = 180 {"params":[],"types":[],"executionMS":0.0018038749694824219} []
[2023-10-25T12:31:02.922534+00:00] log.DEBUG: SELECT COUNT(*) FROM lotes WHERE `codrem` = 180 {"params":[],"types":[],"executionMS":0.0014519691467285156} []
[2023-10-25T12:31:02.926873+00:00] log.DEBUG: SELECT COUNT(*) FROM lotes WHERE `codrem` = 179 {"params":[],"types":[],"executionMS":0.002003908157348633} []
[2023-10-25T12:31:02.928756+00:00] log.DEBUG: SELECT COUNT(*) FROM lotes WHERE `codrem` = 179 {"params":[],"types":[],"executionMS":0.0016651153564453125} []
[2023-10-25T12:31:02.940197+00:00] log.DEBUG: SELECT COUNT(*) FROM lotes WHERE `codrem` = 178 {"params":[],"types":[],"executionMS":0.008424043655395508} []
[2023-10-25T12:31:02.941819+00:00] log.DEBUG: SELECT COUNT(*) FROM lotes WHERE `codrem` = 178 {"params":[],"types":[],"executionMS":0.0013828277587890625} []
[2023-10-25T12:31:02.945966+00:00] log.DEBUG: SELECT COUNT(*) FROM lotes WHERE `codrem` = 177 {"params":[],"types":[],"executionMS":0.001773834228515625} []
[2023-10-25T12:31:02.947724+00:00] log.DEBUG: SELECT COUNT(*) FROM lotes WHERE `codrem` = 177 {"params":[],"types":[],"executionMS":0.0015380382537841797} []
[2023-10-25T12:31:02.950095+00:00] log.DEBUG: SELECT `codnum` AS `lf`, `razsoc` AS `df`, '' AS `df2`, '' AS `df3`, '' AS `df4` FROM entidades WHERE `codnum` = 15946 AND `tipoent` = 1 ORDER BY `razsoc` ASC {"params":[],"types":[],"executionMS":0.0007891654968261719} []
[2023-10-25T12:31:02.953405+00:00] log.DEBUG: SELECT COUNT(*) FROM lotes WHERE `codrem` = 176 {"params":[],"types":[],"executionMS":0.0016629695892333984} []
[2023-10-25T12:31:02.955095+00:00] log.DEBUG: SELECT COUNT(*) FROM lotes WHERE `codrem` = 176 {"params":[],"types":[],"executionMS":0.001477956771850586} []
[2023-10-25T12:31:02.959089+00:00] log.DEBUG: SELECT COUNT(*) FROM lotes WHERE `codrem` = 175 {"params":[],"types":[],"executionMS":0.0018188953399658203} []
[2023-10-25T12:31:02.960554+00:00] log.DEBUG: SELECT COUNT(*) FROM lotes WHERE `codrem` = 175 {"params":[],"types":[],"executionMS":0.0012509822845458984} []
[2023-10-25T12:31:02.964421+00:00] log.DEBUG: SELECT COUNT(*) FROM lotes WHERE `codrem` = 174 {"params":[],"types":[],"executionMS":0.001544952392578125} []
[2023-10-25T12:31:02.965997+00:00] log.DEBUG: SELECT COUNT(*) FROM lotes WHERE `codrem` = 174 {"params":[],"types":[],"executionMS":0.0013630390167236328} []
[2023-10-25T12:31:02.969920+00:00] log.DEBUG: SELECT COUNT(*) FROM lotes WHERE `codrem` = 173 {"params":[],"types":[],"executionMS":0.0016620159149169922} []
[2023-10-25T12:31:02.972193+00:00] log.DEBUG: SELECT COUNT(*) FROM lotes WHERE `codrem` = 173 {"params":[],"types":[],"executionMS":0.0017468929290771484} []
[2023-10-25T12:31:02.974573+00:00] log.DEBUG: SELECT `codnum` AS `lf`, `razsoc` AS `df`, '' AS `df2`, '' AS `df3`, '' AS `df4` FROM entidades WHERE `codnum` = 16094 AND `tipoent` = 1 ORDER BY `razsoc` ASC {"params":[],"types":[],"executionMS":0.0008051395416259766} []
[2023-10-25T12:31:02.981000+00:00] log.DEBUG: SELECT COUNT(*) FROM lotes WHERE `codrem` = 172 {"params":[],"types":[],"executionMS":0.00479888916015625} []
[2023-10-25T12:31:02.982769+00:00] log.DEBUG: SELECT COUNT(*) FROM lotes WHERE `codrem` = 172 {"params":[],"types":[],"executionMS":0.0015540122985839844} []
[2023-10-25T12:31:02.987076+00:00] log.DEBUG: SELECT COUNT(*) FROM lotes WHERE `codrem` = 171 {"params":[],"types":[],"executionMS":0.002001047134399414} []
[2023-10-25T12:31:02.988460+00:00] log.DEBUG: SELECT COUNT(*) FROM lotes WHERE `codrem` = 171 {"params":[],"types":[],"executionMS":0.0011761188507080078} []
[2023-10-25T12:31:02.992072+00:00] log.DEBUG: SELECT COUNT(*) FROM lotes WHERE `codrem` = 170 {"params":[],"types":[],"executionMS":0.0016510486602783203} []
[2023-10-25T12:31:02.993975+00:00] log.DEBUG: SELECT COUNT(*) FROM lotes WHERE `codrem` = 170 {"params":[],"types":[],"executionMS":0.00168609619140625} []
[2023-10-25T12:31:02.996333+00:00] log.DEBUG: SELECT `codnum` AS `lf`, `razsoc` AS `df`, '' AS `df2`, '' AS `df3`, '' AS `df4` FROM entidades WHERE `codnum` = 10249 AND `tipoent` = 1 ORDER BY `razsoc` ASC {"params":[],"types":[],"executionMS":0.0008091926574707031} []
[2023-10-25T12:31:02.998831+00:00] log.DEBUG: SELECT COUNT(*) FROM lotes WHERE `codrem` = 169 {"params":[],"types":[],"executionMS":0.0013418197631835938} []
[2023-10-25T12:31:03.000452+00:00] log.DEBUG: SELECT COUNT(*) FROM lotes WHERE `codrem` = 169 {"params":[],"types":[],"executionMS":0.0014050006866455078} []
[2023-10-25T12:31:03.002924+00:00] log.DEBUG: SELECT `codnum` AS `lf`, `razsoc` AS `df`, '' AS `df2`, '' AS `df3`, '' AS `df4` FROM entidades WHERE `codnum` = 12156 AND `tipoent` = 1 ORDER BY `razsoc` ASC {"params":[],"types":[],"executionMS":0.0008778572082519531} []
[2023-10-25T12:31:03.006051+00:00] log.DEBUG: SELECT COUNT(*) FROM lotes WHERE `codrem` = 168 {"params":[],"types":[],"executionMS":0.001497030258178711} []
[2023-10-25T12:31:03.007598+00:00] log.DEBUG: SELECT COUNT(*) FROM lotes WHERE `codrem` = 168 {"params":[],"types":[],"executionMS":0.0013229846954345703} []
[2023-10-25T12:31:09.390660+00:00] log.DEBUG: SELECT t0.codnum AS codnum_1, t0.usuario AS usuario_2, t0.nombre AS nombre_3, t0.clave AS clave_4, t0.nivel AS nivel_5, t0.activo AS activo_6, t0.email AS email_7, t0.perfil AS perfil_8 FROM usuarios t0 WHERE t0.usuario = ? LIMIT 1 {"params":["Administrator"],"types":["string"],"executionMS":0.001004934310913086} []
[2023-10-25T12:31:09.392814+00:00] log.DEBUG: SELECT COUNT(*) FROM tipcomp WHERE `codnum` = 4 {"params":[],"types":[],"executionMS":0.0009407997131347656} []
[2023-10-25T12:31:09.393434+00:00] log.DEBUG: SELECT `codnum` AS `lf`, `descripcion` AS `df`, '' AS `df2`, '' AS `df3`, '' AS `df4` FROM tipcomp WHERE `codnum` = 4 ORDER BY `descripcion` ASC {"params":[],"types":[],"executionMS":0.0005109310150146484} []
[2023-10-25T12:31:09.394787+00:00] log.DEBUG: SELECT COUNT(*) FROM series WHERE `codnum` = 4 {"params":[],"types":[],"executionMS":0.0005929470062255859} []
[2023-10-25T12:31:09.395338+00:00] log.DEBUG: SELECT `codnum` AS `lf`, `descripcion` AS `df`, '' AS `df2`, '' AS `df3`, '' AS `df4` FROM series WHERE `codnum` = 4 ORDER BY `descripcion` ASC {"params":[],"types":[],"executionMS":0.0004699230194091797} []
[2023-10-25T12:31:09.399533+00:00] log.DEBUG: SELECT COUNT(*) FROM entidades WHERE `tipoent` = 1 {"params":[],"types":[],"executionMS":0.0033330917358398438} []
[2023-10-25T12:31:09.447946+00:00] log.DEBUG: SELECT `codnum` AS `lf`, `razsoc` AS `df`, '' AS `df2`, '' AS `df3`, '' AS `df4` FROM entidades WHERE `tipoent` = 1 ORDER BY `razsoc` ASC {"params":[],"types":[],"executionMS":0.048295021057128906} []
[2023-10-25T12:31:09.850534+00:00] log.DEBUG: SELECT COUNT(*) FROM paises {"params":[],"types":[],"executionMS":0.0015859603881835938} []
[2023-10-25T12:31:09.851215+00:00] log.DEBUG: SELECT `codnum` AS `lf`, `descripcion` AS `df`, '' AS `df2`, '' AS `df3`, '' AS `df4` FROM paises ORDER BY `descripcion` ASC {"params":[],"types":[],"executionMS":0.0005609989166259766} []
[2023-10-25T12:31:09.853436+00:00] log.DEBUG: SELECT * FROM remates WHERE `codnum` = 191 ORDER BY `ncomp` DESC {"params":[],"types":[],"executionMS":0.0008099079132080078} []
[2023-10-25T12:31:09.854915+00:00] log.DEBUG: SELECT `codnum` AS `lf`, `descripcion` AS `df`, '' AS `df2`, '' AS `df3`, '' AS `df4` FROM provincias WHERE `codnum` = 2 ORDER BY `descripcion` ASC {"params":[],"types":[],"executionMS":0.0006198883056640625} []
[2023-10-25T12:31:09.855772+00:00] log.DEBUG: SELECT `codnum` AS `lf`, `descripcion` AS `df`, '' AS `df2`, '' AS `df3`, '' AS `df4` FROM localidades WHERE `codnum` = 413 ORDER BY `descripcion` ASC {"params":[],"types":[],"executionMS":0.0005788803100585938} []
[2023-10-25T12:31:11.019615+00:00] log.DEBUG: SELECT COUNT(*) FROM userlevels WHERE userlevelid = -2 {"params":[],"types":[],"executionMS":0.0006389617919921875} []
[2023-10-25T12:31:11.020501+00:00] log.DEBUG: SELECT userlevelid, userlevelname FROM userlevels {"params":[],"types":[],"executionMS":0.0006778240203857422} []
[2023-10-25T12:31:11.021126+00:00] log.DEBUG: SELECT COUNT(*) FROM userlevelpermissions WHERE userlevelid = -2 {"params":[],"types":[],"executionMS":0.0005390644073486328} []
[2023-10-25T12:31:11.022583+00:00] log.DEBUG: SELECT tablename, userlevelid, permission FROM userlevelpermissions {"params":[],"types":[],"executionMS":0.0013849735260009766} []
[2023-10-25T12:31:11.028099+00:00] log.DEBUG: SELECT `codnum` AS `lf`, `descripcion` AS `df`, '' AS `df2`, '' AS `df3`, '' AS `df4` FROM provincias WHERE `codpais` IN (1) ORDER BY `descripcion` ASC {"params":[],"types":[],"executionMS":0.0008890628814697266} []
[2023-10-25T12:31:11.030790+00:00] log.DEBUG: SELECT `codnum` AS `lf`, `descripcion` AS `df`, '' AS `df2`, '' AS `df3`, '' AS `df4` FROM localidades WHERE `codprov` IN (2) ORDER BY `descripcion` ASC {"params":[],"types":[],"executionMS":0.0017399787902832031} []
[2023-10-25T12:31:35.219521+00:00] log.DEBUG: SELECT t0.codnum AS codnum_1, t0.usuario AS usuario_2, t0.nombre AS nombre_3, t0.clave AS clave_4, t0.nivel AS nivel_5, t0.activo AS activo_6, t0.email AS email_7, t0.perfil AS perfil_8 FROM usuarios t0 WHERE t0.usuario = ? LIMIT 1 {"params":["Administrator"],"types":["string"],"executionMS":0.0016491413116455078} []
[2023-10-25T12:31:35.221276+00:00] log.DEBUG: SELECT COUNT(*) FROM tipcomp WHERE `codnum` = 4 {"params":[],"types":[],"executionMS":0.0009207725524902344} []
[2023-10-25T12:31:35.222120+00:00] log.DEBUG: SELECT `codnum` AS `lf`, `descripcion` AS `df`, '' AS `df2`, '' AS `df3`, '' AS `df4` FROM tipcomp WHERE `codnum` = 4 ORDER BY `descripcion` ASC {"params":[],"types":[],"executionMS":0.0007419586181640625} []
[2023-10-25T12:31:35.224668+00:00] log.DEBUG: SELECT COUNT(*) FROM series WHERE `codnum` = 4 {"params":[],"types":[],"executionMS":0.0019450187683105469} []
[2023-10-25T12:31:35.225222+00:00] log.DEBUG: SELECT `codnum` AS `lf`, `descripcion` AS `df`, '' AS `df2`, '' AS `df3`, '' AS `df4` FROM series WHERE `codnum` = 4 ORDER BY `descripcion` ASC {"params":[],"types":[],"executionMS":0.0004730224609375} []
[2023-10-25T12:31:35.229797+00:00] log.DEBUG: SELECT COUNT(*) FROM entidades WHERE `tipoent` = 1 {"params":[],"types":[],"executionMS":0.0037479400634765625} []
[2023-10-25T12:31:35.279079+00:00] log.DEBUG: SELECT `codnum` AS `lf`, `razsoc` AS `df`, '' AS `df2`, '' AS `df3`, '' AS `df4` FROM entidades WHERE `tipoent` = 1 ORDER BY `razsoc` ASC {"params":[],"types":[],"executionMS":0.04914689064025879} []
[2023-10-25T12:31:35.680172+00:00] log.DEBUG: SELECT COUNT(*) FROM paises {"params":[],"types":[],"executionMS":0.0013270378112792969} []
[2023-10-25T12:31:35.680843+00:00] log.DEBUG: SELECT `codnum` AS `lf`, `descripcion` AS `df`, '' AS `df2`, '' AS `df3`, '' AS `df4` FROM paises ORDER BY `descripcion` ASC {"params":[],"types":[],"executionMS":0.0005500316619873047} []
[2023-10-25T12:31:35.689738+00:00] log.DEBUG: SELECT * FROM remates WHERE `codnum` = 191 ORDER BY `ncomp` DESC {"params":[],"types":[],"executionMS":0.0013568401336669922} []
[2023-10-25T12:31:35.703450+00:00] log.DEBUG: UPDATE remates SET `tcomp` = ?, `serie` = ?, `ncomp` = ?, `codcli` = ?, `direccion` = ?, `codpais` = ?, `codprov` = ?, `codloc` = ?, `fecest` = ?, `fecreal` = ?, `imptot` = ?, `impbase` = ?, `estado` = ?, `cantlotes` = ?, `horaest` = ?, `horareal` = ?, `usuario` = ?, `fecalta` = ?, `observacion` = ?, `tipoind` = ?, `sello` = ?, `plazoSAP` = ?, `usuarioultmod` = ?, `fecultmod` = ?, `servicios` = ?, `gastos` = ?, `tasa` = ? WHERE `codnum` = 191 {"params":["4","4",187,"940","Olga Cossettini 731","1","2","413",null,null,null,null,"0",0,null,null,1,"2023-10-20","Vial",1,"0",null,1,"2023-10-25 12:31:35",null,null,"0"],"types":[1,1,1,1,2,1,1,1,2,2,2,2,1,1,2,2,1,2,2,1,1,2,1,2,2,2,2],"executionMS":0.013121843338012695} []
[2023-10-25T12:31:35.897032+00:00] log.DEBUG: SELECT t0.codnum AS codnum_1, t0.usuario AS usuario_2, t0.nombre AS nombre_3, t0.clave AS clave_4, t0.nivel AS nivel_5, t0.activo AS activo_6, t0.email AS email_7, t0.perfil AS perfil_8 FROM usuarios t0 WHERE t0.usuario = ? LIMIT 1 {"params":["Administrator"],"types":["string"],"executionMS":0.0012021064758300781} []
[2023-10-25T12:31:35.901848+00:00] log.DEBUG: SELECT COUNT(*) FROM remates {"params":[],"types":[],"executionMS":0.0012390613555908203} []
[2023-10-25T12:31:35.903729+00:00] log.DEBUG: SELECT * FROM remates ORDER BY `ncomp` DESC LIMIT 20 {"params":[],"types":[],"executionMS":0.0016319751739501953} []
[2023-10-25T12:31:35.909914+00:00] log.DEBUG: SELECT COUNT(*) FROM lotes WHERE `codrem` = NULL {"params":[],"types":[],"executionMS":0.0019199848175048828} []
[2023-10-25T12:31:35.912740+00:00] log.DEBUG: SELECT COUNT(*) FROM lotes WHERE `codrem` = NULL {"params":[],"types":[],"executionMS":0.001730203628540039} []
[2023-10-25T12:31:35.914812+00:00] log.DEBUG: SELECT `codnum` AS `lf`, `descripcion` AS `df`, '' AS `df2`, '' AS `df3`, '' AS `df4` FROM tipcomp WHERE `codnum` = 4 AND `codnum` = 4 ORDER BY `descripcion` ASC {"params":[],"types":[],"executionMS":0.0008649826049804688} []
[2023-10-25T12:31:35.915780+00:00] log.DEBUG: SELECT `codnum` AS `lf`, `descripcion` AS `df`, '' AS `df2`, '' AS `df3`, '' AS `df4` FROM series WHERE `codnum` = 4 AND `codnum` = 4 ORDER BY `descripcion` ASC {"params":[],"types":[],"executionMS":0.0005829334259033203} []
[2023-10-25T12:31:35.916767+00:00] log.DEBUG: SELECT `codnum` AS `lf`, `razsoc` AS `df`, '' AS `df2`, '' AS `df3`, '' AS `df4` FROM entidades WHERE `codnum` = 940 AND `tipoent` = 1 ORDER BY `razsoc` ASC {"params":[],"types":[],"executionMS":0.0005600452423095703} []
[2023-10-25T12:31:35.917633+00:00] log.DEBUG: SELECT `codnum` AS `lf`, `descripcion` AS `df`, '' AS `df2`, '' AS `df3`, '' AS `df4` FROM paises WHERE `codnum` = 1 ORDER BY `descripcion` ASC {"params":[],"types":[],"executionMS":0.0005469322204589844} []
[2023-10-25T12:31:35.918459+00:00] log.DEBUG: SELECT `codnum` AS `lf`, `descripcion` AS `df`, '' AS `df2`, '' AS `df3`, '' AS `df4` FROM provincias WHERE `codnum` = 2 ORDER BY `descripcion` ASC {"params":[],"types":[],"executionMS":0.0005300045013427734} []
[2023-10-25T12:31:35.919316+00:00] log.DEBUG: SELECT `codnum` AS `lf`, `descripcion` AS `df`, '' AS `df2`, '' AS `df3`, '' AS `df4` FROM localidades WHERE `codnum` = 413 ORDER BY `descripcion` ASC {"params":[],"types":[],"executionMS":0.0005400180816650391} []
[2023-10-25T12:31:35.922133+00:00] log.DEBUG: SELECT COUNT(*) FROM lotes WHERE `codrem` = 187 {"params":[],"types":[],"executionMS":0.0018541812896728516} []
[2023-10-25T12:31:35.924086+00:00] log.DEBUG: SELECT COUNT(*) FROM lotes WHERE `codrem` = 187 {"params":[],"types":[],"executionMS":0.0016820430755615234} []
[2023-10-25T12:31:35.929068+00:00] log.DEBUG: SELECT COUNT(*) FROM lotes WHERE `codrem` = 186 {"params":[],"types":[],"executionMS":0.0020248889923095703} []
[2023-10-25T12:31:35.930949+00:00] log.DEBUG: SELECT COUNT(*) FROM lotes WHERE `codrem` = 186 {"params":[],"types":[],"executionMS":0.0016281604766845703} []
[2023-10-25T12:31:35.935253+00:00] log.DEBUG: SELECT COUNT(*) FROM lotes WHERE `codrem` = 185 {"params":[],"types":[],"executionMS":0.0017359256744384766} []
[2023-10-25T12:31:35.937178+00:00] log.DEBUG: SELECT COUNT(*) FROM lotes WHERE `codrem` = 185 {"params":[],"types":[],"executionMS":0.0016520023345947266} []
[2023-10-25T12:31:35.941486+00:00] log.DEBUG: SELECT COUNT(*) FROM lotes WHERE `codrem` = 184 {"params":[],"types":[],"executionMS":0.0018138885498046875} []
[2023-10-25T12:31:35.943261+00:00] log.DEBUG: SELECT COUNT(*) FROM lotes WHERE `codrem` = 184 {"params":[],"types":[],"executionMS":0.0015261173248291016} []
[2023-10-25T12:31:35.947332+00:00] log.DEBUG: SELECT COUNT(*) FROM lotes WHERE `codrem` = 183 {"params":[],"types":[],"executionMS":0.0016400814056396484} []
[2023-10-25T12:31:35.949013+00:00] log.DEBUG: SELECT COUNT(*) FROM lotes WHERE `codrem` = 183 {"params":[],"types":[],"executionMS":0.001428842544555664} []
[2023-10-25T12:31:35.951424+00:00] log.DEBUG: SELECT `codnum` AS `lf`, `razsoc` AS `df`, '' AS `df2`, '' AS `df3`, '' AS `df4` FROM entidades WHERE `codnum` = 1207 AND `tipoent` = 1 ORDER BY `razsoc` ASC {"params":[],"types":[],"executionMS":0.0006439685821533203} []
[2023-10-25T12:31:35.954389+00:00] log.DEBUG: SELECT COUNT(*) FROM lotes WHERE `codrem` = 182 {"params":[],"types":[],"executionMS":0.0016961097717285156} []
[2023-10-25T12:31:35.956147+00:00] log.DEBUG: SELECT COUNT(*) FROM lotes WHERE `codrem` = 182 {"params":[],"types":[],"executionMS":0.0015070438385009766} []
[2023-10-25T12:31:35.960479+00:00] log.DEBUG: SELECT COUNT(*) FROM lotes WHERE `codrem` = 181 {"params":[],"types":[],"executionMS":0.0018880367279052734} []
[2023-10-25T12:31:35.962563+00:00] log.DEBUG: SELECT COUNT(*) FROM lotes WHERE `codrem` = 181 {"params":[],"types":[],"executionMS":0.0015950202941894531} []
[2023-10-25T12:31:35.966672+00:00] log.DEBUG: SELECT COUNT(*) FROM lotes WHERE `codrem` = 180 {"params":[],"types":[],"executionMS":0.0016169548034667969} []
[2023-10-25T12:31:35.968248+00:00] log.DEBUG: SELECT COUNT(*) FROM lotes WHERE `codrem` = 180 {"params":[],"types":[],"executionMS":0.0013048648834228516} []
[2023-10-25T12:31:35.972891+00:00] log.DEBUG: SELECT COUNT(*) FROM lotes WHERE `codrem` = 179 {"params":[],"types":[],"executionMS":0.0022509098052978516} []
[2023-10-25T12:31:35.974545+00:00] log.DEBUG: SELECT COUNT(*) FROM lotes WHERE `codrem` = 179 {"params":[],"types":[],"executionMS":0.001399993896484375} []
[2023-10-25T12:31:35.978460+00:00] log.DEBUG: SELECT COUNT(*) FROM lotes WHERE `codrem` = 178 {"params":[],"types":[],"executionMS":0.0015759468078613281} []
[2023-10-25T12:31:35.980463+00:00] log.DEBUG: SELECT COUNT(*) FROM lotes WHERE `codrem` = 178 {"params":[],"types":[],"executionMS":0.0017621517181396484} []
[2023-10-25T12:31:35.984217+00:00] log.DEBUG: SELECT COUNT(*) FROM lotes WHERE `codrem` = 177 {"params":[],"types":[],"executionMS":0.0015180110931396484} []
[2023-10-25T12:31:35.985740+00:00] log.DEBUG: SELECT COUNT(*) FROM lotes WHERE `codrem` = 177 {"params":[],"types":[],"executionMS":0.0012440681457519531} []
[2023-10-25T12:31:35.988203+00:00] log.DEBUG: SELECT `codnum` AS `lf`, `razsoc` AS `df`, '' AS `df2`, '' AS `df3`, '' AS `df4` FROM entidades WHERE `codnum` = 15946 AND `tipoent` = 1 ORDER BY `razsoc` ASC {"params":[],"types":[],"executionMS":0.0008950233459472656} []
[2023-10-25T12:31:35.991318+00:00] log.DEBUG: SELECT COUNT(*) FROM lotes WHERE `codrem` = 176 {"params":[],"types":[],"executionMS":0.0015141963958740234} []
[2023-10-25T12:31:35.992911+00:00] log.DEBUG: SELECT COUNT(*) FROM lotes WHERE `codrem` = 176 {"params":[],"types":[],"executionMS":0.0013148784637451172} []
[2023-10-25T12:31:35.997069+00:00] log.DEBUG: SELECT COUNT(*) FROM lotes WHERE `codrem` = 175 {"params":[],"types":[],"executionMS":0.0017459392547607422} []
[2023-10-25T12:31:35.998729+00:00] log.DEBUG: SELECT COUNT(*) FROM lotes WHERE `codrem` = 175 {"params":[],"types":[],"executionMS":0.0014231204986572266} []
[2023-10-25T12:31:36.002927+00:00] log.DEBUG: SELECT COUNT(*) FROM lotes WHERE `codrem` = 174 {"params":[],"types":[],"executionMS":0.0019009113311767578} []
[2023-10-25T12:31:36.004554+00:00] log.DEBUG: SELECT COUNT(*) FROM lotes WHERE `codrem` = 174 {"params":[],"types":[],"executionMS":0.001367807388305664} []
[2023-10-25T12:31:36.008560+00:00] log.DEBUG: SELECT COUNT(*) FROM lotes WHERE `codrem` = 173 {"params":[],"types":[],"executionMS":0.0017690658569335938} []
[2023-10-25T12:31:36.010033+00:00] log.DEBUG: SELECT COUNT(*) FROM lotes WHERE `codrem` = 173 {"params":[],"types":[],"executionMS":0.0012440681457519531} []
[2023-10-25T12:31:36.012217+00:00] log.DEBUG: SELECT `codnum` AS `lf`, `razsoc` AS `df`, '' AS `df2`, '' AS `df3`, '' AS `df4` FROM entidades WHERE `codnum` = 16094 AND `tipoent` = 1 ORDER BY `razsoc` ASC {"params":[],"types":[],"executionMS":0.0005970001220703125} []
[2023-10-25T12:31:36.015686+00:00] log.DEBUG: SELECT COUNT(*) FROM lotes WHERE `codrem` = 172 {"params":[],"types":[],"executionMS":0.0016548633575439453} []
[2023-10-25T12:31:36.017128+00:00] log.DEBUG: SELECT COUNT(*) FROM lotes WHERE `codrem` = 172 {"params":[],"types":[],"executionMS":0.001207113265991211} []
[2023-10-25T12:31:36.021116+00:00] log.DEBUG: SELECT COUNT(*) FROM lotes WHERE `codrem` = 171 {"params":[],"types":[],"executionMS":0.001653909683227539} []
[2023-10-25T12:31:36.022867+00:00] log.DEBUG: SELECT COUNT(*) FROM lotes WHERE `codrem` = 171 {"params":[],"types":[],"executionMS":0.001497030258178711} []
[2023-10-25T12:31:36.027119+00:00] log.DEBUG: SELECT COUNT(*) FROM lotes WHERE `codrem` = 170 {"params":[],"types":[],"executionMS":0.0017788410186767578} []
[2023-10-25T12:31:36.029026+00:00] log.DEBUG: SELECT COUNT(*) FROM lotes WHERE `codrem` = 170 {"params":[],"types":[],"executionMS":0.0016241073608398438} []
[2023-10-25T12:31:36.031697+00:00] log.DEBUG: SELECT `codnum` AS `lf`, `razsoc` AS `df`, '' AS `df2`, '' AS `df3`, '' AS `df4` FROM entidades WHERE `codnum` = 10249 AND `tipoent` = 1 ORDER BY `razsoc` ASC {"params":[],"types":[],"executionMS":0.0007150173187255859} []
[2023-10-25T12:31:36.034860+00:00] log.DEBUG: SELECT COUNT(*) FROM lotes WHERE `codrem` = 169 {"params":[],"types":[],"executionMS":0.001786947250366211} []
[2023-10-25T12:31:36.036588+00:00] log.DEBUG: SELECT COUNT(*) FROM lotes WHERE `codrem` = 169 {"params":[],"types":[],"executionMS":0.0014820098876953125} []
[2023-10-25T12:31:36.039052+00:00] log.DEBUG: SELECT `codnum` AS `lf`, `razsoc` AS `df`, '' AS `df2`, '' AS `df3`, '' AS `df4` FROM entidades WHERE `codnum` = 12156 AND `tipoent` = 1 ORDER BY `razsoc` ASC {"params":[],"types":[],"executionMS":0.0007479190826416016} []
[2023-10-25T12:31:36.042255+00:00] log.DEBUG: SELECT COUNT(*) FROM lotes WHERE `codrem` = 168 {"params":[],"types":[],"executionMS":0.0015289783477783203} []
[2023-10-25T12:31:36.043754+00:00] log.DEBUG: SELECT COUNT(*) FROM lotes WHERE `codrem` = 168 {"params":[],"types":[],"executionMS":0.0012578964233398438} []
[2023-10-25T12:31:40.174702+00:00] log.DEBUG: SELECT t0.codnum AS codnum_1, t0.usuario AS usuario_2, t0.nombre AS nombre_3, t0.clave AS clave_4, t0.nivel AS nivel_5, t0.activo AS activo_6, t0.email AS email_7, t0.perfil AS perfil_8 FROM usuarios t0 WHERE t0.usuario = ? LIMIT 1 {"params":["Administrator"],"types":["string"],"executionMS":0.0012772083282470703} []
[2023-10-25T12:31:40.176474+00:00] log.DEBUG: SELECT COUNT(*) FROM tipcomp WHERE `codnum` = 4 {"params":[],"types":[],"executionMS":0.0008869171142578125} []
[2023-10-25T12:31:40.177143+00:00] log.DEBUG: SELECT `codnum` AS `lf`, `descripcion` AS `df`, '' AS `df2`, '' AS `df3`, '' AS `df4` FROM tipcomp WHERE `codnum` = 4 ORDER BY `descripcion` ASC {"params":[],"types":[],"executionMS":0.0005409717559814453} []
[2023-10-25T12:31:40.178152+00:00] log.DEBUG: SELECT COUNT(*) FROM series WHERE `codnum` = 4 {"params":[],"types":[],"executionMS":0.00038504600524902344} []
[2023-10-25T12:31:40.178614+00:00] log.DEBUG: SELECT `codnum` AS `lf`, `descripcion` AS `df`, '' AS `df2`, '' AS `df3`, '' AS `df4` FROM series WHERE `codnum` = 4 ORDER BY `descripcion` ASC {"params":[],"types":[],"executionMS":0.0003781318664550781} []
[2023-10-25T12:31:40.182816+00:00] log.DEBUG: SELECT COUNT(*) FROM entidades WHERE `tipoent` = 1 {"params":[],"types":[],"executionMS":0.003364086151123047} []
[2023-10-25T12:31:40.227096+00:00] log.DEBUG: SELECT `codnum` AS `lf`, `razsoc` AS `df`, '' AS `df2`, '' AS `df3`, '' AS `df4` FROM entidades WHERE `tipoent` = 1 ORDER BY `razsoc` ASC {"params":[],"types":[],"executionMS":0.04416608810424805} []
[2023-10-25T12:31:40.623368+00:00] log.DEBUG: SELECT COUNT(*) FROM paises {"params":[],"types":[],"executionMS":0.0016069412231445312} []
[2023-10-25T12:31:40.624207+00:00] log.DEBUG: SELECT `codnum` AS `lf`, `descripcion` AS `df`, '' AS `df2`, '' AS `df3`, '' AS `df4` FROM paises ORDER BY `descripcion` ASC {"params":[],"types":[],"executionMS":0.0007119178771972656} []
[2023-10-25T12:31:40.626991+00:00] log.DEBUG: SELECT * FROM remates WHERE `codnum` = 191 ORDER BY `ncomp` DESC {"params":[],"types":[],"executionMS":0.0014190673828125} []
[2023-10-25T12:31:40.628301+00:00] log.DEBUG: SELECT `codnum` AS `lf`, `descripcion` AS `df`, '' AS `df2`, '' AS `df3`, '' AS `df4` FROM provincias WHERE `codnum` = 2 ORDER BY `descripcion` ASC {"params":[],"types":[],"executionMS":0.0004608631134033203} []
[2023-10-25T12:31:40.628998+00:00] log.DEBUG: SELECT `codnum` AS `lf`, `descripcion` AS `df`, '' AS `df2`, '' AS `df3`, '' AS `df4` FROM localidades WHERE `codnum` = 413 ORDER BY `descripcion` ASC {"params":[],"types":[],"executionMS":0.0004220008850097656} []
[2023-10-25T12:31:41.695569+00:00] log.DEBUG: SELECT COUNT(*) FROM userlevels WHERE userlevelid = -2 {"params":[],"types":[],"executionMS":0.0007529258728027344} []
[2023-10-25T12:31:41.696306+00:00] log.DEBUG: SELECT userlevelid, userlevelname FROM userlevels {"params":[],"types":[],"executionMS":0.00051116943359375} []
[2023-10-25T12:31:41.696999+00:00] log.DEBUG: SELECT COUNT(*) FROM userlevelpermissions WHERE userlevelid = -2 {"params":[],"types":[],"executionMS":0.0006020069122314453} []
[2023-10-25T12:31:41.698957+00:00] log.DEBUG: SELECT tablename, userlevelid, permission FROM userlevelpermissions {"params":[],"types":[],"executionMS":0.0018689632415771484} []
[2023-10-25T12:31:41.702501+00:00] log.DEBUG: SELECT `codnum` AS `lf`, `descripcion` AS `df`, '' AS `df2`, '' AS `df3`, '' AS `df4` FROM provincias WHERE `codpais` IN (1) ORDER BY `descripcion` ASC {"params":[],"types":[],"executionMS":0.0006299018859863281} []
[2023-10-25T12:31:41.704734+00:00] log.DEBUG: SELECT `codnum` AS `lf`, `descripcion` AS `df`, '' AS `df2`, '' AS `df3`, '' AS `df4` FROM localidades WHERE `codprov` IN (2) ORDER BY `descripcion` ASC {"params":[],"types":[],"executionMS":0.001271963119506836} []
[2023-10-25T12:31:44.692041+00:00] log.DEBUG: SELECT t0.codnum AS codnum_1, t0.usuario AS usuario_2, t0.nombre AS nombre_3, t0.clave AS clave_4, t0.nivel AS nivel_5, t0.activo AS activo_6, t0.email AS email_7, t0.perfil AS perfil_8 FROM usuarios t0 WHERE t0.usuario = ? LIMIT 1 {"params":["Administrator"],"types":["string"],"executionMS":0.0011861324310302734} []
[2023-10-25T12:31:44.693553+00:00] log.DEBUG: SELECT COUNT(*) FROM tipcomp WHERE `codnum` = 4 {"params":[],"types":[],"executionMS":0.0006759166717529297} []
[2023-10-25T12:31:44.694298+00:00] log.DEBUG: SELECT `codnum` AS `lf`, `descripcion` AS `df`, '' AS `df2`, '' AS `df3`, '' AS `df4` FROM tipcomp WHERE `codnum` = 4 ORDER BY `descripcion` ASC {"params":[],"types":[],"executionMS":0.0006399154663085938} []
[2023-10-25T12:31:44.696358+00:00] log.DEBUG: SELECT COUNT(*) FROM series WHERE `codnum` = 4 {"params":[],"types":[],"executionMS":0.0014557838439941406} []
[2023-10-25T12:31:44.697155+00:00] log.DEBUG: SELECT `codnum` AS `lf`, `descripcion` AS `df`, '' AS `df2`, '' AS `df3`, '' AS `df4` FROM series WHERE `codnum` = 4 ORDER BY `descripcion` ASC {"params":[],"types":[],"executionMS":0.0006511211395263672} []
[2023-10-25T12:31:44.704621+00:00] log.DEBUG: SELECT COUNT(*) FROM entidades WHERE `tipoent` = 1 {"params":[],"types":[],"executionMS":0.006657123565673828} []
[2023-10-25T12:31:44.754347+00:00] log.DEBUG: SELECT `codnum` AS `lf`, `razsoc` AS `df`, '' AS `df2`, '' AS `df3`, '' AS `df4` FROM entidades WHERE `tipoent` = 1 ORDER BY `razsoc` ASC {"params":[],"types":[],"executionMS":0.0496370792388916} []
[2023-10-25T12:31:45.160921+00:00] log.DEBUG: SELECT COUNT(*) FROM paises {"params":[],"types":[],"executionMS":0.0013740062713623047} []
[2023-10-25T12:31:45.161719+00:00] log.DEBUG: SELECT `codnum` AS `lf`, `descripcion` AS `df`, '' AS `df2`, '' AS `df3`, '' AS `df4` FROM paises ORDER BY `descripcion` ASC {"params":[],"types":[],"executionMS":0.0006699562072753906} []
[2023-10-25T12:31:45.170471+00:00] log.DEBUG: SELECT * FROM remates WHERE `codnum` = 191 ORDER BY `ncomp` DESC {"params":[],"types":[],"executionMS":0.001135110855102539} []
[2023-10-25T12:31:45.179686+00:00] log.DEBUG: UPDATE remates SET `tcomp` = ?, `serie` = ?, `ncomp` = ?, `codcli` = ?, `direccion` = ?, `codpais` = ?, `codprov` = ?, `codloc` = ?, `fecest` = ?, `fecreal` = ?, `imptot` = ?, `impbase` = ?, `estado` = ?, `cantlotes` = ?, `horaest` = ?, `horareal` = ?, `usuario` = ?, `fecalta` = ?, `observacion` = ?, `tipoind` = ?, `sello` = ?, `plazoSAP` = ?, `usuarioultmod` = ?, `fecultmod` = ?, `servicios` = ?, `gastos` = ?, `tasa` = ? WHERE `codnum` = 191 {"params":["4","4",187,"940","Olga Cossettini 731","1","2","413",null,null,null,null,"0",0,null,null,1,"2023-10-20","Vial",1,"0",null,1,"2023-10-25 12:31:45",null,null,"1"],"types":[1,1,1,1,2,1,1,1,2,2,2,2,1,1,2,2,1,2,2,1,1,2,1,2,2,2,2],"executionMS":0.008635997772216797} []
[2023-10-25T12:31:45.361513+00:00] log.DEBUG: SELECT t0.codnum AS codnum_1, t0.usuario AS usuario_2, t0.nombre AS nombre_3, t0.clave AS clave_4, t0.nivel AS nivel_5, t0.activo AS activo_6, t0.email AS email_7, t0.perfil AS perfil_8 FROM usuarios t0 WHERE t0.usuario = ? LIMIT 1 {"params":["Administrator"],"types":["string"],"executionMS":0.0011131763458251953} []
[2023-10-25T12:31:45.366560+00:00] log.DEBUG: SELECT COUNT(*) FROM remates {"params":[],"types":[],"executionMS":0.0015189647674560547} []
[2023-10-25T12:31:45.367801+00:00] log.DEBUG: SELECT * FROM remates ORDER BY `ncomp` DESC LIMIT 20 {"params":[],"types":[],"executionMS":0.0010118484497070312} []
[2023-10-25T12:31:45.374012+00:00] log.DEBUG: SELECT COUNT(*) FROM lotes WHERE `codrem` = NULL {"params":[],"types":[],"executionMS":0.0016770362854003906} []
[2023-10-25T12:31:45.376628+00:00] log.DEBUG: SELECT COUNT(*) FROM lotes WHERE `codrem` = NULL {"params":[],"types":[],"executionMS":0.0015459060668945312} []
[2023-10-25T12:31:45.378606+00:00] log.DEBUG: SELECT `codnum` AS `lf`, `descripcion` AS `df`, '' AS `df2`, '' AS `df3`, '' AS `df4` FROM tipcomp WHERE `codnum` = 4 AND `codnum` = 4 ORDER BY `descripcion` ASC {"params":[],"types":[],"executionMS":0.0007929801940917969} []
[2023-10-25T12:31:45.379426+00:00] log.DEBUG: SELECT `codnum` AS `lf`, `descripcion` AS `df`, '' AS `df2`, '' AS `df3`, '' AS `df4` FROM series WHERE `codnum` = 4 AND `codnum` = 4 ORDER BY `descripcion` ASC {"params":[],"types":[],"executionMS":0.0004470348358154297} []
[2023-10-25T12:31:45.380268+00:00] log.DEBUG: SELECT `codnum` AS `lf`, `razsoc` AS `df`, '' AS `df2`, '' AS `df3`, '' AS `df4` FROM entidades WHERE `codnum` = 940 AND `tipoent` = 1 ORDER BY `razsoc` ASC {"params":[],"types":[],"executionMS":0.00043702125549316406} []
[2023-10-25T12:31:45.380955+00:00] log.DEBUG: SELECT `codnum` AS `lf`, `descripcion` AS `df`, '' AS `df2`, '' AS `df3`, '' AS `df4` FROM paises WHERE `codnum` = 1 ORDER BY `descripcion` ASC {"params":[],"types":[],"executionMS":0.00038909912109375} []
[2023-10-25T12:31:45.382147+00:00] log.DEBUG: SELECT `codnum` AS `lf`, `descripcion` AS `df`, '' AS `df2`, '' AS `df3`, '' AS `df4` FROM provincias WHERE `codnum` = 2 ORDER BY `descripcion` ASC {"params":[],"types":[],"executionMS":0.000965118408203125} []
[2023-10-25T12:31:45.382826+00:00] log.DEBUG: SELECT `codnum` AS `lf`, `descripcion` AS `df`, '' AS `df2`, '' AS `df3`, '' AS `df4` FROM localidades WHERE `codnum` = 413 ORDER BY `descripcion` ASC {"params":[],"types":[],"executionMS":0.0004210472106933594} []
[2023-10-25T12:31:45.385272+00:00] log.DEBUG: SELECT COUNT(*) FROM lotes WHERE `codrem` = 187 {"params":[],"types":[],"executionMS":0.0014879703521728516} []
[2023-10-25T12:31:45.386834+00:00] log.DEBUG: SELECT COUNT(*) FROM lotes WHERE `codrem` = 187 {"params":[],"types":[],"executionMS":0.0012969970703125} []
[2023-10-25T12:31:45.391498+00:00] log.DEBUG: SELECT COUNT(*) FROM lotes WHERE `codrem` = 186 {"params":[],"types":[],"executionMS":0.0016889572143554688} []
[2023-10-25T12:31:45.393004+00:00] log.DEBUG: SELECT COUNT(*) FROM lotes WHERE `codrem` = 186 {"params":[],"types":[],"executionMS":0.0012340545654296875} []
[2023-10-25T12:31:45.397076+00:00] log.DEBUG: SELECT COUNT(*) FROM lotes WHERE `codrem` = 185 {"params":[],"types":[],"executionMS":0.0015170574188232422} []
[2023-10-25T12:31:45.398552+00:00] log.DEBUG: SELECT COUNT(*) FROM lotes WHERE `codrem` = 185 {"params":[],"types":[],"executionMS":0.0012288093566894531} []
[2023-10-25T12:31:45.403010+00:00] log.DEBUG: SELECT COUNT(*) FROM lotes WHERE `codrem` = 184 {"params":[],"types":[],"executionMS":0.0021209716796875} []
[2023-10-25T12:31:45.404789+00:00] log.DEBUG: SELECT COUNT(*) FROM lotes WHERE `codrem` = 184 {"params":[],"types":[],"executionMS":0.0015048980712890625} []
[2023-10-25T12:31:45.408799+00:00] log.DEBUG: SELECT COUNT(*) FROM lotes WHERE `codrem` = 183 {"params":[],"types":[],"executionMS":0.001547098159790039} []
[2023-10-25T12:31:45.410371+00:00] log.DEBUG: SELECT COUNT(*) FROM lotes WHERE `codrem` = 183 {"params":[],"types":[],"executionMS":0.0013020038604736328} []
[2023-10-25T12:31:45.412780+00:00] log.DEBUG: SELECT `codnum` AS `lf`, `razsoc` AS `df`, '' AS `df2`, '' AS `df3`, '' AS `df4` FROM entidades WHERE `codnum` = 1207 AND `tipoent` = 1 ORDER BY `razsoc` ASC {"params":[],"types":[],"executionMS":0.0007531642913818359} []
[2023-10-25T12:31:45.415549+00:00] log.DEBUG: SELECT COUNT(*) FROM lotes WHERE `codrem` = 182 {"params":[],"types":[],"executionMS":0.0015010833740234375} []
[2023-10-25T12:31:45.417004+00:00] log.DEBUG: SELECT COUNT(*) FROM lotes WHERE `codrem` = 182 {"params":[],"types":[],"executionMS":0.0011959075927734375} []
[2023-10-25T12:31:45.420935+00:00] log.DEBUG: SELECT COUNT(*) FROM lotes WHERE `codrem` = 181 {"params":[],"types":[],"executionMS":0.0015311241149902344} []
[2023-10-25T12:31:45.422502+00:00] log.DEBUG: SELECT COUNT(*) FROM lotes WHERE `codrem` = 181 {"params":[],"types":[],"executionMS":0.001322031021118164} []
[2023-10-25T12:31:45.426856+00:00] log.DEBUG: SELECT COUNT(*) FROM lotes WHERE `codrem` = 180 {"params":[],"types":[],"executionMS":0.001990079879760742} []
[2023-10-25T12:31:45.428441+00:00] log.DEBUG: SELECT COUNT(*) FROM lotes WHERE `codrem` = 180 {"params":[],"types":[],"executionMS":0.0012819766998291016} []
[2023-10-25T12:31:45.432384+00:00] log.DEBUG: SELECT COUNT(*) FROM lotes WHERE `codrem` = 179 {"params":[],"types":[],"executionMS":0.0014541149139404297} []
[2023-10-25T12:31:45.433891+00:00] log.DEBUG: SELECT COUNT(*) FROM lotes WHERE `codrem` = 179 {"params":[],"types":[],"executionMS":0.0012509822845458984} []
[2023-10-25T12:31:45.437938+00:00] log.DEBUG: SELECT COUNT(*) FROM lotes WHERE `codrem` = 178 {"params":[],"types":[],"executionMS":0.0016210079193115234} []
[2023-10-25T12:31:45.439512+00:00] log.DEBUG: SELECT COUNT(*) FROM lotes WHERE `codrem` = 178 {"params":[],"types":[],"executionMS":0.0012888908386230469} []
[2023-10-25T12:31:45.443675+00:00] log.DEBUG: SELECT COUNT(*) FROM lotes WHERE `codrem` = 177 {"params":[],"types":[],"executionMS":0.001789093017578125} []
[2023-10-25T12:31:45.445280+00:00] log.DEBUG: SELECT COUNT(*) FROM lotes WHERE `codrem` = 177 {"params":[],"types":[],"executionMS":0.0013020038604736328} []
[2023-10-25T12:31:45.447678+00:00] log.DEBUG: SELECT `codnum` AS `lf`, `razsoc` AS `df`, '' AS `df2`, '' AS `df3`, '' AS `df4` FROM entidades WHERE `codnum` = 15946 AND `tipoent` = 1 ORDER BY `razsoc` ASC {"params":[],"types":[],"executionMS":0.0006678104400634766} []
[2023-10-25T12:31:45.451163+00:00] log.DEBUG: SELECT COUNT(*) FROM lotes WHERE `codrem` = 176 {"params":[],"types":[],"executionMS":0.0017499923706054688} []
[2023-10-25T12:31:45.452738+00:00] log.DEBUG: SELECT COUNT(*) FROM lotes WHERE `codrem` = 176 {"params":[],"types":[],"executionMS":0.001271963119506836} []
[2023-10-25T12:31:45.456874+00:00] log.DEBUG: SELECT COUNT(*) FROM lotes WHERE `codrem` = 175 {"params":[],"types":[],"executionMS":0.0016858577728271484} []
[2023-10-25T12:31:45.458676+00:00] log.DEBUG: SELECT COUNT(*) FROM lotes WHERE `codrem` = 175 {"params":[],"types":[],"executionMS":0.0014939308166503906} []
[2023-10-25T12:31:45.462715+00:00] log.DEBUG: SELECT COUNT(*) FROM lotes WHERE `codrem` = 174 {"params":[],"types":[],"executionMS":0.0015568733215332031} []
[2023-10-25T12:31:45.464262+00:00] log.DEBUG: SELECT COUNT(*) FROM lotes WHERE `codrem` = 174 {"params":[],"types":[],"executionMS":0.0012888908386230469} []
[2023-10-25T12:31:45.468456+00:00] log.DEBUG: SELECT COUNT(*) FROM lotes WHERE `codrem` = 173 {"params":[],"types":[],"executionMS":0.0017650127410888672} []
[2023-10-25T12:31:45.470043+00:00] log.DEBUG: SELECT COUNT(*) FROM lotes WHERE `codrem` = 173 {"params":[],"types":[],"executionMS":0.0012829303741455078} []
[2023-10-25T12:31:45.472627+00:00] log.DEBUG: SELECT `codnum` AS `lf`, `razsoc` AS `df`, '' AS `df2`, '' AS `df3`, '' AS `df4` FROM entidades WHERE `codnum` = 16094 AND `tipoent` = 1 ORDER BY `razsoc` ASC {"params":[],"types":[],"executionMS":0.000885009765625} []
[2023-10-25T12:31:45.476270+00:00] log.DEBUG: SELECT COUNT(*) FROM lotes WHERE `codrem` = 172 {"params":[],"types":[],"executionMS":0.0018978118896484375} []
[2023-10-25T12:31:45.477841+00:00] log.DEBUG: SELECT COUNT(*) FROM lotes WHERE `codrem` = 172 {"params":[],"types":[],"executionMS":0.0012519359588623047} []
[2023-10-25T12:31:45.481979+00:00] log.DEBUG: SELECT COUNT(*) FROM lotes WHERE `codrem` = 171 {"params":[],"types":[],"executionMS":0.0016980171203613281} []
[2023-10-25T12:31:45.483533+00:00] log.DEBUG: SELECT COUNT(*) FROM lotes WHERE `codrem` = 171 {"params":[],"types":[],"executionMS":0.0012810230255126953} []
[2023-10-25T12:31:45.487505+00:00] log.DEBUG: SELECT COUNT(*) FROM lotes WHERE `codrem` = 170 {"params":[],"types":[],"executionMS":0.0015909671783447266} []
[2023-10-25T12:31:45.489159+00:00] log.DEBUG: SELECT COUNT(*) FROM lotes WHERE `codrem` = 170 {"params":[],"types":[],"executionMS":0.001374959945678711} []
[2023-10-25T12:31:45.491912+00:00] log.DEBUG: SELECT `codnum` AS `lf`, `razsoc` AS `df`, '' AS `df2`, '' AS `df3`, '' AS `df4` FROM entidades WHERE `codnum` = 10249 AND `tipoent` = 1 ORDER BY `razsoc` ASC {"params":[],"types":[],"executionMS":0.0010750293731689453} []
[2023-10-25T12:31:45.494835+00:00] log.DEBUG: SELECT COUNT(*) FROM lotes WHERE `codrem` = 169 {"params":[],"types":[],"executionMS":0.0016798973083496094} []
[2023-10-25T12:31:45.496446+00:00] log.DEBUG: SELECT COUNT(*) FROM lotes WHERE `codrem` = 169 {"params":[],"types":[],"executionMS":0.0013508796691894531} []
[2023-10-25T12:31:45.498890+00:00] log.DEBUG: SELECT `codnum` AS `lf`, `razsoc` AS `df`, '' AS `df2`, '' AS `df3`, '' AS `df4` FROM entidades WHERE `codnum` = 12156 AND `tipoent` = 1 ORDER BY `razsoc` ASC {"params":[],"types":[],"executionMS":0.0007939338684082031} []
[2023-10-25T12:31:45.502138+00:00] log.DEBUG: SELECT COUNT(*) FROM lotes WHERE `codrem` = 168 {"params":[],"types":[],"executionMS":0.0015518665313720703} []
[2023-10-25T12:31:45.503673+00:00] log.DEBUG: SELECT COUNT(*) FROM lotes WHERE `codrem` = 168 {"params":[],"types":[],"executionMS":0.0012710094451904297} []
[2023-10-25T12:31:59.491324+00:00] log.DEBUG: SELECT t0.codnum AS codnum_1, t0.usuario AS usuario_2, t0.nombre AS nombre_3, t0.clave AS clave_4, t0.nivel AS nivel_5, t0.activo AS activo_6, t0.email AS email_7, t0.perfil AS perfil_8 FROM usuarios t0 WHERE t0.usuario = ? LIMIT 1 {"params":["Administrator"],"types":["string"],"executionMS":0.001168966293334961} []
[2023-10-25T12:32:10.244980+00:00] log.DEBUG: SELECT t0.codnum AS codnum_1, t0.usuario AS usuario_2, t0.nombre AS nombre_3, t0.clave AS clave_4, t0.nivel AS nivel_5, t0.activo AS activo_6, t0.email AS email_7, t0.perfil AS perfil_8 FROM usuarios t0 WHERE t0.usuario = ? LIMIT 1 {"params":["Administrator"],"types":["string"],"executionMS":0.0010809898376464844} []
[2023-10-25T13:34:01.620515+00:00] log.DEBUG: SELECT COUNT(*) FROM userlevels WHERE userlevelid = -2 {"params":[],"types":[],"executionMS":0.00072479248046875} []
[2023-10-25T13:34:01.621290+00:00] log.DEBUG: SELECT userlevelid, userlevelname FROM userlevels {"params":[],"types":[],"executionMS":0.0005362033843994141} []
[2023-10-25T13:34:01.621998+00:00] log.DEBUG: SELECT COUNT(*) FROM userlevelpermissions WHERE userlevelid = -2 {"params":[],"types":[],"executionMS":0.0006129741668701172} []
[2023-10-25T13:34:01.623250+00:00] log.DEBUG: SELECT tablename, userlevelid, permission FROM userlevelpermissions WHERE userlevelid IN (-2) {"params":[],"types":[],"executionMS":0.0011119842529296875} []
[2023-10-25T13:34:01.625713+00:00] log.DEBUG: SHOW TABLE STATUS WHERE Engine = 'MyISAM' AND Name = 'usuarios' {"params":[],"types":[],"executionMS":0.0015277862548828125} []
[2023-10-25T13:34:01.838035+00:00] log.DEBUG: SELECT COUNT(*) FROM userlevels WHERE userlevelid = -2 {"params":[],"types":[],"executionMS":0.0006849765777587891} []
[2023-10-25T13:34:01.838867+00:00] log.DEBUG: SELECT userlevelid, userlevelname FROM userlevels {"params":[],"types":[],"executionMS":0.0005459785461425781} []
[2023-10-25T13:34:01.839513+00:00] log.DEBUG: SELECT COUNT(*) FROM userlevelpermissions WHERE userlevelid = -2 {"params":[],"types":[],"executionMS":0.0005269050598144531} []
[2023-10-25T13:34:01.840203+00:00] log.DEBUG: SELECT tablename, userlevelid, permission FROM userlevelpermissions WHERE userlevelid IN (-2) {"params":[],"types":[],"executionMS":0.0005609989166259766} []
[2023-10-25T13:34:01.842342+00:00] log.DEBUG: SHOW TABLE STATUS WHERE Engine = 'MyISAM' AND Name = 'usuarios' {"params":[],"types":[],"executionMS":0.0013968944549560547} []
[2023-10-25T13:39:33.969800+00:00] log.DEBUG: SELECT COUNT(*) FROM userlevels WHERE userlevelid = -2 {"params":[],"types":[],"executionMS":0.0007958412170410156} []
[2023-10-25T13:39:33.971079+00:00] log.DEBUG: SELECT userlevelid, userlevelname FROM userlevels {"params":[],"types":[],"executionMS":0.0008780956268310547} []
[2023-10-25T13:39:33.971811+00:00] log.DEBUG: SELECT COUNT(*) FROM userlevelpermissions WHERE userlevelid = -2 {"params":[],"types":[],"executionMS":0.0005640983581542969} []
[2023-10-25T13:39:33.972638+00:00] log.DEBUG: SELECT tablename, userlevelid, permission FROM userlevelpermissions WHERE userlevelid IN (-2) {"params":[],"types":[],"executionMS":0.0006000995635986328} []
[2023-10-25T13:39:34.161112+00:00] log.DEBUG: SHOW TABLE STATUS WHERE Engine = 'MyISAM' AND Name = 'usuarios' {"params":[],"types":[],"executionMS":0.0018188953399658203} []
