[2023-09-18T22:37:56.391448+00:00] log.DEBUG: SELECT t0.codnum AS codnum_1, t0.usuario AS usuario_2, t0.nombre AS nombre_3, t0.clave AS clave_4, t0.nivel AS nivel_5, t0.activo AS activo_6, t0.email AS email_7, t0.perfil AS perfil_8 FROM usuarios t0 WHERE t0.usuario = ? LIMIT 1 {"params":["mauro"],"types":["string"],"executionMS":0.07207584381103516} []
[2023-09-18T22:37:56.468955+00:00] log.DEBUG: SELECT t0.codnum AS codnum_1, t0.usuario AS usuario_2, t0.nombre AS nombre_3, t0.clave AS clave_4, t0.nivel AS nivel_5, t0.activo AS activo_6, t0.email AS email_7, t0.perfil AS perfil_8 FROM usuarios t0 WHERE t0.usuario = ? AND t0.activo = ? LIMIT 1 {"params":["mauro","1"],"types":["string","boolean"],"executionMS":0.07084012031555176} []
[2023-09-18T22:37:56.506094+00:00] log.DEBUG: "START TRANSACTION" {"params":null,"types":null,"executionMS":0.034442901611328125} []
[2023-09-18T22:37:56.574984+00:00] log.DEBUG: UPDATE usuarios SET perfil = ? WHERE codnum = ? {"params":["{\"LoginRetryCount\":0,\"LastBadLoginDateTime\":\"\",\"LastPasswordChangedDate\":\"2023\\/09\\/18\",\"codnum\":13,\"usuario\":\"mauro\",\"nombre\":\"Mauro Sosa\",\"nivel\":-1,\"email\":\"\",\"perfil\":\"{\\\"LoginRetryCount\\\":0,\\\"LastBadLoginDateTime\\\":\\\"\\\",\\\"LastPasswordChangedDate\\\":\\\"2023\\\\\\/09\\\\\\/14\\\",\\\"codnum\\\":13,\\\"usuario\\\":\\\"mauro\\\",\\\"nombre\\\":\\\"Mauro Sosa\\\",\\\"nivel\\\":-1,\\\"email\\\":\\\"\\\",\\\"perfil\\\":\\\"{\\\\\\\"LoginRetryCount\\\\\\\":0,\\\\\\\"LastBadLoginDateTime\\\\\\\":\\\\\\\"\\\\\\\",\\\\\\\"LastPasswordChangedDate\\\\\\\":\\\\\\\"2023\\\\\\\\\\\\\\/09\\\\\\\\\\\\\\/14\\\\\\\",\\\\\\\"codnum\\\\\\\":13,\\\\\\\"usuario\\\\\\\":\\\\\\\"mauro\\\\\\\",\\\\\\\"nombre\\\\\\\":\\\\\\\"Mauro Sosa\\\\\\\",\\\\\\\"nivel\\\\\\\":-1,\\\\\\\"email\\\\\\\":\\\\\\\"\\\\\\\",\\\\\\\"activo\\\\\\\":1}\\\",\\\"activo\\\":1}\",\"activo\":1}",13],"types":["text","integer"],"executionMS":0.06876993179321289} []
[2023-09-18T22:37:56.616432+00:00] log.DEBUG: "COMMIT" {"params":null,"types":null,"executionMS":0.041316986083984375} []
[2023-09-18T22:37:56.689871+00:00] log.ERROR: 404 Not Found Type: Slim\Exception\HttpNotFoundException Code: 404 Message: Route 'funcion_mysqli_name.php' not found. File: C:\xampp\htdocs\pruebas\src\routes.php Line: 22 Trace: #0 C:\xampp\htdocs\pruebas\vendor\slim\slim\Slim\Handlers\Strategies\RequestResponse.php(38): Closure->PHPMaker2024\Subastas2024\{closure}(Object(Slim\Http\ServerRequest), Object(Slim\Http\Response), Array) #1 C:\xampp\htdocs\pruebas\vendor\slim\slim\Slim\Routing\Route.php(358): Slim\Handlers\Strategies\RequestResponse->__invoke(Object(Closure), Object(Slim\Http\ServerRequest), Object(Slim\Http\Response), Array) #2 C:\xampp\htdocs\pruebas\vendor\slim\slim\Slim\MiddlewareDispatcher.php(65): Slim\Routing\Route->handle(Object(Slim\Http\ServerRequest)) #3 C:\xampp\htdocs\pruebas\vendor\slim\slim\Slim\MiddlewareDispatcher.php(65): Slim\MiddlewareDispatcher->handle(Object(Slim\Http\ServerRequest)) #4 C:\xampp\htdocs\pruebas\vendor\slim\slim\Slim\Routing\Route.php(315): Slim\MiddlewareDispatcher->handle(Object(Slim\Http\ServerRequest)) #5 C:\xampp\htdocs\pruebas\vendor\slim\slim\Slim\Routing\RouteRunner.php(68): Slim\Routing\Route->run(Object(Slim\Http\ServerRequest)) #6 C:\xampp\htdocs\pruebas\vendor\slim\slim\Slim\Middleware\BodyParsingMiddleware.php(64): Slim\Routing\RouteRunner->handle(Object(Slim\Http\ServerRequest)) #7 C:\xampp\htdocs\pruebas\vendor\slim\slim\Slim\MiddlewareDispatcher.php(121): Slim\Middleware\BodyParsingMiddleware->process(Object(Slim\Http\ServerRequest), Object(Slim\Routing\RouteRunner)) #8 C:\xampp\htdocs\pruebas\src\CorsMiddleware.php(43): Psr\Http\Server\RequestHandlerInterface@anonymous->handle(Object(Slim\Http\ServerRequest)) #9 C:\xampp\htdocs\pruebas\vendor\slim\slim\Slim\MiddlewareDispatcher.php(121): PHPMaker2024\Subastas2024\CorsMiddleware->process(Object(Slim\Http\ServerRequest), Object(Psr\Http\Server\RequestHandlerInterface@anonymous)) #10 C:\xampp\htdocs\pruebas\vendor\slim\slim\Slim\Middleware\RoutingMiddleware.php(45): Psr\Http\Server\RequestHandlerInterface@anonymous->handle(Object(Slim\Http\ServerRequest)) #11 C:\xampp\htdocs\pruebas\vendor\slim\slim\Slim\MiddlewareDispatcher.php(121): Slim\Middleware\RoutingMiddleware->process(Object(Slim\Http\ServerRequest), Object(Psr\Http\Server\RequestHandlerInterface@anonymous)) #12 C:\xampp\htdocs\pruebas\src\LaravelSessionMiddleware.php(45): Psr\Http\Server\RequestHandlerInterface@anonymous->handle(Object(Slim\Http\ServerRequest)) #13 C:\xampp\htdocs\pruebas\vendor\slim\slim\Slim\MiddlewareDispatcher.php(121): PHPMaker2024\Subastas2024\LaravelSessionMiddleware->process(Object(Slim\Http\ServerRequest), Object(Psr\Http\Server\RequestHandlerInterface@anonymous)) #14 C:\xampp\htdocs\pruebas\vendor\hkvstore\samesite-cookie\src\SameSiteCookieMiddleware.php(52): Psr\Http\Server\RequestHandlerInterface@anonymous->handle(Object(Slim\Http\ServerRequest)) #15 C:\xampp\htdocs\pruebas\vendor\slim\slim\Slim\MiddlewareDispatcher.php(121): Selective\SameSiteCookie\SameSiteCookieMiddleware->process(Object(Slim\Http\ServerRequest), Object(Psr\Http\Server\RequestHandlerInterface@anonymous)) #16 C:\xampp\htdocs\pruebas\vendor\hkvstore\samesite-cookie\src\SameSiteSessionMiddleware.php(52): Psr\Http\Server\RequestHandlerInterface@anonymous->handle(Object(Slim\Http\ServerRequest)) #17 C:\xampp\htdocs\pruebas\vendor\slim\slim\Slim\MiddlewareDispatcher.php(121): Selective\SameSiteCookie\SameSiteSessionMiddleware->process(Object(Slim\Http\ServerRequest), Object(Psr\Http\Server\RequestHandlerInterface@anonymous)) #18 C:\xampp\htdocs\pruebas\vendor\slim\slim\Slim\Middleware\ErrorMiddleware.php(76): Psr\Http\Server\RequestHandlerInterface@anonymous->handle(Object(Slim\Http\ServerRequest)) #19 C:\xampp\htdocs\pruebas\vendor\slim\slim\Slim\MiddlewareDispatcher.php(121): Slim\Middleware\ErrorMiddleware->process(Object(Slim\Http\ServerRequest), Object(Psr\Http\Server\RequestHandlerInterface@anonymous)) #20 C:\xampp\htdocs\pruebas\vendor\slim\slim\Slim\MiddlewareDispatcher.php(65): Psr\Http\Server\RequestHandlerInterface@anonymous->handle(Object(Slim\Http\ServerRequest)) #21 C:\xampp\htdocs\pruebas\vendor\slim\slim\Slim\App.php(199): Slim\MiddlewareDispatcher->handle(Object(Slim\Http\ServerRequest)) #22 C:\xampp\htdocs\pruebas\vendor\slim\slim\Slim\App.php(183): Slim\App->handle(Object(Slim\Http\ServerRequest)) #23 C:\xampp\htdocs\pruebas\index.php(150): Slim\App->run() #24 {main} [] []
[2023-09-18T22:37:57.217056+00:00] log.DEBUG: SELECT t0.codnum AS codnum_1, t0.usuario AS usuario_2, t0.nombre AS nombre_3, t0.clave AS clave_4, t0.nivel AS nivel_5, t0.activo AS activo_6, t0.email AS email_7, t0.perfil AS perfil_8 FROM usuarios t0 WHERE t0.usuario = ? LIMIT 1 {"params":["mauro"],"types":["string"],"executionMS":0.06927800178527832} []
[2023-09-18T22:38:04.145737+00:00] log.DEBUG: SHOW TABLE STATUS WHERE Engine = 'MyISAM' AND Name = 'remates' {"params":[],"types":[],"executionMS":0.06934595108032227} []
[2023-09-18T22:38:04.276049+00:00] log.DEBUG: SELECT t0.codnum AS codnum_1, t0.usuario AS usuario_2, t0.nombre AS nombre_3, t0.clave AS clave_4, t0.nivel AS nivel_5, t0.activo AS activo_6, t0.email AS email_7, t0.perfil AS perfil_8 FROM usuarios t0 WHERE t0.usuario = ? LIMIT 1 {"params":["mauro"],"types":["string"],"executionMS":0.06785917282104492} []
[2023-09-18T22:38:04.377467+00:00] log.DEBUG: SHOW TABLE STATUS WHERE Engine = 'MyISAM' AND Name = 'lotes' {"params":[],"types":[],"executionMS":0.06726789474487305} []
[2023-09-18T22:38:04.448031+00:00] log.DEBUG: SHOW TABLE STATUS WHERE Engine = 'MyISAM' AND Name = 'tipcomp' {"params":[],"types":[],"executionMS":0.06726312637329102} []
[2023-09-18T22:38:04.524012+00:00] log.DEBUG: SHOW TABLE STATUS WHERE Engine = 'MyISAM' AND Name = 'series' {"params":[],"types":[],"executionMS":0.07028508186340332} []
[2023-09-18T22:38:04.594713+00:00] log.DEBUG: SHOW TABLE STATUS WHERE Engine = 'MyISAM' AND Name = 'entidades' {"params":[],"types":[],"executionMS":0.06747102737426758} []
[2023-09-18T22:38:04.665539+00:00] log.DEBUG: SHOW TABLE STATUS WHERE Engine = 'MyISAM' AND Name = 'paises' {"params":[],"types":[],"executionMS":0.06832098960876465} []
[2023-09-18T22:38:04.742071+00:00] log.DEBUG: SHOW TABLE STATUS WHERE Engine = 'MyISAM' AND Name = 'provincias' {"params":[],"types":[],"executionMS":0.06743001937866211} []
[2023-09-18T22:38:04.812240+00:00] log.DEBUG: SHOW TABLE STATUS WHERE Engine = 'MyISAM' AND Name = 'localidades' {"params":[],"types":[],"executionMS":0.06702280044555664} []
[2023-09-18T22:38:04.884192+00:00] log.DEBUG: SHOW TABLE STATUS WHERE Engine = 'MyISAM' AND Name = 'tipoindustria' {"params":[],"types":[],"executionMS":0.06760120391845703} []
[2023-09-18T22:38:04.952673+00:00] log.DEBUG: SELECT COUNT(*) FROM remates {"params":[],"types":[],"executionMS":0.06703495979309082} []
[2023-09-18T22:38:05.020883+00:00] log.DEBUG: SELECT * FROM remates ORDER BY `ncomp` DESC LIMIT 20 {"params":[],"types":[],"executionMS":0.06690311431884766} []
[2023-09-18T22:38:05.100266+00:00] log.DEBUG: SELECT COUNT(*) FROM lotes WHERE `codrem` = NULL {"params":[],"types":[],"executionMS":0.0661308765411377} []
[2023-09-18T22:38:05.169869+00:00] log.DEBUG: SELECT `codnum` AS `lf`, `descripcion` AS `df`, '' AS `df2`, '' AS `df3`, '' AS `df4` FROM tipcomp WHERE `codnum` = 4 AND `codnum` = 4 ORDER BY `descripcion` ASC {"params":[],"types":[],"executionMS":0.06837797164916992} []
[2023-09-18T22:38:05.246140+00:00] log.DEBUG: SELECT `codnum` AS `lf`, `descripcion` AS `df`, '' AS `df2`, '' AS `df3`, '' AS `df4` FROM series WHERE `codnum` = 4 AND `codnum` = 4 ORDER BY `descripcion` ASC {"params":[],"types":[],"executionMS":0.07418107986450195} []
[2023-09-18T22:38:05.312219+00:00] log.DEBUG: SELECT `codnum` AS `lf`, `razsoc` AS `df`, '' AS `df2`, '' AS `df3`, '' AS `df4` FROM entidades WHERE `codnum` = 940 AND `tipoent` = 1 ORDER BY `razsoc` ASC {"params":[],"types":[],"executionMS":0.06563901901245117} []
[2023-09-18T22:38:05.387305+00:00] log.DEBUG: SELECT `codnum` AS `lf`, `descripcion` AS `df`, '' AS `df2`, '' AS `df3`, '' AS `df4` FROM paises WHERE `codnum` = 1 ORDER BY `descripcion` ASC {"params":[],"types":[],"executionMS":0.07471799850463867} []
[2023-09-18T22:38:05.453177+00:00] log.DEBUG: SELECT `codnum` AS `lf`, `descripcion` AS `df`, '' AS `df2`, '' AS `df3`, '' AS `df4` FROM provincias WHERE `codnum` = 2 ORDER BY `descripcion` ASC {"params":[],"types":[],"executionMS":0.06547093391418457} []
[2023-09-18T22:38:05.519105+00:00] log.DEBUG: SELECT `codnum` AS `lf`, `descripcion` AS `df`, '' AS `df2`, '' AS `df3`, '' AS `df4` FROM localidades WHERE `codnum` = 413 ORDER BY `descripcion` ASC {"params":[],"types":[],"executionMS":0.06560182571411133} []
[2023-09-18T22:38:05.588361+00:00] log.DEBUG: SELECT `codnum` AS `lf`, `nomre` AS `df`, '' AS `df2`, '' AS `df3`, '' AS `df4` FROM tipoindustria WHERE `codnum` = 10 ORDER BY `nomre` ASC {"params":[],"types":[],"executionMS":0.06537795066833496} []
[2023-09-18T22:38:05.655006+00:00] log.DEBUG: SELECT COUNT(*) FROM lotes WHERE `codrem` = 79 {"params":[],"types":[],"executionMS":0.0659630298614502} []
[2023-09-18T22:38:05.724777+00:00] log.DEBUG: SELECT COUNT(*) FROM lotes WHERE `codrem` = 78 {"params":[],"types":[],"executionMS":0.06665897369384766} []
[2023-09-18T22:38:05.795781+00:00] log.DEBUG: SELECT `codnum` AS `lf`, `nomre` AS `df`, '' AS `df2`, '' AS `df3`, '' AS `df4` FROM tipoindustria WHERE `codnum` = 7 ORDER BY `nomre` ASC {"params":[],"types":[],"executionMS":0.06657695770263672} []
[2023-09-18T22:38:05.863278+00:00] log.DEBUG: SELECT COUNT(*) FROM lotes WHERE `codrem` = 77 {"params":[],"types":[],"executionMS":0.06629514694213867} []
[2023-09-18T22:38:05.936576+00:00] log.DEBUG: SELECT COUNT(*) FROM lotes WHERE `codrem` = 76 {"params":[],"types":[],"executionMS":0.0669710636138916} []
[2023-09-18T22:38:06.005282+00:00] log.DEBUG: SELECT `codnum` AS `lf`, `nomre` AS `df`, '' AS `df2`, '' AS `df3`, '' AS `df4` FROM tipoindustria WHERE `codnum` = 13 ORDER BY `nomre` ASC {"params":[],"types":[],"executionMS":0.06537508964538574} []
[2023-09-18T22:38:06.077768+00:00] log.DEBUG: SELECT COUNT(*) FROM lotes WHERE `codrem` = 75 {"params":[],"types":[],"executionMS":0.07159018516540527} []
[2023-09-18T22:38:06.146892+00:00] log.DEBUG: SELECT `codnum` AS `lf`, `nomre` AS `df`, '' AS `df2`, '' AS `df3`, '' AS `df4` FROM tipoindustria WHERE `codnum` = 11 ORDER BY `nomre` ASC {"params":[],"types":[],"executionMS":0.06604504585266113} []
[2023-09-18T22:38:06.216213+00:00] log.DEBUG: SELECT COUNT(*) FROM lotes WHERE `codrem` = 74 {"params":[],"types":[],"executionMS":0.06849789619445801} []
[2023-09-18T22:38:06.290288+00:00] log.DEBUG: SELECT `codnum` AS `lf`, `nomre` AS `df`, '' AS `df2`, '' AS `df3`, '' AS `df4` FROM tipoindustria WHERE `codnum` = 27 ORDER BY `nomre` ASC {"params":[],"types":[],"executionMS":0.0695950984954834} []
[2023-09-18T22:38:06.359783+00:00] log.DEBUG: SELECT COUNT(*) FROM lotes WHERE `codrem` = 73 {"params":[],"types":[],"executionMS":0.06847286224365234} []
[2023-09-18T22:38:06.430165+00:00] log.DEBUG: SELECT COUNT(*) FROM lotes WHERE `codrem` = 72 {"params":[],"types":[],"executionMS":0.06733107566833496} []
[2023-09-18T22:38:06.500591+00:00] log.DEBUG: SELECT COUNT(*) FROM lotes WHERE `codrem` = 71 {"params":[],"types":[],"executionMS":0.06556010246276855} []
[2023-09-18T22:38:06.584306+00:00] log.DEBUG: SELECT COUNT(*) FROM lotes WHERE `codrem` = 70 {"params":[],"types":[],"executionMS":0.07914996147155762} []
[2023-09-18T22:38:06.654255+00:00] log.DEBUG: SELECT COUNT(*) FROM lotes WHERE `codrem` = 69 {"params":[],"types":[],"executionMS":0.06551194190979004} []
[2023-09-18T22:38:06.722443+00:00] log.DEBUG: SELECT `codnum` AS `lf`, `nomre` AS `df`, '' AS `df2`, '' AS `df3`, '' AS `df4` FROM tipoindustria WHERE `codnum` = 15 ORDER BY `nomre` ASC {"params":[],"types":[],"executionMS":0.06540179252624512} []
[2023-09-18T22:38:06.789237+00:00] log.DEBUG: SELECT COUNT(*) FROM lotes WHERE `codrem` = 68 {"params":[],"types":[],"executionMS":0.06596517562866211} []
[2023-09-18T22:38:06.858192+00:00] log.DEBUG: SELECT `codnum` AS `lf`, `nomre` AS `df`, '' AS `df2`, '' AS `df3`, '' AS `df4` FROM tipoindustria WHERE `codnum` = 8 ORDER BY `nomre` ASC {"params":[],"types":[],"executionMS":0.06600785255432129} []
[2023-09-18T22:38:06.925692+00:00] log.DEBUG: SELECT COUNT(*) FROM lotes WHERE `codrem` = 67 {"params":[],"types":[],"executionMS":0.06658101081848145} []
[2023-09-18T22:38:06.994449+00:00] log.DEBUG: SELECT `codnum` AS `lf`, `nomre` AS `df`, '' AS `df2`, '' AS `df3`, '' AS `df4` FROM tipoindustria WHERE `codnum` = 3 ORDER BY `nomre` ASC {"params":[],"types":[],"executionMS":0.06598806381225586} []
[2023-09-18T22:38:07.061537+00:00] log.DEBUG: SELECT COUNT(*) FROM lotes WHERE `codrem` = 66 {"params":[],"types":[],"executionMS":0.06611108779907227} []
[2023-09-18T22:38:07.136480+00:00] log.DEBUG: SELECT COUNT(*) FROM lotes WHERE `codrem` = 65 {"params":[],"types":[],"executionMS":0.06735706329345703} []
[2023-09-18T22:38:07.206067+00:00] log.DEBUG: SELECT `codnum` AS `lf`, `nomre` AS `df`, '' AS `df2`, '' AS `df3`, '' AS `df4` FROM tipoindustria WHERE `codnum` = 1 ORDER BY `nomre` ASC {"params":[],"types":[],"executionMS":0.06655287742614746} []
[2023-09-18T22:38:07.274026+00:00] log.DEBUG: SELECT COUNT(*) FROM lotes WHERE `codrem` = 64 {"params":[],"types":[],"executionMS":0.06722903251647949} []
[2023-09-18T22:38:07.342777+00:00] log.DEBUG: SELECT COUNT(*) FROM lotes WHERE `codrem` = 63 {"params":[],"types":[],"executionMS":0.06542110443115234} []
[2023-09-18T22:38:07.412957+00:00] log.DEBUG: SELECT COUNT(*) FROM lotes WHERE `codrem` = 62 {"params":[],"types":[],"executionMS":0.06701493263244629} []
[2023-09-18T22:38:07.482847+00:00] log.DEBUG: SELECT COUNT(*) FROM lotes WHERE `codrem` = 61 {"params":[],"types":[],"executionMS":0.06615996360778809} []
[2023-09-18T22:38:07.552317+00:00] log.DEBUG: SELECT `codnum` AS `lf`, `nomre` AS `df`, '' AS `df2`, '' AS `df3`, '' AS `df4` FROM tipoindustria WHERE `codnum` = 37 ORDER BY `nomre` ASC {"params":[],"types":[],"executionMS":0.06640219688415527} []
[2023-09-18T22:38:07.620455+00:00] log.DEBUG: SELECT COUNT(*) FROM lotes WHERE `codrem` = 60 {"params":[],"types":[],"executionMS":0.06706809997558594} []
[2023-09-18T22:39:07.528844+00:00] log.DEBUG: SELECT t0.codnum AS codnum_1, t0.usuario AS usuario_2, t0.nombre AS nombre_3, t0.clave AS clave_4, t0.nivel AS nivel_5, t0.activo AS activo_6, t0.email AS email_7, t0.perfil AS perfil_8 FROM usuarios t0 WHERE t0.usuario = ? LIMIT 1 {"params":["mauro"],"types":["string"],"executionMS":0.07142400741577148} []
[2023-09-18T22:39:07.604005+00:00] log.DEBUG: SELECT COUNT(*) FROM tipcomp WHERE `codnum` = 4 {"params":[],"types":[],"executionMS":0.06480288505554199} []
[2023-09-18T22:39:07.671295+00:00] log.DEBUG: SELECT `codnum` AS `lf`, `descripcion` AS `df`, '' AS `df2`, '' AS `df3`, '' AS `df4` FROM tipcomp WHERE `codnum` = 4 ORDER BY `descripcion` ASC {"params":[],"types":[],"executionMS":0.06660795211791992} []
[2023-09-18T22:39:07.742405+00:00] log.DEBUG: SELECT COUNT(*) FROM series WHERE `codnum` = 4 {"params":[],"types":[],"executionMS":0.0679168701171875} []
[2023-09-18T22:39:07.808483+00:00] log.DEBUG: SELECT `codnum` AS `lf`, `descripcion` AS `df`, '' AS `df2`, '' AS `df3`, '' AS `df4` FROM series WHERE `codnum` = 4 ORDER BY `descripcion` ASC {"params":[],"types":[],"executionMS":0.06568098068237305} []
[2023-09-18T22:39:07.881686+00:00] log.DEBUG: SELECT COUNT(*) FROM entidades WHERE `tipoent` = 1 {"params":[],"types":[],"executionMS":0.06916618347167969} []
[2023-09-18T22:39:08.202861+00:00] log.DEBUG: SELECT `codnum` AS `lf`, `razsoc` AS `df`, '' AS `df2`, '' AS `df3`, '' AS `df4` FROM entidades WHERE `tipoent` = 1 ORDER BY `razsoc` ASC {"params":[],"types":[],"executionMS":0.320972204208374} []
[2023-09-18T22:39:08.758175+00:00] log.DEBUG: SELECT COUNT(*) FROM paises {"params":[],"types":[],"executionMS":0.06676197052001953} []
[2023-09-18T22:39:08.824207+00:00] log.DEBUG: SELECT `codnum` AS `lf`, `descripcion` AS `df`, '' AS `df2`, '' AS `df3`, '' AS `df4` FROM paises ORDER BY `descripcion` ASC {"params":[],"types":[],"executionMS":0.06588983535766602} []
[2023-09-18T22:39:08.893036+00:00] log.DEBUG: SELECT COUNT(*) FROM provincias {"params":[],"types":[],"executionMS":0.06635499000549316} []
[2023-09-18T22:39:08.975245+00:00] log.DEBUG: SELECT `codnum` AS `lf`, `descripcion` AS `df`, '' AS `df2`, '' AS `df3`, '' AS `df4` FROM provincias ORDER BY `descripcion` ASC {"params":[],"types":[],"executionMS":0.08179688453674316} []
[2023-09-18T22:39:09.046398+00:00] log.DEBUG: SELECT COUNT(*) FROM localidades {"params":[],"types":[],"executionMS":0.06652593612670898} []
[2023-09-18T22:39:09.118087+00:00] log.DEBUG: SELECT `codnum` AS `lf`, `descripcion` AS `df`, '' AS `df2`, '' AS `df3`, '' AS `df4` FROM localidades ORDER BY `descripcion` ASC {"params":[],"types":[],"executionMS":0.07147407531738281} []
[2023-09-18T22:39:09.225418+00:00] log.DEBUG: SELECT COUNT(*) FROM tipoindustria {"params":[],"types":[],"executionMS":0.06602001190185547} []
[2023-09-18T22:39:09.290999+00:00] log.DEBUG: SELECT `codnum` AS `lf`, `nomre` AS `df`, '' AS `df2`, '' AS `df3`, '' AS `df4` FROM tipoindustria ORDER BY `nomre` ASC {"params":[],"types":[],"executionMS":0.06545090675354004} []
[2023-09-18T22:39:09.359756+00:00] log.DEBUG: SELECT * FROM remates WHERE `codnum` = 79 ORDER BY `ncomp` DESC {"params":[],"types":[],"executionMS":0.06530904769897461} []
[2023-09-18T22:39:18.396309+00:00] log.DEBUG: SELECT t0.codnum AS codnum_1, t0.usuario AS usuario_2, t0.nombre AS nombre_3, t0.clave AS clave_4, t0.nivel AS nivel_5, t0.activo AS activo_6, t0.email AS email_7, t0.perfil AS perfil_8 FROM usuarios t0 WHERE t0.usuario = ? LIMIT 1 {"params":["mauro"],"types":["string"],"executionMS":0.06863713264465332} []
[2023-09-18T22:39:18.474879+00:00] log.DEBUG: SELECT COUNT(*) FROM tipcomp WHERE `codnum` = 4 {"params":[],"types":[],"executionMS":0.06745004653930664} []
[2023-09-18T22:39:18.542196+00:00] log.DEBUG: SELECT `codnum` AS `lf`, `descripcion` AS `df`, '' AS `df2`, '' AS `df3`, '' AS `df4` FROM tipcomp WHERE `codnum` = 4 ORDER BY `descripcion` ASC {"params":[],"types":[],"executionMS":0.06686997413635254} []
[2023-09-18T22:39:18.612153+00:00] log.DEBUG: SELECT COUNT(*) FROM series WHERE `codnum` = 4 {"params":[],"types":[],"executionMS":0.06679201126098633} []
[2023-09-18T22:39:18.680692+00:00] log.DEBUG: SELECT `codnum` AS `lf`, `descripcion` AS `df`, '' AS `df2`, '' AS `df3`, '' AS `df4` FROM series WHERE `codnum` = 4 ORDER BY `descripcion` ASC {"params":[],"types":[],"executionMS":0.06834197044372559} []
[2023-09-18T22:39:18.760825+00:00] log.DEBUG: SELECT COUNT(*) FROM entidades WHERE `tipoent` = 1 {"params":[],"types":[],"executionMS":0.07163500785827637} []
[2023-09-18T22:39:19.148592+00:00] log.DEBUG: SELECT `codnum` AS `lf`, `razsoc` AS `df`, '' AS `df2`, '' AS `df3`, '' AS `df4` FROM entidades WHERE `tipoent` = 1 ORDER BY `razsoc` ASC {"params":[],"types":[],"executionMS":0.3876378536224365} []
[2023-09-18T22:39:19.721904+00:00] log.DEBUG: SELECT COUNT(*) FROM paises {"params":[],"types":[],"executionMS":0.07158803939819336} []
[2023-09-18T22:39:19.793900+00:00] log.DEBUG: SELECT `codnum` AS `lf`, `descripcion` AS `df`, '' AS `df2`, '' AS `df3`, '' AS `df4` FROM paises ORDER BY `descripcion` ASC {"params":[],"types":[],"executionMS":0.07187700271606445} []
[2023-09-18T22:39:19.871251+00:00] log.DEBUG: SELECT COUNT(*) FROM provincias {"params":[],"types":[],"executionMS":0.07512807846069336} []
[2023-09-18T22:39:19.944503+00:00] log.DEBUG: SELECT `codnum` AS `lf`, `descripcion` AS `df`, '' AS `df2`, '' AS `df3`, '' AS `df4` FROM provincias ORDER BY `descripcion` ASC {"params":[],"types":[],"executionMS":0.0727992057800293} []
[2023-09-18T22:39:20.023307+00:00] log.DEBUG: SELECT COUNT(*) FROM localidades {"params":[],"types":[],"executionMS":0.06998682022094727} []
[2023-09-18T22:39:20.103199+00:00] log.DEBUG: SELECT `codnum` AS `lf`, `descripcion` AS `df`, '' AS `df2`, '' AS `df3`, '' AS `df4` FROM localidades ORDER BY `descripcion` ASC {"params":[],"types":[],"executionMS":0.07977294921875} []
[2023-09-18T22:39:20.206242+00:00] log.DEBUG: SELECT COUNT(*) FROM tipoindustria {"params":[],"types":[],"executionMS":0.06882905960083008} []
[2023-09-18T22:39:20.277083+00:00] log.DEBUG: SELECT `codnum` AS `lf`, `nomre` AS `df`, '' AS `df2`, '' AS `df3`, '' AS `df4` FROM tipoindustria ORDER BY `nomre` ASC {"params":[],"types":[],"executionMS":0.0706789493560791} []
[2023-09-18T22:39:20.399606+00:00] log.DEBUG: SELECT * FROM remates WHERE `codnum` = 79 ORDER BY `ncomp` DESC {"params":[],"types":[],"executionMS":0.07001304626464844} []
[2023-09-18T22:55:41.155737+00:00] log.DEBUG: SELECT t0.codnum AS codnum_1, t0.usuario AS usuario_2, t0.nombre AS nombre_3, t0.clave AS clave_4, t0.nivel AS nivel_5, t0.activo AS activo_6, t0.email AS email_7, t0.perfil AS perfil_8 FROM usuarios t0 WHERE t0.usuario = ? LIMIT 1 {"params":["mauro"],"types":["string"],"executionMS":0.07132291793823242} []
[2023-09-18T22:55:41.234932+00:00] log.DEBUG: SELECT COUNT(*) FROM tipcomp WHERE `codnum` = 4 {"params":[],"types":[],"executionMS":0.06871414184570312} []
[2023-09-18T22:55:41.305218+00:00] log.DEBUG: SELECT `codnum` AS `lf`, `descripcion` AS `df`, '' AS `df2`, '' AS `df3`, '' AS `df4` FROM tipcomp WHERE `codnum` = 4 ORDER BY `descripcion` ASC {"params":[],"types":[],"executionMS":0.06814384460449219} []
[2023-09-18T22:55:41.377537+00:00] log.DEBUG: SELECT COUNT(*) FROM series WHERE `codnum` = 4 {"params":[],"types":[],"executionMS":0.06812500953674316} []
[2023-09-18T22:55:41.446416+00:00] log.DEBUG: SELECT `codnum` AS `lf`, `descripcion` AS `df`, '' AS `df2`, '' AS `df3`, '' AS `df4` FROM series WHERE `codnum` = 4 ORDER BY `descripcion` ASC {"params":[],"types":[],"executionMS":0.0687570571899414} []
[2023-09-18T22:55:41.525285+00:00] log.DEBUG: SELECT COUNT(*) FROM entidades WHERE `tipoent` = 1 {"params":[],"types":[],"executionMS":0.07429313659667969} []
[2023-09-18T22:55:41.859528+00:00] log.DEBUG: SELECT `codnum` AS `lf`, `razsoc` AS `df`, '' AS `df2`, '' AS `df3`, '' AS `df4` FROM entidades WHERE `tipoent` = 1 ORDER BY `razsoc` ASC {"params":[],"types":[],"executionMS":0.3340928554534912} []
[2023-09-18T22:55:42.414281+00:00] log.DEBUG: SELECT COUNT(*) FROM paises {"params":[],"types":[],"executionMS":0.0693199634552002} []
[2023-09-18T22:55:42.483982+00:00] log.DEBUG: SELECT `codnum` AS `lf`, `descripcion` AS `df`, '' AS `df2`, '' AS `df3`, '' AS `df4` FROM paises ORDER BY `descripcion` ASC {"params":[],"types":[],"executionMS":0.06957006454467773} []
[2023-09-18T22:55:42.556189+00:00] log.DEBUG: SELECT COUNT(*) FROM provincias {"params":[],"types":[],"executionMS":0.06809806823730469} []
[2023-09-18T22:55:42.627367+00:00] log.DEBUG: SELECT `codnum` AS `lf`, `descripcion` AS `df`, '' AS `df2`, '' AS `df3`, '' AS `df4` FROM provincias ORDER BY `descripcion` ASC {"params":[],"types":[],"executionMS":0.07104897499084473} []
[2023-09-18T22:55:42.699355+00:00] log.DEBUG: SELECT COUNT(*) FROM localidades {"params":[],"types":[],"executionMS":0.06898689270019531} []
[2023-09-18T22:55:42.773237+00:00] log.DEBUG: SELECT `codnum` AS `lf`, `descripcion` AS `df`, '' AS `df2`, '' AS `df3`, '' AS `df4` FROM localidades ORDER BY `descripcion` ASC {"params":[],"types":[],"executionMS":0.07371306419372559} []
[2023-09-18T22:55:42.875996+00:00] log.DEBUG: SELECT COUNT(*) FROM tipoindustria {"params":[],"types":[],"executionMS":0.06958794593811035} []
[2023-09-18T22:55:42.943619+00:00] log.DEBUG: SELECT `codnum` AS `lf`, `nomre` AS `df`, '' AS `df2`, '' AS `df3`, '' AS `df4` FROM tipoindustria ORDER BY `nomre` ASC {"params":[],"types":[],"executionMS":0.06748509407043457} []
[2023-09-18T22:55:43.077879+00:00] log.DEBUG: SELECT * FROM remates WHERE `codnum` = 79 ORDER BY `ncomp` DESC {"params":[],"types":[],"executionMS":0.06769418716430664} []
[2023-09-18T23:13:44.116140+00:00] log.DEBUG: SELECT t0.codnum AS codnum_1, t0.usuario AS usuario_2, t0.nombre AS nombre_3, t0.clave AS clave_4, t0.nivel AS nivel_5, t0.activo AS activo_6, t0.email AS email_7, t0.perfil AS perfil_8 FROM usuarios t0 WHERE t0.usuario = ? LIMIT 1 {"params":["mauro"],"types":["string"],"executionMS":0.07237887382507324} []
[2023-09-18T23:13:44.201746+00:00] log.DEBUG: SELECT COUNT(*) FROM tipcomp WHERE `codnum` = 4 {"params":[],"types":[],"executionMS":0.06909990310668945} []
[2023-09-18T23:13:44.272280+00:00] log.DEBUG: SELECT `codnum` AS `lf`, `descripcion` AS `df`, '' AS `df2`, '' AS `df3`, '' AS `df4` FROM tipcomp WHERE `codnum` = 4 ORDER BY `descripcion` ASC {"params":[],"types":[],"executionMS":0.06922101974487305} []
[2023-09-18T23:13:44.348645+00:00] log.DEBUG: SELECT COUNT(*) FROM series WHERE `codnum` = 4 {"params":[],"types":[],"executionMS":0.07138395309448242} []
[2023-09-18T23:13:44.415736+00:00] log.DEBUG: SELECT `codnum` AS `lf`, `descripcion` AS `df`, '' AS `df2`, '' AS `df3`, '' AS `df4` FROM series WHERE `codnum` = 4 ORDER BY `descripcion` ASC {"params":[],"types":[],"executionMS":0.0668950080871582} []
[2023-09-18T23:13:44.497750+00:00] log.DEBUG: SELECT COUNT(*) FROM entidades WHERE `tipoent` = 1 {"params":[],"types":[],"executionMS":0.0761880874633789} []
[2023-09-18T23:13:44.831714+00:00] log.DEBUG: SELECT `codnum` AS `lf`, `razsoc` AS `df`, '' AS `df2`, '' AS `df3`, '' AS `df4` FROM entidades WHERE `tipoent` = 1 ORDER BY `razsoc` ASC {"params":[],"types":[],"executionMS":0.33382201194763184} []
[2023-09-18T23:13:45.612610+00:00] log.DEBUG: SELECT COUNT(*) FROM paises {"params":[],"types":[],"executionMS":0.06864118576049805} []
[2023-09-18T23:13:45.679727+00:00] log.DEBUG: SELECT `codnum` AS `lf`, `descripcion` AS `df`, '' AS `df2`, '' AS `df3`, '' AS `df4` FROM paises ORDER BY `descripcion` ASC {"params":[],"types":[],"executionMS":0.06696105003356934} []
[2023-09-18T23:13:45.749945+00:00] log.DEBUG: SELECT COUNT(*) FROM provincias {"params":[],"types":[],"executionMS":0.06704592704772949} []
[2023-09-18T23:13:45.832471+00:00] log.DEBUG: SELECT `codnum` AS `lf`, `descripcion` AS `df`, '' AS `df2`, '' AS `df3`, '' AS `df4` FROM provincias ORDER BY `descripcion` ASC {"params":[],"types":[],"executionMS":0.08232808113098145} []
[2023-09-18T23:13:45.909918+00:00] log.DEBUG: SELECT COUNT(*) FROM localidades {"params":[],"types":[],"executionMS":0.07296085357666016} []
[2023-09-18T23:13:46.017530+00:00] log.DEBUG: SELECT `codnum` AS `lf`, `descripcion` AS `df`, '' AS `df2`, '' AS `df3`, '' AS `df4` FROM localidades ORDER BY `descripcion` ASC {"params":[],"types":[],"executionMS":0.1074361801147461} []
[2023-09-18T23:13:46.134239+00:00] log.DEBUG: SELECT COUNT(*) FROM tipoindustria {"params":[],"types":[],"executionMS":0.06821894645690918} []
[2023-09-18T23:13:46.201439+00:00] log.DEBUG: SELECT `codnum` AS `lf`, `nomre` AS `df`, '' AS `df2`, '' AS `df3`, '' AS `df4` FROM tipoindustria ORDER BY `nomre` ASC {"params":[],"types":[],"executionMS":0.06705617904663086} []
[2023-09-18T23:13:46.285067+00:00] log.DEBUG: SELECT * FROM remates WHERE 0=1 ORDER BY `ncomp` DESC {"params":[],"types":[],"executionMS":0.0802760124206543} []
[2023-09-18T23:13:46.826429+00:00] log.DEBUG: SELECT t0.codnum AS codnum_1, t0.usuario AS usuario_2, t0.nombre AS nombre_3, t0.clave AS clave_4, t0.nivel AS nivel_5, t0.activo AS activo_6, t0.email AS email_7, t0.perfil AS perfil_8 FROM usuarios t0 WHERE t0.usuario = ? LIMIT 1 {"params":["mauro"],"types":["string"],"executionMS":0.07141399383544922} []
[2023-09-18T23:13:46.941508+00:00] log.DEBUG: SELECT COUNT(*) FROM remates {"params":[],"types":[],"executionMS":0.06978201866149902} []
[2023-09-18T23:13:47.016525+00:00] log.DEBUG: SELECT * FROM remates ORDER BY `ncomp` DESC LIMIT 20 {"params":[],"types":[],"executionMS":0.07431817054748535} []
[2023-09-18T23:13:47.107927+00:00] log.DEBUG: SELECT COUNT(*) FROM lotes WHERE `codrem` = NULL {"params":[],"types":[],"executionMS":0.06876420974731445} []
[2023-09-18T23:13:47.183075+00:00] log.DEBUG: SELECT `codnum` AS `lf`, `descripcion` AS `df`, '' AS `df2`, '' AS `df3`, '' AS `df4` FROM tipcomp WHERE `codnum` = 4 AND `codnum` = 4 ORDER BY `descripcion` ASC {"params":[],"types":[],"executionMS":0.07358193397521973} []
[2023-09-18T23:13:47.253157+00:00] log.DEBUG: SELECT `codnum` AS `lf`, `descripcion` AS `df`, '' AS `df2`, '' AS `df3`, '' AS `df4` FROM series WHERE `codnum` = 4 AND `codnum` = 4 ORDER BY `descripcion` ASC {"params":[],"types":[],"executionMS":0.06805014610290527} []
[2023-09-18T23:13:47.322119+00:00] log.DEBUG: SELECT `codnum` AS `lf`, `razsoc` AS `df`, '' AS `df2`, '' AS `df3`, '' AS `df4` FROM entidades WHERE `codnum` = 940 AND `tipoent` = 1 ORDER BY `razsoc` ASC {"params":[],"types":[],"executionMS":0.06847000122070312} []
[2023-09-18T23:13:47.390564+00:00] log.DEBUG: SELECT `codnum` AS `lf`, `descripcion` AS `df`, '' AS `df2`, '' AS `df3`, '' AS `df4` FROM paises WHERE `codnum` = 1 ORDER BY `descripcion` ASC {"params":[],"types":[],"executionMS":0.06790399551391602} []
[2023-09-18T23:13:47.459036+00:00] log.DEBUG: SELECT `codnum` AS `lf`, `descripcion` AS `df`, '' AS `df2`, '' AS `df3`, '' AS `df4` FROM provincias WHERE `codnum` = 2 ORDER BY `descripcion` ASC {"params":[],"types":[],"executionMS":0.06814193725585938} []
[2023-09-18T23:13:47.527807+00:00] log.DEBUG: SELECT `codnum` AS `lf`, `descripcion` AS `df`, '' AS `df2`, '' AS `df3`, '' AS `df4` FROM localidades WHERE `codnum` = 413 ORDER BY `descripcion` ASC {"params":[],"types":[],"executionMS":0.06842803955078125} []
[2023-09-18T23:13:47.530727+00:00] log.ERROR: Slim Application Error Type: Error Code: 0 Message: Class &quot;PHPMaker2024\Subastas2024\OptionValues&quot; not found File: C:\xampp\htdocs\pruebas\models\RematesList.php Line: 2741 Trace: #0 C:\xampp\htdocs\pruebas\models\RematesList.php(2303): PHPMaker2024\Subastas2024\RematesList->renderRow() #1 C:\xampp\htdocs\pruebas\views\RematesList.php(264): PHPMaker2024\Subastas2024\RematesList->setupRow() #2 C:\xampp\htdocs\pruebas\vendor\slim\php-view\src\PhpRenderer.php(215): include('C:\\xampp\\htdocs...') #3 C:\xampp\htdocs\pruebas\vendor\slim\php-view\src\PhpRenderer.php(183): Slim\Views\PhpRenderer->protectedIncludeScope('views/RematesLi...', Array) #4 C:\xampp\htdocs\pruebas\vendor\slim\php-view\src\PhpRenderer.php(152): Slim\Views\PhpRenderer->fetchTemplate('RematesList.php', Array) #5 C:\xampp\htdocs\pruebas\vendor\slim\php-view\src\PhpRenderer.php(49): Slim\Views\PhpRenderer->fetch('RematesList.php', Array, true) #6 C:\xampp\htdocs\pruebas\controllers\ControllerBase.php(58): Slim\Views\PhpRenderer->render(Object(Slim\Http\Response), 'RematesList.php', Array) #7 C:\xampp\htdocs\pruebas\controllers\RematesController.php(22): PHPMaker2024\Subastas2024\ControllerBase->runPage(Object(Slim\Http\ServerRequest), Object(Slim\Http\Response), Array, 'RematesList') #8 C:\xampp\htdocs\pruebas\vendor\slim\slim\Slim\Handlers\Strategies\RequestResponse.php(38): PHPMaker2024\Subastas2024\RematesController->list(Object(Slim\Http\ServerRequest), Object(Slim\Http\Response), Array) #9 C:\xampp\htdocs\pruebas\vendor\slim\slim\Slim\Routing\Route.php(358): Slim\Handlers\Strategies\RequestResponse->__invoke(Array, Object(Slim\Http\ServerRequest), Object(Slim\Http\Response), Array) #10 C:\xampp\htdocs\pruebas\src\PermissionMiddleware.php(117): Slim\Routing\Route->handle(Object(Slim\Http\ServerRequest)) #11 C:\xampp\htdocs\pruebas\vendor\slim\slim\Slim\MiddlewareDispatcher.php(269): PHPMaker2024\Subastas2024\PermissionMiddleware->__invoke(Object(Slim\Http\ServerRequest), Object(Slim\Routing\Route)) #12 C:\xampp\htdocs\pruebas\vendor\slim\slim\Slim\MiddlewareDispatcher.php(65): Psr\Http\Server\RequestHandlerInterface@anonymous->handle(Object(Slim\Http\ServerRequest)) #13 C:\xampp\htdocs\pruebas\vendor\slim\slim\Slim\MiddlewareDispatcher.php(65): Slim\MiddlewareDispatcher->handle(Object(Slim\Http\ServerRequest)) #14 C:\xampp\htdocs\pruebas\vendor\slim\slim\Slim\Routing\Route.php(315): Slim\MiddlewareDispatcher->handle(Object(Slim\Http\ServerRequest)) #15 C:\xampp\htdocs\pruebas\vendor\slim\slim\Slim\Routing\RouteRunner.php(68): Slim\Routing\Route->run(Object(Slim\Http\ServerRequest)) #16 C:\xampp\htdocs\pruebas\vendor\slim\slim\Slim\Middleware\BodyParsingMiddleware.php(64): Slim\Routing\RouteRunner->handle(Object(Slim\Http\ServerRequest)) #17 C:\xampp\htdocs\pruebas\vendor\slim\slim\Slim\MiddlewareDispatcher.php(121): Slim\Middleware\BodyParsingMiddleware->process(Object(Slim\Http\ServerRequest), Object(Slim\Routing\RouteRunner)) #18 C:\xampp\htdocs\pruebas\src\CorsMiddleware.php(43): Psr\Http\Server\RequestHandlerInterface@anonymous->handle(Object(Slim\Http\ServerRequest)) #19 C:\xampp\htdocs\pruebas\vendor\slim\slim\Slim\MiddlewareDispatcher.php(121): PHPMaker2024\Subastas2024\CorsMiddleware->process(Object(Slim\Http\ServerRequest), Object(Psr\Http\Server\RequestHandlerInterface@anonymous)) #20 C:\xampp\htdocs\pruebas\vendor\slim\slim\Slim\Middleware\RoutingMiddleware.php(45): Psr\Http\Server\RequestHandlerInterface@anonymous->handle(Object(Slim\Http\ServerRequest)) #21 C:\xampp\htdocs\pruebas\vendor\slim\slim\Slim\MiddlewareDispatcher.php(121): Slim\Middleware\RoutingMiddleware->process(Object(Slim\Http\ServerRequest), Object(Psr\Http\Server\RequestHandlerInterface@anonymous)) #22 C:\xampp\htdocs\pruebas\src\LaravelSessionMiddleware.php(45): Psr\Http\Server\RequestHandlerInterface@anonymous->handle(Object(Slim\Http\ServerRequest)) #23 C:\xampp\htdocs\pruebas\vendor\slim\slim\Slim\MiddlewareDispatcher.php(121): PHPMaker2024\Subastas2024\LaravelSessionMiddleware->process(Object(Slim\Http\ServerRequest), Object(Psr\Http\Server\RequestHandlerInterface@anonymous)) #24 C:\xampp\htdocs\pruebas\vendor\hkvstore\samesite-cookie\src\SameSiteCookieMiddleware.php(52): Psr\Http\Server\RequestHandlerInterface@anonymous->handle(Object(Slim\Http\ServerRequest)) #25 C:\xampp\htdocs\pruebas\vendor\slim\slim\Slim\MiddlewareDispatcher.php(121): Selective\SameSiteCookie\SameSiteCookieMiddleware->process(Object(Slim\Http\ServerRequest), Object(Psr\Http\Server\RequestHandlerInterface@anonymous)) #26 C:\xampp\htdocs\pruebas\vendor\hkvstore\samesite-cookie\src\SameSiteSessionMiddleware.php(52): Psr\Http\Server\RequestHandlerInterface@anonymous->handle(Object(Slim\Http\ServerRequest)) #27 C:\xampp\htdocs\pruebas\vendor\slim\slim\Slim\MiddlewareDispatcher.php(121): Selective\SameSiteCookie\SameSiteSessionMiddleware->process(Object(Slim\Http\ServerRequest), Object(Psr\Http\Server\RequestHandlerInterface@anonymous)) #28 C:\xampp\htdocs\pruebas\vendor\slim\slim\Slim\Middleware\ErrorMiddleware.php(76): Psr\Http\Server\RequestHandlerInterface@anonymous->handle(Object(Slim\Http\ServerRequest)) #29 C:\xampp\htdocs\pruebas\vendor\slim\slim\Slim\MiddlewareDispatcher.php(121): Slim\Middleware\ErrorMiddleware->process(Object(Slim\Http\ServerRequest), Object(Psr\Http\Server\RequestHandlerInterface@anonymous)) #30 C:\xampp\htdocs\pruebas\vendor\slim\slim\Slim\MiddlewareDispatcher.php(65): Psr\Http\Server\RequestHandlerInterface@anonymous->handle(Object(Slim\Http\ServerRequest)) #31 C:\xampp\htdocs\pruebas\vendor\slim\slim\Slim\App.php(199): Slim\MiddlewareDispatcher->handle(Object(Slim\Http\ServerRequest)) #32 C:\xampp\htdocs\pruebas\vendor\slim\slim\Slim\App.php(183): Slim\App->handle(Object(Slim\Http\ServerRequest)) #33 C:\xampp\htdocs\pruebas\index.php(150): Slim\App->run() #34 {main} [] []
[2023-09-18T23:20:51.928477+00:00] log.DEBUG: SELECT t0.codnum AS codnum_1, t0.usuario AS usuario_2, t0.nombre AS nombre_3, t0.clave AS clave_4, t0.nivel AS nivel_5, t0.activo AS activo_6, t0.email AS email_7, t0.perfil AS perfil_8 FROM usuarios t0 WHERE t0.usuario = ? LIMIT 1 {"params":["mauro"],"types":["string"],"executionMS":0.07828092575073242} []
[2023-09-18T23:20:52.032121+00:00] log.DEBUG: SELECT COUNT(*) FROM remates {"params":[],"types":[],"executionMS":0.06933999061584473} []
[2023-09-18T23:20:52.104911+00:00] log.DEBUG: SELECT * FROM remates ORDER BY `ncomp` DESC LIMIT 20 {"params":[],"types":[],"executionMS":0.0718681812286377} []
[2023-09-18T23:20:52.188094+00:00] log.DEBUG: SELECT COUNT(*) FROM lotes WHERE `codrem` = NULL {"params":[],"types":[],"executionMS":0.0687260627746582} []
[2023-09-18T23:20:52.259782+00:00] log.DEBUG: SELECT `codnum` AS `lf`, `descripcion` AS `df`, '' AS `df2`, '' AS `df3`, '' AS `df4` FROM tipcomp WHERE `codnum` = 4 AND `codnum` = 4 ORDER BY `descripcion` ASC {"params":[],"types":[],"executionMS":0.07011818885803223} []
[2023-09-18T23:20:52.332924+00:00] log.DEBUG: SELECT `codnum` AS `lf`, `descripcion` AS `df`, '' AS `df2`, '' AS `df3`, '' AS `df4` FROM series WHERE `codnum` = 4 AND `codnum` = 4 ORDER BY `descripcion` ASC {"params":[],"types":[],"executionMS":0.07169485092163086} []
[2023-09-18T23:20:52.405916+00:00] log.DEBUG: SELECT `codnum` AS `lf`, `razsoc` AS `df`, '' AS `df2`, '' AS `df3`, '' AS `df4` FROM entidades WHERE `codnum` = 940 AND `tipoent` = 1 ORDER BY `razsoc` ASC {"params":[],"types":[],"executionMS":0.07240891456604004} []
[2023-09-18T23:20:52.475479+00:00] log.DEBUG: SELECT `codnum` AS `lf`, `descripcion` AS `df`, '' AS `df2`, '' AS `df3`, '' AS `df4` FROM paises WHERE `codnum` = 1 ORDER BY `descripcion` ASC {"params":[],"types":[],"executionMS":0.06916499137878418} []
[2023-09-18T23:20:52.558548+00:00] log.DEBUG: SELECT `codnum` AS `lf`, `descripcion` AS `df`, '' AS `df2`, '' AS `df3`, '' AS `df4` FROM provincias WHERE `codnum` = 2 ORDER BY `descripcion` ASC {"params":[],"types":[],"executionMS":0.08269190788269043} []
[2023-09-18T23:20:52.637416+00:00] log.DEBUG: SELECT `codnum` AS `lf`, `descripcion` AS `df`, '' AS `df2`, '' AS `df3`, '' AS `df4` FROM localidades WHERE `codnum` = 413 ORDER BY `descripcion` ASC {"params":[],"types":[],"executionMS":0.07846593856811523} []
[2023-09-18T23:20:52.711456+00:00] log.DEBUG: SELECT `codnum` AS `lf`, `nomre` AS `df`, '' AS `df2`, '' AS `df3`, '' AS `df4` FROM tipoindustria WHERE `codnum` = 10 ORDER BY `nomre` ASC {"params":[],"types":[],"executionMS":0.07179784774780273} []
[2023-09-18T23:20:52.784716+00:00] log.DEBUG: SELECT COUNT(*) FROM lotes WHERE `codrem` = 79 {"params":[],"types":[],"executionMS":0.0724630355834961} []
[2023-09-18T23:20:52.856656+00:00] log.DEBUG: SELECT COUNT(*) FROM lotes WHERE `codrem` = 78 {"params":[],"types":[],"executionMS":0.0688011646270752} []
[2023-09-18T23:20:52.933884+00:00] log.DEBUG: SELECT `codnum` AS `lf`, `nomre` AS `df`, '' AS `df2`, '' AS `df3`, '' AS `df4` FROM tipoindustria WHERE `codnum` = 7 ORDER BY `nomre` ASC {"params":[],"types":[],"executionMS":0.07324600219726562} []
[2023-09-18T23:20:53.003760+00:00] log.DEBUG: SELECT COUNT(*) FROM lotes WHERE `codrem` = 77 {"params":[],"types":[],"executionMS":0.06902694702148438} []
[2023-09-18T23:20:53.077549+00:00] log.DEBUG: SELECT COUNT(*) FROM lotes WHERE `codrem` = 76 {"params":[],"types":[],"executionMS":0.06887507438659668} []
[2023-09-18T23:20:53.178388+00:00] log.DEBUG: SELECT `codnum` AS `lf`, `nomre` AS `df`, '' AS `df2`, '' AS `df3`, '' AS `df4` FROM tipoindustria WHERE `codnum` = 13 ORDER BY `nomre` ASC {"params":[],"types":[],"executionMS":0.09785890579223633} []
[2023-09-18T23:20:53.248385+00:00] log.DEBUG: SELECT COUNT(*) FROM lotes WHERE `codrem` = 75 {"params":[],"types":[],"executionMS":0.06901693344116211} []
[2023-09-18T23:20:53.327642+00:00] log.DEBUG: SELECT `codnum` AS `lf`, `nomre` AS `df`, '' AS `df2`, '' AS `df3`, '' AS `df4` FROM tipoindustria WHERE `codnum` = 11 ORDER BY `nomre` ASC {"params":[],"types":[],"executionMS":0.07631111145019531} []
[2023-09-18T23:20:53.398236+00:00] log.DEBUG: SELECT COUNT(*) FROM lotes WHERE `codrem` = 74 {"params":[],"types":[],"executionMS":0.06973600387573242} []
[2023-09-18T23:20:53.472413+00:00] log.DEBUG: SELECT `codnum` AS `lf`, `nomre` AS `df`, '' AS `df2`, '' AS `df3`, '' AS `df4` FROM tipoindustria WHERE `codnum` = 27 ORDER BY `nomre` ASC {"params":[],"types":[],"executionMS":0.07101798057556152} []
[2023-09-18T23:20:53.545562+00:00] log.DEBUG: SELECT COUNT(*) FROM lotes WHERE `codrem` = 73 {"params":[],"types":[],"executionMS":0.06991100311279297} []
[2023-09-18T23:20:53.620295+00:00] log.DEBUG: SELECT COUNT(*) FROM lotes WHERE `codrem` = 72 {"params":[],"types":[],"executionMS":0.0693519115447998} []
[2023-09-18T23:20:53.694495+00:00] log.DEBUG: SELECT COUNT(*) FROM lotes WHERE `codrem` = 71 {"params":[],"types":[],"executionMS":0.07018399238586426} []
[2023-09-18T23:20:53.771624+00:00] log.DEBUG: SELECT COUNT(*) FROM lotes WHERE `codrem` = 70 {"params":[],"types":[],"executionMS":0.0736539363861084} []
[2023-09-18T23:20:53.848833+00:00] log.DEBUG: SELECT COUNT(*) FROM lotes WHERE `codrem` = 69 {"params":[],"types":[],"executionMS":0.07358813285827637} []
[2023-09-18T23:20:53.924084+00:00] log.DEBUG: SELECT `codnum` AS `lf`, `nomre` AS `df`, '' AS `df2`, '' AS `df3`, '' AS `df4` FROM tipoindustria WHERE `codnum` = 15 ORDER BY `nomre` ASC {"params":[],"types":[],"executionMS":0.07253479957580566} []
[2023-09-18T23:20:53.997927+00:00] log.DEBUG: SELECT COUNT(*) FROM lotes WHERE `codrem` = 68 {"params":[],"types":[],"executionMS":0.07259011268615723} []
[2023-09-18T23:20:54.079919+00:00] log.DEBUG: SELECT `codnum` AS `lf`, `nomre` AS `df`, '' AS `df2`, '' AS `df3`, '' AS `df4` FROM tipoindustria WHERE `codnum` = 8 ORDER BY `nomre` ASC {"params":[],"types":[],"executionMS":0.07828712463378906} []
[2023-09-18T23:20:54.151340+00:00] log.DEBUG: SELECT COUNT(*) FROM lotes WHERE `codrem` = 67 {"params":[],"types":[],"executionMS":0.07046294212341309} []
[2023-09-18T23:20:54.235625+00:00] log.DEBUG: SELECT `codnum` AS `lf`, `nomre` AS `df`, '' AS `df2`, '' AS `df3`, '' AS `df4` FROM tipoindustria WHERE `codnum` = 3 ORDER BY `nomre` ASC {"params":[],"types":[],"executionMS":0.08142995834350586} []
[2023-09-18T23:20:54.305638+00:00] log.DEBUG: SELECT COUNT(*) FROM lotes WHERE `codrem` = 66 {"params":[],"types":[],"executionMS":0.0691220760345459} []
[2023-09-18T23:20:54.380614+00:00] log.DEBUG: SELECT COUNT(*) FROM lotes WHERE `codrem` = 65 {"params":[],"types":[],"executionMS":0.07070803642272949} []
[2023-09-18T23:20:54.455215+00:00] log.DEBUG: SELECT `codnum` AS `lf`, `nomre` AS `df`, '' AS `df2`, '' AS `df3`, '' AS `df4` FROM tipoindustria WHERE `codnum` = 1 ORDER BY `nomre` ASC {"params":[],"types":[],"executionMS":0.07175207138061523} []
[2023-09-18T23:20:54.525086+00:00] log.DEBUG: SELECT COUNT(*) FROM lotes WHERE `codrem` = 64 {"params":[],"types":[],"executionMS":0.06900405883789062} []
[2023-09-18T23:20:54.598239+00:00] log.DEBUG: SELECT COUNT(*) FROM lotes WHERE `codrem` = 63 {"params":[],"types":[],"executionMS":0.06939101219177246} []
[2023-09-18T23:20:54.671784+00:00] log.DEBUG: SELECT COUNT(*) FROM lotes WHERE `codrem` = 62 {"params":[],"types":[],"executionMS":0.07047319412231445} []
[2023-09-18T23:20:54.745030+00:00] log.DEBUG: SELECT COUNT(*) FROM lotes WHERE `codrem` = 61 {"params":[],"types":[],"executionMS":0.06925010681152344} []
[2023-09-18T23:20:54.821242+00:00] log.DEBUG: SELECT `codnum` AS `lf`, `nomre` AS `df`, '' AS `df2`, '' AS `df3`, '' AS `df4` FROM tipoindustria WHERE `codnum` = 37 ORDER BY `nomre` ASC {"params":[],"types":[],"executionMS":0.07331705093383789} []
[2023-09-18T23:20:54.892151+00:00] log.DEBUG: SELECT COUNT(*) FROM lotes WHERE `codrem` = 60 {"params":[],"types":[],"executionMS":0.07001996040344238} []
[2023-09-18T23:20:57.361808+00:00] log.DEBUG: SELECT t0.codnum AS codnum_1, t0.usuario AS usuario_2, t0.nombre AS nombre_3, t0.clave AS clave_4, t0.nivel AS nivel_5, t0.activo AS activo_6, t0.email AS email_7, t0.perfil AS perfil_8 FROM usuarios t0 WHERE t0.usuario = ? LIMIT 1 {"params":["mauro"],"types":["string"],"executionMS":0.07565593719482422} []
[2023-09-18T23:20:57.443772+00:00] log.DEBUG: SELECT COUNT(*) FROM tipcomp WHERE `codnum` = 4 {"params":[],"types":[],"executionMS":0.07191205024719238} []
[2023-09-18T23:20:57.527401+00:00] log.DEBUG: SELECT `codnum` AS `lf`, `descripcion` AS `df`, '' AS `df2`, '' AS `df3`, '' AS `df4` FROM tipcomp WHERE `codnum` = 4 ORDER BY `descripcion` ASC {"params":[],"types":[],"executionMS":0.08316612243652344} []
[2023-09-18T23:20:57.599586+00:00] log.DEBUG: SELECT COUNT(*) FROM series WHERE `codnum` = 4 {"params":[],"types":[],"executionMS":0.06885695457458496} []
[2023-09-18T23:20:57.670844+00:00] log.DEBUG: SELECT `codnum` AS `lf`, `descripcion` AS `df`, '' AS `df2`, '' AS `df3`, '' AS `df4` FROM series WHERE `codnum` = 4 ORDER BY `descripcion` ASC {"params":[],"types":[],"executionMS":0.07074785232543945} []
[2023-09-18T23:20:57.748668+00:00] log.DEBUG: SELECT COUNT(*) FROM entidades WHERE `tipoent` = 1 {"params":[],"types":[],"executionMS":0.07400202751159668} []
[2023-09-18T23:20:58.084179+00:00] log.DEBUG: SELECT `codnum` AS `lf`, `razsoc` AS `df`, '' AS `df2`, '' AS `df3`, '' AS `df4` FROM entidades WHERE `tipoent` = 1 ORDER BY `razsoc` ASC {"params":[],"types":[],"executionMS":0.335360050201416} []
[2023-09-18T23:20:58.640472+00:00] log.DEBUG: SELECT COUNT(*) FROM paises {"params":[],"types":[],"executionMS":0.07469701766967773} []
[2023-09-18T23:20:58.755579+00:00] log.DEBUG: SELECT `codnum` AS `lf`, `descripcion` AS `df`, '' AS `df2`, '' AS `df3`, '' AS `df4` FROM paises ORDER BY `descripcion` ASC {"params":[],"types":[],"executionMS":0.1149899959564209} []
[2023-09-18T23:20:58.831246+00:00] log.DEBUG: SELECT COUNT(*) FROM provincias {"params":[],"types":[],"executionMS":0.0721747875213623} []
[2023-09-18T23:20:58.901121+00:00] log.DEBUG: SELECT `codnum` AS `lf`, `descripcion` AS `df`, '' AS `df2`, '' AS `df3`, '' AS `df4` FROM provincias ORDER BY `descripcion` ASC {"params":[],"types":[],"executionMS":0.0696251392364502} []
[2023-09-18T23:20:58.975986+00:00] log.DEBUG: SELECT COUNT(*) FROM localidades {"params":[],"types":[],"executionMS":0.0695028305053711} []
[2023-09-18T23:20:59.050943+00:00] log.DEBUG: SELECT `codnum` AS `lf`, `descripcion` AS `df`, '' AS `df2`, '' AS `df3`, '' AS `df4` FROM localidades ORDER BY `descripcion` ASC {"params":[],"types":[],"executionMS":0.07483887672424316} []
[2023-09-18T23:20:59.168594+00:00] log.DEBUG: SELECT COUNT(*) FROM tipoindustria {"params":[],"types":[],"executionMS":0.0839838981628418} []
[2023-09-18T23:20:59.238549+00:00] log.DEBUG: SELECT `codnum` AS `lf`, `nomre` AS `df`, '' AS `df2`, '' AS `df3`, '' AS `df4` FROM tipoindustria ORDER BY `nomre` ASC {"params":[],"types":[],"executionMS":0.06981897354125977} []
[2023-09-18T23:20:59.310479+00:00] log.DEBUG: SELECT * FROM remates WHERE `codnum` = 79 ORDER BY `ncomp` DESC {"params":[],"types":[],"executionMS":0.06844592094421387} []
[2023-09-18T23:21:07.229638+00:00] log.DEBUG: SELECT t0.codnum AS codnum_1, t0.usuario AS usuario_2, t0.nombre AS nombre_3, t0.clave AS clave_4, t0.nivel AS nivel_5, t0.activo AS activo_6, t0.email AS email_7, t0.perfil AS perfil_8 FROM usuarios t0 WHERE t0.usuario = ? LIMIT 1 {"params":["mauro"],"types":["string"],"executionMS":0.07405400276184082} []
[2023-09-18T23:21:07.310197+00:00] log.DEBUG: SELECT COUNT(*) FROM tipcomp WHERE `codnum` = 4 {"params":[],"types":[],"executionMS":0.07059788703918457} []
[2023-09-18T23:21:07.378208+00:00] log.DEBUG: SELECT `codnum` AS `lf`, `descripcion` AS `df`, '' AS `df2`, '' AS `df3`, '' AS `df4` FROM tipcomp WHERE `codnum` = 4 ORDER BY `descripcion` ASC {"params":[],"types":[],"executionMS":0.0674901008605957} []
[2023-09-18T23:21:07.448620+00:00] log.DEBUG: SELECT COUNT(*) FROM series WHERE `codnum` = 4 {"params":[],"types":[],"executionMS":0.06703400611877441} []
[2023-09-18T23:21:07.516272+00:00] log.DEBUG: SELECT `codnum` AS `lf`, `descripcion` AS `df`, '' AS `df2`, '' AS `df3`, '' AS `df4` FROM series WHERE `codnum` = 4 ORDER BY `descripcion` ASC {"params":[],"types":[],"executionMS":0.06753706932067871} []
[2023-09-18T23:21:07.590072+00:00] log.DEBUG: SELECT COUNT(*) FROM entidades WHERE `tipoent` = 1 {"params":[],"types":[],"executionMS":0.07041811943054199} []
[2023-09-18T23:21:07.933872+00:00] log.DEBUG: SELECT `codnum` AS `lf`, `razsoc` AS `df`, '' AS `df2`, '' AS `df3`, '' AS `df4` FROM entidades WHERE `tipoent` = 1 ORDER BY `razsoc` ASC {"params":[],"types":[],"executionMS":0.3436300754547119} []
[2023-09-18T23:21:08.478100+00:00] log.DEBUG: SELECT COUNT(*) FROM paises {"params":[],"types":[],"executionMS":0.06836199760437012} []
[2023-09-18T23:21:08.549372+00:00] log.DEBUG: SELECT `codnum` AS `lf`, `descripcion` AS `df`, '' AS `df2`, '' AS `df3`, '' AS `df4` FROM paises ORDER BY `descripcion` ASC {"params":[],"types":[],"executionMS":0.07087993621826172} []
[2023-09-18T23:21:08.619200+00:00] log.DEBUG: SELECT COUNT(*) FROM provincias {"params":[],"types":[],"executionMS":0.0676279067993164} []
[2023-09-18T23:21:08.689837+00:00] log.DEBUG: SELECT `codnum` AS `lf`, `descripcion` AS `df`, '' AS `df2`, '' AS `df3`, '' AS `df4` FROM provincias ORDER BY `descripcion` ASC {"params":[],"types":[],"executionMS":0.06971216201782227} []
[2023-09-18T23:21:08.761795+00:00] log.DEBUG: SELECT COUNT(*) FROM localidades {"params":[],"types":[],"executionMS":0.0679481029510498} []
[2023-09-18T23:21:08.838449+00:00] log.DEBUG: SELECT `codnum` AS `lf`, `descripcion` AS `df`, '' AS `df2`, '' AS `df3`, '' AS `df4` FROM localidades ORDER BY `descripcion` ASC {"params":[],"types":[],"executionMS":0.07653522491455078} []
[2023-09-18T23:21:08.947354+00:00] log.DEBUG: SELECT COUNT(*) FROM tipoindustria {"params":[],"types":[],"executionMS":0.0685420036315918} []
[2023-09-18T23:21:09.019401+00:00] log.DEBUG: SELECT `codnum` AS `lf`, `nomre` AS `df`, '' AS `df2`, '' AS `df3`, '' AS `df4` FROM tipoindustria ORDER BY `nomre` ASC {"params":[],"types":[],"executionMS":0.07191705703735352} []
[2023-09-18T23:21:09.150670+00:00] log.DEBUG: SELECT * FROM remates WHERE `codnum` = 79 ORDER BY `ncomp` DESC {"params":[],"types":[],"executionMS":0.06993985176086426} []
