[2023-10-26T12:14:58.842982+00:00] log.DEBUG: SELECT COUNT(*) FROM userlevels WHERE userlevelid = -2 {"params":[],"types":[],"executionMS":0.001024007797241211} []
[2023-10-26T12:14:58.844037+00:00] log.DEBUG: SELECT userlevelid, userlevelname FROM userlevels {"params":[],"types":[],"executionMS":0.00061798095703125} []
[2023-10-26T12:14:58.844872+00:00] log.DEBUG: SELECT COUNT(*) FROM userlevelpermissions WHERE userlevelid = -2 {"params":[],"types":[],"executionMS":0.0007259845733642578} []
[2023-10-26T12:14:58.845521+00:00] log.DEBUG: SELECT tablename, userlevelid, permission FROM userlevelpermissions WHERE userlevelid IN (-2) {"params":[],"types":[],"executionMS":0.0004990100860595703} []
[2023-10-26T12:14:59.027751+00:00] log.DEBUG: SHOW TABLE STATUS WHERE Engine = 'MyISAM' AND Name = 'usuarios' {"params":[],"types":[],"executionMS":0.002454996109008789} []
[2023-10-26T12:15:06.652840+00:00] log.DEBUG: SELECT t0.codnum AS codnum_1, t0.usuario AS usuario_2, t0.nombre AS nombre_3, t0.clave AS clave_4, t0.nivel AS nivel_5, t0.activo AS activo_6, t0.email AS email_7, t0.perfil AS perfil_8 FROM usuarios t0 WHERE t0.usuario = ? LIMIT 1 {"params":["RICARDOC"],"types":["string"],"executionMS":0.0012009143829345703} []
[2023-10-26T12:15:06.653902+00:00] log.DEBUG: SELECT COUNT(*) FROM userlevels WHERE userlevelid = -2 {"params":[],"types":[],"executionMS":0.0005280971527099609} []
[2023-10-26T12:15:06.654406+00:00] log.DEBUG: SELECT userlevelid, userlevelname FROM userlevels {"params":[],"types":[],"executionMS":0.00038695335388183594} []
[2023-10-26T12:15:06.656116+00:00] log.DEBUG: SELECT COUNT(*) FROM userlevelpermissions WHERE userlevelid = -2 {"params":[],"types":[],"executionMS":0.0016319751739501953} []
[2023-10-26T12:15:06.658394+00:00] log.DEBUG: SELECT tablename, userlevelid, permission FROM userlevelpermissions {"params":[],"types":[],"executionMS":0.002191781997680664} []
[2023-10-26T12:15:07.013570+00:00] log.DEBUG: SELECT t0.codnum AS codnum_1, t0.usuario AS usuario_2, t0.nombre AS nombre_3, t0.clave AS clave_4, t0.nivel AS nivel_5, t0.activo AS activo_6, t0.email AS email_7, t0.perfil AS perfil_8 FROM usuarios t0 WHERE t0.usuario = ? LIMIT 1 {"params":["Administrator"],"types":["string"],"executionMS":0.00185394287109375} []
[2023-10-26T12:15:10.683048+00:00] log.DEBUG: SHOW TABLE STATUS WHERE Engine = 'MyISAM' AND Name = 'remates' {"params":[],"types":[],"executionMS":0.0016150474548339844} []
[2023-10-26T12:15:10.688220+00:00] log.DEBUG: SELECT t0.codnum AS codnum_1, t0.usuario AS usuario_2, t0.nombre AS nombre_3, t0.clave AS clave_4, t0.nivel AS nivel_5, t0.activo AS activo_6, t0.email AS email_7, t0.perfil AS perfil_8 FROM usuarios t0 WHERE t0.usuario = ? LIMIT 1 {"params":["Administrator"],"types":["string"],"executionMS":0.0007870197296142578} []
[2023-10-26T12:15:10.691919+00:00] log.DEBUG: SHOW TABLE STATUS WHERE Engine = 'MyISAM' AND Name = 'tipcomp' {"params":[],"types":[],"executionMS":0.001531839370727539} []
[2023-10-26T12:15:10.693823+00:00] log.DEBUG: SHOW TABLE STATUS WHERE Engine = 'MyISAM' AND Name = 'series' {"params":[],"types":[],"executionMS":0.0012087821960449219} []
[2023-10-26T12:15:10.695604+00:00] log.DEBUG: SHOW TABLE STATUS WHERE Engine = 'MyISAM' AND Name = 'entidades' {"params":[],"types":[],"executionMS":0.0012161731719970703} []
[2023-10-26T12:15:10.697574+00:00] log.DEBUG: SHOW TABLE STATUS WHERE Engine = 'MyISAM' AND Name = 'paises' {"params":[],"types":[],"executionMS":0.0011718273162841797} []
[2023-10-26T12:15:10.699113+00:00] log.DEBUG: SHOW TABLE STATUS WHERE Engine = 'MyISAM' AND Name = 'provincias' {"params":[],"types":[],"executionMS":0.0011749267578125} []
[2023-10-26T12:15:10.700615+00:00] log.DEBUG: SHOW TABLE STATUS WHERE Engine = 'MyISAM' AND Name = 'localidades' {"params":[],"types":[],"executionMS":0.0011048316955566406} []
[2023-10-26T12:15:10.702421+00:00] log.DEBUG: SELECT COUNT(*) FROM remates {"params":[],"types":[],"executionMS":0.000982046127319336} []
[2023-10-26T12:15:10.703586+00:00] log.DEBUG: SELECT * FROM remates ORDER BY `ncomp` DESC LIMIT 20 {"params":[],"types":[],"executionMS":0.0009479522705078125} []
[2023-10-26T12:15:10.709384+00:00] log.DEBUG: SHOW TABLE STATUS WHERE Engine = 'MyISAM' AND Name = 'lotes' {"params":[],"types":[],"executionMS":0.001394033432006836} []
[2023-10-26T12:15:10.711588+00:00] log.DEBUG: SELECT COUNT(*) FROM lotes WHERE `codrem` = NULL {"params":[],"types":[],"executionMS":0.0015048980712890625} []
[2023-10-26T12:15:10.714059+00:00] log.DEBUG: SELECT COUNT(*) FROM lotes WHERE `codrem` = NULL {"params":[],"types":[],"executionMS":0.0014119148254394531} []
[2023-10-26T12:15:10.716089+00:00] log.DEBUG: SELECT `codnum` AS `lf`, `descripcion` AS `df`, '' AS `df2`, '' AS `df3`, '' AS `df4` FROM tipcomp WHERE `codnum` = 4 AND `codnum` = 4 ORDER BY `descripcion` ASC {"params":[],"types":[],"executionMS":0.0007569789886474609} []
[2023-10-26T12:15:10.717178+00:00] log.DEBUG: SELECT `codnum` AS `lf`, `descripcion` AS `df`, '' AS `df2`, '' AS `df3`, '' AS `df4` FROM series WHERE `codnum` = 4 AND `codnum` = 4 ORDER BY `descripcion` ASC {"params":[],"types":[],"executionMS":0.0005819797515869141} []
[2023-10-26T12:15:10.718023+00:00] log.DEBUG: SELECT `codnum` AS `lf`, `razsoc` AS `df`, '' AS `df2`, '' AS `df3`, '' AS `df4` FROM entidades WHERE `codnum` = 940 AND `tipoent` = 1 ORDER BY `razsoc` ASC {"params":[],"types":[],"executionMS":0.0004551410675048828} []
[2023-10-26T12:15:10.718786+00:00] log.DEBUG: SELECT `codnum` AS `lf`, `descripcion` AS `df`, '' AS `df2`, '' AS `df3`, '' AS `df4` FROM paises WHERE `codnum` = 1 ORDER BY `descripcion` ASC {"params":[],"types":[],"executionMS":0.0004620552062988281} []
[2023-10-26T12:15:10.719544+00:00] log.DEBUG: SELECT `codnum` AS `lf`, `descripcion` AS `df`, '' AS `df2`, '' AS `df3`, '' AS `df4` FROM provincias WHERE `codnum` = 2 ORDER BY `descripcion` ASC {"params":[],"types":[],"executionMS":0.00044989585876464844} []
[2023-10-26T12:15:10.720166+00:00] log.DEBUG: SELECT `codnum` AS `lf`, `descripcion` AS `df`, '' AS `df2`, '' AS `df3`, '' AS `df4` FROM localidades WHERE `codnum` = 413 ORDER BY `descripcion` ASC {"params":[],"types":[],"executionMS":0.00039696693420410156} []
[2023-10-26T12:15:10.722346+00:00] log.DEBUG: SELECT COUNT(*) FROM lotes WHERE `codrem` = 190 {"params":[],"types":[],"executionMS":0.0014388561248779297} []
[2023-10-26T12:15:10.723823+00:00] log.DEBUG: SELECT COUNT(*) FROM lotes WHERE `codrem` = 190 {"params":[],"types":[],"executionMS":0.0012350082397460938} []
[2023-10-26T12:15:10.727762+00:00] log.DEBUG: SELECT COUNT(*) FROM lotes WHERE `codrem` = 189 {"params":[],"types":[],"executionMS":0.001302957534790039} []
[2023-10-26T12:15:10.729208+00:00] log.DEBUG: SELECT COUNT(*) FROM lotes WHERE `codrem` = 189 {"params":[],"types":[],"executionMS":0.00121307373046875} []
[2023-10-26T12:15:10.733027+00:00] log.DEBUG: SELECT COUNT(*) FROM lotes WHERE `codrem` = 188 {"params":[],"types":[],"executionMS":0.0014119148254394531} []
[2023-10-26T12:15:10.734491+00:00] log.DEBUG: SELECT COUNT(*) FROM lotes WHERE `codrem` = 188 {"params":[],"types":[],"executionMS":0.0012388229370117188} []
[2023-10-26T12:15:10.739465+00:00] log.DEBUG: SELECT COUNT(*) FROM lotes WHERE `codrem` = 187 {"params":[],"types":[],"executionMS":0.001483917236328125} []
[2023-10-26T12:15:10.741062+00:00] log.DEBUG: SELECT COUNT(*) FROM lotes WHERE `codrem` = 187 {"params":[],"types":[],"executionMS":0.0013518333435058594} []
[2023-10-26T12:15:10.746690+00:00] log.DEBUG: SELECT COUNT(*) FROM lotes WHERE `codrem` = 186 {"params":[],"types":[],"executionMS":0.0018570423126220703} []
[2023-10-26T12:15:10.748183+00:00] log.DEBUG: SELECT COUNT(*) FROM lotes WHERE `codrem` = 186 {"params":[],"types":[],"executionMS":0.0012469291687011719} []
[2023-10-26T12:15:10.752397+00:00] log.DEBUG: SELECT COUNT(*) FROM lotes WHERE `codrem` = 185 {"params":[],"types":[],"executionMS":0.0018410682678222656} []
[2023-10-26T12:15:10.754123+00:00] log.DEBUG: SELECT COUNT(*) FROM lotes WHERE `codrem` = 185 {"params":[],"types":[],"executionMS":0.0014660358428955078} []
[2023-10-26T12:15:10.758235+00:00] log.DEBUG: SELECT COUNT(*) FROM lotes WHERE `codrem` = 184 {"params":[],"types":[],"executionMS":0.0017611980438232422} []
[2023-10-26T12:15:10.759715+00:00] log.DEBUG: SELECT COUNT(*) FROM lotes WHERE `codrem` = 184 {"params":[],"types":[],"executionMS":0.001230001449584961} []
[2023-10-26T12:15:10.763651+00:00] log.DEBUG: SELECT COUNT(*) FROM lotes WHERE `codrem` = 183 {"params":[],"types":[],"executionMS":0.0016019344329833984} []
[2023-10-26T12:15:10.765201+00:00] log.DEBUG: SELECT COUNT(*) FROM lotes WHERE `codrem` = 183 {"params":[],"types":[],"executionMS":0.0013170242309570312} []
[2023-10-26T12:15:10.774577+00:00] log.DEBUG: SELECT `codnum` AS `lf`, `razsoc` AS `df`, '' AS `df2`, '' AS `df3`, '' AS `df4` FROM entidades WHERE `codnum` = 1207 AND `tipoent` = 1 ORDER BY `razsoc` ASC {"params":[],"types":[],"executionMS":0.006127834320068359} []
[2023-10-26T12:15:10.777366+00:00] log.DEBUG: SELECT COUNT(*) FROM lotes WHERE `codrem` = 182 {"params":[],"types":[],"executionMS":0.0014841556549072266} []
[2023-10-26T12:15:10.778873+00:00] log.DEBUG: SELECT COUNT(*) FROM lotes WHERE `codrem` = 182 {"params":[],"types":[],"executionMS":0.0012559890747070312} []
[2023-10-26T12:15:10.782873+00:00] log.DEBUG: SELECT COUNT(*) FROM lotes WHERE `codrem` = 181 {"params":[],"types":[],"executionMS":0.0015408992767333984} []
[2023-10-26T12:15:10.784353+00:00] log.DEBUG: SELECT COUNT(*) FROM lotes WHERE `codrem` = 181 {"params":[],"types":[],"executionMS":0.0012431144714355469} []
[2023-10-26T12:15:10.788383+00:00] log.DEBUG: SELECT COUNT(*) FROM lotes WHERE `codrem` = 180 {"params":[],"types":[],"executionMS":0.0015909671783447266} []
[2023-10-26T12:15:10.789851+00:00] log.DEBUG: SELECT COUNT(*) FROM lotes WHERE `codrem` = 180 {"params":[],"types":[],"executionMS":0.0012359619140625} []
[2023-10-26T12:15:10.795760+00:00] log.DEBUG: SELECT COUNT(*) FROM lotes WHERE `codrem` = 179 {"params":[],"types":[],"executionMS":0.0014889240264892578} []
[2023-10-26T12:15:10.797235+00:00] log.DEBUG: SELECT COUNT(*) FROM lotes WHERE `codrem` = 179 {"params":[],"types":[],"executionMS":0.0012400150299072266} []
[2023-10-26T12:15:10.802800+00:00] log.DEBUG: SELECT COUNT(*) FROM lotes WHERE `codrem` = 178 {"params":[],"types":[],"executionMS":0.002112150192260742} []
[2023-10-26T12:15:10.804643+00:00] log.DEBUG: SELECT COUNT(*) FROM lotes WHERE `codrem` = 178 {"params":[],"types":[],"executionMS":0.0015799999237060547} []
[2023-10-26T12:15:10.809156+00:00] log.DEBUG: SELECT COUNT(*) FROM lotes WHERE `codrem` = 177 {"params":[],"types":[],"executionMS":0.002045154571533203} []
[2023-10-26T12:15:10.814371+00:00] log.DEBUG: SELECT COUNT(*) FROM lotes WHERE `codrem` = 177 {"params":[],"types":[],"executionMS":0.0049550533294677734} []
[2023-10-26T12:15:10.816827+00:00] log.DEBUG: SELECT `codnum` AS `lf`, `razsoc` AS `df`, '' AS `df2`, '' AS `df3`, '' AS `df4` FROM entidades WHERE `codnum` = 15946 AND `tipoent` = 1 ORDER BY `razsoc` ASC {"params":[],"types":[],"executionMS":0.0007550716400146484} []
[2023-10-26T12:15:10.819953+00:00] log.DEBUG: SELECT COUNT(*) FROM lotes WHERE `codrem` = 176 {"params":[],"types":[],"executionMS":0.001413106918334961} []
[2023-10-26T12:15:10.821499+00:00] log.DEBUG: SELECT COUNT(*) FROM lotes WHERE `codrem` = 176 {"params":[],"types":[],"executionMS":0.00131988525390625} []
[2023-10-26T12:15:10.825671+00:00] log.DEBUG: SELECT COUNT(*) FROM lotes WHERE `codrem` = 175 {"params":[],"types":[],"executionMS":0.0018038749694824219} []
[2023-10-26T12:15:10.827261+00:00] log.DEBUG: SELECT COUNT(*) FROM lotes WHERE `codrem` = 175 {"params":[],"types":[],"executionMS":0.001332998275756836} []
[2023-10-26T12:15:10.831166+00:00] log.DEBUG: SELECT COUNT(*) FROM lotes WHERE `codrem` = 174 {"params":[],"types":[],"executionMS":0.0015571117401123047} []
[2023-10-26T12:15:10.834009+00:00] log.DEBUG: SELECT COUNT(*) FROM lotes WHERE `codrem` = 174 {"params":[],"types":[],"executionMS":0.0026061534881591797} []
[2023-10-26T12:15:10.837963+00:00] log.DEBUG: SELECT COUNT(*) FROM lotes WHERE `codrem` = 173 {"params":[],"types":[],"executionMS":0.001538991928100586} []
[2023-10-26T12:15:10.839441+00:00] log.DEBUG: SELECT COUNT(*) FROM lotes WHERE `codrem` = 173 {"params":[],"types":[],"executionMS":0.0012140274047851562} []
[2023-10-26T12:15:10.841764+00:00] log.DEBUG: SELECT `codnum` AS `lf`, `razsoc` AS `df`, '' AS `df2`, '' AS `df3`, '' AS `df4` FROM entidades WHERE `codnum` = 16094 AND `tipoent` = 1 ORDER BY `razsoc` ASC {"params":[],"types":[],"executionMS":0.0007178783416748047} []
[2023-10-26T12:15:10.845036+00:00] log.DEBUG: SELECT COUNT(*) FROM lotes WHERE `codrem` = 172 {"params":[],"types":[],"executionMS":0.0016109943389892578} []
[2023-10-26T12:15:10.847076+00:00] log.DEBUG: SELECT COUNT(*) FROM lotes WHERE `codrem` = 172 {"params":[],"types":[],"executionMS":0.0018031597137451172} []
[2023-10-26T12:15:10.851039+00:00] log.DEBUG: SELECT COUNT(*) FROM lotes WHERE `codrem` = 171 {"params":[],"types":[],"executionMS":0.0015358924865722656} []
[2023-10-26T12:15:10.852502+00:00] log.DEBUG: SELECT COUNT(*) FROM lotes WHERE `codrem` = 171 {"params":[],"types":[],"executionMS":0.0012400150299072266} []
[2023-10-26T12:15:42.976325+00:00] log.DEBUG: SELECT t0.codnum AS codnum_1, t0.usuario AS usuario_2, t0.nombre AS nombre_3, t0.clave AS clave_4, t0.nivel AS nivel_5, t0.activo AS activo_6, t0.email AS email_7, t0.perfil AS perfil_8 FROM usuarios t0 WHERE t0.usuario = ? LIMIT 1 {"params":["Administrator"],"types":["string"],"executionMS":0.001425027847290039} []
[2023-10-26T12:15:42.981142+00:00] log.DEBUG: SHOW TABLE STATUS WHERE Engine = 'MyISAM' AND Name = 'tipoenti' {"params":[],"types":[],"executionMS":0.0018169879913330078} []
[2023-10-26T12:15:42.982950+00:00] log.DEBUG: SHOW TABLE STATUS WHERE Engine = 'MyISAM' AND Name = 'tipoiva' {"params":[],"types":[],"executionMS":0.0014109611511230469} []
[2023-10-26T12:15:42.984865+00:00] log.DEBUG: SHOW TABLE STATUS WHERE Engine = 'MyISAM' AND Name = 'calificacion' {"params":[],"types":[],"executionMS":0.0014848709106445312} []
[2023-10-26T12:15:42.986425+00:00] log.DEBUG: SHOW TABLE STATUS WHERE Engine = 'MyISAM' AND Name = 'tipoindustria' {"params":[],"types":[],"executionMS":0.0011730194091796875} []
[2023-10-26T12:15:42.991192+00:00] log.DEBUG: SELECT COUNT(*) FROM entidades {"params":[],"types":[],"executionMS":0.004054069519042969} []
[2023-10-26T12:15:42.992468+00:00] log.DEBUG: SELECT * FROM entidades LIMIT 20 {"params":[],"types":[],"executionMS":0.0010349750518798828} []
[2023-10-26T12:15:42.998951+00:00] log.DEBUG: SELECT `codnum` AS `lf`, `descripcion` AS `df`, '' AS `df2`, '' AS `df3`, '' AS `df4` FROM paises WHERE `codnum` = 1 ORDER BY `descripcion` ASC {"params":[],"types":[],"executionMS":0.0008821487426757812} []
[2023-10-26T12:15:42.999814+00:00] log.DEBUG: SELECT `codnum` AS `lf`, `descripcion` AS `df`, '' AS `df2`, '' AS `df3`, '' AS `df4` FROM provincias WHERE `codnum` = 2 ORDER BY `descripcion` ASC {"params":[],"types":[],"executionMS":0.0004961490631103516} []
[2023-10-26T12:15:43.000539+00:00] log.DEBUG: SELECT `codnum` AS `lf`, `descripcion` AS `df`, '' AS `df2`, '' AS `df3`, '' AS `df4` FROM localidades WHERE `codnum` = 413 ORDER BY `descripcion` ASC {"params":[],"types":[],"executionMS":0.0004680156707763672} []
[2023-10-26T12:15:43.001768+00:00] log.DEBUG: SELECT `codnum` AS `lf`, `descripcion` AS `df`, '' AS `df2`, '' AS `df3`, '' AS `df4` FROM tipoenti WHERE `codnum` = 3 ORDER BY `descripcion` ASC {"params":[],"types":[],"executionMS":0.0009851455688476562} []
[2023-10-26T12:15:43.002466+00:00] log.DEBUG: SELECT `codnum` AS `lf`, `descrip` AS `df`, '' AS `df2`, '' AS `df3`, '' AS `df4` FROM tipoiva WHERE `codnum` = 1 ORDER BY `descrip` ASC {"params":[],"types":[],"executionMS":0.00047206878662109375} []
[2023-10-26T12:15:43.003156+00:00] log.DEBUG: SELECT `codnum` AS `lf`, `descripcion` AS `df`, '' AS `df2`, '' AS `df3`, '' AS `df4` FROM calificacion WHERE `codnum` = 4 ORDER BY `descripcion` ASC {"params":[],"types":[],"executionMS":0.0004458427429199219} []
[2023-10-26T12:15:43.004205+00:00] log.DEBUG: SELECT `codnum` AS `lf`, `nomre` AS `df`, '' AS `df2`, '' AS `df3`, '' AS `df4` FROM tipoindustria WHERE `codnum` = 9 {"params":[],"types":[],"executionMS":0.0004210472106933594} []
[2023-10-26T12:15:43.007495+00:00] log.DEBUG: SELECT `codnum` AS `lf`, `descripcion` AS `df`, '' AS `df2`, '' AS `df3`, '' AS `df4` FROM tipoenti WHERE `codnum` = 1 ORDER BY `descripcion` ASC {"params":[],"types":[],"executionMS":0.0012578964233398438} []
[2023-10-26T12:15:43.008584+00:00] log.DEBUG: SELECT `codnum` AS `lf`, `nomre` AS `df`, '' AS `df2`, '' AS `df3`, '' AS `df4` FROM tipoindustria WHERE `codnum` = 1 {"params":[],"types":[],"executionMS":0.0004229545593261719} []
[2023-10-26T12:15:43.010858+00:00] log.DEBUG: SELECT `codnum` AS `lf`, `descripcion` AS `df`, '' AS `df2`, '' AS `df3`, '' AS `df4` FROM provincias WHERE `codnum` = 1 ORDER BY `descripcion` ASC {"params":[],"types":[],"executionMS":0.0005178451538085938} []
[2023-10-26T12:15:43.011579+00:00] log.DEBUG: SELECT `codnum` AS `lf`, `descripcion` AS `df`, '' AS `df2`, '' AS `df3`, '' AS `df4` FROM localidades WHERE `codnum` = 9 ORDER BY `descripcion` ASC {"params":[],"types":[],"executionMS":0.0004839897155761719} []
[2023-10-26T12:15:43.012496+00:00] log.DEBUG: SELECT `codnum` AS `lf`, `descripcion` AS `df`, '' AS `df2`, '' AS `df3`, '' AS `df4` FROM calificacion WHERE `codnum` = 1 ORDER BY `descripcion` ASC {"params":[],"types":[],"executionMS":0.0005049705505371094} []
[2023-10-26T12:15:43.017675+00:00] log.DEBUG: SELECT `codnum` AS `lf`, `descripcion` AS `df`, '' AS `df2`, '' AS `df3`, '' AS `df4` FROM localidades WHERE `codnum` = 934 ORDER BY `descripcion` ASC {"params":[],"types":[],"executionMS":0.0006968975067138672} []
[2023-10-26T12:15:43.018947+00:00] log.DEBUG: SELECT `codnum` AS `lf`, `nomre` AS `df`, '' AS `df2`, '' AS `df3`, '' AS `df4` FROM tipoindustria WHERE `codnum` = 35 {"params":[],"types":[],"executionMS":0.00043487548828125} []
[2023-10-26T12:15:43.021319+00:00] log.DEBUG: SELECT `codnum` AS `lf`, `descripcion` AS `df`, '' AS `df2`, '' AS `df3`, '' AS `df4` FROM localidades WHERE `codnum` = 28 ORDER BY `descripcion` ASC {"params":[],"types":[],"executionMS":0.0007069110870361328} []
[2023-10-26T12:15:43.024486+00:00] log.DEBUG: SELECT `codnum` AS `lf`, `descripcion` AS `df`, '' AS `df2`, '' AS `df3`, '' AS `df4` FROM localidades WHERE `codnum` = 380 ORDER BY `descripcion` ASC {"params":[],"types":[],"executionMS":0.0008008480072021484} []
[2023-10-26T12:15:43.026194+00:00] log.DEBUG: SELECT `codnum` AS `lf`, `nomre` AS `df`, '' AS `df2`, '' AS `df3`, '' AS `df4` FROM tipoindustria WHERE `codnum` = 34 {"params":[],"types":[],"executionMS":0.0008800029754638672} []
[2023-10-26T12:15:43.028814+00:00] log.DEBUG: SELECT `codnum` AS `lf`, `descripcion` AS `df`, '' AS `df2`, '' AS `df3`, '' AS `df4` FROM localidades WHERE `codnum` = 13 ORDER BY `descripcion` ASC {"params":[],"types":[],"executionMS":0.0009608268737792969} []
[2023-10-26T12:15:43.031763+00:00] log.DEBUG: SELECT `codnum` AS `lf`, `descripcion` AS `df`, '' AS `df2`, '' AS `df3`, '' AS `df4` FROM localidades WHERE `codnum` = 8 ORDER BY `descripcion` ASC {"params":[],"types":[],"executionMS":0.0005679130554199219} []
[2023-10-26T12:15:43.037720+00:00] log.DEBUG: SELECT `codnum` AS `lf`, `nomre` AS `df`, '' AS `df2`, '' AS `df3`, '' AS `df4` FROM tipoindustria WHERE `codnum` = 21 {"params":[],"types":[],"executionMS":0.0007970333099365234} []
[2023-10-26T12:15:43.041269+00:00] log.DEBUG: SELECT `codnum` AS `lf`, `nomre` AS `df`, '' AS `df2`, '' AS `df3`, '' AS `df4` FROM tipoindustria WHERE `codnum` = 33 {"params":[],"types":[],"executionMS":0.0012171268463134766} []
[2023-10-26T12:15:43.044644+00:00] log.DEBUG: SELECT `codnum` AS `lf`, `descrip` AS `df`, '' AS `df2`, '' AS `df3`, '' AS `df4` FROM tipoiva WHERE `codnum` = 4 ORDER BY `descrip` ASC {"params":[],"types":[],"executionMS":0.0015108585357666016} []
[2023-10-26T12:15:43.047761+00:00] log.DEBUG: SELECT `codnum` AS `lf`, `descripcion` AS `df`, '' AS `df2`, '' AS `df3`, '' AS `df4` FROM localidades WHERE `codnum` = 32 ORDER BY `descripcion` ASC {"params":[],"types":[],"executionMS":0.0009131431579589844} []
[2023-10-26T12:15:43.049092+00:00] log.DEBUG: SELECT `codnum` AS `lf`, `nomre` AS `df`, '' AS `df2`, '' AS `df3`, '' AS `df4` FROM tipoindustria WHERE `codnum` = 23 {"params":[],"types":[],"executionMS":0.0004940032958984375} []
[2023-10-26T12:15:43.052179+00:00] log.DEBUG: SELECT `codnum` AS `lf`, `nomre` AS `df`, '' AS `df2`, '' AS `df3`, '' AS `df4` FROM tipoindustria WHERE `codnum` = 22 {"params":[],"types":[],"executionMS":0.0007297992706298828} []
[2023-10-26T12:15:43.054662+00:00] log.DEBUG: SELECT `codnum` AS `lf`, `descripcion` AS `df`, '' AS `df2`, '' AS `df3`, '' AS `df4` FROM localidades WHERE `codnum` = 29 ORDER BY `descripcion` ASC {"params":[],"types":[],"executionMS":0.0007910728454589844} []
[2023-10-26T12:15:43.062158+00:00] log.DEBUG: SELECT `codnum` AS `lf`, `descripcion` AS `df`, '' AS `df2`, '' AS `df3`, '' AS `df4` FROM localidades WHERE `codnum` = 48 ORDER BY `descripcion` ASC {"params":[],"types":[],"executionMS":0.0007970333099365234} []
[2023-10-26T12:18:50.043026+00:00] log.DEBUG: SELECT t0.codnum AS codnum_1, t0.usuario AS usuario_2, t0.nombre AS nombre_3, t0.clave AS clave_4, t0.nivel AS nivel_5, t0.activo AS activo_6, t0.email AS email_7, t0.perfil AS perfil_8 FROM usuarios t0 WHERE t0.usuario = ? LIMIT 1 {"params":["Administrator"],"types":["string"],"executionMS":0.0011131763458251953} []
[2023-10-26T12:18:50.048196+00:00] log.DEBUG: SELECT COUNT(*) FROM remates {"params":[],"types":[],"executionMS":0.0012478828430175781} []
[2023-10-26T12:18:50.049667+00:00] log.DEBUG: SELECT * FROM remates ORDER BY `ncomp` DESC LIMIT 20 {"params":[],"types":[],"executionMS":0.0012428760528564453} []
[2023-10-26T12:18:50.056246+00:00] log.DEBUG: SELECT COUNT(*) FROM lotes WHERE `codrem` = NULL {"params":[],"types":[],"executionMS":0.0017609596252441406} []
[2023-10-26T12:18:50.061237+00:00] log.DEBUG: SELECT COUNT(*) FROM lotes WHERE `codrem` = NULL {"params":[],"types":[],"executionMS":0.003940105438232422} []
[2023-10-26T12:18:50.063217+00:00] log.DEBUG: SELECT `codnum` AS `lf`, `descripcion` AS `df`, '' AS `df2`, '' AS `df3`, '' AS `df4` FROM tipcomp WHERE `codnum` = 4 AND `codnum` = 4 ORDER BY `descripcion` ASC {"params":[],"types":[],"executionMS":0.0006618499755859375} []
[2023-10-26T12:18:50.064148+00:00] log.DEBUG: SELECT `codnum` AS `lf`, `descripcion` AS `df`, '' AS `df2`, '' AS `df3`, '' AS `df4` FROM series WHERE `codnum` = 4 AND `codnum` = 4 ORDER BY `descripcion` ASC {"params":[],"types":[],"executionMS":0.0005469322204589844} []
[2023-10-26T12:18:50.065132+00:00] log.DEBUG: SELECT `codnum` AS `lf`, `razsoc` AS `df`, '' AS `df2`, '' AS `df3`, '' AS `df4` FROM entidades WHERE `codnum` = 940 AND `tipoent` = 1 ORDER BY `razsoc` ASC {"params":[],"types":[],"executionMS":0.0006020069122314453} []
[2023-10-26T12:18:50.065836+00:00] log.DEBUG: SELECT `codnum` AS `lf`, `descripcion` AS `df`, '' AS `df2`, '' AS `df3`, '' AS `df4` FROM paises WHERE `codnum` = 1 ORDER BY `descripcion` ASC {"params":[],"types":[],"executionMS":0.00043082237243652344} []
[2023-10-26T12:18:50.066464+00:00] log.DEBUG: SELECT `codnum` AS `lf`, `descripcion` AS `df`, '' AS `df2`, '' AS `df3`, '' AS `df4` FROM provincias WHERE `codnum` = 2 ORDER BY `descripcion` ASC {"params":[],"types":[],"executionMS":0.000415802001953125} []
[2023-10-26T12:18:50.067104+00:00] log.DEBUG: SELECT `codnum` AS `lf`, `descripcion` AS `df`, '' AS `df2`, '' AS `df3`, '' AS `df4` FROM localidades WHERE `codnum` = 413 ORDER BY `descripcion` ASC {"params":[],"types":[],"executionMS":0.0004150867462158203} []
[2023-10-26T12:18:50.069340+00:00] log.DEBUG: SELECT COUNT(*) FROM lotes WHERE `codrem` = 190 {"params":[],"types":[],"executionMS":0.0015058517456054688} []
[2023-10-26T12:18:50.070957+00:00] log.DEBUG: SELECT COUNT(*) FROM lotes WHERE `codrem` = 190 {"params":[],"types":[],"executionMS":0.0013480186462402344} []
[2023-10-26T12:18:50.075082+00:00] log.DEBUG: SELECT COUNT(*) FROM lotes WHERE `codrem` = 189 {"params":[],"types":[],"executionMS":0.0016210079193115234} []
[2023-10-26T12:18:50.076614+00:00] log.DEBUG: SELECT COUNT(*) FROM lotes WHERE `codrem` = 189 {"params":[],"types":[],"executionMS":0.0013010501861572266} []
[2023-10-26T12:18:50.080539+00:00] log.DEBUG: SELECT COUNT(*) FROM lotes WHERE `codrem` = 188 {"params":[],"types":[],"executionMS":0.0015189647674560547} []
[2023-10-26T12:18:50.082411+00:00] log.DEBUG: SELECT COUNT(*) FROM lotes WHERE `codrem` = 188 {"params":[],"types":[],"executionMS":0.0016360282897949219} []
[2023-10-26T12:18:50.086583+00:00] log.DEBUG: SELECT COUNT(*) FROM lotes WHERE `codrem` = 187 {"params":[],"types":[],"executionMS":0.0016689300537109375} []
[2023-10-26T12:18:50.088079+00:00] log.DEBUG: SELECT COUNT(*) FROM lotes WHERE `codrem` = 187 {"params":[],"types":[],"executionMS":0.0012581348419189453} []
[2023-10-26T12:18:50.092634+00:00] log.DEBUG: SELECT COUNT(*) FROM lotes WHERE `codrem` = 186 {"params":[],"types":[],"executionMS":0.0021779537200927734} []
[2023-10-26T12:18:50.094198+00:00] log.DEBUG: SELECT COUNT(*) FROM lotes WHERE `codrem` = 186 {"params":[],"types":[],"executionMS":0.0013060569763183594} []
[2023-10-26T12:18:50.098297+00:00] log.DEBUG: SELECT COUNT(*) FROM lotes WHERE `codrem` = 185 {"params":[],"types":[],"executionMS":0.001705169677734375} []
[2023-10-26T12:18:50.100064+00:00] log.DEBUG: SELECT COUNT(*) FROM lotes WHERE `codrem` = 185 {"params":[],"types":[],"executionMS":0.0014920234680175781} []
[2023-10-26T12:18:50.104150+00:00] log.DEBUG: SELECT COUNT(*) FROM lotes WHERE `codrem` = 184 {"params":[],"types":[],"executionMS":0.0016548633575439453} []
[2023-10-26T12:18:50.105783+00:00] log.DEBUG: SELECT COUNT(*) FROM lotes WHERE `codrem` = 184 {"params":[],"types":[],"executionMS":0.0013930797576904297} []
[2023-10-26T12:18:50.109885+00:00] log.DEBUG: SELECT COUNT(*) FROM lotes WHERE `codrem` = 183 {"params":[],"types":[],"executionMS":0.0017900466918945312} []
[2023-10-26T12:18:50.111675+00:00] log.DEBUG: SELECT COUNT(*) FROM lotes WHERE `codrem` = 183 {"params":[],"types":[],"executionMS":0.0015099048614501953} []
[2023-10-26T12:18:50.114220+00:00] log.DEBUG: SELECT `codnum` AS `lf`, `razsoc` AS `df`, '' AS `df2`, '' AS `df3`, '' AS `df4` FROM entidades WHERE `codnum` = 1207 AND `tipoent` = 1 ORDER BY `razsoc` ASC {"params":[],"types":[],"executionMS":0.0008909702301025391} []
[2023-10-26T12:18:50.116995+00:00] log.DEBUG: SELECT COUNT(*) FROM lotes WHERE `codrem` = 182 {"params":[],"types":[],"executionMS":0.001577138900756836} []
[2023-10-26T12:18:50.118823+00:00] log.DEBUG: SELECT COUNT(*) FROM lotes WHERE `codrem` = 182 {"params":[],"types":[],"executionMS":0.001600027084350586} []
[2023-10-26T12:18:50.123005+00:00] log.DEBUG: SELECT COUNT(*) FROM lotes WHERE `codrem` = 181 {"params":[],"types":[],"executionMS":0.0017781257629394531} []
[2023-10-26T12:18:50.124554+00:00] log.DEBUG: SELECT COUNT(*) FROM lotes WHERE `codrem` = 181 {"params":[],"types":[],"executionMS":0.0012891292572021484} []
[2023-10-26T12:18:50.128767+00:00] log.DEBUG: SELECT COUNT(*) FROM lotes WHERE `codrem` = 180 {"params":[],"types":[],"executionMS":0.0018379688262939453} []
[2023-10-26T12:18:50.130488+00:00] log.DEBUG: SELECT COUNT(*) FROM lotes WHERE `codrem` = 180 {"params":[],"types":[],"executionMS":0.001461029052734375} []
[2023-10-26T12:18:50.134624+00:00] log.DEBUG: SELECT COUNT(*) FROM lotes WHERE `codrem` = 179 {"params":[],"types":[],"executionMS":0.0017459392547607422} []
[2023-10-26T12:18:50.136316+00:00] log.DEBUG: SELECT COUNT(*) FROM lotes WHERE `codrem` = 179 {"params":[],"types":[],"executionMS":0.0014660358428955078} []
[2023-10-26T12:18:50.140521+00:00] log.DEBUG: SELECT COUNT(*) FROM lotes WHERE `codrem` = 178 {"params":[],"types":[],"executionMS":0.0018219947814941406} []
[2023-10-26T12:18:50.142315+00:00] log.DEBUG: SELECT COUNT(*) FROM lotes WHERE `codrem` = 178 {"params":[],"types":[],"executionMS":0.0015308856964111328} []
[2023-10-26T12:18:50.146221+00:00] log.DEBUG: SELECT COUNT(*) FROM lotes WHERE `codrem` = 177 {"params":[],"types":[],"executionMS":0.0015399456024169922} []
[2023-10-26T12:18:50.147749+00:00] log.DEBUG: SELECT COUNT(*) FROM lotes WHERE `codrem` = 177 {"params":[],"types":[],"executionMS":0.0012998580932617188} []
[2023-10-26T12:18:50.150294+00:00] log.DEBUG: SELECT `codnum` AS `lf`, `razsoc` AS `df`, '' AS `df2`, '' AS `df3`, '' AS `df4` FROM entidades WHERE `codnum` = 15946 AND `tipoent` = 1 ORDER BY `razsoc` ASC {"params":[],"types":[],"executionMS":0.0009429454803466797} []
[2023-10-26T12:18:50.153698+00:00] log.DEBUG: SELECT COUNT(*) FROM lotes WHERE `codrem` = 176 {"params":[],"types":[],"executionMS":0.001728057861328125} []
[2023-10-26T12:18:50.155475+00:00] log.DEBUG: SELECT COUNT(*) FROM lotes WHERE `codrem` = 176 {"params":[],"types":[],"executionMS":0.0015499591827392578} []
[2023-10-26T12:18:50.159526+00:00] log.DEBUG: SELECT COUNT(*) FROM lotes WHERE `codrem` = 175 {"params":[],"types":[],"executionMS":0.0017540454864501953} []
[2023-10-26T12:18:50.161183+00:00] log.DEBUG: SELECT COUNT(*) FROM lotes WHERE `codrem` = 175 {"params":[],"types":[],"executionMS":0.0014190673828125} []
[2023-10-26T12:18:50.165304+00:00] log.DEBUG: SELECT COUNT(*) FROM lotes WHERE `codrem` = 174 {"params":[],"types":[],"executionMS":0.001753091812133789} []
[2023-10-26T12:18:50.166867+00:00] log.DEBUG: SELECT COUNT(*) FROM lotes WHERE `codrem` = 174 {"params":[],"types":[],"executionMS":0.0013267993927001953} []
[2023-10-26T12:18:50.171004+00:00] log.DEBUG: SELECT COUNT(*) FROM lotes WHERE `codrem` = 173 {"params":[],"types":[],"executionMS":0.0017940998077392578} []
[2023-10-26T12:18:50.172630+00:00] log.DEBUG: SELECT COUNT(*) FROM lotes WHERE `codrem` = 173 {"params":[],"types":[],"executionMS":0.0013589859008789062} []
[2023-10-26T12:18:50.175166+00:00] log.DEBUG: SELECT `codnum` AS `lf`, `razsoc` AS `df`, '' AS `df2`, '' AS `df3`, '' AS `df4` FROM entidades WHERE `codnum` = 16094 AND `tipoent` = 1 ORDER BY `razsoc` ASC {"params":[],"types":[],"executionMS":0.0008380413055419922} []
[2023-10-26T12:18:50.178390+00:00] log.DEBUG: SELECT COUNT(*) FROM lotes WHERE `codrem` = 172 {"params":[],"types":[],"executionMS":0.0015690326690673828} []
[2023-10-26T12:18:50.179985+00:00] log.DEBUG: SELECT COUNT(*) FROM lotes WHERE `codrem` = 172 {"params":[],"types":[],"executionMS":0.001352071762084961} []
[2023-10-26T12:18:50.183984+00:00] log.DEBUG: SELECT COUNT(*) FROM lotes WHERE `codrem` = 171 {"params":[],"types":[],"executionMS":0.001638174057006836} []
[2023-10-26T12:18:50.185596+00:00] log.DEBUG: SELECT COUNT(*) FROM lotes WHERE `codrem` = 171 {"params":[],"types":[],"executionMS":0.0013799667358398438} []
[2023-10-26T12:19:48.630717+00:00] log.DEBUG: SELECT COUNT(*) FROM userlevels WHERE userlevelid = -2 {"params":[],"types":[],"executionMS":0.000659942626953125} []
[2023-10-26T12:19:48.631582+00:00] log.DEBUG: SELECT userlevelid, userlevelname FROM userlevels {"params":[],"types":[],"executionMS":0.0006499290466308594} []
[2023-10-26T12:19:48.632227+00:00] log.DEBUG: SELECT COUNT(*) FROM userlevelpermissions WHERE userlevelid = -2 {"params":[],"types":[],"executionMS":0.0005719661712646484} []
[2023-10-26T12:19:48.633238+00:00] log.DEBUG: SELECT tablename, userlevelid, permission FROM userlevelpermissions WHERE userlevelid IN (-2) {"params":[],"types":[],"executionMS":0.0009150505065917969} []
[2023-10-26T12:19:48.635475+00:00] log.DEBUG: SHOW TABLE STATUS WHERE Engine = 'MyISAM' AND Name = 'usuarios' {"params":[],"types":[],"executionMS":0.0013930797576904297} []
[2023-10-26T12:19:55.915104+00:00] log.DEBUG: SELECT t0.codnum AS codnum_1, t0.usuario AS usuario_2, t0.nombre AS nombre_3, t0.clave AS clave_4, t0.nivel AS nivel_5, t0.activo AS activo_6, t0.email AS email_7, t0.perfil AS perfil_8 FROM usuarios t0 WHERE t0.usuario = ? LIMIT 1 {"params":["RICARDOC"],"types":["string"],"executionMS":0.001065969467163086} []
[2023-10-26T12:19:55.916139+00:00] log.DEBUG: SELECT COUNT(*) FROM userlevels WHERE userlevelid = -2 {"params":[],"types":[],"executionMS":0.0005409717559814453} []
[2023-10-26T12:19:55.916807+00:00] log.DEBUG: SELECT userlevelid, userlevelname FROM userlevels {"params":[],"types":[],"executionMS":0.0005519390106201172} []
[2023-10-26T12:19:55.917464+00:00] log.DEBUG: SELECT COUNT(*) FROM userlevelpermissions WHERE userlevelid = -2 {"params":[],"types":[],"executionMS":0.000576019287109375} []
[2023-10-26T12:19:55.919260+00:00] log.DEBUG: SELECT tablename, userlevelid, permission FROM userlevelpermissions {"params":[],"types":[],"executionMS":0.0017061233520507812} []
[2023-10-26T12:19:56.210542+00:00] log.DEBUG: SELECT t0.codnum AS codnum_1, t0.usuario AS usuario_2, t0.nombre AS nombre_3, t0.clave AS clave_4, t0.nivel AS nivel_5, t0.activo AS activo_6, t0.email AS email_7, t0.perfil AS perfil_8 FROM usuarios t0 WHERE t0.usuario = ? LIMIT 1 {"params":["Administrator"],"types":["string"],"executionMS":0.0010128021240234375} []
[2023-10-26T12:20:01.069344+00:00] log.DEBUG: SHOW TABLE STATUS WHERE Engine = 'MyISAM' AND Name = 'entidades' {"params":[],"types":[],"executionMS":0.0014910697937011719} []
[2023-10-26T12:20:01.074200+00:00] log.DEBUG: SELECT t0.codnum AS codnum_1, t0.usuario AS usuario_2, t0.nombre AS nombre_3, t0.clave AS clave_4, t0.nivel AS nivel_5, t0.activo AS activo_6, t0.email AS email_7, t0.perfil AS perfil_8 FROM usuarios t0 WHERE t0.usuario = ? LIMIT 1 {"params":["Administrator"],"types":["string"],"executionMS":0.0009980201721191406} []
[2023-10-26T12:20:01.077124+00:00] log.DEBUG: SHOW TABLE STATUS WHERE Engine = 'MyISAM' AND Name = 'paises' {"params":[],"types":[],"executionMS":0.0017590522766113281} []
[2023-10-26T12:20:01.079892+00:00] log.DEBUG: SHOW TABLE STATUS WHERE Engine = 'MyISAM' AND Name = 'provincias' {"params":[],"types":[],"executionMS":0.0023779869079589844} []
[2023-10-26T12:20:01.081343+00:00] log.DEBUG: SHOW TABLE STATUS WHERE Engine = 'MyISAM' AND Name = 'localidades' {"params":[],"types":[],"executionMS":0.0010859966278076172} []
[2023-10-26T12:20:01.083715+00:00] log.DEBUG: SHOW TABLE STATUS WHERE Engine = 'MyISAM' AND Name = 'tipoenti' {"params":[],"types":[],"executionMS":0.001986980438232422} []
[2023-10-26T12:20:01.085563+00:00] log.DEBUG: SHOW TABLE STATUS WHERE Engine = 'MyISAM' AND Name = 'tipoiva' {"params":[],"types":[],"executionMS":0.0015139579772949219} []
[2023-10-26T12:20:01.087062+00:00] log.DEBUG: SHOW TABLE STATUS WHERE Engine = 'MyISAM' AND Name = 'calificacion' {"params":[],"types":[],"executionMS":0.001127004623413086} []
[2023-10-26T12:20:01.088477+00:00] log.DEBUG: SHOW TABLE STATUS WHERE Engine = 'MyISAM' AND Name = 'tipoindustria' {"params":[],"types":[],"executionMS":0.001065969467163086} []
[2023-10-26T12:20:01.092341+00:00] log.DEBUG: SELECT COUNT(*) FROM entidades {"params":[],"types":[],"executionMS":0.0033311843872070312} []
[2023-10-26T12:20:01.093176+00:00] log.DEBUG: SELECT * FROM entidades LIMIT 20 {"params":[],"types":[],"executionMS":0.0006291866302490234} []
[2023-10-26T12:20:01.099356+00:00] log.DEBUG: SELECT `codnum` AS `lf`, `descripcion` AS `df`, '' AS `df2`, '' AS `df3`, '' AS `df4` FROM paises WHERE `codnum` = 1 ORDER BY `descripcion` ASC {"params":[],"types":[],"executionMS":0.0007288455963134766} []
[2023-10-26T12:20:01.100035+00:00] log.DEBUG: SELECT `codnum` AS `lf`, `descripcion` AS `df`, '' AS `df2`, '' AS `df3`, '' AS `df4` FROM provincias WHERE `codnum` = 2 ORDER BY `descripcion` ASC {"params":[],"types":[],"executionMS":0.0003848075866699219} []
[2023-10-26T12:20:01.100860+00:00] log.DEBUG: SELECT `codnum` AS `lf`, `descripcion` AS `df`, '' AS `df2`, '' AS `df3`, '' AS `df4` FROM localidades WHERE `codnum` = 413 ORDER BY `descripcion` ASC {"params":[],"types":[],"executionMS":0.0006051063537597656} []
[2023-10-26T12:20:01.101528+00:00] log.DEBUG: SELECT `codnum` AS `lf`, `descripcion` AS `df`, '' AS `df2`, '' AS `df3`, '' AS `df4` FROM tipoenti WHERE `codnum` = 3 ORDER BY `descripcion` ASC {"params":[],"types":[],"executionMS":0.0004601478576660156} []
[2023-10-26T12:20:01.102184+00:00] log.DEBUG: SELECT `codnum` AS `lf`, `descrip` AS `df`, '' AS `df2`, '' AS `df3`, '' AS `df4` FROM tipoiva WHERE `codnum` = 1 ORDER BY `descrip` ASC {"params":[],"types":[],"executionMS":0.00045609474182128906} []
[2023-10-26T12:20:01.102820+00:00] log.DEBUG: SELECT `codnum` AS `lf`, `descripcion` AS `df`, '' AS `df2`, '' AS `df3`, '' AS `df4` FROM calificacion WHERE `codnum` = 4 ORDER BY `descripcion` ASC {"params":[],"types":[],"executionMS":0.0004169940948486328} []
[2023-10-26T12:20:01.103824+00:00] log.DEBUG: SELECT `codnum` AS `lf`, `nomre` AS `df`, '' AS `df2`, '' AS `df3`, '' AS `df4` FROM tipoindustria WHERE `codnum` = 9 {"params":[],"types":[],"executionMS":0.00039696693420410156} []
[2023-10-26T12:20:01.106427+00:00] log.DEBUG: SELECT `codnum` AS `lf`, `descripcion` AS `df`, '' AS `df2`, '' AS `df3`, '' AS `df4` FROM tipoenti WHERE `codnum` = 1 ORDER BY `descripcion` ASC {"params":[],"types":[],"executionMS":0.0006160736083984375} []
[2023-10-26T12:20:01.108273+00:00] log.DEBUG: SELECT `codnum` AS `lf`, `nomre` AS `df`, '' AS `df2`, '' AS `df3`, '' AS `df4` FROM tipoindustria WHERE `codnum` = 1 {"params":[],"types":[],"executionMS":0.0011959075927734375} []
[2023-10-26T12:20:01.110744+00:00] log.DEBUG: SELECT `codnum` AS `lf`, `descripcion` AS `df`, '' AS `df2`, '' AS `df3`, '' AS `df4` FROM provincias WHERE `codnum` = 1 ORDER BY `descripcion` ASC {"params":[],"types":[],"executionMS":0.0008189678192138672} []
[2023-10-26T12:20:01.111357+00:00] log.DEBUG: SELECT `codnum` AS `lf`, `descripcion` AS `df`, '' AS `df2`, '' AS `df3`, '' AS `df4` FROM localidades WHERE `codnum` = 9 ORDER BY `descripcion` ASC {"params":[],"types":[],"executionMS":0.0003991127014160156} []
[2023-10-26T12:20:01.112119+00:00] log.DEBUG: SELECT `codnum` AS `lf`, `descripcion` AS `df`, '' AS `df2`, '' AS `df3`, '' AS `df4` FROM calificacion WHERE `codnum` = 1 ORDER BY `descripcion` ASC {"params":[],"types":[],"executionMS":0.00039005279541015625} []
[2023-10-26T12:20:01.117566+00:00] log.DEBUG: SELECT `codnum` AS `lf`, `descripcion` AS `df`, '' AS `df2`, '' AS `df3`, '' AS `df4` FROM localidades WHERE `codnum` = 934 ORDER BY `descripcion` ASC {"params":[],"types":[],"executionMS":0.0009610652923583984} []
[2023-10-26T12:20:01.118839+00:00] log.DEBUG: SELECT `codnum` AS `lf`, `nomre` AS `df`, '' AS `df2`, '' AS `df3`, '' AS `df4` FROM tipoindustria WHERE `codnum` = 35 {"params":[],"types":[],"executionMS":0.0004439353942871094} []
[2023-10-26T12:20:01.121194+00:00] log.DEBUG: SELECT `codnum` AS `lf`, `descripcion` AS `df`, '' AS `df2`, '' AS `df3`, '' AS `df4` FROM localidades WHERE `codnum` = 28 ORDER BY `descripcion` ASC {"params":[],"types":[],"executionMS":0.0007038116455078125} []
[2023-10-26T12:20:01.124310+00:00] log.DEBUG: SELECT `codnum` AS `lf`, `descripcion` AS `df`, '' AS `df2`, '' AS `df3`, '' AS `df4` FROM localidades WHERE `codnum` = 380 ORDER BY `descripcion` ASC {"params":[],"types":[],"executionMS":0.000759124755859375} []
[2023-10-26T12:20:01.125575+00:00] log.DEBUG: SELECT `codnum` AS `lf`, `nomre` AS `df`, '' AS `df2`, '' AS `df3`, '' AS `df4` FROM tipoindustria WHERE `codnum` = 34 {"params":[],"types":[],"executionMS":0.00047898292541503906} []
[2023-10-26T12:20:01.127832+00:00] log.DEBUG: SELECT `codnum` AS `lf`, `descripcion` AS `df`, '' AS `df2`, '' AS `df3`, '' AS `df4` FROM localidades WHERE `codnum` = 13 ORDER BY `descripcion` ASC {"params":[],"types":[],"executionMS":0.0005879402160644531} []
[2023-10-26T12:20:01.130792+00:00] log.DEBUG: SELECT `codnum` AS `lf`, `descripcion` AS `df`, '' AS `df2`, '' AS `df3`, '' AS `df4` FROM localidades WHERE `codnum` = 8 ORDER BY `descripcion` ASC {"params":[],"types":[],"executionMS":0.0006270408630371094} []
[2023-10-26T12:20:01.136729+00:00] log.DEBUG: SELECT `codnum` AS `lf`, `nomre` AS `df`, '' AS `df2`, '' AS `df3`, '' AS `df4` FROM tipoindustria WHERE `codnum` = 21 {"params":[],"types":[],"executionMS":0.0007669925689697266} []
[2023-10-26T12:20:01.140293+00:00] log.DEBUG: SELECT `codnum` AS `lf`, `nomre` AS `df`, '' AS `df2`, '' AS `df3`, '' AS `df4` FROM tipoindustria WHERE `codnum` = 33 {"params":[],"types":[],"executionMS":0.0012378692626953125} []
[2023-10-26T12:20:01.142942+00:00] log.DEBUG: SELECT `codnum` AS `lf`, `descrip` AS `df`, '' AS `df2`, '' AS `df3`, '' AS `df4` FROM tipoiva WHERE `codnum` = 4 ORDER BY `descrip` ASC {"params":[],"types":[],"executionMS":0.0008089542388916016} []
[2023-10-26T12:20:01.145780+00:00] log.DEBUG: SELECT `codnum` AS `lf`, `descripcion` AS `df`, '' AS `df2`, '' AS `df3`, '' AS `df4` FROM localidades WHERE `codnum` = 32 ORDER BY `descripcion` ASC {"params":[],"types":[],"executionMS":0.0006709098815917969} []
[2023-10-26T12:20:01.147097+00:00] log.DEBUG: SELECT `codnum` AS `lf`, `nomre` AS `df`, '' AS `df2`, '' AS `df3`, '' AS `df4` FROM tipoindustria WHERE `codnum` = 23 {"params":[],"types":[],"executionMS":0.00045013427734375} []
[2023-10-26T12:20:01.150049+00:00] log.DEBUG: SELECT `codnum` AS `lf`, `nomre` AS `df`, '' AS `df2`, '' AS `df3`, '' AS `df4` FROM tipoindustria WHERE `codnum` = 22 {"params":[],"types":[],"executionMS":0.0006620883941650391} []
[2023-10-26T12:20:01.152447+00:00] log.DEBUG: SELECT `codnum` AS `lf`, `descripcion` AS `df`, '' AS `df2`, '' AS `df3`, '' AS `df4` FROM localidades WHERE `codnum` = 29 ORDER BY `descripcion` ASC {"params":[],"types":[],"executionMS":0.0007410049438476562} []
[2023-10-26T12:20:01.159994+00:00] log.DEBUG: SELECT `codnum` AS `lf`, `descripcion` AS `df`, '' AS `df2`, '' AS `df3`, '' AS `df4` FROM localidades WHERE `codnum` = 48 ORDER BY `descripcion` ASC {"params":[],"types":[],"executionMS":0.0008490085601806641} []
[2023-10-26T12:20:09.177096+00:00] log.DEBUG: SHOW TABLE STATUS WHERE Engine = 'MyISAM' AND Name = 'remates' {"params":[],"types":[],"executionMS":0.0015840530395507812} []
[2023-10-26T12:20:09.182192+00:00] log.DEBUG: SELECT t0.codnum AS codnum_1, t0.usuario AS usuario_2, t0.nombre AS nombre_3, t0.clave AS clave_4, t0.nivel AS nivel_5, t0.activo AS activo_6, t0.email AS email_7, t0.perfil AS perfil_8 FROM usuarios t0 WHERE t0.usuario = ? LIMIT 1 {"params":["Administrator"],"types":["string"],"executionMS":0.0008530616760253906} []
[2023-10-26T12:20:09.184802+00:00] log.DEBUG: SHOW TABLE STATUS WHERE Engine = 'MyISAM' AND Name = 'tipcomp' {"params":[],"types":[],"executionMS":0.001360177993774414} []
[2023-10-26T12:20:09.186499+00:00] log.DEBUG: SHOW TABLE STATUS WHERE Engine = 'MyISAM' AND Name = 'series' {"params":[],"types":[],"executionMS":0.001132965087890625} []
[2023-10-26T12:20:09.189473+00:00] log.DEBUG: SELECT COUNT(*) FROM remates {"params":[],"types":[],"executionMS":0.0010161399841308594} []
[2023-10-26T12:20:09.190593+00:00] log.DEBUG: SELECT * FROM remates ORDER BY `ncomp` DESC LIMIT 20 {"params":[],"types":[],"executionMS":0.0009140968322753906} []
[2023-10-26T12:20:09.196007+00:00] log.DEBUG: SHOW TABLE STATUS WHERE Engine = 'MyISAM' AND Name = 'lotes' {"params":[],"types":[],"executionMS":0.0014660358428955078} []
[2023-10-26T12:20:09.198030+00:00] log.DEBUG: SELECT COUNT(*) FROM lotes WHERE `codrem` = NULL {"params":[],"types":[],"executionMS":0.0013740062713623047} []
[2023-10-26T12:20:09.200325+00:00] log.DEBUG: SELECT COUNT(*) FROM lotes WHERE `codrem` = NULL {"params":[],"types":[],"executionMS":0.0013041496276855469} []
[2023-10-26T12:20:09.202212+00:00] log.DEBUG: SELECT `codnum` AS `lf`, `descripcion` AS `df`, '' AS `df2`, '' AS `df3`, '' AS `df4` FROM tipcomp WHERE `codnum` = 4 AND `codnum` = 4 ORDER BY `descripcion` ASC {"params":[],"types":[],"executionMS":0.0007619857788085938} []
[2023-10-26T12:20:09.203006+00:00] log.DEBUG: SELECT `codnum` AS `lf`, `descripcion` AS `df`, '' AS `df2`, '' AS `df3`, '' AS `df4` FROM series WHERE `codnum` = 4 AND `codnum` = 4 ORDER BY `descripcion` ASC {"params":[],"types":[],"executionMS":0.00045299530029296875} []
[2023-10-26T12:20:09.203823+00:00] log.DEBUG: SELECT `codnum` AS `lf`, `razsoc` AS `df`, '' AS `df2`, '' AS `df3`, '' AS `df4` FROM entidades WHERE `codnum` = 940 AND `tipoent` = 1 ORDER BY `razsoc` ASC {"params":[],"types":[],"executionMS":0.00044798851013183594} []
[2023-10-26T12:20:09.204512+00:00] log.DEBUG: SELECT `codnum` AS `lf`, `descripcion` AS `df`, '' AS `df2`, '' AS `df3`, '' AS `df4` FROM paises WHERE `codnum` = 1 ORDER BY `descripcion` ASC {"params":[],"types":[],"executionMS":0.00042700767517089844} []
[2023-10-26T12:20:09.205220+00:00] log.DEBUG: SELECT `codnum` AS `lf`, `descripcion` AS `df`, '' AS `df2`, '' AS `df3`, '' AS `df4` FROM provincias WHERE `codnum` = 2 ORDER BY `descripcion` ASC {"params":[],"types":[],"executionMS":0.000492095947265625} []
[2023-10-26T12:20:09.205848+00:00] log.DEBUG: SELECT `codnum` AS `lf`, `descripcion` AS `df`, '' AS `df2`, '' AS `df3`, '' AS `df4` FROM localidades WHERE `codnum` = 413 ORDER BY `descripcion` ASC {"params":[],"types":[],"executionMS":0.00039696693420410156} []
[2023-10-26T12:20:09.207827+00:00] log.DEBUG: SELECT COUNT(*) FROM lotes WHERE `codrem` = 190 {"params":[],"types":[],"executionMS":0.0012881755828857422} []
[2023-10-26T12:20:09.209298+00:00] log.DEBUG: SELECT COUNT(*) FROM lotes WHERE `codrem` = 190 {"params":[],"types":[],"executionMS":0.0012409687042236328} []
[2023-10-26T12:20:09.213241+00:00] log.DEBUG: SELECT COUNT(*) FROM lotes WHERE `codrem` = 189 {"params":[],"types":[],"executionMS":0.0014858245849609375} []
[2023-10-26T12:20:09.214747+00:00] log.DEBUG: SELECT COUNT(*) FROM lotes WHERE `codrem` = 189 {"params":[],"types":[],"executionMS":0.001277923583984375} []
[2023-10-26T12:20:09.219165+00:00] log.DEBUG: SELECT COUNT(*) FROM lotes WHERE `codrem` = 188 {"params":[],"types":[],"executionMS":0.002065896987915039} []
[2023-10-26T12:20:09.220572+00:00] log.DEBUG: SELECT COUNT(*) FROM lotes WHERE `codrem` = 188 {"params":[],"types":[],"executionMS":0.0011818408966064453} []
[2023-10-26T12:20:09.224612+00:00] log.DEBUG: SELECT COUNT(*) FROM lotes WHERE `codrem` = 187 {"params":[],"types":[],"executionMS":0.0015070438385009766} []
[2023-10-26T12:20:09.226053+00:00] log.DEBUG: SELECT COUNT(*) FROM lotes WHERE `codrem` = 187 {"params":[],"types":[],"executionMS":0.001219034194946289} []
[2023-10-26T12:20:09.229888+00:00] log.DEBUG: SELECT COUNT(*) FROM lotes WHERE `codrem` = 186 {"params":[],"types":[],"executionMS":0.001519918441772461} []
[2023-10-26T12:20:09.231332+00:00] log.DEBUG: SELECT COUNT(*) FROM lotes WHERE `codrem` = 186 {"params":[],"types":[],"executionMS":0.0012030601501464844} []
[2023-10-26T12:20:09.235147+00:00] log.DEBUG: SELECT COUNT(*) FROM lotes WHERE `codrem` = 185 {"params":[],"types":[],"executionMS":0.0014801025390625} []
[2023-10-26T12:20:09.236593+00:00] log.DEBUG: SELECT COUNT(*) FROM lotes WHERE `codrem` = 185 {"params":[],"types":[],"executionMS":0.001222848892211914} []
[2023-10-26T12:20:09.240423+00:00] log.DEBUG: SELECT COUNT(*) FROM lotes WHERE `codrem` = 184 {"params":[],"types":[],"executionMS":0.0014960765838623047} []
[2023-10-26T12:20:09.241875+00:00] log.DEBUG: SELECT COUNT(*) FROM lotes WHERE `codrem` = 184 {"params":[],"types":[],"executionMS":0.0012269020080566406} []
[2023-10-26T12:20:09.245723+00:00] log.DEBUG: SELECT COUNT(*) FROM lotes WHERE `codrem` = 183 {"params":[],"types":[],"executionMS":0.00152587890625} []
[2023-10-26T12:20:09.247178+00:00] log.DEBUG: SELECT COUNT(*) FROM lotes WHERE `codrem` = 183 {"params":[],"types":[],"executionMS":0.0012309551239013672} []
[2023-10-26T12:20:09.249612+00:00] log.DEBUG: SELECT `codnum` AS `lf`, `razsoc` AS `df`, '' AS `df2`, '' AS `df3`, '' AS `df4` FROM entidades WHERE `codnum` = 1207 AND `tipoent` = 1 ORDER BY `razsoc` ASC {"params":[],"types":[],"executionMS":0.0008327960968017578} []
[2023-10-26T12:20:09.252205+00:00] log.DEBUG: SELECT COUNT(*) FROM lotes WHERE `codrem` = 182 {"params":[],"types":[],"executionMS":0.0013890266418457031} []
[2023-10-26T12:20:09.253638+00:00] log.DEBUG: SELECT COUNT(*) FROM lotes WHERE `codrem` = 182 {"params":[],"types":[],"executionMS":0.0012118816375732422} []
[2023-10-26T12:20:09.257492+00:00] log.DEBUG: SELECT COUNT(*) FROM lotes WHERE `codrem` = 181 {"params":[],"types":[],"executionMS":0.0015230178833007812} []
[2023-10-26T12:20:09.258987+00:00] log.DEBUG: SELECT COUNT(*) FROM lotes WHERE `codrem` = 181 {"params":[],"types":[],"executionMS":0.0012660026550292969} []
[2023-10-26T12:20:09.262749+00:00] log.DEBUG: SELECT COUNT(*) FROM lotes WHERE `codrem` = 180 {"params":[],"types":[],"executionMS":0.0014519691467285156} []
[2023-10-26T12:20:09.264179+00:00] log.DEBUG: SELECT COUNT(*) FROM lotes WHERE `codrem` = 180 {"params":[],"types":[],"executionMS":0.0012059211730957031} []
[2023-10-26T12:20:09.268069+00:00] log.DEBUG: SELECT COUNT(*) FROM lotes WHERE `codrem` = 179 {"params":[],"types":[],"executionMS":0.0015430450439453125} []
[2023-10-26T12:20:09.269546+00:00] log.DEBUG: SELECT COUNT(*) FROM lotes WHERE `codrem` = 179 {"params":[],"types":[],"executionMS":0.0012359619140625} []
[2023-10-26T12:20:09.273492+00:00] log.DEBUG: SELECT COUNT(*) FROM lotes WHERE `codrem` = 178 {"params":[],"types":[],"executionMS":0.0016138553619384766} []
[2023-10-26T12:20:09.274982+00:00] log.DEBUG: SELECT COUNT(*) FROM lotes WHERE `codrem` = 178 {"params":[],"types":[],"executionMS":0.0012629032135009766} []
[2023-10-26T12:20:09.279172+00:00] log.DEBUG: SELECT COUNT(*) FROM lotes WHERE `codrem` = 177 {"params":[],"types":[],"executionMS":0.0018799304962158203} []
[2023-10-26T12:20:09.280645+00:00] log.DEBUG: SELECT COUNT(*) FROM lotes WHERE `codrem` = 177 {"params":[],"types":[],"executionMS":0.001241922378540039} []
[2023-10-26T12:20:09.282998+00:00] log.DEBUG: SELECT `codnum` AS `lf`, `razsoc` AS `df`, '' AS `df2`, '' AS `df3`, '' AS `df4` FROM entidades WHERE `codnum` = 15946 AND `tipoent` = 1 ORDER BY `razsoc` ASC {"params":[],"types":[],"executionMS":0.0007112026214599609} []
[2023-10-26T12:20:09.286278+00:00] log.DEBUG: SELECT COUNT(*) FROM lotes WHERE `codrem` = 176 {"params":[],"types":[],"executionMS":0.0016620159149169922} []
[2023-10-26T12:20:09.287717+00:00] log.DEBUG: SELECT COUNT(*) FROM lotes WHERE `codrem` = 176 {"params":[],"types":[],"executionMS":0.0012140274047851562} []
[2023-10-26T12:20:09.291620+00:00] log.DEBUG: SELECT COUNT(*) FROM lotes WHERE `codrem` = 175 {"params":[],"types":[],"executionMS":0.0015921592712402344} []
[2023-10-26T12:20:09.293024+00:00] log.DEBUG: SELECT COUNT(*) FROM lotes WHERE `codrem` = 175 {"params":[],"types":[],"executionMS":0.001180887222290039} []
[2023-10-26T12:20:09.296893+00:00] log.DEBUG: SELECT COUNT(*) FROM lotes WHERE `codrem` = 174 {"params":[],"types":[],"executionMS":0.0015308856964111328} []
[2023-10-26T12:20:09.298344+00:00] log.DEBUG: SELECT COUNT(*) FROM lotes WHERE `codrem` = 174 {"params":[],"types":[],"executionMS":0.0012378692626953125} []
[2023-10-26T12:20:09.302251+00:00] log.DEBUG: SELECT COUNT(*) FROM lotes WHERE `codrem` = 173 {"params":[],"types":[],"executionMS":0.0017201900482177734} []
[2023-10-26T12:20:09.303793+00:00] log.DEBUG: SELECT COUNT(*) FROM lotes WHERE `codrem` = 173 {"params":[],"types":[],"executionMS":0.001260995864868164} []
[2023-10-26T12:20:09.306158+00:00] log.DEBUG: SELECT `codnum` AS `lf`, `razsoc` AS `df`, '' AS `df2`, '' AS `df3`, '' AS `df4` FROM entidades WHERE `codnum` = 16094 AND `tipoent` = 1 ORDER BY `razsoc` ASC {"params":[],"types":[],"executionMS":0.0007410049438476562} []
[2023-10-26T12:20:09.309449+00:00] log.DEBUG: SELECT COUNT(*) FROM lotes WHERE `codrem` = 172 {"params":[],"types":[],"executionMS":0.0015230178833007812} []
[2023-10-26T12:20:09.310991+00:00] log.DEBUG: SELECT COUNT(*) FROM lotes WHERE `codrem` = 172 {"params":[],"types":[],"executionMS":0.001329183578491211} []
[2023-10-26T12:20:09.314914+00:00] log.DEBUG: SELECT COUNT(*) FROM lotes WHERE `codrem` = 171 {"params":[],"types":[],"executionMS":0.001547098159790039} []
[2023-10-26T12:20:09.316599+00:00] log.DEBUG: SELECT COUNT(*) FROM lotes WHERE `codrem` = 171 {"params":[],"types":[],"executionMS":0.0014410018920898438} []
[2023-10-26T12:20:17.467225+00:00] log.DEBUG: SELECT t0.codnum AS codnum_1, t0.usuario AS usuario_2, t0.nombre AS nombre_3, t0.clave AS clave_4, t0.nivel AS nivel_5, t0.activo AS activo_6, t0.email AS email_7, t0.perfil AS perfil_8 FROM usuarios t0 WHERE t0.usuario = ? LIMIT 1 {"params":["Administrator"],"types":["string"],"executionMS":0.0011191368103027344} []
[2023-10-26T12:20:17.469919+00:00] log.DEBUG: SHOW TABLE STATUS WHERE Engine = 'MyISAM' AND Name = 'dir_remates' {"params":[],"types":[],"executionMS":0.0012950897216796875} []
[2023-10-26T12:20:17.472327+00:00] log.DEBUG: SELECT COUNT(*) FROM lotes WHERE `codrem` = 190 {"params":[],"types":[],"executionMS":0.001689910888671875} []
[2023-10-26T12:20:17.474148+00:00] log.DEBUG: SELECT COUNT(*) FROM lotes WHERE `codrem` = 190 {"params":[],"types":[],"executionMS":0.0015680789947509766} []
[2023-10-26T12:20:17.478600+00:00] log.DEBUG: SELECT * FROM lotes WHERE `codrem` = 190 LIMIT 10 {"params":[],"types":[],"executionMS":0.004285097122192383} []
[2023-10-26T12:20:42.254654+00:00] log.DEBUG: SELECT t0.codnum AS codnum_1, t0.usuario AS usuario_2, t0.nombre AS nombre_3, t0.clave AS clave_4, t0.nivel AS nivel_5, t0.activo AS activo_6, t0.email AS email_7, t0.perfil AS perfil_8 FROM usuarios t0 WHERE t0.usuario = ? LIMIT 1 {"params":["Administrator"],"types":["string"],"executionMS":0.0011630058288574219} []
[2023-10-26T12:20:42.261589+00:00] log.DEBUG: SELECT COUNT(*) FROM dir_remates {"params":[],"types":[],"executionMS":0.004206180572509766} []
[2023-10-26T12:20:42.262427+00:00] log.DEBUG: SELECT * FROM dir_remates LIMIT 20 {"params":[],"types":[],"executionMS":0.0006299018859863281} []
[2023-10-26T12:20:42.268809+00:00] log.DEBUG: SELECT `ncomp` AS `lf`, `ncomp` AS `df`, `observacion` AS `df2`, '' AS `df3`, '' AS `df4` FROM remates WHERE `ncomp` = 5 ORDER BY `ncomp` DESC {"params":[],"types":[],"executionMS":0.0008740425109863281} []
[2023-10-26T12:20:42.270271+00:00] log.DEBUG: SELECT `codnum` AS `lf`, `descripcion` AS `df`, '' AS `df2`, '' AS `df3`, '' AS `df4` FROM paises WHERE `codnum` = 1 ORDER BY `descripcion` ASC {"params":[],"types":[],"executionMS":0.0008819103240966797} []
[2023-10-26T12:20:42.271521+00:00] log.DEBUG: SELECT `codnum` AS `lf`, `descripcion` AS `df`, '' AS `df2`, '' AS `df3`, '' AS `df4` FROM provincias WHERE `codnum` = 1 ORDER BY `descripcion` ASC {"params":[],"types":[],"executionMS":0.0006449222564697266} []
[2023-10-26T12:20:42.272287+00:00] log.DEBUG: SELECT `codnum` AS `lf`, `descripcion` AS `df`, '' AS `df2`, '' AS `df3`, '' AS `df4` FROM localidades WHERE `codnum` = 15 ORDER BY `descripcion` ASC {"params":[],"types":[],"executionMS":0.0004990100860595703} []
[2023-10-26T12:20:42.274870+00:00] log.DEBUG: SELECT `ncomp` AS `lf`, `ncomp` AS `df`, `observacion` AS `df2`, '' AS `df3`, '' AS `df4` FROM remates WHERE `ncomp` = 70 ORDER BY `ncomp` DESC {"params":[],"types":[],"executionMS":0.0008020401000976562} []
[2023-10-26T12:20:42.276104+00:00] log.DEBUG: SELECT `codnum` AS `lf`, `descripcion` AS `df`, '' AS `df2`, '' AS `df3`, '' AS `df4` FROM localidades WHERE `codnum` = 959 ORDER BY `descripcion` ASC {"params":[],"types":[],"executionMS":0.0005981922149658203} []
[2023-10-26T12:20:42.279013+00:00] log.DEBUG: SELECT `codnum` AS `lf`, `descripcion` AS `df`, '' AS `df2`, '' AS `df3`, '' AS `df4` FROM provincias WHERE `codnum` = 3 ORDER BY `descripcion` ASC {"params":[],"types":[],"executionMS":0.0007650852203369141} []
[2023-10-26T12:20:42.279858+00:00] log.DEBUG: SELECT `codnum` AS `lf`, `descripcion` AS `df`, '' AS `df2`, '' AS `df3`, '' AS `df4` FROM localidades WHERE `codnum` = 2283 ORDER BY `descripcion` ASC {"params":[],"types":[],"executionMS":0.0005769729614257812} []
[2023-10-26T12:20:42.282437+00:00] log.DEBUG: SELECT `ncomp` AS `lf`, `ncomp` AS `df`, `observacion` AS `df2`, '' AS `df3`, '' AS `df4` FROM remates WHERE `ncomp` = 56 ORDER BY `ncomp` DESC {"params":[],"types":[],"executionMS":0.0008339881896972656} []
[2023-10-26T12:20:42.283496+00:00] log.DEBUG: SELECT `codnum` AS `lf`, `descripcion` AS `df`, '' AS `df2`, '' AS `df3`, '' AS `df4` FROM provincias WHERE `codnum` = 16 ORDER BY `descripcion` ASC {"params":[],"types":[],"executionMS":0.0005171298980712891} []
[2023-10-26T12:20:42.284304+00:00] log.DEBUG: SELECT `codnum` AS `lf`, `descripcion` AS `df`, '' AS `df2`, '' AS `df3`, '' AS `df4` FROM localidades WHERE `codnum` = 444 ORDER BY `descripcion` ASC {"params":[],"types":[],"executionMS":0.0005419254302978516} []
[2023-10-26T12:20:42.286969+00:00] log.DEBUG: SELECT `ncomp` AS `lf`, `ncomp` AS `df`, `observacion` AS `df2`, '' AS `df3`, '' AS `df4` FROM remates WHERE `ncomp` = 4 ORDER BY `ncomp` DESC {"params":[],"types":[],"executionMS":0.0009191036224365234} []
[2023-10-26T12:20:42.288198+00:00] log.DEBUG: SELECT `codnum` AS `lf`, `descripcion` AS `df`, '' AS `df2`, '' AS `df3`, '' AS `df4` FROM localidades WHERE `codnum` = 9 ORDER BY `descripcion` ASC {"params":[],"types":[],"executionMS":0.0005960464477539062} []
[2023-10-26T12:20:42.290965+00:00] log.DEBUG: SELECT `codnum` AS `lf`, `descripcion` AS `df`, '' AS `df2`, '' AS `df3`, '' AS `df4` FROM localidades WHERE `codnum` = 11 ORDER BY `descripcion` ASC {"params":[],"types":[],"executionMS":0.0005650520324707031} []
[2023-10-26T12:20:42.293809+00:00] log.DEBUG: SELECT `codnum` AS `lf`, `descripcion` AS `df`, '' AS `df2`, '' AS `df3`, '' AS `df4` FROM localidades WHERE `codnum` = 119 ORDER BY `descripcion` ASC {"params":[],"types":[],"executionMS":0.0006620883941650391} []
[2023-10-26T12:20:42.296843+00:00] log.DEBUG: SELECT `codnum` AS `lf`, `descripcion` AS `df`, '' AS `df2`, '' AS `df3`, '' AS `df4` FROM localidades WHERE `codnum` = 60 ORDER BY `descripcion` ASC {"params":[],"types":[],"executionMS":0.0008249282836914062} []
[2023-10-26T12:20:42.299352+00:00] log.DEBUG: SELECT `ncomp` AS `lf`, `ncomp` AS `df`, `observacion` AS `df2`, '' AS `df3`, '' AS `df4` FROM remates WHERE `ncomp` = 6 ORDER BY `ncomp` DESC {"params":[],"types":[],"executionMS":0.0007309913635253906} []
[2023-10-26T12:20:42.300579+00:00] log.DEBUG: SELECT `codnum` AS `lf`, `descripcion` AS `df`, '' AS `df2`, '' AS `df3`, '' AS `df4` FROM localidades WHERE `codnum` = 16 ORDER BY `descripcion` ASC {"params":[],"types":[],"executionMS":0.0005910396575927734} []
[2023-10-26T12:20:42.303295+00:00] log.DEBUG: SELECT `ncomp` AS `lf`, `ncomp` AS `df`, `observacion` AS `df2`, '' AS `df3`, '' AS `df4` FROM remates WHERE `ncomp` = 63 ORDER BY `ncomp` DESC {"params":[],"types":[],"executionMS":0.0009260177612304688} []
[2023-10-26T12:20:42.306359+00:00] log.DEBUG: SELECT `ncomp` AS `lf`, `ncomp` AS `df`, `observacion` AS `df2`, '' AS `df3`, '' AS `df4` FROM remates WHERE `ncomp` = 7 ORDER BY `ncomp` DESC {"params":[],"types":[],"executionMS":0.0008149147033691406} []
[2023-10-26T12:20:42.307507+00:00] log.DEBUG: SELECT `codnum` AS `lf`, `descripcion` AS `df`, '' AS `df2`, '' AS `df3`, '' AS `df4` FROM provincias WHERE `codnum` = 21 ORDER BY `descripcion` ASC {"params":[],"types":[],"executionMS":0.0006060600280761719} []
[2023-10-26T12:20:42.308303+00:00] log.DEBUG: SELECT `codnum` AS `lf`, `descripcion` AS `df`, '' AS `df2`, '' AS `df3`, '' AS `df4` FROM localidades WHERE `codnum` = 139 ORDER BY `descripcion` ASC {"params":[],"types":[],"executionMS":0.0005400180816650391} []
[2023-10-26T12:20:42.311583+00:00] log.DEBUG: SELECT `ncomp` AS `lf`, `ncomp` AS `df`, `observacion` AS `df2`, '' AS `df3`, '' AS `df4` FROM remates WHERE `ncomp` = 10 ORDER BY `ncomp` DESC {"params":[],"types":[],"executionMS":0.0015201568603515625} []
[2023-10-26T12:20:42.315006+00:00] log.DEBUG: SELECT `ncomp` AS `lf`, `ncomp` AS `df`, `observacion` AS `df2`, '' AS `df3`, '' AS `df4` FROM remates WHERE `ncomp` = 11 ORDER BY `ncomp` DESC {"params":[],"types":[],"executionMS":0.0008068084716796875} []
[2023-10-26T12:20:42.316178+00:00] log.DEBUG: SELECT `codnum` AS `lf`, `descripcion` AS `df`, '' AS `df2`, '' AS `df3`, '' AS `df4` FROM provincias WHERE `codnum` = 2 ORDER BY `descripcion` ASC {"params":[],"types":[],"executionMS":0.0006148815155029297} []
[2023-10-26T12:20:42.317039+00:00] log.DEBUG: SELECT `codnum` AS `lf`, `descripcion` AS `df`, '' AS `df2`, '' AS `df3`, '' AS `df4` FROM localidades WHERE `codnum` = 413 ORDER BY `descripcion` ASC {"params":[],"types":[],"executionMS":0.0005838871002197266} []
[2023-10-26T12:20:42.319456+00:00] log.DEBUG: SELECT `ncomp` AS `lf`, `ncomp` AS `df`, `observacion` AS `df2`, '' AS `df3`, '' AS `df4` FROM remates WHERE `ncomp` = 12 ORDER BY `ncomp` DESC {"params":[],"types":[],"executionMS":0.0006849765777587891} []
[2023-10-26T12:20:42.320696+00:00] log.DEBUG: SELECT `codnum` AS `lf`, `descripcion` AS `df`, '' AS `df2`, '' AS `df3`, '' AS `df4` FROM localidades WHERE `codnum` = 26 ORDER BY `descripcion` ASC {"params":[],"types":[],"executionMS":0.0006039142608642578} []
[2023-10-26T12:20:42.323373+00:00] log.DEBUG: SELECT `ncomp` AS `lf`, `ncomp` AS `df`, `observacion` AS `df2`, '' AS `df3`, '' AS `df4` FROM remates WHERE `ncomp` = 13 ORDER BY `ncomp` DESC {"params":[],"types":[],"executionMS":0.0008809566497802734} []
[2023-10-26T12:20:42.326577+00:00] log.DEBUG: SELECT `ncomp` AS `lf`, `ncomp` AS `df`, `observacion` AS `df2`, '' AS `df3`, '' AS `df4` FROM remates WHERE `ncomp` = 14 ORDER BY `ncomp` DESC {"params":[],"types":[],"executionMS":0.0009701251983642578} []
[2023-10-26T12:20:42.327819+00:00] log.DEBUG: SELECT `codnum` AS `lf`, `descripcion` AS `df`, '' AS `df2`, '' AS `df3`, '' AS `df4` FROM localidades WHERE `codnum` = 13 ORDER BY `descripcion` ASC {"params":[],"types":[],"executionMS":0.0005879402160644531} []
[2023-10-26T12:20:42.330260+00:00] log.DEBUG: SELECT `ncomp` AS `lf`, `ncomp` AS `df`, `observacion` AS `df2`, '' AS `df3`, '' AS `df4` FROM remates WHERE `ncomp` = 17 ORDER BY `ncomp` DESC {"params":[],"types":[],"executionMS":0.0006818771362304688} []
[2023-10-26T12:20:42.331326+00:00] log.DEBUG: SELECT `codnum` AS `lf`, `descripcion` AS `df`, '' AS `df2`, '' AS `df3`, '' AS `df4` FROM provincias WHERE `codnum` = 19 ORDER BY `descripcion` ASC {"params":[],"types":[],"executionMS":0.0005118846893310547} []
[2023-10-26T12:20:42.332118+00:00] log.DEBUG: SELECT `codnum` AS `lf`, `descripcion` AS `df`, '' AS `df2`, '' AS `df3`, '' AS `df4` FROM localidades WHERE `codnum` = 2321 ORDER BY `descripcion` ASC {"params":[],"types":[],"executionMS":0.0005128383636474609} []
[2023-10-26T12:20:42.334602+00:00] log.DEBUG: SELECT `ncomp` AS `lf`, `ncomp` AS `df`, `observacion` AS `df2`, '' AS `df3`, '' AS `df4` FROM remates WHERE `ncomp` = 18 ORDER BY `ncomp` DESC {"params":[],"types":[],"executionMS":0.000762939453125} []
[2023-10-26T12:20:42.335779+00:00] log.DEBUG: SELECT `codnum` AS `lf`, `descripcion` AS `df`, '' AS `df2`, '' AS `df3`, '' AS `df4` FROM localidades WHERE `codnum` = 404 ORDER BY `descripcion` ASC {"params":[],"types":[],"executionMS":0.0005280971527099609} []
[2023-10-26T12:20:42.338251+00:00] log.DEBUG: SELECT `ncomp` AS `lf`, `ncomp` AS `df`, `observacion` AS `df2`, '' AS `df3`, '' AS `df4` FROM remates WHERE `ncomp` = 20 ORDER BY `ncomp` DESC {"params":[],"types":[],"executionMS":0.0007541179656982422} []
[2023-10-26T12:20:42.339543+00:00] log.DEBUG: SELECT `codnum` AS `lf`, `descripcion` AS `df`, '' AS `df2`, '' AS `df3`, '' AS `df4` FROM localidades WHERE `codnum` = 374 ORDER BY `descripcion` ASC {"params":[],"types":[],"executionMS":0.000659942626953125} []
[2023-10-26T12:20:42.342224+00:00] log.DEBUG: SELECT `ncomp` AS `lf`, `ncomp` AS `df`, `observacion` AS `df2`, '' AS `df3`, '' AS `df4` FROM remates WHERE `ncomp` = 21 ORDER BY `ncomp` DESC {"params":[],"types":[],"executionMS":0.0009160041809082031} []
[2023-10-26T12:20:42.343490+00:00] log.DEBUG: SELECT `codnum` AS `lf`, `descripcion` AS `df`, '' AS `df2`, '' AS `df3`, '' AS `df4` FROM localidades WHERE `codnum` = 326 ORDER BY `descripcion` ASC {"params":[],"types":[],"executionMS":0.0006239414215087891} []
[2023-10-26T13:19:59.534618+00:00] log.DEBUG: SELECT COUNT(*) FROM userlevels WHERE userlevelid = -2 {"params":[],"types":[],"executionMS":0.0008499622344970703} []
[2023-10-26T13:19:59.535477+00:00] log.DEBUG: SELECT userlevelid, userlevelname FROM userlevels {"params":[],"types":[],"executionMS":0.0006239414215087891} []
[2023-10-26T13:19:59.536160+00:00] log.DEBUG: SELECT COUNT(*) FROM userlevelpermissions WHERE userlevelid = -2 {"params":[],"types":[],"executionMS":0.0005879402160644531} []
[2023-10-26T13:19:59.536954+00:00] log.DEBUG: SELECT tablename, userlevelid, permission FROM userlevelpermissions WHERE userlevelid IN (-2) {"params":[],"types":[],"executionMS":0.0006601810455322266} []
[2023-10-26T13:19:59.539440+00:00] log.DEBUG: SHOW TABLE STATUS WHERE Engine = 'MyISAM' AND Name = 'usuarios' {"params":[],"types":[],"executionMS":0.001589059829711914} []
[2023-10-26T13:19:59.722677+00:00] log.DEBUG: SELECT COUNT(*) FROM userlevels WHERE userlevelid = -2 {"params":[],"types":[],"executionMS":0.0008249282836914062} []
[2023-10-26T13:19:59.723487+00:00] log.DEBUG: SELECT userlevelid, userlevelname FROM userlevels {"params":[],"types":[],"executionMS":0.0006089210510253906} []
[2023-10-26T13:19:59.724288+00:00] log.DEBUG: SELECT COUNT(*) FROM userlevelpermissions WHERE userlevelid = -2 {"params":[],"types":[],"executionMS":0.0006780624389648438} []
[2023-10-26T13:19:59.725075+00:00] log.DEBUG: SELECT tablename, userlevelid, permission FROM userlevelpermissions WHERE userlevelid IN (-2) {"params":[],"types":[],"executionMS":0.000637054443359375} []
[2023-10-26T13:19:59.727750+00:00] log.DEBUG: SHOW TABLE STATUS WHERE Engine = 'MyISAM' AND Name = 'usuarios' {"params":[],"types":[],"executionMS":0.0018839836120605469} []
[2023-10-26T13:22:01.658754+00:00] log.DEBUG: SELECT COUNT(*) FROM userlevels WHERE userlevelid = -2 {"params":[],"types":[],"executionMS":0.0009360313415527344} []
[2023-10-26T13:22:01.659526+00:00] log.DEBUG: SELECT userlevelid, userlevelname FROM userlevels {"params":[],"types":[],"executionMS":0.0005490779876708984} []
[2023-10-26T13:22:01.660400+00:00] log.DEBUG: SELECT COUNT(*) FROM userlevelpermissions WHERE userlevelid = -2 {"params":[],"types":[],"executionMS":0.0007970333099365234} []
[2023-10-26T13:22:01.661125+00:00] log.DEBUG: SELECT tablename, userlevelid, permission FROM userlevelpermissions WHERE userlevelid IN (-2) {"params":[],"types":[],"executionMS":0.0006220340728759766} []
[2023-10-26T13:22:01.663587+00:00] log.DEBUG: SHOW TABLE STATUS WHERE Engine = 'MyISAM' AND Name = 'usuarios' {"params":[],"types":[],"executionMS":0.00156402587890625} []
[2023-10-26T13:22:01.821538+00:00] log.DEBUG: SELECT COUNT(*) FROM userlevels WHERE userlevelid = -2 {"params":[],"types":[],"executionMS":0.0010581016540527344} []
[2023-10-26T13:22:01.822379+00:00] log.DEBUG: SELECT userlevelid, userlevelname FROM userlevels {"params":[],"types":[],"executionMS":0.0006148815155029297} []
[2023-10-26T13:22:01.823078+00:00] log.DEBUG: SELECT COUNT(*) FROM userlevelpermissions WHERE userlevelid = -2 {"params":[],"types":[],"executionMS":0.0005879402160644531} []
[2023-10-26T13:22:01.823825+00:00] log.DEBUG: SELECT tablename, userlevelid, permission FROM userlevelpermissions WHERE userlevelid IN (-2) {"params":[],"types":[],"executionMS":0.000576019287109375} []
[2023-10-26T13:22:01.826337+00:00] log.DEBUG: SHOW TABLE STATUS WHERE Engine = 'MyISAM' AND Name = 'usuarios' {"params":[],"types":[],"executionMS":0.0015530586242675781} []
[2023-10-26T19:42:57.289352+00:00] log.DEBUG: SELECT COUNT(*) FROM userlevels WHERE userlevelid = -2 {"params":[],"types":[],"executionMS":0.0023717880249023438} []
[2023-10-26T19:42:57.290296+00:00] log.DEBUG: SELECT userlevelid, userlevelname FROM userlevels {"params":[],"types":[],"executionMS":0.0006859302520751953} []
[2023-10-26T19:42:57.291021+00:00] log.DEBUG: SELECT COUNT(*) FROM userlevelpermissions WHERE userlevelid = -2 {"params":[],"types":[],"executionMS":0.0006120204925537109} []
[2023-10-26T19:42:57.291674+00:00] log.DEBUG: SELECT tablename, userlevelid, permission FROM userlevelpermissions WHERE userlevelid IN (-2) {"params":[],"types":[],"executionMS":0.0004978179931640625} []
[2023-10-26T19:43:00.255800+00:00] log.DEBUG: SHOW TABLE STATUS WHERE Engine = 'MyISAM' AND Name = 'usuarios' {"params":[],"types":[],"executionMS":0.0027549266815185547} []
[2023-10-26T19:43:03.092622+00:00] log.DEBUG: SELECT t0.codnum AS codnum_1, t0.usuario AS usuario_2, t0.nombre AS nombre_3, t0.clave AS clave_4, t0.nivel AS nivel_5, t0.activo AS activo_6, t0.email AS email_7, t0.perfil AS perfil_8 FROM usuarios t0 WHERE t0.usuario = ? LIMIT 1 {"params":["RICARDOC"],"types":["string"],"executionMS":0.0011169910430908203} []
[2023-10-26T19:43:03.093869+00:00] log.DEBUG: SELECT COUNT(*) FROM userlevels WHERE userlevelid = -2 {"params":[],"types":[],"executionMS":0.0007109642028808594} []
[2023-10-26T19:43:03.094500+00:00] log.DEBUG: SELECT userlevelid, userlevelname FROM userlevels {"params":[],"types":[],"executionMS":0.0005090236663818359} []
[2023-10-26T19:43:03.095207+00:00] log.DEBUG: SELECT COUNT(*) FROM userlevelpermissions WHERE userlevelid = -2 {"params":[],"types":[],"executionMS":0.0006241798400878906} []
[2023-10-26T19:43:03.097219+00:00] log.DEBUG: SELECT tablename, userlevelid, permission FROM userlevelpermissions {"params":[],"types":[],"executionMS":0.0019221305847167969} []
[2023-10-26T19:43:03.545085+00:00] log.DEBUG: SELECT t0.codnum AS codnum_1, t0.usuario AS usuario_2, t0.nombre AS nombre_3, t0.clave AS clave_4, t0.nivel AS nivel_5, t0.activo AS activo_6, t0.email AS email_7, t0.perfil AS perfil_8 FROM usuarios t0 WHERE t0.usuario = ? LIMIT 1 {"params":["Administrator"],"types":["string"],"executionMS":0.0011980533599853516} []
[2023-10-26T20:45:02.015742+00:00] log.DEBUG: SELECT COUNT(*) FROM userlevels WHERE userlevelid = -2 {"params":[],"types":[],"executionMS":0.0007331371307373047} []
[2023-10-26T20:45:02.016431+00:00] log.DEBUG: SELECT userlevelid, userlevelname FROM userlevels {"params":[],"types":[],"executionMS":0.0004439353942871094} []
[2023-10-26T20:45:02.016981+00:00] log.DEBUG: SELECT COUNT(*) FROM userlevelpermissions WHERE userlevelid = -2 {"params":[],"types":[],"executionMS":0.000453948974609375} []
[2023-10-26T20:45:02.017990+00:00] log.DEBUG: SELECT tablename, userlevelid, permission FROM userlevelpermissions WHERE userlevelid IN (-2) {"params":[],"types":[],"executionMS":0.0008740425109863281} []
[2023-10-26T20:45:02.020393+00:00] log.DEBUG: SHOW TABLE STATUS WHERE Engine = 'MyISAM' AND Name = 'usuarios' {"params":[],"types":[],"executionMS":0.0013959407806396484} []
[2023-10-26T20:45:02.154294+00:00] log.DEBUG: SELECT COUNT(*) FROM userlevels WHERE userlevelid = -2 {"params":[],"types":[],"executionMS":0.0009279251098632812} []
[2023-10-26T20:45:02.154962+00:00] log.DEBUG: SELECT userlevelid, userlevelname FROM userlevels {"params":[],"types":[],"executionMS":0.0004761219024658203} []
[2023-10-26T20:45:02.155584+00:00] log.DEBUG: SELECT COUNT(*) FROM userlevelpermissions WHERE userlevelid = -2 {"params":[],"types":[],"executionMS":0.0005428791046142578} []
[2023-10-26T20:45:02.156236+00:00] log.DEBUG: SELECT tablename, userlevelid, permission FROM userlevelpermissions WHERE userlevelid IN (-2) {"params":[],"types":[],"executionMS":0.0005571842193603516} []
[2023-10-26T20:45:02.158790+00:00] log.DEBUG: SHOW TABLE STATUS WHERE Engine = 'MyISAM' AND Name = 'usuarios' {"params":[],"types":[],"executionMS":0.001847982406616211} []
