[2023-10-23T12:06:35.609792+00:00] log.DEBUG: SELECT COUNT(*) FROM userlevels WHERE userlevelid = -2 {"params":[],"types":[],"executionMS":0.0007231235504150391} []
[2023-10-23T12:06:35.610624+00:00] log.DEBUG: SELECT userlevelid, userlevelname FROM userlevels {"params":[],"types":[],"executionMS":0.0005600452423095703} []
[2023-10-23T12:06:35.611301+00:00] log.DEBUG: SELECT COUNT(*) FROM userlevelpermissions WHERE userlevelid = -2 {"params":[],"types":[],"executionMS":0.0005800724029541016} []
[2023-10-23T12:06:35.611997+00:00] log.DEBUG: SELECT tablename, userlevelid, permission FROM userlevelpermissions WHERE userlevelid IN (-2) {"params":[],"types":[],"executionMS":0.0005829334259033203} []
[2023-10-23T12:06:48.110814+00:00] log.DEBUG: SHOW TABLE STATUS WHERE Engine = 'MyISAM' AND Name = 'usuarios' {"params":[],"types":[],"executionMS":0.0025959014892578125} []
[2023-10-23T12:06:53.746867+00:00] log.DEBUG: SELECT t0.codnum AS codnum_1, t0.usuario AS usuario_2, t0.nombre AS nombre_3, t0.clave AS clave_4, t0.nivel AS nivel_5, t0.activo AS activo_6, t0.email AS email_7, t0.perfil AS perfil_8 FROM usuarios t0 WHERE t0.usuario = ? LIMIT 1 {"params":["RICARDOC"],"types":["string"],"executionMS":0.001055002212524414} []
[2023-10-23T12:06:53.747880+00:00] log.DEBUG: SELECT COUNT(*) FROM userlevels WHERE userlevelid = -2 {"params":[],"types":[],"executionMS":0.00047397613525390625} []
[2023-10-23T12:06:53.748395+00:00] log.DEBUG: SELECT userlevelid, userlevelname FROM userlevels {"params":[],"types":[],"executionMS":0.0003991127014160156} []
[2023-10-23T12:06:53.748937+00:00] log.DEBUG: SELECT COUNT(*) FROM userlevelpermissions WHERE userlevelid = -2 {"params":[],"types":[],"executionMS":0.00045299530029296875} []
[2023-10-23T12:06:53.749938+00:00] log.DEBUG: SELECT tablename, userlevelid, permission FROM userlevelpermissions {"params":[],"types":[],"executionMS":0.0009369850158691406} []
[2023-10-23T12:06:54.462764+00:00] log.DEBUG: SELECT t0.codnum AS codnum_1, t0.usuario AS usuario_2, t0.nombre AS nombre_3, t0.clave AS clave_4, t0.nivel AS nivel_5, t0.activo AS activo_6, t0.email AS email_7, t0.perfil AS perfil_8 FROM usuarios t0 WHERE t0.usuario = ? LIMIT 1 {"params":["Administrator"],"types":["string"],"executionMS":0.001483917236328125} []
[2023-10-23T13:08:00.174266+00:00] log.DEBUG: SELECT COUNT(*) FROM userlevels WHERE userlevelid = -2 {"params":[],"types":[],"executionMS":0.0009539127349853516} []
[2023-10-23T13:08:00.175506+00:00] log.DEBUG: SELECT userlevelid, userlevelname FROM userlevels {"params":[],"types":[],"executionMS":0.0009629726409912109} []
[2023-10-23T13:08:00.176466+00:00] log.DEBUG: SELECT COUNT(*) FROM userlevelpermissions WHERE userlevelid = -2 {"params":[],"types":[],"executionMS":0.0008690357208251953} []
[2023-10-23T13:08:00.177415+00:00] log.DEBUG: SELECT tablename, userlevelid, permission FROM userlevelpermissions WHERE userlevelid IN (-2) {"params":[],"types":[],"executionMS":0.0008170604705810547} []
[2023-10-23T13:08:00.181052+00:00] log.DEBUG: SHOW TABLE STATUS WHERE Engine = 'MyISAM' AND Name = 'usuarios' {"params":[],"types":[],"executionMS":0.00244903564453125} []
[2023-10-23T13:08:00.371395+00:00] log.DEBUG: SELECT COUNT(*) FROM userlevels WHERE userlevelid = -2 {"params":[],"types":[],"executionMS":0.000990152359008789} []
[2023-10-23T13:08:00.372584+00:00] log.DEBUG: SELECT userlevelid, userlevelname FROM userlevels {"params":[],"types":[],"executionMS":0.0005829334259033203} []
[2023-10-23T13:08:00.373237+00:00] log.DEBUG: SELECT COUNT(*) FROM userlevelpermissions WHERE userlevelid = -2 {"params":[],"types":[],"executionMS":0.0005490779876708984} []
[2023-10-23T13:08:00.373997+00:00] log.DEBUG: SELECT tablename, userlevelid, permission FROM userlevelpermissions WHERE userlevelid IN (-2) {"params":[],"types":[],"executionMS":0.0006439685821533203} []
[2023-10-23T13:08:00.376599+00:00] log.DEBUG: SHOW TABLE STATUS WHERE Engine = 'MyISAM' AND Name = 'usuarios' {"params":[],"types":[],"executionMS":0.0014510154724121094} []
[2023-10-23T18:08:37.810246+00:00] log.DEBUG: SELECT COUNT(*) FROM userlevels WHERE userlevelid = -2 {"params":[],"types":[],"executionMS":0.0007088184356689453} []
[2023-10-23T18:08:37.811020+00:00] log.DEBUG: SELECT userlevelid, userlevelname FROM userlevels {"params":[],"types":[],"executionMS":0.000514984130859375} []
[2023-10-23T18:08:37.811639+00:00] log.DEBUG: SELECT COUNT(*) FROM userlevelpermissions WHERE userlevelid = -2 {"params":[],"types":[],"executionMS":0.0005421638488769531} []
[2023-10-23T18:08:37.812286+00:00] log.DEBUG: SELECT tablename, userlevelid, permission FROM userlevelpermissions WHERE userlevelid IN (-2) {"params":[],"types":[],"executionMS":0.0005440711975097656} []
[2023-10-23T18:08:42.721503+00:00] log.DEBUG: SHOW TABLE STATUS WHERE Engine = 'MyISAM' AND Name = 'usuarios' {"params":[],"types":[],"executionMS":0.002385854721069336} []
