[2023-11-02T12:34:27.593702+00:00] log.DEBUG: SELECT COUNT(*) FROM userlevels WHERE userlevelid = -2 {"params":[],"types":[],"executionMS":0.07253909111022949} []
[2023-11-02T12:34:27.665035+00:00] log.DEBUG: SELECT userlevelid, userlevelname FROM userlevels {"params":[],"types":[],"executionMS":0.06840991973876953} []
[2023-11-02T12:34:27.733146+00:00] log.DEBUG: SELECT COUNT(*) FROM userlevelpermissions WHERE userlevelid = -2 {"params":[],"types":[],"executionMS":0.06791496276855469} []
[2023-11-02T12:34:27.803645+00:00] log.DEBUG: SELECT tablename, userlevelid, permission FROM userlevelpermissions WHERE userlevelid IN (-2) {"params":[],"types":[],"executionMS":0.06949186325073242} []
[2023-11-02T12:34:27.908594+00:00] log.DEBUG: SHOW TABLE STATUS WHERE Engine = 'MyISAM' AND Name = 'usuarios' {"params":[],"types":[],"executionMS":0.07011818885803223} []
[2023-11-02T12:34:30.223759+00:00] log.DEBUG: SELECT t0.codnum AS codnum_1, t0.usuario AS usuario_2, t0.nombre AS nombre_3, t0.clave AS clave_4, t0.nivel AS nivel_5, t0.activo AS activo_6, t0.email AS email_7, t0.perfil AS perfil_8 FROM usuarios t0 WHERE t0.usuario = ? LIMIT 1 {"params":["RICARDOC"],"types":["string"],"executionMS":0.0705571174621582} []
[2023-11-02T12:34:30.297553+00:00] log.DEBUG: SELECT COUNT(*) FROM userlevels WHERE userlevelid = -2 {"params":[],"types":[],"executionMS":0.06741189956665039} []
[2023-11-02T12:34:30.366223+00:00] log.DEBUG: SELECT userlevelid, userlevelname FROM userlevels {"params":[],"types":[],"executionMS":0.06769704818725586} []
[2023-11-02T12:34:30.434253+00:00] log.DEBUG: SELECT COUNT(*) FROM userlevelpermissions WHERE userlevelid = -2 {"params":[],"types":[],"executionMS":0.06777286529541016} []
[2023-11-02T12:34:30.581292+00:00] log.DEBUG: SELECT tablename, userlevelid, permission FROM userlevelpermissions {"params":[],"types":[],"executionMS":0.1467440128326416} []
[2023-11-02T12:34:31.144824+00:00] log.DEBUG: SELECT t0.codnum AS codnum_1, t0.usuario AS usuario_2, t0.nombre AS nombre_3, t0.clave AS clave_4, t0.nivel AS nivel_5, t0.activo AS activo_6, t0.email AS email_7, t0.perfil AS perfil_8 FROM usuarios t0 WHERE t0.usuario = ? LIMIT 1 {"params":["Administrator"],"types":["string"],"executionMS":0.06939506530761719} []
[2023-11-02T12:54:26.974709+00:00] log.DEBUG: SELECT t0.codnum AS codnum_1, t0.usuario AS usuario_2, t0.nombre AS nombre_3, t0.clave AS clave_4, t0.nivel AS nivel_5, t0.activo AS activo_6, t0.email AS email_7, t0.perfil AS perfil_8 FROM usuarios t0 WHERE t0.usuario = ? LIMIT 1 {"params":["Administrator"],"types":["string"],"executionMS":0.15334415435791016} []
[2023-11-02T12:55:41.866791+00:00] log.DEBUG: SELECT COUNT(*) FROM userlevels WHERE userlevelid = -2 {"params":[],"types":[],"executionMS":0.07041096687316895} []
[2023-11-02T12:55:41.935831+00:00] log.DEBUG: SELECT userlevelid, userlevelname FROM userlevels {"params":[],"types":[],"executionMS":0.06690597534179688} []
[2023-11-02T12:55:42.002396+00:00] log.DEBUG: SELECT COUNT(*) FROM userlevelpermissions WHERE userlevelid = -2 {"params":[],"types":[],"executionMS":0.06636404991149902} []
[2023-11-02T12:55:42.072542+00:00] log.DEBUG: SELECT tablename, userlevelid, permission FROM userlevelpermissions WHERE userlevelid IN (-2) {"params":[],"types":[],"executionMS":0.06889700889587402} []
[2023-11-02T12:55:42.160250+00:00] log.DEBUG: SHOW TABLE STATUS WHERE Engine = 'MyISAM' AND Name = 'usuarios' {"params":[],"types":[],"executionMS":0.06752896308898926} []
[2023-11-02T12:56:11.752667+00:00] log.DEBUG: SELECT t0.codnum AS codnum_1, t0.usuario AS usuario_2, t0.nombre AS nombre_3, t0.clave AS clave_4, t0.nivel AS nivel_5, t0.activo AS activo_6, t0.email AS email_7, t0.perfil AS perfil_8 FROM usuarios t0 WHERE t0.usuario = ? LIMIT 1 {"params":["Administrator"],"types":["string"],"executionMS":0.07154703140258789} []
[2023-11-02T12:57:05.380098+00:00] log.DEBUG: SELECT t0.codnum AS codnum_1, t0.usuario AS usuario_2, t0.nombre AS nombre_3, t0.clave AS clave_4, t0.nivel AS nivel_5, t0.activo AS activo_6, t0.email AS email_7, t0.perfil AS perfil_8 FROM usuarios t0 WHERE t0.usuario = ? LIMIT 1 {"params":["Administrator"],"types":["string"],"executionMS":0.0728909969329834} []
[2023-11-02T12:57:05.737276+00:00] log.DEBUG: SELECT COUNT(*) FROM userlevels WHERE userlevelid = -2 {"params":[],"types":[],"executionMS":0.06854486465454102} []
[2023-11-02T12:57:05.805849+00:00] log.DEBUG: SELECT userlevelid, userlevelname FROM userlevels {"params":[],"types":[],"executionMS":0.06686592102050781} []
[2023-11-02T12:57:05.871891+00:00] log.DEBUG: SELECT COUNT(*) FROM userlevelpermissions WHERE userlevelid = -2 {"params":[],"types":[],"executionMS":0.0658869743347168} []
[2023-11-02T12:57:06.047296+00:00] log.DEBUG: SELECT tablename, userlevelid, permission FROM userlevelpermissions WHERE userlevelid IN (-2) {"params":[],"types":[],"executionMS":0.17464804649353027} []
[2023-11-02T12:57:06.233276+00:00] log.DEBUG: SHOW TABLE STATUS WHERE Engine = 'MyISAM' AND Name = 'usuarios' {"params":[],"types":[],"executionMS":0.15711688995361328} []
[2023-11-02T12:57:13.243152+00:00] log.DEBUG: SELECT t0.codnum AS codnum_1, t0.usuario AS usuario_2, t0.nombre AS nombre_3, t0.clave AS clave_4, t0.nivel AS nivel_5, t0.activo AS activo_6, t0.email AS email_7, t0.perfil AS perfil_8 FROM usuarios t0 WHERE t0.usuario = ? LIMIT 1 {"params":["RICARDOC"],"types":["string"],"executionMS":0.07090210914611816} []
[2023-11-02T12:57:13.316529+00:00] log.DEBUG: SELECT COUNT(*) FROM userlevels WHERE userlevelid = -2 {"params":[],"types":[],"executionMS":0.06817889213562012} []
[2023-11-02T12:57:13.400151+00:00] log.DEBUG: SELECT userlevelid, userlevelname FROM userlevels {"params":[],"types":[],"executionMS":0.08025503158569336} []
[2023-11-02T12:57:13.467994+00:00] log.DEBUG: SELECT COUNT(*) FROM userlevelpermissions WHERE userlevelid = -2 {"params":[],"types":[],"executionMS":0.06765198707580566} []
[2023-11-02T12:57:13.611868+00:00] log.DEBUG: SELECT tablename, userlevelid, permission FROM userlevelpermissions {"params":[],"types":[],"executionMS":0.1437230110168457} []
[2023-11-02T12:57:14.190050+00:00] log.DEBUG: SELECT t0.codnum AS codnum_1, t0.usuario AS usuario_2, t0.nombre AS nombre_3, t0.clave AS clave_4, t0.nivel AS nivel_5, t0.activo AS activo_6, t0.email AS email_7, t0.perfil AS perfil_8 FROM usuarios t0 WHERE t0.usuario = ? LIMIT 1 {"params":["Administrator"],"types":["string"],"executionMS":0.070281982421875} []
[2023-11-02T12:57:22.759079+00:00] log.DEBUG: SELECT t0.codnum AS codnum_1, t0.usuario AS usuario_2, t0.nombre AS nombre_3, t0.clave AS clave_4, t0.nivel AS nivel_5, t0.activo AS activo_6, t0.email AS email_7, t0.perfil AS perfil_8 FROM usuarios t0 WHERE t0.usuario = ? LIMIT 1 {"params":["Administrator"],"types":["string"],"executionMS":0.06785702705383301} []
[2023-11-02T12:58:11.782845+00:00] log.DEBUG: SELECT t0.codnum AS codnum_1, t0.usuario AS usuario_2, t0.nombre AS nombre_3, t0.clave AS clave_4, t0.nivel AS nivel_5, t0.activo AS activo_6, t0.email AS email_7, t0.perfil AS perfil_8 FROM usuarios t0 WHERE t0.usuario = ? LIMIT 1 {"params":["Administrator"],"types":["string"],"executionMS":0.06941509246826172} []
[2023-11-02T13:03:28.677817+00:00] log.DEBUG: SELECT t0.codnum AS codnum_1, t0.usuario AS usuario_2, t0.nombre AS nombre_3, t0.clave AS clave_4, t0.nivel AS nivel_5, t0.activo AS activo_6, t0.email AS email_7, t0.perfil AS perfil_8 FROM usuarios t0 WHERE t0.usuario = ? LIMIT 1 {"params":["Administrator"],"types":["string"],"executionMS":0.17923593521118164} []
[2023-11-02T13:03:47.904332+00:00] log.DEBUG: SELECT t0.codnum AS codnum_1, t0.usuario AS usuario_2, t0.nombre AS nombre_3, t0.clave AS clave_4, t0.nivel AS nivel_5, t0.activo AS activo_6, t0.email AS email_7, t0.perfil AS perfil_8 FROM usuarios t0 WHERE t0.usuario = ? LIMIT 1 {"params":["Administrator"],"types":["string"],"executionMS":0.07324481010437012} []
[2023-11-02T13:04:16.344652+00:00] log.DEBUG: SELECT t0.codnum AS codnum_1, t0.usuario AS usuario_2, t0.nombre AS nombre_3, t0.clave AS clave_4, t0.nivel AS nivel_5, t0.activo AS activo_6, t0.email AS email_7, t0.perfil AS perfil_8 FROM usuarios t0 WHERE t0.usuario = ? LIMIT 1 {"params":["Administrator"],"types":["string"],"executionMS":0.15856194496154785} []
[2023-11-02T13:05:04.518782+00:00] log.DEBUG: SELECT t0.codnum AS codnum_1, t0.usuario AS usuario_2, t0.nombre AS nombre_3, t0.clave AS clave_4, t0.nivel AS nivel_5, t0.activo AS activo_6, t0.email AS email_7, t0.perfil AS perfil_8 FROM usuarios t0 WHERE t0.usuario = ? LIMIT 1 {"params":["Administrator"],"types":["string"],"executionMS":0.06948089599609375} []
[2023-11-02T13:05:29.114036+00:00] log.DEBUG: SELECT t0.codnum AS codnum_1, t0.usuario AS usuario_2, t0.nombre AS nombre_3, t0.clave AS clave_4, t0.nivel AS nivel_5, t0.activo AS activo_6, t0.email AS email_7, t0.perfil AS perfil_8 FROM usuarios t0 WHERE t0.usuario = ? LIMIT 1 {"params":["Administrator"],"types":["string"],"executionMS":0.07210183143615723} []
[2023-11-02T14:06:56.318476+00:00] log.DEBUG: SELECT t0.codnum AS codnum_1, t0.usuario AS usuario_2, t0.nombre AS nombre_3, t0.clave AS clave_4, t0.nivel AS nivel_5, t0.activo AS activo_6, t0.email AS email_7, t0.perfil AS perfil_8 FROM usuarios t0 WHERE t0.usuario = ? LIMIT 1 {"params":["Administrator"],"types":["string"],"executionMS":0.07209897041320801} []
[2023-11-02T14:06:56.695873+00:00] log.DEBUG: SELECT COUNT(*) FROM userlevels WHERE userlevelid = -2 {"params":[],"types":[],"executionMS":0.06955313682556152} []
[2023-11-02T14:06:56.766193+00:00] log.DEBUG: SELECT userlevelid, userlevelname FROM userlevels {"params":[],"types":[],"executionMS":0.06833386421203613} []
[2023-11-02T14:06:56.834724+00:00] log.DEBUG: SELECT COUNT(*) FROM userlevelpermissions WHERE userlevelid = -2 {"params":[],"types":[],"executionMS":0.06834697723388672} []
[2023-11-02T14:06:56.904538+00:00] log.DEBUG: SELECT tablename, userlevelid, permission FROM userlevelpermissions WHERE userlevelid IN (-2) {"params":[],"types":[],"executionMS":0.06867194175720215} []
[2023-11-02T14:06:56.987154+00:00] log.DEBUG: SHOW TABLE STATUS WHERE Engine = 'MyISAM' AND Name = 'usuarios' {"params":[],"types":[],"executionMS":0.07088685035705566} []
[2023-11-02T14:19:12.384496+00:00] log.DEBUG: SELECT t0.codnum AS codnum_1, t0.usuario AS usuario_2, t0.nombre AS nombre_3, t0.clave AS clave_4, t0.nivel AS nivel_5, t0.activo AS activo_6, t0.email AS email_7, t0.perfil AS perfil_8 FROM usuarios t0 WHERE t0.usuario = ? LIMIT 1 {"params":["RICARDOC"],"types":["string"],"executionMS":0.07010388374328613} []
[2023-11-02T14:19:12.457353+00:00] log.DEBUG: SELECT COUNT(*) FROM userlevels WHERE userlevelid = -2 {"params":[],"types":[],"executionMS":0.0662379264831543} []
[2023-11-02T14:19:12.524885+00:00] log.DEBUG: SELECT userlevelid, userlevelname FROM userlevels {"params":[],"types":[],"executionMS":0.06636691093444824} []
[2023-11-02T14:19:12.591490+00:00] log.DEBUG: SELECT COUNT(*) FROM userlevelpermissions WHERE userlevelid = -2 {"params":[],"types":[],"executionMS":0.06642293930053711} []
[2023-11-02T14:19:12.735129+00:00] log.DEBUG: SELECT tablename, userlevelid, permission FROM userlevelpermissions {"params":[],"types":[],"executionMS":0.14346790313720703} []
[2023-11-02T14:19:13.302821+00:00] log.DEBUG: SELECT t0.codnum AS codnum_1, t0.usuario AS usuario_2, t0.nombre AS nombre_3, t0.clave AS clave_4, t0.nivel AS nivel_5, t0.activo AS activo_6, t0.email AS email_7, t0.perfil AS perfil_8 FROM usuarios t0 WHERE t0.usuario = ? LIMIT 1 {"params":["Administrator"],"types":["string"],"executionMS":0.07027983665466309} []
[2023-11-02T14:19:25.977304+00:00] log.DEBUG: SELECT t0.codnum AS codnum_1, t0.usuario AS usuario_2, t0.nombre AS nombre_3, t0.clave AS clave_4, t0.nivel AS nivel_5, t0.activo AS activo_6, t0.email AS email_7, t0.perfil AS perfil_8 FROM usuarios t0 WHERE t0.usuario = ? LIMIT 1 {"params":["Administrator"],"types":["string"],"executionMS":0.0729210376739502} []
[2023-11-02T14:21:13.302262+00:00] log.DEBUG: SELECT t0.codnum AS codnum_1, t0.usuario AS usuario_2, t0.nombre AS nombre_3, t0.clave AS clave_4, t0.nivel AS nivel_5, t0.activo AS activo_6, t0.email AS email_7, t0.perfil AS perfil_8 FROM usuarios t0 WHERE t0.usuario = ? LIMIT 1 {"params":["Administrator"],"types":["string"],"executionMS":0.0766611099243164} []
[2023-11-02T14:23:54.122109+00:00] log.DEBUG: SELECT t0.codnum AS codnum_1, t0.usuario AS usuario_2, t0.nombre AS nombre_3, t0.clave AS clave_4, t0.nivel AS nivel_5, t0.activo AS activo_6, t0.email AS email_7, t0.perfil AS perfil_8 FROM usuarios t0 WHERE t0.usuario = ? LIMIT 1 {"params":["Administrator"],"types":["string"],"executionMS":0.06943988800048828} []
[2023-11-02T14:24:49.446047+00:00] log.DEBUG: SELECT t0.codnum AS codnum_1, t0.usuario AS usuario_2, t0.nombre AS nombre_3, t0.clave AS clave_4, t0.nivel AS nivel_5, t0.activo AS activo_6, t0.email AS email_7, t0.perfil AS perfil_8 FROM usuarios t0 WHERE t0.usuario = ? LIMIT 1 {"params":["Administrator"],"types":["string"],"executionMS":0.07257294654846191} []
[2023-11-02T14:24:58.830263+00:00] log.DEBUG: SELECT t0.codnum AS codnum_1, t0.usuario AS usuario_2, t0.nombre AS nombre_3, t0.clave AS clave_4, t0.nivel AS nivel_5, t0.activo AS activo_6, t0.email AS email_7, t0.perfil AS perfil_8 FROM usuarios t0 WHERE t0.usuario = ? LIMIT 1 {"params":["Administrator"],"types":["string"],"executionMS":0.07374691963195801} []
[2023-11-02T14:25:16.262934+00:00] log.DEBUG: SELECT t0.codnum AS codnum_1, t0.usuario AS usuario_2, t0.nombre AS nombre_3, t0.clave AS clave_4, t0.nivel AS nivel_5, t0.activo AS activo_6, t0.email AS email_7, t0.perfil AS perfil_8 FROM usuarios t0 WHERE t0.usuario = ? LIMIT 1 {"params":["Administrator"],"types":["string"],"executionMS":0.07230401039123535} []
[2023-11-02T14:28:28.325817+00:00] log.DEBUG: SELECT t0.codnum AS codnum_1, t0.usuario AS usuario_2, t0.nombre AS nombre_3, t0.clave AS clave_4, t0.nivel AS nivel_5, t0.activo AS activo_6, t0.email AS email_7, t0.perfil AS perfil_8 FROM usuarios t0 WHERE t0.usuario = ? LIMIT 1 {"params":["Administrator"],"types":["string"],"executionMS":0.08022904396057129} []
[2023-11-02T14:29:45.735119+00:00] log.DEBUG: SELECT t0.codnum AS codnum_1, t0.usuario AS usuario_2, t0.nombre AS nombre_3, t0.clave AS clave_4, t0.nivel AS nivel_5, t0.activo AS activo_6, t0.email AS email_7, t0.perfil AS perfil_8 FROM usuarios t0 WHERE t0.usuario = ? LIMIT 1 {"params":["Administrator"],"types":["string"],"executionMS":0.07199788093566895} []
[2023-11-02T14:30:47.443070+00:00] log.DEBUG: SELECT t0.codnum AS codnum_1, t0.usuario AS usuario_2, t0.nombre AS nombre_3, t0.clave AS clave_4, t0.nivel AS nivel_5, t0.activo AS activo_6, t0.email AS email_7, t0.perfil AS perfil_8 FROM usuarios t0 WHERE t0.usuario = ? LIMIT 1 {"params":["Administrator"],"types":["string"],"executionMS":0.07116198539733887} []
[2023-11-02T14:30:52.826619+00:00] log.DEBUG: SELECT t0.codnum AS codnum_1, t0.usuario AS usuario_2, t0.nombre AS nombre_3, t0.clave AS clave_4, t0.nivel AS nivel_5, t0.activo AS activo_6, t0.email AS email_7, t0.perfil AS perfil_8 FROM usuarios t0 WHERE t0.usuario = ? LIMIT 1 {"params":["Administrator"],"types":["string"],"executionMS":0.06982088088989258} []
[2023-11-02T14:31:19.180640+00:00] log.DEBUG: SELECT t0.codnum AS codnum_1, t0.usuario AS usuario_2, t0.nombre AS nombre_3, t0.clave AS clave_4, t0.nivel AS nivel_5, t0.activo AS activo_6, t0.email AS email_7, t0.perfil AS perfil_8 FROM usuarios t0 WHERE t0.usuario = ? LIMIT 1 {"params":["Administrator"],"types":["string"],"executionMS":0.08100509643554688} []
[2023-11-02T14:33:03.856533+00:00] log.DEBUG: SELECT t0.codnum AS codnum_1, t0.usuario AS usuario_2, t0.nombre AS nombre_3, t0.clave AS clave_4, t0.nivel AS nivel_5, t0.activo AS activo_6, t0.email AS email_7, t0.perfil AS perfil_8 FROM usuarios t0 WHERE t0.usuario = ? LIMIT 1 {"params":["Administrator"],"types":["string"],"executionMS":0.07075214385986328} []
[2023-11-02T14:34:06.831759+00:00] log.DEBUG: SELECT t0.codnum AS codnum_1, t0.usuario AS usuario_2, t0.nombre AS nombre_3, t0.clave AS clave_4, t0.nivel AS nivel_5, t0.activo AS activo_6, t0.email AS email_7, t0.perfil AS perfil_8 FROM usuarios t0 WHERE t0.usuario = ? LIMIT 1 {"params":["Administrator"],"types":["string"],"executionMS":0.06899809837341309} []
[2023-11-02T14:34:30.112426+00:00] log.DEBUG: SELECT t0.codnum AS codnum_1, t0.usuario AS usuario_2, t0.nombre AS nombre_3, t0.clave AS clave_4, t0.nivel AS nivel_5, t0.activo AS activo_6, t0.email AS email_7, t0.perfil AS perfil_8 FROM usuarios t0 WHERE t0.usuario = ? LIMIT 1 {"params":["Administrator"],"types":["string"],"executionMS":0.1511068344116211} []
[2023-11-02T14:37:40.581853+00:00] log.DEBUG: SELECT t0.codnum AS codnum_1, t0.usuario AS usuario_2, t0.nombre AS nombre_3, t0.clave AS clave_4, t0.nivel AS nivel_5, t0.activo AS activo_6, t0.email AS email_7, t0.perfil AS perfil_8 FROM usuarios t0 WHERE t0.usuario = ? LIMIT 1 {"params":["Administrator"],"types":["string"],"executionMS":0.13558197021484375} []
[2023-11-02T14:52:04.909641+00:00] log.DEBUG: SELECT t0.codnum AS codnum_1, t0.usuario AS usuario_2, t0.nombre AS nombre_3, t0.clave AS clave_4, t0.nivel AS nivel_5, t0.activo AS activo_6, t0.email AS email_7, t0.perfil AS perfil_8 FROM usuarios t0 WHERE t0.usuario = ? LIMIT 1 {"params":["Administrator"],"types":["string"],"executionMS":0.07287001609802246} []
[2023-11-02T14:53:08.417870+00:00] log.DEBUG: SELECT t0.codnum AS codnum_1, t0.usuario AS usuario_2, t0.nombre AS nombre_3, t0.clave AS clave_4, t0.nivel AS nivel_5, t0.activo AS activo_6, t0.email AS email_7, t0.perfil AS perfil_8 FROM usuarios t0 WHERE t0.usuario = ? LIMIT 1 {"params":["Administrator"],"types":["string"],"executionMS":0.07211017608642578} []
[2023-11-02T14:53:44.267736+00:00] log.DEBUG: SELECT t0.codnum AS codnum_1, t0.usuario AS usuario_2, t0.nombre AS nombre_3, t0.clave AS clave_4, t0.nivel AS nivel_5, t0.activo AS activo_6, t0.email AS email_7, t0.perfil AS perfil_8 FROM usuarios t0 WHERE t0.usuario = ? LIMIT 1 {"params":["Administrator"],"types":["string"],"executionMS":0.06866288185119629} []
[2023-11-02T14:54:16.296935+00:00] log.DEBUG: SELECT t0.codnum AS codnum_1, t0.usuario AS usuario_2, t0.nombre AS nombre_3, t0.clave AS clave_4, t0.nivel AS nivel_5, t0.activo AS activo_6, t0.email AS email_7, t0.perfil AS perfil_8 FROM usuarios t0 WHERE t0.usuario = ? LIMIT 1 {"params":["Administrator"],"types":["string"],"executionMS":0.07442593574523926} []
[2023-11-02T15:05:59.189558+00:00] log.DEBUG: SELECT t0.codnum AS codnum_1, t0.usuario AS usuario_2, t0.nombre AS nombre_3, t0.clave AS clave_4, t0.nivel AS nivel_5, t0.activo AS activo_6, t0.email AS email_7, t0.perfil AS perfil_8 FROM usuarios t0 WHERE t0.usuario = ? LIMIT 1 {"params":["Administrator"],"types":["string"],"executionMS":0.07161903381347656} []
[2023-11-02T15:06:06.442532+00:00] log.DEBUG: SELECT t0.codnum AS codnum_1, t0.usuario AS usuario_2, t0.nombre AS nombre_3, t0.clave AS clave_4, t0.nivel AS nivel_5, t0.activo AS activo_6, t0.email AS email_7, t0.perfil AS perfil_8 FROM usuarios t0 WHERE t0.usuario = ? LIMIT 1 {"params":["Administrator"],"types":["string"],"executionMS":0.07603192329406738} []
[2023-11-02T15:19:03.163394+00:00] log.DEBUG: SELECT t0.codnum AS codnum_1, t0.usuario AS usuario_2, t0.nombre AS nombre_3, t0.clave AS clave_4, t0.nivel AS nivel_5, t0.activo AS activo_6, t0.email AS email_7, t0.perfil AS perfil_8 FROM usuarios t0 WHERE t0.usuario = ? LIMIT 1 {"params":["Administrator"],"types":["string"],"executionMS":0.1710529327392578} []
[2023-11-02T15:19:07.582871+00:00] log.DEBUG: SELECT t0.codnum AS codnum_1, t0.usuario AS usuario_2, t0.nombre AS nombre_3, t0.clave AS clave_4, t0.nivel AS nivel_5, t0.activo AS activo_6, t0.email AS email_7, t0.perfil AS perfil_8 FROM usuarios t0 WHERE t0.usuario = ? LIMIT 1 {"params":["Administrator"],"types":["string"],"executionMS":0.08102893829345703} []
[2023-11-02T15:21:47.441353+00:00] log.DEBUG: SELECT t0.codnum AS codnum_1, t0.usuario AS usuario_2, t0.nombre AS nombre_3, t0.clave AS clave_4, t0.nivel AS nivel_5, t0.activo AS activo_6, t0.email AS email_7, t0.perfil AS perfil_8 FROM usuarios t0 WHERE t0.usuario = ? LIMIT 1 {"params":["Administrator"],"types":["string"],"executionMS":0.0744791030883789} []
[2023-11-02T16:22:56.298627+00:00] log.DEBUG: SELECT t0.codnum AS codnum_1, t0.usuario AS usuario_2, t0.nombre AS nombre_3, t0.clave AS clave_4, t0.nivel AS nivel_5, t0.activo AS activo_6, t0.email AS email_7, t0.perfil AS perfil_8 FROM usuarios t0 WHERE t0.usuario = ? LIMIT 1 {"params":["Administrator"],"types":["string"],"executionMS":0.07131004333496094} []
[2023-11-02T16:22:56.660333+00:00] log.DEBUG: SELECT COUNT(*) FROM userlevels WHERE userlevelid = -2 {"params":[],"types":[],"executionMS":0.06951594352722168} []
[2023-11-02T16:22:56.729528+00:00] log.DEBUG: SELECT userlevelid, userlevelname FROM userlevels {"params":[],"types":[],"executionMS":0.06725287437438965} []
[2023-11-02T16:22:56.797920+00:00] log.DEBUG: SELECT COUNT(*) FROM userlevelpermissions WHERE userlevelid = -2 {"params":[],"types":[],"executionMS":0.06819701194763184} []
[2023-11-02T16:22:56.868415+00:00] log.DEBUG: SELECT tablename, userlevelid, permission FROM userlevelpermissions WHERE userlevelid IN (-2) {"params":[],"types":[],"executionMS":0.06890606880187988} []
[2023-11-02T16:22:56.955280+00:00] log.DEBUG: SHOW TABLE STATUS WHERE Engine = 'MyISAM' AND Name = 'usuarios' {"params":[],"types":[],"executionMS":0.07143783569335938} []
[2023-11-02T17:12:33.248017+00:00] log.DEBUG: SELECT t0.codnum AS codnum_1, t0.usuario AS usuario_2, t0.nombre AS nombre_3, t0.clave AS clave_4, t0.nivel AS nivel_5, t0.activo AS activo_6, t0.email AS email_7, t0.perfil AS perfil_8 FROM usuarios t0 WHERE t0.usuario = ? LIMIT 1 {"params":["RICARDOC"],"types":["string"],"executionMS":0.07572484016418457} []
[2023-11-02T17:12:33.322379+00:00] log.DEBUG: SELECT COUNT(*) FROM userlevels WHERE userlevelid = -2 {"params":[],"types":[],"executionMS":0.068511962890625} []
[2023-11-02T17:12:33.393858+00:00] log.DEBUG: SELECT userlevelid, userlevelname FROM userlevels {"params":[],"types":[],"executionMS":0.07061219215393066} []
[2023-11-02T17:12:33.462546+00:00] log.DEBUG: SELECT COUNT(*) FROM userlevelpermissions WHERE userlevelid = -2 {"params":[],"types":[],"executionMS":0.06852412223815918} []
[2023-11-02T17:12:33.605203+00:00] log.DEBUG: SELECT tablename, userlevelid, permission FROM userlevelpermissions {"params":[],"types":[],"executionMS":0.1425011157989502} []
[2023-11-02T17:12:34.243694+00:00] log.DEBUG: SELECT t0.codnum AS codnum_1, t0.usuario AS usuario_2, t0.nombre AS nombre_3, t0.clave AS clave_4, t0.nivel AS nivel_5, t0.activo AS activo_6, t0.email AS email_7, t0.perfil AS perfil_8 FROM usuarios t0 WHERE t0.usuario = ? LIMIT 1 {"params":["Administrator"],"types":["string"],"executionMS":0.15221810340881348} []
[2023-11-02T17:12:40.219155+00:00] log.DEBUG: SELECT t0.codnum AS codnum_1, t0.usuario AS usuario_2, t0.nombre AS nombre_3, t0.clave AS clave_4, t0.nivel AS nivel_5, t0.activo AS activo_6, t0.email AS email_7, t0.perfil AS perfil_8 FROM usuarios t0 WHERE t0.usuario = ? LIMIT 1 {"params":["Administrator"],"types":["string"],"executionMS":0.06964588165283203} []
[2023-11-02T17:12:44.760531+00:00] log.DEBUG: SELECT t0.codnum AS codnum_1, t0.usuario AS usuario_2, t0.nombre AS nombre_3, t0.clave AS clave_4, t0.nivel AS nivel_5, t0.activo AS activo_6, t0.email AS email_7, t0.perfil AS perfil_8 FROM usuarios t0 WHERE t0.usuario = ? LIMIT 1 {"params":["Administrator"],"types":["string"],"executionMS":0.19555997848510742} []
[2023-11-02T17:12:57.292187+00:00] log.DEBUG: SELECT t0.codnum AS codnum_1, t0.usuario AS usuario_2, t0.nombre AS nombre_3, t0.clave AS clave_4, t0.nivel AS nivel_5, t0.activo AS activo_6, t0.email AS email_7, t0.perfil AS perfil_8 FROM usuarios t0 WHERE t0.usuario = ? LIMIT 1 {"params":["Administrator"],"types":["string"],"executionMS":0.07272791862487793} []
[2023-11-02T17:14:36.311501+00:00] log.DEBUG: SELECT t0.codnum AS codnum_1, t0.usuario AS usuario_2, t0.nombre AS nombre_3, t0.clave AS clave_4, t0.nivel AS nivel_5, t0.activo AS activo_6, t0.email AS email_7, t0.perfil AS perfil_8 FROM usuarios t0 WHERE t0.usuario = ? LIMIT 1 {"params":["Administrator"],"types":["string"],"executionMS":0.13744211196899414} []
[2023-11-02T17:14:41.897711+00:00] log.DEBUG: SELECT t0.codnum AS codnum_1, t0.usuario AS usuario_2, t0.nombre AS nombre_3, t0.clave AS clave_4, t0.nivel AS nivel_5, t0.activo AS activo_6, t0.email AS email_7, t0.perfil AS perfil_8 FROM usuarios t0 WHERE t0.usuario = ? LIMIT 1 {"params":["Administrator"],"types":["string"],"executionMS":0.07076692581176758} []
[2023-11-02T17:14:42.261373+00:00] log.DEBUG: SELECT COUNT(*) FROM userlevels WHERE userlevelid = -2 {"params":[],"types":[],"executionMS":0.07019400596618652} []
[2023-11-02T17:14:42.331003+00:00] log.DEBUG: SELECT userlevelid, userlevelname FROM userlevels {"params":[],"types":[],"executionMS":0.06776714324951172} []
[2023-11-02T17:14:42.399512+00:00] log.DEBUG: SELECT COUNT(*) FROM userlevelpermissions WHERE userlevelid = -2 {"params":[],"types":[],"executionMS":0.06834197044372559} []
[2023-11-02T17:14:42.468250+00:00] log.DEBUG: SELECT tablename, userlevelid, permission FROM userlevelpermissions WHERE userlevelid IN (-2) {"params":[],"types":[],"executionMS":0.06802797317504883} []
[2023-11-02T17:14:42.548400+00:00] log.DEBUG: SHOW TABLE STATUS WHERE Engine = 'MyISAM' AND Name = 'usuarios' {"params":[],"types":[],"executionMS":0.06890416145324707} []
