[2023-10-30T02:21:03.252287+00:00] log.DEBUG: SELECT COUNT(*) FROM userlevels WHERE userlevelid = -2 {"params":[],"types":[],"executionMS":0.0010581016540527344} []
[2023-10-30T02:21:03.253197+00:00] log.DEBUG: SELECT userlevelid, userlevelname FROM userlevels {"params":[],"types":[],"executionMS":0.0004909038543701172} []
[2023-10-30T02:21:03.253795+00:00] log.DEBUG: SELECT COUNT(*) FROM userlevelpermissions WHERE userlevelid = -2 {"params":[],"types":[],"executionMS":0.0004940032958984375} []
[2023-10-30T02:21:03.254499+00:00] log.DEBUG: SELECT tablename, userlevelid, permission FROM userlevelpermissions WHERE userlevelid IN (-2) {"params":[],"types":[],"executionMS":0.0005428791046142578} []
[2023-10-30T02:21:03.387684+00:00] log.DEBUG: SHOW TABLE STATUS WHERE Engine = 'MyISAM' AND Name = 'usuarios' {"params":[],"types":[],"executionMS":0.002298116683959961} []
[2023-10-30T02:21:09.030770+00:00] log.DEBUG: SELECT t0.codnum AS codnum_1, t0.usuario AS usuario_2, t0.nombre AS nombre_3, t0.clave AS clave_4, t0.nivel AS nivel_5, t0.activo AS activo_6, t0.email AS email_7, t0.perfil AS perfil_8 FROM usuarios t0 WHERE t0.usuario = ? LIMIT 1 {"params":["RICARDOC"],"types":["string"],"executionMS":0.001352071762084961} []
[2023-10-30T02:21:09.031908+00:00] log.DEBUG: SELECT COUNT(*) FROM userlevels WHERE userlevelid = -2 {"params":[],"types":[],"executionMS":0.0006210803985595703} []
[2023-10-30T02:21:09.032503+00:00] log.DEBUG: SELECT userlevelid, userlevelname FROM userlevels {"params":[],"types":[],"executionMS":0.0004909038543701172} []
[2023-10-30T02:21:09.033154+00:00] log.DEBUG: SELECT COUNT(*) FROM userlevelpermissions WHERE userlevelid = -2 {"params":[],"types":[],"executionMS":0.0005838871002197266} []
[2023-10-30T02:21:09.035035+00:00] log.DEBUG: SELECT tablename, userlevelid, permission FROM userlevelpermissions {"params":[],"types":[],"executionMS":0.0018210411071777344} []
[2023-10-30T02:21:09.285805+00:00] log.DEBUG: SELECT t0.codnum AS codnum_1, t0.usuario AS usuario_2, t0.nombre AS nombre_3, t0.clave AS clave_4, t0.nivel AS nivel_5, t0.activo AS activo_6, t0.email AS email_7, t0.perfil AS perfil_8 FROM usuarios t0 WHERE t0.usuario = ? LIMIT 1 {"params":["Administrator"],"types":["string"],"executionMS":0.0016210079193115234} []
[2023-10-30T02:21:24.961547+00:00] log.DEBUG: SHOW TABLE STATUS WHERE Engine = 'MyISAM' AND Name = 'remates' {"params":[],"types":[],"executionMS":0.0017819404602050781} []
[2023-10-30T02:21:24.966865+00:00] log.DEBUG: SELECT t0.codnum AS codnum_1, t0.usuario AS usuario_2, t0.nombre AS nombre_3, t0.clave AS clave_4, t0.nivel AS nivel_5, t0.activo AS activo_6, t0.email AS email_7, t0.perfil AS perfil_8 FROM usuarios t0 WHERE t0.usuario = ? LIMIT 1 {"params":["Administrator"],"types":["string"],"executionMS":0.0010390281677246094} []
[2023-10-30T02:21:24.969767+00:00] log.DEBUG: SHOW TABLE STATUS WHERE Engine = 'MyISAM' AND Name = 'tipcomp' {"params":[],"types":[],"executionMS":0.0015721321105957031} []
[2023-10-30T02:21:24.971918+00:00] log.DEBUG: SHOW TABLE STATUS WHERE Engine = 'MyISAM' AND Name = 'series' {"params":[],"types":[],"executionMS":0.001486063003540039} []
[2023-10-30T02:21:24.973672+00:00] log.DEBUG: SHOW TABLE STATUS WHERE Engine = 'MyISAM' AND Name = 'entidades' {"params":[],"types":[],"executionMS":0.0010988712310791016} []
[2023-10-30T02:21:24.975684+00:00] log.DEBUG: SHOW TABLE STATUS WHERE Engine = 'MyISAM' AND Name = 'paises' {"params":[],"types":[],"executionMS":0.001138925552368164} []
[2023-10-30T02:21:24.977136+00:00] log.DEBUG: SHOW TABLE STATUS WHERE Engine = 'MyISAM' AND Name = 'provincias' {"params":[],"types":[],"executionMS":0.0010688304901123047} []
[2023-10-30T02:21:24.978779+00:00] log.DEBUG: SHOW TABLE STATUS WHERE Engine = 'MyISAM' AND Name = 'localidades' {"params":[],"types":[],"executionMS":0.001165151596069336} []
[2023-10-30T02:21:24.980376+00:00] log.DEBUG: SELECT COUNT(*) FROM remates {"params":[],"types":[],"executionMS":0.0008640289306640625} []
[2023-10-30T02:21:24.981722+00:00] log.DEBUG: SELECT * FROM remates ORDER BY `ncomp` DESC LIMIT 20 {"params":[],"types":[],"executionMS":0.0010790824890136719} []
[2023-10-30T02:21:24.987340+00:00] log.DEBUG: SHOW TABLE STATUS WHERE Engine = 'MyISAM' AND Name = 'lotes' {"params":[],"types":[],"executionMS":0.0015761852264404297} []
[2023-10-30T02:21:24.989767+00:00] log.DEBUG: SELECT COUNT(*) FROM lotes WHERE `codrem` = NULL {"params":[],"types":[],"executionMS":0.0015919208526611328} []
[2023-10-30T02:21:24.992579+00:00] log.DEBUG: SELECT COUNT(*) FROM lotes WHERE `codrem` = NULL {"params":[],"types":[],"executionMS":0.0016829967498779297} []
[2023-10-30T02:21:24.994966+00:00] log.DEBUG: SELECT `codnum` AS `lf`, `descripcion` AS `df`, '' AS `df2`, '' AS `df3`, '' AS `df4` FROM tipcomp WHERE `codnum` = 4 AND `codnum` = 4 ORDER BY `descripcion` ASC {"params":[],"types":[],"executionMS":0.0011010169982910156} []
[2023-10-30T02:21:24.996090+00:00] log.DEBUG: SELECT `codnum` AS `lf`, `descripcion` AS `df`, '' AS `df2`, '' AS `df3`, '' AS `df4` FROM series WHERE `codnum` = 4 AND `codnum` = 4 ORDER BY `descripcion` ASC {"params":[],"types":[],"executionMS":0.0007050037384033203} []
[2023-10-30T02:21:24.997149+00:00] log.DEBUG: SELECT `codnum` AS `lf`, `razsoc` AS `df`, '' AS `df2`, '' AS `df3`, '' AS `df4` FROM entidades WHERE `codnum` = 940 AND `tipoent` = 1 ORDER BY `razsoc` ASC {"params":[],"types":[],"executionMS":0.0005249977111816406} []
[2023-10-30T02:21:24.998083+00:00] log.DEBUG: SELECT `codnum` AS `lf`, `descripcion` AS `df`, '' AS `df2`, '' AS `df3`, '' AS `df4` FROM paises WHERE `codnum` = 1 ORDER BY `descripcion` ASC {"params":[],"types":[],"executionMS":0.0006208419799804688} []
[2023-10-30T02:21:24.998908+00:00] log.DEBUG: SELECT `codnum` AS `lf`, `descripcion` AS `df`, '' AS `df2`, '' AS `df3`, '' AS `df4` FROM provincias WHERE `codnum` = 2 ORDER BY `descripcion` ASC {"params":[],"types":[],"executionMS":0.0005409717559814453} []
[2023-10-30T02:21:24.999751+00:00] log.DEBUG: SELECT `codnum` AS `lf`, `descripcion` AS `df`, '' AS `df2`, '' AS `df3`, '' AS `df4` FROM localidades WHERE `codnum` = 413 ORDER BY `descripcion` ASC {"params":[],"types":[],"executionMS":0.0005369186401367188} []
[2023-10-30T02:21:25.001936+00:00] log.DEBUG: SELECT COUNT(*) FROM lotes WHERE `codrem` = 192 {"params":[],"types":[],"executionMS":0.0013551712036132812} []
[2023-10-30T02:21:25.003884+00:00] log.DEBUG: SELECT COUNT(*) FROM lotes WHERE `codrem` = 192 {"params":[],"types":[],"executionMS":0.0016338825225830078} []
[2023-10-30T02:21:25.008380+00:00] log.DEBUG: SELECT COUNT(*) FROM lotes WHERE `codrem` = 191 {"params":[],"types":[],"executionMS":0.0020339488983154297} []
[2023-10-30T02:21:25.010237+00:00] log.DEBUG: SELECT COUNT(*) FROM lotes WHERE `codrem` = 191 {"params":[],"types":[],"executionMS":0.0015740394592285156} []
[2023-10-30T02:21:25.014563+00:00] log.DEBUG: SELECT COUNT(*) FROM lotes WHERE `codrem` = 190 {"params":[],"types":[],"executionMS":0.001806020736694336} []
[2023-10-30T02:21:25.016421+00:00] log.DEBUG: SELECT COUNT(*) FROM lotes WHERE `codrem` = 190 {"params":[],"types":[],"executionMS":0.0015568733215332031} []
[2023-10-30T02:21:25.020589+00:00] log.DEBUG: SELECT COUNT(*) FROM lotes WHERE `codrem` = 189 {"params":[],"types":[],"executionMS":0.001580953598022461} []
[2023-10-30T02:21:25.022618+00:00] log.DEBUG: SELECT COUNT(*) FROM lotes WHERE `codrem` = 189 {"params":[],"types":[],"executionMS":0.0017390251159667969} []
[2023-10-30T02:21:25.026335+00:00] log.DEBUG: SELECT COUNT(*) FROM lotes WHERE `codrem` = 188 {"params":[],"types":[],"executionMS":0.0015141963958740234} []
[2023-10-30T02:21:25.028027+00:00] log.DEBUG: SELECT COUNT(*) FROM lotes WHERE `codrem` = 188 {"params":[],"types":[],"executionMS":0.0014297962188720703} []
[2023-10-30T02:21:25.032152+00:00] log.DEBUG: SELECT COUNT(*) FROM lotes WHERE `codrem` = 187 {"params":[],"types":[],"executionMS":0.0015099048614501953} []
[2023-10-30T02:21:25.034043+00:00] log.DEBUG: SELECT COUNT(*) FROM lotes WHERE `codrem` = 187 {"params":[],"types":[],"executionMS":0.0015769004821777344} []
[2023-10-30T02:21:25.037973+00:00] log.DEBUG: SELECT COUNT(*) FROM lotes WHERE `codrem` = 186 {"params":[],"types":[],"executionMS":0.0014870166778564453} []
[2023-10-30T02:21:25.039825+00:00] log.DEBUG: SELECT COUNT(*) FROM lotes WHERE `codrem` = 186 {"params":[],"types":[],"executionMS":0.0015339851379394531} []
[2023-10-30T02:21:25.044046+00:00] log.DEBUG: SELECT COUNT(*) FROM lotes WHERE `codrem` = 185 {"params":[],"types":[],"executionMS":0.0017440319061279297} []
[2023-10-30T02:21:25.046486+00:00] log.DEBUG: SELECT COUNT(*) FROM lotes WHERE `codrem` = 185 {"params":[],"types":[],"executionMS":0.0021419525146484375} []
[2023-10-30T02:21:25.050462+00:00] log.DEBUG: SELECT COUNT(*) FROM lotes WHERE `codrem` = 184 {"params":[],"types":[],"executionMS":0.0017819404602050781} []
[2023-10-30T02:21:25.052371+00:00] log.DEBUG: SELECT COUNT(*) FROM lotes WHERE `codrem` = 184 {"params":[],"types":[],"executionMS":0.0016109943389892578} []
[2023-10-30T02:21:25.056049+00:00] log.DEBUG: SELECT COUNT(*) FROM lotes WHERE `codrem` = 183 {"params":[],"types":[],"executionMS":0.0015120506286621094} []
[2023-10-30T02:21:25.057677+00:00] log.DEBUG: SELECT COUNT(*) FROM lotes WHERE `codrem` = 183 {"params":[],"types":[],"executionMS":0.0013401508331298828} []
[2023-10-30T02:21:25.060020+00:00] log.DEBUG: SELECT `codnum` AS `lf`, `razsoc` AS `df`, '' AS `df2`, '' AS `df3`, '' AS `df4` FROM entidades WHERE `codnum` = 1207 AND `tipoent` = 1 ORDER BY `razsoc` ASC {"params":[],"types":[],"executionMS":0.0005810260772705078} []
[2023-10-30T02:21:25.062974+00:00] log.DEBUG: SELECT COUNT(*) FROM lotes WHERE `codrem` = 182 {"params":[],"types":[],"executionMS":0.0016632080078125} []
[2023-10-30T02:21:25.064927+00:00] log.DEBUG: SELECT COUNT(*) FROM lotes WHERE `codrem` = 182 {"params":[],"types":[],"executionMS":0.001667022705078125} []
[2023-10-30T02:21:25.070141+00:00] log.DEBUG: SELECT COUNT(*) FROM lotes WHERE `codrem` = 181 {"params":[],"types":[],"executionMS":0.001600027084350586} []
[2023-10-30T02:21:25.071788+00:00] log.DEBUG: SELECT COUNT(*) FROM lotes WHERE `codrem` = 181 {"params":[],"types":[],"executionMS":0.0013649463653564453} []
[2023-10-30T02:21:25.075747+00:00] log.DEBUG: SELECT COUNT(*) FROM lotes WHERE `codrem` = 180 {"params":[],"types":[],"executionMS":0.0016880035400390625} []
[2023-10-30T02:21:25.077557+00:00] log.DEBUG: SELECT COUNT(*) FROM lotes WHERE `codrem` = 180 {"params":[],"types":[],"executionMS":0.001500844955444336} []
[2023-10-30T02:21:25.081679+00:00] log.DEBUG: SELECT COUNT(*) FROM lotes WHERE `codrem` = 179 {"params":[],"types":[],"executionMS":0.0016009807586669922} []
[2023-10-30T02:21:25.083564+00:00] log.DEBUG: SELECT COUNT(*) FROM lotes WHERE `codrem` = 179 {"params":[],"types":[],"executionMS":0.0015909671783447266} []
[2023-10-30T02:21:25.087446+00:00] log.DEBUG: SELECT COUNT(*) FROM lotes WHERE `codrem` = 178 {"params":[],"types":[],"executionMS":0.0017840862274169922} []
[2023-10-30T02:21:25.089204+00:00] log.DEBUG: SELECT COUNT(*) FROM lotes WHERE `codrem` = 178 {"params":[],"types":[],"executionMS":0.0014510154724121094} []
[2023-10-30T02:21:25.092905+00:00] log.DEBUG: SELECT COUNT(*) FROM lotes WHERE `codrem` = 177 {"params":[],"types":[],"executionMS":0.001489877700805664} []
[2023-10-30T02:21:25.094696+00:00] log.DEBUG: SELECT COUNT(*) FROM lotes WHERE `codrem` = 177 {"params":[],"types":[],"executionMS":0.0015039443969726562} []
[2023-10-30T02:21:25.096964+00:00] log.DEBUG: SELECT `codnum` AS `lf`, `razsoc` AS `df`, '' AS `df2`, '' AS `df3`, '' AS `df4` FROM entidades WHERE `codnum` = 15946 AND `tipoent` = 1 ORDER BY `razsoc` ASC {"params":[],"types":[],"executionMS":0.0006630420684814453} []
[2023-10-30T02:21:25.100349+00:00] log.DEBUG: SELECT COUNT(*) FROM lotes WHERE `codrem` = 176 {"params":[],"types":[],"executionMS":0.0015549659729003906} []
[2023-10-30T02:21:25.102037+00:00] log.DEBUG: SELECT COUNT(*) FROM lotes WHERE `codrem` = 176 {"params":[],"types":[],"executionMS":0.0013780593872070312} []
[2023-10-30T02:21:25.105515+00:00] log.DEBUG: SELECT COUNT(*) FROM lotes WHERE `codrem` = 175 {"params":[],"types":[],"executionMS":0.0014421939849853516} []
[2023-10-30T02:21:25.107158+00:00] log.DEBUG: SELECT COUNT(*) FROM lotes WHERE `codrem` = 175 {"params":[],"types":[],"executionMS":0.0013530254364013672} []
[2023-10-30T02:21:25.111136+00:00] log.DEBUG: SELECT COUNT(*) FROM lotes WHERE `codrem` = 174 {"params":[],"types":[],"executionMS":0.0016469955444335938} []
[2023-10-30T02:21:25.112743+00:00] log.DEBUG: SELECT COUNT(*) FROM lotes WHERE `codrem` = 174 {"params":[],"types":[],"executionMS":0.0013248920440673828} []
[2023-10-30T02:21:25.117319+00:00] log.DEBUG: SELECT COUNT(*) FROM lotes WHERE `codrem` = 173 {"params":[],"types":[],"executionMS":0.001978158950805664} []
[2023-10-30T02:21:25.118780+00:00] log.DEBUG: SELECT COUNT(*) FROM lotes WHERE `codrem` = 173 {"params":[],"types":[],"executionMS":0.0012078285217285156} []
[2023-10-30T02:21:31.905183+00:00] log.DEBUG: SELECT t0.codnum AS codnum_1, t0.usuario AS usuario_2, t0.nombre AS nombre_3, t0.clave AS clave_4, t0.nivel AS nivel_5, t0.activo AS activo_6, t0.email AS email_7, t0.perfil AS perfil_8 FROM usuarios t0 WHERE t0.usuario = ? LIMIT 1 {"params":["Administrator"],"types":["string"],"executionMS":0.0012328624725341797} []
[2023-10-30T02:21:31.908190+00:00] log.DEBUG: SHOW TABLE STATUS WHERE Engine = 'MyISAM' AND Name = 'dir_remates' {"params":[],"types":[],"executionMS":0.0016260147094726562} []
[2023-10-30T02:21:31.910716+00:00] log.DEBUG: SELECT COUNT(*) FROM lotes WHERE `codrem` = 192 {"params":[],"types":[],"executionMS":0.0018208026885986328} []
[2023-10-30T02:21:31.912646+00:00] log.DEBUG: SELECT COUNT(*) FROM lotes WHERE `codrem` = 192 {"params":[],"types":[],"executionMS":0.0016870498657226562} []
[2023-10-30T02:21:31.917122+00:00] log.DEBUG: SELECT * FROM lotes WHERE `codrem` = 192 LIMIT 10 {"params":[],"types":[],"executionMS":0.004316091537475586} []
[2023-10-30T02:21:39.135813+00:00] log.DEBUG: SELECT t0.codnum AS codnum_1, t0.usuario AS usuario_2, t0.nombre AS nombre_3, t0.clave AS clave_4, t0.nivel AS nivel_5, t0.activo AS activo_6, t0.email AS email_7, t0.perfil AS perfil_8 FROM usuarios t0 WHERE t0.usuario = ? LIMIT 1 {"params":["Administrator"],"types":["string"],"executionMS":0.0010459423065185547} []
[2023-10-30T02:21:39.249324+00:00] log.DEBUG: SELECT COUNT(*) FROM userlevels WHERE userlevelid = -2 {"params":[],"types":[],"executionMS":0.0007159709930419922} []
[2023-10-30T02:21:39.250033+00:00] log.DEBUG: SELECT userlevelid, userlevelname FROM userlevels {"params":[],"types":[],"executionMS":0.0005087852478027344} []
[2023-10-30T02:21:39.250819+00:00] log.DEBUG: SELECT COUNT(*) FROM userlevelpermissions WHERE userlevelid = -2 {"params":[],"types":[],"executionMS":0.0006480216979980469} []
[2023-10-30T02:21:39.251599+00:00] log.DEBUG: SELECT tablename, userlevelid, permission FROM userlevelpermissions WHERE userlevelid IN (-2) {"params":[],"types":[],"executionMS":0.0006389617919921875} []
[2023-10-30T02:21:39.253773+00:00] log.DEBUG: SHOW TABLE STATUS WHERE Engine = 'MyISAM' AND Name = 'usuarios' {"params":[],"types":[],"executionMS":0.0014770030975341797} []
[2023-10-30T02:21:55.489796+00:00] log.DEBUG: SELECT t0.codnum AS codnum_1, t0.usuario AS usuario_2, t0.nombre AS nombre_3, t0.clave AS clave_4, t0.nivel AS nivel_5, t0.activo AS activo_6, t0.email AS email_7, t0.perfil AS perfil_8 FROM usuarios t0 WHERE t0.usuario = ? LIMIT 1 {"params":["carolina"],"types":["string"],"executionMS":0.0015740394592285156} []
[2023-10-30T02:21:55.491019+00:00] log.DEBUG: SELECT t0.codnum AS codnum_1, t0.usuario AS usuario_2, t0.nombre AS nombre_3, t0.clave AS clave_4, t0.nivel AS nivel_5, t0.activo AS activo_6, t0.email AS email_7, t0.perfil AS perfil_8 FROM usuarios t0 WHERE t0.usuario = ? AND t0.activo = ? LIMIT 1 {"params":["carolina","1"],"types":["string","boolean"],"executionMS":0.0007290840148925781} []
[2023-10-30T02:21:55.491727+00:00] log.DEBUG: "START TRANSACTION" {"params":null,"types":null,"executionMS":0.00018596649169921875} []
[2023-10-30T02:21:55.492342+00:00] log.DEBUG: UPDATE usuarios SET perfil = ? WHERE codnum = ? {"params":["{\"LoginRetryCount\":0,\"LastBadLoginDateTime\":\"\",\"LastPasswordChangedDate\":\"2023\\/10\\/24\",\"codnum\":53,\"usuario\":\"carolina\",\"nombre\":\"Carolina Polito\",\"nivel\":-1,\"email\":\"\",\"perfil\":\"{\\\"LoginRetryCount\\\":0,\\\"LastBadLoginDateTime\\\":\\\"2023\\\\\\/10\\\\\\/24 17:34:36\\\",\\\"LastPasswordChangedDate\\\":\\\"2023\\\\\\/10\\\\\\/24\\\",\\\"codnum\\\":53,\\\"usuario\\\":\\\"carolina\\\",\\\"nombre\\\":\\\"Carolina Polito\\\",\\\"nivel\\\":2,\\\"email\\\":\\\"\\\",\\\"perfil\\\":\\\"{\\\\\\\"LoginRetryCount\\\\\\\":0,\\\\\\\"LastBadLoginDateTime\\\\\\\":\\\\\\\"2023\\\\\\\\\\\\\\/10\\\\\\\\\\\\\\/24 12:39:40\\\\\\\",\\\\\\\"LastPasswordChangedDate\\\\\\\":\\\\\\\"2023\\\\\\\\\\\\\\/10\\\\\\\\\\\\\\/24\\\\\\\"}\\\",\\\"activo\\\":1}\",\"activo\":1}",53],"types":["text","integer"],"executionMS":0.0005259513854980469} []
[2023-10-30T02:21:55.507998+00:00] log.DEBUG: "COMMIT" {"params":null,"types":null,"executionMS":0.015552043914794922} []
[2023-10-30T02:21:55.509086+00:00] log.DEBUG: SELECT COUNT(*) FROM userlevels WHERE userlevelid = -2 {"params":[],"types":[],"executionMS":0.0007619857788085938} []
[2023-10-30T02:21:55.509730+00:00] log.DEBUG: SELECT userlevelid, userlevelname FROM userlevels {"params":[],"types":[],"executionMS":0.0005409717559814453} []
[2023-10-30T02:21:55.510471+00:00] log.DEBUG: SELECT COUNT(*) FROM userlevelpermissions WHERE userlevelid = -2 {"params":[],"types":[],"executionMS":0.0006670951843261719} []
[2023-10-30T02:21:55.511448+00:00] log.DEBUG: SELECT tablename, userlevelid, permission FROM userlevelpermissions WHERE userlevelid IN (3) {"params":[],"types":[],"executionMS":0.00084686279296875} []
[2023-10-30T02:21:55.839691+00:00] log.DEBUG: SELECT t0.codnum AS codnum_1, t0.usuario AS usuario_2, t0.nombre AS nombre_3, t0.clave AS clave_4, t0.nivel AS nivel_5, t0.activo AS activo_6, t0.email AS email_7, t0.perfil AS perfil_8 FROM usuarios t0 WHERE t0.usuario = ? LIMIT 1 {"params":["carolina"],"types":["string"],"executionMS":0.0014109611511230469} []
[2023-10-30T02:22:09.567843+00:00] log.DEBUG: SHOW TABLE STATUS WHERE Engine = 'MyISAM' AND Name = 'remates' {"params":[],"types":[],"executionMS":0.0020101070404052734} []
[2023-10-30T02:22:09.572946+00:00] log.DEBUG: SELECT t0.codnum AS codnum_1, t0.usuario AS usuario_2, t0.nombre AS nombre_3, t0.clave AS clave_4, t0.nivel AS nivel_5, t0.activo AS activo_6, t0.email AS email_7, t0.perfil AS perfil_8 FROM usuarios t0 WHERE t0.usuario = ? LIMIT 1 {"params":["carolina"],"types":["string"],"executionMS":0.0010509490966796875} []
[2023-10-30T02:22:09.575563+00:00] log.DEBUG: SHOW TABLE STATUS WHERE Engine = 'MyISAM' AND Name = 'tipcomp' {"params":[],"types":[],"executionMS":0.001222848892211914} []
[2023-10-30T02:22:09.577255+00:00] log.DEBUG: SHOW TABLE STATUS WHERE Engine = 'MyISAM' AND Name = 'series' {"params":[],"types":[],"executionMS":0.0010449886322021484} []
[2023-10-30T02:22:09.578776+00:00] log.DEBUG: SHOW TABLE STATUS WHERE Engine = 'MyISAM' AND Name = 'entidades' {"params":[],"types":[],"executionMS":0.0010609626770019531} []
[2023-10-30T02:22:09.580630+00:00] log.DEBUG: SHOW TABLE STATUS WHERE Engine = 'MyISAM' AND Name = 'paises' {"params":[],"types":[],"executionMS":0.0011248588562011719} []
[2023-10-30T02:22:09.582035+00:00] log.DEBUG: SHOW TABLE STATUS WHERE Engine = 'MyISAM' AND Name = 'provincias' {"params":[],"types":[],"executionMS":0.0010898113250732422} []
[2023-10-30T02:22:09.583603+00:00] log.DEBUG: SHOW TABLE STATUS WHERE Engine = 'MyISAM' AND Name = 'localidades' {"params":[],"types":[],"executionMS":0.0012040138244628906} []
[2023-10-30T02:22:09.585311+00:00] log.DEBUG: SELECT COUNT(*) FROM remates {"params":[],"types":[],"executionMS":0.0010399818420410156} []
[2023-10-30T02:22:09.587130+00:00] log.DEBUG: SELECT * FROM remates ORDER BY `ncomp` DESC LIMIT 20 {"params":[],"types":[],"executionMS":0.0016241073608398438} []
[2023-10-30T02:22:09.592494+00:00] log.DEBUG: SHOW TABLE STATUS WHERE Engine = 'MyISAM' AND Name = 'lotes' {"params":[],"types":[],"executionMS":0.001435995101928711} []
[2023-10-30T02:22:09.594783+00:00] log.DEBUG: SELECT COUNT(*) FROM lotes WHERE `codrem` = NULL {"params":[],"types":[],"executionMS":0.0016210079193115234} []
[2023-10-30T02:22:09.597540+00:00] log.DEBUG: SELECT COUNT(*) FROM lotes WHERE `codrem` = NULL {"params":[],"types":[],"executionMS":0.0016160011291503906} []
[2023-10-30T02:22:09.599502+00:00] log.DEBUG: SELECT `codnum` AS `lf`, `descripcion` AS `df`, '' AS `df2`, '' AS `df3`, '' AS `df4` FROM tipcomp WHERE `codnum` = 4 AND `codnum` = 4 ORDER BY `descripcion` ASC {"params":[],"types":[],"executionMS":0.0007290840148925781} []
[2023-10-30T02:22:09.601101+00:00] log.DEBUG: SELECT `codnum` AS `lf`, `descripcion` AS `df`, '' AS `df2`, '' AS `df3`, '' AS `df4` FROM series WHERE `codnum` = 4 AND `codnum` = 4 ORDER BY `descripcion` ASC {"params":[],"types":[],"executionMS":0.0012390613555908203} []
[2023-10-30T02:22:09.602052+00:00] log.DEBUG: SELECT `codnum` AS `lf`, `razsoc` AS `df`, '' AS `df2`, '' AS `df3`, '' AS `df4` FROM entidades WHERE `codnum` = 940 AND `tipoent` = 1 ORDER BY `razsoc` ASC {"params":[],"types":[],"executionMS":0.0005960464477539062} []
[2023-10-30T02:22:09.602807+00:00] log.DEBUG: SELECT `codnum` AS `lf`, `descripcion` AS `df`, '' AS `df2`, '' AS `df3`, '' AS `df4` FROM paises WHERE `codnum` = 1 ORDER BY `descripcion` ASC {"params":[],"types":[],"executionMS":0.00047397613525390625} []
[2023-10-30T02:22:09.605286+00:00] log.DEBUG: SELECT `codnum` AS `lf`, `descripcion` AS `df`, '' AS `df2`, '' AS `df3`, '' AS `df4` FROM provincias WHERE `codnum` = 2 ORDER BY `descripcion` ASC {"params":[],"types":[],"executionMS":0.0022640228271484375} []
[2023-10-30T02:22:09.605977+00:00] log.DEBUG: SELECT `codnum` AS `lf`, `descripcion` AS `df`, '' AS `df2`, '' AS `df3`, '' AS `df4` FROM localidades WHERE `codnum` = 413 ORDER BY `descripcion` ASC {"params":[],"types":[],"executionMS":0.0004858970642089844} []
[2023-10-30T02:22:09.608126+00:00] log.DEBUG: SELECT COUNT(*) FROM lotes WHERE `codrem` = 192 {"params":[],"types":[],"executionMS":0.001363992691040039} []
[2023-10-30T02:22:09.610002+00:00] log.DEBUG: SELECT COUNT(*) FROM lotes WHERE `codrem` = 192 {"params":[],"types":[],"executionMS":0.0015380382537841797} []
[2023-10-30T02:22:09.614732+00:00] log.DEBUG: SELECT COUNT(*) FROM lotes WHERE `codrem` = 191 {"params":[],"types":[],"executionMS":0.002315044403076172} []
[2023-10-30T02:22:09.616627+00:00] log.DEBUG: SELECT COUNT(*) FROM lotes WHERE `codrem` = 191 {"params":[],"types":[],"executionMS":0.0015380382537841797} []
[2023-10-30T02:22:09.620657+00:00] log.DEBUG: SELECT COUNT(*) FROM lotes WHERE `codrem` = 190 {"params":[],"types":[],"executionMS":0.0018620491027832031} []
[2023-10-30T02:22:09.622463+00:00] log.DEBUG: SELECT COUNT(*) FROM lotes WHERE `codrem` = 190 {"params":[],"types":[],"executionMS":0.0014748573303222656} []
[2023-10-30T02:22:09.626368+00:00] log.DEBUG: SELECT COUNT(*) FROM lotes WHERE `codrem` = 189 {"params":[],"types":[],"executionMS":0.0016410350799560547} []
[2023-10-30T02:22:09.628095+00:00] log.DEBUG: SELECT COUNT(*) FROM lotes WHERE `codrem` = 189 {"params":[],"types":[],"executionMS":0.0013949871063232422} []
[2023-10-30T02:22:09.631863+00:00] log.DEBUG: SELECT COUNT(*) FROM lotes WHERE `codrem` = 188 {"params":[],"types":[],"executionMS":0.0015490055084228516} []
[2023-10-30T02:22:09.633767+00:00] log.DEBUG: SELECT COUNT(*) FROM lotes WHERE `codrem` = 188 {"params":[],"types":[],"executionMS":0.0015518665313720703} []
[2023-10-30T02:22:09.638279+00:00] log.DEBUG: SELECT COUNT(*) FROM lotes WHERE `codrem` = 187 {"params":[],"types":[],"executionMS":0.0020678043365478516} []
[2023-10-30T02:22:09.640064+00:00] log.DEBUG: SELECT COUNT(*) FROM lotes WHERE `codrem` = 187 {"params":[],"types":[],"executionMS":0.0013930797576904297} []
[2023-10-30T02:22:09.644308+00:00] log.DEBUG: SELECT COUNT(*) FROM lotes WHERE `codrem` = 186 {"params":[],"types":[],"executionMS":0.00197601318359375} []
[2023-10-30T02:22:09.646251+00:00] log.DEBUG: SELECT COUNT(*) FROM lotes WHERE `codrem` = 186 {"params":[],"types":[],"executionMS":0.001544952392578125} []
[2023-10-30T02:22:09.650277+00:00] log.DEBUG: SELECT COUNT(*) FROM lotes WHERE `codrem` = 185 {"params":[],"types":[],"executionMS":0.0018301010131835938} []
[2023-10-30T02:22:09.652191+00:00] log.DEBUG: SELECT COUNT(*) FROM lotes WHERE `codrem` = 185 {"params":[],"types":[],"executionMS":0.0014758110046386719} []
[2023-10-30T02:22:09.656093+00:00] log.DEBUG: SELECT COUNT(*) FROM lotes WHERE `codrem` = 184 {"params":[],"types":[],"executionMS":0.0015790462493896484} []
[2023-10-30T02:22:09.658140+00:00] log.DEBUG: SELECT COUNT(*) FROM lotes WHERE `codrem` = 184 {"params":[],"types":[],"executionMS":0.0016810894012451172} []
[2023-10-30T02:22:09.662149+00:00] log.DEBUG: SELECT COUNT(*) FROM lotes WHERE `codrem` = 183 {"params":[],"types":[],"executionMS":0.001725912094116211} []
[2023-10-30T02:22:09.664232+00:00] log.DEBUG: SELECT COUNT(*) FROM lotes WHERE `codrem` = 183 {"params":[],"types":[],"executionMS":0.0016889572143554688} []
[2023-10-30T02:22:09.666410+00:00] log.DEBUG: SELECT `codnum` AS `lf`, `razsoc` AS `df`, '' AS `df2`, '' AS `df3`, '' AS `df4` FROM entidades WHERE `codnum` = 1207 AND `tipoent` = 1 ORDER BY `razsoc` ASC {"params":[],"types":[],"executionMS":0.000701904296875} []
[2023-10-30T02:22:09.669794+00:00] log.DEBUG: SELECT COUNT(*) FROM lotes WHERE `codrem` = 182 {"params":[],"types":[],"executionMS":0.0021409988403320312} []
[2023-10-30T02:22:09.671792+00:00] log.DEBUG: SELECT COUNT(*) FROM lotes WHERE `codrem` = 182 {"params":[],"types":[],"executionMS":0.0015819072723388672} []
[2023-10-30T02:22:09.675649+00:00] log.DEBUG: SELECT COUNT(*) FROM lotes WHERE `codrem` = 181 {"params":[],"types":[],"executionMS":0.0015659332275390625} []
[2023-10-30T02:22:09.677777+00:00] log.DEBUG: SELECT COUNT(*) FROM lotes WHERE `codrem` = 181 {"params":[],"types":[],"executionMS":0.0017328262329101562} []
[2023-10-30T02:22:09.682299+00:00] log.DEBUG: SELECT COUNT(*) FROM lotes WHERE `codrem` = 180 {"params":[],"types":[],"executionMS":0.0024290084838867188} []
[2023-10-30T02:22:09.684446+00:00] log.DEBUG: SELECT COUNT(*) FROM lotes WHERE `codrem` = 180 {"params":[],"types":[],"executionMS":0.0017549991607666016} []
[2023-10-30T02:22:09.688683+00:00] log.DEBUG: SELECT COUNT(*) FROM lotes WHERE `codrem` = 179 {"params":[],"types":[],"executionMS":0.0019669532775878906} []
[2023-10-30T02:22:09.690945+00:00] log.DEBUG: SELECT COUNT(*) FROM lotes WHERE `codrem` = 179 {"params":[],"types":[],"executionMS":0.0018911361694335938} []
[2023-10-30T02:22:09.695076+00:00] log.DEBUG: SELECT COUNT(*) FROM lotes WHERE `codrem` = 178 {"params":[],"types":[],"executionMS":0.0018818378448486328} []
[2023-10-30T02:22:09.697209+00:00] log.DEBUG: SELECT COUNT(*) FROM lotes WHERE `codrem` = 178 {"params":[],"types":[],"executionMS":0.0017261505126953125} []
[2023-10-30T02:22:09.701293+00:00] log.DEBUG: SELECT COUNT(*) FROM lotes WHERE `codrem` = 177 {"params":[],"types":[],"executionMS":0.0018699169158935547} []
[2023-10-30T02:22:09.703264+00:00] log.DEBUG: SELECT COUNT(*) FROM lotes WHERE `codrem` = 177 {"params":[],"types":[],"executionMS":0.0015749931335449219} []
[2023-10-30T02:22:09.705491+00:00] log.DEBUG: SELECT `codnum` AS `lf`, `razsoc` AS `df`, '' AS `df2`, '' AS `df3`, '' AS `df4` FROM entidades WHERE `codnum` = 15946 AND `tipoent` = 1 ORDER BY `razsoc` ASC {"params":[],"types":[],"executionMS":0.0006561279296875} []
[2023-10-30T02:22:09.709023+00:00] log.DEBUG: SELECT COUNT(*) FROM lotes WHERE `codrem` = 176 {"params":[],"types":[],"executionMS":0.0018010139465332031} []
[2023-10-30T02:22:09.711067+00:00] log.DEBUG: SELECT COUNT(*) FROM lotes WHERE `codrem` = 176 {"params":[],"types":[],"executionMS":0.00167083740234375} []
[2023-10-30T02:22:09.715409+00:00] log.DEBUG: SELECT COUNT(*) FROM lotes WHERE `codrem` = 175 {"params":[],"types":[],"executionMS":0.0020589828491210938} []
[2023-10-30T02:22:09.718653+00:00] log.DEBUG: SELECT COUNT(*) FROM lotes WHERE `codrem` = 175 {"params":[],"types":[],"executionMS":0.002846956253051758} []
[2023-10-30T02:22:09.722696+00:00] log.DEBUG: SELECT COUNT(*) FROM lotes WHERE `codrem` = 174 {"params":[],"types":[],"executionMS":0.0018200874328613281} []
[2023-10-30T02:22:09.725063+00:00] log.DEBUG: SELECT COUNT(*) FROM lotes WHERE `codrem` = 174 {"params":[],"types":[],"executionMS":0.0019500255584716797} []
[2023-10-30T02:22:09.729354+00:00] log.DEBUG: SELECT COUNT(*) FROM lotes WHERE `codrem` = 173 {"params":[],"types":[],"executionMS":0.001775979995727539} []
[2023-10-30T02:22:09.731412+00:00] log.DEBUG: SELECT COUNT(*) FROM lotes WHERE `codrem` = 173 {"params":[],"types":[],"executionMS":0.0015921592712402344} []
[2023-10-30T02:22:29.914227+00:00] log.DEBUG: SELECT t0.codnum AS codnum_1, t0.usuario AS usuario_2, t0.nombre AS nombre_3, t0.clave AS clave_4, t0.nivel AS nivel_5, t0.activo AS activo_6, t0.email AS email_7, t0.perfil AS perfil_8 FROM usuarios t0 WHERE t0.usuario = ? LIMIT 1 {"params":["carolina"],"types":["string"],"executionMS":0.001741170883178711} []
[2023-10-30T02:35:09.907315+00:00] log.DEBUG: SELECT COUNT(*) FROM userlevels WHERE userlevelid = -2 {"params":[],"types":[],"executionMS":0.0010428428649902344} []
[2023-10-30T02:35:09.908586+00:00] log.DEBUG: SELECT userlevelid, userlevelname FROM userlevels {"params":[],"types":[],"executionMS":0.0009119510650634766} []
[2023-10-30T02:35:09.909521+00:00] log.DEBUG: SELECT COUNT(*) FROM userlevelpermissions WHERE userlevelid = -2 {"params":[],"types":[],"executionMS":0.0007598400115966797} []
[2023-10-30T02:35:09.910616+00:00] log.DEBUG: SELECT tablename, userlevelid, permission FROM userlevelpermissions WHERE userlevelid IN (-2) {"params":[],"types":[],"executionMS":0.0008549690246582031} []
[2023-10-30T02:35:10.010619+00:00] log.DEBUG: SHOW TABLE STATUS WHERE Engine = 'MyISAM' AND Name = 'usuarios' {"params":[],"types":[],"executionMS":0.002490997314453125} []
[2023-10-30T02:35:14.353883+00:00] log.DEBUG: SELECT t0.codnum AS codnum_1, t0.usuario AS usuario_2, t0.nombre AS nombre_3, t0.clave AS clave_4, t0.nivel AS nivel_5, t0.activo AS activo_6, t0.email AS email_7, t0.perfil AS perfil_8 FROM usuarios t0 WHERE t0.usuario = ? LIMIT 1 {"params":["RICARDOC"],"types":["string"],"executionMS":0.0012140274047851562} []
[2023-10-30T02:35:14.355268+00:00] log.DEBUG: SELECT COUNT(*) FROM userlevels WHERE userlevelid = -2 {"params":[],"types":[],"executionMS":0.00086212158203125} []
[2023-10-30T02:35:14.356095+00:00] log.DEBUG: SELECT userlevelid, userlevelname FROM userlevels {"params":[],"types":[],"executionMS":0.0007200241088867188} []
[2023-10-30T02:35:14.356862+00:00] log.DEBUG: SELECT COUNT(*) FROM userlevelpermissions WHERE userlevelid = -2 {"params":[],"types":[],"executionMS":0.0006971359252929688} []
[2023-10-30T02:35:14.358931+00:00] log.DEBUG: SELECT tablename, userlevelid, permission FROM userlevelpermissions {"params":[],"types":[],"executionMS":0.002003908157348633} []
[2023-10-30T02:35:14.600771+00:00] log.DEBUG: SELECT t0.codnum AS codnum_1, t0.usuario AS usuario_2, t0.nombre AS nombre_3, t0.clave AS clave_4, t0.nivel AS nivel_5, t0.activo AS activo_6, t0.email AS email_7, t0.perfil AS perfil_8 FROM usuarios t0 WHERE t0.usuario = ? LIMIT 1 {"params":["Administrator"],"types":["string"],"executionMS":0.0014660358428955078} []
[2023-10-30T02:35:30.206983+00:00] log.DEBUG: SELECT t0.codnum AS codnum_1, t0.usuario AS usuario_2, t0.nombre AS nombre_3, t0.clave AS clave_4, t0.nivel AS nivel_5, t0.activo AS activo_6, t0.email AS email_7, t0.perfil AS perfil_8 FROM usuarios t0 WHERE t0.usuario = ? LIMIT 1 {"params":["Administrator"],"types":["string"],"executionMS":0.0011680126190185547} []
[2023-10-30T02:35:30.213226+00:00] log.DEBUG: SHOW TABLE STATUS WHERE Engine = 'MyISAM' AND Name = 'userlevels' {"params":[],"types":[],"executionMS":0.0016210079193115234} []
[2023-10-30T02:35:30.215205+00:00] log.DEBUG: SELECT COUNT(*) FROM usuarios {"params":[],"types":[],"executionMS":0.0010118484497070312} []
[2023-10-30T02:35:30.215954+00:00] log.DEBUG: SELECT * FROM usuarios LIMIT 20 {"params":[],"types":[],"executionMS":0.0005638599395751953} []
[2023-10-30T02:35:30.223907+00:00] log.DEBUG: SELECT `userlevelid` AS `lf`, `userlevelname` AS `df`, '' AS `df2`, '' AS `df3`, '' AS `df4` FROM userlevels WHERE `userlevelid` = NULL {"params":[],"types":[],"executionMS":0.0008549690246582031} []
[2023-10-30T02:35:30.225043+00:00] log.DEBUG: SELECT `userlevelid` AS `lf`, `userlevelname` AS `df`, '' AS `df2`, '' AS `df3`, '' AS `df4` FROM userlevels WHERE `userlevelid` = -1 {"params":[],"types":[],"executionMS":0.000865936279296875} []
[2023-10-30T02:35:30.227813+00:00] log.DEBUG: SELECT `userlevelid` AS `lf`, `userlevelname` AS `df`, '' AS `df2`, '' AS `df3`, '' AS `df4` FROM userlevels WHERE `userlevelid` = 2 {"params":[],"types":[],"executionMS":0.0009419918060302734} []
[2023-10-30T02:35:30.235414+00:00] log.DEBUG: SELECT `userlevelid` AS `lf`, `userlevelname` AS `df`, '' AS `df2`, '' AS `df3`, '' AS `df4` FROM userlevels WHERE `userlevelid` = 0 {"params":[],"types":[],"executionMS":0.0006740093231201172} []
[2023-10-30T02:35:30.239528+00:00] log.DEBUG: SELECT `userlevelid` AS `lf`, `userlevelname` AS `df`, '' AS `df2`, '' AS `df3`, '' AS `df4` FROM userlevels WHERE `userlevelid` = 3 {"params":[],"types":[],"executionMS":0.0008058547973632812} []
[2023-10-30T02:35:39.176540+00:00] log.DEBUG: SELECT t0.codnum AS codnum_1, t0.usuario AS usuario_2, t0.nombre AS nombre_3, t0.clave AS clave_4, t0.nivel AS nivel_5, t0.activo AS activo_6, t0.email AS email_7, t0.perfil AS perfil_8 FROM usuarios t0 WHERE t0.usuario = ? LIMIT 1 {"params":["Administrator"],"types":["string"],"executionMS":0.0016219615936279297} []
[2023-10-30T02:35:39.178893+00:00] log.DEBUG: SELECT COUNT(*) FROM userlevels {"params":[],"types":[],"executionMS":0.0010170936584472656} []
[2023-10-30T02:35:39.179705+00:00] log.DEBUG: SELECT * FROM userlevels ORDER BY userlevelid  LIMIT 20 {"params":[],"types":[],"executionMS":0.0006020069122314453} []
[2023-10-30T02:35:46.274060+00:00] log.DEBUG: SELECT t0.codnum AS codnum_1, t0.usuario AS usuario_2, t0.nombre AS nombre_3, t0.clave AS clave_4, t0.nivel AS nivel_5, t0.activo AS activo_6, t0.email AS email_7, t0.perfil AS perfil_8 FROM usuarios t0 WHERE t0.usuario = ? LIMIT 1 {"params":["Administrator"],"types":["string"],"executionMS":0.0013179779052734375} []
[2023-10-30T02:35:46.275179+00:00] log.DEBUG: SELECT COUNT(*) FROM userlevels WHERE userlevelid = -2 {"params":[],"types":[],"executionMS":0.0005249977111816406} []
[2023-10-30T02:35:46.275720+00:00] log.DEBUG: SELECT userlevelid, userlevelname FROM userlevels {"params":[],"types":[],"executionMS":0.0004360675811767578} []
[2023-10-30T02:35:46.277886+00:00] log.DEBUG: SELECT COUNT(*) FROM userlevelpermissions WHERE userlevelid = -2 {"params":[],"types":[],"executionMS":0.0020990371704101562} []
[2023-10-30T02:35:46.279332+00:00] log.DEBUG: SELECT tablename, userlevelid, permission FROM userlevelpermissions {"params":[],"types":[],"executionMS":0.0013799667358398438} []
[2023-10-30T02:35:58.333149+00:00] log.DEBUG: SELECT t0.codnum AS codnum_1, t0.usuario AS usuario_2, t0.nombre AS nombre_3, t0.clave AS clave_4, t0.nivel AS nivel_5, t0.activo AS activo_6, t0.email AS email_7, t0.perfil AS perfil_8 FROM usuarios t0 WHERE t0.usuario = ? LIMIT 1 {"params":["Administrator"],"types":["string"],"executionMS":0.0013380050659179688} []
[2023-10-30T02:36:02.595441+00:00] log.DEBUG: SHOW TABLE STATUS WHERE Engine = 'MyISAM' AND Name = 'remates' {"params":[],"types":[],"executionMS":0.0028901100158691406} []
[2023-10-30T02:36:02.600244+00:00] log.DEBUG: SELECT t0.codnum AS codnum_1, t0.usuario AS usuario_2, t0.nombre AS nombre_3, t0.clave AS clave_4, t0.nivel AS nivel_5, t0.activo AS activo_6, t0.email AS email_7, t0.perfil AS perfil_8 FROM usuarios t0 WHERE t0.usuario = ? LIMIT 1 {"params":["Administrator"],"types":["string"],"executionMS":0.0008389949798583984} []
[2023-10-30T02:36:02.602678+00:00] log.DEBUG: SHOW TABLE STATUS WHERE Engine = 'MyISAM' AND Name = 'tipcomp' {"params":[],"types":[],"executionMS":0.0012679100036621094} []
[2023-10-30T02:36:02.604547+00:00] log.DEBUG: SHOW TABLE STATUS WHERE Engine = 'MyISAM' AND Name = 'series' {"params":[],"types":[],"executionMS":0.0012900829315185547} []
[2023-10-30T02:36:02.606278+00:00] log.DEBUG: SHOW TABLE STATUS WHERE Engine = 'MyISAM' AND Name = 'entidades' {"params":[],"types":[],"executionMS":0.001233816146850586} []
[2023-10-30T02:36:02.608707+00:00] log.DEBUG: SHOW TABLE STATUS WHERE Engine = 'MyISAM' AND Name = 'paises' {"params":[],"types":[],"executionMS":0.001634836196899414} []
[2023-10-30T02:36:02.610193+00:00] log.DEBUG: SHOW TABLE STATUS WHERE Engine = 'MyISAM' AND Name = 'provincias' {"params":[],"types":[],"executionMS":0.0011661052703857422} []
[2023-10-30T02:36:02.611825+00:00] log.DEBUG: SHOW TABLE STATUS WHERE Engine = 'MyISAM' AND Name = 'localidades' {"params":[],"types":[],"executionMS":0.0012629032135009766} []
[2023-10-30T02:36:02.613742+00:00] log.DEBUG: SELECT COUNT(*) FROM remates {"params":[],"types":[],"executionMS":0.0012938976287841797} []
[2023-10-30T02:36:02.615133+00:00] log.DEBUG: SELECT * FROM remates ORDER BY `ncomp` DESC LIMIT 20 {"params":[],"types":[],"executionMS":0.0011868476867675781} []
[2023-10-30T02:36:02.620446+00:00] log.DEBUG: SHOW TABLE STATUS WHERE Engine = 'MyISAM' AND Name = 'lotes' {"params":[],"types":[],"executionMS":0.0015900135040283203} []
[2023-10-30T02:36:02.622832+00:00] log.DEBUG: SELECT COUNT(*) FROM lotes WHERE `codrem` = NULL {"params":[],"types":[],"executionMS":0.0017268657684326172} []
[2023-10-30T02:36:02.625460+00:00] log.DEBUG: SELECT COUNT(*) FROM lotes WHERE `codrem` = NULL {"params":[],"types":[],"executionMS":0.00162506103515625} []
[2023-10-30T02:36:02.627233+00:00] log.DEBUG: SELECT `codnum` AS `lf`, `descripcion` AS `df`, '' AS `df2`, '' AS `df3`, '' AS `df4` FROM tipcomp WHERE `codnum` = 4 AND `codnum` = 4 ORDER BY `descripcion` ASC {"params":[],"types":[],"executionMS":0.0005581378936767578} []
[2023-10-30T02:36:02.628208+00:00] log.DEBUG: SELECT `codnum` AS `lf`, `descripcion` AS `df`, '' AS `df2`, '' AS `df3`, '' AS `df4` FROM series WHERE `codnum` = 4 AND `codnum` = 4 ORDER BY `descripcion` ASC {"params":[],"types":[],"executionMS":0.0006339550018310547} []
[2023-10-30T02:36:02.629128+00:00] log.DEBUG: SELECT `codnum` AS `lf`, `razsoc` AS `df`, '' AS `df2`, '' AS `df3`, '' AS `df4` FROM entidades WHERE `codnum` = 940 AND `tipoent` = 1 ORDER BY `razsoc` ASC {"params":[],"types":[],"executionMS":0.0005440711975097656} []
[2023-10-30T02:36:02.630016+00:00] log.DEBUG: SELECT `codnum` AS `lf`, `descripcion` AS `df`, '' AS `df2`, '' AS `df3`, '' AS `df4` FROM paises WHERE `codnum` = 1 ORDER BY `descripcion` ASC {"params":[],"types":[],"executionMS":0.0006270408630371094} []
[2023-10-30T02:36:02.630991+00:00] log.DEBUG: SELECT `codnum` AS `lf`, `descripcion` AS `df`, '' AS `df2`, '' AS `df3`, '' AS `df4` FROM provincias WHERE `codnum` = 2 ORDER BY `descripcion` ASC {"params":[],"types":[],"executionMS":0.0007269382476806641} []
[2023-10-30T02:36:02.631684+00:00] log.DEBUG: SELECT `codnum` AS `lf`, `descripcion` AS `df`, '' AS `df2`, '' AS `df3`, '' AS `df4` FROM localidades WHERE `codnum` = 413 ORDER BY `descripcion` ASC {"params":[],"types":[],"executionMS":0.0004830360412597656} []
[2023-10-30T02:36:02.634013+00:00] log.DEBUG: SELECT COUNT(*) FROM lotes WHERE `codrem` = 192 {"params":[],"types":[],"executionMS":0.001603841781616211} []
[2023-10-30T02:36:02.635746+00:00] log.DEBUG: SELECT COUNT(*) FROM lotes WHERE `codrem` = 192 {"params":[],"types":[],"executionMS":0.0014290809631347656} []
[2023-10-30T02:36:02.639939+00:00] log.DEBUG: SELECT COUNT(*) FROM lotes WHERE `codrem` = 191 {"params":[],"types":[],"executionMS":0.0016889572143554688} []
[2023-10-30T02:36:02.641857+00:00] log.DEBUG: SELECT COUNT(*) FROM lotes WHERE `codrem` = 191 {"params":[],"types":[],"executionMS":0.0016448497772216797} []
[2023-10-30T02:36:02.646122+00:00] log.DEBUG: SELECT COUNT(*) FROM lotes WHERE `codrem` = 190 {"params":[],"types":[],"executionMS":0.0017440319061279297} []
[2023-10-30T02:36:02.648967+00:00] log.DEBUG: SELECT COUNT(*) FROM lotes WHERE `codrem` = 190 {"params":[],"types":[],"executionMS":0.002599000930786133} []
[2023-10-30T02:36:02.653167+00:00] log.DEBUG: SELECT COUNT(*) FROM lotes WHERE `codrem` = 189 {"params":[],"types":[],"executionMS":0.0016510486602783203} []
[2023-10-30T02:36:02.654979+00:00] log.DEBUG: SELECT COUNT(*) FROM lotes WHERE `codrem` = 189 {"params":[],"types":[],"executionMS":0.0015268325805664062} []
[2023-10-30T02:36:02.659255+00:00] log.DEBUG: SELECT COUNT(*) FROM lotes WHERE `codrem` = 188 {"params":[],"types":[],"executionMS":0.0018270015716552734} []
[2023-10-30T02:36:02.661033+00:00] log.DEBUG: SELECT COUNT(*) FROM lotes WHERE `codrem` = 188 {"params":[],"types":[],"executionMS":0.0014929771423339844} []
[2023-10-30T02:36:02.665266+00:00] log.DEBUG: SELECT COUNT(*) FROM lotes WHERE `codrem` = 187 {"params":[],"types":[],"executionMS":0.0015799999237060547} []
[2023-10-30T02:36:02.667221+00:00] log.DEBUG: SELECT COUNT(*) FROM lotes WHERE `codrem` = 187 {"params":[],"types":[],"executionMS":0.0017070770263671875} []
[2023-10-30T02:36:02.671412+00:00] log.DEBUG: SELECT COUNT(*) FROM lotes WHERE `codrem` = 186 {"params":[],"types":[],"executionMS":0.001786947250366211} []
[2023-10-30T02:36:02.673081+00:00] log.DEBUG: SELECT COUNT(*) FROM lotes WHERE `codrem` = 186 {"params":[],"types":[],"executionMS":0.0014030933380126953} []
[2023-10-30T02:36:02.677025+00:00] log.DEBUG: SELECT COUNT(*) FROM lotes WHERE `codrem` = 185 {"params":[],"types":[],"executionMS":0.0016062259674072266} []
[2023-10-30T02:36:02.678828+00:00] log.DEBUG: SELECT COUNT(*) FROM lotes WHERE `codrem` = 185 {"params":[],"types":[],"executionMS":0.0015749931335449219} []
[2023-10-30T02:36:02.682984+00:00] log.DEBUG: SELECT COUNT(*) FROM lotes WHERE `codrem` = 184 {"params":[],"types":[],"executionMS":0.0018091201782226562} []
[2023-10-30T02:36:02.684923+00:00] log.DEBUG: SELECT COUNT(*) FROM lotes WHERE `codrem` = 184 {"params":[],"types":[],"executionMS":0.0016870498657226562} []
[2023-10-30T02:36:02.688985+00:00] log.DEBUG: SELECT COUNT(*) FROM lotes WHERE `codrem` = 183 {"params":[],"types":[],"executionMS":0.0017681121826171875} []
[2023-10-30T02:36:02.690582+00:00] log.DEBUG: SELECT COUNT(*) FROM lotes WHERE `codrem` = 183 {"params":[],"types":[],"executionMS":0.0013768672943115234} []
[2023-10-30T02:36:02.692792+00:00] log.DEBUG: SELECT `codnum` AS `lf`, `razsoc` AS `df`, '' AS `df2`, '' AS `df3`, '' AS `df4` FROM entidades WHERE `codnum` = 1207 AND `tipoent` = 1 ORDER BY `razsoc` ASC {"params":[],"types":[],"executionMS":0.0006330013275146484} []
[2023-10-30T02:36:02.695579+00:00] log.DEBUG: SELECT COUNT(*) FROM lotes WHERE `codrem` = 182 {"params":[],"types":[],"executionMS":0.0016369819641113281} []
[2023-10-30T02:36:02.697337+00:00] log.DEBUG: SELECT COUNT(*) FROM lotes WHERE `codrem` = 182 {"params":[],"types":[],"executionMS":0.001455068588256836} []
[2023-10-30T02:36:02.701173+00:00] log.DEBUG: SELECT COUNT(*) FROM lotes WHERE `codrem` = 181 {"params":[],"types":[],"executionMS":0.0015211105346679688} []
[2023-10-30T02:36:02.703029+00:00] log.DEBUG: SELECT COUNT(*) FROM lotes WHERE `codrem` = 181 {"params":[],"types":[],"executionMS":0.0015947818756103516} []
[2023-10-30T02:36:02.707040+00:00] log.DEBUG: SELECT COUNT(*) FROM lotes WHERE `codrem` = 180 {"params":[],"types":[],"executionMS":0.0016341209411621094} []
[2023-10-30T02:36:02.708656+00:00] log.DEBUG: SELECT COUNT(*) FROM lotes WHERE `codrem` = 180 {"params":[],"types":[],"executionMS":0.001394033432006836} []
[2023-10-30T02:36:02.712653+00:00] log.DEBUG: SELECT COUNT(*) FROM lotes WHERE `codrem` = 179 {"params":[],"types":[],"executionMS":0.001725912094116211} []
[2023-10-30T02:36:02.714291+00:00] log.DEBUG: SELECT COUNT(*) FROM lotes WHERE `codrem` = 179 {"params":[],"types":[],"executionMS":0.001374959945678711} []
[2023-10-30T02:36:02.718516+00:00] log.DEBUG: SELECT COUNT(*) FROM lotes WHERE `codrem` = 178 {"params":[],"types":[],"executionMS":0.0019030570983886719} []
[2023-10-30T02:36:02.720312+00:00] log.DEBUG: SELECT COUNT(*) FROM lotes WHERE `codrem` = 178 {"params":[],"types":[],"executionMS":0.0015311241149902344} []
[2023-10-30T02:36:02.724512+00:00] log.DEBUG: SELECT COUNT(*) FROM lotes WHERE `codrem` = 177 {"params":[],"types":[],"executionMS":0.0017299652099609375} []
[2023-10-30T02:36:02.726370+00:00] log.DEBUG: SELECT COUNT(*) FROM lotes WHERE `codrem` = 177 {"params":[],"types":[],"executionMS":0.0016109943389892578} []
[2023-10-30T02:36:02.728838+00:00] log.DEBUG: SELECT `codnum` AS `lf`, `razsoc` AS `df`, '' AS `df2`, '' AS `df3`, '' AS `df4` FROM entidades WHERE `codnum` = 15946 AND `tipoent` = 1 ORDER BY `razsoc` ASC {"params":[],"types":[],"executionMS":0.0008838176727294922} []
[2023-10-30T02:36:02.732592+00:00] log.DEBUG: SELECT COUNT(*) FROM lotes WHERE `codrem` = 176 {"params":[],"types":[],"executionMS":0.0020551681518554688} []
[2023-10-30T02:36:02.734711+00:00] log.DEBUG: SELECT COUNT(*) FROM lotes WHERE `codrem` = 176 {"params":[],"types":[],"executionMS":0.0018529891967773438} []
[2023-10-30T02:36:02.738758+00:00] log.DEBUG: SELECT COUNT(*) FROM lotes WHERE `codrem` = 175 {"params":[],"types":[],"executionMS":0.0017638206481933594} []
[2023-10-30T02:36:02.740468+00:00] log.DEBUG: SELECT COUNT(*) FROM lotes WHERE `codrem` = 175 {"params":[],"types":[],"executionMS":0.0014901161193847656} []
[2023-10-30T02:36:02.744312+00:00] log.DEBUG: SELECT COUNT(*) FROM lotes WHERE `codrem` = 174 {"params":[],"types":[],"executionMS":0.0015091896057128906} []
[2023-10-30T02:36:02.746154+00:00] log.DEBUG: SELECT COUNT(*) FROM lotes WHERE `codrem` = 174 {"params":[],"types":[],"executionMS":0.0015749931335449219} []
[2023-10-30T02:36:02.750381+00:00] log.DEBUG: SELECT COUNT(*) FROM lotes WHERE `codrem` = 173 {"params":[],"types":[],"executionMS":0.00179290771484375} []
[2023-10-30T02:36:02.752031+00:00] log.DEBUG: SELECT COUNT(*) FROM lotes WHERE `codrem` = 173 {"params":[],"types":[],"executionMS":0.0013918876647949219} []
[2023-10-30T02:36:10.480692+00:00] log.DEBUG: SELECT t0.codnum AS codnum_1, t0.usuario AS usuario_2, t0.nombre AS nombre_3, t0.clave AS clave_4, t0.nivel AS nivel_5, t0.activo AS activo_6, t0.email AS email_7, t0.perfil AS perfil_8 FROM usuarios t0 WHERE t0.usuario = ? LIMIT 1 {"params":["Administrator"],"types":["string"],"executionMS":0.0011899471282958984} []
[2023-10-30T12:04:39.225592+00:00] log.DEBUG: SELECT COUNT(*) FROM userlevels WHERE userlevelid = -2 {"params":[],"types":[],"executionMS":0.0008919239044189453} []
[2023-10-30T12:04:39.226584+00:00] log.DEBUG: SELECT userlevelid, userlevelname FROM userlevels {"params":[],"types":[],"executionMS":0.00067901611328125} []
[2023-10-30T12:04:39.227383+00:00] log.DEBUG: SELECT COUNT(*) FROM userlevelpermissions WHERE userlevelid = -2 {"params":[],"types":[],"executionMS":0.0006470680236816406} []
[2023-10-30T12:04:39.228451+00:00] log.DEBUG: SELECT tablename, userlevelid, permission FROM userlevelpermissions WHERE userlevelid IN (-2) {"params":[],"types":[],"executionMS":0.0008330345153808594} []
[2023-10-30T12:04:39.231756+00:00] log.DEBUG: SHOW TABLE STATUS WHERE Engine = 'MyISAM' AND Name = 'usuarios' {"params":[],"types":[],"executionMS":0.00209808349609375} []
[2023-10-30T12:04:39.341724+00:00] log.DEBUG: SELECT COUNT(*) FROM userlevels WHERE userlevelid = -2 {"params":[],"types":[],"executionMS":0.0008549690246582031} []
[2023-10-30T12:04:39.343796+00:00] log.DEBUG: SELECT userlevelid, userlevelname FROM userlevels {"params":[],"types":[],"executionMS":0.0018808841705322266} []
[2023-10-30T12:04:39.344583+00:00] log.DEBUG: SELECT COUNT(*) FROM userlevelpermissions WHERE userlevelid = -2 {"params":[],"types":[],"executionMS":0.0006859302520751953} []
[2023-10-30T12:04:39.345220+00:00] log.DEBUG: SELECT tablename, userlevelid, permission FROM userlevelpermissions WHERE userlevelid IN (-2) {"params":[],"types":[],"executionMS":0.0005259513854980469} []
[2023-10-30T12:04:39.347351+00:00] log.DEBUG: SHOW TABLE STATUS WHERE Engine = 'MyISAM' AND Name = 'usuarios' {"params":[],"types":[],"executionMS":0.0014538764953613281} []
[2023-10-30T12:04:40.201008+00:00] log.DEBUG: SELECT COUNT(*) FROM userlevels WHERE userlevelid = -2 {"params":[],"types":[],"executionMS":0.0010280609130859375} []
[2023-10-30T12:04:40.202092+00:00] log.DEBUG: SELECT userlevelid, userlevelname FROM userlevels {"params":[],"types":[],"executionMS":0.0007650852203369141} []
[2023-10-30T12:04:40.202926+00:00] log.DEBUG: SELECT COUNT(*) FROM userlevelpermissions WHERE userlevelid = -2 {"params":[],"types":[],"executionMS":0.0006198883056640625} []
[2023-10-30T12:04:40.203787+00:00] log.DEBUG: SELECT tablename, userlevelid, permission FROM userlevelpermissions WHERE userlevelid IN (-2) {"params":[],"types":[],"executionMS":0.0006589889526367188} []
[2023-10-30T12:04:40.206986+00:00] log.DEBUG: SHOW TABLE STATUS WHERE Engine = 'MyISAM' AND Name = 'usuarios' {"params":[],"types":[],"executionMS":0.002101898193359375} []
[2023-10-30T13:52:06.267579+00:00] log.DEBUG: SELECT COUNT(*) FROM userlevels WHERE userlevelid = -2 {"params":[],"types":[],"executionMS":0.000865936279296875} []
[2023-10-30T13:52:06.268774+00:00] log.DEBUG: SELECT userlevelid, userlevelname FROM userlevels {"params":[],"types":[],"executionMS":0.0009369850158691406} []
[2023-10-30T13:52:06.269515+00:00] log.DEBUG: SELECT COUNT(*) FROM userlevelpermissions WHERE userlevelid = -2 {"params":[],"types":[],"executionMS":0.0006260871887207031} []
[2023-10-30T13:52:06.270391+00:00] log.DEBUG: SELECT tablename, userlevelid, permission FROM userlevelpermissions WHERE userlevelid IN (-2) {"params":[],"types":[],"executionMS":0.0007369518280029297} []
[2023-10-30T13:52:06.273310+00:00] log.DEBUG: SHOW TABLE STATUS WHERE Engine = 'MyISAM' AND Name = 'usuarios' {"params":[],"types":[],"executionMS":0.0019800662994384766} []
[2023-10-30T13:52:06.392821+00:00] log.DEBUG: SELECT COUNT(*) FROM userlevels WHERE userlevelid = -2 {"params":[],"types":[],"executionMS":0.0008509159088134766} []
[2023-10-30T13:52:06.393730+00:00] log.DEBUG: SELECT userlevelid, userlevelname FROM userlevels {"params":[],"types":[],"executionMS":0.0007159709930419922} []
[2023-10-30T13:52:06.394956+00:00] log.DEBUG: SELECT COUNT(*) FROM userlevelpermissions WHERE userlevelid = -2 {"params":[],"types":[],"executionMS":0.0011391639709472656} []
[2023-10-30T13:52:06.395594+00:00] log.DEBUG: SELECT tablename, userlevelid, permission FROM userlevelpermissions WHERE userlevelid IN (-2) {"params":[],"types":[],"executionMS":0.0005280971527099609} []
[2023-10-30T13:52:06.397789+00:00] log.DEBUG: SHOW TABLE STATUS WHERE Engine = 'MyISAM' AND Name = 'usuarios' {"params":[],"types":[],"executionMS":0.0014569759368896484} []
[2023-10-30T20:34:32.420058+00:00] log.DEBUG: SELECT COUNT(*) FROM userlevels WHERE userlevelid = -2 {"params":[],"types":[],"executionMS":0.0009520053863525391} []
[2023-10-30T20:34:32.420892+00:00] log.DEBUG: SELECT userlevelid, userlevelname FROM userlevels {"params":[],"types":[],"executionMS":0.0005710124969482422} []
[2023-10-30T20:34:32.421591+00:00] log.DEBUG: SELECT COUNT(*) FROM userlevelpermissions WHERE userlevelid = -2 {"params":[],"types":[],"executionMS":0.0005869865417480469} []
[2023-10-30T20:34:32.422394+00:00] log.DEBUG: SELECT tablename, userlevelid, permission FROM userlevelpermissions WHERE userlevelid IN (-2) {"params":[],"types":[],"executionMS":0.000637054443359375} []
[2023-10-30T20:34:32.540069+00:00] log.DEBUG: SHOW TABLE STATUS WHERE Engine = 'MyISAM' AND Name = 'usuarios' {"params":[],"types":[],"executionMS":0.002004861831665039} []
