
C:\xampp\htdocs\pruebas\.htaccess
C:\xampp\htdocs\pruebas\afcxlot.php
C:\xampp\htdocs\pruebas\api\.htaccess
C:\xampp\htdocs\pruebas\api\index.php
C:\xampp\htdocs\pruebas\composer.json
C:\xampp\htdocs\pruebas\controllers\AAnulliqController.php
C:\xampp\htdocs\pruebas\controllers\AFacprovController.php
C:\xampp\htdocs\pruebas\controllers\AFcxconciBController.php
C:\xampp\htdocs\pruebas\controllers\AFcxconciController.php
C:\xampp\htdocs\pruebas\controllers\ALiquidController.php
C:\xampp\htdocs\pruebas\controllers\ApiController.php
C:\xampp\htdocs\pruebas\controllers\BancosController.php
C:\xampp\htdocs\pruebas\controllers\CabfacController.php
C:\xampp\htdocs\pruebas\controllers\CabreciboController.php
C:\xampp\htdocs\pruebas\controllers\CabremiController.php
C:\xampp\htdocs\pruebas\controllers\CalificacionController.php
C:\xampp\htdocs\pruebas\controllers\CartvaloresController.php
C:\xampp\htdocs\pruebas\controllers\ConcafactController.php
C:\xampp\htdocs\pruebas\controllers\ConcafactvenController.php
C:\xampp\htdocs\pruebas\controllers\ControllerBase.php
C:\xampp\htdocs\pruebas\controllers\DetfacController.php
C:\xampp\htdocs\pruebas\controllers\DetreciboController.php
C:\xampp\htdocs\pruebas\controllers\DetremiController.php
C:\xampp\htdocs\pruebas\controllers\DirRematesController.php
C:\xampp\htdocs\pruebas\controllers\EmicbtesController.php
C:\xampp\htdocs\pruebas\controllers\EntidadesController.php
C:\xampp\htdocs\pruebas\controllers\FormapagoController.php
C:\xampp\htdocs\pruebas\controllers\ImpfacController.php
C:\xampp\htdocs\pruebas\controllers\ImprangosController.php
C:\xampp\htdocs\pruebas\controllers\ImpuestosController.php
C:\xampp\htdocs\pruebas\controllers\LBolseniaController.php
C:\xampp\htdocs\pruebas\controllers\LCiticomprasAlicController.php
C:\xampp\htdocs\pruebas\controllers\LCiticomprasController.php
C:\xampp\htdocs\pruebas\controllers\LCitiventasAlicController.php
C:\xampp\htdocs\pruebas\controllers\LCitiventasController.php
C:\xampp\htdocs\pruebas\controllers\LComisxremjurisController.php
C:\xampp\htdocs\pruebas\controllers\LComisxremjuristController.php
C:\xampp\htdocs\pruebas\controllers\LComprasXlsController.php
C:\xampp\htdocs\pruebas\controllers\LCtacteCliController.php
C:\xampp\htdocs\pruebas\controllers\LFacncintController.php
C:\xampp\htdocs\pruebas\controllers\LFacxmesController.php
C:\xampp\htdocs\pruebas\controllers\LFaltantesController.php
C:\xampp\htdocs\pruebas\controllers\LGastosController.php
C:\xampp\htdocs\pruebas\controllers\LIibSufridasController.php
C:\xampp\htdocs\pruebas\controllers\LIvaxlsController.php
C:\xampp\htdocs\pruebas\controllers\LLiqIbbController.php
C:\xampp\htdocs\pruebas\controllers\LLiqymedpagoController.php
C:\xampp\htdocs\pruebas\controllers\LLotesXlsController.php
C:\xampp\htdocs\pruebas\controllers\LRankingCliCantController.php
C:\xampp\htdocs\pruebas\controllers\LRankingCliComController.php
C:\xampp\htdocs\pruebas\controllers\LRankingCliController.php
C:\xampp\htdocs\pruebas\controllers\LRankingProCantController.php
C:\xampp\htdocs\pruebas\controllers\LRankingProController.php
C:\xampp\htdocs\pruebas\controllers\LReciboReemisionController.php
C:\xampp\htdocs\pruebas\controllers\LRecymedpagController.php
C:\xampp\htdocs\pruebas\controllers\LRetGananSufridasController.php
C:\xampp\htdocs\pruebas\controllers\LRetIvaPracticadasController.php
C:\xampp\htdocs\pruebas\controllers\LRetIvaSufridasController.php
C:\xampp\htdocs\pruebas\controllers\LRetSussSufridasController.php
C:\xampp\htdocs\pruebas\controllers\LRetencionesController.php
C:\xampp\htdocs\pruebas\controllers\LRetencionesDivController.php
C:\xampp\htdocs\pruebas\controllers\LVtasxjurisConsolidadoController.php
C:\xampp\htdocs\pruebas\controllers\LVtasxjurisController.php
C:\xampp\htdocs\pruebas\controllers\LWafcxlotA10Controller.php
C:\xampp\htdocs\pruebas\controllers\LiquidacionController.php
C:\xampp\htdocs\pruebas\controllers\ListaBoletaseController.php
C:\xampp\htdocs\pruebas\controllers\ListaCatalogoController.php
C:\xampp\htdocs\pruebas\controllers\ListaFacncAConsultarController.php
C:\xampp\htdocs\pruebas\controllers\ListaFacncBConsultarController.php
C:\xampp\htdocs\pruebas\controllers\ListaFacxremateController.php
C:\xampp\htdocs\pruebas\controllers\ListaImpdebxremController.php
C:\xampp\htdocs\pruebas\controllers\ListaImportLotesController.php
C:\xampp\htdocs\pruebas\controllers\ListaIvacomprasController.php
C:\xampp\htdocs\pruebas\controllers\ListaIvaventasController.php
C:\xampp\htdocs\pruebas\controllers\ListaLoteswebController.php
C:\xampp\htdocs\pruebas\controllers\ListaMartilleroController.php
C:\xampp\htdocs\pruebas\controllers\ListaPasolotesparcController.php
C:\xampp\htdocs\pruebas\controllers\ListaPasoloteswebController.php
C:\xampp\htdocs\pruebas\controllers\ListaRematadorController.php
C:\xampp\htdocs\pruebas\controllers\ListaVendedorController.php
C:\xampp\htdocs\pruebas\controllers\LocalidadesController.php
C:\xampp\htdocs\pruebas\controllers\LotesController.php
C:\xampp\htdocs\pruebas\controllers\MedpagoController.php
C:\xampp\htdocs\pruebas\controllers\MonedasController.php
C:\xampp\htdocs\pruebas\controllers\NcndxconcController.php
C:\xampp\htdocs\pruebas\controllers\NcndxconciController.php
C:\xampp\htdocs\pruebas\controllers\NcndxlotController.php
C:\xampp\htdocs\pruebas\controllers\NivelesController.php
C:\xampp\htdocs\pruebas\controllers\OthersController.php
C:\xampp\htdocs\pruebas\controllers\PagofacturasController.php
C:\xampp\htdocs\pruebas\controllers\PaisesController.php
C:\xampp\htdocs\pruebas\controllers\ProvinciasController.php
C:\xampp\htdocs\pruebas\controllers\RematesController.php
C:\xampp\htdocs\pruebas\controllers\RubrosController.php
C:\xampp\htdocs\pruebas\controllers\SeriesController.php
C:\xampp\htdocs\pruebas\controllers\TipcompController.php
C:\xampp\htdocs\pruebas\controllers\TipoentiController.php
C:\xampp\htdocs\pruebas\controllers\TipoindustriaController.php
C:\xampp\htdocs\pruebas\controllers\TipoivaController.php
C:\xampp\htdocs\pruebas\controllers\UserlevelpermissionsController.php
C:\xampp\htdocs\pruebas\controllers\UserlevelsController.php
C:\xampp\htdocs\pruebas\controllers\UsuariosController.php
C:\xampp\htdocs\pruebas\controllers\VAfacutxconcIController.php
C:\xampp\htdocs\pruebas\controllers\VAfcautxconcBController.php
C:\xampp\htdocs\pruebas\controllers\VAfcautxconcController.php
C:\xampp\htdocs\pruebas\controllers\VAfcautxlotBController.php
C:\xampp\htdocs\pruebas\controllers\VAfcautxlotController.php
C:\xampp\htdocs\pruebas\controllers\VAfcmanxconcController.php
C:\xampp\htdocs\pruebas\controllers\VAfcmanxlotController.php
C:\xampp\htdocs\pruebas\controllers\VAfcxconcA10Controller.php
C:\xampp\htdocs\pruebas\controllers\VAfcxloteA10Controller.php
C:\xampp\htdocs\pruebas\controllers\VAncA4Controller.php
C:\xampp\htdocs\pruebas\controllers\VAncA6Controller.php
C:\xampp\htdocs\pruebas\controllers\VAncB4Controller.php
C:\xampp\htdocs\pruebas\controllers\VAncB6Controller.php
C:\xampp\htdocs\pruebas\controllers\VAncautController.php
C:\xampp\htdocs\pruebas\controllers\VAncmanController.php
C:\xampp\htdocs\pruebas\controllers\VAndA4Controller.php
C:\xampp\htdocs\pruebas\controllers\VAndA6Controller.php
C:\xampp\htdocs\pruebas\controllers\VAndB4Controller.php
C:\xampp\htdocs\pruebas\controllers\VAndB6Controller.php
C:\xampp\htdocs\pruebas\controllers\VAndautController.php
C:\xampp\htdocs\pruebas\controllers\VAndmanController.php
C:\xampp\htdocs\pruebas\controllers\VCargaremateController.php
C:\xampp\htdocs\pruebas\controllers\VListaFacncAController.php
C:\xampp\htdocs\pruebas\controllers\VListaFacncBController.php
C:\xampp\htdocs\pruebas\controllers\VModificarRemateController.php
C:\xampp\htdocs\pruebas\controllers\VRecibocobController.php
C:\xampp\htdocs\pruebas\controllers\VRecibocobunaController.php
C:\xampp\htdocs\pruebas\controllers\VWafcautxconcA10Controller.php
C:\xampp\htdocs\pruebas\controllers\VWancA10Controller.php
C:\xampp\htdocs\pruebas\controllers\VWcbteintController.php
C:\xampp\htdocs\pruebas\controllers\VWcbteintdevController.php
C:\xampp\htdocs\pruebas\css\Subastas2024.scss
C:\xampp\htdocs\pruebas\css\ewpdf.scss
C:\xampp\htdocs\pruebas\css\query-builder.scss
C:\xampp\htdocs\pruebas\css\tabulator_bootstrap5.scss
C:\xampp\htdocs\pruebas\css\tempus-dominus.scss
C:\xampp\htdocs\pruebas\emiliquid.php
C:\xampp\htdocs\pruebas\files\index.html
C:\xampp\htdocs\pruebas\index.php
C:\xampp\htdocs\pruebas\js\eweditor.js
C:\xampp\htdocs\pruebas\js\userevent.js
C:\xampp\htdocs\pruebas\js\userfn.js
C:\xampp\htdocs\pruebas\l_comisxremjurisc
C:\xampp\htdocs\pruebas\log\index.html
C:\xampp\htdocs\pruebas\models\AAnulliq.php
C:\xampp\htdocs\pruebas\models\AFacprov.php
C:\xampp\htdocs\pruebas\models\AFcxconci.php
C:\xampp\htdocs\pruebas\models\AFcxconciB.php
C:\xampp\htdocs\pruebas\models\ALiquid.php
C:\xampp\htdocs\pruebas\models\AjaxClient.php
C:\xampp\htdocs\pruebas\models\Bancos.php
C:\xampp\htdocs\pruebas\models\BancosAdd.php
C:\xampp\htdocs\pruebas\models\BancosDelete.php
C:\xampp\htdocs\pruebas\models\BancosEdit.php
C:\xampp\htdocs\pruebas\models\BancosList.php
C:\xampp\htdocs\pruebas\models\BancosView.php
C:\xampp\htdocs\pruebas\models\Cabfac.php
C:\xampp\htdocs\pruebas\models\CabfacAdd.php
C:\xampp\htdocs\pruebas\models\CabfacDelete.php
C:\xampp\htdocs\pruebas\models\CabfacEdit.php
C:\xampp\htdocs\pruebas\models\CabfacList.php
C:\xampp\htdocs\pruebas\models\CabfacView.php
C:\xampp\htdocs\pruebas\models\Cabrecibo.php
C:\xampp\htdocs\pruebas\models\CabreciboAdd.php
C:\xampp\htdocs\pruebas\models\CabreciboDelete.php
C:\xampp\htdocs\pruebas\models\CabreciboEdit.php
C:\xampp\htdocs\pruebas\models\CabreciboList.php
C:\xampp\htdocs\pruebas\models\CabreciboView.php
C:\xampp\htdocs\pruebas\models\Cabremi.php
C:\xampp\htdocs\pruebas\models\CabremiList.php
C:\xampp\htdocs\pruebas\models\Calificacion.php
C:\xampp\htdocs\pruebas\models\CalificacionAdd.php
C:\xampp\htdocs\pruebas\models\CalificacionDelete.php
C:\xampp\htdocs\pruebas\models\CalificacionEdit.php
C:\xampp\htdocs\pruebas\models\CalificacionList.php
C:\xampp\htdocs\pruebas\models\CalificacionView.php
C:\xampp\htdocs\pruebas\models\Cartvalores.php
C:\xampp\htdocs\pruebas\models\CartvaloresAdd.php
C:\xampp\htdocs\pruebas\models\CartvaloresDelete.php
C:\xampp\htdocs\pruebas\models\CartvaloresEdit.php
C:\xampp\htdocs\pruebas\models\CartvaloresList.php
C:\xampp\htdocs\pruebas\models\CartvaloresView.php
C:\xampp\htdocs\pruebas\models\ChangePassword.php
C:\xampp\htdocs\pruebas\models\Concafact.php
C:\xampp\htdocs\pruebas\models\ConcafactAdd.php
C:\xampp\htdocs\pruebas\models\ConcafactDelete.php
C:\xampp\htdocs\pruebas\models\ConcafactEdit.php
C:\xampp\htdocs\pruebas\models\ConcafactList.php
C:\xampp\htdocs\pruebas\models\ConcafactView.php
C:\xampp\htdocs\pruebas\models\Concafactven.php
C:\xampp\htdocs\pruebas\models\ConcafactvenAdd.php
C:\xampp\htdocs\pruebas\models\ConcafactvenDelete.php
C:\xampp\htdocs\pruebas\models\ConcafactvenEdit.php
C:\xampp\htdocs\pruebas\models\ConcafactvenList.php
C:\xampp\htdocs\pruebas\models\ConcafactvenView.php
C:\xampp\htdocs\pruebas\models\Contactos.php
C:\xampp\htdocs\pruebas\models\Detfac.php
C:\xampp\htdocs\pruebas\models\DetfacAdd.php
C:\xampp\htdocs\pruebas\models\DetfacDelete.php
C:\xampp\htdocs\pruebas\models\DetfacEdit.php
C:\xampp\htdocs\pruebas\models\DetfacGrid.php
C:\xampp\htdocs\pruebas\models\DetfacList.php
C:\xampp\htdocs\pruebas\models\DetfacView.php
C:\xampp\htdocs\pruebas\models\Detrecibo.php
C:\xampp\htdocs\pruebas\models\DetreciboAdd.php
C:\xampp\htdocs\pruebas\models\DetreciboDelete.php
C:\xampp\htdocs\pruebas\models\DetreciboEdit.php
C:\xampp\htdocs\pruebas\models\DetreciboGrid.php
C:\xampp\htdocs\pruebas\models\DetreciboList.php
C:\xampp\htdocs\pruebas\models\DetreciboView.php
C:\xampp\htdocs\pruebas\models\Detremi.php
C:\xampp\htdocs\pruebas\models\DetremiList.php
C:\xampp\htdocs\pruebas\models\DirRemates.php
C:\xampp\htdocs\pruebas\models\DirRematesAdd.php
C:\xampp\htdocs\pruebas\models\DirRematesDelete.php
C:\xampp\htdocs\pruebas\models\DirRematesEdit.php
C:\xampp\htdocs\pruebas\models\DirRematesList.php
C:\xampp\htdocs\pruebas\models\DirRematesView.php
C:\xampp\htdocs\pruebas\models\Emicbtes.php
C:\xampp\htdocs\pruebas\models\Entidades.php
C:\xampp\htdocs\pruebas\models\EntidadesAdd.php
C:\xampp\htdocs\pruebas\models\EntidadesDelete.php
C:\xampp\htdocs\pruebas\models\EntidadesEdit.php
C:\xampp\htdocs\pruebas\models\EntidadesList.php
C:\xampp\htdocs\pruebas\models\EntidadesView.php
C:\xampp\htdocs\pruebas\models\Formapago.php
C:\xampp\htdocs\pruebas\models\FormapagoAdd.php
C:\xampp\htdocs\pruebas\models\FormapagoDelete.php
C:\xampp\htdocs\pruebas\models\FormapagoEdit.php
C:\xampp\htdocs\pruebas\models\FormapagoList.php
C:\xampp\htdocs\pruebas\models\FormapagoView.php
C:\xampp\htdocs\pruebas\models\Impfac.php
C:\xampp\htdocs\pruebas\models\ImpfacList.php
C:\xampp\htdocs\pruebas\models\Imprangos.php
C:\xampp\htdocs\pruebas\models\ImprangosAdd.php
C:\xampp\htdocs\pruebas\models\ImprangosDelete.php
C:\xampp\htdocs\pruebas\models\ImprangosEdit.php
C:\xampp\htdocs\pruebas\models\ImprangosList.php
C:\xampp\htdocs\pruebas\models\ImprangosView.php
C:\xampp\htdocs\pruebas\models\Impuestos.php
C:\xampp\htdocs\pruebas\models\ImpuestosAdd.php
C:\xampp\htdocs\pruebas\models\ImpuestosDelete.php
C:\xampp\htdocs\pruebas\models\ImpuestosEdit.php
C:\xampp\htdocs\pruebas\models\ImpuestosList.php
C:\xampp\htdocs\pruebas\models\ImpuestosView.php
C:\xampp\htdocs\pruebas\models\LBolsenia.php
C:\xampp\htdocs\pruebas\models\LCiticompras.php
C:\xampp\htdocs\pruebas\models\LCiticomprasAlic.php
C:\xampp\htdocs\pruebas\models\LCitiventas.php
C:\xampp\htdocs\pruebas\models\LCitiventasAlic.php
C:\xampp\htdocs\pruebas\models\LComisxremjuris.php
C:\xampp\htdocs\pruebas\models\LComisxremjurist.php
C:\xampp\htdocs\pruebas\models\LComprasXls.php
C:\xampp\htdocs\pruebas\models\LCtacteCli.php
C:\xampp\htdocs\pruebas\models\LFacncint.php
C:\xampp\htdocs\pruebas\models\LFacxmes.php
C:\xampp\htdocs\pruebas\models\LFaltantes.php
C:\xampp\htdocs\pruebas\models\LGastos.php
C:\xampp\htdocs\pruebas\models\LIibSufridas.php
C:\xampp\htdocs\pruebas\models\LIvaxls.php
C:\xampp\htdocs\pruebas\models\LLiqIbb.php
C:\xampp\htdocs\pruebas\models\LLiqymedpago.php
C:\xampp\htdocs\pruebas\models\LLotesXls.php
C:\xampp\htdocs\pruebas\models\LRankingCli.php
C:\xampp\htdocs\pruebas\models\LRankingCliCant.php
C:\xampp\htdocs\pruebas\models\LRankingCliCom.php
C:\xampp\htdocs\pruebas\models\LRankingPro.php
C:\xampp\htdocs\pruebas\models\LRankingProCant.php
C:\xampp\htdocs\pruebas\models\LReciboReemision.php
C:\xampp\htdocs\pruebas\models\LRecymedpag.php
C:\xampp\htdocs\pruebas\models\LRetGananSufridas.php
C:\xampp\htdocs\pruebas\models\LRetIvaPracticadas.php
C:\xampp\htdocs\pruebas\models\LRetIvaSufridas.php
C:\xampp\htdocs\pruebas\models\LRetSussSufridas.php
C:\xampp\htdocs\pruebas\models\LRetenciones.php
C:\xampp\htdocs\pruebas\models\LRetencionesDiv.php
C:\xampp\htdocs\pruebas\models\LVtasxjuris.php
C:\xampp\htdocs\pruebas\models\LVtasxjurisConsolidado.php
C:\xampp\htdocs\pruebas\models\LWafcxlotA10.php
C:\xampp\htdocs\pruebas\models\Liquidacion.php
C:\xampp\htdocs\pruebas\models\LiquidacionAdd.php
C:\xampp\htdocs\pruebas\models\LiquidacionDelete.php
C:\xampp\htdocs\pruebas\models\LiquidacionEdit.php
C:\xampp\htdocs\pruebas\models\LiquidacionList.php
C:\xampp\htdocs\pruebas\models\LiquidacionView.php
C:\xampp\htdocs\pruebas\models\ListaBoletase.php
C:\xampp\htdocs\pruebas\models\ListaCatalogo.php
C:\xampp\htdocs\pruebas\models\ListaFacncAConsultar.php
C:\xampp\htdocs\pruebas\models\ListaFacncBConsultar.php
C:\xampp\htdocs\pruebas\models\ListaFacxremate.php
C:\xampp\htdocs\pruebas\models\ListaImpdebxrem.php
C:\xampp\htdocs\pruebas\models\ListaImportLotes.php
C:\xampp\htdocs\pruebas\models\ListaIvacompras.php
C:\xampp\htdocs\pruebas\models\ListaIvaventas.php
C:\xampp\htdocs\pruebas\models\ListaLotesweb.php
C:\xampp\htdocs\pruebas\models\ListaMartillero.php
C:\xampp\htdocs\pruebas\models\ListaPasolotesparc.php
C:\xampp\htdocs\pruebas\models\ListaPasolotesweb.php
C:\xampp\htdocs\pruebas\models\ListaRematador.php
C:\xampp\htdocs\pruebas\models\ListaVendedor.php
C:\xampp\htdocs\pruebas\models\Localidades.php
C:\xampp\htdocs\pruebas\models\LocalidadesAdd.php
C:\xampp\htdocs\pruebas\models\LocalidadesDelete.php
C:\xampp\htdocs\pruebas\models\LocalidadesEdit.php
C:\xampp\htdocs\pruebas\models\LocalidadesList.php
C:\xampp\htdocs\pruebas\models\LocalidadesView.php
C:\xampp\htdocs\pruebas\models\Login.php
C:\xampp\htdocs\pruebas\models\Logout.php
C:\xampp\htdocs\pruebas\models\Lotes.php
C:\xampp\htdocs\pruebas\models\Lotes05.php
C:\xampp\htdocs\pruebas\models\LotesAdd.php
C:\xampp\htdocs\pruebas\models\LotesDelete.php
C:\xampp\htdocs\pruebas\models\LotesEdit.php
C:\xampp\htdocs\pruebas\models\LotesGrid.php
C:\xampp\htdocs\pruebas\models\LotesList.php
C:\xampp\htdocs\pruebas\models\LotesView.php
C:\xampp\htdocs\pruebas\models\Medpago.php
C:\xampp\htdocs\pruebas\models\MedpagoAdd.php
C:\xampp\htdocs\pruebas\models\MedpagoDelete.php
C:\xampp\htdocs\pruebas\models\MedpagoEdit.php
C:\xampp\htdocs\pruebas\models\MedpagoList.php
C:\xampp\htdocs\pruebas\models\MedpagoView.php
C:\xampp\htdocs\pruebas\models\Monedas.php
C:\xampp\htdocs\pruebas\models\MonedasAdd.php
C:\xampp\htdocs\pruebas\models\MonedasDelete.php
C:\xampp\htdocs\pruebas\models\MonedasEdit.php
C:\xampp\htdocs\pruebas\models\MonedasList.php
C:\xampp\htdocs\pruebas\models\MonedasView.php
C:\xampp\htdocs\pruebas\models\Ncndxconc.php
C:\xampp\htdocs\pruebas\models\Ncndxconci.php
C:\xampp\htdocs\pruebas\models\Ncndxlot.php
C:\xampp\htdocs\pruebas\models\Niveles.php
C:\xampp\htdocs\pruebas\models\NivelesAdd.php
C:\xampp\htdocs\pruebas\models\NivelesDelete.php
C:\xampp\htdocs\pruebas\models\NivelesEdit.php
C:\xampp\htdocs\pruebas\models\NivelesList.php
C:\xampp\htdocs\pruebas\models\NivelesView.php
C:\xampp\htdocs\pruebas\models\Pagofacturas.php
C:\xampp\htdocs\pruebas\models\Paises.php
C:\xampp\htdocs\pruebas\models\PaisesAdd.php
C:\xampp\htdocs\pruebas\models\PaisesDelete.php
C:\xampp\htdocs\pruebas\models\PaisesEdit.php
C:\xampp\htdocs\pruebas\models\PaisesList.php
C:\xampp\htdocs\pruebas\models\PaisesView.php
C:\xampp\htdocs\pruebas\models\PersonalData.php
C:\xampp\htdocs\pruebas\models\Provincias.php
C:\xampp\htdocs\pruebas\models\ProvinciasAdd.php
C:\xampp\htdocs\pruebas\models\ProvinciasDelete.php
C:\xampp\htdocs\pruebas\models\ProvinciasEdit.php
C:\xampp\htdocs\pruebas\models\ProvinciasList.php
C:\xampp\htdocs\pruebas\models\ProvinciasView.php
C:\xampp\htdocs\pruebas\models\Remates.php
C:\xampp\htdocs\pruebas\models\RematesDelete.php
C:\xampp\htdocs\pruebas\models\RematesEdit.php
C:\xampp\htdocs\pruebas\models\RematesList.php
C:\xampp\htdocs\pruebas\models\RematesView.php
C:\xampp\htdocs\pruebas\models\Remateweb.php
C:\xampp\htdocs\pruebas\models\ResetPassword.php
C:\xampp\htdocs\pruebas\models\Rubros.php
C:\xampp\htdocs\pruebas\models\RubrosAdd.php
C:\xampp\htdocs\pruebas\models\RubrosDelete.php
C:\xampp\htdocs\pruebas\models\RubrosEdit.php
C:\xampp\htdocs\pruebas\models\RubrosList.php
C:\xampp\htdocs\pruebas\models\RubrosView.php
C:\xampp\htdocs\pruebas\models\Series.php
C:\xampp\htdocs\pruebas\models\SeriesAdd.php
C:\xampp\htdocs\pruebas\models\SeriesDelete.php
C:\xampp\htdocs\pruebas\models\SeriesEdit.php
C:\xampp\htdocs\pruebas\models\SeriesList.php
C:\xampp\htdocs\pruebas\models\SeriesView.php
C:\xampp\htdocs\pruebas\models\Sucbancos.php
C:\xampp\htdocs\pruebas\models\Tipcomp.php
C:\xampp\htdocs\pruebas\models\TipcompAdd.php
C:\xampp\htdocs\pruebas\models\TipcompDelete.php
C:\xampp\htdocs\pruebas\models\TipcompEdit.php
C:\xampp\htdocs\pruebas\models\TipcompList.php
C:\xampp\htdocs\pruebas\models\TipcompView.php
C:\xampp\htdocs\pruebas\models\Tipoenti.php
C:\xampp\htdocs\pruebas\models\TipoentiAdd.php
C:\xampp\htdocs\pruebas\models\TipoentiDelete.php
C:\xampp\htdocs\pruebas\models\TipoentiEdit.php
C:\xampp\htdocs\pruebas\models\TipoentiList.php
C:\xampp\htdocs\pruebas\models\TipoentiView.php
C:\xampp\htdocs\pruebas\models\Tipoindustria.php
C:\xampp\htdocs\pruebas\models\TipoindustriaAdd.php
C:\xampp\htdocs\pruebas\models\TipoindustriaDelete.php
C:\xampp\htdocs\pruebas\models\TipoindustriaEdit.php
C:\xampp\htdocs\pruebas\models\TipoindustriaList.php
C:\xampp\htdocs\pruebas\models\TipoindustriaView.php
C:\xampp\htdocs\pruebas\models\Tipoiva.php
C:\xampp\htdocs\pruebas\models\TipoivaAdd.php
C:\xampp\htdocs\pruebas\models\TipoivaDelete.php
C:\xampp\htdocs\pruebas\models\TipoivaEdit.php
C:\xampp\htdocs\pruebas\models\TipoivaList.php
C:\xampp\htdocs\pruebas\models\TipoivaView.php
C:\xampp\htdocs\pruebas\models\Userlevelpermissions.php
C:\xampp\htdocs\pruebas\models\UserlevelpermissionsAdd.php
C:\xampp\htdocs\pruebas\models\UserlevelpermissionsDelete.php
C:\xampp\htdocs\pruebas\models\UserlevelpermissionsEdit.php
C:\xampp\htdocs\pruebas\models\UserlevelpermissionsList.php
C:\xampp\htdocs\pruebas\models\UserlevelpermissionsView.php
C:\xampp\htdocs\pruebas\models\Userlevels.php
C:\xampp\htdocs\pruebas\models\UserlevelsAdd.php
C:\xampp\htdocs\pruebas\models\UserlevelsDelete.php
C:\xampp\htdocs\pruebas\models\UserlevelsEdit.php
C:\xampp\htdocs\pruebas\models\UserlevelsList.php
C:\xampp\htdocs\pruebas\models\UserlevelsView.php
C:\xampp\htdocs\pruebas\models\Usuarios.php
C:\xampp\htdocs\pruebas\models\UsuariosAdd.php
C:\xampp\htdocs\pruebas\models\UsuariosDelete.php
C:\xampp\htdocs\pruebas\models\UsuariosEdit.php
C:\xampp\htdocs\pruebas\models\UsuariosList.php
C:\xampp\htdocs\pruebas\models\UsuariosView.php
C:\xampp\htdocs\pruebas\models\VAfacutxconcI.php
C:\xampp\htdocs\pruebas\models\VAfcautxconc.php
C:\xampp\htdocs\pruebas\models\VAfcautxconcB.php
C:\xampp\htdocs\pruebas\models\VAfcautxlot.php
C:\xampp\htdocs\pruebas\models\VAfcautxlotB.php
C:\xampp\htdocs\pruebas\models\VAfcmanxconc.php
C:\xampp\htdocs\pruebas\models\VAfcmanxlot.php
C:\xampp\htdocs\pruebas\models\VAfcxconcA10.php
C:\xampp\htdocs\pruebas\models\VAfcxloteA10.php
C:\xampp\htdocs\pruebas\models\VAncA4.php
C:\xampp\htdocs\pruebas\models\VAncA6.php
C:\xampp\htdocs\pruebas\models\VAncB4.php
C:\xampp\htdocs\pruebas\models\VAncB6.php
C:\xampp\htdocs\pruebas\models\VAncaut.php
C:\xampp\htdocs\pruebas\models\VAncman.php
C:\xampp\htdocs\pruebas\models\VAndA4.php
C:\xampp\htdocs\pruebas\models\VAndA6.php
C:\xampp\htdocs\pruebas\models\VAndB4.php
C:\xampp\htdocs\pruebas\models\VAndB6.php
C:\xampp\htdocs\pruebas\models\VAndaut.php
C:\xampp\htdocs\pruebas\models\VAndman.php
C:\xampp\htdocs\pruebas\models\VCargaremate.php
C:\xampp\htdocs\pruebas\models\VListaFacncA.php
C:\xampp\htdocs\pruebas\models\VListaFacncB.php
C:\xampp\htdocs\pruebas\models\VModificarRemate.php
C:\xampp\htdocs\pruebas\models\VRecibocob.php
C:\xampp\htdocs\pruebas\models\VRecibocobuna.php
C:\xampp\htdocs\pruebas\models\VWafcautxconcA10.php
C:\xampp\htdocs\pruebas\models\VWancA10.php
C:\xampp\htdocs\pruebas\models\VWcbteint.php
C:\xampp\htdocs\pruebas\models\VWcbteintdev.php
C:\xampp\htdocs\pruebas\package.json
C:\xampp\htdocs\pruebas\src\AbstractController.php
C:\xampp\htdocs\pruebas\src\AbstractEntity.php
C:\xampp\htdocs\pruebas\src\AbstractExport.php
C:\xampp\htdocs\pruebas\src\AbstractExportBase.php
C:\xampp\htdocs\pruebas\src\AbstractTwoFactorAuthentication.php
C:\xampp\htdocs\pruebas\src\AdvancedFilter.php
C:\xampp\htdocs\pruebas\src\AdvancedSearch.php
C:\xampp\htdocs\pruebas\src\AdvancedSecurity.php
C:\xampp\htdocs\pruebas\src\Allow.php
C:\xampp\htdocs\pruebas\src\ApiActionEvent.php
C:\xampp\htdocs\pruebas\src\ApiPermissionMiddleware.php
C:\xampp\htdocs\pruebas\src\Attributes.php
C:\xampp\htdocs\pruebas\src\Attributes\Delete.php
C:\xampp\htdocs\pruebas\src\Attributes\Get.php
C:\xampp\htdocs\pruebas\src\Attributes\Map.php
C:\xampp\htdocs\pruebas\src\Attributes\Options.php
C:\xampp\htdocs\pruebas\src\Attributes\Patch.php
C:\xampp\htdocs\pruebas\src\Attributes\Post.php
C:\xampp\htdocs\pruebas\src\Attributes\Put.php
C:\xampp\htdocs\pruebas\src\AuditTrailHandler.php
C:\xampp\htdocs\pruebas\src\AzureAD.php
C:\xampp\htdocs\pruebas\src\BasicSearch.php
C:\xampp\htdocs\pruebas\src\Breadcrumb.php
C:\xampp\htdocs\pruebas\src\BytesType.php
C:\xampp\htdocs\pruebas\src\CaptchaBase.php
C:\xampp\htdocs\pruebas\src\CaptchaInterface.php
C:\xampp\htdocs\pruebas\src\ChartExporter.php
C:\xampp\htdocs\pruebas\src\ChartRendererInterface.php
C:\xampp\htdocs\pruebas\src\ChartTypes.php
C:\xampp\htdocs\pruebas\src\ConfigurationEvent.php
C:\xampp\htdocs\pruebas\src\ContainerBuildEvent.php
C:\xampp\htdocs\pruebas\src\CorsMiddleware.php
C:\xampp\htdocs\pruebas\src\CrosstabColumn.php
C:\xampp\htdocs\pruebas\src\CrosstabTable.php
C:\xampp\htdocs\pruebas\src\CustomUploadHandler.php
C:\xampp\htdocs\pruebas\src\DataType.php
C:\xampp\htdocs\pruebas\src\DatabaseConnectedEvent.php
C:\xampp\htdocs\pruebas\src\DatabaseConnectingEvent.php
C:\xampp\htdocs\pruebas\src\DbChart.php
C:\xampp\htdocs\pruebas\src\DbField.php
C:\xampp\htdocs\pruebas\src\DbTable.php
C:\xampp\htdocs\pruebas\src\DbTableBase.php
C:\xampp\htdocs\pruebas\src\DebugSqlLogger.php
C:\xampp\htdocs\pruebas\src\Email.php
C:\xampp\htdocs\pruebas\src\EmailTwoFactorAuthentication.php
C:\xampp\htdocs\pruebas\src\EntityDescriptor.php
C:\xampp\htdocs\pruebas\src\Entity\Banco.php
C:\xampp\htdocs\pruebas\src\Entity\Cabfac.php
C:\xampp\htdocs\pruebas\src\Entity\Cabrecibo.php
C:\xampp\htdocs\pruebas\src\Entity\Cabremi.php
C:\xampp\htdocs\pruebas\src\Entity\Calificacion.php
C:\xampp\htdocs\pruebas\src\Entity\Cartvalore.php
C:\xampp\htdocs\pruebas\src\Entity\Concafact.php
C:\xampp\htdocs\pruebas\src\Entity\Concafactven.php
C:\xampp\htdocs\pruebas\src\Entity\Detfac.php
C:\xampp\htdocs\pruebas\src\Entity\Detrecibo.php
C:\xampp\htdocs\pruebas\src\Entity\Detremi.php
C:\xampp\htdocs\pruebas\src\Entity\DirRemate.php
C:\xampp\htdocs\pruebas\src\Entity\Entidade.php
C:\xampp\htdocs\pruebas\src\Entity\Formapago.php
C:\xampp\htdocs\pruebas\src\Entity\Impfac.php
C:\xampp\htdocs\pruebas\src\Entity\Imprango.php
C:\xampp\htdocs\pruebas\src\Entity\Impuesto.php
C:\xampp\htdocs\pruebas\src\Entity\Liquidacion.php
C:\xampp\htdocs\pruebas\src\Entity\Localidade.php
C:\xampp\htdocs\pruebas\src\Entity\Lote.php
C:\xampp\htdocs\pruebas\src\Entity\Medpago.php
C:\xampp\htdocs\pruebas\src\Entity\Moneda.php
C:\xampp\htdocs\pruebas\src\Entity\Nivele.php
C:\xampp\htdocs\pruebas\src\Entity\Paise.php
C:\xampp\htdocs\pruebas\src\Entity\Provincia.php
C:\xampp\htdocs\pruebas\src\Entity\Remate.php
C:\xampp\htdocs\pruebas\src\Entity\Rubro.php
C:\xampp\htdocs\pruebas\src\Entity\Series.php
C:\xampp\htdocs\pruebas\src\Entity\Tipcomp.php
C:\xampp\htdocs\pruebas\src\Entity\Tipoenti.php
C:\xampp\htdocs\pruebas\src\Entity\Tipoindustria.php
C:\xampp\htdocs\pruebas\src\Entity\Tipoiva.php
C:\xampp\htdocs\pruebas\src\Entity\Userlevel.php
C:\xampp\htdocs\pruebas\src\Entity\Userlevelpermission.php
C:\xampp\htdocs\pruebas\src\Entity\Usuario.php
C:\xampp\htdocs\pruebas\src\ExportCsv.php
C:\xampp\htdocs\pruebas\src\ExportEmail.php
C:\xampp\htdocs\pruebas\src\ExportExcel.php
C:\xampp\htdocs\pruebas\src\ExportHandler.php
C:\xampp\htdocs\pruebas\src\ExportHtml.php
C:\xampp\htdocs\pruebas\src\ExportJson.php
C:\xampp\htdocs\pruebas\src\ExportPdf.php
C:\xampp\htdocs\pruebas\src\ExportWord.php
C:\xampp\htdocs\pruebas\src\ExportXml.php
C:\xampp\htdocs\pruebas\src\FileUploadHandler.php
C:\xampp\htdocs\pruebas\src\FileViewer.php
C:\xampp\htdocs\pruebas\src\ForceLogoutUserAction.php
C:\xampp\htdocs\pruebas\src\GeographyType.php
C:\xampp\htdocs\pruebas\src\GeometryType.php
C:\xampp\htdocs\pruebas\src\HierarchyIdType.php
C:\xampp\htdocs\pruebas\src\HttpErrorHandler.php
C:\xampp\htdocs\pruebas\src\HttpForm.php
C:\xampp\htdocs\pruebas\src\HttpServiceUnavailableException.php
C:\xampp\htdocs\pruebas\src\HttpSession.php
C:\xampp\htdocs\pruebas\src\HttpUpload.php
C:\xampp\htdocs\pruebas\src\JwtMiddleware.php
C:\xampp\htdocs\pruebas\src\Language.php
C:\xampp\htdocs\pruebas\src\LanguageLoadEvent.php
C:\xampp\htdocs\pruebas\src\LaravelSessionMiddleware.php
C:\xampp\htdocs\pruebas\src\LdapConn.php
C:\xampp\htdocs\pruebas\src\ListAction.php
C:\xampp\htdocs\pruebas\src\ListActions.php
C:\xampp\htdocs\pruebas\src\ListOption.php
C:\xampp\htdocs\pruebas\src\ListOptions.php
C:\xampp\htdocs\pruebas\src\ListOptionsArray.php
C:\xampp\htdocs\pruebas\src\LoginStatusEvent.php
C:\xampp\htdocs\pruebas\src\Lookup.php
C:\xampp\htdocs\pruebas\src\MaintenanceMiddleware.php
C:\xampp\htdocs\pruebas\src\Menu.php
C:\xampp\htdocs\pruebas\src\MenuItem.php
C:\xampp\htdocs\pruebas\src\MenuItemAddingEvent.php
C:\xampp\htdocs\pruebas\src\MenuRenderedEvent.php
C:\xampp\htdocs\pruebas\src\MenuRenderingEvent.php
C:\xampp\htdocs\pruebas\src\MessagesTrait.php
C:\xampp\htdocs\pruebas\src\NumericPager.php
C:\xampp\htdocs\pruebas\src\OptionValues.php
C:\xampp\htdocs\pruebas\src\PageLoadingEvent.php
C:\xampp\htdocs\pruebas\src\PageRenderingEvent.php
C:\xampp\htdocs\pruebas\src\PageUnloadedEvent.php
C:\xampp\htdocs\pruebas\src\Pager.php
C:\xampp\htdocs\pruebas\src\PagerItem.php
C:\xampp\htdocs\pruebas\src\PasswordHash.php
C:\xampp\htdocs\pruebas\src\PermissionMiddleware.php
C:\xampp\htdocs\pruebas\src\PhpEncryption.php
C:\xampp\htdocs\pruebas\src\PragmaRxTwoFactorAuthentication.php
C:\xampp\htdocs\pruebas\src\PrevNextPager.php
C:\xampp\htdocs\pruebas\src\PushNotification.php
C:\xampp\htdocs\pruebas\src\ReportField.php
C:\xampp\htdocs\pruebas\src\ReportTable.php
C:\xampp\htdocs\pruebas\src\ResendRegisterEmailAction.php
C:\xampp\htdocs\pruebas\src\ResetConcurrentUserAction.php
C:\xampp\htdocs\pruebas\src\ResetLoginRetryAction.php
C:\xampp\htdocs\pruebas\src\ResetUserSecretAction.php
C:\xampp\htdocs\pruebas\src\RouteActionEvent.php
C:\xampp\htdocs\pruebas\src\RouteAttributes.php
C:\xampp\htdocs\pruebas\src\RowSummary.php
C:\xampp\htdocs\pruebas\src\RowTotal.php
C:\xampp\htdocs\pruebas\src\RowType.php
C:\xampp\htdocs\pruebas\src\Saml2.php
C:\xampp\htdocs\pruebas\src\SessionHandler.php
C:\xampp\htdocs\pruebas\src\SetPasswordExpiredAction.php
C:\xampp\htdocs\pruebas\src\Sms.php
C:\xampp\htdocs\pruebas\src\SmsTwoFactorAuthentication.php
C:\xampp\htdocs\pruebas\src\SsoStateSessionStore.php
C:\xampp\htdocs\pruebas\src\SubPage.php
C:\xampp\htdocs\pruebas\src\SubPages.php
C:\xampp\htdocs\pruebas\src\SummaryField.php
C:\xampp\htdocs\pruebas\src\Timer.php
C:\xampp\htdocs\pruebas\src\TwoFactorAuthenticationInterface.php
C:\xampp\htdocs\pruebas\src\UploadHandler.php
C:\xampp\htdocs\pruebas\src\UserProfile.php
C:\xampp\htdocs\pruebas\src\XmlDocument.php
C:\xampp\htdocs\pruebas\src\apiroutes.php
C:\xampp\htdocs\pruebas\src\config.development.php
C:\xampp\htdocs\pruebas\src\config.php
C:\xampp\htdocs\pruebas\src\config.production.php
C:\xampp\htdocs\pruebas\src\constants.php
C:\xampp\htdocs\pruebas\src\definitions.php
C:\xampp\htdocs\pruebas\src\phpfn.php
C:\xampp\htdocs\pruebas\src\routes.php
C:\xampp\htdocs\pruebas\src\userfn.php
C:\xampp\htdocs\pruebas\src\userlevelsettings.php
C:\xampp\htdocs\pruebas\views\AAnulliq.php
C:\xampp\htdocs\pruebas\views\AFacprov.php
C:\xampp\htdocs\pruebas\views\AFcxconci.php
C:\xampp\htdocs\pruebas\views\AFcxconciB.php
C:\xampp\htdocs\pruebas\views\ALiquid.php
C:\xampp\htdocs\pruebas\views\BancosAdd.php
C:\xampp\htdocs\pruebas\views\BancosDelete.php
C:\xampp\htdocs\pruebas\views\BancosEdit.php
C:\xampp\htdocs\pruebas\views\BancosList.php
C:\xampp\htdocs\pruebas\views\BancosView.php
C:\xampp\htdocs\pruebas\views\CabfacAdd.php
C:\xampp\htdocs\pruebas\views\CabfacDelete.php
C:\xampp\htdocs\pruebas\views\CabfacEdit.php
C:\xampp\htdocs\pruebas\views\CabfacList.php
C:\xampp\htdocs\pruebas\views\CabfacMaster.php
C:\xampp\htdocs\pruebas\views\CabfacView.php
C:\xampp\htdocs\pruebas\views\CabreciboAdd.php
C:\xampp\htdocs\pruebas\views\CabreciboDelete.php
C:\xampp\htdocs\pruebas\views\CabreciboEdit.php
C:\xampp\htdocs\pruebas\views\CabreciboList.php
C:\xampp\htdocs\pruebas\views\CabreciboMaster.php
C:\xampp\htdocs\pruebas\views\CabreciboView.php
C:\xampp\htdocs\pruebas\views\CabremiList.php
C:\xampp\htdocs\pruebas\views\CalificacionAdd.php
C:\xampp\htdocs\pruebas\views\CalificacionDelete.php
C:\xampp\htdocs\pruebas\views\CalificacionEdit.php
C:\xampp\htdocs\pruebas\views\CalificacionList.php
C:\xampp\htdocs\pruebas\views\CalificacionView.php
C:\xampp\htdocs\pruebas\views\CartvaloresAdd.php
C:\xampp\htdocs\pruebas\views\CartvaloresDelete.php
C:\xampp\htdocs\pruebas\views\CartvaloresEdit.php
C:\xampp\htdocs\pruebas\views\CartvaloresList.php
C:\xampp\htdocs\pruebas\views\CartvaloresView.php
C:\xampp\htdocs\pruebas\views\ChangePassword.php
C:\xampp\htdocs\pruebas\views\ConcafactAdd.php
C:\xampp\htdocs\pruebas\views\ConcafactDelete.php
C:\xampp\htdocs\pruebas\views\ConcafactEdit.php
C:\xampp\htdocs\pruebas\views\ConcafactList.php
C:\xampp\htdocs\pruebas\views\ConcafactView.php
C:\xampp\htdocs\pruebas\views\ConcafactvenAdd.php
C:\xampp\htdocs\pruebas\views\ConcafactvenDelete.php
C:\xampp\htdocs\pruebas\views\ConcafactvenEdit.php
C:\xampp\htdocs\pruebas\views\ConcafactvenList.php
C:\xampp\htdocs\pruebas\views\ConcafactvenView.php
C:\xampp\htdocs\pruebas\views\DetfacAdd.php
C:\xampp\htdocs\pruebas\views\DetfacDelete.php
C:\xampp\htdocs\pruebas\views\DetfacEdit.php
C:\xampp\htdocs\pruebas\views\DetfacGrid.php
C:\xampp\htdocs\pruebas\views\DetfacList.php
C:\xampp\htdocs\pruebas\views\DetfacView.php
C:\xampp\htdocs\pruebas\views\DetreciboAdd.php
C:\xampp\htdocs\pruebas\views\DetreciboDelete.php
C:\xampp\htdocs\pruebas\views\DetreciboEdit.php
C:\xampp\htdocs\pruebas\views\DetreciboGrid.php
C:\xampp\htdocs\pruebas\views\DetreciboList.php
C:\xampp\htdocs\pruebas\views\DetreciboView.php
C:\xampp\htdocs\pruebas\views\DetremiList.php
C:\xampp\htdocs\pruebas\views\DirRematesAdd.php
C:\xampp\htdocs\pruebas\views\DirRematesDelete.php
C:\xampp\htdocs\pruebas\views\DirRematesEdit.php
C:\xampp\htdocs\pruebas\views\DirRematesList.php
C:\xampp\htdocs\pruebas\views\DirRematesView.php
C:\xampp\htdocs\pruebas\views\Emicbtes.php
C:\xampp\htdocs\pruebas\views\EntidadesAdd.php
C:\xampp\htdocs\pruebas\views\EntidadesDelete.php
C:\xampp\htdocs\pruebas\views\EntidadesEdit.php
C:\xampp\htdocs\pruebas\views\EntidadesList.php
C:\xampp\htdocs\pruebas\views\EntidadesView.php
C:\xampp\htdocs\pruebas\views\Error.php
C:\xampp\htdocs\pruebas\views\FormapagoAdd.php
C:\xampp\htdocs\pruebas\views\FormapagoDelete.php
C:\xampp\htdocs\pruebas\views\FormapagoEdit.php
C:\xampp\htdocs\pruebas\views\FormapagoList.php
C:\xampp\htdocs\pruebas\views\FormapagoView.php
C:\xampp\htdocs\pruebas\views\ImpfacList.php
C:\xampp\htdocs\pruebas\views\ImprangosAdd.php
C:\xampp\htdocs\pruebas\views\ImprangosDelete.php
C:\xampp\htdocs\pruebas\views\ImprangosEdit.php
C:\xampp\htdocs\pruebas\views\ImprangosList.php
C:\xampp\htdocs\pruebas\views\ImprangosView.php
C:\xampp\htdocs\pruebas\views\ImpuestosAdd.php
C:\xampp\htdocs\pruebas\views\ImpuestosDelete.php
C:\xampp\htdocs\pruebas\views\ImpuestosEdit.php
C:\xampp\htdocs\pruebas\views\ImpuestosList.php
C:\xampp\htdocs\pruebas\views\ImpuestosView.php
C:\xampp\htdocs\pruebas\views\LBolsenia.php
C:\xampp\htdocs\pruebas\views\LCiticompras.php
C:\xampp\htdocs\pruebas\views\LCiticomprasAlic.php
C:\xampp\htdocs\pruebas\views\LCitiventas.php
C:\xampp\htdocs\pruebas\views\LCitiventasAlic.php
C:\xampp\htdocs\pruebas\views\LComisxremjuris.php
C:\xampp\htdocs\pruebas\views\LComisxremjurist.php
C:\xampp\htdocs\pruebas\views\LComprasXls.php
C:\xampp\htdocs\pruebas\views\LCtacteCli.php
C:\xampp\htdocs\pruebas\views\LFacncint.php
C:\xampp\htdocs\pruebas\views\LFacxmes.php
C:\xampp\htdocs\pruebas\views\LFaltantes.php
C:\xampp\htdocs\pruebas\views\LGastos.php
C:\xampp\htdocs\pruebas\views\LIibSufridas.php
C:\xampp\htdocs\pruebas\views\LIvaxls.php
C:\xampp\htdocs\pruebas\views\LLiqIbb.php
C:\xampp\htdocs\pruebas\views\LLiqymedpago.php
C:\xampp\htdocs\pruebas\views\LLotesXls.php
C:\xampp\htdocs\pruebas\views\LRankingCli.php
C:\xampp\htdocs\pruebas\views\LRankingCliCant.php
C:\xampp\htdocs\pruebas\views\LRankingCliCom.php
C:\xampp\htdocs\pruebas\views\LRankingPro.php
C:\xampp\htdocs\pruebas\views\LRankingProCant.php
C:\xampp\htdocs\pruebas\views\LReciboReemision.php
C:\xampp\htdocs\pruebas\views\LRecymedpag.php
C:\xampp\htdocs\pruebas\views\LRetGananSufridas.php
C:\xampp\htdocs\pruebas\views\LRetIvaPracticadas.php
C:\xampp\htdocs\pruebas\views\LRetIvaSufridas.php
C:\xampp\htdocs\pruebas\views\LRetSussSufridas.php
C:\xampp\htdocs\pruebas\views\LRetenciones.php
C:\xampp\htdocs\pruebas\views\LRetencionesDiv.php
C:\xampp\htdocs\pruebas\views\LVtasxjuris.php
C:\xampp\htdocs\pruebas\views\LVtasxjurisConsolidado.php
C:\xampp\htdocs\pruebas\views\LWafcxlotA10.php
C:\xampp\htdocs\pruebas\views\LiquidacionAdd.php
C:\xampp\htdocs\pruebas\views\LiquidacionDelete.php
C:\xampp\htdocs\pruebas\views\LiquidacionEdit.php
C:\xampp\htdocs\pruebas\views\LiquidacionList.php
C:\xampp\htdocs\pruebas\views\LiquidacionView.php
C:\xampp\htdocs\pruebas\views\ListaBoletase.php
C:\xampp\htdocs\pruebas\views\ListaCatalogo.php
C:\xampp\htdocs\pruebas\views\ListaFacncAConsultar.php
C:\xampp\htdocs\pruebas\views\ListaFacncBConsultar.php
C:\xampp\htdocs\pruebas\views\ListaFacxremate.php
C:\xampp\htdocs\pruebas\views\ListaImpdebxrem.php
C:\xampp\htdocs\pruebas\views\ListaImportLotes.php
C:\xampp\htdocs\pruebas\views\ListaIvacompras.php
C:\xampp\htdocs\pruebas\views\ListaIvaventas.php
C:\xampp\htdocs\pruebas\views\ListaLotesweb.php
C:\xampp\htdocs\pruebas\views\ListaMartillero.php
C:\xampp\htdocs\pruebas\views\ListaPasolotesparc.php
C:\xampp\htdocs\pruebas\views\ListaPasolotesweb.php
C:\xampp\htdocs\pruebas\views\ListaRematador.php
C:\xampp\htdocs\pruebas\views\ListaVendedor.php
C:\xampp\htdocs\pruebas\views\LocalidadesAdd.php
C:\xampp\htdocs\pruebas\views\LocalidadesDelete.php
C:\xampp\htdocs\pruebas\views\LocalidadesEdit.php
C:\xampp\htdocs\pruebas\views\LocalidadesList.php
C:\xampp\htdocs\pruebas\views\LocalidadesView.php
C:\xampp\htdocs\pruebas\views\Login.php
C:\xampp\htdocs\pruebas\views\LotesAdd.php
C:\xampp\htdocs\pruebas\views\LotesDelete.php
C:\xampp\htdocs\pruebas\views\LotesEdit.php
C:\xampp\htdocs\pruebas\views\LotesGrid.php
C:\xampp\htdocs\pruebas\views\LotesList.php
C:\xampp\htdocs\pruebas\views\LotesView.php
C:\xampp\htdocs\pruebas\views\MedpagoAdd.php
C:\xampp\htdocs\pruebas\views\MedpagoDelete.php
C:\xampp\htdocs\pruebas\views\MedpagoEdit.php
C:\xampp\htdocs\pruebas\views\MedpagoList.php
C:\xampp\htdocs\pruebas\views\MedpagoView.php
C:\xampp\htdocs\pruebas\views\MonedasAdd.php
C:\xampp\htdocs\pruebas\views\MonedasDelete.php
C:\xampp\htdocs\pruebas\views\MonedasEdit.php
C:\xampp\htdocs\pruebas\views\MonedasList.php
C:\xampp\htdocs\pruebas\views\MonedasView.php
C:\xampp\htdocs\pruebas\views\Ncndxconc.php
C:\xampp\htdocs\pruebas\views\Ncndxconci.php
C:\xampp\htdocs\pruebas\views\Ncndxlot.php
C:\xampp\htdocs\pruebas\views\NivelesAdd.php
C:\xampp\htdocs\pruebas\views\NivelesDelete.php
C:\xampp\htdocs\pruebas\views\NivelesEdit.php
C:\xampp\htdocs\pruebas\views\NivelesList.php
C:\xampp\htdocs\pruebas\views\NivelesView.php
C:\xampp\htdocs\pruebas\views\Pagofacturas.php
C:\xampp\htdocs\pruebas\views\PaisesAdd.php
C:\xampp\htdocs\pruebas\views\PaisesDelete.php
C:\xampp\htdocs\pruebas\views\PaisesEdit.php
C:\xampp\htdocs\pruebas\views\PaisesList.php
C:\xampp\htdocs\pruebas\views\PaisesView.php
C:\xampp\htdocs\pruebas\views\PersonalData.php
C:\xampp\htdocs\pruebas\views\ProvinciasAdd.php
C:\xampp\htdocs\pruebas\views\ProvinciasDelete.php
C:\xampp\htdocs\pruebas\views\ProvinciasEdit.php
C:\xampp\htdocs\pruebas\views\ProvinciasList.php
C:\xampp\htdocs\pruebas\views\ProvinciasView.php
C:\xampp\htdocs\pruebas\views\RematesDelete.php
C:\xampp\htdocs\pruebas\views\RematesEdit.php
C:\xampp\htdocs\pruebas\views\RematesList.php
C:\xampp\htdocs\pruebas\views\RematesMaster.php
C:\xampp\htdocs\pruebas\views\RematesView.php
C:\xampp\htdocs\pruebas\views\ResetPassword.php
C:\xampp\htdocs\pruebas\views\RubrosAdd.php
C:\xampp\htdocs\pruebas\views\RubrosDelete.php
C:\xampp\htdocs\pruebas\views\RubrosEdit.php
C:\xampp\htdocs\pruebas\views\RubrosList.php
C:\xampp\htdocs\pruebas\views\RubrosView.php
C:\xampp\htdocs\pruebas\views\SeriesAdd.php
C:\xampp\htdocs\pruebas\views\SeriesDelete.php
C:\xampp\htdocs\pruebas\views\SeriesEdit.php
C:\xampp\htdocs\pruebas\views\SeriesList.php
C:\xampp\htdocs\pruebas\views\SeriesView.php
C:\xampp\htdocs\pruebas\views\TipcompAdd.php
C:\xampp\htdocs\pruebas\views\TipcompDelete.php
C:\xampp\htdocs\pruebas\views\TipcompEdit.php
C:\xampp\htdocs\pruebas\views\TipcompList.php
C:\xampp\htdocs\pruebas\views\TipcompView.php
C:\xampp\htdocs\pruebas\views\TipoentiAdd.php
C:\xampp\htdocs\pruebas\views\TipoentiDelete.php
C:\xampp\htdocs\pruebas\views\TipoentiEdit.php
C:\xampp\htdocs\pruebas\views\TipoentiList.php
C:\xampp\htdocs\pruebas\views\TipoentiView.php
C:\xampp\htdocs\pruebas\views\TipoindustriaAdd.php
C:\xampp\htdocs\pruebas\views\TipoindustriaDelete.php
C:\xampp\htdocs\pruebas\views\TipoindustriaEdit.php
C:\xampp\htdocs\pruebas\views\TipoindustriaList.php
C:\xampp\htdocs\pruebas\views\TipoindustriaView.php
C:\xampp\htdocs\pruebas\views\TipoivaAdd.php
C:\xampp\htdocs\pruebas\views\TipoivaDelete.php
C:\xampp\htdocs\pruebas\views\TipoivaEdit.php
C:\xampp\htdocs\pruebas\views\TipoivaList.php
C:\xampp\htdocs\pruebas\views\TipoivaView.php
C:\xampp\htdocs\pruebas\views\UserlevelpermissionsAdd.php
C:\xampp\htdocs\pruebas\views\UserlevelpermissionsDelete.php
C:\xampp\htdocs\pruebas\views\UserlevelpermissionsEdit.php
C:\xampp\htdocs\pruebas\views\UserlevelpermissionsList.php
C:\xampp\htdocs\pruebas\views\UserlevelpermissionsView.php
C:\xampp\htdocs\pruebas\views\UserlevelsAdd.php
C:\xampp\htdocs\pruebas\views\UserlevelsDelete.php
C:\xampp\htdocs\pruebas\views\UserlevelsEdit.php
C:\xampp\htdocs\pruebas\views\UserlevelsList.php
C:\xampp\htdocs\pruebas\views\UserlevelsView.php
C:\xampp\htdocs\pruebas\views\UsuariosAdd.php
C:\xampp\htdocs\pruebas\views\UsuariosDelete.php
C:\xampp\htdocs\pruebas\views\UsuariosEdit.php
C:\xampp\htdocs\pruebas\views\UsuariosList.php
C:\xampp\htdocs\pruebas\views\UsuariosView.php
C:\xampp\htdocs\pruebas\views\VAfacutxconcI.php
C:\xampp\htdocs\pruebas\views\VAfcautxconc.php
C:\xampp\htdocs\pruebas\views\VAfcautxconcB.php
C:\xampp\htdocs\pruebas\views\VAfcautxlot.php
C:\xampp\htdocs\pruebas\views\VAfcautxlotB.php
C:\xampp\htdocs\pruebas\views\VAfcmanxconc.php
C:\xampp\htdocs\pruebas\views\VAfcmanxlot.php
C:\xampp\htdocs\pruebas\views\VAfcxconcA10.php
C:\xampp\htdocs\pruebas\views\VAfcxloteA10.php
C:\xampp\htdocs\pruebas\views\VAncA4.php
C:\xampp\htdocs\pruebas\views\VAncA6.php
C:\xampp\htdocs\pruebas\views\VAncB4.php
C:\xampp\htdocs\pruebas\views\VAncB6.php
C:\xampp\htdocs\pruebas\views\VAncaut.php
C:\xampp\htdocs\pruebas\views\VAncman.php
C:\xampp\htdocs\pruebas\views\VAndA4.php
C:\xampp\htdocs\pruebas\views\VAndA6.php
C:\xampp\htdocs\pruebas\views\VAndB4.php
C:\xampp\htdocs\pruebas\views\VAndB6.php
C:\xampp\htdocs\pruebas\views\VAndaut.php
C:\xampp\htdocs\pruebas\views\VAndman.php
C:\xampp\htdocs\pruebas\views\VCargaremate.php
C:\xampp\htdocs\pruebas\views\VListaFacncA.php
C:\xampp\htdocs\pruebas\views\VListaFacncB.php
C:\xampp\htdocs\pruebas\views\VModificarRemate.php
C:\xampp\htdocs\pruebas\views\VRecibocob.php
C:\xampp\htdocs\pruebas\views\VRecibocobuna.php
C:\xampp\htdocs\pruebas\views\VWafcautxconcA10.php
C:\xampp\htdocs\pruebas\views\VWancA10.php
C:\xampp\htdocs\pruebas\views\VWcbteint.php
C:\xampp\htdocs\pruebas\views\VWcbteintdev.php
C:\xampp\htdocs\pruebas\views\email.php
C:\xampp\htdocs\pruebas\views\layout.php
C:\xampp\htdocs\pruebas\views\menu.php
C:\xampp\htdocs\pruebas\web.config