
C:\xampp\htdocs\pruebasPosta\.htaccess
C:\xampp\htdocs\pruebasPosta\api\.htaccess
C:\xampp\htdocs\pruebasPosta\api\index.php
C:\xampp\htdocs\pruebasPosta\composer.json
C:\xampp\htdocs\pruebasPosta\controllers\AAnulliqController.php
C:\xampp\htdocs\pruebasPosta\controllers\AFacprovController.php
C:\xampp\htdocs\pruebasPosta\controllers\AFcxconciBController.php
C:\xampp\htdocs\pruebasPosta\controllers\AFcxconciController.php
C:\xampp\htdocs\pruebasPosta\controllers\ALiquidController.php
C:\xampp\htdocs\pruebasPosta\controllers\AfcxlotController.php
C:\xampp\htdocs\pruebasPosta\controllers\ApiController.php
C:\xampp\htdocs\pruebasPosta\controllers\BancosController.php
C:\xampp\htdocs\pruebasPosta\controllers\CabfacController.php
C:\xampp\htdocs\pruebasPosta\controllers\CabreciboController.php
C:\xampp\htdocs\pruebasPosta\controllers\CabremiController.php
C:\xampp\htdocs\pruebasPosta\controllers\CalificacionController.php
C:\xampp\htdocs\pruebasPosta\controllers\CartvaloresController.php
C:\xampp\htdocs\pruebasPosta\controllers\ConcafactController.php
C:\xampp\htdocs\pruebasPosta\controllers\ConcafactvenController.php
C:\xampp\htdocs\pruebasPosta\controllers\ControllerBase.php
C:\xampp\htdocs\pruebasPosta\controllers\DetfacController.php
C:\xampp\htdocs\pruebasPosta\controllers\DetreciboController.php
C:\xampp\htdocs\pruebasPosta\controllers\DetremiController.php
C:\xampp\htdocs\pruebasPosta\controllers\DirRematesController.php
C:\xampp\htdocs\pruebasPosta\controllers\EmicbtesController.php
C:\xampp\htdocs\pruebasPosta\controllers\EmiliquidController.php
C:\xampp\htdocs\pruebasPosta\controllers\EntidadesController.php
C:\xampp\htdocs\pruebasPosta\controllers\FormapagoController.php
C:\xampp\htdocs\pruebasPosta\controllers\ImpfacController.php
C:\xampp\htdocs\pruebasPosta\controllers\ImprangosController.php
C:\xampp\htdocs\pruebasPosta\controllers\ImpuestosController.php
C:\xampp\htdocs\pruebasPosta\controllers\LBolseniaController.php
C:\xampp\htdocs\pruebasPosta\controllers\LCiticomprasAlicController.php
C:\xampp\htdocs\pruebasPosta\controllers\LCiticomprasController.php
C:\xampp\htdocs\pruebasPosta\controllers\LCitiventasAlicController.php
C:\xampp\htdocs\pruebasPosta\controllers\LCitiventasController.php
C:\xampp\htdocs\pruebasPosta\controllers\LComisxremjurisController.php
C:\xampp\htdocs\pruebasPosta\controllers\LComisxremjuristController.php
C:\xampp\htdocs\pruebasPosta\controllers\LComprasXlsController.php
C:\xampp\htdocs\pruebasPosta\controllers\LCtacteCliController.php
C:\xampp\htdocs\pruebasPosta\controllers\LFacncintController.php
C:\xampp\htdocs\pruebasPosta\controllers\LFacxmesController.php
C:\xampp\htdocs\pruebasPosta\controllers\LFaltantesController.php
C:\xampp\htdocs\pruebasPosta\controllers\LGastosController.php
C:\xampp\htdocs\pruebasPosta\controllers\LIibSufridasController.php
C:\xampp\htdocs\pruebasPosta\controllers\LIvaxlsController.php
C:\xampp\htdocs\pruebasPosta\controllers\LLiqIbbController.php
C:\xampp\htdocs\pruebasPosta\controllers\LLiqymedpagoController.php
C:\xampp\htdocs\pruebasPosta\controllers\LLotesXlsController.php
C:\xampp\htdocs\pruebasPosta\controllers\LRankingCliCantController.php
C:\xampp\htdocs\pruebasPosta\controllers\LRankingCliComController.php
C:\xampp\htdocs\pruebasPosta\controllers\LRankingCliController.php
C:\xampp\htdocs\pruebasPosta\controllers\LRankingProCantController.php
C:\xampp\htdocs\pruebasPosta\controllers\LRankingProController.php
C:\xampp\htdocs\pruebasPosta\controllers\LReciboReemisionController.php
C:\xampp\htdocs\pruebasPosta\controllers\LRecymedpagController.php
C:\xampp\htdocs\pruebasPosta\controllers\LRetGananSufridasController.php
C:\xampp\htdocs\pruebasPosta\controllers\LRetIvaPracticadasController.php
C:\xampp\htdocs\pruebasPosta\controllers\LRetIvaSufridasController.php
C:\xampp\htdocs\pruebasPosta\controllers\LRetSussSufridasController.php
C:\xampp\htdocs\pruebasPosta\controllers\LRetencionesController.php
C:\xampp\htdocs\pruebasPosta\controllers\LRetencionesDivController.php
C:\xampp\htdocs\pruebasPosta\controllers\LVtasxjurisConsolidadoController.php
C:\xampp\htdocs\pruebasPosta\controllers\LVtasxjurisController.php
C:\xampp\htdocs\pruebasPosta\controllers\LWafcxlotA10Controller.php
C:\xampp\htdocs\pruebasPosta\controllers\LiquidacionController.php
C:\xampp\htdocs\pruebasPosta\controllers\ListaBoletaseController.php
C:\xampp\htdocs\pruebasPosta\controllers\ListaCatalogoController.php
C:\xampp\htdocs\pruebasPosta\controllers\ListaFacncAConsultarController.php
C:\xampp\htdocs\pruebasPosta\controllers\ListaFacncBConsultarController.php
C:\xampp\htdocs\pruebasPosta\controllers\ListaFacxremateController.php
C:\xampp\htdocs\pruebasPosta\controllers\ListaImpdebxremController.php
C:\xampp\htdocs\pruebasPosta\controllers\ListaImportLotesController.php
C:\xampp\htdocs\pruebasPosta\controllers\ListaIvacomprasController.php
C:\xampp\htdocs\pruebasPosta\controllers\ListaIvaventasController.php
C:\xampp\htdocs\pruebasPosta\controllers\ListaLoteswebController.php
C:\xampp\htdocs\pruebasPosta\controllers\ListaMartilleroController.php
C:\xampp\htdocs\pruebasPosta\controllers\ListaPasolotesparcController.php
C:\xampp\htdocs\pruebasPosta\controllers\ListaPasoloteswebController.php
C:\xampp\htdocs\pruebasPosta\controllers\ListaRematadorController.php
C:\xampp\htdocs\pruebasPosta\controllers\ListaVendedorController.php
C:\xampp\htdocs\pruebasPosta\controllers\LocalidadesController.php
C:\xampp\htdocs\pruebasPosta\controllers\LotesController.php
C:\xampp\htdocs\pruebasPosta\controllers\MedpagoController.php
C:\xampp\htdocs\pruebasPosta\controllers\MonedasController.php
C:\xampp\htdocs\pruebasPosta\controllers\NcndxconcController.php
C:\xampp\htdocs\pruebasPosta\controllers\NcndxconciController.php
C:\xampp\htdocs\pruebasPosta\controllers\NcndxlotController.php
C:\xampp\htdocs\pruebasPosta\controllers\NivelesController.php
C:\xampp\htdocs\pruebasPosta\controllers\OthersController.php
C:\xampp\htdocs\pruebasPosta\controllers\PagofacturasController.php
C:\xampp\htdocs\pruebasPosta\controllers\PaisesController.php
C:\xampp\htdocs\pruebasPosta\controllers\ProvinciasController.php
C:\xampp\htdocs\pruebasPosta\controllers\RematesController.php
C:\xampp\htdocs\pruebasPosta\controllers\RubrosController.php
C:\xampp\htdocs\pruebasPosta\controllers\SeriesController.php
C:\xampp\htdocs\pruebasPosta\controllers\TipcompController.php
C:\xampp\htdocs\pruebasPosta\controllers\TipoentiController.php
C:\xampp\htdocs\pruebasPosta\controllers\TipoindustriaController.php
C:\xampp\htdocs\pruebasPosta\controllers\TipoivaController.php
C:\xampp\htdocs\pruebasPosta\controllers\UserlevelpermissionsController.php
C:\xampp\htdocs\pruebasPosta\controllers\UserlevelsController.php
C:\xampp\htdocs\pruebasPosta\controllers\UsuariosController.php
C:\xampp\htdocs\pruebasPosta\controllers\VAfacutxconcIController.php
C:\xampp\htdocs\pruebasPosta\controllers\VAfcautxconcBController.php
C:\xampp\htdocs\pruebasPosta\controllers\VAfcautxconcController.php
C:\xampp\htdocs\pruebasPosta\controllers\VAfcautxlotBController.php
C:\xampp\htdocs\pruebasPosta\controllers\VAfcautxlotController.php
C:\xampp\htdocs\pruebasPosta\controllers\VAfcmanxconcController.php
C:\xampp\htdocs\pruebasPosta\controllers\VAfcmanxlotController.php
C:\xampp\htdocs\pruebasPosta\controllers\VAfcxconcA10Controller.php
C:\xampp\htdocs\pruebasPosta\controllers\VAfcxloteA10Controller.php
C:\xampp\htdocs\pruebasPosta\controllers\VAncA4Controller.php
C:\xampp\htdocs\pruebasPosta\controllers\VAncA6Controller.php
C:\xampp\htdocs\pruebasPosta\controllers\VAncB4Controller.php
C:\xampp\htdocs\pruebasPosta\controllers\VAncB6Controller.php
C:\xampp\htdocs\pruebasPosta\controllers\VAncautController.php
C:\xampp\htdocs\pruebasPosta\controllers\VAncmanController.php
C:\xampp\htdocs\pruebasPosta\controllers\VAndA4Controller.php
C:\xampp\htdocs\pruebasPosta\controllers\VAndA6Controller.php
C:\xampp\htdocs\pruebasPosta\controllers\VAndB4Controller.php
C:\xampp\htdocs\pruebasPosta\controllers\VAndB6Controller.php
C:\xampp\htdocs\pruebasPosta\controllers\VAndautController.php
C:\xampp\htdocs\pruebasPosta\controllers\VAndmanController.php
C:\xampp\htdocs\pruebasPosta\controllers\VCargaremateController.php
C:\xampp\htdocs\pruebasPosta\controllers\VListaFacncAController.php
C:\xampp\htdocs\pruebasPosta\controllers\VListaFacncBController.php
C:\xampp\htdocs\pruebasPosta\controllers\VModificarRemateController.php
C:\xampp\htdocs\pruebasPosta\controllers\VRecibocobController.php
C:\xampp\htdocs\pruebasPosta\controllers\VRecibocobunaController.php
C:\xampp\htdocs\pruebasPosta\controllers\VWafcautxconcA10Controller.php
C:\xampp\htdocs\pruebasPosta\controllers\VWancA10Controller.php
C:\xampp\htdocs\pruebasPosta\controllers\VWcbteintController.php
C:\xampp\htdocs\pruebasPosta\controllers\VWcbteintdevController.php
C:\xampp\htdocs\pruebasPosta\css\Subastas2024.scss
C:\xampp\htdocs\pruebasPosta\css\ewpdf.scss
C:\xampp\htdocs\pruebasPosta\css\query-builder.scss
C:\xampp\htdocs\pruebasPosta\css\tabulator_bootstrap5.scss
C:\xampp\htdocs\pruebasPosta\css\tempus-dominus.scss
C:\xampp\htdocs\pruebasPosta\files\index.html
C:\xampp\htdocs\pruebasPosta\index.php
C:\xampp\htdocs\pruebasPosta\js\eweditor.js
C:\xampp\htdocs\pruebasPosta\js\userevent.js
C:\xampp\htdocs\pruebasPosta\js\userfn.js
C:\xampp\htdocs\pruebasPosta\l_comisxremjurisc
C:\xampp\htdocs\pruebasPosta\log\index.html
C:\xampp\htdocs\pruebasPosta\models\AAnulliq.php
C:\xampp\htdocs\pruebasPosta\models\AFacprov.php
C:\xampp\htdocs\pruebasPosta\models\AFcxconci.php
C:\xampp\htdocs\pruebasPosta\models\AFcxconciB.php
C:\xampp\htdocs\pruebasPosta\models\ALiquid.php
C:\xampp\htdocs\pruebasPosta\models\Afcxlot.php
C:\xampp\htdocs\pruebasPosta\models\AjaxClient.php
C:\xampp\htdocs\pruebasPosta\models\Bancos.php
C:\xampp\htdocs\pruebasPosta\models\BancosAdd.php
C:\xampp\htdocs\pruebasPosta\models\BancosDelete.php
C:\xampp\htdocs\pruebasPosta\models\BancosEdit.php
C:\xampp\htdocs\pruebasPosta\models\BancosList.php
C:\xampp\htdocs\pruebasPosta\models\BancosView.php
C:\xampp\htdocs\pruebasPosta\models\Cabfac.php
C:\xampp\htdocs\pruebasPosta\models\CabfacAdd.php
C:\xampp\htdocs\pruebasPosta\models\CabfacDelete.php
C:\xampp\htdocs\pruebasPosta\models\CabfacEdit.php
C:\xampp\htdocs\pruebasPosta\models\CabfacList.php
C:\xampp\htdocs\pruebasPosta\models\CabfacView.php
C:\xampp\htdocs\pruebasPosta\models\Cabrecibo.php
C:\xampp\htdocs\pruebasPosta\models\CabreciboAdd.php
C:\xampp\htdocs\pruebasPosta\models\CabreciboDelete.php
C:\xampp\htdocs\pruebasPosta\models\CabreciboEdit.php
C:\xampp\htdocs\pruebasPosta\models\CabreciboList.php
C:\xampp\htdocs\pruebasPosta\models\CabreciboView.php
C:\xampp\htdocs\pruebasPosta\models\Cabremi.php
C:\xampp\htdocs\pruebasPosta\models\CabremiList.php
C:\xampp\htdocs\pruebasPosta\models\Calificacion.php
C:\xampp\htdocs\pruebasPosta\models\CalificacionAdd.php
C:\xampp\htdocs\pruebasPosta\models\CalificacionDelete.php
C:\xampp\htdocs\pruebasPosta\models\CalificacionEdit.php
C:\xampp\htdocs\pruebasPosta\models\CalificacionList.php
C:\xampp\htdocs\pruebasPosta\models\CalificacionView.php
C:\xampp\htdocs\pruebasPosta\models\Cartvalores.php
C:\xampp\htdocs\pruebasPosta\models\CartvaloresAdd.php
C:\xampp\htdocs\pruebasPosta\models\CartvaloresDelete.php
C:\xampp\htdocs\pruebasPosta\models\CartvaloresEdit.php
C:\xampp\htdocs\pruebasPosta\models\CartvaloresList.php
C:\xampp\htdocs\pruebasPosta\models\CartvaloresView.php
C:\xampp\htdocs\pruebasPosta\models\ChangePassword.php
C:\xampp\htdocs\pruebasPosta\models\Concafact.php
C:\xampp\htdocs\pruebasPosta\models\ConcafactAdd.php
C:\xampp\htdocs\pruebasPosta\models\ConcafactDelete.php
C:\xampp\htdocs\pruebasPosta\models\ConcafactEdit.php
C:\xampp\htdocs\pruebasPosta\models\ConcafactList.php
C:\xampp\htdocs\pruebasPosta\models\ConcafactView.php
C:\xampp\htdocs\pruebasPosta\models\Concafactven.php
C:\xampp\htdocs\pruebasPosta\models\ConcafactvenAdd.php
C:\xampp\htdocs\pruebasPosta\models\ConcafactvenDelete.php
C:\xampp\htdocs\pruebasPosta\models\ConcafactvenEdit.php
C:\xampp\htdocs\pruebasPosta\models\ConcafactvenList.php
C:\xampp\htdocs\pruebasPosta\models\ConcafactvenView.php
C:\xampp\htdocs\pruebasPosta\models\Contactos.php
C:\xampp\htdocs\pruebasPosta\models\Detfac.php
C:\xampp\htdocs\pruebasPosta\models\DetfacAdd.php
C:\xampp\htdocs\pruebasPosta\models\DetfacDelete.php
C:\xampp\htdocs\pruebasPosta\models\DetfacEdit.php
C:\xampp\htdocs\pruebasPosta\models\DetfacGrid.php
C:\xampp\htdocs\pruebasPosta\models\DetfacList.php
C:\xampp\htdocs\pruebasPosta\models\DetfacPreview.php
C:\xampp\htdocs\pruebasPosta\models\DetfacView.php
C:\xampp\htdocs\pruebasPosta\models\Detrecibo.php
C:\xampp\htdocs\pruebasPosta\models\DetreciboAdd.php
C:\xampp\htdocs\pruebasPosta\models\DetreciboDelete.php
C:\xampp\htdocs\pruebasPosta\models\DetreciboEdit.php
C:\xampp\htdocs\pruebasPosta\models\DetreciboGrid.php
C:\xampp\htdocs\pruebasPosta\models\DetreciboList.php
C:\xampp\htdocs\pruebasPosta\models\DetreciboPreview.php
C:\xampp\htdocs\pruebasPosta\models\DetreciboView.php
C:\xampp\htdocs\pruebasPosta\models\Detremi.php
C:\xampp\htdocs\pruebasPosta\models\DetremiList.php
C:\xampp\htdocs\pruebasPosta\models\DirRemates.php
C:\xampp\htdocs\pruebasPosta\models\DirRematesAdd.php
C:\xampp\htdocs\pruebasPosta\models\DirRematesDelete.php
C:\xampp\htdocs\pruebasPosta\models\DirRematesEdit.php
C:\xampp\htdocs\pruebasPosta\models\DirRematesList.php
C:\xampp\htdocs\pruebasPosta\models\DirRematesView.php
C:\xampp\htdocs\pruebasPosta\models\Emicbtes.php
C:\xampp\htdocs\pruebasPosta\models\Emiliquid.php
C:\xampp\htdocs\pruebasPosta\models\Entidades.php
C:\xampp\htdocs\pruebasPosta\models\EntidadesAdd.php
C:\xampp\htdocs\pruebasPosta\models\EntidadesDelete.php
C:\xampp\htdocs\pruebasPosta\models\EntidadesEdit.php
C:\xampp\htdocs\pruebasPosta\models\EntidadesList.php
C:\xampp\htdocs\pruebasPosta\models\EntidadesView.php
C:\xampp\htdocs\pruebasPosta\models\Formapago.php
C:\xampp\htdocs\pruebasPosta\models\FormapagoAdd.php
C:\xampp\htdocs\pruebasPosta\models\FormapagoDelete.php
C:\xampp\htdocs\pruebasPosta\models\FormapagoEdit.php
C:\xampp\htdocs\pruebasPosta\models\FormapagoList.php
C:\xampp\htdocs\pruebasPosta\models\FormapagoView.php
C:\xampp\htdocs\pruebasPosta\models\Impfac.php
C:\xampp\htdocs\pruebasPosta\models\ImpfacList.php
C:\xampp\htdocs\pruebasPosta\models\Imprangos.php
C:\xampp\htdocs\pruebasPosta\models\ImprangosAdd.php
C:\xampp\htdocs\pruebasPosta\models\ImprangosDelete.php
C:\xampp\htdocs\pruebasPosta\models\ImprangosEdit.php
C:\xampp\htdocs\pruebasPosta\models\ImprangosList.php
C:\xampp\htdocs\pruebasPosta\models\ImprangosView.php
C:\xampp\htdocs\pruebasPosta\models\Impuestos.php
C:\xampp\htdocs\pruebasPosta\models\ImpuestosAdd.php
C:\xampp\htdocs\pruebasPosta\models\ImpuestosDelete.php
C:\xampp\htdocs\pruebasPosta\models\ImpuestosEdit.php
C:\xampp\htdocs\pruebasPosta\models\ImpuestosList.php
C:\xampp\htdocs\pruebasPosta\models\ImpuestosView.php
C:\xampp\htdocs\pruebasPosta\models\LBolsenia.php
C:\xampp\htdocs\pruebasPosta\models\LCiticompras.php
C:\xampp\htdocs\pruebasPosta\models\LCiticomprasAlic.php
C:\xampp\htdocs\pruebasPosta\models\LCitiventas.php
C:\xampp\htdocs\pruebasPosta\models\LCitiventasAlic.php
C:\xampp\htdocs\pruebasPosta\models\LComisxremjuris.php
C:\xampp\htdocs\pruebasPosta\models\LComisxremjurist.php
C:\xampp\htdocs\pruebasPosta\models\LComprasXls.php
C:\xampp\htdocs\pruebasPosta\models\LCtacteCli.php
C:\xampp\htdocs\pruebasPosta\models\LFacncint.php
C:\xampp\htdocs\pruebasPosta\models\LFacxmes.php
C:\xampp\htdocs\pruebasPosta\models\LFaltantes.php
C:\xampp\htdocs\pruebasPosta\models\LGastos.php
C:\xampp\htdocs\pruebasPosta\models\LIibSufridas.php
C:\xampp\htdocs\pruebasPosta\models\LIvaxls.php
C:\xampp\htdocs\pruebasPosta\models\LLiqIbb.php
C:\xampp\htdocs\pruebasPosta\models\LLiqymedpago.php
C:\xampp\htdocs\pruebasPosta\models\LLotesXls.php
C:\xampp\htdocs\pruebasPosta\models\LRankingCli.php
C:\xampp\htdocs\pruebasPosta\models\LRankingCliCant.php
C:\xampp\htdocs\pruebasPosta\models\LRankingCliCom.php
C:\xampp\htdocs\pruebasPosta\models\LRankingPro.php
C:\xampp\htdocs\pruebasPosta\models\LRankingProCant.php
C:\xampp\htdocs\pruebasPosta\models\LReciboReemision.php
C:\xampp\htdocs\pruebasPosta\models\LRecymedpag.php
C:\xampp\htdocs\pruebasPosta\models\LRetGananSufridas.php
C:\xampp\htdocs\pruebasPosta\models\LRetIvaPracticadas.php
C:\xampp\htdocs\pruebasPosta\models\LRetIvaSufridas.php
C:\xampp\htdocs\pruebasPosta\models\LRetSussSufridas.php
C:\xampp\htdocs\pruebasPosta\models\LRetenciones.php
C:\xampp\htdocs\pruebasPosta\models\LRetencionesDiv.php
C:\xampp\htdocs\pruebasPosta\models\LVtasxjuris.php
C:\xampp\htdocs\pruebasPosta\models\LVtasxjurisConsolidado.php
C:\xampp\htdocs\pruebasPosta\models\LWafcxlotA10.php
C:\xampp\htdocs\pruebasPosta\models\Liquidacion.php
C:\xampp\htdocs\pruebasPosta\models\LiquidacionAdd.php
C:\xampp\htdocs\pruebasPosta\models\LiquidacionDelete.php
C:\xampp\htdocs\pruebasPosta\models\LiquidacionEdit.php
C:\xampp\htdocs\pruebasPosta\models\LiquidacionList.php
C:\xampp\htdocs\pruebasPosta\models\LiquidacionView.php
C:\xampp\htdocs\pruebasPosta\models\ListaBoletase.php
C:\xampp\htdocs\pruebasPosta\models\ListaCatalogo.php
C:\xampp\htdocs\pruebasPosta\models\ListaFacncAConsultar.php
C:\xampp\htdocs\pruebasPosta\models\ListaFacncBConsultar.php
C:\xampp\htdocs\pruebasPosta\models\ListaFacxremate.php
C:\xampp\htdocs\pruebasPosta\models\ListaImpdebxrem.php
C:\xampp\htdocs\pruebasPosta\models\ListaImportLotes.php
C:\xampp\htdocs\pruebasPosta\models\ListaIvacompras.php
C:\xampp\htdocs\pruebasPosta\models\ListaIvaventas.php
C:\xampp\htdocs\pruebasPosta\models\ListaLotesweb.php
C:\xampp\htdocs\pruebasPosta\models\ListaMartillero.php
C:\xampp\htdocs\pruebasPosta\models\ListaPasolotesparc.php
C:\xampp\htdocs\pruebasPosta\models\ListaPasolotesweb.php
C:\xampp\htdocs\pruebasPosta\models\ListaRematador.php
C:\xampp\htdocs\pruebasPosta\models\ListaVendedor.php
C:\xampp\htdocs\pruebasPosta\models\Localidades.php
C:\xampp\htdocs\pruebasPosta\models\LocalidadesAdd.php
C:\xampp\htdocs\pruebasPosta\models\LocalidadesDelete.php
C:\xampp\htdocs\pruebasPosta\models\LocalidadesEdit.php
C:\xampp\htdocs\pruebasPosta\models\LocalidadesList.php
C:\xampp\htdocs\pruebasPosta\models\LocalidadesView.php
C:\xampp\htdocs\pruebasPosta\models\Login.php
C:\xampp\htdocs\pruebasPosta\models\Logout.php
C:\xampp\htdocs\pruebasPosta\models\Lotes.php
C:\xampp\htdocs\pruebasPosta\models\Lotes05.php
C:\xampp\htdocs\pruebasPosta\models\LotesDelete.php
C:\xampp\htdocs\pruebasPosta\models\LotesEdit.php
C:\xampp\htdocs\pruebasPosta\models\LotesGrid.php
C:\xampp\htdocs\pruebasPosta\models\LotesList.php
C:\xampp\htdocs\pruebasPosta\models\LotesPreview.php
C:\xampp\htdocs\pruebasPosta\models\LotesView.php
C:\xampp\htdocs\pruebasPosta\models\Medpago.php
C:\xampp\htdocs\pruebasPosta\models\MedpagoAdd.php
C:\xampp\htdocs\pruebasPosta\models\MedpagoDelete.php
C:\xampp\htdocs\pruebasPosta\models\MedpagoEdit.php
C:\xampp\htdocs\pruebasPosta\models\MedpagoList.php
C:\xampp\htdocs\pruebasPosta\models\MedpagoView.php
C:\xampp\htdocs\pruebasPosta\models\Monedas.php
C:\xampp\htdocs\pruebasPosta\models\MonedasAdd.php
C:\xampp\htdocs\pruebasPosta\models\MonedasDelete.php
C:\xampp\htdocs\pruebasPosta\models\MonedasEdit.php
C:\xampp\htdocs\pruebasPosta\models\MonedasList.php
C:\xampp\htdocs\pruebasPosta\models\MonedasView.php
C:\xampp\htdocs\pruebasPosta\models\Ncndxconc.php
C:\xampp\htdocs\pruebasPosta\models\Ncndxconci.php
C:\xampp\htdocs\pruebasPosta\models\Ncndxlot.php
C:\xampp\htdocs\pruebasPosta\models\Niveles.php
C:\xampp\htdocs\pruebasPosta\models\NivelesAdd.php
C:\xampp\htdocs\pruebasPosta\models\NivelesDelete.php
C:\xampp\htdocs\pruebasPosta\models\NivelesEdit.php
C:\xampp\htdocs\pruebasPosta\models\NivelesList.php
C:\xampp\htdocs\pruebasPosta\models\NivelesView.php
C:\xampp\htdocs\pruebasPosta\models\Pagofacturas.php
C:\xampp\htdocs\pruebasPosta\models\Paises.php
C:\xampp\htdocs\pruebasPosta\models\PaisesAdd.php
C:\xampp\htdocs\pruebasPosta\models\PaisesDelete.php
C:\xampp\htdocs\pruebasPosta\models\PaisesEdit.php
C:\xampp\htdocs\pruebasPosta\models\PaisesList.php
C:\xampp\htdocs\pruebasPosta\models\PaisesView.php
C:\xampp\htdocs\pruebasPosta\models\PersonalData.php
C:\xampp\htdocs\pruebasPosta\models\Provincias.php
C:\xampp\htdocs\pruebasPosta\models\ProvinciasAdd.php
C:\xampp\htdocs\pruebasPosta\models\ProvinciasDelete.php
C:\xampp\htdocs\pruebasPosta\models\ProvinciasEdit.php
C:\xampp\htdocs\pruebasPosta\models\ProvinciasList.php
C:\xampp\htdocs\pruebasPosta\models\ProvinciasView.php
C:\xampp\htdocs\pruebasPosta\models\Remates.php
C:\xampp\htdocs\pruebasPosta\models\RematesDelete.php
C:\xampp\htdocs\pruebasPosta\models\RematesEdit.php
C:\xampp\htdocs\pruebasPosta\models\RematesList.php
C:\xampp\htdocs\pruebasPosta\models\RematesView.php
C:\xampp\htdocs\pruebasPosta\models\Remateweb.php
C:\xampp\htdocs\pruebasPosta\models\ResetPassword.php
C:\xampp\htdocs\pruebasPosta\models\Rubros.php
C:\xampp\htdocs\pruebasPosta\models\RubrosAdd.php
C:\xampp\htdocs\pruebasPosta\models\RubrosDelete.php
C:\xampp\htdocs\pruebasPosta\models\RubrosEdit.php
C:\xampp\htdocs\pruebasPosta\models\RubrosList.php
C:\xampp\htdocs\pruebasPosta\models\RubrosView.php
C:\xampp\htdocs\pruebasPosta\models\Series.php
C:\xampp\htdocs\pruebasPosta\models\SeriesAdd.php
C:\xampp\htdocs\pruebasPosta\models\SeriesDelete.php
C:\xampp\htdocs\pruebasPosta\models\SeriesEdit.php
C:\xampp\htdocs\pruebasPosta\models\SeriesList.php
C:\xampp\htdocs\pruebasPosta\models\SeriesView.php
C:\xampp\htdocs\pruebasPosta\models\Sucbancos.php
C:\xampp\htdocs\pruebasPosta\models\Tipcomp.php
C:\xampp\htdocs\pruebasPosta\models\TipcompAdd.php
C:\xampp\htdocs\pruebasPosta\models\TipcompDelete.php
C:\xampp\htdocs\pruebasPosta\models\TipcompEdit.php
C:\xampp\htdocs\pruebasPosta\models\TipcompList.php
C:\xampp\htdocs\pruebasPosta\models\TipcompView.php
C:\xampp\htdocs\pruebasPosta\models\Tipoenti.php
C:\xampp\htdocs\pruebasPosta\models\TipoentiAdd.php
C:\xampp\htdocs\pruebasPosta\models\TipoentiDelete.php
C:\xampp\htdocs\pruebasPosta\models\TipoentiEdit.php
C:\xampp\htdocs\pruebasPosta\models\TipoentiList.php
C:\xampp\htdocs\pruebasPosta\models\TipoentiView.php
C:\xampp\htdocs\pruebasPosta\models\Tipoindustria.php
C:\xampp\htdocs\pruebasPosta\models\TipoindustriaAdd.php
C:\xampp\htdocs\pruebasPosta\models\TipoindustriaDelete.php
C:\xampp\htdocs\pruebasPosta\models\TipoindustriaEdit.php
C:\xampp\htdocs\pruebasPosta\models\TipoindustriaList.php
C:\xampp\htdocs\pruebasPosta\models\TipoindustriaView.php
C:\xampp\htdocs\pruebasPosta\models\Tipoiva.php
C:\xampp\htdocs\pruebasPosta\models\TipoivaAdd.php
C:\xampp\htdocs\pruebasPosta\models\TipoivaDelete.php
C:\xampp\htdocs\pruebasPosta\models\TipoivaEdit.php
C:\xampp\htdocs\pruebasPosta\models\TipoivaList.php
C:\xampp\htdocs\pruebasPosta\models\TipoivaView.php
C:\xampp\htdocs\pruebasPosta\models\Userlevelpermissions.php
C:\xampp\htdocs\pruebasPosta\models\UserlevelpermissionsAdd.php
C:\xampp\htdocs\pruebasPosta\models\UserlevelpermissionsDelete.php
C:\xampp\htdocs\pruebasPosta\models\UserlevelpermissionsEdit.php
C:\xampp\htdocs\pruebasPosta\models\UserlevelpermissionsList.php
C:\xampp\htdocs\pruebasPosta\models\UserlevelpermissionsView.php
C:\xampp\htdocs\pruebasPosta\models\Userlevels.php
C:\xampp\htdocs\pruebasPosta\models\UserlevelsAdd.php
C:\xampp\htdocs\pruebasPosta\models\UserlevelsDelete.php
C:\xampp\htdocs\pruebasPosta\models\UserlevelsEdit.php
C:\xampp\htdocs\pruebasPosta\models\UserlevelsList.php
C:\xampp\htdocs\pruebasPosta\models\UserlevelsView.php
C:\xampp\htdocs\pruebasPosta\models\Userpriv.php
C:\xampp\htdocs\pruebasPosta\models\Usuarios.php
C:\xampp\htdocs\pruebasPosta\models\UsuariosAdd.php
C:\xampp\htdocs\pruebasPosta\models\UsuariosDelete.php
C:\xampp\htdocs\pruebasPosta\models\UsuariosEdit.php
C:\xampp\htdocs\pruebasPosta\models\UsuariosList.php
C:\xampp\htdocs\pruebasPosta\models\UsuariosView.php
C:\xampp\htdocs\pruebasPosta\models\VAfacutxconcI.php
C:\xampp\htdocs\pruebasPosta\models\VAfcautxconc.php
C:\xampp\htdocs\pruebasPosta\models\VAfcautxconcB.php
C:\xampp\htdocs\pruebasPosta\models\VAfcautxlot.php
C:\xampp\htdocs\pruebasPosta\models\VAfcautxlotB.php
C:\xampp\htdocs\pruebasPosta\models\VAfcmanxconc.php
C:\xampp\htdocs\pruebasPosta\models\VAfcmanxlot.php
C:\xampp\htdocs\pruebasPosta\models\VAfcxconcA10.php
C:\xampp\htdocs\pruebasPosta\models\VAfcxloteA10.php
C:\xampp\htdocs\pruebasPosta\models\VAncA4.php
C:\xampp\htdocs\pruebasPosta\models\VAncA6.php
C:\xampp\htdocs\pruebasPosta\models\VAncB4.php
C:\xampp\htdocs\pruebasPosta\models\VAncB6.php
C:\xampp\htdocs\pruebasPosta\models\VAncaut.php
C:\xampp\htdocs\pruebasPosta\models\VAncman.php
C:\xampp\htdocs\pruebasPosta\models\VAndA4.php
C:\xampp\htdocs\pruebasPosta\models\VAndA6.php
C:\xampp\htdocs\pruebasPosta\models\VAndB4.php
C:\xampp\htdocs\pruebasPosta\models\VAndB6.php
C:\xampp\htdocs\pruebasPosta\models\VAndaut.php
C:\xampp\htdocs\pruebasPosta\models\VAndman.php
C:\xampp\htdocs\pruebasPosta\models\VCargaremate.php
C:\xampp\htdocs\pruebasPosta\models\VListaFacncA.php
C:\xampp\htdocs\pruebasPosta\models\VListaFacncB.php
C:\xampp\htdocs\pruebasPosta\models\VModificarRemate.php
C:\xampp\htdocs\pruebasPosta\models\VRecibocob.php
C:\xampp\htdocs\pruebasPosta\models\VRecibocobuna.php
C:\xampp\htdocs\pruebasPosta\models\VWafcautxconcA10.php
C:\xampp\htdocs\pruebasPosta\models\VWancA10.php
C:\xampp\htdocs\pruebasPosta\models\VWcbteint.php
C:\xampp\htdocs\pruebasPosta\models\VWcbteintdev.php
C:\xampp\htdocs\pruebasPosta\package.json
C:\xampp\htdocs\pruebasPosta\src\AbstractController.php
C:\xampp\htdocs\pruebasPosta\src\AbstractEntity.php
C:\xampp\htdocs\pruebasPosta\src\AbstractExport.php
C:\xampp\htdocs\pruebasPosta\src\AbstractExportBase.php
C:\xampp\htdocs\pruebasPosta\src\AbstractTwoFactorAuthentication.php
C:\xampp\htdocs\pruebasPosta\src\AdvancedFilter.php
C:\xampp\htdocs\pruebasPosta\src\AdvancedSearch.php
C:\xampp\htdocs\pruebasPosta\src\AdvancedSecurity.php
C:\xampp\htdocs\pruebasPosta\src\Allow.php
C:\xampp\htdocs\pruebasPosta\src\ApiActionEvent.php
C:\xampp\htdocs\pruebasPosta\src\ApiPermissionMiddleware.php
C:\xampp\htdocs\pruebasPosta\src\Attributes.php
C:\xampp\htdocs\pruebasPosta\src\Attributes\Delete.php
C:\xampp\htdocs\pruebasPosta\src\Attributes\Get.php
C:\xampp\htdocs\pruebasPosta\src\Attributes\Map.php
C:\xampp\htdocs\pruebasPosta\src\Attributes\Options.php
C:\xampp\htdocs\pruebasPosta\src\Attributes\Patch.php
C:\xampp\htdocs\pruebasPosta\src\Attributes\Post.php
C:\xampp\htdocs\pruebasPosta\src\Attributes\Put.php
C:\xampp\htdocs\pruebasPosta\src\AuditTrailHandler.php
C:\xampp\htdocs\pruebasPosta\src\AzureAD.php
C:\xampp\htdocs\pruebasPosta\src\BasicSearch.php
C:\xampp\htdocs\pruebasPosta\src\Breadcrumb.php
C:\xampp\htdocs\pruebasPosta\src\BytesType.php
C:\xampp\htdocs\pruebasPosta\src\CaptchaBase.php
C:\xampp\htdocs\pruebasPosta\src\CaptchaInterface.php
C:\xampp\htdocs\pruebasPosta\src\ChartExporter.php
C:\xampp\htdocs\pruebasPosta\src\ChartRendererInterface.php
C:\xampp\htdocs\pruebasPosta\src\ChartTypes.php
C:\xampp\htdocs\pruebasPosta\src\ConfigurationEvent.php
C:\xampp\htdocs\pruebasPosta\src\ContainerBuildEvent.php
C:\xampp\htdocs\pruebasPosta\src\CorsMiddleware.php
C:\xampp\htdocs\pruebasPosta\src\CrosstabColumn.php
C:\xampp\htdocs\pruebasPosta\src\CrosstabTable.php
C:\xampp\htdocs\pruebasPosta\src\CustomUploadHandler.php
C:\xampp\htdocs\pruebasPosta\src\DataType.php
C:\xampp\htdocs\pruebasPosta\src\DatabaseConnectedEvent.php
C:\xampp\htdocs\pruebasPosta\src\DatabaseConnectingEvent.php
C:\xampp\htdocs\pruebasPosta\src\DbChart.php
C:\xampp\htdocs\pruebasPosta\src\DbField.php
C:\xampp\htdocs\pruebasPosta\src\DbTable.php
C:\xampp\htdocs\pruebasPosta\src\DbTableBase.php
C:\xampp\htdocs\pruebasPosta\src\DebugSqlLogger.php
C:\xampp\htdocs\pruebasPosta\src\Email.php
C:\xampp\htdocs\pruebasPosta\src\EmailTwoFactorAuthentication.php
C:\xampp\htdocs\pruebasPosta\src\EntityDescriptor.php
C:\xampp\htdocs\pruebasPosta\src\Entity\Banco.php
C:\xampp\htdocs\pruebasPosta\src\Entity\Cabfac.php
C:\xampp\htdocs\pruebasPosta\src\Entity\Cabrecibo.php
C:\xampp\htdocs\pruebasPosta\src\Entity\Cabremi.php
C:\xampp\htdocs\pruebasPosta\src\Entity\Calificacion.php
C:\xampp\htdocs\pruebasPosta\src\Entity\Cartvalore.php
C:\xampp\htdocs\pruebasPosta\src\Entity\Concafact.php
C:\xampp\htdocs\pruebasPosta\src\Entity\Concafactven.php
C:\xampp\htdocs\pruebasPosta\src\Entity\Detfac.php
C:\xampp\htdocs\pruebasPosta\src\Entity\Detrecibo.php
C:\xampp\htdocs\pruebasPosta\src\Entity\Detremi.php
C:\xampp\htdocs\pruebasPosta\src\Entity\DirRemate.php
C:\xampp\htdocs\pruebasPosta\src\Entity\Entidade.php
C:\xampp\htdocs\pruebasPosta\src\Entity\Formapago.php
C:\xampp\htdocs\pruebasPosta\src\Entity\Impfac.php
C:\xampp\htdocs\pruebasPosta\src\Entity\Imprango.php
C:\xampp\htdocs\pruebasPosta\src\Entity\Impuesto.php
C:\xampp\htdocs\pruebasPosta\src\Entity\Liquidacion.php
C:\xampp\htdocs\pruebasPosta\src\Entity\Localidade.php
C:\xampp\htdocs\pruebasPosta\src\Entity\Lote.php
C:\xampp\htdocs\pruebasPosta\src\Entity\Medpago.php
C:\xampp\htdocs\pruebasPosta\src\Entity\Moneda.php
C:\xampp\htdocs\pruebasPosta\src\Entity\Nivele.php
C:\xampp\htdocs\pruebasPosta\src\Entity\Paise.php
C:\xampp\htdocs\pruebasPosta\src\Entity\Provincia.php
C:\xampp\htdocs\pruebasPosta\src\Entity\Remate.php
C:\xampp\htdocs\pruebasPosta\src\Entity\Rubro.php
C:\xampp\htdocs\pruebasPosta\src\Entity\Series.php
C:\xampp\htdocs\pruebasPosta\src\Entity\Tipcomp.php
C:\xampp\htdocs\pruebasPosta\src\Entity\Tipoenti.php
C:\xampp\htdocs\pruebasPosta\src\Entity\Tipoindustria.php
C:\xampp\htdocs\pruebasPosta\src\Entity\Tipoiva.php
C:\xampp\htdocs\pruebasPosta\src\Entity\Userlevel.php
C:\xampp\htdocs\pruebasPosta\src\Entity\Userlevelpermission.php
C:\xampp\htdocs\pruebasPosta\src\Entity\Usuario.php
C:\xampp\htdocs\pruebasPosta\src\ExportCsv.php
C:\xampp\htdocs\pruebasPosta\src\ExportEmail.php
C:\xampp\htdocs\pruebasPosta\src\ExportExcel.php
C:\xampp\htdocs\pruebasPosta\src\ExportHandler.php
C:\xampp\htdocs\pruebasPosta\src\ExportHtml.php
C:\xampp\htdocs\pruebasPosta\src\ExportJson.php
C:\xampp\htdocs\pruebasPosta\src\ExportPdf.php
C:\xampp\htdocs\pruebasPosta\src\ExportWord.php
C:\xampp\htdocs\pruebasPosta\src\ExportXml.php
C:\xampp\htdocs\pruebasPosta\src\FileUploadHandler.php
C:\xampp\htdocs\pruebasPosta\src\FileViewer.php
C:\xampp\htdocs\pruebasPosta\src\ForceLogoutUserAction.php
C:\xampp\htdocs\pruebasPosta\src\GeographyType.php
C:\xampp\htdocs\pruebasPosta\src\GeometryType.php
C:\xampp\htdocs\pruebasPosta\src\HierarchyIdType.php
C:\xampp\htdocs\pruebasPosta\src\HttpErrorHandler.php
C:\xampp\htdocs\pruebasPosta\src\HttpForm.php
C:\xampp\htdocs\pruebasPosta\src\HttpServiceUnavailableException.php
C:\xampp\htdocs\pruebasPosta\src\HttpSession.php
C:\xampp\htdocs\pruebasPosta\src\HttpUpload.php
C:\xampp\htdocs\pruebasPosta\src\JwtMiddleware.php
C:\xampp\htdocs\pruebasPosta\src\Language.php
C:\xampp\htdocs\pruebasPosta\src\LanguageLoadEvent.php
C:\xampp\htdocs\pruebasPosta\src\LaravelSessionMiddleware.php
C:\xampp\htdocs\pruebasPosta\src\LdapConn.php
C:\xampp\htdocs\pruebasPosta\src\ListAction.php
C:\xampp\htdocs\pruebasPosta\src\ListActions.php
C:\xampp\htdocs\pruebasPosta\src\ListOption.php
C:\xampp\htdocs\pruebasPosta\src\ListOptions.php
C:\xampp\htdocs\pruebasPosta\src\ListOptionsArray.php
C:\xampp\htdocs\pruebasPosta\src\LoginStatusEvent.php
C:\xampp\htdocs\pruebasPosta\src\Lookup.php
C:\xampp\htdocs\pruebasPosta\src\MaintenanceMiddleware.php
C:\xampp\htdocs\pruebasPosta\src\Menu.php
C:\xampp\htdocs\pruebasPosta\src\MenuItem.php
C:\xampp\htdocs\pruebasPosta\src\MenuItemAddingEvent.php
C:\xampp\htdocs\pruebasPosta\src\MenuRenderedEvent.php
C:\xampp\htdocs\pruebasPosta\src\MenuRenderingEvent.php
C:\xampp\htdocs\pruebasPosta\src\MessagesTrait.php
C:\xampp\htdocs\pruebasPosta\src\NumericPager.php
C:\xampp\htdocs\pruebasPosta\src\OptionValues.php
C:\xampp\htdocs\pruebasPosta\src\PageLoadingEvent.php
C:\xampp\htdocs\pruebasPosta\src\PageRenderingEvent.php
C:\xampp\htdocs\pruebasPosta\src\PageUnloadedEvent.php
C:\xampp\htdocs\pruebasPosta\src\Pager.php
C:\xampp\htdocs\pruebasPosta\src\PagerItem.php
C:\xampp\htdocs\pruebasPosta\src\PasswordHash.php
C:\xampp\htdocs\pruebasPosta\src\PermissionMiddleware.php
C:\xampp\htdocs\pruebasPosta\src\PhpEncryption.php
C:\xampp\htdocs\pruebasPosta\src\PragmaRxTwoFactorAuthentication.php
C:\xampp\htdocs\pruebasPosta\src\PrevNextPager.php
C:\xampp\htdocs\pruebasPosta\src\PushNotification.php
C:\xampp\htdocs\pruebasPosta\src\ReportField.php
C:\xampp\htdocs\pruebasPosta\src\ReportTable.php
C:\xampp\htdocs\pruebasPosta\src\ResendRegisterEmailAction.php
C:\xampp\htdocs\pruebasPosta\src\ResetConcurrentUserAction.php
C:\xampp\htdocs\pruebasPosta\src\ResetLoginRetryAction.php
C:\xampp\htdocs\pruebasPosta\src\ResetUserSecretAction.php
C:\xampp\htdocs\pruebasPosta\src\RouteActionEvent.php
C:\xampp\htdocs\pruebasPosta\src\RouteAttributes.php
C:\xampp\htdocs\pruebasPosta\src\RowSummary.php
C:\xampp\htdocs\pruebasPosta\src\RowTotal.php
C:\xampp\htdocs\pruebasPosta\src\RowType.php
C:\xampp\htdocs\pruebasPosta\src\Saml2.php
C:\xampp\htdocs\pruebasPosta\src\SessionHandler.php
C:\xampp\htdocs\pruebasPosta\src\SetPasswordExpiredAction.php
C:\xampp\htdocs\pruebasPosta\src\Sms.php
C:\xampp\htdocs\pruebasPosta\src\SmsTwoFactorAuthentication.php
C:\xampp\htdocs\pruebasPosta\src\SsoStateSessionStore.php
C:\xampp\htdocs\pruebasPosta\src\SubPage.php
C:\xampp\htdocs\pruebasPosta\src\SubPages.php
C:\xampp\htdocs\pruebasPosta\src\SummaryField.php
C:\xampp\htdocs\pruebasPosta\src\Timer.php
C:\xampp\htdocs\pruebasPosta\src\TwoFactorAuthenticationInterface.php
C:\xampp\htdocs\pruebasPosta\src\UploadHandler.php
C:\xampp\htdocs\pruebasPosta\src\UserProfile.php
C:\xampp\htdocs\pruebasPosta\src\XmlDocument.php
C:\xampp\htdocs\pruebasPosta\src\apiroutes.php
C:\xampp\htdocs\pruebasPosta\src\config.development.php
C:\xampp\htdocs\pruebasPosta\src\config.php
C:\xampp\htdocs\pruebasPosta\src\config.production.php
C:\xampp\htdocs\pruebasPosta\src\constants.php
C:\xampp\htdocs\pruebasPosta\src\definitions.php
C:\xampp\htdocs\pruebasPosta\src\phpfn.php
C:\xampp\htdocs\pruebasPosta\src\routes.php
C:\xampp\htdocs\pruebasPosta\src\userfn.php
C:\xampp\htdocs\pruebasPosta\src\userlevelsettings.php
C:\xampp\htdocs\pruebasPosta\views\AAnulliq.php
C:\xampp\htdocs\pruebasPosta\views\AFacprov.php
C:\xampp\htdocs\pruebasPosta\views\AFcxconci.php
C:\xampp\htdocs\pruebasPosta\views\AFcxconciB.php
C:\xampp\htdocs\pruebasPosta\views\ALiquid.php
C:\xampp\htdocs\pruebasPosta\views\Afcxlot.php
C:\xampp\htdocs\pruebasPosta\views\BancosAdd.php
C:\xampp\htdocs\pruebasPosta\views\BancosDelete.php
C:\xampp\htdocs\pruebasPosta\views\BancosEdit.php
C:\xampp\htdocs\pruebasPosta\views\BancosList.php
C:\xampp\htdocs\pruebasPosta\views\BancosView.php
C:\xampp\htdocs\pruebasPosta\views\CabfacAdd.php
C:\xampp\htdocs\pruebasPosta\views\CabfacDelete.php
C:\xampp\htdocs\pruebasPosta\views\CabfacEdit.php
C:\xampp\htdocs\pruebasPosta\views\CabfacList.php
C:\xampp\htdocs\pruebasPosta\views\CabfacMaster.php
C:\xampp\htdocs\pruebasPosta\views\CabfacView.php
C:\xampp\htdocs\pruebasPosta\views\CabreciboAdd.php
C:\xampp\htdocs\pruebasPosta\views\CabreciboDelete.php
C:\xampp\htdocs\pruebasPosta\views\CabreciboEdit.php
C:\xampp\htdocs\pruebasPosta\views\CabreciboList.php
C:\xampp\htdocs\pruebasPosta\views\CabreciboMaster.php
C:\xampp\htdocs\pruebasPosta\views\CabreciboView.php
C:\xampp\htdocs\pruebasPosta\views\CabremiList.php
C:\xampp\htdocs\pruebasPosta\views\CalificacionAdd.php
C:\xampp\htdocs\pruebasPosta\views\CalificacionDelete.php
C:\xampp\htdocs\pruebasPosta\views\CalificacionEdit.php
C:\xampp\htdocs\pruebasPosta\views\CalificacionList.php
C:\xampp\htdocs\pruebasPosta\views\CalificacionView.php
C:\xampp\htdocs\pruebasPosta\views\CartvaloresAdd.php
C:\xampp\htdocs\pruebasPosta\views\CartvaloresDelete.php
C:\xampp\htdocs\pruebasPosta\views\CartvaloresEdit.php
C:\xampp\htdocs\pruebasPosta\views\CartvaloresList.php
C:\xampp\htdocs\pruebasPosta\views\CartvaloresView.php
C:\xampp\htdocs\pruebasPosta\views\ChangePassword.php
C:\xampp\htdocs\pruebasPosta\views\ConcafactAdd.php
C:\xampp\htdocs\pruebasPosta\views\ConcafactDelete.php
C:\xampp\htdocs\pruebasPosta\views\ConcafactEdit.php
C:\xampp\htdocs\pruebasPosta\views\ConcafactList.php
C:\xampp\htdocs\pruebasPosta\views\ConcafactView.php
C:\xampp\htdocs\pruebasPosta\views\ConcafactvenAdd.php
C:\xampp\htdocs\pruebasPosta\views\ConcafactvenDelete.php
C:\xampp\htdocs\pruebasPosta\views\ConcafactvenEdit.php
C:\xampp\htdocs\pruebasPosta\views\ConcafactvenList.php
C:\xampp\htdocs\pruebasPosta\views\ConcafactvenView.php
C:\xampp\htdocs\pruebasPosta\views\DetfacAdd.php
C:\xampp\htdocs\pruebasPosta\views\DetfacDelete.php
C:\xampp\htdocs\pruebasPosta\views\DetfacEdit.php
C:\xampp\htdocs\pruebasPosta\views\DetfacGrid.php
C:\xampp\htdocs\pruebasPosta\views\DetfacList.php
C:\xampp\htdocs\pruebasPosta\views\DetfacPreview.php
C:\xampp\htdocs\pruebasPosta\views\DetfacView.php
C:\xampp\htdocs\pruebasPosta\views\DetreciboAdd.php
C:\xampp\htdocs\pruebasPosta\views\DetreciboDelete.php
C:\xampp\htdocs\pruebasPosta\views\DetreciboEdit.php
C:\xampp\htdocs\pruebasPosta\views\DetreciboGrid.php
C:\xampp\htdocs\pruebasPosta\views\DetreciboList.php
C:\xampp\htdocs\pruebasPosta\views\DetreciboPreview.php
C:\xampp\htdocs\pruebasPosta\views\DetreciboView.php
C:\xampp\htdocs\pruebasPosta\views\DetremiList.php
C:\xampp\htdocs\pruebasPosta\views\DirRematesAdd.php
C:\xampp\htdocs\pruebasPosta\views\DirRematesDelete.php
C:\xampp\htdocs\pruebasPosta\views\DirRematesEdit.php
C:\xampp\htdocs\pruebasPosta\views\DirRematesList.php
C:\xampp\htdocs\pruebasPosta\views\DirRematesView.php
C:\xampp\htdocs\pruebasPosta\views\Emicbtes.php
C:\xampp\htdocs\pruebasPosta\views\Emiliquid.php
C:\xampp\htdocs\pruebasPosta\views\EntidadesAdd.php
C:\xampp\htdocs\pruebasPosta\views\EntidadesDelete.php
C:\xampp\htdocs\pruebasPosta\views\EntidadesEdit.php
C:\xampp\htdocs\pruebasPosta\views\EntidadesList.php
C:\xampp\htdocs\pruebasPosta\views\EntidadesView.php
C:\xampp\htdocs\pruebasPosta\views\Error.php
C:\xampp\htdocs\pruebasPosta\views\FormapagoAdd.php
C:\xampp\htdocs\pruebasPosta\views\FormapagoDelete.php
C:\xampp\htdocs\pruebasPosta\views\FormapagoEdit.php
C:\xampp\htdocs\pruebasPosta\views\FormapagoList.php
C:\xampp\htdocs\pruebasPosta\views\FormapagoView.php
C:\xampp\htdocs\pruebasPosta\views\ImpfacList.php
C:\xampp\htdocs\pruebasPosta\views\ImprangosAdd.php
C:\xampp\htdocs\pruebasPosta\views\ImprangosDelete.php
C:\xampp\htdocs\pruebasPosta\views\ImprangosEdit.php
C:\xampp\htdocs\pruebasPosta\views\ImprangosList.php
C:\xampp\htdocs\pruebasPosta\views\ImprangosView.php
C:\xampp\htdocs\pruebasPosta\views\ImpuestosAdd.php
C:\xampp\htdocs\pruebasPosta\views\ImpuestosDelete.php
C:\xampp\htdocs\pruebasPosta\views\ImpuestosEdit.php
C:\xampp\htdocs\pruebasPosta\views\ImpuestosList.php
C:\xampp\htdocs\pruebasPosta\views\ImpuestosView.php
C:\xampp\htdocs\pruebasPosta\views\LBolsenia.php
C:\xampp\htdocs\pruebasPosta\views\LCiticompras.php
C:\xampp\htdocs\pruebasPosta\views\LCiticomprasAlic.php
C:\xampp\htdocs\pruebasPosta\views\LCitiventas.php
C:\xampp\htdocs\pruebasPosta\views\LCitiventasAlic.php
C:\xampp\htdocs\pruebasPosta\views\LComisxremjuris.php
C:\xampp\htdocs\pruebasPosta\views\LComisxremjurist.php
C:\xampp\htdocs\pruebasPosta\views\LComprasXls.php
C:\xampp\htdocs\pruebasPosta\views\LCtacteCli.php
C:\xampp\htdocs\pruebasPosta\views\LFacncint.php
C:\xampp\htdocs\pruebasPosta\views\LFacxmes.php
C:\xampp\htdocs\pruebasPosta\views\LFaltantes.php
C:\xampp\htdocs\pruebasPosta\views\LGastos.php
C:\xampp\htdocs\pruebasPosta\views\LIibSufridas.php
C:\xampp\htdocs\pruebasPosta\views\LIvaxls.php
C:\xampp\htdocs\pruebasPosta\views\LLiqIbb.php
C:\xampp\htdocs\pruebasPosta\views\LLiqymedpago.php
C:\xampp\htdocs\pruebasPosta\views\LLotesXls.php
C:\xampp\htdocs\pruebasPosta\views\LRankingCli.php
C:\xampp\htdocs\pruebasPosta\views\LRankingCliCant.php
C:\xampp\htdocs\pruebasPosta\views\LRankingCliCom.php
C:\xampp\htdocs\pruebasPosta\views\LRankingPro.php
C:\xampp\htdocs\pruebasPosta\views\LRankingProCant.php
C:\xampp\htdocs\pruebasPosta\views\LReciboReemision.php
C:\xampp\htdocs\pruebasPosta\views\LRecymedpag.php
C:\xampp\htdocs\pruebasPosta\views\LRetGananSufridas.php
C:\xampp\htdocs\pruebasPosta\views\LRetIvaPracticadas.php
C:\xampp\htdocs\pruebasPosta\views\LRetIvaSufridas.php
C:\xampp\htdocs\pruebasPosta\views\LRetSussSufridas.php
C:\xampp\htdocs\pruebasPosta\views\LRetenciones.php
C:\xampp\htdocs\pruebasPosta\views\LRetencionesDiv.php
C:\xampp\htdocs\pruebasPosta\views\LVtasxjuris.php
C:\xampp\htdocs\pruebasPosta\views\LVtasxjurisConsolidado.php
C:\xampp\htdocs\pruebasPosta\views\LWafcxlotA10.php
C:\xampp\htdocs\pruebasPosta\views\LiquidacionAdd.php
C:\xampp\htdocs\pruebasPosta\views\LiquidacionDelete.php
C:\xampp\htdocs\pruebasPosta\views\LiquidacionEdit.php
C:\xampp\htdocs\pruebasPosta\views\LiquidacionList.php
C:\xampp\htdocs\pruebasPosta\views\LiquidacionView.php
C:\xampp\htdocs\pruebasPosta\views\ListaBoletase.php
C:\xampp\htdocs\pruebasPosta\views\ListaCatalogo.php
C:\xampp\htdocs\pruebasPosta\views\ListaFacncAConsultar.php
C:\xampp\htdocs\pruebasPosta\views\ListaFacncBConsultar.php
C:\xampp\htdocs\pruebasPosta\views\ListaFacxremate.php
C:\xampp\htdocs\pruebasPosta\views\ListaImpdebxrem.php
C:\xampp\htdocs\pruebasPosta\views\ListaImportLotes.php
C:\xampp\htdocs\pruebasPosta\views\ListaIvacompras.php
C:\xampp\htdocs\pruebasPosta\views\ListaIvaventas.php
C:\xampp\htdocs\pruebasPosta\views\ListaLotesweb.php
C:\xampp\htdocs\pruebasPosta\views\ListaMartillero.php
C:\xampp\htdocs\pruebasPosta\views\ListaPasolotesparc.php
C:\xampp\htdocs\pruebasPosta\views\ListaPasolotesweb.php
C:\xampp\htdocs\pruebasPosta\views\ListaRematador.php
C:\xampp\htdocs\pruebasPosta\views\ListaVendedor.php
C:\xampp\htdocs\pruebasPosta\views\LocalidadesAdd.php
C:\xampp\htdocs\pruebasPosta\views\LocalidadesDelete.php
C:\xampp\htdocs\pruebasPosta\views\LocalidadesEdit.php
C:\xampp\htdocs\pruebasPosta\views\LocalidadesList.php
C:\xampp\htdocs\pruebasPosta\views\LocalidadesView.php
C:\xampp\htdocs\pruebasPosta\views\Login.php
C:\xampp\htdocs\pruebasPosta\views\LotesDelete.php
C:\xampp\htdocs\pruebasPosta\views\LotesEdit.php
C:\xampp\htdocs\pruebasPosta\views\LotesGrid.php
C:\xampp\htdocs\pruebasPosta\views\LotesList.php
C:\xampp\htdocs\pruebasPosta\views\LotesPreview.php
C:\xampp\htdocs\pruebasPosta\views\LotesView.php
C:\xampp\htdocs\pruebasPosta\views\MedpagoAdd.php
C:\xampp\htdocs\pruebasPosta\views\MedpagoDelete.php
C:\xampp\htdocs\pruebasPosta\views\MedpagoEdit.php
C:\xampp\htdocs\pruebasPosta\views\MedpagoList.php
C:\xampp\htdocs\pruebasPosta\views\MedpagoView.php
C:\xampp\htdocs\pruebasPosta\views\MonedasAdd.php
C:\xampp\htdocs\pruebasPosta\views\MonedasDelete.php
C:\xampp\htdocs\pruebasPosta\views\MonedasEdit.php
C:\xampp\htdocs\pruebasPosta\views\MonedasList.php
C:\xampp\htdocs\pruebasPosta\views\MonedasView.php
C:\xampp\htdocs\pruebasPosta\views\Ncndxconc.php
C:\xampp\htdocs\pruebasPosta\views\Ncndxconci.php
C:\xampp\htdocs\pruebasPosta\views\Ncndxlot.php
C:\xampp\htdocs\pruebasPosta\views\NivelesAdd.php
C:\xampp\htdocs\pruebasPosta\views\NivelesDelete.php
C:\xampp\htdocs\pruebasPosta\views\NivelesEdit.php
C:\xampp\htdocs\pruebasPosta\views\NivelesList.php
C:\xampp\htdocs\pruebasPosta\views\NivelesView.php
C:\xampp\htdocs\pruebasPosta\views\Pagofacturas.php
C:\xampp\htdocs\pruebasPosta\views\PaisesAdd.php
C:\xampp\htdocs\pruebasPosta\views\PaisesDelete.php
C:\xampp\htdocs\pruebasPosta\views\PaisesEdit.php
C:\xampp\htdocs\pruebasPosta\views\PaisesList.php
C:\xampp\htdocs\pruebasPosta\views\PaisesView.php
C:\xampp\htdocs\pruebasPosta\views\PersonalData.php
C:\xampp\htdocs\pruebasPosta\views\ProvinciasAdd.php
C:\xampp\htdocs\pruebasPosta\views\ProvinciasDelete.php
C:\xampp\htdocs\pruebasPosta\views\ProvinciasEdit.php
C:\xampp\htdocs\pruebasPosta\views\ProvinciasList.php
C:\xampp\htdocs\pruebasPosta\views\ProvinciasView.php
C:\xampp\htdocs\pruebasPosta\views\RematesDelete.php
C:\xampp\htdocs\pruebasPosta\views\RematesEdit.php
C:\xampp\htdocs\pruebasPosta\views\RematesList.php
C:\xampp\htdocs\pruebasPosta\views\RematesMaster.php
C:\xampp\htdocs\pruebasPosta\views\RematesView.php
C:\xampp\htdocs\pruebasPosta\views\ResetPassword.php
C:\xampp\htdocs\pruebasPosta\views\RubrosAdd.php
C:\xampp\htdocs\pruebasPosta\views\RubrosDelete.php
C:\xampp\htdocs\pruebasPosta\views\RubrosEdit.php
C:\xampp\htdocs\pruebasPosta\views\RubrosList.php
C:\xampp\htdocs\pruebasPosta\views\RubrosView.php
C:\xampp\htdocs\pruebasPosta\views\SeriesAdd.php
C:\xampp\htdocs\pruebasPosta\views\SeriesDelete.php
C:\xampp\htdocs\pruebasPosta\views\SeriesEdit.php
C:\xampp\htdocs\pruebasPosta\views\SeriesList.php
C:\xampp\htdocs\pruebasPosta\views\SeriesView.php
C:\xampp\htdocs\pruebasPosta\views\TipcompAdd.php
C:\xampp\htdocs\pruebasPosta\views\TipcompDelete.php
C:\xampp\htdocs\pruebasPosta\views\TipcompEdit.php
C:\xampp\htdocs\pruebasPosta\views\TipcompList.php
C:\xampp\htdocs\pruebasPosta\views\TipcompView.php
C:\xampp\htdocs\pruebasPosta\views\TipoentiAdd.php
C:\xampp\htdocs\pruebasPosta\views\TipoentiDelete.php
C:\xampp\htdocs\pruebasPosta\views\TipoentiEdit.php
C:\xampp\htdocs\pruebasPosta\views\TipoentiList.php
C:\xampp\htdocs\pruebasPosta\views\TipoentiView.php
C:\xampp\htdocs\pruebasPosta\views\TipoindustriaAdd.php
C:\xampp\htdocs\pruebasPosta\views\TipoindustriaDelete.php
C:\xampp\htdocs\pruebasPosta\views\TipoindustriaEdit.php
C:\xampp\htdocs\pruebasPosta\views\TipoindustriaList.php
C:\xampp\htdocs\pruebasPosta\views\TipoindustriaView.php
C:\xampp\htdocs\pruebasPosta\views\TipoivaAdd.php
C:\xampp\htdocs\pruebasPosta\views\TipoivaDelete.php
C:\xampp\htdocs\pruebasPosta\views\TipoivaEdit.php
C:\xampp\htdocs\pruebasPosta\views\TipoivaList.php
C:\xampp\htdocs\pruebasPosta\views\TipoivaView.php
C:\xampp\htdocs\pruebasPosta\views\UserlevelpermissionsAdd.php
C:\xampp\htdocs\pruebasPosta\views\UserlevelpermissionsDelete.php
C:\xampp\htdocs\pruebasPosta\views\UserlevelpermissionsEdit.php
C:\xampp\htdocs\pruebasPosta\views\UserlevelpermissionsList.php
C:\xampp\htdocs\pruebasPosta\views\UserlevelpermissionsView.php
C:\xampp\htdocs\pruebasPosta\views\UserlevelsAdd.php
C:\xampp\htdocs\pruebasPosta\views\UserlevelsDelete.php
C:\xampp\htdocs\pruebasPosta\views\UserlevelsEdit.php
C:\xampp\htdocs\pruebasPosta\views\UserlevelsList.php
C:\xampp\htdocs\pruebasPosta\views\UserlevelsView.php
C:\xampp\htdocs\pruebasPosta\views\Userpriv.php
C:\xampp\htdocs\pruebasPosta\views\UsuariosAdd.php
C:\xampp\htdocs\pruebasPosta\views\UsuariosDelete.php
C:\xampp\htdocs\pruebasPosta\views\UsuariosEdit.php
C:\xampp\htdocs\pruebasPosta\views\UsuariosList.php
C:\xampp\htdocs\pruebasPosta\views\UsuariosView.php
C:\xampp\htdocs\pruebasPosta\views\VAfacutxconcI.php
C:\xampp\htdocs\pruebasPosta\views\VAfcautxconc.php
C:\xampp\htdocs\pruebasPosta\views\VAfcautxconcB.php
C:\xampp\htdocs\pruebasPosta\views\VAfcautxlot.php
C:\xampp\htdocs\pruebasPosta\views\VAfcautxlotB.php
C:\xampp\htdocs\pruebasPosta\views\VAfcmanxconc.php
C:\xampp\htdocs\pruebasPosta\views\VAfcmanxlot.php
C:\xampp\htdocs\pruebasPosta\views\VAfcxconcA10.php
C:\xampp\htdocs\pruebasPosta\views\VAfcxloteA10.php
C:\xampp\htdocs\pruebasPosta\views\VAncA4.php
C:\xampp\htdocs\pruebasPosta\views\VAncA6.php
C:\xampp\htdocs\pruebasPosta\views\VAncB4.php
C:\xampp\htdocs\pruebasPosta\views\VAncB6.php
C:\xampp\htdocs\pruebasPosta\views\VAncaut.php
C:\xampp\htdocs\pruebasPosta\views\VAncman.php
C:\xampp\htdocs\pruebasPosta\views\VAndA4.php
C:\xampp\htdocs\pruebasPosta\views\VAndA6.php
C:\xampp\htdocs\pruebasPosta\views\VAndB4.php
C:\xampp\htdocs\pruebasPosta\views\VAndB6.php
C:\xampp\htdocs\pruebasPosta\views\VAndaut.php
C:\xampp\htdocs\pruebasPosta\views\VAndman.php
C:\xampp\htdocs\pruebasPosta\views\VCargaremate.php
C:\xampp\htdocs\pruebasPosta\views\VListaFacncA.php
C:\xampp\htdocs\pruebasPosta\views\VListaFacncB.php
C:\xampp\htdocs\pruebasPosta\views\VModificarRemate.php
C:\xampp\htdocs\pruebasPosta\views\VRecibocob.php
C:\xampp\htdocs\pruebasPosta\views\VRecibocobuna.php
C:\xampp\htdocs\pruebasPosta\views\VWafcautxconcA10.php
C:\xampp\htdocs\pruebasPosta\views\VWancA10.php
C:\xampp\htdocs\pruebasPosta\views\VWcbteint.php
C:\xampp\htdocs\pruebasPosta\views\VWcbteintdev.php
C:\xampp\htdocs\pruebasPosta\views\email.php
C:\xampp\htdocs\pruebasPosta\views\layout.php
C:\xampp\htdocs\pruebasPosta\views\menu.php
C:\xampp\htdocs\pruebasPosta\web.config